[35m[Appium][39m Welcome to Appium v1.8.1
[35m[Appium][39m Non-default server args:
[35m[Appium][39m   port: 53915
[35m[Appium][39m   loglevel: info
[35m[Appium][39m   chromeDriverPort: 53916
[35m[Appium][39m   tmpDir: C:\Users\AV2017~2\AppData\Local\Temp\\Katalon\Appium\Temp1536737314850
[35m[Appium][39m Appium REST http interface listener started on 0.0.0.0:53915
[35m[HTTP][39m [37m-->[39m [37mGET[39m [37m/wd/hub/status[39m
[35m[HTTP][39m [90m{}[39m
[35m[HTTP][39m [37m<-- GET /wd/hub/status [39m[32m200[39m [90m102 ms - 83[39m
[35m[HTTP][39m [90m[39m
[35m[HTTP][39m [37m-->[39m [37mPOST[39m [37m/wd/hub/session[39m
[35m[HTTP][39m [90m{"desiredCapabilities":{"app":"C:\\Users\\AV2017005903\\Documents\\apollo-automation\\7 September.apk","appWaitActivity":"com.*","autoGrantPermissions":true,"deviceId":"6e4df14","deviceName":"OPPO A37f (Android 5.1.1)","fullReset":true,"newCommandTimeout":1800,"noReset":false,"platform":"ANDROID","platformName":"Android","udid":"6e4df14"},"capabilities":{"desiredCapabilities":{"app":"C:\\Users\\AV2017005903\\Documents\\apollo-automation\\7 September.apk","appWaitActivity":"com.*","autoGrantPermissions":true,"deviceId":"6e4df14","deviceName":"OPPO A37f (Android 5.1.1)","fullReset":true,"newCommandTimeout":1800,"noReset":false,"platform":"ANDROID","platformName":"Android","udid":"6e4df14"},"firstMatch":[{"platformName":"android"}]}}[39m
[35m[Appium][39m Could not parse W3C capabilities: 'deviceName' can't be blank. Falling back to JSONWP protocol.
[35m[Appium][39m The following capabilities were provided in the JSONWP desired capabilities that are missing in W3C capabilities: ["app","appWaitActivity","autoGrantPermissions","deviceId","deviceName","fullReset","newCommandTimeout","noReset","platform","platformName","udid"]. Falling back to JSONWP protocol.
[35m[Appium][39m Creating new AndroidDriver (v2.7.0) session
[35m[Appium][39m Capabilities:
[35m[Appium][39m   app: C:\Users\AV2017005903\Documents\apollo-automation\7 September.apk
[35m[Appium][39m   appWaitActivity: com.*
[35m[Appium][39m   autoGrantPermissions: true
[35m[Appium][39m   deviceId: 6e4df14
[35m[Appium][39m   deviceName: OPPO A37f (Android 5.1.1)
[35m[Appium][39m   fullReset: true
[35m[Appium][39m   newCommandTimeout: 1800
[35m[Appium][39m   noReset: false
[35m[Appium][39m   platform: ANDROID
[35m[Appium][39m   platformName: Android
[35m[Appium][39m   udid: 6e4df14
[35m[BaseDriver][39m The following capabilities were provided, but are not recognized by appium: deviceId, platform.
[35m[BaseDriver][39m Session created with session id: 690d1b51-67be-40c4-8871-82383c615e2d
[35m[AndroidDriver][39m Java version is: 1.8.0_181
[35m[ADB][39m Checking whether adb is present
[35m[ADB][39m Found 1 'build-tools' folders under 'C:\Users\AV2017005903\.katalon\tools\android_sdk' (newest first):
[35m[ADB][39m     C:/Users/AV2017005903/.katalon/tools/android_sdk/build-tools/28.0.0
[35m[ADB][39m Using adb.exe from C:\Users\AV2017005903\.katalon\tools\android_sdk\platform-tools\adb.exe
[35m[AndroidDriver][39m Retrieving device list
[35m[AndroidDriver][39m Using device: 6e4df14
[35m[BaseDriver][39m Using local app 'C:\Users\AV2017005903\Documents\apollo-automation\7 September.apk'
[35m[AndroidDriver][39m Starting Android session
[35m[ADB][39m Checking whether aapt is present
[35m[ADB][39m Using aapt.exe from C:\Users\AV2017005903\.katalon\tools\android_sdk\build-tools\28.0.0\aapt.exe
[35m[AndroidDriver][39m setDeviceLanguageCountry requires language or country.
[35m[AndroidDriver][39m Got language: 'null' and country: 'null'
[35m[ADB][39m Getting device platform version
[35m[ADB][39m Using the alternative activity name detection method because of: Could not find apkanalyzer.bat in C:\Users\AV2017005903\.katalon\tools\android_sdk\platform-tools\apkanalyzer.bat,C:\Users\AV2017005903\.katalon\tools\android_sdk\emulator\apkanalyzer.bat,C:\Users\AV2017005903\.katalon\tools\android_sdk\tools\apkanalyzer.bat,C:\Users\AV2017005903\.katalon\tools\android_sdk\tools\bin\apkanalyzer.bat,C:\Users\AV2017005903\.katalon\tools\android_sdk\build-tools\28.0.0\apkanalyzer.bat. Do you have the Android SDK installed at 'C:\Users\AV2017005903\.katalon\tools\android_sdk'?
[35m[ADB][39m Extracting package and launch activity from manifest
[35m[ADB][39m Package name: 'com.btpn.appbisnis.sit'
[35m[ADB][39m Main activity name: 'com.btpn_mpos_rn.react_bridging.splash.SplashActivity'
[35m[ADB][39m com.btpn.appbisnis.sit was not uninstalled, because it was not present on the device
[35m[ADB][39m Successfully extracted 953 strings from 'C:\Users\AV2017005903\Documents\apollo-automation\7 September.apk' resources for '(default)' configuration
[35m[ADB][39m No uiautomator process found to kill, continuing...
[35m[AndroidBootstrap][39m Android bootstrap socket is now connected
[35m[AndroidDriver][39m Screen already unlocked, doing nothing
[35m[Appium][39m New AndroidDriver session created successfully, session 690d1b51-67be-40c4-8871-82383c615e2d added to master session list
[35m[HTTP][39m [37m<-- POST /wd/hub/session [39m[32m200[39m [90m38713 ms - 1152[39m
[35m[HTTP][39m [90m[39m
[35m[HTTP][39m [37m-->[39m [37mGET[39m [37m/wd/hub/status[39m
[35m[HTTP][39m [90m{}[39m
[35m[HTTP][39m [37m<-- GET /wd/hub/status [39m[32m200[39m [90m73 ms - 55[39m
[35m[HTTP][39m [90m[39m
[35m[HTTP][39m [37m-->[39m [37mPOST[39m [37m/wd/hub/session/690d1b51-67be-40c4-8871-82383c615e2d/timeouts[39m
[35m[HTTP][39m [90m{"type":"implicit","ms":30000}[39m
[35m[HTTP][39m [37m<-- POST /wd/hub/session/690d1b51-67be-40c4-8871-82383c615e2d/timeouts [39m[33m400[39m [90m17 ms - 5532[39m
[35m[HTTP][39m [90m[39m
[35m[HTTP][39m [37m-->[39m [37mPOST[39m [37m/wd/hub/session/690d1b51-67be-40c4-8871-82383c615e2d/touch/perform[39m
[35m[HTTP][39m [90m{"actions":[{"action":"longPress","options":{"x":550,"y":300}},{"action":"moveTo","options":{"x":100,"y":300}},{"action":"release","options":{}}]}[39m
[35m[HTTP][39m [37m<-- POST /wd/hub/session/690d1b51-67be-40c4-8871-82383c615e2d/touch/perform [39m[32m200[39m [90m2987 ms - 76[39m
[35m[HTTP][39m [90m[39m
[35m[HTTP][39m [37m-->[39m [37mPOST[39m [37m/wd/hub/session/690d1b51-67be-40c4-8871-82383c615e2d/touch/perform[39m
[35m[HTTP][39m [90m{"actions":[{"action":"longPress","options":{"x":550,"y":300}},{"action":"moveTo","options":{"x":100,"y":300}},{"action":"release","options":{}}]}[39m
[35m[HTTP][39m [37m<-- POST /wd/hub/session/690d1b51-67be-40c4-8871-82383c615e2d/touch/perform [39m[32m200[39m [90m2724 ms - 76[39m
[35m[HTTP][39m [90m[39m
[35m[HTTP][39m [37m-->[39m [37mPOST[39m [37m/wd/hub/session/690d1b51-67be-40c4-8871-82383c615e2d/touch/perform[39m
[35m[HTTP][39m [90m{"actions":[{"action":"longPress","options":{"x":550,"y":300}},{"action":"moveTo","options":{"x":100,"y":300}},{"action":"release","options":{}}]}[39m
[35m[HTTP][39m [37m<-- POST /wd/hub/session/690d1b51-67be-40c4-8871-82383c615e2d/touch/perform [39m[32m200[39m [90m2920 ms - 76[39m
[35m[HTTP][39m [90m[39m
[35m[HTTP][39m [37m-->[39m [37mPOST[39m [37m/wd/hub/session/690d1b51-67be-40c4-8871-82383c615e2d/touch/perform[39m
[35m[HTTP][39m [90m{"actions":[{"action":"longPress","options":{"x":550,"y":300}},{"action":"moveTo","options":{"x":100,"y":300}},{"action":"release","options":{}}]}[39m
[35m[HTTP][39m [37m<-- POST /wd/hub/session/690d1b51-67be-40c4-8871-82383c615e2d/touch/perform [39m[32m200[39m [90m2756 ms - 76[39m
[35m[HTTP][39m [90m[39m
[35m[HTTP][39m [37m-->[39m [37mGET[39m [37m/wd/hub/session/690d1b51-67be-40c4-8871-82383c615e2d/window/current/size[39m
[35m[HTTP][39m [90m{}[39m
[35m[HTTP][39m [37m<-- GET /wd/hub/session/690d1b51-67be-40c4-8871-82383c615e2d/window/current/size [39m[32m200[39m [90m19 ms - 99[39m
[35m[HTTP][39m [90m[39m
[35m[HTTP][39m [37m-->[39m [37mPOST[39m [37m/wd/hub/session/690d1b51-67be-40c4-8871-82383c615e2d/elements[39m
[35m[HTTP][39m [90m{"using":"-android uiautomator","value":"new UiSelector().description(\"start_button_touch\")"}[39m
[35m[HTTP][39m [37m<-- POST /wd/hub/session/690d1b51-67be-40c4-8871-82383c615e2d/elements [39m[32m200[39m [90m1463 ms - 89[39m
[35m[HTTP][39m [90m[39m
[35m[HTTP][39m [37m-->[39m [37mGET[39m [37m/wd/hub/session/690d1b51-67be-40c4-8871-82383c615e2d[39m
[35m[HTTP][39m [90m{}[39m
[35m[HTTP][39m [37m<-- GET /wd/hub/session/690d1b51-67be-40c4-8871-82383c615e2d [39m[32m200[39m [90m12 ms - 1152[39m
[35m[HTTP][39m [90m[39m
[35m[HTTP][39m [37m-->[39m [37mGET[39m [37m/wd/hub/session/690d1b51-67be-40c4-8871-82383c615e2d[39m
[35m[HTTP][39m [90m{}[39m
[35m[HTTP][39m [37m<-- GET /wd/hub/session/690d1b51-67be-40c4-8871-82383c615e2d [39m[32m200[39m [90m11 ms - 1152[39m
[35m[HTTP][39m [90m[39m
[35m[HTTP][39m [37m-->[39m [37mGET[39m [37m/wd/hub/session/690d1b51-67be-40c4-8871-82383c615e2d[39m
[35m[HTTP][39m [90m{}[39m
[35m[HTTP][39m [37m<-- GET /wd/hub/session/690d1b51-67be-40c4-8871-82383c615e2d [39m[32m200[39m [90m8 ms - 1152[39m
[35m[HTTP][39m [90m[39m
[35m[HTTP][39m [37m-->[39m [37mGET[39m [37m/wd/hub/session/690d1b51-67be-40c4-8871-82383c615e2d[39m
[35m[HTTP][39m [90m{}[39m
[35m[HTTP][39m [37m<-- GET /wd/hub/session/690d1b51-67be-40c4-8871-82383c615e2d [39m[32m200[39m [90m9 ms - 1152[39m
[35m[HTTP][39m [90m[39m
[35m[HTTP][39m [37m-->[39m [37mGET[39m [37m/wd/hub/session/690d1b51-67be-40c4-8871-82383c615e2d/element/1/location[39m
[35m[HTTP][39m [90m{}[39m
[35m[HTTP][39m [37m<-- GET /wd/hub/session/690d1b51-67be-40c4-8871-82383c615e2d/element/1/location [39m[32m200[39m [90m2399 ms - 89[39m
[35m[HTTP][39m [90m[39m
[35m[HTTP][39m [37m-->[39m [37mGET[39m [37m/wd/hub/session/690d1b51-67be-40c4-8871-82383c615e2d/window/current/size[39m
[35m[HTTP][39m [90m{}[39m
[35m[HTTP][39m [37m<-- GET /wd/hub/session/690d1b51-67be-40c4-8871-82383c615e2d/window/current/size [39m[32m200[39m [90m18 ms - 99[39m
[35m[HTTP][39m [90m[39m
[35m[HTTP][39m [37m-->[39m [37mPOST[39m [37m/wd/hub/session/690d1b51-67be-40c4-8871-82383c615e2d/elements[39m
[35m[HTTP][39m [90m{"using":"-android uiautomator","value":"new UiSelector().description(\"start_button_touch\")"}[39m
[35m[HTTP][39m [37m<-- POST /wd/hub/session/690d1b51-67be-40c4-8871-82383c615e2d/elements [39m[32m200[39m [90m1719 ms - 89[39m
[35m[HTTP][39m [90m[39m
[35m[HTTP][39m [37m-->[39m [37mGET[39m [37m/wd/hub/session/690d1b51-67be-40c4-8871-82383c615e2d[39m
[35m[HTTP][39m [90m{}[39m
[35m[HTTP][39m [37m<-- GET /wd/hub/session/690d1b51-67be-40c4-8871-82383c615e2d [39m[32m200[39m [90m11 ms - 1152[39m
[35m[HTTP][39m [90m[39m
[35m[HTTP][39m [37m-->[39m [37mGET[39m [37m/wd/hub/session/690d1b51-67be-40c4-8871-82383c615e2d[39m
[35m[HTTP][39m [90m{}[39m
[35m[HTTP][39m [37m<-- GET /wd/hub/session/690d1b51-67be-40c4-8871-82383c615e2d [39m[32m200[39m [90m8 ms - 1152[39m
[35m[HTTP][39m [90m[39m
[35m[HTTP][39m [37m-->[39m [37mGET[39m [37m/wd/hub/session/690d1b51-67be-40c4-8871-82383c615e2d[39m
[35m[HTTP][39m [90m{}[39m
[35m[HTTP][39m [37m<-- GET /wd/hub/session/690d1b51-67be-40c4-8871-82383c615e2d [39m[32m200[39m [90m8 ms - 1152[39m
[35m[HTTP][39m [90m[39m
[35m[HTTP][39m [37m-->[39m [37mGET[39m [37m/wd/hub/session/690d1b51-67be-40c4-8871-82383c615e2d[39m
[35m[HTTP][39m [90m{}[39m
[35m[HTTP][39m [37m<-- GET /wd/hub/session/690d1b51-67be-40c4-8871-82383c615e2d [39m[32m200[39m [90m10 ms - 1152[39m
[35m[HTTP][39m [90m[39m
[35m[HTTP][39m [37m-->[39m [37mGET[39m [37m/wd/hub/session/690d1b51-67be-40c4-8871-82383c615e2d/element/2/location[39m
[35m[HTTP][39m [90m{}[39m
[35m[HTTP][39m [37m<-- GET /wd/hub/session/690d1b51-67be-40c4-8871-82383c615e2d/element/2/location [39m[32m200[39m [90m1052 ms - 89[39m
[35m[HTTP][39m [90m[39m
[35m[HTTP][39m [37m-->[39m [37mGET[39m [37m/wd/hub/session/690d1b51-67be-40c4-8871-82383c615e2d/element/2/attribute/name[39m
[35m[HTTP][39m [90m{}[39m
[35m[HTTP][39m [37m<-- GET /wd/hub/session/690d1b51-67be-40c4-8871-82383c615e2d/element/2/attribute/name [39m[32m200[39m [90m1430 ms - 92[39m
[35m[HTTP][39m [90m[39m
[35m[HTTP][39m [37m-->[39m [37mGET[39m [37m/wd/hub/session/690d1b51-67be-40c4-8871-82383c615e2d/window/current/size[39m
[35m[HTTP][39m [90m{}[39m
[35m[HTTP][39m [37m<-- GET /wd/hub/session/690d1b51-67be-40c4-8871-82383c615e2d/window/current/size [39m[32m200[39m [90m24 ms - 99[39m
[35m[HTTP][39m [90m[39m
[35m[HTTP][39m [37m-->[39m [37mPOST[39m [37m/wd/hub/session/690d1b51-67be-40c4-8871-82383c615e2d/elements[39m
[35m[HTTP][39m [90m{"using":"-android uiautomator","value":"new UiSelector().description(\"start_button_touch\")"}[39m
[35m[HTTP][39m [37m<-- POST /wd/hub/session/690d1b51-67be-40c4-8871-82383c615e2d/elements [39m[32m200[39m [90m1495 ms - 89[39m
[35m[HTTP][39m [90m[39m
[35m[HTTP][39m [37m-->[39m [37mGET[39m [37m/wd/hub/session/690d1b51-67be-40c4-8871-82383c615e2d[39m
[35m[HTTP][39m [90m{}[39m
[35m[HTTP][39m [37m<-- GET /wd/hub/session/690d1b51-67be-40c4-8871-82383c615e2d [39m[32m200[39m [90m8 ms - 1152[39m
[35m[HTTP][39m [90m[39m
[35m[HTTP][39m [37m-->[39m [37mGET[39m [37m/wd/hub/session/690d1b51-67be-40c4-8871-82383c615e2d[39m
[35m[HTTP][39m [90m{}[39m
[35m[HTTP][39m [37m<-- GET /wd/hub/session/690d1b51-67be-40c4-8871-82383c615e2d [39m[32m200[39m [90m11 ms - 1152[39m
[35m[HTTP][39m [90m[39m
[35m[HTTP][39m [37m-->[39m [37mGET[39m [37m/wd/hub/session/690d1b51-67be-40c4-8871-82383c615e2d[39m
[35m[HTTP][39m [90m{}[39m
[35m[HTTP][39m [37m<-- GET /wd/hub/session/690d1b51-67be-40c4-8871-82383c615e2d [39m[32m200[39m [90m9 ms - 1152[39m
[35m[HTTP][39m [90m[39m
[35m[HTTP][39m [37m-->[39m [37mGET[39m [37m/wd/hub/session/690d1b51-67be-40c4-8871-82383c615e2d[39m
[35m[HTTP][39m [90m{}[39m
[35m[HTTP][39m [37m<-- GET /wd/hub/session/690d1b51-67be-40c4-8871-82383c615e2d [39m[32m200[39m [90m9 ms - 1152[39m
[35m[HTTP][39m [90m[39m
[35m[HTTP][39m [37m-->[39m [37mGET[39m [37m/wd/hub/session/690d1b51-67be-40c4-8871-82383c615e2d/element/3/location[39m
[35m[HTTP][39m [90m{}[39m
[35m[HTTP][39m [37m<-- GET /wd/hub/session/690d1b51-67be-40c4-8871-82383c615e2d/element/3/location [39m[32m200[39m [90m997 ms - 89[39m
[35m[HTTP][39m [90m[39m
[35m[HTTP][39m [37m-->[39m [37mPOST[39m [37m/wd/hub/session/690d1b51-67be-40c4-8871-82383c615e2d/touch/perform[39m
[35m[HTTP][39m [90m{"actions":[{"action":"tap","options":{"element":"3","x":1,"y":1}}]}[39m
[35m[HTTP][39m [37m<-- POST /wd/hub/session/690d1b51-67be-40c4-8871-82383c615e2d/touch/perform [39m[32m200[39m [90m1921 ms - 76[39m
[35m[HTTP][39m [90m[39m
[35m[HTTP][39m [37m-->[39m [37mGET[39m [37m/wd/hub/session/690d1b51-67be-40c4-8871-82383c615e2d/window/current/size[39m
[35m[HTTP][39m [90m{}[39m
[35m[HTTP][39m [37m<-- GET /wd/hub/session/690d1b51-67be-40c4-8871-82383c615e2d/window/current/size [39m[32m200[39m [90m26 ms - 99[39m
[35m[HTTP][39m [90m[39m
[35m[HTTP][39m [37m-->[39m [37mPOST[39m [37m/wd/hub/session/690d1b51-67be-40c4-8871-82383c615e2d/elements[39m
[35m[HTTP][39m [90m{"using":"-android uiautomator","value":"new UiSelector().description(\"LoginNameTextInput\")"}[39m
[35m[HTTP][39m [37m<-- POST /wd/hub/session/690d1b51-67be-40c4-8871-82383c615e2d/elements [39m[32m200[39m [90m6048 ms - 89[39m
[35m[HTTP][39m [90m[39m
[35m[HTTP][39m [37m-->[39m [37mGET[39m [37m/wd/hub/session/690d1b51-67be-40c4-8871-82383c615e2d[39m
[35m[HTTP][39m [90m{}[39m
[35m[HTTP][39m [37m<-- GET /wd/hub/session/690d1b51-67be-40c4-8871-82383c615e2d [39m[32m200[39m [90m9 ms - 1152[39m
[35m[HTTP][39m [90m[39m
[35m[HTTP][39m [37m-->[39m [37mGET[39m [37m/wd/hub/session/690d1b51-67be-40c4-8871-82383c615e2d[39m
[35m[HTTP][39m [90m{}[39m
[35m[HTTP][39m [37m<-- GET /wd/hub/session/690d1b51-67be-40c4-8871-82383c615e2d [39m[32m200[39m [90m10 ms - 1152[39m
[35m[HTTP][39m [90m[39m
[35m[HTTP][39m [37m-->[39m [37mGET[39m [37m/wd/hub/session/690d1b51-67be-40c4-8871-82383c615e2d[39m
[35m[HTTP][39m [90m{}[39m
[35m[HTTP][39m [37m<-- GET /wd/hub/session/690d1b51-67be-40c4-8871-82383c615e2d [39m[32m200[39m [90m10 ms - 1152[39m
[35m[HTTP][39m [90m[39m
[35m[HTTP][39m [37m-->[39m [37mGET[39m [37m/wd/hub/session/690d1b51-67be-40c4-8871-82383c615e2d[39m
[35m[HTTP][39m [90m{}[39m
[35m[HTTP][39m [37m<-- GET /wd/hub/session/690d1b51-67be-40c4-8871-82383c615e2d [39m[32m200[39m [90m9 ms - 1152[39m
[35m[HTTP][39m [90m[39m
[35m[HTTP][39m [37m-->[39m [37mGET[39m [37m/wd/hub/session/690d1b51-67be-40c4-8871-82383c615e2d/element/4/location[39m
[35m[HTTP][39m [90m{}[39m
[35m[HTTP][39m [37m<-- GET /wd/hub/session/690d1b51-67be-40c4-8871-82383c615e2d/element/4/location [39m[32m200[39m [90m1037 ms - 88[39m
[35m[HTTP][39m [90m[39m
[35m[HTTP][39m [37m-->[39m [37mGET[39m [37m/wd/hub/session/690d1b51-67be-40c4-8871-82383c615e2d/window/current/size[39m
[35m[HTTP][39m [90m{}[39m
[35m[HTTP][39m [37m<-- GET /wd/hub/session/690d1b51-67be-40c4-8871-82383c615e2d/window/current/size [39m[32m200[39m [90m12 ms - 99[39m
[35m[HTTP][39m [90m[39m
[35m[HTTP][39m [37m-->[39m [37mPOST[39m [37m/wd/hub/session/690d1b51-67be-40c4-8871-82383c615e2d/elements[39m
[35m[HTTP][39m [90m{"using":"-android uiautomator","value":"new UiSelector().description(\"LoginNameTextInput\")"}[39m
[35m[HTTP][39m [37m<-- POST /wd/hub/session/690d1b51-67be-40c4-8871-82383c615e2d/elements [39m[32m200[39m [90m5023 ms - 89[39m
[35m[HTTP][39m [90m[39m
[35m[HTTP][39m [37m-->[39m [37mGET[39m [37m/wd/hub/session/690d1b51-67be-40c4-8871-82383c615e2d[39m
[35m[HTTP][39m [90m{}[39m
[35m[HTTP][39m [37m<-- GET /wd/hub/session/690d1b51-67be-40c4-8871-82383c615e2d [39m[32m200[39m [90m10 ms - 1152[39m
[35m[HTTP][39m [90m[39m
[35m[HTTP][39m [37m-->[39m [37mGET[39m [37m/wd/hub/session/690d1b51-67be-40c4-8871-82383c615e2d[39m
[35m[HTTP][39m [90m{}[39m
[35m[HTTP][39m [37m<-- GET /wd/hub/session/690d1b51-67be-40c4-8871-82383c615e2d [39m[32m200[39m [90m8 ms - 1152[39m
[35m[HTTP][39m [90m[39m
[35m[HTTP][39m [37m-->[39m [37mGET[39m [37m/wd/hub/session/690d1b51-67be-40c4-8871-82383c615e2d[39m
[35m[HTTP][39m [90m{}[39m
[35m[HTTP][39m [37m<-- GET /wd/hub/session/690d1b51-67be-40c4-8871-82383c615e2d [39m[32m200[39m [90m8 ms - 1152[39m
[35m[HTTP][39m [90m[39m
[35m[HTTP][39m [37m-->[39m [37mGET[39m [37m/wd/hub/session/690d1b51-67be-40c4-8871-82383c615e2d[39m
[35m[HTTP][39m [90m{}[39m
[35m[HTTP][39m [37m<-- GET /wd/hub/session/690d1b51-67be-40c4-8871-82383c615e2d [39m[32m200[39m [90m14 ms - 1152[39m
[35m[HTTP][39m [90m[39m
[35m[HTTP][39m [37m-->[39m [37mGET[39m [37m/wd/hub/session/690d1b51-67be-40c4-8871-82383c615e2d/element/5/location[39m
[35m[HTTP][39m [90m{}[39m
[35m[HTTP][39m [37m<-- GET /wd/hub/session/690d1b51-67be-40c4-8871-82383c615e2d/element/5/location [39m[32m200[39m [90m420 ms - 88[39m
[35m[HTTP][39m [90m[39m
[35m[HTTP][39m [37m-->[39m [37mGET[39m [37m/wd/hub/session/690d1b51-67be-40c4-8871-82383c615e2d/element/5/attribute/name[39m
[35m[HTTP][39m [90m{}[39m
[35m[HTTP][39m [37m<-- GET /wd/hub/session/690d1b51-67be-40c4-8871-82383c615e2d/element/5/attribute/name [39m[32m200[39m [90m1364 ms - 92[39m
[35m[HTTP][39m [90m[39m
[35m[HTTP][39m [37m-->[39m [37mGET[39m [37m/wd/hub/session/690d1b51-67be-40c4-8871-82383c615e2d/window/current/size[39m
[35m[HTTP][39m [90m{}[39m
[35m[HTTP][39m [37m<-- GET /wd/hub/session/690d1b51-67be-40c4-8871-82383c615e2d/window/current/size [39m[32m200[39m [90m26 ms - 99[39m
[35m[HTTP][39m [90m[39m
[35m[HTTP][39m [37m-->[39m [37mPOST[39m [37m/wd/hub/session/690d1b51-67be-40c4-8871-82383c615e2d/elements[39m
[35m[HTTP][39m [90m{"using":"-android uiautomator","value":"new UiSelector().description(\"LoginNameTextInput\")"}[39m
[35m[HTTP][39m [37m<-- POST /wd/hub/session/690d1b51-67be-40c4-8871-82383c615e2d/elements [39m[32m200[39m [90m2089 ms - 89[39m
[35m[HTTP][39m [90m[39m
[35m[HTTP][39m [37m-->[39m [37mGET[39m [37m/wd/hub/session/690d1b51-67be-40c4-8871-82383c615e2d[39m
[35m[HTTP][39m [90m{}[39m
[35m[HTTP][39m [37m<-- GET /wd/hub/session/690d1b51-67be-40c4-8871-82383c615e2d [39m[32m200[39m [90m10 ms - 1152[39m
[35m[HTTP][39m [90m[39m
[35m[HTTP][39m [37m-->[39m [37mGET[39m [37m/wd/hub/session/690d1b51-67be-40c4-8871-82383c615e2d[39m
[35m[HTTP][39m [90m{}[39m
[35m[HTTP][39m [37m<-- GET /wd/hub/session/690d1b51-67be-40c4-8871-82383c615e2d [39m[32m200[39m [90m8 ms - 1152[39m
[35m[HTTP][39m [90m[39m
[35m[HTTP][39m [37m-->[39m [37mGET[39m [37m/wd/hub/session/690d1b51-67be-40c4-8871-82383c615e2d[39m
[35m[HTTP][39m [90m{}[39m
[35m[HTTP][39m [37m<-- GET /wd/hub/session/690d1b51-67be-40c4-8871-82383c615e2d [39m[32m200[39m [90m9 ms - 1152[39m
[35m[HTTP][39m [90m[39m
[35m[HTTP][39m [37m-->[39m [37mGET[39m [37m/wd/hub/session/690d1b51-67be-40c4-8871-82383c615e2d[39m
[35m[HTTP][39m [90m{}[39m
[35m[HTTP][39m [37m<-- GET /wd/hub/session/690d1b51-67be-40c4-8871-82383c615e2d [39m[32m200[39m [90m9 ms - 1152[39m
[35m[HTTP][39m [90m[39m
[35m[HTTP][39m [37m-->[39m [37mGET[39m [37m/wd/hub/session/690d1b51-67be-40c4-8871-82383c615e2d/element/6/location[39m
[35m[HTTP][39m [90m{}[39m
[35m[HTTP][39m [37m<-- GET /wd/hub/session/690d1b51-67be-40c4-8871-82383c615e2d/element/6/location [39m[32m200[39m [90m455 ms - 88[39m
[35m[HTTP][39m [90m[39m
[35m[HTTP][39m [37m-->[39m [37mPOST[39m [37m/wd/hub/session/690d1b51-67be-40c4-8871-82383c615e2d/element/6/clear[39m
[35m[HTTP][39m [90m{"id":"6"}[39m
[35m[HTTP][39m [37m<-- POST /wd/hub/session/690d1b51-67be-40c4-8871-82383c615e2d/element/6/clear [39m[32m200[39m [90m3731 ms - 76[39m
[35m[HTTP][39m [90m[39m
[35m[HTTP][39m [37m-->[39m [37mPOST[39m [37m/wd/hub/session/690d1b51-67be-40c4-8871-82383c615e2d/element/6/value[39m
[35m[HTTP][39m [90m{"id":"6","value":["08112233445567"]}[39m
[35m[HTTP][39m [37m<-- POST /wd/hub/session/690d1b51-67be-40c4-8871-82383c615e2d/element/6/value [39m[32m200[39m [90m11254 ms - 76[39m
[35m[HTTP][39m [90m[39m
[35m[HTTP][39m [37m-->[39m [37mGET[39m [37m/wd/hub/session/690d1b51-67be-40c4-8871-82383c615e2d/context[39m
[35m[HTTP][39m [90m{}[39m
[35m[HTTP][39m [37m<-- GET /wd/hub/session/690d1b51-67be-40c4-8871-82383c615e2d/context [39m[32m200[39m [90m9 ms - 84[39m
[35m[HTTP][39m [90m[39m
[35m[HTTP][39m [37m-->[39m [37mGET[39m [37m/wd/hub/session/690d1b51-67be-40c4-8871-82383c615e2d/contexts[39m
[35m[HTTP][39m [90m{}[39m
[35m[HTTP][39m [37m<-- GET /wd/hub/session/690d1b51-67be-40c4-8871-82383c615e2d/contexts [39m[32m200[39m [90m438 ms - 86[39m
[35m[HTTP][39m [90m[39m
[35m[HTTP][39m [37m-->[39m [37mPOST[39m [37m/wd/hub/session/690d1b51-67be-40c4-8871-82383c615e2d/context[39m
[35m[HTTP][39m [90m{"name":"NATIVE_APP"}[39m
[35m[HTTP][39m [37m<-- POST /wd/hub/session/690d1b51-67be-40c4-8871-82383c615e2d/context [39m[32m200[39m [90m327 ms - 76[39m
[35m[HTTP][39m [90m[39m
[35m[HTTP][39m [37m-->[39m [37mPOST[39m [37m/wd/hub/session/690d1b51-67be-40c4-8871-82383c615e2d/appium/device/hide_keyboard[39m
[35m[HTTP][39m [90m{}[39m
[35m[HTTP][39m [37m<-- POST /wd/hub/session/690d1b51-67be-40c4-8871-82383c615e2d/appium/device/hide_keyboard [39m[32m200[39m [90m1691 ms - 76[39m
[35m[HTTP][39m [90m[39m
[35m[HTTP][39m [37m-->[39m [37mPOST[39m [37m/wd/hub/session/690d1b51-67be-40c4-8871-82383c615e2d/context[39m
[35m[HTTP][39m [90m{"name":"NATIVE_APP"}[39m
[35m[HTTP][39m [37m<-- POST /wd/hub/session/690d1b51-67be-40c4-8871-82383c615e2d/context [39m[32m200[39m [90m317 ms - 76[39m
[35m[HTTP][39m [90m[39m
[35m[HTTP][39m [37m-->[39m [37mGET[39m [37m/wd/hub/session/690d1b51-67be-40c4-8871-82383c615e2d/window/current/size[39m
[35m[HTTP][39m [90m{}[39m
[35m[HTTP][39m [37m<-- GET /wd/hub/session/690d1b51-67be-40c4-8871-82383c615e2d/window/current/size [39m[32m200[39m [90m19 ms - 99[39m
[35m[HTTP][39m [90m[39m
[35m[HTTP][39m [37m-->[39m [37mPOST[39m [37m/wd/hub/session/690d1b51-67be-40c4-8871-82383c615e2d/elements[39m
[35m[HTTP][39m [90m{"using":"-android uiautomator","value":"new UiSelector().description(\"LoginNameTextInput\")"}[39m
[35m[HTTP][39m [37m<-- POST /wd/hub/session/690d1b51-67be-40c4-8871-82383c615e2d/elements [39m[32m200[39m [90m2197 ms - 89[39m
[35m[HTTP][39m [90m[39m
[35m[HTTP][39m [37m-->[39m [37mGET[39m [37m/wd/hub/session/690d1b51-67be-40c4-8871-82383c615e2d[39m
[35m[HTTP][39m [90m{}[39m
[35m[HTTP][39m [37m<-- GET /wd/hub/session/690d1b51-67be-40c4-8871-82383c615e2d [39m[32m200[39m [90m9 ms - 1152[39m
[35m[HTTP][39m [90m[39m
[35m[HTTP][39m [37m-->[39m [37mGET[39m [37m/wd/hub/session/690d1b51-67be-40c4-8871-82383c615e2d[39m
[35m[HTTP][39m [90m{}[39m
[35m[HTTP][39m [37m<-- GET /wd/hub/session/690d1b51-67be-40c4-8871-82383c615e2d [39m[32m200[39m [90m8 ms - 1152[39m
[35m[HTTP][39m [90m[39m
[35m[HTTP][39m [37m-->[39m [37mGET[39m [37m/wd/hub/session/690d1b51-67be-40c4-8871-82383c615e2d[39m
[35m[HTTP][39m [90m{}[39m
[35m[HTTP][39m [37m<-- GET /wd/hub/session/690d1b51-67be-40c4-8871-82383c615e2d [39m[32m200[39m [90m9 ms - 1152[39m
[35m[HTTP][39m [90m[39m
[35m[HTTP][39m [37m-->[39m [37mGET[39m [37m/wd/hub/session/690d1b51-67be-40c4-8871-82383c615e2d[39m
[35m[HTTP][39m [90m{}[39m
[35m[HTTP][39m [37m<-- GET /wd/hub/session/690d1b51-67be-40c4-8871-82383c615e2d [39m[32m200[39m [90m8 ms - 1152[39m
[35m[HTTP][39m [90m[39m
[35m[HTTP][39m [37m-->[39m [37mGET[39m [37m/wd/hub/session/690d1b51-67be-40c4-8871-82383c615e2d/element/7/location[39m
[35m[HTTP][39m [90m{}[39m
[35m[HTTP][39m [37m<-- GET /wd/hub/session/690d1b51-67be-40c4-8871-82383c615e2d/element/7/location [39m[32m200[39m [90m1400 ms - 88[39m
[35m[HTTP][39m [90m[39m
[35m[HTTP][39m [37m-->[39m [37mGET[39m [37m/wd/hub/session/690d1b51-67be-40c4-8871-82383c615e2d/element/7/text[39m
[35m[HTTP][39m [90m{}[39m
[35m[HTTP][39m [37m<-- GET /wd/hub/session/690d1b51-67be-40c4-8871-82383c615e2d/element/7/text [39m[32m200[39m [90m1071 ms - 88[39m
[35m[HTTP][39m [90m[39m
[35m[HTTP][39m [37m-->[39m [37mGET[39m [37m/wd/hub/session/690d1b51-67be-40c4-8871-82383c615e2d/window/current/size[39m
[35m[HTTP][39m [90m{}[39m
[35m[HTTP][39m [37m<-- GET /wd/hub/session/690d1b51-67be-40c4-8871-82383c615e2d/window/current/size [39m[32m200[39m [90m26 ms - 99[39m
[35m[HTTP][39m [90m[39m
[35m[HTTP][39m [37m-->[39m [37mPOST[39m [37m/wd/hub/session/690d1b51-67be-40c4-8871-82383c615e2d/elements[39m
[35m[HTTP][39m [90m{"using":"-android uiautomator","value":"new UiSelector().description(\"LoginJumpNextBtn\")"}[39m
[35m[HTTP][39m [37m<-- POST /wd/hub/session/690d1b51-67be-40c4-8871-82383c615e2d/elements [39m[32m200[39m [90m2850 ms - 89[39m
[35m[HTTP][39m [90m[39m
[35m[HTTP][39m [37m-->[39m [37mGET[39m [37m/wd/hub/session/690d1b51-67be-40c4-8871-82383c615e2d[39m
[35m[HTTP][39m [90m{}[39m
[35m[HTTP][39m [37m<-- GET /wd/hub/session/690d1b51-67be-40c4-8871-82383c615e2d [39m[32m200[39m [90m9 ms - 1152[39m
[35m[HTTP][39m [90m[39m
[35m[HTTP][39m [37m-->[39m [37mGET[39m [37m/wd/hub/session/690d1b51-67be-40c4-8871-82383c615e2d[39m
[35m[HTTP][39m [90m{}[39m
[35m[HTTP][39m [37m<-- GET /wd/hub/session/690d1b51-67be-40c4-8871-82383c615e2d [39m[32m200[39m [90m13 ms - 1152[39m
[35m[HTTP][39m [90m[39m
[35m[HTTP][39m [37m-->[39m [37mGET[39m [37m/wd/hub/session/690d1b51-67be-40c4-8871-82383c615e2d[39m
[35m[HTTP][39m [90m{}[39m
[35m[HTTP][39m [37m<-- GET /wd/hub/session/690d1b51-67be-40c4-8871-82383c615e2d [39m[32m200[39m [90m11 ms - 1152[39m
[35m[HTTP][39m [90m[39m
[35m[HTTP][39m [37m-->[39m [37mGET[39m [37m/wd/hub/session/690d1b51-67be-40c4-8871-82383c615e2d[39m
[35m[HTTP][39m [90m{}[39m
[35m[HTTP][39m [37m<-- GET /wd/hub/session/690d1b51-67be-40c4-8871-82383c615e2d [39m[32m200[39m [90m11 ms - 1152[39m
[35m[HTTP][39m [90m[39m
[35m[HTTP][39m [37m-->[39m [37mGET[39m [37m/wd/hub/session/690d1b51-67be-40c4-8871-82383c615e2d/element/8/location[39m
[35m[HTTP][39m [90m{}[39m
[35m[HTTP][39m [37m<-- GET /wd/hub/session/690d1b51-67be-40c4-8871-82383c615e2d/element/8/location [39m[32m200[39m [90m1000 ms - 88[39m
[35m[HTTP][39m [90m[39m
[35m[HTTP][39m [37m-->[39m [37mGET[39m [37m/wd/hub/session/690d1b51-67be-40c4-8871-82383c615e2d/window/current/size[39m
[35m[HTTP][39m [90m{}[39m
[35m[HTTP][39m [37m<-- GET /wd/hub/session/690d1b51-67be-40c4-8871-82383c615e2d/window/current/size [39m[32m200[39m [90m14 ms - 99[39m
[35m[HTTP][39m [90m[39m
[35m[HTTP][39m [37m-->[39m [37mPOST[39m [37m/wd/hub/session/690d1b51-67be-40c4-8871-82383c615e2d/elements[39m
[35m[HTTP][39m [90m{"using":"-android uiautomator","value":"new UiSelector().description(\"LoginJumpNextBtn\")"}[39m
[35m[HTTP][39m [37m<-- POST /wd/hub/session/690d1b51-67be-40c4-8871-82383c615e2d/elements [39m[32m200[39m [90m1502 ms - 89[39m
[35m[HTTP][39m [90m[39m
[35m[HTTP][39m [37m-->[39m [37mGET[39m [37m/wd/hub/session/690d1b51-67be-40c4-8871-82383c615e2d[39m
[35m[HTTP][39m [90m{}[39m
[35m[HTTP][39m [37m<-- GET /wd/hub/session/690d1b51-67be-40c4-8871-82383c615e2d [39m[32m200[39m [90m8 ms - 1152[39m
[35m[HTTP][39m [90m[39m
[35m[HTTP][39m [37m-->[39m [37mGET[39m [37m/wd/hub/session/690d1b51-67be-40c4-8871-82383c615e2d[39m
[35m[HTTP][39m [90m{}[39m
[35m[HTTP][39m [37m<-- GET /wd/hub/session/690d1b51-67be-40c4-8871-82383c615e2d [39m[32m200[39m [90m10 ms - 1152[39m
[35m[HTTP][39m [90m[39m
[35m[HTTP][39m [37m-->[39m [37mGET[39m [37m/wd/hub/session/690d1b51-67be-40c4-8871-82383c615e2d[39m
[35m[HTTP][39m [90m{}[39m
[35m[HTTP][39m [37m<-- GET /wd/hub/session/690d1b51-67be-40c4-8871-82383c615e2d [39m[32m200[39m [90m11 ms - 1152[39m
[35m[HTTP][39m [90m[39m
[35m[HTTP][39m [37m-->[39m [37mGET[39m [37m/wd/hub/session/690d1b51-67be-40c4-8871-82383c615e2d[39m
[35m[HTTP][39m [90m{}[39m
[35m[HTTP][39m [37m<-- GET /wd/hub/session/690d1b51-67be-40c4-8871-82383c615e2d [39m[32m200[39m [90m9 ms - 1152[39m
[35m[HTTP][39m [90m[39m
[35m[HTTP][39m [37m-->[39m [37mGET[39m [37m/wd/hub/session/690d1b51-67be-40c4-8871-82383c615e2d/element/9/location[39m
[35m[HTTP][39m [90m{}[39m
[35m[HTTP][39m [37m<-- GET /wd/hub/session/690d1b51-67be-40c4-8871-82383c615e2d/element/9/location [39m[32m200[39m [90m2420 ms - 88[39m
[35m[HTTP][39m [90m[39m
[35m[HTTP][39m [37m-->[39m [37mGET[39m [37m/wd/hub/session/690d1b51-67be-40c4-8871-82383c615e2d/element/9/attribute/name[39m
[35m[HTTP][39m [90m{}[39m
[35m[HTTP][39m [37m<-- GET /wd/hub/session/690d1b51-67be-40c4-8871-82383c615e2d/element/9/attribute/name [39m[32m200[39m [90m505 ms - 90[39m
[35m[HTTP][39m [90m[39m
[35m[HTTP][39m [37m-->[39m [37mGET[39m [37m/wd/hub/session/690d1b51-67be-40c4-8871-82383c615e2d/window/current/size[39m
[35m[HTTP][39m [90m{}[39m
[35m[HTTP][39m [37m<-- GET /wd/hub/session/690d1b51-67be-40c4-8871-82383c615e2d/window/current/size [39m[32m200[39m [90m18 ms - 99[39m
[35m[HTTP][39m [90m[39m
[35m[HTTP][39m [37m-->[39m [37mPOST[39m [37m/wd/hub/session/690d1b51-67be-40c4-8871-82383c615e2d/elements[39m
[35m[HTTP][39m [90m{"using":"-android uiautomator","value":"new UiSelector().description(\"LoginJumpNextBtn\")"}[39m
[35m[HTTP][39m [37m<-- POST /wd/hub/session/690d1b51-67be-40c4-8871-82383c615e2d/elements [39m[32m200[39m [90m2394 ms - 90[39m
[35m[HTTP][39m [90m[39m
[35m[HTTP][39m [37m-->[39m [37mGET[39m [37m/wd/hub/session/690d1b51-67be-40c4-8871-82383c615e2d[39m
[35m[HTTP][39m [90m{}[39m
[35m[HTTP][39m [37m<-- GET /wd/hub/session/690d1b51-67be-40c4-8871-82383c615e2d [39m[32m200[39m [90m8 ms - 1152[39m
[35m[HTTP][39m [90m[39m
[35m[HTTP][39m [37m-->[39m [37mGET[39m [37m/wd/hub/session/690d1b51-67be-40c4-8871-82383c615e2d[39m
[35m[HTTP][39m [90m{}[39m
[35m[HTTP][39m [37m<-- GET /wd/hub/session/690d1b51-67be-40c4-8871-82383c615e2d [39m[32m200[39m [90m9 ms - 1152[39m
[35m[HTTP][39m [90m[39m
[35m[HTTP][39m [37m-->[39m [37mGET[39m [37m/wd/hub/session/690d1b51-67be-40c4-8871-82383c615e2d[39m
[35m[HTTP][39m [90m{}[39m
[35m[HTTP][39m [37m<-- GET /wd/hub/session/690d1b51-67be-40c4-8871-82383c615e2d [39m[32m200[39m [90m8 ms - 1152[39m
[35m[HTTP][39m [90m[39m
[35m[HTTP][39m [37m-->[39m [37mGET[39m [37m/wd/hub/session/690d1b51-67be-40c4-8871-82383c615e2d[39m
[35m[HTTP][39m [90m{}[39m
[35m[HTTP][39m [37m<-- GET /wd/hub/session/690d1b51-67be-40c4-8871-82383c615e2d [39m[32m200[39m [90m8 ms - 1152[39m
[35m[HTTP][39m [90m[39m
[35m[HTTP][39m [37m-->[39m [37mGET[39m [37m/wd/hub/session/690d1b51-67be-40c4-8871-82383c615e2d/element/10/location[39m
[35m[HTTP][39m [90m{}[39m
[35m[HTTP][39m [37m<-- GET /wd/hub/session/690d1b51-67be-40c4-8871-82383c615e2d/element/10/location [39m[32m200[39m [90m1010 ms - 88[39m
[35m[HTTP][39m [90m[39m
[35m[HTTP][39m [37m-->[39m [37mPOST[39m [37m/wd/hub/session/690d1b51-67be-40c4-8871-82383c615e2d/touch/perform[39m
[35m[HTTP][39m [90m{"actions":[{"action":"tap","options":{"element":"10","x":1,"y":1}}]}[39m
[35m[HTTP][39m [37m<-- POST /wd/hub/session/690d1b51-67be-40c4-8871-82383c615e2d/touch/perform [39m[32m200[39m [90m1646 ms - 76[39m
[35m[HTTP][39m [90m[39m
[35m[HTTP][39m [37m-->[39m [37mGET[39m [37m/wd/hub/session/690d1b51-67be-40c4-8871-82383c615e2d/window/current/size[39m
[35m[HTTP][39m [90m{}[39m
[35m[HTTP][39m [37m<-- GET /wd/hub/session/690d1b51-67be-40c4-8871-82383c615e2d/window/current/size [39m[32m200[39m [90m40 ms - 99[39m
[35m[HTTP][39m [90m[39m
[35m[HTTP][39m [37m-->[39m [37mPOST[39m [37m/wd/hub/session/690d1b51-67be-40c4-8871-82383c615e2d/elements[39m
[35m[HTTP][39m [90m{"using":"-android uiautomator","value":"new UiSelector().description(\"pinCircleFocus\")"}[39m
[35m[HTTP][39m [37m<-- POST /wd/hub/session/690d1b51-67be-40c4-8871-82383c615e2d/elements [39m[32m200[39m [90m2840 ms - 90[39m
[35m[HTTP][39m [90m[39m
[35m[HTTP][39m [37m-->[39m [37mGET[39m [37m/wd/hub/session/690d1b51-67be-40c4-8871-82383c615e2d[39m
[35m[HTTP][39m [90m{}[39m
[35m[HTTP][39m [37m<-- GET /wd/hub/session/690d1b51-67be-40c4-8871-82383c615e2d [39m[32m200[39m [90m8 ms - 1152[39m
[35m[HTTP][39m [90m[39m
[35m[HTTP][39m [37m-->[39m [37mGET[39m [37m/wd/hub/session/690d1b51-67be-40c4-8871-82383c615e2d[39m
[35m[HTTP][39m [90m{}[39m
[35m[HTTP][39m [37m<-- GET /wd/hub/session/690d1b51-67be-40c4-8871-82383c615e2d [39m[32m200[39m [90m10 ms - 1152[39m
[35m[HTTP][39m [90m[39m
[35m[HTTP][39m [37m-->[39m [37mGET[39m [37m/wd/hub/session/690d1b51-67be-40c4-8871-82383c615e2d[39m
[35m[HTTP][39m [90m{}[39m
[35m[HTTP][39m [37m<-- GET /wd/hub/session/690d1b51-67be-40c4-8871-82383c615e2d [39m[32m200[39m [90m10 ms - 1152[39m
[35m[HTTP][39m [90m[39m
[35m[HTTP][39m [37m-->[39m [37mGET[39m [37m/wd/hub/session/690d1b51-67be-40c4-8871-82383c615e2d[39m
[35m[HTTP][39m [90m{}[39m
[35m[HTTP][39m [37m<-- GET /wd/hub/session/690d1b51-67be-40c4-8871-82383c615e2d [39m[32m200[39m [90m7 ms - 1152[39m
[35m[HTTP][39m [90m[39m
[35m[HTTP][39m [37m-->[39m [37mGET[39m [37m/wd/hub/session/690d1b51-67be-40c4-8871-82383c615e2d/element/11/location[39m
[35m[HTTP][39m [90m{}[39m
[35m[HTTP][39m [37m<-- GET /wd/hub/session/690d1b51-67be-40c4-8871-82383c615e2d/element/11/location [39m[32m200[39m [90m662 ms - 89[39m
[35m[HTTP][39m [90m[39m
[35m[HTTP][39m [37m-->[39m [37mGET[39m [37m/wd/hub/session/690d1b51-67be-40c4-8871-82383c615e2d/window/current/size[39m
[35m[HTTP][39m [90m{}[39m
[35m[HTTP][39m [37m<-- GET /wd/hub/session/690d1b51-67be-40c4-8871-82383c615e2d/window/current/size [39m[32m200[39m [90m24 ms - 99[39m
[35m[HTTP][39m [90m[39m
[35m[HTTP][39m [37m-->[39m [37mPOST[39m [37m/wd/hub/session/690d1b51-67be-40c4-8871-82383c615e2d/elements[39m
[35m[HTTP][39m [90m{"using":"-android uiautomator","value":"new UiSelector().description(\"pinCircleFocus\")"}[39m
[35m[HTTP][39m [37m<-- POST /wd/hub/session/690d1b51-67be-40c4-8871-82383c615e2d/elements [39m[32m200[39m [90m2706 ms - 90[39m
[35m[HTTP][39m [90m[39m
[35m[HTTP][39m [37m-->[39m [37mGET[39m [37m/wd/hub/session/690d1b51-67be-40c4-8871-82383c615e2d[39m
[35m[HTTP][39m [90m{}[39m
[35m[HTTP][39m [37m<-- GET /wd/hub/session/690d1b51-67be-40c4-8871-82383c615e2d [39m[32m200[39m [90m10 ms - 1152[39m
[35m[HTTP][39m [90m[39m
[35m[HTTP][39m [37m-->[39m [37mGET[39m [37m/wd/hub/session/690d1b51-67be-40c4-8871-82383c615e2d[39m
[35m[HTTP][39m [90m{}[39m
[35m[HTTP][39m [37m<-- GET /wd/hub/session/690d1b51-67be-40c4-8871-82383c615e2d [39m[32m200[39m [90m7 ms - 1152[39m
[35m[HTTP][39m [90m[39m
[35m[HTTP][39m [37m-->[39m [37mGET[39m [37m/wd/hub/session/690d1b51-67be-40c4-8871-82383c615e2d[39m
[35m[HTTP][39m [90m{}[39m
[35m[HTTP][39m [37m<-- GET /wd/hub/session/690d1b51-67be-40c4-8871-82383c615e2d [39m[32m200[39m [90m7 ms - 1152[39m
[35m[HTTP][39m [90m[39m
[35m[HTTP][39m [37m-->[39m [37mGET[39m [37m/wd/hub/session/690d1b51-67be-40c4-8871-82383c615e2d[39m
[35m[HTTP][39m [90m{}[39m
[35m[HTTP][39m [37m<-- GET /wd/hub/session/690d1b51-67be-40c4-8871-82383c615e2d [39m[32m200[39m [90m9 ms - 1152[39m
[35m[HTTP][39m [90m[39m
[35m[HTTP][39m [37m-->[39m [37mGET[39m [37m/wd/hub/session/690d1b51-67be-40c4-8871-82383c615e2d/element/12/location[39m
[35m[HTTP][39m [90m{}[39m
[35m[HTTP][39m [37m<-- GET /wd/hub/session/690d1b51-67be-40c4-8871-82383c615e2d/element/12/location [39m[32m200[39m [90m444 ms - 89[39m
[35m[HTTP][39m [90m[39m
[35m[HTTP][39m [37m-->[39m [37mGET[39m [37m/wd/hub/session/690d1b51-67be-40c4-8871-82383c615e2d/element/12/attribute/name[39m
[35m[HTTP][39m [90m{}[39m
[35m[HTTP][39m [37m<-- GET /wd/hub/session/690d1b51-67be-40c4-8871-82383c615e2d/element/12/attribute/name [39m[32m200[39m [90m505 ms - 88[39m
[35m[HTTP][39m [90m[39m
[35m[HTTP][39m [37m-->[39m [37mGET[39m [37m/wd/hub/session/690d1b51-67be-40c4-8871-82383c615e2d/window/current/size[39m
[35m[HTTP][39m [90m{}[39m
[35m[HTTP][39m [37m<-- GET /wd/hub/session/690d1b51-67be-40c4-8871-82383c615e2d/window/current/size [39m[32m200[39m [90m16 ms - 99[39m
[35m[HTTP][39m [90m[39m
[35m[HTTP][39m [37m-->[39m [37mPOST[39m [37m/wd/hub/session/690d1b51-67be-40c4-8871-82383c615e2d/elements[39m
[35m[HTTP][39m [90m{"using":"-android uiautomator","value":"new UiSelector().description(\"pinCircleFocus\")"}[39m
[35m[HTTP][39m [37m<-- POST /wd/hub/session/690d1b51-67be-40c4-8871-82383c615e2d/elements [39m[32m200[39m [90m3043 ms - 90[39m
[35m[HTTP][39m [90m[39m
[35m[HTTP][39m [37m-->[39m [37mGET[39m [37m/wd/hub/session/690d1b51-67be-40c4-8871-82383c615e2d[39m
[35m[HTTP][39m [90m{}[39m
[35m[HTTP][39m [37m<-- GET /wd/hub/session/690d1b51-67be-40c4-8871-82383c615e2d [39m[32m200[39m [90m8 ms - 1152[39m
[35m[HTTP][39m [90m[39m
[35m[HTTP][39m [37m-->[39m [37mGET[39m [37m/wd/hub/session/690d1b51-67be-40c4-8871-82383c615e2d[39m
[35m[HTTP][39m [90m{}[39m
[35m[HTTP][39m [37m<-- GET /wd/hub/session/690d1b51-67be-40c4-8871-82383c615e2d [39m[32m200[39m [90m9 ms - 1152[39m
[35m[HTTP][39m [90m[39m
[35m[HTTP][39m [37m-->[39m [37mGET[39m [37m/wd/hub/session/690d1b51-67be-40c4-8871-82383c615e2d[39m
[35m[HTTP][39m [90m{}[39m
[35m[HTTP][39m [37m<-- GET /wd/hub/session/690d1b51-67be-40c4-8871-82383c615e2d [39m[32m200[39m [90m7 ms - 1152[39m
[35m[HTTP][39m [90m[39m
[35m[HTTP][39m [37m-->[39m [37mGET[39m [37m/wd/hub/session/690d1b51-67be-40c4-8871-82383c615e2d[39m
[35m[HTTP][39m [90m{}[39m
[35m[HTTP][39m [37m<-- GET /wd/hub/session/690d1b51-67be-40c4-8871-82383c615e2d [39m[32m200[39m [90m7 ms - 1152[39m
[35m[HTTP][39m [90m[39m
[35m[HTTP][39m [37m-->[39m [37mGET[39m [37m/wd/hub/session/690d1b51-67be-40c4-8871-82383c615e2d/element/13/location[39m
[35m[HTTP][39m [90m{}[39m
[35m[HTTP][39m [37m<-- GET /wd/hub/session/690d1b51-67be-40c4-8871-82383c615e2d/element/13/location [39m[32m200[39m [90m432 ms - 89[39m
[35m[HTTP][39m [90m[39m
[35m[HTTP][39m [37m-->[39m [37mPOST[39m [37m/wd/hub/session/690d1b51-67be-40c4-8871-82383c615e2d/touch/perform[39m
[35m[HTTP][39m [90m{"actions":[{"action":"tap","options":{"element":"13","x":1,"y":1}}]}[39m
[35m[HTTP][39m [37m<-- POST /wd/hub/session/690d1b51-67be-40c4-8871-82383c615e2d/touch/perform [39m[32m200[39m [90m1285 ms - 76[39m
[35m[HTTP][39m [90m[39m
[35m[HTTP][39m [37m-->[39m [37mGET[39m [37m/wd/hub/session/690d1b51-67be-40c4-8871-82383c615e2d/window/current/size[39m
[35m[HTTP][39m [90m{}[39m
[35m[HTTP][39m [37m<-- GET /wd/hub/session/690d1b51-67be-40c4-8871-82383c615e2d/window/current/size [39m[32m200[39m [90m21 ms - 99[39m
[35m[HTTP][39m [90m[39m
[35m[HTTP][39m [37m-->[39m [37mPOST[39m [37m/wd/hub/session/690d1b51-67be-40c4-8871-82383c615e2d/elements[39m
[35m[HTTP][39m [90m{"using":"-android uiautomator","value":"new UiSelector().description(\"pinCircleFocus\")"}[39m
[35m[HTTP][39m [37m<-- POST /wd/hub/session/690d1b51-67be-40c4-8871-82383c615e2d/elements [39m[32m200[39m [90m2566 ms - 90[39m
[35m[HTTP][39m [90m[39m
[35m[HTTP][39m [37m-->[39m [37mGET[39m [37m/wd/hub/session/690d1b51-67be-40c4-8871-82383c615e2d[39m
[35m[HTTP][39m [90m{}[39m
[35m[HTTP][39m [37m<-- GET /wd/hub/session/690d1b51-67be-40c4-8871-82383c615e2d [39m[32m200[39m [90m10 ms - 1152[39m
[35m[HTTP][39m [90m[39m
[35m[HTTP][39m [37m-->[39m [37mGET[39m [37m/wd/hub/session/690d1b51-67be-40c4-8871-82383c615e2d[39m
[35m[HTTP][39m [90m{}[39m
[35m[HTTP][39m [37m<-- GET /wd/hub/session/690d1b51-67be-40c4-8871-82383c615e2d [39m[32m200[39m [90m6 ms - 1152[39m
[35m[HTTP][39m [90m[39m
[35m[HTTP][39m [37m-->[39m [37mGET[39m [37m/wd/hub/session/690d1b51-67be-40c4-8871-82383c615e2d[39m
[35m[HTTP][39m [90m{}[39m
[35m[HTTP][39m [37m<-- GET /wd/hub/session/690d1b51-67be-40c4-8871-82383c615e2d [39m[32m200[39m [90m6 ms - 1152[39m
[35m[HTTP][39m [90m[39m
[35m[HTTP][39m [37m-->[39m [37mGET[39m [37m/wd/hub/session/690d1b51-67be-40c4-8871-82383c615e2d[39m
[35m[HTTP][39m [90m{}[39m
[35m[HTTP][39m [37m<-- GET /wd/hub/session/690d1b51-67be-40c4-8871-82383c615e2d [39m[32m200[39m [90m5 ms - 1152[39m
[35m[HTTP][39m [90m[39m
[35m[HTTP][39m [37m-->[39m [37mGET[39m [37m/wd/hub/session/690d1b51-67be-40c4-8871-82383c615e2d/element/14/location[39m
[35m[HTTP][39m [90m{}[39m
[35m[HTTP][39m [37m<-- GET /wd/hub/session/690d1b51-67be-40c4-8871-82383c615e2d/element/14/location [39m[32m200[39m [90m457 ms - 89[39m
[35m[HTTP][39m [90m[39m
[35m[HTTP][39m [37m-->[39m [37mPOST[39m [37m/wd/hub/session/690d1b51-67be-40c4-8871-82383c615e2d/element/14/clear[39m
[35m[HTTP][39m [90m{"id":"14"}[39m
[35m[HTTP][39m [37m<-- POST /wd/hub/session/690d1b51-67be-40c4-8871-82383c615e2d/element/14/clear [39m[32m200[39m [90m7060 ms - 76[39m
[35m[HTTP][39m [90m[39m
[35m[HTTP][39m [37m-->[39m [37mPOST[39m [37m/wd/hub/session/690d1b51-67be-40c4-8871-82383c615e2d/element/14/value[39m
[35m[HTTP][39m [90m{"id":"14","value":["123456"]}[39m
[35m[HTTP][39m [37m<-- POST /wd/hub/session/690d1b51-67be-40c4-8871-82383c615e2d/element/14/value [39m[32m200[39m [90m8369 ms - 76[39m
[35m[HTTP][39m [90m[39m
[35m[HTTP][39m [37m-->[39m [37mGET[39m [37m/wd/hub/session/690d1b51-67be-40c4-8871-82383c615e2d/window/current/size[39m
[35m[HTTP][39m [90m{}[39m
[35m[HTTP][39m [37m<-- GET /wd/hub/session/690d1b51-67be-40c4-8871-82383c615e2d/window/current/size [39m[32m200[39m [90m11 ms - 99[39m
[35m[HTTP][39m [90m[39m
[35m[HTTP][39m [37m-->[39m [37mPOST[39m [37m/wd/hub/session/690d1b51-67be-40c4-8871-82383c615e2d/elements[39m
[35m[HTTP][39m [90m{"using":"-android uiautomator","value":"new UiSelector().description(\"headerBar_button_hamburgerMenu\")"}[39m
[35m[HTTP][39m [37m<-- POST /wd/hub/session/690d1b51-67be-40c4-8871-82383c615e2d/elements [39m[32m200[39m [90m2705 ms - 90[39m
[35m[HTTP][39m [90m[39m
[35m[HTTP][39m [37m-->[39m [37mGET[39m [37m/wd/hub/session/690d1b51-67be-40c4-8871-82383c615e2d[39m
[35m[HTTP][39m [90m{}[39m
[35m[HTTP][39m [37m<-- GET /wd/hub/session/690d1b51-67be-40c4-8871-82383c615e2d [39m[32m200[39m [90m9 ms - 1152[39m
[35m[HTTP][39m [90m[39m
[35m[HTTP][39m [37m-->[39m [37mGET[39m [37m/wd/hub/session/690d1b51-67be-40c4-8871-82383c615e2d[39m
[35m[HTTP][39m [90m{}[39m
[35m[HTTP][39m [37m<-- GET /wd/hub/session/690d1b51-67be-40c4-8871-82383c615e2d [39m[32m200[39m [90m13 ms - 1152[39m
[35m[HTTP][39m [90m[39m
[35m[HTTP][39m [37m-->[39m [37mGET[39m [37m/wd/hub/session/690d1b51-67be-40c4-8871-82383c615e2d[39m
[35m[HTTP][39m [90m{}[39m
[35m[HTTP][39m [37m<-- GET /wd/hub/session/690d1b51-67be-40c4-8871-82383c615e2d [39m[32m200[39m [90m7 ms - 1152[39m
[35m[HTTP][39m [90m[39m
[35m[HTTP][39m [37m-->[39m [37mGET[39m [37m/wd/hub/session/690d1b51-67be-40c4-8871-82383c615e2d[39m
[35m[HTTP][39m [90m{}[39m
[35m[HTTP][39m [37m<-- GET /wd/hub/session/690d1b51-67be-40c4-8871-82383c615e2d [39m[32m200[39m [90m12 ms - 1152[39m
[35m[HTTP][39m [90m[39m
[35m[HTTP][39m [37m-->[39m [37mGET[39m [37m/wd/hub/session/690d1b51-67be-40c4-8871-82383c615e2d/element/15/location[39m
[35m[HTTP][39m [90m{}[39m
[35m[HTTP][39m [37m<-- GET /wd/hub/session/690d1b51-67be-40c4-8871-82383c615e2d/element/15/location [39m[32m200[39m [90m774 ms - 87[39m
[35m[HTTP][39m [90m[39m
[35m[HTTP][39m [37m-->[39m [37mGET[39m [37m/wd/hub/session/690d1b51-67be-40c4-8871-82383c615e2d/window/current/size[39m
[35m[HTTP][39m [90m{}[39m
[35m[HTTP][39m [37m<-- GET /wd/hub/session/690d1b51-67be-40c4-8871-82383c615e2d/window/current/size [39m[32m200[39m [90m17 ms - 99[39m
[35m[HTTP][39m [90m[39m
[35m[HTTP][39m [37m-->[39m [37mPOST[39m [37m/wd/hub/session/690d1b51-67be-40c4-8871-82383c615e2d/elements[39m
[35m[HTTP][39m [90m{"using":"-android uiautomator","value":"new UiSelector().description(\"headerBar_button_hamburgerMenu\")"}[39m
[35m[HTTP][39m [37m<-- POST /wd/hub/session/690d1b51-67be-40c4-8871-82383c615e2d/elements [39m[32m200[39m [90m3213 ms - 90[39m
[35m[HTTP][39m [90m[39m
[35m[HTTP][39m [37m-->[39m [37mGET[39m [37m/wd/hub/session/690d1b51-67be-40c4-8871-82383c615e2d[39m
[35m[HTTP][39m [90m{}[39m
[35m[HTTP][39m [37m<-- GET /wd/hub/session/690d1b51-67be-40c4-8871-82383c615e2d [39m[32m200[39m [90m8 ms - 1152[39m
[35m[HTTP][39m [90m[39m
[35m[HTTP][39m [37m-->[39m [37mGET[39m [37m/wd/hub/session/690d1b51-67be-40c4-8871-82383c615e2d[39m
[35m[HTTP][39m [90m{}[39m
[35m[HTTP][39m [37m<-- GET /wd/hub/session/690d1b51-67be-40c4-8871-82383c615e2d [39m[32m200[39m [90m7 ms - 1152[39m
[35m[HTTP][39m [90m[39m
[35m[HTTP][39m [37m-->[39m [37mGET[39m [37m/wd/hub/session/690d1b51-67be-40c4-8871-82383c615e2d[39m
[35m[HTTP][39m [90m{}[39m
[35m[HTTP][39m [37m<-- GET /wd/hub/session/690d1b51-67be-40c4-8871-82383c615e2d [39m[32m200[39m [90m8 ms - 1152[39m
[35m[HTTP][39m [90m[39m
[35m[HTTP][39m [37m-->[39m [37mGET[39m [37m/wd/hub/session/690d1b51-67be-40c4-8871-82383c615e2d[39m
[35m[HTTP][39m [90m{}[39m
[35m[HTTP][39m [37m<-- GET /wd/hub/session/690d1b51-67be-40c4-8871-82383c615e2d [39m[32m200[39m [90m7 ms - 1152[39m
[35m[HTTP][39m [90m[39m
[35m[HTTP][39m [37m-->[39m [37mGET[39m [37m/wd/hub/session/690d1b51-67be-40c4-8871-82383c615e2d/element/16/location[39m
[35m[HTTP][39m [90m{}[39m
[35m[HTTP][39m [37m<-- GET /wd/hub/session/690d1b51-67be-40c4-8871-82383c615e2d/element/16/location [39m[32m200[39m [90m471 ms - 87[39m
[35m[HTTP][39m [90m[39m
[35m[HTTP][39m [37m-->[39m [37mGET[39m [37m/wd/hub/session/690d1b51-67be-40c4-8871-82383c615e2d/element/16/attribute/name[39m
[35m[HTTP][39m [90m{}[39m
[35m[HTTP][39m [37m<-- GET /wd/hub/session/690d1b51-67be-40c4-8871-82383c615e2d/element/16/attribute/name [39m[32m200[39m [90m549 ms - 104[39m
[35m[HTTP][39m [90m[39m
[35m[HTTP][39m [37m-->[39m [37mGET[39m [37m/wd/hub/session/690d1b51-67be-40c4-8871-82383c615e2d/window/current/size[39m
[35m[HTTP][39m [90m{}[39m
[35m[HTTP][39m [37m<-- GET /wd/hub/session/690d1b51-67be-40c4-8871-82383c615e2d/window/current/size [39m[32m200[39m [90m19 ms - 99[39m
[35m[HTTP][39m [90m[39m
[35m[HTTP][39m [37m-->[39m [37mPOST[39m [37m/wd/hub/session/690d1b51-67be-40c4-8871-82383c615e2d/elements[39m
[35m[HTTP][39m [90m{"using":"-android uiautomator","value":"new UiSelector().description(\"headerBar_button_hamburgerMenu\")"}[39m
[35m[HTTP][39m [37m<-- POST /wd/hub/session/690d1b51-67be-40c4-8871-82383c615e2d/elements [39m[32m200[39m [90m3244 ms - 90[39m
[35m[HTTP][39m [90m[39m
[35m[HTTP][39m [37m-->[39m [37mGET[39m [37m/wd/hub/session/690d1b51-67be-40c4-8871-82383c615e2d[39m
[35m[HTTP][39m [90m{}[39m
[35m[HTTP][39m [37m<-- GET /wd/hub/session/690d1b51-67be-40c4-8871-82383c615e2d [39m[32m200[39m [90m4 ms - 1152[39m
[35m[HTTP][39m [90m[39m
[35m[HTTP][39m [37m-->[39m [37mGET[39m [37m/wd/hub/session/690d1b51-67be-40c4-8871-82383c615e2d[39m
[35m[HTTP][39m [90m{}[39m
[35m[HTTP][39m [37m<-- GET /wd/hub/session/690d1b51-67be-40c4-8871-82383c615e2d [39m[32m200[39m [90m3 ms - 1152[39m
[35m[HTTP][39m [90m[39m
[35m[HTTP][39m [37m-->[39m [37mGET[39m [37m/wd/hub/session/690d1b51-67be-40c4-8871-82383c615e2d[39m
[35m[HTTP][39m [90m{}[39m
[35m[HTTP][39m [37m<-- GET /wd/hub/session/690d1b51-67be-40c4-8871-82383c615e2d [39m[32m200[39m [90m4 ms - 1152[39m
[35m[HTTP][39m [90m[39m
[35m[HTTP][39m [37m-->[39m [37mGET[39m [37m/wd/hub/session/690d1b51-67be-40c4-8871-82383c615e2d[39m
[35m[HTTP][39m [90m{}[39m
[35m[HTTP][39m [37m<-- GET /wd/hub/session/690d1b51-67be-40c4-8871-82383c615e2d [39m[32m200[39m [90m4 ms - 1152[39m
[35m[HTTP][39m [90m[39m
[35m[HTTP][39m [37m-->[39m [37mGET[39m [37m/wd/hub/session/690d1b51-67be-40c4-8871-82383c615e2d/element/17/location[39m
[35m[HTTP][39m [90m{}[39m
[35m[HTTP][39m [37m<-- GET /wd/hub/session/690d1b51-67be-40c4-8871-82383c615e2d/element/17/location [39m[32m200[39m [90m481 ms - 87[39m
[35m[HTTP][39m [90m[39m
[35m[HTTP][39m [37m-->[39m [37mPOST[39m [37m/wd/hub/session/690d1b51-67be-40c4-8871-82383c615e2d/touch/perform[39m
[35m[HTTP][39m [90m{"actions":[{"action":"tap","options":{"element":"17","x":1,"y":1}}]}[39m
[35m[HTTP][39m [37m<-- POST /wd/hub/session/690d1b51-67be-40c4-8871-82383c615e2d/touch/perform [39m[32m200[39m [90m2138 ms - 76[39m
[35m[HTTP][39m [90m[39m
[35m[HTTP][39m [37m-->[39m [37mGET[39m [37m/wd/hub/session/690d1b51-67be-40c4-8871-82383c615e2d/window/current/size[39m
[35m[HTTP][39m [90m{}[39m
[35m[HTTP][39m [37m<-- GET /wd/hub/session/690d1b51-67be-40c4-8871-82383c615e2d/window/current/size [39m[32m200[39m [90m13 ms - 99[39m
[35m[HTTP][39m [90m[39m
[35m[HTTP][39m [37m-->[39m [37mPOST[39m [37m/wd/hub/session/690d1b51-67be-40c4-8871-82383c615e2d/elements[39m
[35m[HTTP][39m [90m{"using":"-android uiautomator","value":"new UiSelector().description(\"aturTokoMenuItem\")"}[39m
[35m[HTTP][39m [37m<-- POST /wd/hub/session/690d1b51-67be-40c4-8871-82383c615e2d/elements [39m[32m200[39m [90m7932 ms - 107[39m
[35m[HTTP][39m [90m[39m
[35m[HTTP][39m [37m-->[39m [37mGET[39m [37m/wd/hub/session/690d1b51-67be-40c4-8871-82383c615e2d[39m
[35m[HTTP][39m [90m{}[39m
[35m[HTTP][39m [37m<-- GET /wd/hub/session/690d1b51-67be-40c4-8871-82383c615e2d [39m[32m200[39m [90m7 ms - 1152[39m
[35m[HTTP][39m [90m[39m
[35m[HTTP][39m [37m-->[39m [37mGET[39m [37m/wd/hub/session/690d1b51-67be-40c4-8871-82383c615e2d[39m
[35m[HTTP][39m [90m{}[39m
[35m[HTTP][39m [37m<-- GET /wd/hub/session/690d1b51-67be-40c4-8871-82383c615e2d [39m[32m200[39m [90m9 ms - 1152[39m
[35m[HTTP][39m [90m[39m
[35m[HTTP][39m [37m-->[39m [37mGET[39m [37m/wd/hub/session/690d1b51-67be-40c4-8871-82383c615e2d[39m
[35m[HTTP][39m [90m{}[39m
[35m[HTTP][39m [37m<-- GET /wd/hub/session/690d1b51-67be-40c4-8871-82383c615e2d [39m[32m200[39m [90m7 ms - 1152[39m
[35m[HTTP][39m [90m[39m
[35m[HTTP][39m [37m-->[39m [37mGET[39m [37m/wd/hub/session/690d1b51-67be-40c4-8871-82383c615e2d[39m
[35m[HTTP][39m [90m{}[39m
[35m[HTTP][39m [37m<-- GET /wd/hub/session/690d1b51-67be-40c4-8871-82383c615e2d [39m[32m200[39m [90m7 ms - 1152[39m
[35m[HTTP][39m [90m[39m
[35m[HTTP][39m [37m-->[39m [37mGET[39m [37m/wd/hub/session/690d1b51-67be-40c4-8871-82383c615e2d[39m
[35m[HTTP][39m [90m{}[39m
[35m[HTTP][39m [37m<-- GET /wd/hub/session/690d1b51-67be-40c4-8871-82383c615e2d [39m[32m200[39m [90m7 ms - 1152[39m
[35m[HTTP][39m [90m[39m
[35m[HTTP][39m [37m-->[39m [37mGET[39m [37m/wd/hub/session/690d1b51-67be-40c4-8871-82383c615e2d[39m
[35m[HTTP][39m [90m{}[39m
[35m[HTTP][39m [37m<-- GET /wd/hub/session/690d1b51-67be-40c4-8871-82383c615e2d [39m[32m200[39m [90m8 ms - 1152[39m
[35m[HTTP][39m [90m[39m
[35m[HTTP][39m [37m-->[39m [37mGET[39m [37m/wd/hub/session/690d1b51-67be-40c4-8871-82383c615e2d[39m
[35m[HTTP][39m [90m{}[39m
[35m[HTTP][39m [37m<-- GET /wd/hub/session/690d1b51-67be-40c4-8871-82383c615e2d [39m[32m200[39m [90m11 ms - 1152[39m
[35m[HTTP][39m [90m[39m
[35m[HTTP][39m [37m-->[39m [37mGET[39m [37m/wd/hub/session/690d1b51-67be-40c4-8871-82383c615e2d[39m
[35m[HTTP][39m [90m{}[39m
[35m[HTTP][39m [37m<-- GET /wd/hub/session/690d1b51-67be-40c4-8871-82383c615e2d [39m[32m200[39m [90m8 ms - 1152[39m
[35m[HTTP][39m [90m[39m
[35m[HTTP][39m [37m-->[39m [37mGET[39m [37m/wd/hub/session/690d1b51-67be-40c4-8871-82383c615e2d/element/18/location[39m
[35m[HTTP][39m [90m{}[39m
[35m[HTTP][39m [37m<-- GET /wd/hub/session/690d1b51-67be-40c4-8871-82383c615e2d/element/18/location [39m[32m200[39m [90m907 ms - 87[39m
[35m[HTTP][39m [90m[39m
[35m[HTTP][39m [37m-->[39m [37mGET[39m [37m/wd/hub/session/690d1b51-67be-40c4-8871-82383c615e2d/element/18/attribute/name[39m
[35m[HTTP][39m [90m{}[39m
[35m[HTTP][39m [37m<-- GET /wd/hub/session/690d1b51-67be-40c4-8871-82383c615e2d/element/18/attribute/name [39m[32m200[39m [90m1115 ms - 90[39m
[35m[HTTP][39m [90m[39m
[35m[HTTP][39m [37m-->[39m [37mGET[39m [37m/wd/hub/session/690d1b51-67be-40c4-8871-82383c615e2d/window/current/size[39m
[35m[HTTP][39m [90m{}[39m
[35m[HTTP][39m [37m<-- GET /wd/hub/session/690d1b51-67be-40c4-8871-82383c615e2d/window/current/size [39m[32m200[39m [90m15 ms - 99[39m
[35m[HTTP][39m [90m[39m
[35m[HTTP][39m [37m-->[39m [37mPOST[39m [37m/wd/hub/session/690d1b51-67be-40c4-8871-82383c615e2d/elements[39m
[35m[HTTP][39m [90m{"using":"-android uiautomator","value":"new UiSelector().description(\"aturTokoMenuItem\")"}[39m
[35m[HTTP][39m [37m<-- POST /wd/hub/session/690d1b51-67be-40c4-8871-82383c615e2d/elements [39m[32m200[39m [90m3950 ms - 107[39m
[35m[HTTP][39m [90m[39m
[35m[HTTP][39m [37m-->[39m [37mGET[39m [37m/wd/hub/session/690d1b51-67be-40c4-8871-82383c615e2d[39m
[35m[HTTP][39m [90m{}[39m
[35m[HTTP][39m [37m<-- GET /wd/hub/session/690d1b51-67be-40c4-8871-82383c615e2d [39m[32m200[39m [90m15 ms - 1152[39m
[35m[HTTP][39m [90m[39m
[35m[HTTP][39m [37m-->[39m [37mGET[39m [37m/wd/hub/session/690d1b51-67be-40c4-8871-82383c615e2d[39m
[35m[HTTP][39m [90m{}[39m
[35m[HTTP][39m [37m<-- GET /wd/hub/session/690d1b51-67be-40c4-8871-82383c615e2d [39m[32m200[39m [90m6 ms - 1152[39m
[35m[HTTP][39m [90m[39m
[35m[HTTP][39m [37m-->[39m [37mGET[39m [37m/wd/hub/session/690d1b51-67be-40c4-8871-82383c615e2d[39m
[35m[HTTP][39m [90m{}[39m
[35m[HTTP][39m [37m<-- GET /wd/hub/session/690d1b51-67be-40c4-8871-82383c615e2d [39m[32m200[39m [90m8 ms - 1152[39m
[35m[HTTP][39m [90m[39m
[35m[HTTP][39m [37m-->[39m [37mGET[39m [37m/wd/hub/session/690d1b51-67be-40c4-8871-82383c615e2d[39m
[35m[HTTP][39m [90m{}[39m
[35m[HTTP][39m [37m<-- GET /wd/hub/session/690d1b51-67be-40c4-8871-82383c615e2d [39m[32m200[39m [90m7 ms - 1152[39m
[35m[HTTP][39m [90m[39m
[35m[HTTP][39m [37m-->[39m [37mGET[39m [37m/wd/hub/session/690d1b51-67be-40c4-8871-82383c615e2d[39m
[35m[HTTP][39m [90m{}[39m
[35m[HTTP][39m [37m<-- GET /wd/hub/session/690d1b51-67be-40c4-8871-82383c615e2d [39m[32m200[39m [90m6 ms - 1152[39m
[35m[HTTP][39m [90m[39m
[35m[HTTP][39m [37m-->[39m [37mGET[39m [37m/wd/hub/session/690d1b51-67be-40c4-8871-82383c615e2d[39m
[35m[HTTP][39m [90m{}[39m
[35m[HTTP][39m [37m<-- GET /wd/hub/session/690d1b51-67be-40c4-8871-82383c615e2d [39m[32m200[39m [90m7 ms - 1152[39m
[35m[HTTP][39m [90m[39m
[35m[HTTP][39m [37m-->[39m [37mGET[39m [37m/wd/hub/session/690d1b51-67be-40c4-8871-82383c615e2d[39m
[35m[HTTP][39m [90m{}[39m
[35m[HTTP][39m [37m<-- GET /wd/hub/session/690d1b51-67be-40c4-8871-82383c615e2d [39m[32m200[39m [90m5 ms - 1152[39m
[35m[HTTP][39m [90m[39m
[35m[HTTP][39m [37m-->[39m [37mGET[39m [37m/wd/hub/session/690d1b51-67be-40c4-8871-82383c615e2d[39m
[35m[HTTP][39m [90m{}[39m
[35m[HTTP][39m [37m<-- GET /wd/hub/session/690d1b51-67be-40c4-8871-82383c615e2d [39m[32m200[39m [90m6 ms - 1152[39m
[35m[HTTP][39m [90m[39m
[35m[HTTP][39m [37m-->[39m [37mGET[39m [37m/wd/hub/session/690d1b51-67be-40c4-8871-82383c615e2d/element/20/location[39m
[35m[HTTP][39m [90m{}[39m
[35m[HTTP][39m [37m<-- GET /wd/hub/session/690d1b51-67be-40c4-8871-82383c615e2d/element/20/location [39m[32m200[39m [90m1724 ms - 87[39m
[35m[HTTP][39m [90m[39m
[35m[HTTP][39m [37m-->[39m [37mPOST[39m [37m/wd/hub/session/690d1b51-67be-40c4-8871-82383c615e2d/touch/perform[39m
[35m[HTTP][39m [90m{"actions":[{"action":"tap","options":{"element":"20","x":1,"y":1}}]}[39m
[35m[HTTP][39m [37m<-- POST /wd/hub/session/690d1b51-67be-40c4-8871-82383c615e2d/touch/perform [39m[32m200[39m [90m2363 ms - 76[39m
[35m[HTTP][39m [90m[39m
[35m[HTTP][39m [37m-->[39m [37mGET[39m [37m/wd/hub/session/690d1b51-67be-40c4-8871-82383c615e2d/window/current/size[39m
[35m[HTTP][39m [90m{}[39m
[35m[HTTP][39m [37m<-- GET /wd/hub/session/690d1b51-67be-40c4-8871-82383c615e2d/window/current/size [39m[32m200[39m [90m9 ms - 99[39m
[35m[HTTP][39m [90m[39m
[35m[HTTP][39m [37m-->[39m [37mPOST[39m [37m/wd/hub/session/690d1b51-67be-40c4-8871-82383c615e2d/elements[39m
[35m[HTTP][39m [90m{"using":"-android uiautomator","value":"new UiSelector().description(\"tokoListScreen_button_edc\")"}[39m
[35m[HTTP][39m [37m<-- POST /wd/hub/session/690d1b51-67be-40c4-8871-82383c615e2d/elements [39m[32m200[39m [90m4545 ms - 90[39m
[35m[HTTP][39m [90m[39m
[35m[HTTP][39m [37m-->[39m [37mGET[39m [37m/wd/hub/session/690d1b51-67be-40c4-8871-82383c615e2d[39m
[35m[HTTP][39m [90m{}[39m
[35m[HTTP][39m [37m<-- GET /wd/hub/session/690d1b51-67be-40c4-8871-82383c615e2d [39m[32m200[39m [90m8 ms - 1152[39m
[35m[HTTP][39m [90m[39m
[35m[HTTP][39m [37m-->[39m [37mGET[39m [37m/wd/hub/session/690d1b51-67be-40c4-8871-82383c615e2d[39m
[35m[HTTP][39m [90m{}[39m
[35m[HTTP][39m [37m<-- GET /wd/hub/session/690d1b51-67be-40c4-8871-82383c615e2d [39m[32m200[39m [90m10 ms - 1152[39m
[35m[HTTP][39m [90m[39m
[35m[HTTP][39m [37m-->[39m [37mGET[39m [37m/wd/hub/session/690d1b51-67be-40c4-8871-82383c615e2d[39m
[35m[HTTP][39m [90m{}[39m
[35m[HTTP][39m [37m<-- GET /wd/hub/session/690d1b51-67be-40c4-8871-82383c615e2d [39m[32m200[39m [90m14 ms - 1152[39m
[35m[HTTP][39m [90m[39m
[35m[HTTP][39m [37m-->[39m [37mGET[39m [37m/wd/hub/session/690d1b51-67be-40c4-8871-82383c615e2d[39m
[35m[HTTP][39m [90m{}[39m
[35m[HTTP][39m [37m<-- GET /wd/hub/session/690d1b51-67be-40c4-8871-82383c615e2d [39m[32m200[39m [90m11 ms - 1152[39m
[35m[HTTP][39m [90m[39m
[35m[HTTP][39m [37m-->[39m [37mGET[39m [37m/wd/hub/session/690d1b51-67be-40c4-8871-82383c615e2d/element/22/location[39m
[35m[HTTP][39m [90m{}[39m
[35m[HTTP][39m [37m<-- GET /wd/hub/session/690d1b51-67be-40c4-8871-82383c615e2d/element/22/location [39m[32m200[39m [90m1001 ms - 87[39m
[35m[HTTP][39m [90m[39m
[35m[HTTP][39m [37m-->[39m [37mGET[39m [37m/wd/hub/session/690d1b51-67be-40c4-8871-82383c615e2d/element/22/displayed[39m
[35m[HTTP][39m [90m{}[39m
[35m[HTTP][39m [37m<-- GET /wd/hub/session/690d1b51-67be-40c4-8871-82383c615e2d/element/22/displayed [39m[32m200[39m [90m1128 ms - 76[39m
[35m[HTTP][39m [90m[39m
[35m[HTTP][39m [37m-->[39m [37mGET[39m [37m/wd/hub/session/690d1b51-67be-40c4-8871-82383c615e2d/window/current/size[39m
[35m[HTTP][39m [90m{}[39m
[35m[HTTP][39m [37m<-- GET /wd/hub/session/690d1b51-67be-40c4-8871-82383c615e2d/window/current/size [39m[32m200[39m [90m12 ms - 99[39m
[35m[HTTP][39m [90m[39m
[35m[HTTP][39m [37m-->[39m [37mPOST[39m [37m/wd/hub/session/690d1b51-67be-40c4-8871-82383c615e2d/elements[39m
[35m[HTTP][39m [90m{"using":"-android uiautomator","value":"new UiSelector().description(\"tokoListScreen_button_edc\")"}[39m
[35m[HTTP][39m [37m<-- POST /wd/hub/session/690d1b51-67be-40c4-8871-82383c615e2d/elements [39m[32m200[39m [90m1513 ms - 90[39m
[35m[HTTP][39m [90m[39m
[35m[HTTP][39m [37m-->[39m [37mGET[39m [37m/wd/hub/session/690d1b51-67be-40c4-8871-82383c615e2d[39m
[35m[HTTP][39m [90m{}[39m
[35m[HTTP][39m [37m<-- GET /wd/hub/session/690d1b51-67be-40c4-8871-82383c615e2d [39m[32m200[39m [90m9 ms - 1152[39m
[35m[HTTP][39m [90m[39m
[35m[HTTP][39m [37m-->[39m [37mGET[39m [37m/wd/hub/session/690d1b51-67be-40c4-8871-82383c615e2d[39m
[35m[HTTP][39m [90m{}[39m
[35m[HTTP][39m [37m<-- GET /wd/hub/session/690d1b51-67be-40c4-8871-82383c615e2d [39m[32m200[39m [90m7 ms - 1152[39m
[35m[HTTP][39m [90m[39m
[35m[HTTP][39m [37m-->[39m [37mGET[39m [37m/wd/hub/session/690d1b51-67be-40c4-8871-82383c615e2d[39m
[35m[HTTP][39m [90m{}[39m
[35m[HTTP][39m [37m<-- GET /wd/hub/session/690d1b51-67be-40c4-8871-82383c615e2d [39m[32m200[39m [90m6 ms - 1152[39m
[35m[HTTP][39m [90m[39m
[35m[HTTP][39m [37m-->[39m [37mGET[39m [37m/wd/hub/session/690d1b51-67be-40c4-8871-82383c615e2d[39m
[35m[HTTP][39m [90m{}[39m
[35m[HTTP][39m [37m<-- GET /wd/hub/session/690d1b51-67be-40c4-8871-82383c615e2d [39m[32m200[39m [90m6 ms - 1152[39m
[35m[HTTP][39m [90m[39m
[35m[HTTP][39m [37m-->[39m [37mGET[39m [37m/wd/hub/session/690d1b51-67be-40c4-8871-82383c615e2d/element/23/location[39m
[35m[HTTP][39m [90m{}[39m
[35m[HTTP][39m [37m<-- GET /wd/hub/session/690d1b51-67be-40c4-8871-82383c615e2d/element/23/location [39m[32m200[39m [90m1348 ms - 87[39m
[35m[HTTP][39m [90m[39m
[35m[HTTP][39m [37m-->[39m [37mGET[39m [37m/wd/hub/session/690d1b51-67be-40c4-8871-82383c615e2d/element/23/attribute/name[39m
[35m[HTTP][39m [90m{}[39m
[35m[HTTP][39m [37m<-- GET /wd/hub/session/690d1b51-67be-40c4-8871-82383c615e2d/element/23/attribute/name [39m[32m200[39m [90m1056 ms - 99[39m
[35m[HTTP][39m [90m[39m
[35m[HTTP][39m [37m-->[39m [37mGET[39m [37m/wd/hub/session/690d1b51-67be-40c4-8871-82383c615e2d/window/current/size[39m
[35m[HTTP][39m [90m{}[39m
[35m[HTTP][39m [37m<-- GET /wd/hub/session/690d1b51-67be-40c4-8871-82383c615e2d/window/current/size [39m[32m200[39m [90m20 ms - 99[39m
[35m[HTTP][39m [90m[39m
[35m[HTTP][39m [37m-->[39m [37mPOST[39m [37m/wd/hub/session/690d1b51-67be-40c4-8871-82383c615e2d/elements[39m
[35m[HTTP][39m [90m{"using":"-android uiautomator","value":"new UiSelector().description(\"tokoListScreen_button_printer\")"}[39m
[35m[HTTP][39m [37m<-- POST /wd/hub/session/690d1b51-67be-40c4-8871-82383c615e2d/elements [39m[32m200[39m [90m3021 ms - 90[39m
[35m[HTTP][39m [90m[39m
[35m[HTTP][39m [37m-->[39m [37mGET[39m [37m/wd/hub/session/690d1b51-67be-40c4-8871-82383c615e2d[39m
[35m[HTTP][39m [90m{}[39m
[35m[HTTP][39m [37m<-- GET /wd/hub/session/690d1b51-67be-40c4-8871-82383c615e2d [39m[32m200[39m [90m2 ms - 1152[39m
[35m[HTTP][39m [90m[39m
[35m[HTTP][39m [37m-->[39m [37mGET[39m [37m/wd/hub/session/690d1b51-67be-40c4-8871-82383c615e2d[39m
[35m[HTTP][39m [90m{}[39m
[35m[HTTP][39m [37m<-- GET /wd/hub/session/690d1b51-67be-40c4-8871-82383c615e2d [39m[32m200[39m [90m3 ms - 1152[39m
[35m[HTTP][39m [90m[39m
[35m[HTTP][39m [37m-->[39m [37mGET[39m [37m/wd/hub/session/690d1b51-67be-40c4-8871-82383c615e2d[39m
[35m[HTTP][39m [90m{}[39m
[35m[HTTP][39m [37m<-- GET /wd/hub/session/690d1b51-67be-40c4-8871-82383c615e2d [39m[32m200[39m [90m3 ms - 1152[39m
[35m[HTTP][39m [90m[39m
[35m[HTTP][39m [37m-->[39m [37mGET[39m [37m/wd/hub/session/690d1b51-67be-40c4-8871-82383c615e2d[39m
[35m[HTTP][39m [90m{}[39m
[35m[HTTP][39m [37m<-- GET /wd/hub/session/690d1b51-67be-40c4-8871-82383c615e2d [39m[32m200[39m [90m2 ms - 1152[39m
[35m[HTTP][39m [90m[39m
[35m[HTTP][39m [37m-->[39m [37mGET[39m [37m/wd/hub/session/690d1b51-67be-40c4-8871-82383c615e2d/element/24/location[39m
[35m[HTTP][39m [90m{}[39m
[35m[HTTP][39m [37m<-- GET /wd/hub/session/690d1b51-67be-40c4-8871-82383c615e2d/element/24/location [39m[32m200[39m [90m486 ms - 87[39m
[35m[HTTP][39m [90m[39m
[35m[HTTP][39m [37m-->[39m [37mGET[39m [37m/wd/hub/session/690d1b51-67be-40c4-8871-82383c615e2d/element/24/displayed[39m
[35m[HTTP][39m [90m{}[39m
[35m[HTTP][39m [37m<-- GET /wd/hub/session/690d1b51-67be-40c4-8871-82383c615e2d/element/24/displayed [39m[32m200[39m [90m545 ms - 76[39m
[35m[HTTP][39m [90m[39m
[35m[HTTP][39m [37m-->[39m [37mGET[39m [37m/wd/hub/session/690d1b51-67be-40c4-8871-82383c615e2d/window/current/size[39m
[35m[HTTP][39m [90m{}[39m
[35m[HTTP][39m [37m<-- GET /wd/hub/session/690d1b51-67be-40c4-8871-82383c615e2d/window/current/size [39m[32m200[39m [90m21 ms - 99[39m
[35m[HTTP][39m [90m[39m
[35m[HTTP][39m [37m-->[39m [37mPOST[39m [37m/wd/hub/session/690d1b51-67be-40c4-8871-82383c615e2d/elements[39m
[35m[HTTP][39m [90m{"using":"-android uiautomator","value":"new UiSelector().description(\"tokoListScreen_button_printer\")"}[39m
[35m[HTTP][39m [37m<-- POST /wd/hub/session/690d1b51-67be-40c4-8871-82383c615e2d/elements [39m[32m200[39m [90m2946 ms - 90[39m
[35m[HTTP][39m [90m[39m
[35m[HTTP][39m [37m-->[39m [37mGET[39m [37m/wd/hub/session/690d1b51-67be-40c4-8871-82383c615e2d[39m
[35m[HTTP][39m [90m{}[39m
[35m[HTTP][39m [37m<-- GET /wd/hub/session/690d1b51-67be-40c4-8871-82383c615e2d [39m[32m200[39m [90m12 ms - 1152[39m
[35m[HTTP][39m [90m[39m
[35m[HTTP][39m [37m-->[39m [37mGET[39m [37m/wd/hub/session/690d1b51-67be-40c4-8871-82383c615e2d[39m
[35m[HTTP][39m [90m{}[39m
[35m[HTTP][39m [37m<-- GET /wd/hub/session/690d1b51-67be-40c4-8871-82383c615e2d [39m[32m200[39m [90m6 ms - 1152[39m
[35m[HTTP][39m [90m[39m
[35m[HTTP][39m [37m-->[39m [37mGET[39m [37m/wd/hub/session/690d1b51-67be-40c4-8871-82383c615e2d[39m
[35m[HTTP][39m [90m{}[39m
[35m[HTTP][39m [37m<-- GET /wd/hub/session/690d1b51-67be-40c4-8871-82383c615e2d [39m[32m200[39m [90m10 ms - 1152[39m
[35m[HTTP][39m [90m[39m
[35m[HTTP][39m [37m-->[39m [37mGET[39m [37m/wd/hub/session/690d1b51-67be-40c4-8871-82383c615e2d[39m
[35m[HTTP][39m [90m{}[39m
[35m[HTTP][39m [37m<-- GET /wd/hub/session/690d1b51-67be-40c4-8871-82383c615e2d [39m[32m200[39m [90m4 ms - 1152[39m
[35m[HTTP][39m [90m[39m
[35m[HTTP][39m [37m-->[39m [37mGET[39m [37m/wd/hub/session/690d1b51-67be-40c4-8871-82383c615e2d/element/25/location[39m
[35m[HTTP][39m [90m{}[39m
[35m[HTTP][39m [37m<-- GET /wd/hub/session/690d1b51-67be-40c4-8871-82383c615e2d/element/25/location [39m[32m200[39m [90m458 ms - 87[39m
[35m[HTTP][39m [90m[39m
[35m[HTTP][39m [37m-->[39m [37mGET[39m [37m/wd/hub/session/690d1b51-67be-40c4-8871-82383c615e2d/element/25/attribute/name[39m
[35m[HTTP][39m [90m{}[39m
[35m[HTTP][39m [37m<-- GET /wd/hub/session/690d1b51-67be-40c4-8871-82383c615e2d/element/25/attribute/name [39m[32m200[39m [90m501 ms - 103[39m
[35m[HTTP][39m [90m[39m
[35m[HTTP][39m [37m-->[39m [37mGET[39m [37m/wd/hub/session/690d1b51-67be-40c4-8871-82383c615e2d/window/current/size[39m
[35m[HTTP][39m [90m{}[39m
[35m[HTTP][39m [37m<-- GET /wd/hub/session/690d1b51-67be-40c4-8871-82383c615e2d/window/current/size [39m[32m200[39m [90m24 ms - 99[39m
[35m[HTTP][39m [90m[39m
[35m[HTTP][39m [37m-->[39m [37mPOST[39m [37m/wd/hub/session/690d1b51-67be-40c4-8871-82383c615e2d/elements[39m
[35m[HTTP][39m [90m{"using":"-android uiautomator","value":"new UiSelector().description(\"tokoListScreen_button_edc\")"}[39m
[35m[HTTP][39m [37m<-- POST /wd/hub/session/690d1b51-67be-40c4-8871-82383c615e2d/elements [39m[32m200[39m [90m3462 ms - 90[39m
[35m[HTTP][39m [90m[39m
[35m[HTTP][39m [37m-->[39m [37mGET[39m [37m/wd/hub/session/690d1b51-67be-40c4-8871-82383c615e2d[39m
[35m[HTTP][39m [90m{}[39m
[35m[HTTP][39m [37m<-- GET /wd/hub/session/690d1b51-67be-40c4-8871-82383c615e2d [39m[32m200[39m [90m10 ms - 1152[39m
[35m[HTTP][39m [90m[39m
[35m[HTTP][39m [37m-->[39m [37mGET[39m [37m/wd/hub/session/690d1b51-67be-40c4-8871-82383c615e2d[39m
[35m[HTTP][39m [90m{}[39m
[35m[HTTP][39m [37m<-- GET /wd/hub/session/690d1b51-67be-40c4-8871-82383c615e2d [39m[32m200[39m [90m9 ms - 1152[39m
[35m[HTTP][39m [90m[39m
[35m[HTTP][39m [37m-->[39m [37mGET[39m [37m/wd/hub/session/690d1b51-67be-40c4-8871-82383c615e2d[39m
[35m[HTTP][39m [90m{}[39m
[35m[HTTP][39m [37m<-- GET /wd/hub/session/690d1b51-67be-40c4-8871-82383c615e2d [39m[32m200[39m [90m8 ms - 1152[39m
[35m[HTTP][39m [90m[39m
[35m[HTTP][39m [37m-->[39m [37mGET[39m [37m/wd/hub/session/690d1b51-67be-40c4-8871-82383c615e2d[39m
[35m[HTTP][39m [90m{}[39m
[35m[HTTP][39m [37m<-- GET /wd/hub/session/690d1b51-67be-40c4-8871-82383c615e2d [39m[32m200[39m [90m11 ms - 1152[39m
[35m[HTTP][39m [90m[39m
[35m[HTTP][39m [37m-->[39m [37mGET[39m [37m/wd/hub/session/690d1b51-67be-40c4-8871-82383c615e2d/element/26/location[39m
[35m[HTTP][39m [90m{}[39m
[35m[HTTP][39m [37m<-- GET /wd/hub/session/690d1b51-67be-40c4-8871-82383c615e2d/element/26/location [39m[32m200[39m [90m447 ms - 87[39m
[35m[HTTP][39m [90m[39m
[35m[HTTP][39m [37m-->[39m [37mGET[39m [37m/wd/hub/session/690d1b51-67be-40c4-8871-82383c615e2d/window/current/size[39m
[35m[HTTP][39m [90m{}[39m
[35m[HTTP][39m [37m<-- GET /wd/hub/session/690d1b51-67be-40c4-8871-82383c615e2d/window/current/size [39m[32m200[39m [90m17 ms - 99[39m
[35m[HTTP][39m [90m[39m
[35m[HTTP][39m [37m-->[39m [37mPOST[39m [37m/wd/hub/session/690d1b51-67be-40c4-8871-82383c615e2d/elements[39m
[35m[HTTP][39m [90m{"using":"-android uiautomator","value":"new UiSelector().description(\"tokoListScreen_button_edc\")"}[39m
[35m[HTTP][39m [37m<-- POST /wd/hub/session/690d1b51-67be-40c4-8871-82383c615e2d/elements [39m[32m200[39m [90m2952 ms - 90[39m
[35m[HTTP][39m [90m[39m
[35m[HTTP][39m [37m-->[39m [37mGET[39m [37m/wd/hub/session/690d1b51-67be-40c4-8871-82383c615e2d[39m
[35m[HTTP][39m [90m{}[39m
[35m[HTTP][39m [37m<-- GET /wd/hub/session/690d1b51-67be-40c4-8871-82383c615e2d [39m[32m200[39m [90m5 ms - 1152[39m
[35m[HTTP][39m [90m[39m
[35m[HTTP][39m [37m-->[39m [37mGET[39m [37m/wd/hub/session/690d1b51-67be-40c4-8871-82383c615e2d[39m
[35m[HTTP][39m [90m{}[39m
[35m[HTTP][39m [37m<-- GET /wd/hub/session/690d1b51-67be-40c4-8871-82383c615e2d [39m[32m200[39m [90m3 ms - 1152[39m
[35m[HTTP][39m [90m[39m
[35m[HTTP][39m [37m-->[39m [37mGET[39m [37m/wd/hub/session/690d1b51-67be-40c4-8871-82383c615e2d[39m
[35m[HTTP][39m [90m{}[39m
[35m[HTTP][39m [37m<-- GET /wd/hub/session/690d1b51-67be-40c4-8871-82383c615e2d [39m[32m200[39m [90m4 ms - 1152[39m
[35m[HTTP][39m [90m[39m
[35m[HTTP][39m [37m-->[39m [37mGET[39m [37m/wd/hub/session/690d1b51-67be-40c4-8871-82383c615e2d[39m
[35m[HTTP][39m [90m{}[39m
[35m[HTTP][39m [37m<-- GET /wd/hub/session/690d1b51-67be-40c4-8871-82383c615e2d [39m[32m200[39m [90m3 ms - 1152[39m
[35m[HTTP][39m [90m[39m
[35m[HTTP][39m [37m-->[39m [37mGET[39m [37m/wd/hub/session/690d1b51-67be-40c4-8871-82383c615e2d/element/27/location[39m
[35m[HTTP][39m [90m{}[39m
[35m[HTTP][39m [37m<-- GET /wd/hub/session/690d1b51-67be-40c4-8871-82383c615e2d/element/27/location [39m[32m200[39m [90m482 ms - 87[39m
[35m[HTTP][39m [90m[39m
[35m[HTTP][39m [37m-->[39m [37mGET[39m [37m/wd/hub/session/690d1b51-67be-40c4-8871-82383c615e2d/element/27/attribute/name[39m
[35m[HTTP][39m [90m{}[39m
[35m[HTTP][39m [37m<-- GET /wd/hub/session/690d1b51-67be-40c4-8871-82383c615e2d/element/27/attribute/name [39m[32m200[39m [90m509 ms - 99[39m
[35m[HTTP][39m [90m[39m
[35m[HTTP][39m [37m-->[39m [37mGET[39m [37m/wd/hub/session/690d1b51-67be-40c4-8871-82383c615e2d/window/current/size[39m
[35m[HTTP][39m [90m{}[39m
[35m[HTTP][39m [37m<-- GET /wd/hub/session/690d1b51-67be-40c4-8871-82383c615e2d/window/current/size [39m[32m200[39m [90m29 ms - 99[39m
[35m[HTTP][39m [90m[39m
[35m[HTTP][39m [37m-->[39m [37mPOST[39m [37m/wd/hub/session/690d1b51-67be-40c4-8871-82383c615e2d/elements[39m
[35m[HTTP][39m [90m{"using":"-android uiautomator","value":"new UiSelector().description(\"tokoListScreen_button_edc\")"}[39m
[35m[HTTP][39m [37m<-- POST /wd/hub/session/690d1b51-67be-40c4-8871-82383c615e2d/elements [39m[32m200[39m [90m3200 ms - 90[39m
[35m[HTTP][39m [90m[39m
[35m[HTTP][39m [37m-->[39m [37mGET[39m [37m/wd/hub/session/690d1b51-67be-40c4-8871-82383c615e2d[39m
[35m[HTTP][39m [90m{}[39m
[35m[HTTP][39m [37m<-- GET /wd/hub/session/690d1b51-67be-40c4-8871-82383c615e2d [39m[32m200[39m [90m11 ms - 1152[39m
[35m[HTTP][39m [90m[39m
[35m[HTTP][39m [37m-->[39m [37mGET[39m [37m/wd/hub/session/690d1b51-67be-40c4-8871-82383c615e2d[39m
[35m[HTTP][39m [90m{}[39m
[35m[HTTP][39m [37m<-- GET /wd/hub/session/690d1b51-67be-40c4-8871-82383c615e2d [39m[32m200[39m [90m7 ms - 1152[39m
[35m[HTTP][39m [90m[39m
[35m[HTTP][39m [37m-->[39m [37mGET[39m [37m/wd/hub/session/690d1b51-67be-40c4-8871-82383c615e2d[39m
[35m[HTTP][39m [90m{}[39m
[35m[HTTP][39m [37m<-- GET /wd/hub/session/690d1b51-67be-40c4-8871-82383c615e2d [39m[32m200[39m [90m9 ms - 1152[39m
[35m[HTTP][39m [90m[39m
[35m[HTTP][39m [37m-->[39m [37mGET[39m [37m/wd/hub/session/690d1b51-67be-40c4-8871-82383c615e2d[39m
[35m[HTTP][39m [90m{}[39m
[35m[HTTP][39m [37m<-- GET /wd/hub/session/690d1b51-67be-40c4-8871-82383c615e2d [39m[32m200[39m [90m9 ms - 1152[39m
[35m[HTTP][39m [90m[39m
[35m[HTTP][39m [37m-->[39m [37mGET[39m [37m/wd/hub/session/690d1b51-67be-40c4-8871-82383c615e2d/element/28/location[39m
[35m[HTTP][39m [90m{}[39m
[35m[HTTP][39m [37m<-- GET /wd/hub/session/690d1b51-67be-40c4-8871-82383c615e2d/element/28/location [39m[32m200[39m [90m440 ms - 87[39m
[35m[HTTP][39m [90m[39m
[35m[HTTP][39m [37m-->[39m [37mPOST[39m [37m/wd/hub/session/690d1b51-67be-40c4-8871-82383c615e2d/touch/perform[39m
[35m[HTTP][39m [90m{"actions":[{"action":"tap","options":{"element":"28","x":1,"y":1}}]}[39m
[35m[HTTP][39m [37m<-- POST /wd/hub/session/690d1b51-67be-40c4-8871-82383c615e2d/touch/perform [39m[32m200[39m [90m1146 ms - 76[39m
[35m[HTTP][39m [90m[39m
[35m[HTTP][39m [37m-->[39m [37mGET[39m [37m/wd/hub/session/690d1b51-67be-40c4-8871-82383c615e2d/window/current/size[39m
[35m[HTTP][39m [90m{}[39m
[35m[HTTP][39m [37m<-- GET /wd/hub/session/690d1b51-67be-40c4-8871-82383c615e2d/window/current/size [39m[32m200[39m [90m24 ms - 99[39m
[35m[HTTP][39m [90m[39m
[35m[HTTP][39m [37m-->[39m [37mPOST[39m [37m/wd/hub/session/690d1b51-67be-40c4-8871-82383c615e2d/elements[39m
[35m[HTTP][39m [90m{"using":"-android uiautomator","value":"new UiSelector().description(\"edcConnected_image_hero\")"}[39m
[35m[HTTP][39m [37m<-- POST /wd/hub/session/690d1b51-67be-40c4-8871-82383c615e2d/elements [39m[32m200[39m [90m6955 ms - 90[39m
[35m[HTTP][39m [90m[39m
[35m[HTTP][39m [37m-->[39m [37mGET[39m [37m/wd/hub/session/690d1b51-67be-40c4-8871-82383c615e2d[39m
[35m[HTTP][39m [90m{}[39m
[35m[HTTP][39m [37m<-- GET /wd/hub/session/690d1b51-67be-40c4-8871-82383c615e2d [39m[32m200[39m [90m10 ms - 1152[39m
[35m[HTTP][39m [90m[39m
[35m[HTTP][39m [37m-->[39m [37mGET[39m [37m/wd/hub/session/690d1b51-67be-40c4-8871-82383c615e2d[39m
[35m[HTTP][39m [90m{}[39m
[35m[HTTP][39m [37m<-- GET /wd/hub/session/690d1b51-67be-40c4-8871-82383c615e2d [39m[32m200[39m [90m7 ms - 1152[39m
[35m[HTTP][39m [90m[39m
[35m[HTTP][39m [37m-->[39m [37mGET[39m [37m/wd/hub/session/690d1b51-67be-40c4-8871-82383c615e2d[39m
[35m[HTTP][39m [90m{}[39m
[35m[HTTP][39m [37m<-- GET /wd/hub/session/690d1b51-67be-40c4-8871-82383c615e2d [39m[32m200[39m [90m7 ms - 1152[39m
[35m[HTTP][39m [90m[39m
[35m[HTTP][39m [37m-->[39m [37mGET[39m [37m/wd/hub/session/690d1b51-67be-40c4-8871-82383c615e2d[39m
[35m[HTTP][39m [90m{}[39m
[35m[HTTP][39m [37m<-- GET /wd/hub/session/690d1b51-67be-40c4-8871-82383c615e2d [39m[32m200[39m [90m9 ms - 1152[39m
[35m[HTTP][39m [90m[39m
[35m[HTTP][39m [37m-->[39m [37mGET[39m [37m/wd/hub/session/690d1b51-67be-40c4-8871-82383c615e2d/element/29/location[39m
[35m[HTTP][39m [90m{}[39m
[35m[HTTP][39m [37m<-- GET /wd/hub/session/690d1b51-67be-40c4-8871-82383c615e2d/element/29/location [39m[32m200[39m [90m1138 ms - 89[39m
[35m[HTTP][39m [90m[39m
[35m[HTTP][39m [37m-->[39m [37mGET[39m [37m/wd/hub/session/690d1b51-67be-40c4-8871-82383c615e2d/element/29/displayed[39m
[35m[HTTP][39m [90m{}[39m
[35m[HTTP][39m [37m<-- GET /wd/hub/session/690d1b51-67be-40c4-8871-82383c615e2d/element/29/displayed [39m[32m200[39m [90m485 ms - 76[39m
[35m[HTTP][39m [90m[39m
[35m[HTTP][39m [37m-->[39m [37mGET[39m [37m/wd/hub/session/690d1b51-67be-40c4-8871-82383c615e2d/window/current/size[39m
[35m[HTTP][39m [90m{}[39m
[35m[HTTP][39m [37m<-- GET /wd/hub/session/690d1b51-67be-40c4-8871-82383c615e2d/window/current/size [39m[32m200[39m [90m15 ms - 99[39m
[35m[HTTP][39m [90m[39m
[35m[HTTP][39m [37m-->[39m [37mPOST[39m [37m/wd/hub/session/690d1b51-67be-40c4-8871-82383c615e2d/elements[39m
[35m[HTTP][39m [90m{"using":"-android uiautomator","value":"new UiSelector().description(\"edcConnected_aText_heading\").text(\"Mesin EDC telah terhubung\")"}[39m
[35m[HTTP][39m [37m<-- POST /wd/hub/session/690d1b51-67be-40c4-8871-82383c615e2d/elements [39m[32m200[39m [90m3574 ms - 90[39m
[35m[HTTP][39m [90m[39m
[35m[HTTP][39m [37m-->[39m [37mGET[39m [37m/wd/hub/session/690d1b51-67be-40c4-8871-82383c615e2d[39m
[35m[HTTP][39m [90m{}[39m
[35m[HTTP][39m [37m<-- GET /wd/hub/session/690d1b51-67be-40c4-8871-82383c615e2d [39m[32m200[39m [90m7 ms - 1152[39m
[35m[HTTP][39m [90m[39m
[35m[HTTP][39m [37m-->[39m [37mGET[39m [37m/wd/hub/session/690d1b51-67be-40c4-8871-82383c615e2d[39m
[35m[HTTP][39m [90m{}[39m
[35m[HTTP][39m [37m<-- GET /wd/hub/session/690d1b51-67be-40c4-8871-82383c615e2d [39m[32m200[39m [90m10 ms - 1152[39m
[35m[HTTP][39m [90m[39m
[35m[HTTP][39m [37m-->[39m [37mGET[39m [37m/wd/hub/session/690d1b51-67be-40c4-8871-82383c615e2d[39m
[35m[HTTP][39m [90m{}[39m
[35m[HTTP][39m [37m<-- GET /wd/hub/session/690d1b51-67be-40c4-8871-82383c615e2d [39m[32m200[39m [90m8 ms - 1152[39m
[35m[HTTP][39m [90m[39m
[35m[HTTP][39m [37m-->[39m [37mGET[39m [37m/wd/hub/session/690d1b51-67be-40c4-8871-82383c615e2d[39m
[35m[HTTP][39m [90m{}[39m
[35m[HTTP][39m [37m<-- GET /wd/hub/session/690d1b51-67be-40c4-8871-82383c615e2d [39m[32m200[39m [90m7 ms - 1152[39m
[35m[HTTP][39m [90m[39m
[35m[HTTP][39m [37m-->[39m [37mGET[39m [37m/wd/hub/session/690d1b51-67be-40c4-8871-82383c615e2d/element/30/location[39m
[35m[HTTP][39m [90m{}[39m
[35m[HTTP][39m [37m<-- GET /wd/hub/session/690d1b51-67be-40c4-8871-82383c615e2d/element/30/location [39m[32m200[39m [90m429 ms - 89[39m
[35m[HTTP][39m [90m[39m
[35m[HTTP][39m [37m-->[39m [37mGET[39m [37m/wd/hub/session/690d1b51-67be-40c4-8871-82383c615e2d/element/30/displayed[39m
[35m[HTTP][39m [90m{}[39m
[35m[HTTP][39m [37m<-- GET /wd/hub/session/690d1b51-67be-40c4-8871-82383c615e2d/element/30/displayed [39m[32m200[39m [90m545 ms - 76[39m
[35m[HTTP][39m [90m[39m
[35m[HTTP][39m [37m-->[39m [37mGET[39m [37m/wd/hub/session/690d1b51-67be-40c4-8871-82383c615e2d/window/current/size[39m
[35m[HTTP][39m [90m{}[39m
[35m[HTTP][39m [37m<-- GET /wd/hub/session/690d1b51-67be-40c4-8871-82383c615e2d/window/current/size [39m[32m200[39m [90m15 ms - 99[39m
[35m[HTTP][39m [90m[39m
[35m[HTTP][39m [37m-->[39m [37mPOST[39m [37m/wd/hub/session/690d1b51-67be-40c4-8871-82383c615e2d/elements[39m
[35m[HTTP][39m [90m{"using":"-android uiautomator","value":"new UiSelector().description(\"edcConnected_aText_subheading\").text(\"Untuk menghubungkan mesin EDC baru, harap untuk memutuskan koneksi yang sudah ada terlebih dahulu.\")"}[39m
[35m[HTTP][39m [37m<-- POST /wd/hub/session/690d1b51-67be-40c4-8871-82383c615e2d/elements [39m[32m200[39m [90m2770 ms - 90[39m
[35m[HTTP][39m [90m[39m
[35m[HTTP][39m [37m-->[39m [37mGET[39m [37m/wd/hub/session/690d1b51-67be-40c4-8871-82383c615e2d[39m
[35m[HTTP][39m [90m{}[39m
[35m[HTTP][39m [37m<-- GET /wd/hub/session/690d1b51-67be-40c4-8871-82383c615e2d [39m[32m200[39m [90m10 ms - 1152[39m
[35m[HTTP][39m [90m[39m
[35m[HTTP][39m [37m-->[39m [37mGET[39m [37m/wd/hub/session/690d1b51-67be-40c4-8871-82383c615e2d[39m
[35m[HTTP][39m [90m{}[39m
[35m[HTTP][39m [37m<-- GET /wd/hub/session/690d1b51-67be-40c4-8871-82383c615e2d [39m[32m200[39m [90m10 ms - 1152[39m
[35m[HTTP][39m [90m[39m
[35m[HTTP][39m [37m-->[39m [37mGET[39m [37m/wd/hub/session/690d1b51-67be-40c4-8871-82383c615e2d[39m
[35m[HTTP][39m [90m{}[39m
[35m[HTTP][39m [37m<-- GET /wd/hub/session/690d1b51-67be-40c4-8871-82383c615e2d [39m[32m200[39m [90m12 ms - 1152[39m
[35m[HTTP][39m [90m[39m
[35m[HTTP][39m [37m-->[39m [37mGET[39m [37m/wd/hub/session/690d1b51-67be-40c4-8871-82383c615e2d[39m
[35m[HTTP][39m [90m{}[39m
[35m[HTTP][39m [37m<-- GET /wd/hub/session/690d1b51-67be-40c4-8871-82383c615e2d [39m[32m200[39m [90m7 ms - 1152[39m
[35m[HTTP][39m [90m[39m
[35m[HTTP][39m [37m-->[39m [37mGET[39m [37m/wd/hub/session/690d1b51-67be-40c4-8871-82383c615e2d/element/31/location[39m
[35m[HTTP][39m [90m{}[39m
[35m[HTTP][39m [37m<-- GET /wd/hub/session/690d1b51-67be-40c4-8871-82383c615e2d/element/31/location [39m[32m200[39m [90m579 ms - 88[39m
[35m[HTTP][39m [90m[39m
[35m[HTTP][39m [37m-->[39m [37mGET[39m [37m/wd/hub/session/690d1b51-67be-40c4-8871-82383c615e2d/element/31/displayed[39m
[35m[HTTP][39m [90m{}[39m
[35m[HTTP][39m [37m<-- GET /wd/hub/session/690d1b51-67be-40c4-8871-82383c615e2d/element/31/displayed [39m[32m200[39m [90m561 ms - 76[39m
[35m[HTTP][39m [90m[39m
[35m[HTTP][39m [37m-->[39m [37mGET[39m [37m/wd/hub/session/690d1b51-67be-40c4-8871-82383c615e2d/context[39m
[35m[HTTP][39m [90m{}[39m
[35m[HTTP][39m [37m<-- GET /wd/hub/session/690d1b51-67be-40c4-8871-82383c615e2d/context [39m[32m200[39m [90m4 ms - 84[39m
[35m[HTTP][39m [90m[39m
[35m[HTTP][39m [37m-->[39m [37mGET[39m [37m/wd/hub/session/690d1b51-67be-40c4-8871-82383c615e2d/contexts[39m
[35m[HTTP][39m [90m{}[39m
[35m[HTTP][39m [37m<-- GET /wd/hub/session/690d1b51-67be-40c4-8871-82383c615e2d/contexts [39m[32m200[39m [90m138 ms - 86[39m
[35m[HTTP][39m [90m[39m
[35m[HTTP][39m [37m-->[39m [37mPOST[39m [37m/wd/hub/session/690d1b51-67be-40c4-8871-82383c615e2d/context[39m
[35m[HTTP][39m [90m{"name":"NATIVE_APP"}[39m
[35m[HTTP][39m [37m<-- POST /wd/hub/session/690d1b51-67be-40c4-8871-82383c615e2d/context [39m[32m200[39m [90m235 ms - 76[39m
[35m[HTTP][39m [90m[39m
[35m[HTTP][39m [37m-->[39m [37mPOST[39m [37m/wd/hub/session/690d1b51-67be-40c4-8871-82383c615e2d/appium/device/press_keycode[39m
[35m[HTTP][39m [90m{"keycode":4}[39m
[35m[HTTP][39m [37m<-- POST /wd/hub/session/690d1b51-67be-40c4-8871-82383c615e2d/appium/device/press_keycode [39m[32m200[39m [90m1224 ms - 76[39m
[35m[HTTP][39m [90m[39m
[35m[HTTP][39m [37m-->[39m [37mPOST[39m [37m/wd/hub/session/690d1b51-67be-40c4-8871-82383c615e2d/context[39m
[35m[HTTP][39m [90m{"name":"NATIVE_APP"}[39m
[35m[HTTP][39m [37m<-- POST /wd/hub/session/690d1b51-67be-40c4-8871-82383c615e2d/context [39m[32m200[39m [90m167 ms - 76[39m
[35m[HTTP][39m [90m[39m
[35m[HTTP][39m [37m-->[39m [37mGET[39m [37m/wd/hub/session/690d1b51-67be-40c4-8871-82383c615e2d/window/current/size[39m
[35m[HTTP][39m [90m{}[39m
[35m[HTTP][39m [37m<-- GET /wd/hub/session/690d1b51-67be-40c4-8871-82383c615e2d/window/current/size [39m[32m200[39m [90m9 ms - 99[39m
[35m[HTTP][39m [90m[39m
[35m[HTTP][39m [37m-->[39m [37mPOST[39m [37m/wd/hub/session/690d1b51-67be-40c4-8871-82383c615e2d/elements[39m
[35m[HTTP][39m [90m{"using":"-android uiautomator","value":"new UiSelector().description(\"tokoListScreen_button_edc\")"}[39m
[35m[HTTP][39m [37m<-- POST /wd/hub/session/690d1b51-67be-40c4-8871-82383c615e2d/elements [39m[32m200[39m [90m2466 ms - 90[39m
[35m[HTTP][39m [90m[39m
[35m[HTTP][39m [37m-->[39m [37mGET[39m [37m/wd/hub/session/690d1b51-67be-40c4-8871-82383c615e2d[39m
[35m[HTTP][39m [90m{}[39m
[35m[HTTP][39m [37m<-- GET /wd/hub/session/690d1b51-67be-40c4-8871-82383c615e2d [39m[32m200[39m [90m5 ms - 1152[39m
[35m[HTTP][39m [90m[39m
[35m[HTTP][39m [37m-->[39m [37mGET[39m [37m/wd/hub/session/690d1b51-67be-40c4-8871-82383c615e2d[39m
[35m[HTTP][39m [90m{}[39m
[35m[HTTP][39m [37m<-- GET /wd/hub/session/690d1b51-67be-40c4-8871-82383c615e2d [39m[32m200[39m [90m6 ms - 1152[39m
[35m[HTTP][39m [90m[39m
[35m[HTTP][39m [37m-->[39m [37mGET[39m [37m/wd/hub/session/690d1b51-67be-40c4-8871-82383c615e2d[39m
[35m[HTTP][39m [90m{}[39m
[35m[HTTP][39m [37m<-- GET /wd/hub/session/690d1b51-67be-40c4-8871-82383c615e2d [39m[32m200[39m [90m3 ms - 1152[39m
[35m[HTTP][39m [90m[39m
[35m[HTTP][39m [37m-->[39m [37mGET[39m [37m/wd/hub/session/690d1b51-67be-40c4-8871-82383c615e2d[39m
[35m[HTTP][39m [90m{}[39m
[35m[HTTP][39m [37m<-- GET /wd/hub/session/690d1b51-67be-40c4-8871-82383c615e2d [39m[32m200[39m [90m3 ms - 1152[39m
[35m[HTTP][39m [90m[39m
[35m[HTTP][39m [37m-->[39m [37mGET[39m [37m/wd/hub/session/690d1b51-67be-40c4-8871-82383c615e2d/element/32/location[39m
[35m[HTTP][39m [90m{}[39m
[35m[HTTP][39m [37m<-- GET /wd/hub/session/690d1b51-67be-40c4-8871-82383c615e2d/element/32/location [39m[32m200[39m [90m1345 ms - 87[39m
[35m[HTTP][39m [90m[39m
[35m[HTTP][39m [37m-->[39m [37mGET[39m [37m/wd/hub/session/690d1b51-67be-40c4-8871-82383c615e2d/element/32/displayed[39m
[35m[HTTP][39m [90m{}[39m
[35m[HTTP][39m [37m<-- GET /wd/hub/session/690d1b51-67be-40c4-8871-82383c615e2d/element/32/displayed [39m[32m200[39m [90m1119 ms - 76[39m
[35m[HTTP][39m [90m[39m
[35m[HTTP][39m [37m-->[39m [37mGET[39m [37m/wd/hub/session/690d1b51-67be-40c4-8871-82383c615e2d/window/current/size[39m
[35m[HTTP][39m [90m{}[39m
[35m[HTTP][39m [37m<-- GET /wd/hub/session/690d1b51-67be-40c4-8871-82383c615e2d/window/current/size [39m[32m200[39m [90m20 ms - 99[39m
[35m[HTTP][39m [90m[39m
[35m[HTTP][39m [37m-->[39m [37mPOST[39m [37m/wd/hub/session/690d1b51-67be-40c4-8871-82383c615e2d/elements[39m
[35m[HTTP][39m [90m{"using":"-android uiautomator","value":"new UiSelector().description(\"tokoListScreen_button_edc\")"}[39m
[35m[HTTP][39m [37m<-- POST /wd/hub/session/690d1b51-67be-40c4-8871-82383c615e2d/elements [39m[32m200[39m [90m2832 ms - 90[39m
[35m[HTTP][39m [90m[39m
[35m[HTTP][39m [37m-->[39m [37mGET[39m [37m/wd/hub/session/690d1b51-67be-40c4-8871-82383c615e2d[39m
[35m[HTTP][39m [90m{}[39m
[35m[HTTP][39m [37m<-- GET /wd/hub/session/690d1b51-67be-40c4-8871-82383c615e2d [39m[32m200[39m [90m4 ms - 1152[39m
[35m[HTTP][39m [90m[39m
[35m[HTTP][39m [37m-->[39m [37mGET[39m [37m/wd/hub/session/690d1b51-67be-40c4-8871-82383c615e2d[39m
[35m[HTTP][39m [90m{}[39m
[35m[HTTP][39m [37m<-- GET /wd/hub/session/690d1b51-67be-40c4-8871-82383c615e2d [39m[32m200[39m [90m4 ms - 1152[39m
[35m[HTTP][39m [90m[39m
[35m[HTTP][39m [37m-->[39m [37mGET[39m [37m/wd/hub/session/690d1b51-67be-40c4-8871-82383c615e2d[39m
[35m[HTTP][39m [90m{}[39m
[35m[HTTP][39m [37m<-- GET /wd/hub/session/690d1b51-67be-40c4-8871-82383c615e2d [39m[32m200[39m [90m4 ms - 1152[39m
[35m[HTTP][39m [90m[39m
[35m[HTTP][39m [37m-->[39m [37mGET[39m [37m/wd/hub/session/690d1b51-67be-40c4-8871-82383c615e2d[39m
[35m[HTTP][39m [90m{}[39m
[35m[HTTP][39m [37m<-- GET /wd/hub/session/690d1b51-67be-40c4-8871-82383c615e2d [39m[32m200[39m [90m3 ms - 1152[39m
[35m[HTTP][39m [90m[39m
[35m[HTTP][39m [37m-->[39m [37mGET[39m [37m/wd/hub/session/690d1b51-67be-40c4-8871-82383c615e2d/element/33/location[39m
[35m[HTTP][39m [90m{}[39m
[35m[HTTP][39m [37m<-- GET /wd/hub/session/690d1b51-67be-40c4-8871-82383c615e2d/element/33/location [39m[32m200[39m [90m1061 ms - 87[39m
[35m[HTTP][39m [90m[39m
[35m[HTTP][39m [37m-->[39m [37mGET[39m [37m/wd/hub/session/690d1b51-67be-40c4-8871-82383c615e2d/element/33/attribute/name[39m
[35m[HTTP][39m [90m{}[39m
[35m[HTTP][39m [37m<-- GET /wd/hub/session/690d1b51-67be-40c4-8871-82383c615e2d/element/33/attribute/name [39m[32m200[39m [90m501 ms - 99[39m
[35m[HTTP][39m [90m[39m
[35m[HTTP][39m [37m-->[39m [37mDELETE[39m [37m/wd/hub/session/690d1b51-67be-40c4-8871-82383c615e2d[39m
[35m[HTTP][39m [90m{}[39m
[35m[Appium][39m Removing session 690d1b51-67be-40c4-8871-82383c615e2d from our master session list
[35m[ADB][39m com.btpn.appbisnis.sit was successfully uninstalled
[35m[ADB][39m No uiautomator process found to kill, continuing...
[35m[HTTP][39m [37m<-- DELETE /wd/hub/session/690d1b51-67be-40c4-8871-82383c615e2d [39m[32m200[39m [90m7167 ms - 76[39m
[35m[HTTP][39m [90m[39m
