[35m[Appium][39m Welcome to Appium v1.8.1
[35m[Appium][39m Non-default server args:
[35m[Appium][39m   port: 49528
[35m[Appium][39m   loglevel: info
[35m[Appium][39m   chromeDriverPort: 49529
[35m[Appium][39m   tmpDir: C:\Users\AV2017~2\AppData\Local\Temp\\Katalon\Appium\Temp1533641848431
[35m[Appium][39m Appium REST http interface listener started on 0.0.0.0:49528
[35m[HTTP][39m [37m-->[39m [37mGET[39m [37m/wd/hub/status[39m
[35m[HTTP][39m [90m{}[39m
[35m[HTTP][39m [37m<-- GET /wd/hub/status [39m[32m200[39m [90m59 ms - 83[39m
[35m[HTTP][39m [90m[39m
[35m[HTTP][39m [37m-->[39m [37mPOST[39m [37m/wd/hub/session[39m
[35m[HTTP][39m [90m{"desiredCapabilities":{"app":"C:\\Users\\AV2017005903\\Documents\\apollo-automation\\apk_test_release_2.apk","appWaitActivity":"*","autoGrantPermissions":true,"deviceId":"","deviceName":"OPPO A37f (Android 5.1.1)","fullReset":false,"newCommandTimeout":1800,"noReset":true,"platform":"ANDROID","platformName":"Android","udid":"6e4df14"},"capabilities":{"desiredCapabilities":{"app":"C:\\Users\\AV2017005903\\Documents\\apollo-automation\\apk_test_release_2.apk","appWaitActivity":"*","autoGrantPermissions":true,"deviceId":"","deviceName":"OPPO A37f (Android 5.1.1)","fullReset":false,"newCommandTimeout":1800,"noReset":true,"platform":"ANDROID","platformName":"Android","udid":"6e4df14"},"firstMatch":[{"platformName":"android"}]}}[39m
[35m[Appium][39m Could not parse W3C capabilities: 'deviceName' can't be blank. Falling back to JSONWP protocol.
[35m[Appium][39m The following capabilities were provided in the JSONWP desired capabilities that are missing in W3C capabilities: ["app","appWaitActivity","autoGrantPermissions","deviceId","deviceName","fullReset","newCommandTimeout","noReset","platform","platformName","udid"]. Falling back to JSONWP protocol.
[35m[Appium][39m Creating new AndroidDriver (v2.7.0) session
[35m[Appium][39m Capabilities:
[35m[Appium][39m   app: C:\Users\AV2017005903\Documents\apollo-automation\apk_test_release_2.apk
[35m[Appium][39m   appWaitActivity: *
[35m[Appium][39m   autoGrantPermissions: true
[35m[Appium][39m   deviceId: 
[35m[Appium][39m   deviceName: OPPO A37f (Android 5.1.1)
[35m[Appium][39m   fullReset: false
[35m[Appium][39m   newCommandTimeout: 1800
[35m[Appium][39m   noReset: true
[35m[Appium][39m   platform: ANDROID
[35m[Appium][39m   platformName: Android
[35m[Appium][39m   udid: 6e4df14
[35m[BaseDriver][39m The following capabilities were provided, but are not recognized by appium: deviceId, platform.
[35m[BaseDriver][39m Session created with session id: 14d913bd-c251-4ee0-a3d7-a2e0a6d359bd
[35m[AndroidDriver][39m Java version is: 1.8.0_181
[35m[ADB][39m Checking whether adb is present
[35m[ADB][39m Found 1 'build-tools' folders under 'C:\Users\AV2017005903\.katalon\tools\android_sdk' (newest first):
[35m[ADB][39m     C:/Users/AV2017005903/.katalon/tools/android_sdk/build-tools/27.0.3
[35m[ADB][39m Using adb.exe from C:\Users\AV2017005903\.katalon\tools\android_sdk\platform-tools\adb.exe
[35m[AndroidDriver][39m Retrieving device list
[35m[AndroidDriver][39m Using device: 6e4df14
[35m[BaseDriver][39m Using local app 'C:\Users\AV2017005903\Documents\apollo-automation\apk_test_release_2.apk'
[35m[AndroidDriver][39m Starting Android session
[35m[ADB][39m Checking whether aapt is present
[35m[ADB][39m Using aapt.exe from C:\Users\AV2017005903\.katalon\tools\android_sdk\build-tools\27.0.3\aapt.exe
[35m[AndroidDriver][39m setDeviceLanguageCountry requires language or country.
[35m[AndroidDriver][39m Got language: 'null' and country: 'null'
[35m[ADB][39m Getting device platform version
[35m[ADB][39m Using the alternative activity name detection method because of: Could not find apkanalyzer.bat in C:\Users\AV2017005903\.katalon\tools\android_sdk\platform-tools\apkanalyzer.bat,C:\Users\AV2017005903\.katalon\tools\android_sdk\emulator\apkanalyzer.bat,C:\Users\AV2017005903\.katalon\tools\android_sdk\tools\apkanalyzer.bat,C:\Users\AV2017005903\.katalon\tools\android_sdk\tools\bin\apkanalyzer.bat,C:\Users\AV2017005903\.katalon\tools\android_sdk\build-tools\27.0.3\apkanalyzer.bat. Do you have the Android SDK installed at 'C:\Users\AV2017005903\.katalon\tools\android_sdk'?
[35m[ADB][39m Extracting package and launch activity from manifest
[35m[ADB][39m Package name: 'com.btpn.appbisnis.sit'
[35m[ADB][39m Main activity name: 'com.btpn_mpos_rn.react_bridging.splash.SplashActivity'
[35m[ADB][39m Successfully extracted 933 strings from 'C:\Users\AV2017005903\Documents\apollo-automation\apk_test_release_2.apk' resources for '(default)' configuration
[35m[ADB][39m No uiautomator process found to kill, continuing...
[35m[AndroidBootstrap][39m Android bootstrap socket is now connected
[35m[AndroidDriver][39m Screen already unlocked, doing nothing
[35m[Appium][39m New AndroidDriver session created successfully, session 14d913bd-c251-4ee0-a3d7-a2e0a6d359bd added to master session list
[35m[HTTP][39m [37m<-- POST /wd/hub/session [39m[32m200[39m [90m10792 ms - 1144[39m
[35m[HTTP][39m [90m[39m
[35m[HTTP][39m [37m-->[39m [37mGET[39m [37m/wd/hub/status[39m
[35m[HTTP][39m [90m{}[39m
[35m[HTTP][39m [37m<-- GET /wd/hub/status [39m[32m200[39m [90m50 ms - 55[39m
[35m[HTTP][39m [90m[39m
[35m[HTTP][39m [37m-->[39m [37mPOST[39m [37m/wd/hub/session/14d913bd-c251-4ee0-a3d7-a2e0a6d359bd/timeouts[39m
[35m[HTTP][39m [90m{"type":"implicit","ms":30000}[39m
[35m[HTTP][39m [37m<-- POST /wd/hub/session/14d913bd-c251-4ee0-a3d7-a2e0a6d359bd/timeouts [39m[33m400[39m [90m11 ms - 5532[39m
[35m[HTTP][39m [90m[39m
[35m[HTTP][39m [37m-->[39m [37mGET[39m [37m/wd/hub/session/14d913bd-c251-4ee0-a3d7-a2e0a6d359bd/window/current/size[39m
[35m[HTTP][39m [90m{}[39m
[35m[HTTP][39m [37m<-- GET /wd/hub/session/14d913bd-c251-4ee0-a3d7-a2e0a6d359bd/window/current/size [39m[32m200[39m [90m40 ms - 99[39m
[35m[HTTP][39m [90m[39m
[35m[HTTP][39m [37m-->[39m [37mPOST[39m [37m/wd/hub/session/14d913bd-c251-4ee0-a3d7-a2e0a6d359bd/elements[39m
[35m[HTTP][39m [90m{"using":"-android uiautomator","value":"new UiSelector().description(\"LoginNameTextInput\")"}[39m
[35m[HTTP][39m [37m<-- POST /wd/hub/session/14d913bd-c251-4ee0-a3d7-a2e0a6d359bd/elements [39m[32m200[39m [90m2119 ms - 89[39m
[35m[HTTP][39m [90m[39m
[35m[HTTP][39m [37m-->[39m [37mGET[39m [37m/wd/hub/session/14d913bd-c251-4ee0-a3d7-a2e0a6d359bd[39m
[35m[HTTP][39m [90m{}[39m
[35m[HTTP][39m [37m<-- GET /wd/hub/session/14d913bd-c251-4ee0-a3d7-a2e0a6d359bd [39m[32m200[39m [90m11 ms - 1144[39m
[35m[HTTP][39m [90m[39m
[35m[HTTP][39m [37m-->[39m [37mGET[39m [37m/wd/hub/session/14d913bd-c251-4ee0-a3d7-a2e0a6d359bd[39m
[35m[HTTP][39m [90m{}[39m
[35m[HTTP][39m [37m<-- GET /wd/hub/session/14d913bd-c251-4ee0-a3d7-a2e0a6d359bd [39m[32m200[39m [90m10 ms - 1144[39m
[35m[HTTP][39m [90m[39m
[35m[HTTP][39m [37m-->[39m [37mGET[39m [37m/wd/hub/session/14d913bd-c251-4ee0-a3d7-a2e0a6d359bd[39m
[35m[HTTP][39m [90m{}[39m
[35m[HTTP][39m [37m<-- GET /wd/hub/session/14d913bd-c251-4ee0-a3d7-a2e0a6d359bd [39m[32m200[39m [90m6 ms - 1144[39m
[35m[HTTP][39m [90m[39m
[35m[HTTP][39m [37m-->[39m [37mGET[39m [37m/wd/hub/session/14d913bd-c251-4ee0-a3d7-a2e0a6d359bd[39m
[35m[HTTP][39m [90m{}[39m
[35m[HTTP][39m [37m<-- GET /wd/hub/session/14d913bd-c251-4ee0-a3d7-a2e0a6d359bd [39m[32m200[39m [90m6 ms - 1144[39m
[35m[HTTP][39m [90m[39m
[35m[HTTP][39m [37m-->[39m [37mGET[39m [37m/wd/hub/session/14d913bd-c251-4ee0-a3d7-a2e0a6d359bd/element/1/location[39m
[35m[HTTP][39m [90m{}[39m
[35m[HTTP][39m [37m<-- GET /wd/hub/session/14d913bd-c251-4ee0-a3d7-a2e0a6d359bd/element/1/location [39m[32m200[39m [90m452 ms - 88[39m
[35m[HTTP][39m [90m[39m
[35m[HTTP][39m [37m-->[39m [37mGET[39m [37m/wd/hub/session/14d913bd-c251-4ee0-a3d7-a2e0a6d359bd/window/current/size[39m
[35m[HTTP][39m [90m{}[39m
[35m[HTTP][39m [37m<-- GET /wd/hub/session/14d913bd-c251-4ee0-a3d7-a2e0a6d359bd/window/current/size [39m[32m200[39m [90m9 ms - 99[39m
[35m[HTTP][39m [90m[39m
[35m[HTTP][39m [37m-->[39m [37mPOST[39m [37m/wd/hub/session/14d913bd-c251-4ee0-a3d7-a2e0a6d359bd/elements[39m
[35m[HTTP][39m [90m{"using":"-android uiautomator","value":"new UiSelector().description(\"LoginNameTextInput\")"}[39m
[35m[HTTP][39m [37m<-- POST /wd/hub/session/14d913bd-c251-4ee0-a3d7-a2e0a6d359bd/elements [39m[32m200[39m [90m2913 ms - 89[39m
[35m[HTTP][39m [90m[39m
[35m[HTTP][39m [37m-->[39m [37mGET[39m [37m/wd/hub/session/14d913bd-c251-4ee0-a3d7-a2e0a6d359bd[39m
[35m[HTTP][39m [90m{}[39m
[35m[HTTP][39m [37m<-- GET /wd/hub/session/14d913bd-c251-4ee0-a3d7-a2e0a6d359bd [39m[32m200[39m [90m10 ms - 1144[39m
[35m[HTTP][39m [90m[39m
[35m[HTTP][39m [37m-->[39m [37mGET[39m [37m/wd/hub/session/14d913bd-c251-4ee0-a3d7-a2e0a6d359bd[39m
[35m[HTTP][39m [90m{}[39m
[35m[HTTP][39m [37m<-- GET /wd/hub/session/14d913bd-c251-4ee0-a3d7-a2e0a6d359bd [39m[32m200[39m [90m6 ms - 1144[39m
[35m[HTTP][39m [90m[39m
[35m[HTTP][39m [37m-->[39m [37mGET[39m [37m/wd/hub/session/14d913bd-c251-4ee0-a3d7-a2e0a6d359bd[39m
[35m[HTTP][39m [90m{}[39m
[35m[HTTP][39m [37m<-- GET /wd/hub/session/14d913bd-c251-4ee0-a3d7-a2e0a6d359bd [39m[32m200[39m [90m5 ms - 1144[39m
[35m[HTTP][39m [90m[39m
[35m[HTTP][39m [37m-->[39m [37mGET[39m [37m/wd/hub/session/14d913bd-c251-4ee0-a3d7-a2e0a6d359bd[39m
[35m[HTTP][39m [90m{}[39m
[35m[HTTP][39m [37m<-- GET /wd/hub/session/14d913bd-c251-4ee0-a3d7-a2e0a6d359bd [39m[32m200[39m [90m5 ms - 1144[39m
[35m[HTTP][39m [90m[39m
[35m[HTTP][39m [37m-->[39m [37mGET[39m [37m/wd/hub/session/14d913bd-c251-4ee0-a3d7-a2e0a6d359bd/element/2/location[39m
[35m[HTTP][39m [90m{}[39m
[35m[HTTP][39m [37m<-- GET /wd/hub/session/14d913bd-c251-4ee0-a3d7-a2e0a6d359bd/element/2/location [39m[32m200[39m [90m450 ms - 88[39m
[35m[HTTP][39m [90m[39m
[35m[HTTP][39m [37m-->[39m [37mGET[39m [37m/wd/hub/session/14d913bd-c251-4ee0-a3d7-a2e0a6d359bd/element/2/attribute/name[39m
[35m[HTTP][39m [90m{}[39m
[35m[HTTP][39m [37m<-- GET /wd/hub/session/14d913bd-c251-4ee0-a3d7-a2e0a6d359bd/element/2/attribute/name [39m[32m200[39m [90m524 ms - 92[39m
[35m[HTTP][39m [90m[39m
[35m[HTTP][39m [37m-->[39m [37mGET[39m [37m/wd/hub/session/14d913bd-c251-4ee0-a3d7-a2e0a6d359bd/window/current/size[39m
[35m[HTTP][39m [90m{}[39m
[35m[HTTP][39m [37m<-- GET /wd/hub/session/14d913bd-c251-4ee0-a3d7-a2e0a6d359bd/window/current/size [39m[32m200[39m [90m11 ms - 99[39m
[35m[HTTP][39m [90m[39m
[35m[HTTP][39m [37m-->[39m [37mPOST[39m [37m/wd/hub/session/14d913bd-c251-4ee0-a3d7-a2e0a6d359bd/elements[39m
[35m[HTTP][39m [90m{"using":"-android uiautomator","value":"new UiSelector().description(\"LoginNameTextInput\")"}[39m
[35m[HTTP][39m [37m<-- POST /wd/hub/session/14d913bd-c251-4ee0-a3d7-a2e0a6d359bd/elements [39m[32m200[39m [90m3562 ms - 89[39m
[35m[HTTP][39m [90m[39m
[35m[HTTP][39m [37m-->[39m [37mGET[39m [37m/wd/hub/session/14d913bd-c251-4ee0-a3d7-a2e0a6d359bd[39m
[35m[HTTP][39m [90m{}[39m
[35m[HTTP][39m [37m<-- GET /wd/hub/session/14d913bd-c251-4ee0-a3d7-a2e0a6d359bd [39m[32m200[39m [90m9 ms - 1144[39m
[35m[HTTP][39m [90m[39m
[35m[HTTP][39m [37m-->[39m [37mGET[39m [37m/wd/hub/session/14d913bd-c251-4ee0-a3d7-a2e0a6d359bd[39m
[35m[HTTP][39m [90m{}[39m
[35m[HTTP][39m [37m<-- GET /wd/hub/session/14d913bd-c251-4ee0-a3d7-a2e0a6d359bd [39m[32m200[39m [90m6 ms - 1144[39m
[35m[HTTP][39m [90m[39m
[35m[HTTP][39m [37m-->[39m [37mGET[39m [37m/wd/hub/session/14d913bd-c251-4ee0-a3d7-a2e0a6d359bd[39m
[35m[HTTP][39m [90m{}[39m
[35m[HTTP][39m [37m<-- GET /wd/hub/session/14d913bd-c251-4ee0-a3d7-a2e0a6d359bd [39m[32m200[39m [90m6 ms - 1144[39m
[35m[HTTP][39m [90m[39m
[35m[HTTP][39m [37m-->[39m [37mGET[39m [37m/wd/hub/session/14d913bd-c251-4ee0-a3d7-a2e0a6d359bd[39m
[35m[HTTP][39m [90m{}[39m
[35m[HTTP][39m [37m<-- GET /wd/hub/session/14d913bd-c251-4ee0-a3d7-a2e0a6d359bd [39m[32m200[39m [90m4 ms - 1144[39m
[35m[HTTP][39m [90m[39m
[35m[HTTP][39m [37m-->[39m [37mGET[39m [37m/wd/hub/session/14d913bd-c251-4ee0-a3d7-a2e0a6d359bd/element/3/location[39m
[35m[HTTP][39m [90m{}[39m
[35m[HTTP][39m [37m<-- GET /wd/hub/session/14d913bd-c251-4ee0-a3d7-a2e0a6d359bd/element/3/location [39m[32m200[39m [90m475 ms - 88[39m
[35m[HTTP][39m [90m[39m
[35m[HTTP][39m [37m-->[39m [37mPOST[39m [37m/wd/hub/session/14d913bd-c251-4ee0-a3d7-a2e0a6d359bd/element/3/clear[39m
[35m[HTTP][39m [90m{"id":"3"}[39m
[35m[HTTP][39m [37m<-- POST /wd/hub/session/14d913bd-c251-4ee0-a3d7-a2e0a6d359bd/element/3/clear [39m[32m200[39m [90m3547 ms - 76[39m
[35m[HTTP][39m [90m[39m
[35m[HTTP][39m [37m-->[39m [37mPOST[39m [37m/wd/hub/session/14d913bd-c251-4ee0-a3d7-a2e0a6d359bd/element/3/value[39m
[35m[HTTP][39m [90m{"id":"3","value":["08112233445567"]}[39m
[35m[HTTP][39m [37m<-- POST /wd/hub/session/14d913bd-c251-4ee0-a3d7-a2e0a6d359bd/element/3/value [39m[32m200[39m [90m15443 ms - 76[39m
[35m[HTTP][39m [90m[39m
[35m[HTTP][39m [37m-->[39m [37mGET[39m [37m/wd/hub/session/14d913bd-c251-4ee0-a3d7-a2e0a6d359bd/context[39m
[35m[HTTP][39m [90m{}[39m
[35m[HTTP][39m [37m<-- GET /wd/hub/session/14d913bd-c251-4ee0-a3d7-a2e0a6d359bd/context [39m[32m200[39m [90m10 ms - 84[39m
[35m[HTTP][39m [90m[39m
[35m[HTTP][39m [37m-->[39m [37mGET[39m [37m/wd/hub/session/14d913bd-c251-4ee0-a3d7-a2e0a6d359bd/contexts[39m
[35m[HTTP][39m [90m{}[39m
[35m[HTTP][39m [37m<-- GET /wd/hub/session/14d913bd-c251-4ee0-a3d7-a2e0a6d359bd/contexts [39m[32m200[39m [90m221 ms - 86[39m
[35m[HTTP][39m [90m[39m
[35m[HTTP][39m [37m-->[39m [37mPOST[39m [37m/wd/hub/session/14d913bd-c251-4ee0-a3d7-a2e0a6d359bd/context[39m
[35m[HTTP][39m [90m{"name":"NATIVE_APP"}[39m
[35m[HTTP][39m [37m<-- POST /wd/hub/session/14d913bd-c251-4ee0-a3d7-a2e0a6d359bd/context [39m[32m200[39m [90m190 ms - 76[39m
[35m[HTTP][39m [90m[39m
[35m[HTTP][39m [37m-->[39m [37mPOST[39m [37m/wd/hub/session/14d913bd-c251-4ee0-a3d7-a2e0a6d359bd/appium/device/hide_keyboard[39m
[35m[HTTP][39m [90m{}[39m
[35m[HTTP][39m [37m<-- POST /wd/hub/session/14d913bd-c251-4ee0-a3d7-a2e0a6d359bd/appium/device/hide_keyboard [39m[32m200[39m [90m647 ms - 76[39m
[35m[HTTP][39m [90m[39m
[35m[HTTP][39m [37m-->[39m [37mPOST[39m [37m/wd/hub/session/14d913bd-c251-4ee0-a3d7-a2e0a6d359bd/context[39m
[35m[HTTP][39m [90m{"name":"NATIVE_APP"}[39m
[35m[HTTP][39m [37m<-- POST /wd/hub/session/14d913bd-c251-4ee0-a3d7-a2e0a6d359bd/context [39m[32m200[39m [90m208 ms - 76[39m
[35m[HTTP][39m [90m[39m
[35m[HTTP][39m [37m-->[39m [37mGET[39m [37m/wd/hub/session/14d913bd-c251-4ee0-a3d7-a2e0a6d359bd/window/current/size[39m
[35m[HTTP][39m [90m{}[39m
[35m[HTTP][39m [37m<-- GET /wd/hub/session/14d913bd-c251-4ee0-a3d7-a2e0a6d359bd/window/current/size [39m[32m200[39m [90m17 ms - 99[39m
[35m[HTTP][39m [90m[39m
[35m[HTTP][39m [37m-->[39m [37mPOST[39m [37m/wd/hub/session/14d913bd-c251-4ee0-a3d7-a2e0a6d359bd/elements[39m
[35m[HTTP][39m [90m{"using":"-android uiautomator","value":"new UiSelector().description(\"LoginNameTextInput\")"}[39m
[35m[HTTP][39m [37m<-- POST /wd/hub/session/14d913bd-c251-4ee0-a3d7-a2e0a6d359bd/elements [39m[32m200[39m [90m6319 ms - 89[39m
[35m[HTTP][39m [90m[39m
[35m[HTTP][39m [37m-->[39m [37mGET[39m [37m/wd/hub/session/14d913bd-c251-4ee0-a3d7-a2e0a6d359bd[39m
[35m[HTTP][39m [90m{}[39m
[35m[HTTP][39m [37m<-- GET /wd/hub/session/14d913bd-c251-4ee0-a3d7-a2e0a6d359bd [39m[32m200[39m [90m8 ms - 1144[39m
[35m[HTTP][39m [90m[39m
[35m[HTTP][39m [37m-->[39m [37mGET[39m [37m/wd/hub/session/14d913bd-c251-4ee0-a3d7-a2e0a6d359bd[39m
[35m[HTTP][39m [90m{}[39m
[35m[HTTP][39m [37m<-- GET /wd/hub/session/14d913bd-c251-4ee0-a3d7-a2e0a6d359bd [39m[32m200[39m [90m8 ms - 1144[39m
[35m[HTTP][39m [90m[39m
[35m[HTTP][39m [37m-->[39m [37mGET[39m [37m/wd/hub/session/14d913bd-c251-4ee0-a3d7-a2e0a6d359bd[39m
[35m[HTTP][39m [90m{}[39m
[35m[HTTP][39m [37m<-- GET /wd/hub/session/14d913bd-c251-4ee0-a3d7-a2e0a6d359bd [39m[32m200[39m [90m5 ms - 1144[39m
[35m[HTTP][39m [90m[39m
[35m[HTTP][39m [37m-->[39m [37mGET[39m [37m/wd/hub/session/14d913bd-c251-4ee0-a3d7-a2e0a6d359bd[39m
[35m[HTTP][39m [90m{}[39m
[35m[HTTP][39m [37m<-- GET /wd/hub/session/14d913bd-c251-4ee0-a3d7-a2e0a6d359bd [39m[32m200[39m [90m5 ms - 1144[39m
[35m[HTTP][39m [90m[39m
[35m[HTTP][39m [37m-->[39m [37mGET[39m [37m/wd/hub/session/14d913bd-c251-4ee0-a3d7-a2e0a6d359bd/element/4/location[39m
[35m[HTTP][39m [90m{}[39m
[35m[HTTP][39m [37m<-- GET /wd/hub/session/14d913bd-c251-4ee0-a3d7-a2e0a6d359bd/element/4/location [39m[32m200[39m [90m464 ms - 88[39m
[35m[HTTP][39m [90m[39m
[35m[HTTP][39m [37m-->[39m [37mGET[39m [37m/wd/hub/session/14d913bd-c251-4ee0-a3d7-a2e0a6d359bd/element/4/text[39m
[35m[HTTP][39m [90m{}[39m
[35m[HTTP][39m [37m<-- GET /wd/hub/session/14d913bd-c251-4ee0-a3d7-a2e0a6d359bd/element/4/text [39m[32m200[39m [90m511 ms - 88[39m
[35m[HTTP][39m [90m[39m
[35m[HTTP][39m [37m-->[39m [37mGET[39m [37m/wd/hub/session/14d913bd-c251-4ee0-a3d7-a2e0a6d359bd/window/current/size[39m
[35m[HTTP][39m [90m{}[39m
[35m[HTTP][39m [37m<-- GET /wd/hub/session/14d913bd-c251-4ee0-a3d7-a2e0a6d359bd/window/current/size [39m[32m200[39m [90m12 ms - 99[39m
[35m[HTTP][39m [90m[39m
[35m[HTTP][39m [37m-->[39m [37mPOST[39m [37m/wd/hub/session/14d913bd-c251-4ee0-a3d7-a2e0a6d359bd/elements[39m
[35m[HTTP][39m [90m{"using":"-android uiautomator","value":"new UiSelector().description(\"LoginJumpNextBtn\")"}[39m
[35m[HTTP][39m [37m<-- POST /wd/hub/session/14d913bd-c251-4ee0-a3d7-a2e0a6d359bd/elements [39m[32m200[39m [90m5854 ms - 89[39m
[35m[HTTP][39m [90m[39m
[35m[HTTP][39m [37m-->[39m [37mGET[39m [37m/wd/hub/session/14d913bd-c251-4ee0-a3d7-a2e0a6d359bd[39m
[35m[HTTP][39m [90m{}[39m
[35m[HTTP][39m [37m<-- GET /wd/hub/session/14d913bd-c251-4ee0-a3d7-a2e0a6d359bd [39m[32m200[39m [90m16 ms - 1144[39m
[35m[HTTP][39m [90m[39m
[35m[HTTP][39m [37m-->[39m [37mGET[39m [37m/wd/hub/session/14d913bd-c251-4ee0-a3d7-a2e0a6d359bd[39m
[35m[HTTP][39m [90m{}[39m
[35m[HTTP][39m [37m<-- GET /wd/hub/session/14d913bd-c251-4ee0-a3d7-a2e0a6d359bd [39m[32m200[39m [90m6 ms - 1144[39m
[35m[HTTP][39m [90m[39m
[35m[HTTP][39m [37m-->[39m [37mGET[39m [37m/wd/hub/session/14d913bd-c251-4ee0-a3d7-a2e0a6d359bd[39m
[35m[HTTP][39m [90m{}[39m
[35m[HTTP][39m [37m<-- GET /wd/hub/session/14d913bd-c251-4ee0-a3d7-a2e0a6d359bd [39m[32m200[39m [90m5 ms - 1144[39m
[35m[HTTP][39m [90m[39m
[35m[HTTP][39m [37m-->[39m [37mGET[39m [37m/wd/hub/session/14d913bd-c251-4ee0-a3d7-a2e0a6d359bd[39m
[35m[HTTP][39m [90m{}[39m
[35m[HTTP][39m [37m<-- GET /wd/hub/session/14d913bd-c251-4ee0-a3d7-a2e0a6d359bd [39m[32m200[39m [90m5 ms - 1144[39m
[35m[HTTP][39m [90m[39m
[35m[HTTP][39m [37m-->[39m [37mGET[39m [37m/wd/hub/session/14d913bd-c251-4ee0-a3d7-a2e0a6d359bd/element/5/location[39m
[35m[HTTP][39m [90m{}[39m
[35m[HTTP][39m [37m<-- GET /wd/hub/session/14d913bd-c251-4ee0-a3d7-a2e0a6d359bd/element/5/location [39m[32m200[39m [90m1081 ms - 89[39m
[35m[HTTP][39m [90m[39m
[35m[HTTP][39m [37m-->[39m [37mGET[39m [37m/wd/hub/session/14d913bd-c251-4ee0-a3d7-a2e0a6d359bd/window/current/size[39m
[35m[HTTP][39m [90m{}[39m
[35m[HTTP][39m [37m<-- GET /wd/hub/session/14d913bd-c251-4ee0-a3d7-a2e0a6d359bd/window/current/size [39m[32m200[39m [90m11 ms - 99[39m
[35m[HTTP][39m [90m[39m
[35m[HTTP][39m [37m-->[39m [37mPOST[39m [37m/wd/hub/session/14d913bd-c251-4ee0-a3d7-a2e0a6d359bd/elements[39m
[35m[HTTP][39m [90m{"using":"-android uiautomator","value":"new UiSelector().description(\"LoginJumpNextBtn\")"}[39m
[35m[HTTP][39m [37m<-- POST /wd/hub/session/14d913bd-c251-4ee0-a3d7-a2e0a6d359bd/elements [39m[32m200[39m [90m5011 ms - 89[39m
[35m[HTTP][39m [90m[39m
[35m[HTTP][39m [37m-->[39m [37mGET[39m [37m/wd/hub/session/14d913bd-c251-4ee0-a3d7-a2e0a6d359bd[39m
[35m[HTTP][39m [90m{}[39m
[35m[HTTP][39m [37m<-- GET /wd/hub/session/14d913bd-c251-4ee0-a3d7-a2e0a6d359bd [39m[32m200[39m [90m7 ms - 1144[39m
[35m[HTTP][39m [90m[39m
[35m[HTTP][39m [37m-->[39m [37mGET[39m [37m/wd/hub/session/14d913bd-c251-4ee0-a3d7-a2e0a6d359bd[39m
[35m[HTTP][39m [90m{}[39m
[35m[HTTP][39m [37m<-- GET /wd/hub/session/14d913bd-c251-4ee0-a3d7-a2e0a6d359bd [39m[32m200[39m [90m5 ms - 1144[39m
[35m[HTTP][39m [90m[39m
[35m[HTTP][39m [37m-->[39m [37mGET[39m [37m/wd/hub/session/14d913bd-c251-4ee0-a3d7-a2e0a6d359bd[39m
[35m[HTTP][39m [90m{}[39m
[35m[HTTP][39m [37m<-- GET /wd/hub/session/14d913bd-c251-4ee0-a3d7-a2e0a6d359bd [39m[32m200[39m [90m6 ms - 1144[39m
[35m[HTTP][39m [90m[39m
[35m[HTTP][39m [37m-->[39m [37mGET[39m [37m/wd/hub/session/14d913bd-c251-4ee0-a3d7-a2e0a6d359bd[39m
[35m[HTTP][39m [90m{}[39m
[35m[HTTP][39m [37m<-- GET /wd/hub/session/14d913bd-c251-4ee0-a3d7-a2e0a6d359bd [39m[32m200[39m [90m4 ms - 1144[39m
[35m[HTTP][39m [90m[39m
[35m[HTTP][39m [37m-->[39m [37mGET[39m [37m/wd/hub/session/14d913bd-c251-4ee0-a3d7-a2e0a6d359bd/element/6/location[39m
[35m[HTTP][39m [90m{}[39m
[35m[HTTP][39m [37m<-- GET /wd/hub/session/14d913bd-c251-4ee0-a3d7-a2e0a6d359bd/element/6/location [39m[32m200[39m [90m459 ms - 89[39m
[35m[HTTP][39m [90m[39m
[35m[HTTP][39m [37m-->[39m [37mGET[39m [37m/wd/hub/session/14d913bd-c251-4ee0-a3d7-a2e0a6d359bd/element/6/attribute/name[39m
[35m[HTTP][39m [90m{}[39m
[35m[HTTP][39m [37m<-- GET /wd/hub/session/14d913bd-c251-4ee0-a3d7-a2e0a6d359bd/element/6/attribute/name [39m[32m200[39m [90m1400 ms - 90[39m
[35m[HTTP][39m [90m[39m
[35m[HTTP][39m [37m-->[39m [37mGET[39m [37m/wd/hub/session/14d913bd-c251-4ee0-a3d7-a2e0a6d359bd/window/current/size[39m
[35m[HTTP][39m [90m{}[39m
[35m[HTTP][39m [37m<-- GET /wd/hub/session/14d913bd-c251-4ee0-a3d7-a2e0a6d359bd/window/current/size [39m[32m200[39m [90m13 ms - 99[39m
[35m[HTTP][39m [90m[39m
[35m[HTTP][39m [37m-->[39m [37mPOST[39m [37m/wd/hub/session/14d913bd-c251-4ee0-a3d7-a2e0a6d359bd/elements[39m
[35m[HTTP][39m [90m{"using":"-android uiautomator","value":"new UiSelector().description(\"LoginJumpNextBtn\")"}[39m
[35m[HTTP][39m [37m<-- POST /wd/hub/session/14d913bd-c251-4ee0-a3d7-a2e0a6d359bd/elements [39m[32m200[39m [90m2580 ms - 89[39m
[35m[HTTP][39m [90m[39m
[35m[HTTP][39m [37m-->[39m [37mGET[39m [37m/wd/hub/session/14d913bd-c251-4ee0-a3d7-a2e0a6d359bd[39m
[35m[HTTP][39m [90m{}[39m
[35m[HTTP][39m [37m<-- GET /wd/hub/session/14d913bd-c251-4ee0-a3d7-a2e0a6d359bd [39m[32m200[39m [90m11 ms - 1144[39m
[35m[HTTP][39m [90m[39m
[35m[HTTP][39m [37m-->[39m [37mGET[39m [37m/wd/hub/session/14d913bd-c251-4ee0-a3d7-a2e0a6d359bd[39m
[35m[HTTP][39m [90m{}[39m
[35m[HTTP][39m [37m<-- GET /wd/hub/session/14d913bd-c251-4ee0-a3d7-a2e0a6d359bd [39m[32m200[39m [90m7 ms - 1144[39m
[35m[HTTP][39m [90m[39m
[35m[HTTP][39m [37m-->[39m [37mGET[39m [37m/wd/hub/session/14d913bd-c251-4ee0-a3d7-a2e0a6d359bd[39m
[35m[HTTP][39m [90m{}[39m
[35m[HTTP][39m [37m<-- GET /wd/hub/session/14d913bd-c251-4ee0-a3d7-a2e0a6d359bd [39m[32m200[39m [90m5 ms - 1144[39m
[35m[HTTP][39m [90m[39m
[35m[HTTP][39m [37m-->[39m [37mGET[39m [37m/wd/hub/session/14d913bd-c251-4ee0-a3d7-a2e0a6d359bd[39m
[35m[HTTP][39m [90m{}[39m
[35m[HTTP][39m [37m<-- GET /wd/hub/session/14d913bd-c251-4ee0-a3d7-a2e0a6d359bd [39m[32m200[39m [90m4 ms - 1144[39m
[35m[HTTP][39m [90m[39m
[35m[HTTP][39m [37m-->[39m [37mGET[39m [37m/wd/hub/session/14d913bd-c251-4ee0-a3d7-a2e0a6d359bd/element/7/location[39m
[35m[HTTP][39m [90m{}[39m
[35m[HTTP][39m [37m<-- GET /wd/hub/session/14d913bd-c251-4ee0-a3d7-a2e0a6d359bd/element/7/location [39m[32m200[39m [90m1292 ms - 89[39m
[35m[HTTP][39m [90m[39m
[35m[HTTP][39m [37m-->[39m [37mPOST[39m [37m/wd/hub/session/14d913bd-c251-4ee0-a3d7-a2e0a6d359bd/touch/perform[39m
[35m[HTTP][39m [90m{"actions":[{"action":"tap","options":{"element":"7","x":1,"y":1}}]}[39m
[35m[HTTP][39m [37m<-- POST /wd/hub/session/14d913bd-c251-4ee0-a3d7-a2e0a6d359bd/touch/perform [39m[32m200[39m [90m2078 ms - 76[39m
[35m[HTTP][39m [90m[39m
[35m[HTTP][39m [37m-->[39m [37mGET[39m [37m/wd/hub/session/14d913bd-c251-4ee0-a3d7-a2e0a6d359bd/window/current/size[39m
[35m[HTTP][39m [90m{}[39m
[35m[HTTP][39m [37m<-- GET /wd/hub/session/14d913bd-c251-4ee0-a3d7-a2e0a6d359bd/window/current/size [39m[32m200[39m [90m27 ms - 99[39m
[35m[HTTP][39m [90m[39m
[35m[HTTP][39m [37m-->[39m [37mPOST[39m [37m/wd/hub/session/14d913bd-c251-4ee0-a3d7-a2e0a6d359bd/elements[39m
[35m[HTTP][39m [90m{"using":"-android uiautomator","value":"new UiSelector().description(\"pinCircleFocus\")"}[39m
[35m[HTTP][39m [37m<-- POST /wd/hub/session/14d913bd-c251-4ee0-a3d7-a2e0a6d359bd/elements [39m[32m200[39m [90m7611 ms - 89[39m
[35m[HTTP][39m [90m[39m
[35m[HTTP][39m [37m-->[39m [37mGET[39m [37m/wd/hub/session/14d913bd-c251-4ee0-a3d7-a2e0a6d359bd[39m
[35m[HTTP][39m [90m{}[39m
[35m[HTTP][39m [37m<-- GET /wd/hub/session/14d913bd-c251-4ee0-a3d7-a2e0a6d359bd [39m[32m200[39m [90m5 ms - 1144[39m
[35m[HTTP][39m [90m[39m
[35m[HTTP][39m [37m-->[39m [37mGET[39m [37m/wd/hub/session/14d913bd-c251-4ee0-a3d7-a2e0a6d359bd[39m
[35m[HTTP][39m [90m{}[39m
[35m[HTTP][39m [37m<-- GET /wd/hub/session/14d913bd-c251-4ee0-a3d7-a2e0a6d359bd [39m[32m200[39m [90m4 ms - 1144[39m
[35m[HTTP][39m [90m[39m
[35m[HTTP][39m [37m-->[39m [37mGET[39m [37m/wd/hub/session/14d913bd-c251-4ee0-a3d7-a2e0a6d359bd[39m
[35m[HTTP][39m [90m{}[39m
[35m[HTTP][39m [37m<-- GET /wd/hub/session/14d913bd-c251-4ee0-a3d7-a2e0a6d359bd [39m[32m200[39m [90m3 ms - 1144[39m
[35m[HTTP][39m [90m[39m
[35m[HTTP][39m [37m-->[39m [37mGET[39m [37m/wd/hub/session/14d913bd-c251-4ee0-a3d7-a2e0a6d359bd[39m
[35m[HTTP][39m [90m{}[39m
[35m[HTTP][39m [37m<-- GET /wd/hub/session/14d913bd-c251-4ee0-a3d7-a2e0a6d359bd [39m[32m200[39m [90m3 ms - 1144[39m
[35m[HTTP][39m [90m[39m
[35m[HTTP][39m [37m-->[39m [37mGET[39m [37m/wd/hub/session/14d913bd-c251-4ee0-a3d7-a2e0a6d359bd/element/8/location[39m
[35m[HTTP][39m [90m{}[39m
[35m[HTTP][39m [37m<-- GET /wd/hub/session/14d913bd-c251-4ee0-a3d7-a2e0a6d359bd/element/8/location [39m[32m200[39m [90m463 ms - 89[39m
[35m[HTTP][39m [90m[39m
[35m[HTTP][39m [37m-->[39m [37mGET[39m [37m/wd/hub/session/14d913bd-c251-4ee0-a3d7-a2e0a6d359bd/window/current/size[39m
[35m[HTTP][39m [90m{}[39m
[35m[HTTP][39m [37m<-- GET /wd/hub/session/14d913bd-c251-4ee0-a3d7-a2e0a6d359bd/window/current/size [39m[32m200[39m [90m11 ms - 99[39m
[35m[HTTP][39m [90m[39m
[35m[HTTP][39m [37m-->[39m [37mPOST[39m [37m/wd/hub/session/14d913bd-c251-4ee0-a3d7-a2e0a6d359bd/elements[39m
[35m[HTTP][39m [90m{"using":"-android uiautomator","value":"new UiSelector().description(\"pinCircleFocus\")"}[39m
[35m[HTTP][39m [37m<-- POST /wd/hub/session/14d913bd-c251-4ee0-a3d7-a2e0a6d359bd/elements [39m[32m200[39m [90m2977 ms - 89[39m
[35m[HTTP][39m [90m[39m
[35m[HTTP][39m [37m-->[39m [37mGET[39m [37m/wd/hub/session/14d913bd-c251-4ee0-a3d7-a2e0a6d359bd[39m
[35m[HTTP][39m [90m{}[39m
[35m[HTTP][39m [37m<-- GET /wd/hub/session/14d913bd-c251-4ee0-a3d7-a2e0a6d359bd [39m[32m200[39m [90m9 ms - 1144[39m
[35m[HTTP][39m [90m[39m
[35m[HTTP][39m [37m-->[39m [37mGET[39m [37m/wd/hub/session/14d913bd-c251-4ee0-a3d7-a2e0a6d359bd[39m
[35m[HTTP][39m [90m{}[39m
[35m[HTTP][39m [37m<-- GET /wd/hub/session/14d913bd-c251-4ee0-a3d7-a2e0a6d359bd [39m[32m200[39m [90m8 ms - 1144[39m
[35m[HTTP][39m [90m[39m
[35m[HTTP][39m [37m-->[39m [37mGET[39m [37m/wd/hub/session/14d913bd-c251-4ee0-a3d7-a2e0a6d359bd[39m
[35m[HTTP][39m [90m{}[39m
[35m[HTTP][39m [37m<-- GET /wd/hub/session/14d913bd-c251-4ee0-a3d7-a2e0a6d359bd [39m[32m200[39m [90m4 ms - 1144[39m
[35m[HTTP][39m [90m[39m
[35m[HTTP][39m [37m-->[39m [37mGET[39m [37m/wd/hub/session/14d913bd-c251-4ee0-a3d7-a2e0a6d359bd[39m
[35m[HTTP][39m [90m{}[39m
[35m[HTTP][39m [37m<-- GET /wd/hub/session/14d913bd-c251-4ee0-a3d7-a2e0a6d359bd [39m[32m200[39m [90m4 ms - 1144[39m
[35m[HTTP][39m [90m[39m
[35m[HTTP][39m [37m-->[39m [37mGET[39m [37m/wd/hub/session/14d913bd-c251-4ee0-a3d7-a2e0a6d359bd/element/9/location[39m
[35m[HTTP][39m [90m{}[39m
[35m[HTTP][39m [37m<-- GET /wd/hub/session/14d913bd-c251-4ee0-a3d7-a2e0a6d359bd/element/9/location [39m[32m200[39m [90m491 ms - 89[39m
[35m[HTTP][39m [90m[39m
[35m[HTTP][39m [37m-->[39m [37mGET[39m [37m/wd/hub/session/14d913bd-c251-4ee0-a3d7-a2e0a6d359bd/element/9/attribute/name[39m
[35m[HTTP][39m [90m{}[39m
[35m[HTTP][39m [37m<-- GET /wd/hub/session/14d913bd-c251-4ee0-a3d7-a2e0a6d359bd/element/9/attribute/name [39m[32m200[39m [90m507 ms - 88[39m
[35m[HTTP][39m [90m[39m
[35m[HTTP][39m [37m-->[39m [37mGET[39m [37m/wd/hub/session/14d913bd-c251-4ee0-a3d7-a2e0a6d359bd/window/current/size[39m
[35m[HTTP][39m [90m{}[39m
[35m[HTTP][39m [37m<-- GET /wd/hub/session/14d913bd-c251-4ee0-a3d7-a2e0a6d359bd/window/current/size [39m[32m200[39m [90m12 ms - 99[39m
[35m[HTTP][39m [90m[39m
[35m[HTTP][39m [37m-->[39m [37mPOST[39m [37m/wd/hub/session/14d913bd-c251-4ee0-a3d7-a2e0a6d359bd/elements[39m
[35m[HTTP][39m [90m{"using":"-android uiautomator","value":"new UiSelector().description(\"pinCircleFocus\")"}[39m
[35m[HTTP][39m [37m<-- POST /wd/hub/session/14d913bd-c251-4ee0-a3d7-a2e0a6d359bd/elements [39m[32m200[39m [90m2883 ms - 90[39m
[35m[HTTP][39m [90m[39m
[35m[HTTP][39m [37m-->[39m [37mGET[39m [37m/wd/hub/session/14d913bd-c251-4ee0-a3d7-a2e0a6d359bd[39m
[35m[HTTP][39m [90m{}[39m
[35m[HTTP][39m [37m<-- GET /wd/hub/session/14d913bd-c251-4ee0-a3d7-a2e0a6d359bd [39m[32m200[39m [90m8 ms - 1144[39m
[35m[HTTP][39m [90m[39m
[35m[HTTP][39m [37m-->[39m [37mGET[39m [37m/wd/hub/session/14d913bd-c251-4ee0-a3d7-a2e0a6d359bd[39m
[35m[HTTP][39m [90m{}[39m
[35m[HTTP][39m [37m<-- GET /wd/hub/session/14d913bd-c251-4ee0-a3d7-a2e0a6d359bd [39m[32m200[39m [90m4 ms - 1144[39m
[35m[HTTP][39m [90m[39m
[35m[HTTP][39m [37m-->[39m [37mGET[39m [37m/wd/hub/session/14d913bd-c251-4ee0-a3d7-a2e0a6d359bd[39m
[35m[HTTP][39m [90m{}[39m
[35m[HTTP][39m [37m<-- GET /wd/hub/session/14d913bd-c251-4ee0-a3d7-a2e0a6d359bd [39m[32m200[39m [90m9 ms - 1144[39m
[35m[HTTP][39m [90m[39m
[35m[HTTP][39m [37m-->[39m [37mGET[39m [37m/wd/hub/session/14d913bd-c251-4ee0-a3d7-a2e0a6d359bd[39m
[35m[HTTP][39m [90m{}[39m
[35m[HTTP][39m [37m<-- GET /wd/hub/session/14d913bd-c251-4ee0-a3d7-a2e0a6d359bd [39m[32m200[39m [90m3 ms - 1144[39m
[35m[HTTP][39m [90m[39m
[35m[HTTP][39m [37m-->[39m [37mGET[39m [37m/wd/hub/session/14d913bd-c251-4ee0-a3d7-a2e0a6d359bd/element/10/location[39m
[35m[HTTP][39m [90m{}[39m
[35m[HTTP][39m [37m<-- GET /wd/hub/session/14d913bd-c251-4ee0-a3d7-a2e0a6d359bd/element/10/location [39m[32m200[39m [90m478 ms - 89[39m
[35m[HTTP][39m [90m[39m
[35m[HTTP][39m [37m-->[39m [37mPOST[39m [37m/wd/hub/session/14d913bd-c251-4ee0-a3d7-a2e0a6d359bd/touch/perform[39m
[35m[HTTP][39m [90m{"actions":[{"action":"tap","options":{"element":"10","x":1,"y":1}}]}[39m
[35m[HTTP][39m [37m<-- POST /wd/hub/session/14d913bd-c251-4ee0-a3d7-a2e0a6d359bd/touch/perform [39m[32m200[39m [90m1337 ms - 76[39m
[35m[HTTP][39m [90m[39m
[35m[HTTP][39m [37m-->[39m [37mGET[39m [37m/wd/hub/session/14d913bd-c251-4ee0-a3d7-a2e0a6d359bd/window/current/size[39m
[35m[HTTP][39m [90m{}[39m
[35m[HTTP][39m [37m<-- GET /wd/hub/session/14d913bd-c251-4ee0-a3d7-a2e0a6d359bd/window/current/size [39m[32m200[39m [90m25 ms - 99[39m
[35m[HTTP][39m [90m[39m
[35m[HTTP][39m [37m-->[39m [37mPOST[39m [37m/wd/hub/session/14d913bd-c251-4ee0-a3d7-a2e0a6d359bd/elements[39m
[35m[HTTP][39m [90m{"using":"-android uiautomator","value":"new UiSelector().description(\"pinCircleFocus\")"}[39m
[35m[HTTP][39m [37m<-- POST /wd/hub/session/14d913bd-c251-4ee0-a3d7-a2e0a6d359bd/elements [39m[32m200[39m [90m6168 ms - 90[39m
[35m[HTTP][39m [90m[39m
[35m[HTTP][39m [37m-->[39m [37mGET[39m [37m/wd/hub/session/14d913bd-c251-4ee0-a3d7-a2e0a6d359bd[39m
[35m[HTTP][39m [90m{}[39m
[35m[HTTP][39m [37m<-- GET /wd/hub/session/14d913bd-c251-4ee0-a3d7-a2e0a6d359bd [39m[32m200[39m [90m8 ms - 1144[39m
[35m[HTTP][39m [90m[39m
[35m[HTTP][39m [37m-->[39m [37mGET[39m [37m/wd/hub/session/14d913bd-c251-4ee0-a3d7-a2e0a6d359bd[39m
[35m[HTTP][39m [90m{}[39m
[35m[HTTP][39m [37m<-- GET /wd/hub/session/14d913bd-c251-4ee0-a3d7-a2e0a6d359bd [39m[32m200[39m [90m5 ms - 1144[39m
[35m[HTTP][39m [90m[39m
[35m[HTTP][39m [37m-->[39m [37mGET[39m [37m/wd/hub/session/14d913bd-c251-4ee0-a3d7-a2e0a6d359bd[39m
[35m[HTTP][39m [90m{}[39m
[35m[HTTP][39m [37m<-- GET /wd/hub/session/14d913bd-c251-4ee0-a3d7-a2e0a6d359bd [39m[32m200[39m [90m5 ms - 1144[39m
[35m[HTTP][39m [90m[39m
[35m[HTTP][39m [37m-->[39m [37mGET[39m [37m/wd/hub/session/14d913bd-c251-4ee0-a3d7-a2e0a6d359bd[39m
[35m[HTTP][39m [90m{}[39m
[35m[HTTP][39m [37m<-- GET /wd/hub/session/14d913bd-c251-4ee0-a3d7-a2e0a6d359bd [39m[32m200[39m [90m5 ms - 1144[39m
[35m[HTTP][39m [90m[39m
[35m[HTTP][39m [37m-->[39m [37mGET[39m [37m/wd/hub/session/14d913bd-c251-4ee0-a3d7-a2e0a6d359bd/element/11/location[39m
[35m[HTTP][39m [90m{}[39m
[35m[HTTP][39m [37m<-- GET /wd/hub/session/14d913bd-c251-4ee0-a3d7-a2e0a6d359bd/element/11/location [39m[32m200[39m [90m479 ms - 89[39m
[35m[HTTP][39m [90m[39m
[35m[HTTP][39m [37m-->[39m [37mPOST[39m [37m/wd/hub/session/14d913bd-c251-4ee0-a3d7-a2e0a6d359bd/element/11/clear[39m
[35m[HTTP][39m [90m{"id":"11"}[39m
[35m[HTTP][39m [37m<-- POST /wd/hub/session/14d913bd-c251-4ee0-a3d7-a2e0a6d359bd/element/11/clear [39m[32m200[39m [90m4007 ms - 76[39m
[35m[HTTP][39m [90m[39m
[35m[HTTP][39m [37m-->[39m [37mPOST[39m [37m/wd/hub/session/14d913bd-c251-4ee0-a3d7-a2e0a6d359bd/element/11/value[39m
[35m[HTTP][39m [90m{"id":"11","value":["123456"]}[39m
[35m[HTTP][39m [37m<-- POST /wd/hub/session/14d913bd-c251-4ee0-a3d7-a2e0a6d359bd/element/11/value [39m[32m200[39m [90m8936 ms - 76[39m
[35m[HTTP][39m [90m[39m
[35m[HTTP][39m [37m-->[39m [37mGET[39m [37m/wd/hub/session/14d913bd-c251-4ee0-a3d7-a2e0a6d359bd/window/current/size[39m
[35m[HTTP][39m [90m{}[39m
[35m[HTTP][39m [37m<-- GET /wd/hub/session/14d913bd-c251-4ee0-a3d7-a2e0a6d359bd/window/current/size [39m[32m200[39m [90m11 ms - 99[39m
[35m[HTTP][39m [90m[39m
[35m[HTTP][39m [37m-->[39m [37mPOST[39m [37m/wd/hub/session/14d913bd-c251-4ee0-a3d7-a2e0a6d359bd/elements[39m
[35m[HTTP][39m [90m{"using":"-android uiautomator","value":"new UiSelector().description(\"headerBar_button_hamburgerMenu\")"}[39m
[35m[HTTP][39m [37m<-- POST /wd/hub/session/14d913bd-c251-4ee0-a3d7-a2e0a6d359bd/elements [39m[32m200[39m [90m2163 ms - 90[39m
[35m[HTTP][39m [90m[39m
[35m[HTTP][39m [37m-->[39m [37mGET[39m [37m/wd/hub/session/14d913bd-c251-4ee0-a3d7-a2e0a6d359bd[39m
[35m[HTTP][39m [90m{}[39m
[35m[HTTP][39m [37m<-- GET /wd/hub/session/14d913bd-c251-4ee0-a3d7-a2e0a6d359bd [39m[32m200[39m [90m6 ms - 1144[39m
[35m[HTTP][39m [90m[39m
[35m[HTTP][39m [37m-->[39m [37mGET[39m [37m/wd/hub/session/14d913bd-c251-4ee0-a3d7-a2e0a6d359bd[39m
[35m[HTTP][39m [90m{}[39m
[35m[HTTP][39m [37m<-- GET /wd/hub/session/14d913bd-c251-4ee0-a3d7-a2e0a6d359bd [39m[32m200[39m [90m6 ms - 1144[39m
[35m[HTTP][39m [90m[39m
[35m[HTTP][39m [37m-->[39m [37mGET[39m [37m/wd/hub/session/14d913bd-c251-4ee0-a3d7-a2e0a6d359bd[39m
[35m[HTTP][39m [90m{}[39m
[35m[HTTP][39m [37m<-- GET /wd/hub/session/14d913bd-c251-4ee0-a3d7-a2e0a6d359bd [39m[32m200[39m [90m5 ms - 1144[39m
[35m[HTTP][39m [90m[39m
[35m[HTTP][39m [37m-->[39m [37mGET[39m [37m/wd/hub/session/14d913bd-c251-4ee0-a3d7-a2e0a6d359bd[39m
[35m[HTTP][39m [90m{}[39m
[35m[HTTP][39m [37m<-- GET /wd/hub/session/14d913bd-c251-4ee0-a3d7-a2e0a6d359bd [39m[32m200[39m [90m3 ms - 1144[39m
[35m[HTTP][39m [90m[39m
[35m[HTTP][39m [37m-->[39m [37mGET[39m [37m/wd/hub/session/14d913bd-c251-4ee0-a3d7-a2e0a6d359bd/element/12/location[39m
[35m[HTTP][39m [90m{}[39m
[35m[HTTP][39m [37m<-- GET /wd/hub/session/14d913bd-c251-4ee0-a3d7-a2e0a6d359bd/element/12/location [39m[32m200[39m [90m665 ms - 87[39m
[35m[HTTP][39m [90m[39m
[35m[HTTP][39m [37m-->[39m [37mGET[39m [37m/wd/hub/session/14d913bd-c251-4ee0-a3d7-a2e0a6d359bd/window/current/size[39m
[35m[HTTP][39m [90m{}[39m
[35m[HTTP][39m [37m<-- GET /wd/hub/session/14d913bd-c251-4ee0-a3d7-a2e0a6d359bd/window/current/size [39m[32m200[39m [90m11 ms - 99[39m
[35m[HTTP][39m [90m[39m
[35m[HTTP][39m [37m-->[39m [37mPOST[39m [37m/wd/hub/session/14d913bd-c251-4ee0-a3d7-a2e0a6d359bd/elements[39m
[35m[HTTP][39m [90m{"using":"-android uiautomator","value":"new UiSelector().description(\"headerBar_button_hamburgerMenu\")"}[39m
[35m[HTTP][39m [37m<-- POST /wd/hub/session/14d913bd-c251-4ee0-a3d7-a2e0a6d359bd/elements [39m[32m200[39m [90m5689 ms - 90[39m
[35m[HTTP][39m [90m[39m
[35m[HTTP][39m [37m-->[39m [37mGET[39m [37m/wd/hub/session/14d913bd-c251-4ee0-a3d7-a2e0a6d359bd[39m
[35m[HTTP][39m [90m{}[39m
[35m[HTTP][39m [37m<-- GET /wd/hub/session/14d913bd-c251-4ee0-a3d7-a2e0a6d359bd [39m[32m200[39m [90m13 ms - 1144[39m
[35m[HTTP][39m [90m[39m
[35m[HTTP][39m [37m-->[39m [37mGET[39m [37m/wd/hub/session/14d913bd-c251-4ee0-a3d7-a2e0a6d359bd[39m
[35m[HTTP][39m [90m{}[39m
[35m[HTTP][39m [37m<-- GET /wd/hub/session/14d913bd-c251-4ee0-a3d7-a2e0a6d359bd [39m[32m200[39m [90m4 ms - 1144[39m
[35m[HTTP][39m [90m[39m
[35m[HTTP][39m [37m-->[39m [37mGET[39m [37m/wd/hub/session/14d913bd-c251-4ee0-a3d7-a2e0a6d359bd[39m
[35m[HTTP][39m [90m{}[39m
[35m[HTTP][39m [37m<-- GET /wd/hub/session/14d913bd-c251-4ee0-a3d7-a2e0a6d359bd [39m[32m200[39m [90m3 ms - 1144[39m
[35m[HTTP][39m [90m[39m
[35m[HTTP][39m [37m-->[39m [37mGET[39m [37m/wd/hub/session/14d913bd-c251-4ee0-a3d7-a2e0a6d359bd[39m
[35m[HTTP][39m [90m{}[39m
[35m[HTTP][39m [37m<-- GET /wd/hub/session/14d913bd-c251-4ee0-a3d7-a2e0a6d359bd [39m[32m200[39m [90m5 ms - 1144[39m
[35m[HTTP][39m [90m[39m
[35m[HTTP][39m [37m-->[39m [37mGET[39m [37m/wd/hub/session/14d913bd-c251-4ee0-a3d7-a2e0a6d359bd/element/13/location[39m
[35m[HTTP][39m [90m{}[39m
[35m[HTTP][39m [37m<-- GET /wd/hub/session/14d913bd-c251-4ee0-a3d7-a2e0a6d359bd/element/13/location [39m[32m200[39m [90m1063 ms - 87[39m
[35m[HTTP][39m [90m[39m
[35m[HTTP][39m [37m-->[39m [37mGET[39m [37m/wd/hub/session/14d913bd-c251-4ee0-a3d7-a2e0a6d359bd/element/13/attribute/name[39m
[35m[HTTP][39m [90m{}[39m
[35m[HTTP][39m [37m<-- GET /wd/hub/session/14d913bd-c251-4ee0-a3d7-a2e0a6d359bd/element/13/attribute/name [39m[32m200[39m [90m517 ms - 104[39m
[35m[HTTP][39m [90m[39m
[35m[HTTP][39m [37m-->[39m [37mGET[39m [37m/wd/hub/session/14d913bd-c251-4ee0-a3d7-a2e0a6d359bd/window/current/size[39m
[35m[HTTP][39m [90m{}[39m
[35m[HTTP][39m [37m<-- GET /wd/hub/session/14d913bd-c251-4ee0-a3d7-a2e0a6d359bd/window/current/size [39m[32m200[39m [90m12 ms - 99[39m
[35m[HTTP][39m [90m[39m
[35m[HTTP][39m [37m-->[39m [37mPOST[39m [37m/wd/hub/session/14d913bd-c251-4ee0-a3d7-a2e0a6d359bd/elements[39m
[35m[HTTP][39m [90m{"using":"-android uiautomator","value":"new UiSelector().description(\"headerBar_button_hamburgerMenu\")"}[39m
[35m[HTTP][39m [37m<-- POST /wd/hub/session/14d913bd-c251-4ee0-a3d7-a2e0a6d359bd/elements [39m[32m200[39m [90m6403 ms - 90[39m
[35m[HTTP][39m [90m[39m
[35m[HTTP][39m [37m-->[39m [37mGET[39m [37m/wd/hub/session/14d913bd-c251-4ee0-a3d7-a2e0a6d359bd[39m
[35m[HTTP][39m [90m{}[39m
[35m[HTTP][39m [37m<-- GET /wd/hub/session/14d913bd-c251-4ee0-a3d7-a2e0a6d359bd [39m[32m200[39m [90m8 ms - 1144[39m
[35m[HTTP][39m [90m[39m
[35m[HTTP][39m [37m-->[39m [37mGET[39m [37m/wd/hub/session/14d913bd-c251-4ee0-a3d7-a2e0a6d359bd[39m
[35m[HTTP][39m [90m{}[39m
[35m[HTTP][39m [37m<-- GET /wd/hub/session/14d913bd-c251-4ee0-a3d7-a2e0a6d359bd [39m[32m200[39m [90m9 ms - 1144[39m
[35m[HTTP][39m [90m[39m
[35m[HTTP][39m [37m-->[39m [37mGET[39m [37m/wd/hub/session/14d913bd-c251-4ee0-a3d7-a2e0a6d359bd[39m
[35m[HTTP][39m [90m{}[39m
[35m[HTTP][39m [37m<-- GET /wd/hub/session/14d913bd-c251-4ee0-a3d7-a2e0a6d359bd [39m[32m200[39m [90m8 ms - 1144[39m
[35m[HTTP][39m [90m[39m
[35m[HTTP][39m [37m-->[39m [37mGET[39m [37m/wd/hub/session/14d913bd-c251-4ee0-a3d7-a2e0a6d359bd[39m
[35m[HTTP][39m [90m{}[39m
[35m[HTTP][39m [37m<-- GET /wd/hub/session/14d913bd-c251-4ee0-a3d7-a2e0a6d359bd [39m[32m200[39m [90m5 ms - 1144[39m
[35m[HTTP][39m [90m[39m
[35m[HTTP][39m [37m-->[39m [37mGET[39m [37m/wd/hub/session/14d913bd-c251-4ee0-a3d7-a2e0a6d359bd/element/14/location[39m
[35m[HTTP][39m [90m{}[39m
[35m[HTTP][39m [37m<-- GET /wd/hub/session/14d913bd-c251-4ee0-a3d7-a2e0a6d359bd/element/14/location [39m[32m200[39m [90m1025 ms - 87[39m
[35m[HTTP][39m [90m[39m
[35m[HTTP][39m [37m-->[39m [37mPOST[39m [37m/wd/hub/session/14d913bd-c251-4ee0-a3d7-a2e0a6d359bd/touch/perform[39m
[35m[HTTP][39m [90m{"actions":[{"action":"tap","options":{"element":"14","x":1,"y":1}}]}[39m
[35m[HTTP][39m [37m<-- POST /wd/hub/session/14d913bd-c251-4ee0-a3d7-a2e0a6d359bd/touch/perform [39m[32m200[39m [90m1187 ms - 76[39m
[35m[HTTP][39m [90m[39m
[35m[HTTP][39m [37m-->[39m [37mGET[39m [37m/wd/hub/session/14d913bd-c251-4ee0-a3d7-a2e0a6d359bd/window/current/size[39m
[35m[HTTP][39m [90m{}[39m
[35m[HTTP][39m [37m<-- GET /wd/hub/session/14d913bd-c251-4ee0-a3d7-a2e0a6d359bd/window/current/size [39m[32m200[39m [90m15 ms - 99[39m
[35m[HTTP][39m [90m[39m
[35m[HTTP][39m [37m-->[39m [37mPOST[39m [37m/wd/hub/session/14d913bd-c251-4ee0-a3d7-a2e0a6d359bd/elements[39m
[35m[HTTP][39m [90m{"using":"-android uiautomator","value":"new UiSelector().description(\"produkMenuItem\")"}[39m
[35m[HTTP][39m [37m<-- POST /wd/hub/session/14d913bd-c251-4ee0-a3d7-a2e0a6d359bd/elements [39m[32m200[39m [90m5727 ms - 107[39m
[35m[HTTP][39m [90m[39m
[35m[HTTP][39m [37m-->[39m [37mGET[39m [37m/wd/hub/session/14d913bd-c251-4ee0-a3d7-a2e0a6d359bd[39m
[35m[HTTP][39m [90m{}[39m
[35m[HTTP][39m [37m<-- GET /wd/hub/session/14d913bd-c251-4ee0-a3d7-a2e0a6d359bd [39m[32m200[39m [90m7 ms - 1144[39m
[35m[HTTP][39m [90m[39m
[35m[HTTP][39m [37m-->[39m [37mGET[39m [37m/wd/hub/session/14d913bd-c251-4ee0-a3d7-a2e0a6d359bd[39m
[35m[HTTP][39m [90m{}[39m
[35m[HTTP][39m [37m<-- GET /wd/hub/session/14d913bd-c251-4ee0-a3d7-a2e0a6d359bd [39m[32m200[39m [90m7 ms - 1144[39m
[35m[HTTP][39m [90m[39m
[35m[HTTP][39m [37m-->[39m [37mGET[39m [37m/wd/hub/session/14d913bd-c251-4ee0-a3d7-a2e0a6d359bd[39m
[35m[HTTP][39m [90m{}[39m
[35m[HTTP][39m [37m<-- GET /wd/hub/session/14d913bd-c251-4ee0-a3d7-a2e0a6d359bd [39m[32m200[39m [90m4 ms - 1144[39m
[35m[HTTP][39m [90m[39m
[35m[HTTP][39m [37m-->[39m [37mGET[39m [37m/wd/hub/session/14d913bd-c251-4ee0-a3d7-a2e0a6d359bd[39m
[35m[HTTP][39m [90m{}[39m
[35m[HTTP][39m [37m<-- GET /wd/hub/session/14d913bd-c251-4ee0-a3d7-a2e0a6d359bd [39m[32m200[39m [90m3 ms - 1144[39m
[35m[HTTP][39m [90m[39m
[35m[HTTP][39m [37m-->[39m [37mGET[39m [37m/wd/hub/session/14d913bd-c251-4ee0-a3d7-a2e0a6d359bd[39m
[35m[HTTP][39m [90m{}[39m
[35m[HTTP][39m [37m<-- GET /wd/hub/session/14d913bd-c251-4ee0-a3d7-a2e0a6d359bd [39m[32m200[39m [90m3 ms - 1144[39m
[35m[HTTP][39m [90m[39m
[35m[HTTP][39m [37m-->[39m [37mGET[39m [37m/wd/hub/session/14d913bd-c251-4ee0-a3d7-a2e0a6d359bd[39m
[35m[HTTP][39m [90m{}[39m
[35m[HTTP][39m [37m<-- GET /wd/hub/session/14d913bd-c251-4ee0-a3d7-a2e0a6d359bd [39m[32m200[39m [90m6 ms - 1144[39m
[35m[HTTP][39m [90m[39m
[35m[HTTP][39m [37m-->[39m [37mGET[39m [37m/wd/hub/session/14d913bd-c251-4ee0-a3d7-a2e0a6d359bd[39m
[35m[HTTP][39m [90m{}[39m
[35m[HTTP][39m [37m<-- GET /wd/hub/session/14d913bd-c251-4ee0-a3d7-a2e0a6d359bd [39m[32m200[39m [90m4 ms - 1144[39m
[35m[HTTP][39m [90m[39m
[35m[HTTP][39m [37m-->[39m [37mGET[39m [37m/wd/hub/session/14d913bd-c251-4ee0-a3d7-a2e0a6d359bd[39m
[35m[HTTP][39m [90m{}[39m
[35m[HTTP][39m [37m<-- GET /wd/hub/session/14d913bd-c251-4ee0-a3d7-a2e0a6d359bd [39m[32m200[39m [90m3 ms - 1144[39m
[35m[HTTP][39m [90m[39m
[35m[HTTP][39m [37m-->[39m [37mGET[39m [37m/wd/hub/session/14d913bd-c251-4ee0-a3d7-a2e0a6d359bd/element/15/location[39m
[35m[HTTP][39m [90m{}[39m
[35m[HTTP][39m [37m<-- GET /wd/hub/session/14d913bd-c251-4ee0-a3d7-a2e0a6d359bd/element/15/location [39m[32m200[39m [90m990 ms - 87[39m
[35m[HTTP][39m [90m[39m
[35m[HTTP][39m [37m-->[39m [37mGET[39m [37m/wd/hub/session/14d913bd-c251-4ee0-a3d7-a2e0a6d359bd/window/current/size[39m
[35m[HTTP][39m [90m{}[39m
[35m[HTTP][39m [37m<-- GET /wd/hub/session/14d913bd-c251-4ee0-a3d7-a2e0a6d359bd/window/current/size [39m[32m200[39m [90m14 ms - 99[39m
[35m[HTTP][39m [90m[39m
[35m[HTTP][39m [37m-->[39m [37mPOST[39m [37m/wd/hub/session/14d913bd-c251-4ee0-a3d7-a2e0a6d359bd/elements[39m
[35m[HTTP][39m [90m{"using":"-android uiautomator","value":"new UiSelector().description(\"produkMenuItem\")"}[39m
[35m[HTTP][39m [37m<-- POST /wd/hub/session/14d913bd-c251-4ee0-a3d7-a2e0a6d359bd/elements [39m[32m200[39m [90m3986 ms - 107[39m
[35m[HTTP][39m [90m[39m
[35m[HTTP][39m [37m-->[39m [37mGET[39m [37m/wd/hub/session/14d913bd-c251-4ee0-a3d7-a2e0a6d359bd[39m
[35m[HTTP][39m [90m{}[39m
[35m[HTTP][39m [37m<-- GET /wd/hub/session/14d913bd-c251-4ee0-a3d7-a2e0a6d359bd [39m[32m200[39m [90m7 ms - 1144[39m
[35m[HTTP][39m [90m[39m
[35m[HTTP][39m [37m-->[39m [37mGET[39m [37m/wd/hub/session/14d913bd-c251-4ee0-a3d7-a2e0a6d359bd[39m
[35m[HTTP][39m [90m{}[39m
[35m[HTTP][39m [37m<-- GET /wd/hub/session/14d913bd-c251-4ee0-a3d7-a2e0a6d359bd [39m[32m200[39m [90m4 ms - 1144[39m
[35m[HTTP][39m [90m[39m
[35m[HTTP][39m [37m-->[39m [37mGET[39m [37m/wd/hub/session/14d913bd-c251-4ee0-a3d7-a2e0a6d359bd[39m
[35m[HTTP][39m [90m{}[39m
[35m[HTTP][39m [37m<-- GET /wd/hub/session/14d913bd-c251-4ee0-a3d7-a2e0a6d359bd [39m[32m200[39m [90m4 ms - 1144[39m
[35m[HTTP][39m [90m[39m
[35m[HTTP][39m [37m-->[39m [37mGET[39m [37m/wd/hub/session/14d913bd-c251-4ee0-a3d7-a2e0a6d359bd[39m
[35m[HTTP][39m [90m{}[39m
[35m[HTTP][39m [37m<-- GET /wd/hub/session/14d913bd-c251-4ee0-a3d7-a2e0a6d359bd [39m[32m200[39m [90m5 ms - 1144[39m
[35m[HTTP][39m [90m[39m
[35m[HTTP][39m [37m-->[39m [37mGET[39m [37m/wd/hub/session/14d913bd-c251-4ee0-a3d7-a2e0a6d359bd[39m
[35m[HTTP][39m [90m{}[39m
[35m[HTTP][39m [37m<-- GET /wd/hub/session/14d913bd-c251-4ee0-a3d7-a2e0a6d359bd [39m[32m200[39m [90m4 ms - 1144[39m
[35m[HTTP][39m [90m[39m
[35m[HTTP][39m [37m-->[39m [37mGET[39m [37m/wd/hub/session/14d913bd-c251-4ee0-a3d7-a2e0a6d359bd[39m
[35m[HTTP][39m [90m{}[39m
[35m[HTTP][39m [37m<-- GET /wd/hub/session/14d913bd-c251-4ee0-a3d7-a2e0a6d359bd [39m[32m200[39m [90m4 ms - 1144[39m
[35m[HTTP][39m [90m[39m
[35m[HTTP][39m [37m-->[39m [37mGET[39m [37m/wd/hub/session/14d913bd-c251-4ee0-a3d7-a2e0a6d359bd[39m
[35m[HTTP][39m [90m{}[39m
[35m[HTTP][39m [37m<-- GET /wd/hub/session/14d913bd-c251-4ee0-a3d7-a2e0a6d359bd [39m[32m200[39m [90m4 ms - 1144[39m
[35m[HTTP][39m [90m[39m
[35m[HTTP][39m [37m-->[39m [37mGET[39m [37m/wd/hub/session/14d913bd-c251-4ee0-a3d7-a2e0a6d359bd[39m
[35m[HTTP][39m [90m{}[39m
[35m[HTTP][39m [37m<-- GET /wd/hub/session/14d913bd-c251-4ee0-a3d7-a2e0a6d359bd [39m[32m200[39m [90m4 ms - 1144[39m
[35m[HTTP][39m [90m[39m
[35m[HTTP][39m [37m-->[39m [37mGET[39m [37m/wd/hub/session/14d913bd-c251-4ee0-a3d7-a2e0a6d359bd/element/17/location[39m
[35m[HTTP][39m [90m{}[39m
[35m[HTTP][39m [37m<-- GET /wd/hub/session/14d913bd-c251-4ee0-a3d7-a2e0a6d359bd/element/17/location [39m[32m200[39m [90m490 ms - 87[39m
[35m[HTTP][39m [90m[39m
[35m[HTTP][39m [37m-->[39m [37mGET[39m [37m/wd/hub/session/14d913bd-c251-4ee0-a3d7-a2e0a6d359bd/element/17/attribute/name[39m
[35m[HTTP][39m [90m{}[39m
[35m[HTTP][39m [37m<-- GET /wd/hub/session/14d913bd-c251-4ee0-a3d7-a2e0a6d359bd/element/17/attribute/name [39m[32m200[39m [90m498 ms - 88[39m
[35m[HTTP][39m [90m[39m
[35m[HTTP][39m [37m-->[39m [37mGET[39m [37m/wd/hub/session/14d913bd-c251-4ee0-a3d7-a2e0a6d359bd/window/current/size[39m
[35m[HTTP][39m [90m{}[39m
[35m[HTTP][39m [37m<-- GET /wd/hub/session/14d913bd-c251-4ee0-a3d7-a2e0a6d359bd/window/current/size [39m[32m200[39m [90m11 ms - 99[39m
[35m[HTTP][39m [90m[39m
[35m[HTTP][39m [37m-->[39m [37mPOST[39m [37m/wd/hub/session/14d913bd-c251-4ee0-a3d7-a2e0a6d359bd/elements[39m
[35m[HTTP][39m [90m{"using":"-android uiautomator","value":"new UiSelector().description(\"produkMenuItem\")"}[39m
[35m[HTTP][39m [37m<-- POST /wd/hub/session/14d913bd-c251-4ee0-a3d7-a2e0a6d359bd/elements [39m[32m200[39m [90m3922 ms - 107[39m
[35m[HTTP][39m [90m[39m
[35m[HTTP][39m [37m-->[39m [37mGET[39m [37m/wd/hub/session/14d913bd-c251-4ee0-a3d7-a2e0a6d359bd[39m
[35m[HTTP][39m [90m{}[39m
[35m[HTTP][39m [37m<-- GET /wd/hub/session/14d913bd-c251-4ee0-a3d7-a2e0a6d359bd [39m[32m200[39m [90m3 ms - 1144[39m
[35m[HTTP][39m [90m[39m
[35m[HTTP][39m [37m-->[39m [37mGET[39m [37m/wd/hub/session/14d913bd-c251-4ee0-a3d7-a2e0a6d359bd[39m
[35m[HTTP][39m [90m{}[39m
[35m[HTTP][39m [37m<-- GET /wd/hub/session/14d913bd-c251-4ee0-a3d7-a2e0a6d359bd [39m[32m200[39m [90m4 ms - 1144[39m
[35m[HTTP][39m [90m[39m
[35m[HTTP][39m [37m-->[39m [37mGET[39m [37m/wd/hub/session/14d913bd-c251-4ee0-a3d7-a2e0a6d359bd[39m
[35m[HTTP][39m [90m{}[39m
[35m[HTTP][39m [37m<-- GET /wd/hub/session/14d913bd-c251-4ee0-a3d7-a2e0a6d359bd [39m[32m200[39m [90m5 ms - 1144[39m
[35m[HTTP][39m [90m[39m
[35m[HTTP][39m [37m-->[39m [37mGET[39m [37m/wd/hub/session/14d913bd-c251-4ee0-a3d7-a2e0a6d359bd[39m
[35m[HTTP][39m [90m{}[39m
[35m[HTTP][39m [37m<-- GET /wd/hub/session/14d913bd-c251-4ee0-a3d7-a2e0a6d359bd [39m[32m200[39m [90m3 ms - 1144[39m
[35m[HTTP][39m [90m[39m
[35m[HTTP][39m [37m-->[39m [37mGET[39m [37m/wd/hub/session/14d913bd-c251-4ee0-a3d7-a2e0a6d359bd[39m
[35m[HTTP][39m [90m{}[39m
[35m[HTTP][39m [37m<-- GET /wd/hub/session/14d913bd-c251-4ee0-a3d7-a2e0a6d359bd [39m[32m200[39m [90m4 ms - 1144[39m
[35m[HTTP][39m [90m[39m
[35m[HTTP][39m [37m-->[39m [37mGET[39m [37m/wd/hub/session/14d913bd-c251-4ee0-a3d7-a2e0a6d359bd[39m
[35m[HTTP][39m [90m{}[39m
[35m[HTTP][39m [37m<-- GET /wd/hub/session/14d913bd-c251-4ee0-a3d7-a2e0a6d359bd [39m[32m200[39m [90m2 ms - 1144[39m
[35m[HTTP][39m [90m[39m
[35m[HTTP][39m [37m-->[39m [37mGET[39m [37m/wd/hub/session/14d913bd-c251-4ee0-a3d7-a2e0a6d359bd[39m
[35m[HTTP][39m [90m{}[39m
[35m[HTTP][39m [37m<-- GET /wd/hub/session/14d913bd-c251-4ee0-a3d7-a2e0a6d359bd [39m[32m200[39m [90m2 ms - 1144[39m
[35m[HTTP][39m [90m[39m
[35m[HTTP][39m [37m-->[39m [37mGET[39m [37m/wd/hub/session/14d913bd-c251-4ee0-a3d7-a2e0a6d359bd[39m
[35m[HTTP][39m [90m{}[39m
[35m[HTTP][39m [37m<-- GET /wd/hub/session/14d913bd-c251-4ee0-a3d7-a2e0a6d359bd [39m[32m200[39m [90m3 ms - 1144[39m
[35m[HTTP][39m [90m[39m
[35m[HTTP][39m [37m-->[39m [37mGET[39m [37m/wd/hub/session/14d913bd-c251-4ee0-a3d7-a2e0a6d359bd/element/19/location[39m
[35m[HTTP][39m [90m{}[39m
[35m[HTTP][39m [37m<-- GET /wd/hub/session/14d913bd-c251-4ee0-a3d7-a2e0a6d359bd/element/19/location [39m[32m200[39m [90m481 ms - 87[39m
[35m[HTTP][39m [90m[39m
[35m[HTTP][39m [37m-->[39m [37mPOST[39m [37m/wd/hub/session/14d913bd-c251-4ee0-a3d7-a2e0a6d359bd/touch/perform[39m
[35m[HTTP][39m [90m{"actions":[{"action":"tap","options":{"element":"19","x":1,"y":1}}]}[39m
[35m[HTTP][39m [37m<-- POST /wd/hub/session/14d913bd-c251-4ee0-a3d7-a2e0a6d359bd/touch/perform [39m[32m200[39m [90m2660 ms - 76[39m
[35m[HTTP][39m [90m[39m
[35m[HTTP][39m [37m-->[39m [37mGET[39m [37m/wd/hub/session/14d913bd-c251-4ee0-a3d7-a2e0a6d359bd/window/current/size[39m
[35m[HTTP][39m [90m{}[39m
[35m[HTTP][39m [37m<-- GET /wd/hub/session/14d913bd-c251-4ee0-a3d7-a2e0a6d359bd/window/current/size [39m[32m200[39m [90m17 ms - 99[39m
[35m[HTTP][39m [90m[39m
[35m[HTTP][39m [37m-->[39m [37mPOST[39m [37m/wd/hub/session/14d913bd-c251-4ee0-a3d7-a2e0a6d359bd/elements[39m
[35m[HTTP][39m [90m{"using":"-android uiautomator","value":"new UiSelector().description(\"headerBar_text_headerTitle\").text(\"Produk\")"}[39m
[35m[HTTP][39m [37m<-- POST /wd/hub/session/14d913bd-c251-4ee0-a3d7-a2e0a6d359bd/elements [39m[32m200[39m [90m4876 ms - 90[39m
[35m[HTTP][39m [90m[39m
[35m[HTTP][39m [37m-->[39m [37mGET[39m [37m/wd/hub/session/14d913bd-c251-4ee0-a3d7-a2e0a6d359bd[39m
[35m[HTTP][39m [90m{}[39m
[35m[HTTP][39m [37m<-- GET /wd/hub/session/14d913bd-c251-4ee0-a3d7-a2e0a6d359bd [39m[32m200[39m [90m7 ms - 1144[39m
[35m[HTTP][39m [90m[39m
[35m[HTTP][39m [37m-->[39m [37mGET[39m [37m/wd/hub/session/14d913bd-c251-4ee0-a3d7-a2e0a6d359bd[39m
[35m[HTTP][39m [90m{}[39m
[35m[HTTP][39m [37m<-- GET /wd/hub/session/14d913bd-c251-4ee0-a3d7-a2e0a6d359bd [39m[32m200[39m [90m8 ms - 1144[39m
[35m[HTTP][39m [90m[39m
[35m[HTTP][39m [37m-->[39m [37mGET[39m [37m/wd/hub/session/14d913bd-c251-4ee0-a3d7-a2e0a6d359bd[39m
[35m[HTTP][39m [90m{}[39m
[35m[HTTP][39m [37m<-- GET /wd/hub/session/14d913bd-c251-4ee0-a3d7-a2e0a6d359bd [39m[32m200[39m [90m7 ms - 1144[39m
[35m[HTTP][39m [90m[39m
[35m[HTTP][39m [37m-->[39m [37mGET[39m [37m/wd/hub/session/14d913bd-c251-4ee0-a3d7-a2e0a6d359bd[39m
[35m[HTTP][39m [90m{}[39m
[35m[HTTP][39m [37m<-- GET /wd/hub/session/14d913bd-c251-4ee0-a3d7-a2e0a6d359bd [39m[32m200[39m [90m7 ms - 1144[39m
[35m[HTTP][39m [90m[39m
[35m[HTTP][39m [37m-->[39m [37mGET[39m [37m/wd/hub/session/14d913bd-c251-4ee0-a3d7-a2e0a6d359bd/element/21/location[39m
[35m[HTTP][39m [90m{}[39m
[35m[HTTP][39m [37m<-- GET /wd/hub/session/14d913bd-c251-4ee0-a3d7-a2e0a6d359bd/element/21/location [39m[32m200[39m [90m1764 ms - 88[39m
[35m[HTTP][39m [90m[39m
[35m[HTTP][39m [37m-->[39m [37mGET[39m [37m/wd/hub/session/14d913bd-c251-4ee0-a3d7-a2e0a6d359bd/element/21/displayed[39m
[35m[HTTP][39m [90m{}[39m
[35m[HTTP][39m [37m<-- GET /wd/hub/session/14d913bd-c251-4ee0-a3d7-a2e0a6d359bd/element/21/displayed [39m[32m200[39m [90m1109 ms - 76[39m
[35m[HTTP][39m [90m[39m
[35m[HTTP][39m [37m-->[39m [37mGET[39m [37m/wd/hub/session/14d913bd-c251-4ee0-a3d7-a2e0a6d359bd/window/current/size[39m
[35m[HTTP][39m [90m{}[39m
[35m[HTTP][39m [37m<-- GET /wd/hub/session/14d913bd-c251-4ee0-a3d7-a2e0a6d359bd/window/current/size [39m[32m200[39m [90m12 ms - 99[39m
[35m[HTTP][39m [90m[39m
[35m[HTTP][39m [37m-->[39m [37mPOST[39m [37m/wd/hub/session/14d913bd-c251-4ee0-a3d7-a2e0a6d359bd/elements[39m
[35m[HTTP][39m [90m{"using":"-android uiautomator","value":"new UiSelector().description(\"productListComponent_textInput_search\")"}[39m
[35m[HTTP][39m [37m<-- POST /wd/hub/session/14d913bd-c251-4ee0-a3d7-a2e0a6d359bd/elements [39m[32m200[39m [90m1521 ms - 90[39m
[35m[HTTP][39m [90m[39m
[35m[HTTP][39m [37m-->[39m [37mGET[39m [37m/wd/hub/session/14d913bd-c251-4ee0-a3d7-a2e0a6d359bd[39m
[35m[HTTP][39m [90m{}[39m
[35m[HTTP][39m [37m<-- GET /wd/hub/session/14d913bd-c251-4ee0-a3d7-a2e0a6d359bd [39m[32m200[39m [90m7 ms - 1144[39m
[35m[HTTP][39m [90m[39m
[35m[HTTP][39m [37m-->[39m [37mGET[39m [37m/wd/hub/session/14d913bd-c251-4ee0-a3d7-a2e0a6d359bd[39m
[35m[HTTP][39m [90m{}[39m
[35m[HTTP][39m [37m<-- GET /wd/hub/session/14d913bd-c251-4ee0-a3d7-a2e0a6d359bd [39m[32m200[39m [90m7 ms - 1144[39m
[35m[HTTP][39m [90m[39m
[35m[HTTP][39m [37m-->[39m [37mGET[39m [37m/wd/hub/session/14d913bd-c251-4ee0-a3d7-a2e0a6d359bd[39m
[35m[HTTP][39m [90m{}[39m
[35m[HTTP][39m [37m<-- GET /wd/hub/session/14d913bd-c251-4ee0-a3d7-a2e0a6d359bd [39m[32m200[39m [90m9 ms - 1144[39m
[35m[HTTP][39m [90m[39m
[35m[HTTP][39m [37m-->[39m [37mGET[39m [37m/wd/hub/session/14d913bd-c251-4ee0-a3d7-a2e0a6d359bd[39m
[35m[HTTP][39m [90m{}[39m
[35m[HTTP][39m [37m<-- GET /wd/hub/session/14d913bd-c251-4ee0-a3d7-a2e0a6d359bd [39m[32m200[39m [90m5 ms - 1144[39m
[35m[HTTP][39m [90m[39m
[35m[HTTP][39m [37m-->[39m [37mGET[39m [37m/wd/hub/session/14d913bd-c251-4ee0-a3d7-a2e0a6d359bd/element/22/location[39m
[35m[HTTP][39m [90m{}[39m
[35m[HTTP][39m [37m<-- GET /wd/hub/session/14d913bd-c251-4ee0-a3d7-a2e0a6d359bd/element/22/location [39m[32m200[39m [90m1290 ms - 88[39m
[35m[HTTP][39m [90m[39m
[35m[HTTP][39m [37m-->[39m [37mGET[39m [37m/wd/hub/session/14d913bd-c251-4ee0-a3d7-a2e0a6d359bd/window/current/size[39m
[35m[HTTP][39m [90m{}[39m
[35m[HTTP][39m [37m<-- GET /wd/hub/session/14d913bd-c251-4ee0-a3d7-a2e0a6d359bd/window/current/size [39m[32m200[39m [90m18 ms - 99[39m
[35m[HTTP][39m [90m[39m
[35m[HTTP][39m [37m-->[39m [37mPOST[39m [37m/wd/hub/session/14d913bd-c251-4ee0-a3d7-a2e0a6d359bd/elements[39m
[35m[HTTP][39m [90m{"using":"-android uiautomator","value":"new UiSelector().description(\"productListComponent_textInput_search\")"}[39m
[35m[HTTP][39m [37m<-- POST /wd/hub/session/14d913bd-c251-4ee0-a3d7-a2e0a6d359bd/elements [39m[32m200[39m [90m6210 ms - 90[39m
[35m[HTTP][39m [90m[39m
[35m[HTTP][39m [37m-->[39m [37mGET[39m [37m/wd/hub/session/14d913bd-c251-4ee0-a3d7-a2e0a6d359bd[39m
[35m[HTTP][39m [90m{}[39m
[35m[HTTP][39m [37m<-- GET /wd/hub/session/14d913bd-c251-4ee0-a3d7-a2e0a6d359bd [39m[32m200[39m [90m9 ms - 1144[39m
[35m[HTTP][39m [90m[39m
[35m[HTTP][39m [37m-->[39m [37mGET[39m [37m/wd/hub/session/14d913bd-c251-4ee0-a3d7-a2e0a6d359bd[39m
[35m[HTTP][39m [90m{}[39m
[35m[HTTP][39m [37m<-- GET /wd/hub/session/14d913bd-c251-4ee0-a3d7-a2e0a6d359bd [39m[32m200[39m [90m9 ms - 1144[39m
[35m[HTTP][39m [90m[39m
[35m[HTTP][39m [37m-->[39m [37mGET[39m [37m/wd/hub/session/14d913bd-c251-4ee0-a3d7-a2e0a6d359bd[39m
[35m[HTTP][39m [90m{}[39m
[35m[HTTP][39m [37m<-- GET /wd/hub/session/14d913bd-c251-4ee0-a3d7-a2e0a6d359bd [39m[32m200[39m [90m4 ms - 1144[39m
[35m[HTTP][39m [90m[39m
[35m[HTTP][39m [37m-->[39m [37mGET[39m [37m/wd/hub/session/14d913bd-c251-4ee0-a3d7-a2e0a6d359bd[39m
[35m[HTTP][39m [90m{}[39m
[35m[HTTP][39m [37m<-- GET /wd/hub/session/14d913bd-c251-4ee0-a3d7-a2e0a6d359bd [39m[32m200[39m [90m4 ms - 1144[39m
[35m[HTTP][39m [90m[39m
[35m[HTTP][39m [37m-->[39m [37mGET[39m [37m/wd/hub/session/14d913bd-c251-4ee0-a3d7-a2e0a6d359bd/element/23/location[39m
[35m[HTTP][39m [90m{}[39m
[35m[HTTP][39m [37m<-- GET /wd/hub/session/14d913bd-c251-4ee0-a3d7-a2e0a6d359bd/element/23/location [39m[32m200[39m [90m517 ms - 88[39m
[35m[HTTP][39m [90m[39m
[35m[HTTP][39m [37m-->[39m [37mGET[39m [37m/wd/hub/session/14d913bd-c251-4ee0-a3d7-a2e0a6d359bd/element/23/attribute/name[39m
[35m[HTTP][39m [90m{}[39m
[35m[HTTP][39m [37m<-- GET /wd/hub/session/14d913bd-c251-4ee0-a3d7-a2e0a6d359bd/element/23/attribute/name [39m[32m200[39m [90m1281 ms - 111[39m
[35m[HTTP][39m [90m[39m
[35m[HTTP][39m [37m-->[39m [37mGET[39m [37m/wd/hub/session/14d913bd-c251-4ee0-a3d7-a2e0a6d359bd/window/current/size[39m
[35m[HTTP][39m [90m{}[39m
[35m[HTTP][39m [37m<-- GET /wd/hub/session/14d913bd-c251-4ee0-a3d7-a2e0a6d359bd/window/current/size [39m[32m200[39m [90m9 ms - 99[39m
[35m[HTTP][39m [90m[39m
[35m[HTTP][39m [37m-->[39m [37mPOST[39m [37m/wd/hub/session/14d913bd-c251-4ee0-a3d7-a2e0a6d359bd/elements[39m
[35m[HTTP][39m [90m{"using":"-android uiautomator","value":"new UiSelector().description(\"productListComponent_textInput_search\")"}[39m
[35m[HTTP][39m [37m<-- POST /wd/hub/session/14d913bd-c251-4ee0-a3d7-a2e0a6d359bd/elements [39m[32m200[39m [90m5631 ms - 90[39m
[35m[HTTP][39m [90m[39m
[35m[HTTP][39m [37m-->[39m [37mGET[39m [37m/wd/hub/session/14d913bd-c251-4ee0-a3d7-a2e0a6d359bd[39m
[35m[HTTP][39m [90m{}[39m
[35m[HTTP][39m [37m<-- GET /wd/hub/session/14d913bd-c251-4ee0-a3d7-a2e0a6d359bd [39m[32m200[39m [90m7 ms - 1144[39m
[35m[HTTP][39m [90m[39m
[35m[HTTP][39m [37m-->[39m [37mGET[39m [37m/wd/hub/session/14d913bd-c251-4ee0-a3d7-a2e0a6d359bd[39m
[35m[HTTP][39m [90m{}[39m
[35m[HTTP][39m [37m<-- GET /wd/hub/session/14d913bd-c251-4ee0-a3d7-a2e0a6d359bd [39m[32m200[39m [90m7 ms - 1144[39m
[35m[HTTP][39m [90m[39m
[35m[HTTP][39m [37m-->[39m [37mGET[39m [37m/wd/hub/session/14d913bd-c251-4ee0-a3d7-a2e0a6d359bd[39m
[35m[HTTP][39m [90m{}[39m
[35m[HTTP][39m [37m<-- GET /wd/hub/session/14d913bd-c251-4ee0-a3d7-a2e0a6d359bd [39m[32m200[39m [90m5 ms - 1144[39m
[35m[HTTP][39m [90m[39m
[35m[HTTP][39m [37m-->[39m [37mGET[39m [37m/wd/hub/session/14d913bd-c251-4ee0-a3d7-a2e0a6d359bd[39m
[35m[HTTP][39m [90m{}[39m
[35m[HTTP][39m [37m<-- GET /wd/hub/session/14d913bd-c251-4ee0-a3d7-a2e0a6d359bd [39m[32m200[39m [90m4 ms - 1144[39m
[35m[HTTP][39m [90m[39m
[35m[HTTP][39m [37m-->[39m [37mGET[39m [37m/wd/hub/session/14d913bd-c251-4ee0-a3d7-a2e0a6d359bd/element/24/location[39m
[35m[HTTP][39m [90m{}[39m
[35m[HTTP][39m [37m<-- GET /wd/hub/session/14d913bd-c251-4ee0-a3d7-a2e0a6d359bd/element/24/location [39m[32m200[39m [90m447 ms - 88[39m
[35m[HTTP][39m [90m[39m
[35m[HTTP][39m [37m-->[39m [37mPOST[39m [37m/wd/hub/session/14d913bd-c251-4ee0-a3d7-a2e0a6d359bd/element/24/clear[39m
[35m[HTTP][39m [90m{"id":"24"}[39m
[35m[HTTP][39m [37m<-- POST /wd/hub/session/14d913bd-c251-4ee0-a3d7-a2e0a6d359bd/element/24/clear [39m[32m200[39m [90m3176 ms - 76[39m
[35m[HTTP][39m [90m[39m
[35m[HTTP][39m [37m-->[39m [37mGET[39m [37m/wd/hub/session/14d913bd-c251-4ee0-a3d7-a2e0a6d359bd/window/current/size[39m
[35m[HTTP][39m [90m{}[39m
[35m[HTTP][39m [37m<-- GET /wd/hub/session/14d913bd-c251-4ee0-a3d7-a2e0a6d359bd/window/current/size [39m[32m200[39m [90m8 ms - 99[39m
[35m[HTTP][39m [90m[39m
[35m[HTTP][39m [37m-->[39m [37mPOST[39m [37m/wd/hub/session/14d913bd-c251-4ee0-a3d7-a2e0a6d359bd/elements[39m
[35m[HTTP][39m [90m{"using":"-android uiautomator","value":"new UiSelector().description(\"choices-list-button\")"}[39m
[35m[HTTP][39m [37m<-- POST /wd/hub/session/14d913bd-c251-4ee0-a3d7-a2e0a6d359bd/elements [39m[32m200[39m [90m1365 ms - 90[39m
[35m[HTTP][39m [90m[39m
[35m[HTTP][39m [37m-->[39m [37mGET[39m [37m/wd/hub/session/14d913bd-c251-4ee0-a3d7-a2e0a6d359bd[39m
[35m[HTTP][39m [90m{}[39m
[35m[HTTP][39m [37m<-- GET /wd/hub/session/14d913bd-c251-4ee0-a3d7-a2e0a6d359bd [39m[32m200[39m [90m5 ms - 1144[39m
[35m[HTTP][39m [90m[39m
[35m[HTTP][39m [37m-->[39m [37mGET[39m [37m/wd/hub/session/14d913bd-c251-4ee0-a3d7-a2e0a6d359bd[39m
[35m[HTTP][39m [90m{}[39m
[35m[HTTP][39m [37m<-- GET /wd/hub/session/14d913bd-c251-4ee0-a3d7-a2e0a6d359bd [39m[32m200[39m [90m5 ms - 1144[39m
[35m[HTTP][39m [90m[39m
[35m[HTTP][39m [37m-->[39m [37mGET[39m [37m/wd/hub/session/14d913bd-c251-4ee0-a3d7-a2e0a6d359bd[39m
[35m[HTTP][39m [90m{}[39m
[35m[HTTP][39m [37m<-- GET /wd/hub/session/14d913bd-c251-4ee0-a3d7-a2e0a6d359bd [39m[32m200[39m [90m4 ms - 1144[39m
[35m[HTTP][39m [90m[39m
[35m[HTTP][39m [37m-->[39m [37mGET[39m [37m/wd/hub/session/14d913bd-c251-4ee0-a3d7-a2e0a6d359bd[39m
[35m[HTTP][39m [90m{}[39m
[35m[HTTP][39m [37m<-- GET /wd/hub/session/14d913bd-c251-4ee0-a3d7-a2e0a6d359bd [39m[32m200[39m [90m4 ms - 1144[39m
[35m[HTTP][39m [90m[39m
[35m[HTTP][39m [37m-->[39m [37mGET[39m [37m/wd/hub/session/14d913bd-c251-4ee0-a3d7-a2e0a6d359bd/element/25/location[39m
[35m[HTTP][39m [90m{}[39m
[35m[HTTP][39m [37m<-- GET /wd/hub/session/14d913bd-c251-4ee0-a3d7-a2e0a6d359bd/element/25/location [39m[32m200[39m [90m1287 ms - 89[39m
[35m[HTTP][39m [90m[39m
[35m[HTTP][39m [37m-->[39m [37mGET[39m [37m/wd/hub/session/14d913bd-c251-4ee0-a3d7-a2e0a6d359bd/window/current/size[39m
[35m[HTTP][39m [90m{}[39m
[35m[HTTP][39m [37m<-- GET /wd/hub/session/14d913bd-c251-4ee0-a3d7-a2e0a6d359bd/window/current/size [39m[32m200[39m [90m10 ms - 99[39m
[35m[HTTP][39m [90m[39m
[35m[HTTP][39m [37m-->[39m [37mPOST[39m [37m/wd/hub/session/14d913bd-c251-4ee0-a3d7-a2e0a6d359bd/elements[39m
[35m[HTTP][39m [90m{"using":"-android uiautomator","value":"new UiSelector().description(\"choices-list-button\")"}[39m
[35m[HTTP][39m [37m<-- POST /wd/hub/session/14d913bd-c251-4ee0-a3d7-a2e0a6d359bd/elements [39m[32m200[39m [90m2145 ms - 90[39m
[35m[HTTP][39m [90m[39m
[35m[HTTP][39m [37m-->[39m [37mGET[39m [37m/wd/hub/session/14d913bd-c251-4ee0-a3d7-a2e0a6d359bd[39m
[35m[HTTP][39m [90m{}[39m
[35m[HTTP][39m [37m<-- GET /wd/hub/session/14d913bd-c251-4ee0-a3d7-a2e0a6d359bd [39m[32m200[39m [90m7 ms - 1144[39m
[35m[HTTP][39m [90m[39m
[35m[HTTP][39m [37m-->[39m [37mGET[39m [37m/wd/hub/session/14d913bd-c251-4ee0-a3d7-a2e0a6d359bd[39m
[35m[HTTP][39m [90m{}[39m
[35m[HTTP][39m [37m<-- GET /wd/hub/session/14d913bd-c251-4ee0-a3d7-a2e0a6d359bd [39m[32m200[39m [90m5 ms - 1144[39m
[35m[HTTP][39m [90m[39m
[35m[HTTP][39m [37m-->[39m [37mGET[39m [37m/wd/hub/session/14d913bd-c251-4ee0-a3d7-a2e0a6d359bd[39m
[35m[HTTP][39m [90m{}[39m
[35m[HTTP][39m [37m<-- GET /wd/hub/session/14d913bd-c251-4ee0-a3d7-a2e0a6d359bd [39m[32m200[39m [90m3 ms - 1144[39m
[35m[HTTP][39m [90m[39m
[35m[HTTP][39m [37m-->[39m [37mGET[39m [37m/wd/hub/session/14d913bd-c251-4ee0-a3d7-a2e0a6d359bd[39m
[35m[HTTP][39m [90m{}[39m
[35m[HTTP][39m [37m<-- GET /wd/hub/session/14d913bd-c251-4ee0-a3d7-a2e0a6d359bd [39m[32m200[39m [90m2 ms - 1144[39m
[35m[HTTP][39m [90m[39m
[35m[HTTP][39m [37m-->[39m [37mGET[39m [37m/wd/hub/session/14d913bd-c251-4ee0-a3d7-a2e0a6d359bd/element/26/location[39m
[35m[HTTP][39m [90m{}[39m
[35m[HTTP][39m [37m<-- GET /wd/hub/session/14d913bd-c251-4ee0-a3d7-a2e0a6d359bd/element/26/location [39m[32m200[39m [90m480 ms - 89[39m
[35m[HTTP][39m [90m[39m
[35m[HTTP][39m [37m-->[39m [37mGET[39m [37m/wd/hub/session/14d913bd-c251-4ee0-a3d7-a2e0a6d359bd/element/26/attribute/name[39m
[35m[HTTP][39m [90m{}[39m
[35m[HTTP][39m [37m<-- GET /wd/hub/session/14d913bd-c251-4ee0-a3d7-a2e0a6d359bd/element/26/attribute/name [39m[32m200[39m [90m1327 ms - 93[39m
[35m[HTTP][39m [90m[39m
[35m[HTTP][39m [37m-->[39m [37mGET[39m [37m/wd/hub/session/14d913bd-c251-4ee0-a3d7-a2e0a6d359bd/window/current/size[39m
[35m[HTTP][39m [90m{}[39m
[35m[HTTP][39m [37m<-- GET /wd/hub/session/14d913bd-c251-4ee0-a3d7-a2e0a6d359bd/window/current/size [39m[32m200[39m [90m10 ms - 99[39m
[35m[HTTP][39m [90m[39m
[35m[HTTP][39m [37m-->[39m [37mPOST[39m [37m/wd/hub/session/14d913bd-c251-4ee0-a3d7-a2e0a6d359bd/elements[39m
[35m[HTTP][39m [90m{"using":"-android uiautomator","value":"new UiSelector().description(\"choices-list-button\")"}[39m
[35m[HTTP][39m [37m<-- POST /wd/hub/session/14d913bd-c251-4ee0-a3d7-a2e0a6d359bd/elements [39m[32m200[39m [90m2481 ms - 90[39m
[35m[HTTP][39m [90m[39m
[35m[HTTP][39m [37m-->[39m [37mGET[39m [37m/wd/hub/session/14d913bd-c251-4ee0-a3d7-a2e0a6d359bd[39m
[35m[HTTP][39m [90m{}[39m
[35m[HTTP][39m [37m<-- GET /wd/hub/session/14d913bd-c251-4ee0-a3d7-a2e0a6d359bd [39m[32m200[39m [90m9 ms - 1144[39m
[35m[HTTP][39m [90m[39m
[35m[HTTP][39m [37m-->[39m [37mGET[39m [37m/wd/hub/session/14d913bd-c251-4ee0-a3d7-a2e0a6d359bd[39m
[35m[HTTP][39m [90m{}[39m
[35m[HTTP][39m [37m<-- GET /wd/hub/session/14d913bd-c251-4ee0-a3d7-a2e0a6d359bd [39m[32m200[39m [90m4 ms - 1144[39m
[35m[HTTP][39m [90m[39m
[35m[HTTP][39m [37m-->[39m [37mGET[39m [37m/wd/hub/session/14d913bd-c251-4ee0-a3d7-a2e0a6d359bd[39m
[35m[HTTP][39m [90m{}[39m
[35m[HTTP][39m [37m<-- GET /wd/hub/session/14d913bd-c251-4ee0-a3d7-a2e0a6d359bd [39m[32m200[39m [90m5 ms - 1144[39m
[35m[HTTP][39m [90m[39m
[35m[HTTP][39m [37m-->[39m [37mGET[39m [37m/wd/hub/session/14d913bd-c251-4ee0-a3d7-a2e0a6d359bd[39m
[35m[HTTP][39m [90m{}[39m
[35m[HTTP][39m [37m<-- GET /wd/hub/session/14d913bd-c251-4ee0-a3d7-a2e0a6d359bd [39m[32m200[39m [90m4 ms - 1144[39m
[35m[HTTP][39m [90m[39m
[35m[HTTP][39m [37m-->[39m [37mGET[39m [37m/wd/hub/session/14d913bd-c251-4ee0-a3d7-a2e0a6d359bd/element/27/location[39m
[35m[HTTP][39m [90m{}[39m
[35m[HTTP][39m [37m<-- GET /wd/hub/session/14d913bd-c251-4ee0-a3d7-a2e0a6d359bd/element/27/location [39m[32m200[39m [90m1454 ms - 89[39m
[35m[HTTP][39m [90m[39m
[35m[HTTP][39m [37m-->[39m [37mPOST[39m [37m/wd/hub/session/14d913bd-c251-4ee0-a3d7-a2e0a6d359bd/touch/perform[39m
[35m[HTTP][39m [90m{"actions":[{"action":"tap","options":{"element":"27","x":1,"y":1}}]}[39m
[35m[HTTP][39m [37m<-- POST /wd/hub/session/14d913bd-c251-4ee0-a3d7-a2e0a6d359bd/touch/perform [39m[32m200[39m [90m1773 ms - 76[39m
[35m[HTTP][39m [90m[39m
[35m[HTTP][39m [37m-->[39m [37mGET[39m [37m/wd/hub/session/14d913bd-c251-4ee0-a3d7-a2e0a6d359bd/context[39m
[35m[HTTP][39m [90m{}[39m
[35m[HTTP][39m [37m<-- GET /wd/hub/session/14d913bd-c251-4ee0-a3d7-a2e0a6d359bd/context [39m[32m200[39m [90m2 ms - 84[39m
[35m[HTTP][39m [90m[39m
[35m[HTTP][39m [37m-->[39m [37mGET[39m [37m/wd/hub/session/14d913bd-c251-4ee0-a3d7-a2e0a6d359bd/contexts[39m
[35m[HTTP][39m [90m{}[39m
[35m[HTTP][39m [37m<-- GET /wd/hub/session/14d913bd-c251-4ee0-a3d7-a2e0a6d359bd/contexts [39m[32m200[39m [90m130 ms - 86[39m
[35m[HTTP][39m [90m[39m
[35m[HTTP][39m [37m-->[39m [37mPOST[39m [37m/wd/hub/session/14d913bd-c251-4ee0-a3d7-a2e0a6d359bd/context[39m
[35m[HTTP][39m [90m{"name":"NATIVE_APP"}[39m
[35m[HTTP][39m [37m<-- POST /wd/hub/session/14d913bd-c251-4ee0-a3d7-a2e0a6d359bd/context [39m[32m200[39m [90m117 ms - 76[39m
[35m[HTTP][39m [90m[39m
[35m[HTTP][39m [37m-->[39m [37mPOST[39m [37m/wd/hub/session/14d913bd-c251-4ee0-a3d7-a2e0a6d359bd/element[39m
[35m[HTTP][39m [90m{"using":"-android uiautomator","value":"new UiScrollable(new UiSelector().scrollable(true).instance(0)).scrollIntoView(new UiSelector().textContains(\"Makanan\"))"}[39m
[35m[HTTP][39m [37m<-- POST /wd/hub/session/14d913bd-c251-4ee0-a3d7-a2e0a6d359bd/element [39m[32m200[39m [90m2534 ms - 88[39m
[35m[HTTP][39m [90m[39m
[35m[HTTP][39m [37m-->[39m [37mGET[39m [37m/wd/hub/session/14d913bd-c251-4ee0-a3d7-a2e0a6d359bd[39m
[35m[HTTP][39m [90m{}[39m
[35m[HTTP][39m [37m<-- GET /wd/hub/session/14d913bd-c251-4ee0-a3d7-a2e0a6d359bd [39m[32m200[39m [90m12 ms - 1144[39m
[35m[HTTP][39m [90m[39m
[35m[HTTP][39m [37m-->[39m [37mGET[39m [37m/wd/hub/session/14d913bd-c251-4ee0-a3d7-a2e0a6d359bd[39m
[35m[HTTP][39m [90m{}[39m
[35m[HTTP][39m [37m<-- GET /wd/hub/session/14d913bd-c251-4ee0-a3d7-a2e0a6d359bd [39m[32m200[39m [90m5 ms - 1144[39m
[35m[HTTP][39m [90m[39m
[35m[HTTP][39m [37m-->[39m [37mGET[39m [37m/wd/hub/session/14d913bd-c251-4ee0-a3d7-a2e0a6d359bd[39m
[35m[HTTP][39m [90m{}[39m
[35m[HTTP][39m [37m<-- GET /wd/hub/session/14d913bd-c251-4ee0-a3d7-a2e0a6d359bd [39m[32m200[39m [90m4 ms - 1144[39m
[35m[HTTP][39m [90m[39m
[35m[HTTP][39m [37m-->[39m [37mGET[39m [37m/wd/hub/session/14d913bd-c251-4ee0-a3d7-a2e0a6d359bd[39m
[35m[HTTP][39m [90m{}[39m
[35m[HTTP][39m [37m<-- GET /wd/hub/session/14d913bd-c251-4ee0-a3d7-a2e0a6d359bd [39m[32m200[39m [90m5 ms - 1144[39m
[35m[HTTP][39m [90m[39m
[35m[HTTP][39m [37m-->[39m [37mPOST[39m [37m/wd/hub/session/14d913bd-c251-4ee0-a3d7-a2e0a6d359bd/context[39m
[35m[HTTP][39m [90m{"name":"NATIVE_APP"}[39m
[35m[HTTP][39m [37m<-- POST /wd/hub/session/14d913bd-c251-4ee0-a3d7-a2e0a6d359bd/context [39m[32m200[39m [90m178 ms - 76[39m
[35m[HTTP][39m [90m[39m
[35m[HTTP][39m [37m-->[39m [37mGET[39m [37m/wd/hub/session/14d913bd-c251-4ee0-a3d7-a2e0a6d359bd/window/current/size[39m
[35m[HTTP][39m [90m{}[39m
[35m[HTTP][39m [37m<-- GET /wd/hub/session/14d913bd-c251-4ee0-a3d7-a2e0a6d359bd/window/current/size [39m[32m200[39m [90m7 ms - 99[39m
[35m[HTTP][39m [90m[39m
[35m[HTTP][39m [37m-->[39m [37mPOST[39m [37m/wd/hub/session/14d913bd-c251-4ee0-a3d7-a2e0a6d359bd/elements[39m
[35m[HTTP][39m [90m{"using":"-android uiautomator","value":"new UiSelector().text(\"Makanan\")"}[39m
[35m[HTTP][39m [37m<-- POST /wd/hub/session/14d913bd-c251-4ee0-a3d7-a2e0a6d359bd/elements [39m[32m200[39m [90m1302 ms - 90[39m
[35m[HTTP][39m [90m[39m
[35m[HTTP][39m [37m-->[39m [37mGET[39m [37m/wd/hub/session/14d913bd-c251-4ee0-a3d7-a2e0a6d359bd[39m
[35m[HTTP][39m [90m{}[39m
[35m[HTTP][39m [37m<-- GET /wd/hub/session/14d913bd-c251-4ee0-a3d7-a2e0a6d359bd [39m[32m200[39m [90m4 ms - 1144[39m
[35m[HTTP][39m [90m[39m
[35m[HTTP][39m [37m-->[39m [37mGET[39m [37m/wd/hub/session/14d913bd-c251-4ee0-a3d7-a2e0a6d359bd[39m
[35m[HTTP][39m [90m{}[39m
[35m[HTTP][39m [37m<-- GET /wd/hub/session/14d913bd-c251-4ee0-a3d7-a2e0a6d359bd [39m[32m200[39m [90m4 ms - 1144[39m
[35m[HTTP][39m [90m[39m
[35m[HTTP][39m [37m-->[39m [37mGET[39m [37m/wd/hub/session/14d913bd-c251-4ee0-a3d7-a2e0a6d359bd[39m
[35m[HTTP][39m [90m{}[39m
[35m[HTTP][39m [37m<-- GET /wd/hub/session/14d913bd-c251-4ee0-a3d7-a2e0a6d359bd [39m[32m200[39m [90m3 ms - 1144[39m
[35m[HTTP][39m [90m[39m
[35m[HTTP][39m [37m-->[39m [37mGET[39m [37m/wd/hub/session/14d913bd-c251-4ee0-a3d7-a2e0a6d359bd[39m
[35m[HTTP][39m [90m{}[39m
[35m[HTTP][39m [37m<-- GET /wd/hub/session/14d913bd-c251-4ee0-a3d7-a2e0a6d359bd [39m[32m200[39m [90m3 ms - 1144[39m
[35m[HTTP][39m [90m[39m
[35m[HTTP][39m [37m-->[39m [37mGET[39m [37m/wd/hub/session/14d913bd-c251-4ee0-a3d7-a2e0a6d359bd/element/29/location[39m
[35m[HTTP][39m [90m{}[39m
[35m[HTTP][39m [37m<-- GET /wd/hub/session/14d913bd-c251-4ee0-a3d7-a2e0a6d359bd/element/29/location [39m[32m200[39m [90m1274 ms - 88[39m
[35m[HTTP][39m [90m[39m
[35m[HTTP][39m [37m-->[39m [37mGET[39m [37m/wd/hub/session/14d913bd-c251-4ee0-a3d7-a2e0a6d359bd/window/current/size[39m
[35m[HTTP][39m [90m{}[39m
[35m[HTTP][39m [37m<-- GET /wd/hub/session/14d913bd-c251-4ee0-a3d7-a2e0a6d359bd/window/current/size [39m[32m200[39m [90m14 ms - 99[39m
[35m[HTTP][39m [90m[39m
[35m[HTTP][39m [37m-->[39m [37mPOST[39m [37m/wd/hub/session/14d913bd-c251-4ee0-a3d7-a2e0a6d359bd/elements[39m
[35m[HTTP][39m [90m{"using":"-android uiautomator","value":"new UiSelector().text(\"Makanan\")"}[39m
[35m[HTTP][39m [37m<-- POST /wd/hub/session/14d913bd-c251-4ee0-a3d7-a2e0a6d359bd/elements [39m[32m200[39m [90m5648 ms - 90[39m
[35m[HTTP][39m [90m[39m
[35m[HTTP][39m [37m-->[39m [37mGET[39m [37m/wd/hub/session/14d913bd-c251-4ee0-a3d7-a2e0a6d359bd[39m
[35m[HTTP][39m [90m{}[39m
[35m[HTTP][39m [37m<-- GET /wd/hub/session/14d913bd-c251-4ee0-a3d7-a2e0a6d359bd [39m[32m200[39m [90m8 ms - 1144[39m
[35m[HTTP][39m [90m[39m
[35m[HTTP][39m [37m-->[39m [37mGET[39m [37m/wd/hub/session/14d913bd-c251-4ee0-a3d7-a2e0a6d359bd[39m
[35m[HTTP][39m [90m{}[39m
[35m[HTTP][39m [37m<-- GET /wd/hub/session/14d913bd-c251-4ee0-a3d7-a2e0a6d359bd [39m[32m200[39m [90m4 ms - 1144[39m
[35m[HTTP][39m [90m[39m
[35m[HTTP][39m [37m-->[39m [37mGET[39m [37m/wd/hub/session/14d913bd-c251-4ee0-a3d7-a2e0a6d359bd[39m
[35m[HTTP][39m [90m{}[39m
[35m[HTTP][39m [37m<-- GET /wd/hub/session/14d913bd-c251-4ee0-a3d7-a2e0a6d359bd [39m[32m200[39m [90m4 ms - 1144[39m
[35m[HTTP][39m [90m[39m
[35m[HTTP][39m [37m-->[39m [37mGET[39m [37m/wd/hub/session/14d913bd-c251-4ee0-a3d7-a2e0a6d359bd[39m
[35m[HTTP][39m [90m{}[39m
[35m[HTTP][39m [37m<-- GET /wd/hub/session/14d913bd-c251-4ee0-a3d7-a2e0a6d359bd [39m[32m200[39m [90m4 ms - 1144[39m
[35m[HTTP][39m [90m[39m
[35m[HTTP][39m [37m-->[39m [37mGET[39m [37m/wd/hub/session/14d913bd-c251-4ee0-a3d7-a2e0a6d359bd/element/30/location[39m
[35m[HTTP][39m [90m{}[39m
[35m[HTTP][39m [37m<-- GET /wd/hub/session/14d913bd-c251-4ee0-a3d7-a2e0a6d359bd/element/30/location [39m[32m200[39m [90m456 ms - 88[39m
[35m[HTTP][39m [90m[39m
[35m[HTTP][39m [37m-->[39m [37mPOST[39m [37m/wd/hub/session/14d913bd-c251-4ee0-a3d7-a2e0a6d359bd/touch/perform[39m
[35m[HTTP][39m [90m{"actions":[{"action":"tap","options":{"element":"30","x":1,"y":1}}]}[39m
[35m[HTTP][39m [37m<-- POST /wd/hub/session/14d913bd-c251-4ee0-a3d7-a2e0a6d359bd/touch/perform [39m[32m200[39m [90m1989 ms - 76[39m
[35m[HTTP][39m [90m[39m
[35m[HTTP][39m [37m-->[39m [37mGET[39m [37m/wd/hub/session/14d913bd-c251-4ee0-a3d7-a2e0a6d359bd/window/current/size[39m
[35m[HTTP][39m [90m{}[39m
[35m[HTTP][39m [37m<-- GET /wd/hub/session/14d913bd-c251-4ee0-a3d7-a2e0a6d359bd/window/current/size [39m[32m200[39m [90m25 ms - 99[39m
[35m[HTTP][39m [90m[39m
[35m[HTTP][39m [37m-->[39m [37mPOST[39m [37m/wd/hub/session/14d913bd-c251-4ee0-a3d7-a2e0a6d359bd/elements[39m
[35m[HTTP][39m [90m{"using":"-android uiautomator","value":"new UiSelector().description(\"productListComponent_textInput_search\")"}[39m
[35m[HTTP][39m [37m<-- POST /wd/hub/session/14d913bd-c251-4ee0-a3d7-a2e0a6d359bd/elements [39m[32m200[39m [90m1634 ms - 74[39m
[35m[HTTP][39m [90m[39m
[35m[HTTP][39m [37m-->[39m [37mPOST[39m [37m/wd/hub/session/14d913bd-c251-4ee0-a3d7-a2e0a6d359bd/elements[39m
[35m[HTTP][39m [90m{"using":"-android uiautomator","value":"new UiSelector().description(\"productListComponent_textInput_search\")"}[39m
[35m[HTTP][39m [37m<-- POST /wd/hub/session/14d913bd-c251-4ee0-a3d7-a2e0a6d359bd/elements [39m[32m200[39m [90m1038 ms - 74[39m
[35m[HTTP][39m [90m[39m
[35m[HTTP][39m [37m-->[39m [37mPOST[39m [37m/wd/hub/session/14d913bd-c251-4ee0-a3d7-a2e0a6d359bd/elements[39m
[35m[HTTP][39m [90m{"using":"-android uiautomator","value":"new UiSelector().description(\"productListComponent_textInput_search\")"}[39m
[35m[HTTP][39m [37m<-- POST /wd/hub/session/14d913bd-c251-4ee0-a3d7-a2e0a6d359bd/elements [39m[32m200[39m [90m6323 ms - 74[39m
[35m[HTTP][39m [90m[39m
[35m[HTTP][39m [37m-->[39m [37mGET[39m [37m/wd/hub/session/14d913bd-c251-4ee0-a3d7-a2e0a6d359bd/window/current/size[39m
[35m[HTTP][39m [90m{}[39m
[35m[HTTP][39m [37m<-- GET /wd/hub/session/14d913bd-c251-4ee0-a3d7-a2e0a6d359bd/window/current/size [39m[32m200[39m [90m7 ms - 99[39m
[35m[HTTP][39m [90m[39m
[35m[HTTP][39m [37m-->[39m [37mPOST[39m [37m/wd/hub/session/14d913bd-c251-4ee0-a3d7-a2e0a6d359bd/elements[39m
[35m[HTTP][39m [90m{"using":"-android uiautomator","value":"new UiSelector().description(\"productListComponent_textInput_search\")"}[39m
[35m[HTTP][39m [37m<-- POST /wd/hub/session/14d913bd-c251-4ee0-a3d7-a2e0a6d359bd/elements [39m[32m200[39m [90m1006 ms - 74[39m
[35m[HTTP][39m [90m[39m
[35m[HTTP][39m [37m-->[39m [37mGET[39m [37m/wd/hub/session/14d913bd-c251-4ee0-a3d7-a2e0a6d359bd/window/current/size[39m
[35m[HTTP][39m [90m{}[39m
[35m[HTTP][39m [37m<-- GET /wd/hub/session/14d913bd-c251-4ee0-a3d7-a2e0a6d359bd/window/current/size [39m[32m200[39m [90m11 ms - 99[39m
[35m[HTTP][39m [90m[39m
[35m[HTTP][39m [37m-->[39m [37mPOST[39m [37m/wd/hub/session/14d913bd-c251-4ee0-a3d7-a2e0a6d359bd/elements[39m
[35m[HTTP][39m [90m{"using":"-android uiautomator","value":"new UiSelector().description(\"productListComponent_textInput_search\")"}[39m
[35m[HTTP][39m [37m<-- POST /wd/hub/session/14d913bd-c251-4ee0-a3d7-a2e0a6d359bd/elements [39m[32m200[39m [90m1894 ms - 74[39m
[35m[HTTP][39m [90m[39m
[35m[HTTP][39m [37m-->[39m [37mPOST[39m [37m/wd/hub/session/14d913bd-c251-4ee0-a3d7-a2e0a6d359bd/elements[39m
[35m[HTTP][39m [90m{"using":"-android uiautomator","value":"new UiSelector().description(\"productListComponent_textInput_search\")"}[39m
[35m[HTTP][39m [37m<-- POST /wd/hub/session/14d913bd-c251-4ee0-a3d7-a2e0a6d359bd/elements [39m[32m200[39m [90m8031 ms - 74[39m
[35m[HTTP][39m [90m[39m
[35m[HTTP][39m [37m-->[39m [37mGET[39m [37m/wd/hub/session/14d913bd-c251-4ee0-a3d7-a2e0a6d359bd/context[39m
[35m[HTTP][39m [90m{}[39m
[35m[HTTP][39m [37m<-- GET /wd/hub/session/14d913bd-c251-4ee0-a3d7-a2e0a6d359bd/context [39m[32m200[39m [90m5 ms - 84[39m
[35m[HTTP][39m [90m[39m
[35m[HTTP][39m [37m-->[39m [37mGET[39m [37m/wd/hub/session/14d913bd-c251-4ee0-a3d7-a2e0a6d359bd/contexts[39m
[35m[HTTP][39m [90m{}[39m
[35m[HTTP][39m [37m<-- GET /wd/hub/session/14d913bd-c251-4ee0-a3d7-a2e0a6d359bd/contexts [39m[32m200[39m [90m209 ms - 86[39m
[35m[HTTP][39m [90m[39m
[35m[HTTP][39m [37m-->[39m [37mPOST[39m [37m/wd/hub/session/14d913bd-c251-4ee0-a3d7-a2e0a6d359bd/context[39m
[35m[HTTP][39m [90m{"name":"NATIVE_APP"}[39m
[35m[HTTP][39m [37m<-- POST /wd/hub/session/14d913bd-c251-4ee0-a3d7-a2e0a6d359bd/context [39m[32m200[39m [90m133 ms - 76[39m
[35m[HTTP][39m [90m[39m
[35m[HTTP][39m [37m-->[39m [37mGET[39m [37m/wd/hub/session/14d913bd-c251-4ee0-a3d7-a2e0a6d359bd/screenshot[39m
[35m[HTTP][39m [90m{}[39m
[35m[HTTP][39m [37m<-- GET /wd/hub/session/14d913bd-c251-4ee0-a3d7-a2e0a6d359bd/screenshot [39m[32m200[39m [90m1328 ms - 222822[39m
[35m[HTTP][39m [90m[39m
[35m[HTTP][39m [37m-->[39m [37mPOST[39m [37m/wd/hub/session/14d913bd-c251-4ee0-a3d7-a2e0a6d359bd/context[39m
[35m[HTTP][39m [90m{"name":"NATIVE_APP"}[39m
[35m[HTTP][39m [37m<-- POST /wd/hub/session/14d913bd-c251-4ee0-a3d7-a2e0a6d359bd/context [39m[32m200[39m [90m118 ms - 76[39m
[35m[HTTP][39m [90m[39m
[35m[HTTP][39m [37m-->[39m [37mGET[39m [37m/wd/hub/session/14d913bd-c251-4ee0-a3d7-a2e0a6d359bd/context[39m
[35m[HTTP][39m [90m{}[39m
[35m[HTTP][39m [37m<-- GET /wd/hub/session/14d913bd-c251-4ee0-a3d7-a2e0a6d359bd/context [39m[32m200[39m [90m2 ms - 84[39m
[35m[HTTP][39m [90m[39m
[35m[HTTP][39m [37m-->[39m [37mGET[39m [37m/wd/hub/session/14d913bd-c251-4ee0-a3d7-a2e0a6d359bd/contexts[39m
[35m[HTTP][39m [90m{}[39m
[35m[HTTP][39m [37m<-- GET /wd/hub/session/14d913bd-c251-4ee0-a3d7-a2e0a6d359bd/contexts [39m[32m200[39m [90m142 ms - 86[39m
[35m[HTTP][39m [90m[39m
[35m[HTTP][39m [37m-->[39m [37mPOST[39m [37m/wd/hub/session/14d913bd-c251-4ee0-a3d7-a2e0a6d359bd/context[39m
[35m[HTTP][39m [90m{"name":"NATIVE_APP"}[39m
[35m[HTTP][39m [37m<-- POST /wd/hub/session/14d913bd-c251-4ee0-a3d7-a2e0a6d359bd/context [39m[32m200[39m [90m136 ms - 76[39m
[35m[HTTP][39m [90m[39m
[35m[HTTP][39m [37m-->[39m [37mGET[39m [37m/wd/hub/session/14d913bd-c251-4ee0-a3d7-a2e0a6d359bd/screenshot[39m
[35m[HTTP][39m [90m{}[39m
[35m[HTTP][39m [37m<-- GET /wd/hub/session/14d913bd-c251-4ee0-a3d7-a2e0a6d359bd/screenshot [39m[32m200[39m [90m1187 ms - 216274[39m
[35m[HTTP][39m [90m[39m
[35m[HTTP][39m [37m-->[39m [37mPOST[39m [37m/wd/hub/session/14d913bd-c251-4ee0-a3d7-a2e0a6d359bd/context[39m
[35m[HTTP][39m [90m{"name":"NATIVE_APP"}[39m
[35m[HTTP][39m [37m<-- POST /wd/hub/session/14d913bd-c251-4ee0-a3d7-a2e0a6d359bd/context [39m[32m200[39m [90m144 ms - 76[39m
[35m[HTTP][39m [90m[39m
[35m[HTTP][39m [37m-->[39m [37mGET[39m [37m/wd/hub/status[39m
[35m[HTTP][39m [90m{}[39m
[35m[HTTP][39m [37m<-- GET /wd/hub/status [39m[32m200[39m [90m70 ms - 55[39m
[35m[HTTP][39m [90m[39m
[35m[HTTP][39m [37m-->[39m [37mPOST[39m [37m/wd/hub/session[39m
[35m[HTTP][39m [90m{"desiredCapabilities":{"app":"C:\\Users\\AV2017005903\\Documents\\apollo-automation\\apk_test_release_2.apk","appWaitActivity":"*","autoGrantPermissions":true,"deviceId":"","deviceName":"OPPO A37f (Android 5.1.1)","fullReset":false,"newCommandTimeout":1800,"noReset":true,"platform":"ANDROID","platformName":"Android","udid":"6e4df14"},"capabilities":{"desiredCapabilities":{"app":"C:\\Users\\AV2017005903\\Documents\\apollo-automation\\apk_test_release_2.apk","appWaitActivity":"*","autoGrantPermissions":true,"deviceId":"","deviceName":"OPPO A37f (Android 5.1.1)","fullReset":false,"newCommandTimeout":1800,"noReset":true,"platform":"ANDROID","platformName":"Android","udid":"6e4df14"},"firstMatch":[{"platformName":"android"}]}}[39m
[35m[Appium][39m Could not parse W3C capabilities: 'deviceName' can't be blank. Falling back to JSONWP protocol.
[35m[Appium][39m The following capabilities were provided in the JSONWP desired capabilities that are missing in W3C capabilities: ["app","appWaitActivity","autoGrantPermissions","deviceId","deviceName","fullReset","newCommandTimeout","noReset","platform","platformName","udid"]. Falling back to JSONWP protocol.
[35m[Appium][39m Creating new AndroidDriver (v2.7.0) session
[35m[Appium][39m Capabilities:
[35m[Appium][39m   app: C:\Users\AV2017005903\Documents\apollo-automation\apk_test_release_2.apk
[35m[Appium][39m   appWaitActivity: *
[35m[Appium][39m   autoGrantPermissions: true
[35m[Appium][39m   deviceId: 
[35m[Appium][39m   deviceName: OPPO A37f (Android 5.1.1)
[35m[Appium][39m   fullReset: false
[35m[Appium][39m   newCommandTimeout: 1800
[35m[Appium][39m   noReset: true
[35m[Appium][39m   platform: ANDROID
[35m[Appium][39m   platformName: Android
[35m[Appium][39m   udid: 6e4df14
[35m[BaseDriver][39m The following capabilities were provided, but are not recognized by appium: deviceId, platform.
[35m[BaseDriver][39m Session created with session id: 5425ab4c-813f-40f2-9888-965bff71d369
[35m[AndroidDriver][39m Java version is: 1.8.0_181
[35m[AndroidDriver][39m Retrieving device list
[35m[AndroidDriver][39m Using device: 6e4df14
[35m[BaseDriver][39m Using local app 'C:\Users\AV2017005903\Documents\apollo-automation\apk_test_release_2.apk'
[35m[AndroidDriver][39m Starting Android session
[35m[AndroidDriver][39m setDeviceLanguageCountry requires language or country.
[35m[AndroidDriver][39m Got language: 'null' and country: 'null'
[35m[ADB][39m Getting device platform version
[35m[ADB][39m Using the alternative activity name detection method because of: Could not find apkanalyzer.bat in C:\Users\AV2017005903\.katalon\tools\android_sdk\platform-tools\apkanalyzer.bat,C:\Users\AV2017005903\.katalon\tools\android_sdk\emulator\apkanalyzer.bat,C:\Users\AV2017005903\.katalon\tools\android_sdk\tools\apkanalyzer.bat,C:\Users\AV2017005903\.katalon\tools\android_sdk\tools\bin\apkanalyzer.bat,C:\Users\AV2017005903\.katalon\tools\android_sdk\build-tools\27.0.3\apkanalyzer.bat. Do you have the Android SDK installed at 'C:\Users\AV2017005903\.katalon\tools\android_sdk'?
[35m[ADB][39m Extracting package and launch activity from manifest
[35m[ADB][39m Package name: 'com.btpn.appbisnis.sit'
[35m[ADB][39m Main activity name: 'com.btpn_mpos_rn.react_bridging.splash.SplashActivity'
[35m[ADB][39m Successfully extracted 933 strings from 'C:\Users\AV2017005903\Documents\apollo-automation\apk_test_release_2.apk' resources for '(default)' configuration
[35m[Appium][39m Closing session, cause was 'UiAUtomator shut down unexpectedly'
[35m[Appium][39m Removing session 14d913bd-c251-4ee0-a3d7-a2e0a6d359bd from our master session list
[35m[ADB][39m Cannot kill process 6776 in 1000 ms. Trying to force kill...
[35m[AndroidBootstrap][39m Cannot shut down Android bootstrap; it has already shut down
[35m[AndroidBootstrap][39m Android bootstrap socket is now connected
[35m[AndroidDriver][39m Screen already unlocked, doing nothing
[35m[Appium][39m New AndroidDriver session created successfully, session 5425ab4c-813f-40f2-9888-965bff71d369 added to master session list
[35m[HTTP][39m [37m<-- POST /wd/hub/session [39m[32m200[39m [90m10741 ms - 1144[39m
[35m[HTTP][39m [90m[39m
[35m[HTTP][39m [37m-->[39m [37mGET[39m [37m/wd/hub/status[39m
[35m[HTTP][39m [90m{}[39m
[35m[HTTP][39m [37m<-- GET /wd/hub/status [39m[32m200[39m [90m51 ms - 55[39m
[35m[HTTP][39m [90m[39m
[35m[HTTP][39m [37m-->[39m [37mPOST[39m [37m/wd/hub/session/5425ab4c-813f-40f2-9888-965bff71d369/timeouts[39m
[35m[HTTP][39m [90m{"type":"implicit","ms":30000}[39m
[35m[HTTP][39m [37m<-- POST /wd/hub/session/5425ab4c-813f-40f2-9888-965bff71d369/timeouts [39m[33m400[39m [90m1 ms - 5532[39m
[35m[HTTP][39m [90m[39m
