[35m[Appium][39m Welcome to Appium v1.8.1
[35m[Appium][39m Non-default server args:
[35m[Appium][39m   port: 63874
[35m[Appium][39m   loglevel: info
[35m[Appium][39m   chromeDriverPort: 63875
[35m[Appium][39m   tmpDir: C:\Users\AV2017~2\AppData\Local\Temp\\Katalon\Appium\Temp1531726248953
[35m[Appium][39m Appium REST http interface listener started on 0.0.0.0:63874
[35m[HTTP][39m [37m-->[39m [37mGET[39m [37m/wd/hub/status[39m
[35m[HTTP][39m [90m{}[39m
[35m[HTTP][39m [37m<-- GET /wd/hub/status [39m[32m200[39m [90m60 ms - 83[39m
[35m[HTTP][39m [90m[39m
[35m[HTTP][39m [37m-->[39m [37mPOST[39m [37m/wd/hub/session[39m
[35m[HTTP][39m [90m{"desiredCapabilities":{"app":"C:\\Users\\AV2017005903\\Documents\\apollo-automation\\app-sit-3 Juli.apk","appWaitActivity":"*","autoGrantPermissions":true,"deviceId":"6e4df14","deviceName":"OPPO A37f (Android 5.1.1)","fullReset":true,"newCommandTimeout":1800,"noReset":false,"platform":"ANDROID","platformName":"Android","udid":"6e4df14"},"capabilities":{"desiredCapabilities":{"app":"C:\\Users\\AV2017005903\\Documents\\apollo-automation\\app-sit-3 Juli.apk","appWaitActivity":"*","autoGrantPermissions":true,"deviceId":"6e4df14","deviceName":"OPPO A37f (Android 5.1.1)","fullReset":true,"newCommandTimeout":1800,"noReset":false,"platform":"ANDROID","platformName":"Android","udid":"6e4df14"},"firstMatch":[{"platformName":"android"}]}}[39m
[35m[Appium][39m Could not parse W3C capabilities: 'deviceName' can't be blank. Falling back to JSONWP protocol.
[35m[Appium][39m The following capabilities were provided in the JSONWP desired capabilities that are missing in W3C capabilities: ["app","appWaitActivity","autoGrantPermissions","deviceId","deviceName","fullReset","newCommandTimeout","noReset","platform","platformName","udid"]. Falling back to JSONWP protocol.
[35m[Appium][39m Creating new AndroidDriver (v2.7.0) session
[35m[Appium][39m Capabilities:
[35m[Appium][39m   app: C:\Users\AV2017005903\Documents\apollo-automation\app-sit-3 Juli.apk
[35m[Appium][39m   appWaitActivity: *
[35m[Appium][39m   autoGrantPermissions: true
[35m[Appium][39m   deviceId: 6e4df14
[35m[Appium][39m   deviceName: OPPO A37f (Android 5.1.1)
[35m[Appium][39m   fullReset: true
[35m[Appium][39m   newCommandTimeout: 1800
[35m[Appium][39m   noReset: false
[35m[Appium][39m   platform: ANDROID
[35m[Appium][39m   platformName: Android
[35m[Appium][39m   udid: 6e4df14
[35m[BaseDriver][39m The following capabilities were provided, but are not recognized by appium: deviceId, platform.
[35m[BaseDriver][39m Session created with session id: 7975df66-3b09-465e-9764-1d1257771fe9
[35m[AndroidDriver][39m Java version is: 1.8.0_102
[35m[ADB][39m Checking whether adb is present
[35m[ADB][39m Found 1 'build-tools' folders under 'C:\Users\AV2017005903\.katalon\tools\android_sdk' (newest first):
[35m[ADB][39m     C:/Users/AV2017005903/.katalon/tools/android_sdk/build-tools/27.0.3
[35m[ADB][39m Using adb.exe from C:\Users\AV2017005903\.katalon\tools\android_sdk\platform-tools\adb.exe
[35m[AndroidDriver][39m Retrieving device list
[35m[AndroidDriver][39m Using device: 6e4df14
[35m[BaseDriver][39m Using local app 'C:\Users\AV2017005903\Documents\apollo-automation\app-sit-3 Juli.apk'
[35m[AndroidDriver][39m Starting Android session
[35m[ADB][39m Checking whether aapt is present
[35m[ADB][39m Using aapt.exe from C:\Users\AV2017005903\.katalon\tools\android_sdk\build-tools\27.0.3\aapt.exe
[35m[AndroidDriver][39m setDeviceLanguageCountry requires language or country.
[35m[AndroidDriver][39m Got language: 'null' and country: 'null'
[35m[ADB][39m Getting device platform version
[35m[ADB][39m Using the alternative activity name detection method because of: Could not find apkanalyzer.bat in C:\Users\AV2017005903\.katalon\tools\android_sdk\platform-tools\apkanalyzer.bat,C:\Users\AV2017005903\.katalon\tools\android_sdk\emulator\apkanalyzer.bat,C:\Users\AV2017005903\.katalon\tools\android_sdk\tools\apkanalyzer.bat,C:\Users\AV2017005903\.katalon\tools\android_sdk\tools\bin\apkanalyzer.bat,C:\Users\AV2017005903\.katalon\tools\android_sdk\build-tools\27.0.3\apkanalyzer.bat. Do you have the Android SDK installed at 'C:\Users\AV2017005903\.katalon\tools\android_sdk'?
[35m[ADB][39m Extracting package and launch activity from manifest
[35m[ADB][39m Package name: 'com.btpn.appbisnis.sit'
[35m[ADB][39m Main activity name: 'com.btpn_mpos_rn.react_bridging.splash.SplashActivity'
[35m[ADB][39m com.btpn.appbisnis.sit was successfully uninstalled
[35m[ADB][39m Successfully extracted 933 strings from 'C:\Users\AV2017005903\Documents\apollo-automation\app-sit-3 Juli.apk' resources for '(default)' configuration
[35m[ADB][39m Cannot kill process 27921 in 1000 ms. Trying to force kill...
[35m[AndroidBootstrap][39m Android bootstrap socket is now connected
[35m[AndroidDriver][39m Screen already unlocked, doing nothing
[35m[Appium][39m New AndroidDriver session created successfully, session 7975df66-3b09-465e-9764-1d1257771fe9 added to master session list
[35m[HTTP][39m [37m<-- POST /wd/hub/session [39m[32m200[39m [90m31810 ms - 1150[39m
[35m[HTTP][39m [90m[39m
[35m[HTTP][39m [37m-->[39m [37mGET[39m [37m/wd/hub/status[39m
[35m[HTTP][39m [90m{}[39m
[35m[HTTP][39m [37m<-- GET /wd/hub/status [39m[32m200[39m [90m52 ms - 55[39m
[35m[HTTP][39m [90m[39m
[35m[HTTP][39m [37m-->[39m [37mPOST[39m [37m/wd/hub/session/7975df66-3b09-465e-9764-1d1257771fe9/timeouts[39m
[35m[HTTP][39m [90m{"type":"implicit","ms":30000}[39m
[35m[HTTP][39m [37m<-- POST /wd/hub/session/7975df66-3b09-465e-9764-1d1257771fe9/timeouts [39m[33m400[39m [90m12 ms - 5532[39m
[35m[HTTP][39m [90m[39m
[35m[HTTP][39m [37m-->[39m [37mPOST[39m [37m/wd/hub/session/7975df66-3b09-465e-9764-1d1257771fe9/touch/perform[39m
[35m[HTTP][39m [90m{"actions":[{"action":"longPress","options":{"x":450,"y":300}},{"action":"moveTo","options":{"x":100,"y":300}},{"action":"release","options":{}}]}[39m
[35m[HTTP][39m [37m<-- POST /wd/hub/session/7975df66-3b09-465e-9764-1d1257771fe9/touch/perform [39m[32m200[39m [90m2921 ms - 76[39m
[35m[HTTP][39m [90m[39m
[35m[HTTP][39m [37m-->[39m [37mPOST[39m [37m/wd/hub/session/7975df66-3b09-465e-9764-1d1257771fe9/touch/perform[39m
[35m[HTTP][39m [90m{"actions":[{"action":"longPress","options":{"x":450,"y":300}},{"action":"moveTo","options":{"x":100,"y":300}},{"action":"release","options":{}}]}[39m
[35m[HTTP][39m [37m<-- POST /wd/hub/session/7975df66-3b09-465e-9764-1d1257771fe9/touch/perform [39m[32m200[39m [90m2769 ms - 76[39m
[35m[HTTP][39m [90m[39m
[35m[HTTP][39m [37m-->[39m [37mPOST[39m [37m/wd/hub/session/7975df66-3b09-465e-9764-1d1257771fe9/touch/perform[39m
[35m[HTTP][39m [90m{"actions":[{"action":"longPress","options":{"x":450,"y":300}},{"action":"moveTo","options":{"x":100,"y":300}},{"action":"release","options":{}}]}[39m
[35m[HTTP][39m [37m<-- POST /wd/hub/session/7975df66-3b09-465e-9764-1d1257771fe9/touch/perform [39m[32m200[39m [90m2903 ms - 76[39m
[35m[HTTP][39m [90m[39m
[35m[HTTP][39m [37m-->[39m [37mPOST[39m [37m/wd/hub/session/7975df66-3b09-465e-9764-1d1257771fe9/touch/perform[39m
[35m[HTTP][39m [90m{"actions":[{"action":"longPress","options":{"x":450,"y":300}},{"action":"moveTo","options":{"x":100,"y":300}},{"action":"release","options":{}}]}[39m
[35m[HTTP][39m [37m<-- POST /wd/hub/session/7975df66-3b09-465e-9764-1d1257771fe9/touch/perform [39m[32m200[39m [90m2666 ms - 76[39m
[35m[HTTP][39m [90m[39m
[35m[HTTP][39m [37m-->[39m [37mGET[39m [37m/wd/hub/session/7975df66-3b09-465e-9764-1d1257771fe9/window/current/size[39m
[35m[HTTP][39m [90m{}[39m
[35m[HTTP][39m [37m<-- GET /wd/hub/session/7975df66-3b09-465e-9764-1d1257771fe9/window/current/size [39m[32m200[39m [90m10 ms - 99[39m
[35m[HTTP][39m [90m[39m
[35m[HTTP][39m [37m-->[39m [37mPOST[39m [37m/wd/hub/session/7975df66-3b09-465e-9764-1d1257771fe9/elements[39m
[35m[HTTP][39m [90m{"using":"-android uiautomator","value":"new UiSelector().description(\"start_button_touch\")"}[39m
[35m[HTTP][39m [37m<-- POST /wd/hub/session/7975df66-3b09-465e-9764-1d1257771fe9/elements [39m[32m200[39m [90m2825 ms - 89[39m
[35m[HTTP][39m [90m[39m
[35m[HTTP][39m [37m-->[39m [37mGET[39m [37m/wd/hub/session/7975df66-3b09-465e-9764-1d1257771fe9[39m
[35m[HTTP][39m [90m{}[39m
[35m[HTTP][39m [37m<-- GET /wd/hub/session/7975df66-3b09-465e-9764-1d1257771fe9 [39m[32m200[39m [90m6 ms - 1150[39m
[35m[HTTP][39m [90m[39m
[35m[HTTP][39m [37m-->[39m [37mGET[39m [37m/wd/hub/session/7975df66-3b09-465e-9764-1d1257771fe9[39m
[35m[HTTP][39m [90m{}[39m
[35m[HTTP][39m [37m<-- GET /wd/hub/session/7975df66-3b09-465e-9764-1d1257771fe9 [39m[32m200[39m [90m3 ms - 1150[39m
[35m[HTTP][39m [90m[39m
[35m[HTTP][39m [37m-->[39m [37mGET[39m [37m/wd/hub/session/7975df66-3b09-465e-9764-1d1257771fe9[39m
[35m[HTTP][39m [90m{}[39m
[35m[HTTP][39m [37m<-- GET /wd/hub/session/7975df66-3b09-465e-9764-1d1257771fe9 [39m[32m200[39m [90m3 ms - 1150[39m
[35m[HTTP][39m [90m[39m
[35m[HTTP][39m [37m-->[39m [37mGET[39m [37m/wd/hub/session/7975df66-3b09-465e-9764-1d1257771fe9[39m
[35m[HTTP][39m [90m{}[39m
[35m[HTTP][39m [37m<-- GET /wd/hub/session/7975df66-3b09-465e-9764-1d1257771fe9 [39m[32m200[39m [90m2 ms - 1150[39m
[35m[HTTP][39m [90m[39m
[35m[HTTP][39m [37m-->[39m [37mGET[39m [37m/wd/hub/session/7975df66-3b09-465e-9764-1d1257771fe9/element/1/location[39m
[35m[HTTP][39m [90m{}[39m
[35m[HTTP][39m [37m<-- GET /wd/hub/session/7975df66-3b09-465e-9764-1d1257771fe9/element/1/location [39m[32m200[39m [90m1179 ms - 89[39m
[35m[HTTP][39m [90m[39m
[35m[HTTP][39m [37m-->[39m [37mGET[39m [37m/wd/hub/session/7975df66-3b09-465e-9764-1d1257771fe9/window/current/size[39m
[35m[HTTP][39m [90m{}[39m
[35m[HTTP][39m [37m<-- GET /wd/hub/session/7975df66-3b09-465e-9764-1d1257771fe9/window/current/size [39m[32m200[39m [90m9 ms - 99[39m
[35m[HTTP][39m [90m[39m
[35m[HTTP][39m [37m-->[39m [37mPOST[39m [37m/wd/hub/session/7975df66-3b09-465e-9764-1d1257771fe9/elements[39m
[35m[HTTP][39m [90m{"using":"-android uiautomator","value":"new UiSelector().description(\"start_button_touch\")"}[39m
[35m[HTTP][39m [37m<-- POST /wd/hub/session/7975df66-3b09-465e-9764-1d1257771fe9/elements [39m[32m200[39m [90m1459 ms - 89[39m
[35m[HTTP][39m [90m[39m
[35m[HTTP][39m [37m-->[39m [37mGET[39m [37m/wd/hub/session/7975df66-3b09-465e-9764-1d1257771fe9[39m
[35m[HTTP][39m [90m{}[39m
[35m[HTTP][39m [37m<-- GET /wd/hub/session/7975df66-3b09-465e-9764-1d1257771fe9 [39m[32m200[39m [90m13 ms - 1150[39m
[35m[HTTP][39m [90m[39m
[35m[HTTP][39m [37m-->[39m [37mGET[39m [37m/wd/hub/session/7975df66-3b09-465e-9764-1d1257771fe9[39m
[35m[HTTP][39m [90m{}[39m
[35m[HTTP][39m [37m<-- GET /wd/hub/session/7975df66-3b09-465e-9764-1d1257771fe9 [39m[32m200[39m [90m6 ms - 1150[39m
[35m[HTTP][39m [90m[39m
[35m[HTTP][39m [37m-->[39m [37mGET[39m [37m/wd/hub/session/7975df66-3b09-465e-9764-1d1257771fe9[39m
[35m[HTTP][39m [90m{}[39m
[35m[HTTP][39m [37m<-- GET /wd/hub/session/7975df66-3b09-465e-9764-1d1257771fe9 [39m[32m200[39m [90m5 ms - 1150[39m
[35m[HTTP][39m [90m[39m
[35m[HTTP][39m [37m-->[39m [37mGET[39m [37m/wd/hub/session/7975df66-3b09-465e-9764-1d1257771fe9[39m
[35m[HTTP][39m [90m{}[39m
[35m[HTTP][39m [37m<-- GET /wd/hub/session/7975df66-3b09-465e-9764-1d1257771fe9 [39m[32m200[39m [90m5 ms - 1150[39m
[35m[HTTP][39m [90m[39m
[35m[HTTP][39m [37m-->[39m [37mGET[39m [37m/wd/hub/session/7975df66-3b09-465e-9764-1d1257771fe9/element/2/location[39m
[35m[HTTP][39m [90m{}[39m
[35m[HTTP][39m [37m<-- GET /wd/hub/session/7975df66-3b09-465e-9764-1d1257771fe9/element/2/location [39m[32m200[39m [90m1127 ms - 89[39m
[35m[HTTP][39m [90m[39m
[35m[HTTP][39m [37m-->[39m [37mPOST[39m [37m/wd/hub/session/7975df66-3b09-465e-9764-1d1257771fe9/touch/perform[39m
[35m[HTTP][39m [90m{"actions":[{"action":"tap","options":{"element":"2","x":1,"y":1}}]}[39m
[35m[HTTP][39m [37m<-- POST /wd/hub/session/7975df66-3b09-465e-9764-1d1257771fe9/touch/perform [39m[32m200[39m [90m1914 ms - 76[39m
[35m[HTTP][39m [90m[39m
[35m[HTTP][39m [37m-->[39m [37mGET[39m [37m/wd/hub/session/7975df66-3b09-465e-9764-1d1257771fe9/window/current/size[39m
[35m[HTTP][39m [90m{}[39m
[35m[HTTP][39m [37m<-- GET /wd/hub/session/7975df66-3b09-465e-9764-1d1257771fe9/window/current/size [39m[32m200[39m [90m9 ms - 99[39m
[35m[HTTP][39m [90m[39m
[35m[HTTP][39m [37m-->[39m [37mPOST[39m [37m/wd/hub/session/7975df66-3b09-465e-9764-1d1257771fe9/elements[39m
[35m[HTTP][39m [90m{"using":"-android uiautomator","value":"new UiSelector().description(\"LoginNameTextInput\")"}[39m
[35m[HTTP][39m [37m<-- POST /wd/hub/session/7975df66-3b09-465e-9764-1d1257771fe9/elements [39m[32m200[39m [90m3159 ms - 89[39m
[35m[HTTP][39m [90m[39m
[35m[HTTP][39m [37m-->[39m [37mGET[39m [37m/wd/hub/session/7975df66-3b09-465e-9764-1d1257771fe9[39m
[35m[HTTP][39m [90m{}[39m
[35m[HTTP][39m [37m<-- GET /wd/hub/session/7975df66-3b09-465e-9764-1d1257771fe9 [39m[32m200[39m [90m10 ms - 1150[39m
[35m[HTTP][39m [90m[39m
[35m[HTTP][39m [37m-->[39m [37mGET[39m [37m/wd/hub/session/7975df66-3b09-465e-9764-1d1257771fe9[39m
[35m[HTTP][39m [90m{}[39m
[35m[HTTP][39m [37m<-- GET /wd/hub/session/7975df66-3b09-465e-9764-1d1257771fe9 [39m[32m200[39m [90m4 ms - 1150[39m
[35m[HTTP][39m [90m[39m
[35m[HTTP][39m [37m-->[39m [37mGET[39m [37m/wd/hub/session/7975df66-3b09-465e-9764-1d1257771fe9[39m
[35m[HTTP][39m [90m{}[39m
[35m[HTTP][39m [37m<-- GET /wd/hub/session/7975df66-3b09-465e-9764-1d1257771fe9 [39m[32m200[39m [90m4 ms - 1150[39m
[35m[HTTP][39m [90m[39m
[35m[HTTP][39m [37m-->[39m [37mGET[39m [37m/wd/hub/session/7975df66-3b09-465e-9764-1d1257771fe9[39m
[35m[HTTP][39m [90m{}[39m
[35m[HTTP][39m [37m<-- GET /wd/hub/session/7975df66-3b09-465e-9764-1d1257771fe9 [39m[32m200[39m [90m3 ms - 1150[39m
[35m[HTTP][39m [90m[39m
[35m[HTTP][39m [37m-->[39m [37mGET[39m [37m/wd/hub/session/7975df66-3b09-465e-9764-1d1257771fe9/element/3/location[39m
[35m[HTTP][39m [90m{}[39m
[35m[HTTP][39m [37m<-- GET /wd/hub/session/7975df66-3b09-465e-9764-1d1257771fe9/element/3/location [39m[32m200[39m [90m458 ms - 88[39m
[35m[HTTP][39m [90m[39m
[35m[HTTP][39m [37m-->[39m [37mGET[39m [37m/wd/hub/session/7975df66-3b09-465e-9764-1d1257771fe9/window/current/size[39m
[35m[HTTP][39m [90m{}[39m
[35m[HTTP][39m [37m<-- GET /wd/hub/session/7975df66-3b09-465e-9764-1d1257771fe9/window/current/size [39m[32m200[39m [90m8 ms - 99[39m
[35m[HTTP][39m [90m[39m
[35m[HTTP][39m [37m-->[39m [37mPOST[39m [37m/wd/hub/session/7975df66-3b09-465e-9764-1d1257771fe9/elements[39m
[35m[HTTP][39m [90m{"using":"-android uiautomator","value":"new UiSelector().description(\"LoginNameTextInput\")"}[39m
[35m[HTTP][39m [37m<-- POST /wd/hub/session/7975df66-3b09-465e-9764-1d1257771fe9/elements [39m[32m200[39m [90m2946 ms - 89[39m
[35m[HTTP][39m [90m[39m
[35m[HTTP][39m [37m-->[39m [37mGET[39m [37m/wd/hub/session/7975df66-3b09-465e-9764-1d1257771fe9[39m
[35m[HTTP][39m [90m{}[39m
[35m[HTTP][39m [37m<-- GET /wd/hub/session/7975df66-3b09-465e-9764-1d1257771fe9 [39m[32m200[39m [90m9 ms - 1150[39m
[35m[HTTP][39m [90m[39m
[35m[HTTP][39m [37m-->[39m [37mGET[39m [37m/wd/hub/session/7975df66-3b09-465e-9764-1d1257771fe9[39m
[35m[HTTP][39m [90m{}[39m
[35m[HTTP][39m [37m<-- GET /wd/hub/session/7975df66-3b09-465e-9764-1d1257771fe9 [39m[32m200[39m [90m6 ms - 1150[39m
[35m[HTTP][39m [90m[39m
[35m[HTTP][39m [37m-->[39m [37mGET[39m [37m/wd/hub/session/7975df66-3b09-465e-9764-1d1257771fe9[39m
[35m[HTTP][39m [90m{}[39m
[35m[HTTP][39m [37m<-- GET /wd/hub/session/7975df66-3b09-465e-9764-1d1257771fe9 [39m[32m200[39m [90m5 ms - 1150[39m
[35m[HTTP][39m [90m[39m
[35m[HTTP][39m [37m-->[39m [37mGET[39m [37m/wd/hub/session/7975df66-3b09-465e-9764-1d1257771fe9[39m
[35m[HTTP][39m [90m{}[39m
[35m[HTTP][39m [37m<-- GET /wd/hub/session/7975df66-3b09-465e-9764-1d1257771fe9 [39m[32m200[39m [90m5 ms - 1150[39m
[35m[HTTP][39m [90m[39m
[35m[HTTP][39m [37m-->[39m [37mGET[39m [37m/wd/hub/session/7975df66-3b09-465e-9764-1d1257771fe9/element/4/location[39m
[35m[HTTP][39m [90m{}[39m
[35m[HTTP][39m [37m<-- GET /wd/hub/session/7975df66-3b09-465e-9764-1d1257771fe9/element/4/location [39m[32m200[39m [90m441 ms - 88[39m
[35m[HTTP][39m [90m[39m
[35m[HTTP][39m [37m-->[39m [37mGET[39m [37m/wd/hub/session/7975df66-3b09-465e-9764-1d1257771fe9/element/4/attribute/name[39m
[35m[HTTP][39m [90m{}[39m
[35m[HTTP][39m [37m<-- GET /wd/hub/session/7975df66-3b09-465e-9764-1d1257771fe9/element/4/attribute/name [39m[32m200[39m [90m1867 ms - 92[39m
[35m[HTTP][39m [90m[39m
[35m[HTTP][39m [37m-->[39m [37mGET[39m [37m/wd/hub/session/7975df66-3b09-465e-9764-1d1257771fe9/window/current/size[39m
[35m[HTTP][39m [90m{}[39m
[35m[HTTP][39m [37m<-- GET /wd/hub/session/7975df66-3b09-465e-9764-1d1257771fe9/window/current/size [39m[32m200[39m [90m10 ms - 99[39m
[35m[HTTP][39m [90m[39m
[35m[HTTP][39m [37m-->[39m [37mPOST[39m [37m/wd/hub/session/7975df66-3b09-465e-9764-1d1257771fe9/elements[39m
[35m[HTTP][39m [90m{"using":"-android uiautomator","value":"new UiSelector().description(\"LoginNameTextInput\")"}[39m
[35m[HTTP][39m [37m<-- POST /wd/hub/session/7975df66-3b09-465e-9764-1d1257771fe9/elements [39m[32m200[39m [90m2225 ms - 89[39m
[35m[HTTP][39m [90m[39m
[35m[HTTP][39m [37m-->[39m [37mGET[39m [37m/wd/hub/session/7975df66-3b09-465e-9764-1d1257771fe9[39m
[35m[HTTP][39m [90m{}[39m
[35m[HTTP][39m [37m<-- GET /wd/hub/session/7975df66-3b09-465e-9764-1d1257771fe9 [39m[32m200[39m [90m14 ms - 1150[39m
[35m[HTTP][39m [90m[39m
[35m[HTTP][39m [37m-->[39m [37mGET[39m [37m/wd/hub/session/7975df66-3b09-465e-9764-1d1257771fe9[39m
[35m[HTTP][39m [90m{}[39m
[35m[HTTP][39m [37m<-- GET /wd/hub/session/7975df66-3b09-465e-9764-1d1257771fe9 [39m[32m200[39m [90m4 ms - 1150[39m
[35m[HTTP][39m [90m[39m
[35m[HTTP][39m [37m-->[39m [37mGET[39m [37m/wd/hub/session/7975df66-3b09-465e-9764-1d1257771fe9[39m
[35m[HTTP][39m [90m{}[39m
[35m[HTTP][39m [37m<-- GET /wd/hub/session/7975df66-3b09-465e-9764-1d1257771fe9 [39m[32m200[39m [90m3 ms - 1150[39m
[35m[HTTP][39m [90m[39m
[35m[HTTP][39m [37m-->[39m [37mGET[39m [37m/wd/hub/session/7975df66-3b09-465e-9764-1d1257771fe9[39m
[35m[HTTP][39m [90m{}[39m
[35m[HTTP][39m [37m<-- GET /wd/hub/session/7975df66-3b09-465e-9764-1d1257771fe9 [39m[32m200[39m [90m4 ms - 1150[39m
[35m[HTTP][39m [90m[39m
[35m[HTTP][39m [37m-->[39m [37mGET[39m [37m/wd/hub/session/7975df66-3b09-465e-9764-1d1257771fe9/element/5/location[39m
[35m[HTTP][39m [90m{}[39m
[35m[HTTP][39m [37m<-- GET /wd/hub/session/7975df66-3b09-465e-9764-1d1257771fe9/element/5/location [39m[32m200[39m [90m428 ms - 88[39m
[35m[HTTP][39m [90m[39m
[35m[HTTP][39m [37m-->[39m [37mPOST[39m [37m/wd/hub/session/7975df66-3b09-465e-9764-1d1257771fe9/touch/perform[39m
[35m[HTTP][39m [90m{"actions":[{"action":"tap","options":{"element":"5","x":1,"y":1}}]}[39m
[35m[HTTP][39m [37m<-- POST /wd/hub/session/7975df66-3b09-465e-9764-1d1257771fe9/touch/perform [39m[32m200[39m [90m2622 ms - 76[39m
[35m[HTTP][39m [90m[39m
[35m[HTTP][39m [37m-->[39m [37mGET[39m [37m/wd/hub/session/7975df66-3b09-465e-9764-1d1257771fe9/window/current/size[39m
[35m[HTTP][39m [90m{}[39m
[35m[HTTP][39m [37m<-- GET /wd/hub/session/7975df66-3b09-465e-9764-1d1257771fe9/window/current/size [39m[32m200[39m [90m17 ms - 99[39m
[35m[HTTP][39m [90m[39m
[35m[HTTP][39m [37m-->[39m [37mPOST[39m [37m/wd/hub/session/7975df66-3b09-465e-9764-1d1257771fe9/elements[39m
[35m[HTTP][39m [90m{"using":"-android uiautomator","value":"new UiSelector().description(\"LoginNameTextInput\")"}[39m
[35m[HTTP][39m [37m<-- POST /wd/hub/session/7975df66-3b09-465e-9764-1d1257771fe9/elements [39m[32m200[39m [90m2612 ms - 89[39m
[35m[HTTP][39m [90m[39m
[35m[HTTP][39m [37m-->[39m [37mGET[39m [37m/wd/hub/session/7975df66-3b09-465e-9764-1d1257771fe9[39m
[35m[HTTP][39m [90m{}[39m
[35m[HTTP][39m [37m<-- GET /wd/hub/session/7975df66-3b09-465e-9764-1d1257771fe9 [39m[32m200[39m [90m9 ms - 1150[39m
[35m[HTTP][39m [90m[39m
[35m[HTTP][39m [37m-->[39m [37mGET[39m [37m/wd/hub/session/7975df66-3b09-465e-9764-1d1257771fe9[39m
[35m[HTTP][39m [90m{}[39m
[35m[HTTP][39m [37m<-- GET /wd/hub/session/7975df66-3b09-465e-9764-1d1257771fe9 [39m[32m200[39m [90m5 ms - 1150[39m
[35m[HTTP][39m [90m[39m
[35m[HTTP][39m [37m-->[39m [37mGET[39m [37m/wd/hub/session/7975df66-3b09-465e-9764-1d1257771fe9[39m
[35m[HTTP][39m [90m{}[39m
[35m[HTTP][39m [37m<-- GET /wd/hub/session/7975df66-3b09-465e-9764-1d1257771fe9 [39m[32m200[39m [90m4 ms - 1150[39m
[35m[HTTP][39m [90m[39m
[35m[HTTP][39m [37m-->[39m [37mGET[39m [37m/wd/hub/session/7975df66-3b09-465e-9764-1d1257771fe9[39m
[35m[HTTP][39m [90m{}[39m
[35m[HTTP][39m [37m<-- GET /wd/hub/session/7975df66-3b09-465e-9764-1d1257771fe9 [39m[32m200[39m [90m4 ms - 1150[39m
[35m[HTTP][39m [90m[39m
[35m[HTTP][39m [37m-->[39m [37mGET[39m [37m/wd/hub/session/7975df66-3b09-465e-9764-1d1257771fe9/element/6/location[39m
[35m[HTTP][39m [90m{}[39m
[35m[HTTP][39m [37m<-- GET /wd/hub/session/7975df66-3b09-465e-9764-1d1257771fe9/element/6/location [39m[32m200[39m [90m998 ms - 88[39m
[35m[HTTP][39m [90m[39m
[35m[HTTP][39m [37m-->[39m [37mPOST[39m [37m/wd/hub/session/7975df66-3b09-465e-9764-1d1257771fe9/element/6/clear[39m
[35m[HTTP][39m [90m{"id":"6"}[39m
[35m[HTTP][39m [37m<-- POST /wd/hub/session/7975df66-3b09-465e-9764-1d1257771fe9/element/6/clear [39m[32m200[39m [90m2733 ms - 76[39m
[35m[HTTP][39m [90m[39m
[35m[HTTP][39m [37m-->[39m [37mPOST[39m [37m/wd/hub/session/7975df66-3b09-465e-9764-1d1257771fe9/element/6/value[39m
[35m[HTTP][39m [90m{"id":"6","value":["08112233445567"]}[39m
[35m[HTTP][39m [37m<-- POST /wd/hub/session/7975df66-3b09-465e-9764-1d1257771fe9/element/6/value [39m[32m200[39m [90m16567 ms - 76[39m
[35m[HTTP][39m [90m[39m
[35m[HTTP][39m [37m-->[39m [37mGET[39m [37m/wd/hub/session/7975df66-3b09-465e-9764-1d1257771fe9/context[39m
[35m[HTTP][39m [90m{}[39m
[35m[HTTP][39m [37m<-- GET /wd/hub/session/7975df66-3b09-465e-9764-1d1257771fe9/context [39m[32m200[39m [90m3 ms - 84[39m
[35m[HTTP][39m [90m[39m
[35m[HTTP][39m [37m-->[39m [37mGET[39m [37m/wd/hub/session/7975df66-3b09-465e-9764-1d1257771fe9/contexts[39m
[35m[HTTP][39m [90m{}[39m
[35m[HTTP][39m [37m<-- GET /wd/hub/session/7975df66-3b09-465e-9764-1d1257771fe9/contexts [39m[32m200[39m [90m139 ms - 86[39m
[35m[HTTP][39m [90m[39m
[35m[HTTP][39m [37m-->[39m [37mPOST[39m [37m/wd/hub/session/7975df66-3b09-465e-9764-1d1257771fe9/context[39m
[35m[HTTP][39m [90m{"name":"NATIVE_APP"}[39m
[35m[HTTP][39m [37m<-- POST /wd/hub/session/7975df66-3b09-465e-9764-1d1257771fe9/context [39m[32m200[39m [90m145 ms - 76[39m
[35m[HTTP][39m [90m[39m
[35m[HTTP][39m [37m-->[39m [37mPOST[39m [37m/wd/hub/session/7975df66-3b09-465e-9764-1d1257771fe9/appium/device/hide_keyboard[39m
[35m[HTTP][39m [90m{}[39m
[35m[HTTP][39m [37m<-- POST /wd/hub/session/7975df66-3b09-465e-9764-1d1257771fe9/appium/device/hide_keyboard [39m[32m200[39m [90m514 ms - 76[39m
[35m[HTTP][39m [90m[39m
[35m[HTTP][39m [37m-->[39m [37mPOST[39m [37m/wd/hub/session/7975df66-3b09-465e-9764-1d1257771fe9/context[39m
[35m[HTTP][39m [90m{"name":"NATIVE_APP"}[39m
[35m[HTTP][39m [37m<-- POST /wd/hub/session/7975df66-3b09-465e-9764-1d1257771fe9/context [39m[32m200[39m [90m167 ms - 76[39m
[35m[HTTP][39m [90m[39m
[35m[HTTP][39m [37m-->[39m [37mGET[39m [37m/wd/hub/session/7975df66-3b09-465e-9764-1d1257771fe9/window/current/size[39m
[35m[HTTP][39m [90m{}[39m
[35m[HTTP][39m [37m<-- GET /wd/hub/session/7975df66-3b09-465e-9764-1d1257771fe9/window/current/size [39m[32m200[39m [90m10 ms - 99[39m
[35m[HTTP][39m [90m[39m
[35m[HTTP][39m [37m-->[39m [37mPOST[39m [37m/wd/hub/session/7975df66-3b09-465e-9764-1d1257771fe9/elements[39m
[35m[HTTP][39m [90m{"using":"-android uiautomator","value":"new UiSelector().description(\"LoginNameTextInput\")"}[39m
[35m[HTTP][39m [37m<-- POST /wd/hub/session/7975df66-3b09-465e-9764-1d1257771fe9/elements [39m[32m200[39m [90m1535 ms - 89[39m
[35m[HTTP][39m [90m[39m
[35m[HTTP][39m [37m-->[39m [37mGET[39m [37m/wd/hub/session/7975df66-3b09-465e-9764-1d1257771fe9[39m
[35m[HTTP][39m [90m{}[39m
[35m[HTTP][39m [37m<-- GET /wd/hub/session/7975df66-3b09-465e-9764-1d1257771fe9 [39m[32m200[39m [90m8 ms - 1150[39m
[35m[HTTP][39m [90m[39m
[35m[HTTP][39m [37m-->[39m [37mGET[39m [37m/wd/hub/session/7975df66-3b09-465e-9764-1d1257771fe9[39m
[35m[HTTP][39m [90m{}[39m
[35m[HTTP][39m [37m<-- GET /wd/hub/session/7975df66-3b09-465e-9764-1d1257771fe9 [39m[32m200[39m [90m4 ms - 1150[39m
[35m[HTTP][39m [90m[39m
[35m[HTTP][39m [37m-->[39m [37mGET[39m [37m/wd/hub/session/7975df66-3b09-465e-9764-1d1257771fe9[39m
[35m[HTTP][39m [90m{}[39m
[35m[HTTP][39m [37m<-- GET /wd/hub/session/7975df66-3b09-465e-9764-1d1257771fe9 [39m[32m200[39m [90m5 ms - 1150[39m
[35m[HTTP][39m [90m[39m
[35m[HTTP][39m [37m-->[39m [37mGET[39m [37m/wd/hub/session/7975df66-3b09-465e-9764-1d1257771fe9[39m
[35m[HTTP][39m [90m{}[39m
[35m[HTTP][39m [37m<-- GET /wd/hub/session/7975df66-3b09-465e-9764-1d1257771fe9 [39m[32m200[39m [90m2 ms - 1150[39m
[35m[HTTP][39m [90m[39m
[35m[HTTP][39m [37m-->[39m [37mGET[39m [37m/wd/hub/session/7975df66-3b09-465e-9764-1d1257771fe9/element/7/location[39m
[35m[HTTP][39m [90m{}[39m
[35m[HTTP][39m [37m<-- GET /wd/hub/session/7975df66-3b09-465e-9764-1d1257771fe9/element/7/location [39m[32m200[39m [90m1099 ms - 88[39m
[35m[HTTP][39m [90m[39m
[35m[HTTP][39m [37m-->[39m [37mGET[39m [37m/wd/hub/session/7975df66-3b09-465e-9764-1d1257771fe9/element/7/text[39m
[35m[HTTP][39m [90m{}[39m
[35m[HTTP][39m [37m<-- GET /wd/hub/session/7975df66-3b09-465e-9764-1d1257771fe9/element/7/text [39m[32m200[39m [90m1602 ms - 88[39m
[35m[HTTP][39m [90m[39m
[35m[HTTP][39m [37m-->[39m [37mGET[39m [37m/wd/hub/session/7975df66-3b09-465e-9764-1d1257771fe9/window/current/size[39m
[35m[HTTP][39m [90m{}[39m
[35m[HTTP][39m [37m<-- GET /wd/hub/session/7975df66-3b09-465e-9764-1d1257771fe9/window/current/size [39m[32m200[39m [90m11 ms - 99[39m
[35m[HTTP][39m [90m[39m
[35m[HTTP][39m [37m-->[39m [37mPOST[39m [37m/wd/hub/session/7975df66-3b09-465e-9764-1d1257771fe9/elements[39m
[35m[HTTP][39m [90m{"using":"-android uiautomator","value":"new UiSelector().description(\"LoginJumpNextBtn\")"}[39m
[35m[HTTP][39m [37m<-- POST /wd/hub/session/7975df66-3b09-465e-9764-1d1257771fe9/elements [39m[32m200[39m [90m8513 ms - 89[39m
[35m[HTTP][39m [90m[39m
[35m[HTTP][39m [37m-->[39m [37mGET[39m [37m/wd/hub/session/7975df66-3b09-465e-9764-1d1257771fe9[39m
[35m[HTTP][39m [90m{}[39m
[35m[HTTP][39m [37m<-- GET /wd/hub/session/7975df66-3b09-465e-9764-1d1257771fe9 [39m[32m200[39m [90m8 ms - 1150[39m
[35m[HTTP][39m [90m[39m
[35m[HTTP][39m [37m-->[39m [37mGET[39m [37m/wd/hub/session/7975df66-3b09-465e-9764-1d1257771fe9[39m
[35m[HTTP][39m [90m{}[39m
[35m[HTTP][39m [37m<-- GET /wd/hub/session/7975df66-3b09-465e-9764-1d1257771fe9 [39m[32m200[39m [90m5 ms - 1150[39m
[35m[HTTP][39m [90m[39m
[35m[HTTP][39m [37m-->[39m [37mGET[39m [37m/wd/hub/session/7975df66-3b09-465e-9764-1d1257771fe9[39m
[35m[HTTP][39m [90m{}[39m
[35m[HTTP][39m [37m<-- GET /wd/hub/session/7975df66-3b09-465e-9764-1d1257771fe9 [39m[32m200[39m [90m3 ms - 1150[39m
[35m[HTTP][39m [90m[39m
[35m[HTTP][39m [37m-->[39m [37mGET[39m [37m/wd/hub/session/7975df66-3b09-465e-9764-1d1257771fe9[39m
[35m[HTTP][39m [90m{}[39m
[35m[HTTP][39m [37m<-- GET /wd/hub/session/7975df66-3b09-465e-9764-1d1257771fe9 [39m[32m200[39m [90m3 ms - 1150[39m
[35m[HTTP][39m [90m[39m
[35m[HTTP][39m [37m-->[39m [37mGET[39m [37m/wd/hub/session/7975df66-3b09-465e-9764-1d1257771fe9/element/8/location[39m
[35m[HTTP][39m [90m{}[39m
[35m[HTTP][39m [37m<-- GET /wd/hub/session/7975df66-3b09-465e-9764-1d1257771fe9/element/8/location [39m[32m200[39m [90m457 ms - 88[39m
[35m[HTTP][39m [90m[39m
[35m[HTTP][39m [37m-->[39m [37mGET[39m [37m/wd/hub/session/7975df66-3b09-465e-9764-1d1257771fe9/window/current/size[39m
[35m[HTTP][39m [90m{}[39m
[35m[HTTP][39m [37m<-- GET /wd/hub/session/7975df66-3b09-465e-9764-1d1257771fe9/window/current/size [39m[32m200[39m [90m12 ms - 99[39m
[35m[HTTP][39m [90m[39m
[35m[HTTP][39m [37m-->[39m [37mPOST[39m [37m/wd/hub/session/7975df66-3b09-465e-9764-1d1257771fe9/elements[39m
[35m[HTTP][39m [90m{"using":"-android uiautomator","value":"new UiSelector().description(\"LoginJumpNextBtn\")"}[39m
[35m[HTTP][39m [37m<-- POST /wd/hub/session/7975df66-3b09-465e-9764-1d1257771fe9/elements [39m[32m200[39m [90m7453 ms - 89[39m
[35m[HTTP][39m [90m[39m
[35m[HTTP][39m [37m-->[39m [37mGET[39m [37m/wd/hub/session/7975df66-3b09-465e-9764-1d1257771fe9[39m
[35m[HTTP][39m [90m{}[39m
[35m[HTTP][39m [37m<-- GET /wd/hub/session/7975df66-3b09-465e-9764-1d1257771fe9 [39m[32m200[39m [90m8 ms - 1150[39m
[35m[HTTP][39m [90m[39m
[35m[HTTP][39m [37m-->[39m [37mGET[39m [37m/wd/hub/session/7975df66-3b09-465e-9764-1d1257771fe9[39m
[35m[HTTP][39m [90m{}[39m
[35m[HTTP][39m [37m<-- GET /wd/hub/session/7975df66-3b09-465e-9764-1d1257771fe9 [39m[32m200[39m [90m4 ms - 1150[39m
[35m[HTTP][39m [90m[39m
[35m[HTTP][39m [37m-->[39m [37mGET[39m [37m/wd/hub/session/7975df66-3b09-465e-9764-1d1257771fe9[39m
[35m[HTTP][39m [90m{}[39m
[35m[HTTP][39m [37m<-- GET /wd/hub/session/7975df66-3b09-465e-9764-1d1257771fe9 [39m[32m200[39m [90m5 ms - 1150[39m
[35m[HTTP][39m [90m[39m
[35m[HTTP][39m [37m-->[39m [37mGET[39m [37m/wd/hub/session/7975df66-3b09-465e-9764-1d1257771fe9[39m
[35m[HTTP][39m [90m{}[39m
[35m[HTTP][39m [37m<-- GET /wd/hub/session/7975df66-3b09-465e-9764-1d1257771fe9 [39m[32m200[39m [90m3 ms - 1150[39m
[35m[HTTP][39m [90m[39m
[35m[HTTP][39m [37m-->[39m [37mGET[39m [37m/wd/hub/session/7975df66-3b09-465e-9764-1d1257771fe9/element/9/location[39m
[35m[HTTP][39m [90m{}[39m
[35m[HTTP][39m [37m<-- GET /wd/hub/session/7975df66-3b09-465e-9764-1d1257771fe9/element/9/location [39m[32m200[39m [90m458 ms - 88[39m
[35m[HTTP][39m [90m[39m
[35m[HTTP][39m [37m-->[39m [37mGET[39m [37m/wd/hub/session/7975df66-3b09-465e-9764-1d1257771fe9/element/9/attribute/name[39m
[35m[HTTP][39m [90m{}[39m
[35m[HTTP][39m [37m<-- GET /wd/hub/session/7975df66-3b09-465e-9764-1d1257771fe9/element/9/attribute/name [39m[32m200[39m [90m2529 ms - 90[39m
[35m[HTTP][39m [90m[39m
[35m[HTTP][39m [37m-->[39m [37mGET[39m [37m/wd/hub/session/7975df66-3b09-465e-9764-1d1257771fe9/window/current/size[39m
[35m[HTTP][39m [90m{}[39m
[35m[HTTP][39m [37m<-- GET /wd/hub/session/7975df66-3b09-465e-9764-1d1257771fe9/window/current/size [39m[32m200[39m [90m10 ms - 99[39m
[35m[HTTP][39m [90m[39m
[35m[HTTP][39m [37m-->[39m [37mPOST[39m [37m/wd/hub/session/7975df66-3b09-465e-9764-1d1257771fe9/elements[39m
[35m[HTTP][39m [90m{"using":"-android uiautomator","value":"new UiSelector().description(\"LoginJumpNextBtn\")"}[39m
[35m[HTTP][39m [37m<-- POST /wd/hub/session/7975df66-3b09-465e-9764-1d1257771fe9/elements [39m[32m200[39m [90m3986 ms - 90[39m
[35m[HTTP][39m [90m[39m
[35m[HTTP][39m [37m-->[39m [37mGET[39m [37m/wd/hub/session/7975df66-3b09-465e-9764-1d1257771fe9[39m
[35m[HTTP][39m [90m{}[39m
[35m[HTTP][39m [37m<-- GET /wd/hub/session/7975df66-3b09-465e-9764-1d1257771fe9 [39m[32m200[39m [90m8 ms - 1150[39m
[35m[HTTP][39m [90m[39m
[35m[HTTP][39m [37m-->[39m [37mGET[39m [37m/wd/hub/session/7975df66-3b09-465e-9764-1d1257771fe9[39m
[35m[HTTP][39m [90m{}[39m
[35m[HTTP][39m [37m<-- GET /wd/hub/session/7975df66-3b09-465e-9764-1d1257771fe9 [39m[32m200[39m [90m10 ms - 1150[39m
[35m[HTTP][39m [90m[39m
[35m[HTTP][39m [37m-->[39m [37mGET[39m [37m/wd/hub/session/7975df66-3b09-465e-9764-1d1257771fe9[39m
[35m[HTTP][39m [90m{}[39m
[35m[HTTP][39m [37m<-- GET /wd/hub/session/7975df66-3b09-465e-9764-1d1257771fe9 [39m[32m200[39m [90m4 ms - 1150[39m
[35m[HTTP][39m [90m[39m
[35m[HTTP][39m [37m-->[39m [37mGET[39m [37m/wd/hub/session/7975df66-3b09-465e-9764-1d1257771fe9[39m
[35m[HTTP][39m [90m{}[39m
[35m[HTTP][39m [37m<-- GET /wd/hub/session/7975df66-3b09-465e-9764-1d1257771fe9 [39m[32m200[39m [90m2 ms - 1150[39m
[35m[HTTP][39m [90m[39m
[35m[HTTP][39m [37m-->[39m [37mGET[39m [37m/wd/hub/session/7975df66-3b09-465e-9764-1d1257771fe9/element/10/location[39m
[35m[HTTP][39m [90m{}[39m
[35m[HTTP][39m [37m<-- GET /wd/hub/session/7975df66-3b09-465e-9764-1d1257771fe9/element/10/location [39m[32m200[39m [90m444 ms - 88[39m
[35m[HTTP][39m [90m[39m
[35m[HTTP][39m [37m-->[39m [37mPOST[39m [37m/wd/hub/session/7975df66-3b09-465e-9764-1d1257771fe9/touch/perform[39m
[35m[HTTP][39m [90m{"actions":[{"action":"tap","options":{"element":"10","x":1,"y":1}}]}[39m
[35m[HTTP][39m [37m<-- POST /wd/hub/session/7975df66-3b09-465e-9764-1d1257771fe9/touch/perform [39m[32m200[39m [90m1350 ms - 76[39m
[35m[HTTP][39m [90m[39m
[35m[HTTP][39m [37m-->[39m [37mGET[39m [37m/wd/hub/session/7975df66-3b09-465e-9764-1d1257771fe9/window/current/size[39m
[35m[HTTP][39m [90m{}[39m
[35m[HTTP][39m [37m<-- GET /wd/hub/session/7975df66-3b09-465e-9764-1d1257771fe9/window/current/size [39m[32m200[39m [90m10 ms - 99[39m
[35m[HTTP][39m [90m[39m
[35m[HTTP][39m [37m-->[39m [37mPOST[39m [37m/wd/hub/session/7975df66-3b09-465e-9764-1d1257771fe9/elements[39m
[35m[HTTP][39m [90m{"using":"-android uiautomator","value":"new UiSelector().description(\"pinCircleFocus\")"}[39m
[35m[HTTP][39m [37m<-- POST /wd/hub/session/7975df66-3b09-465e-9764-1d1257771fe9/elements [39m[32m200[39m [90m2653 ms - 90[39m
[35m[HTTP][39m [90m[39m
[35m[HTTP][39m [37m-->[39m [37mGET[39m [37m/wd/hub/session/7975df66-3b09-465e-9764-1d1257771fe9[39m
[35m[HTTP][39m [90m{}[39m
[35m[HTTP][39m [37m<-- GET /wd/hub/session/7975df66-3b09-465e-9764-1d1257771fe9 [39m[32m200[39m [90m7 ms - 1150[39m
[35m[HTTP][39m [90m[39m
[35m[HTTP][39m [37m-->[39m [37mGET[39m [37m/wd/hub/session/7975df66-3b09-465e-9764-1d1257771fe9[39m
[35m[HTTP][39m [90m{}[39m
[35m[HTTP][39m [37m<-- GET /wd/hub/session/7975df66-3b09-465e-9764-1d1257771fe9 [39m[32m200[39m [90m9 ms - 1150[39m
[35m[HTTP][39m [90m[39m
[35m[HTTP][39m [37m-->[39m [37mGET[39m [37m/wd/hub/session/7975df66-3b09-465e-9764-1d1257771fe9[39m
[35m[HTTP][39m [90m{}[39m
[35m[HTTP][39m [37m<-- GET /wd/hub/session/7975df66-3b09-465e-9764-1d1257771fe9 [39m[32m200[39m [90m4 ms - 1150[39m
[35m[HTTP][39m [90m[39m
[35m[HTTP][39m [37m-->[39m [37mGET[39m [37m/wd/hub/session/7975df66-3b09-465e-9764-1d1257771fe9[39m
[35m[HTTP][39m [90m{}[39m
[35m[HTTP][39m [37m<-- GET /wd/hub/session/7975df66-3b09-465e-9764-1d1257771fe9 [39m[32m200[39m [90m3 ms - 1150[39m
[35m[HTTP][39m [90m[39m
[35m[HTTP][39m [37m-->[39m [37mGET[39m [37m/wd/hub/session/7975df66-3b09-465e-9764-1d1257771fe9/element/11/location[39m
[35m[HTTP][39m [90m{}[39m
[35m[HTTP][39m [37m<-- GET /wd/hub/session/7975df66-3b09-465e-9764-1d1257771fe9/element/11/location [39m[32m200[39m [90m434 ms - 89[39m
[35m[HTTP][39m [90m[39m
[35m[HTTP][39m [37m-->[39m [37mGET[39m [37m/wd/hub/session/7975df66-3b09-465e-9764-1d1257771fe9/window/current/size[39m
[35m[HTTP][39m [90m{}[39m
[35m[HTTP][39m [37m<-- GET /wd/hub/session/7975df66-3b09-465e-9764-1d1257771fe9/window/current/size [39m[32m200[39m [90m10 ms - 99[39m
[35m[HTTP][39m [90m[39m
[35m[HTTP][39m [37m-->[39m [37mPOST[39m [37m/wd/hub/session/7975df66-3b09-465e-9764-1d1257771fe9/elements[39m
[35m[HTTP][39m [90m{"using":"-android uiautomator","value":"new UiSelector().description(\"pinCircleFocus\")"}[39m
[35m[HTTP][39m [37m<-- POST /wd/hub/session/7975df66-3b09-465e-9764-1d1257771fe9/elements [39m[32m200[39m [90m2922 ms - 90[39m
[35m[HTTP][39m [90m[39m
[35m[HTTP][39m [37m-->[39m [37mGET[39m [37m/wd/hub/session/7975df66-3b09-465e-9764-1d1257771fe9[39m
[35m[HTTP][39m [90m{}[39m
[35m[HTTP][39m [37m<-- GET /wd/hub/session/7975df66-3b09-465e-9764-1d1257771fe9 [39m[32m200[39m [90m7 ms - 1150[39m
[35m[HTTP][39m [90m[39m
[35m[HTTP][39m [37m-->[39m [37mGET[39m [37m/wd/hub/session/7975df66-3b09-465e-9764-1d1257771fe9[39m
[35m[HTTP][39m [90m{}[39m
[35m[HTTP][39m [37m<-- GET /wd/hub/session/7975df66-3b09-465e-9764-1d1257771fe9 [39m[32m200[39m [90m5 ms - 1150[39m
[35m[HTTP][39m [90m[39m
[35m[HTTP][39m [37m-->[39m [37mGET[39m [37m/wd/hub/session/7975df66-3b09-465e-9764-1d1257771fe9[39m
[35m[HTTP][39m [90m{}[39m
[35m[HTTP][39m [37m<-- GET /wd/hub/session/7975df66-3b09-465e-9764-1d1257771fe9 [39m[32m200[39m [90m4 ms - 1150[39m
[35m[HTTP][39m [90m[39m
[35m[HTTP][39m [37m-->[39m [37mGET[39m [37m/wd/hub/session/7975df66-3b09-465e-9764-1d1257771fe9[39m
[35m[HTTP][39m [90m{}[39m
[35m[HTTP][39m [37m<-- GET /wd/hub/session/7975df66-3b09-465e-9764-1d1257771fe9 [39m[32m200[39m [90m3 ms - 1150[39m
[35m[HTTP][39m [90m[39m
[35m[HTTP][39m [37m-->[39m [37mGET[39m [37m/wd/hub/session/7975df66-3b09-465e-9764-1d1257771fe9/element/12/location[39m
[35m[HTTP][39m [90m{}[39m
[35m[HTTP][39m [37m<-- GET /wd/hub/session/7975df66-3b09-465e-9764-1d1257771fe9/element/12/location [39m[32m200[39m [90m457 ms - 89[39m
[35m[HTTP][39m [90m[39m
[35m[HTTP][39m [37m-->[39m [37mGET[39m [37m/wd/hub/session/7975df66-3b09-465e-9764-1d1257771fe9/element/12/attribute/name[39m
[35m[HTTP][39m [90m{}[39m
[35m[HTTP][39m [37m<-- GET /wd/hub/session/7975df66-3b09-465e-9764-1d1257771fe9/element/12/attribute/name [39m[32m200[39m [90m498 ms - 88[39m
[35m[HTTP][39m [90m[39m
[35m[HTTP][39m [37m-->[39m [37mGET[39m [37m/wd/hub/session/7975df66-3b09-465e-9764-1d1257771fe9/window/current/size[39m
[35m[HTTP][39m [90m{}[39m
[35m[HTTP][39m [37m<-- GET /wd/hub/session/7975df66-3b09-465e-9764-1d1257771fe9/window/current/size [39m[32m200[39m [90m10 ms - 99[39m
[35m[HTTP][39m [90m[39m
[35m[HTTP][39m [37m-->[39m [37mPOST[39m [37m/wd/hub/session/7975df66-3b09-465e-9764-1d1257771fe9/elements[39m
[35m[HTTP][39m [90m{"using":"-android uiautomator","value":"new UiSelector().description(\"pinCircleFocus\")"}[39m
[35m[HTTP][39m [37m<-- POST /wd/hub/session/7975df66-3b09-465e-9764-1d1257771fe9/elements [39m[32m200[39m [90m2953 ms - 90[39m
[35m[HTTP][39m [90m[39m
[35m[HTTP][39m [37m-->[39m [37mGET[39m [37m/wd/hub/session/7975df66-3b09-465e-9764-1d1257771fe9[39m
[35m[HTTP][39m [90m{}[39m
[35m[HTTP][39m [37m<-- GET /wd/hub/session/7975df66-3b09-465e-9764-1d1257771fe9 [39m[32m200[39m [90m7 ms - 1150[39m
[35m[HTTP][39m [90m[39m
[35m[HTTP][39m [37m-->[39m [37mGET[39m [37m/wd/hub/session/7975df66-3b09-465e-9764-1d1257771fe9[39m
[35m[HTTP][39m [90m{}[39m
[35m[HTTP][39m [37m<-- GET /wd/hub/session/7975df66-3b09-465e-9764-1d1257771fe9 [39m[32m200[39m [90m4 ms - 1150[39m
[35m[HTTP][39m [90m[39m
[35m[HTTP][39m [37m-->[39m [37mGET[39m [37m/wd/hub/session/7975df66-3b09-465e-9764-1d1257771fe9[39m
[35m[HTTP][39m [90m{}[39m
[35m[HTTP][39m [37m<-- GET /wd/hub/session/7975df66-3b09-465e-9764-1d1257771fe9 [39m[32m200[39m [90m4 ms - 1150[39m
[35m[HTTP][39m [90m[39m
[35m[HTTP][39m [37m-->[39m [37mGET[39m [37m/wd/hub/session/7975df66-3b09-465e-9764-1d1257771fe9[39m
[35m[HTTP][39m [90m{}[39m
[35m[HTTP][39m [37m<-- GET /wd/hub/session/7975df66-3b09-465e-9764-1d1257771fe9 [39m[32m200[39m [90m5 ms - 1150[39m
[35m[HTTP][39m [90m[39m
[35m[HTTP][39m [37m-->[39m [37mGET[39m [37m/wd/hub/session/7975df66-3b09-465e-9764-1d1257771fe9/element/13/location[39m
[35m[HTTP][39m [90m{}[39m
[35m[HTTP][39m [37m<-- GET /wd/hub/session/7975df66-3b09-465e-9764-1d1257771fe9/element/13/location [39m[32m200[39m [90m432 ms - 89[39m
[35m[HTTP][39m [90m[39m
[35m[HTTP][39m [37m-->[39m [37mPOST[39m [37m/wd/hub/session/7975df66-3b09-465e-9764-1d1257771fe9/touch/perform[39m
[35m[HTTP][39m [90m{"actions":[{"action":"tap","options":{"element":"13","x":1,"y":1}}]}[39m
[35m[HTTP][39m [37m<-- POST /wd/hub/session/7975df66-3b09-465e-9764-1d1257771fe9/touch/perform [39m[32m200[39m [90m1367 ms - 76[39m
[35m[HTTP][39m [90m[39m
[35m[HTTP][39m [37m-->[39m [37mGET[39m [37m/wd/hub/session/7975df66-3b09-465e-9764-1d1257771fe9/window/current/size[39m
[35m[HTTP][39m [90m{}[39m
[35m[HTTP][39m [37m<-- GET /wd/hub/session/7975df66-3b09-465e-9764-1d1257771fe9/window/current/size [39m[32m200[39m [90m9 ms - 99[39m
[35m[HTTP][39m [90m[39m
[35m[HTTP][39m [37m-->[39m [37mPOST[39m [37m/wd/hub/session/7975df66-3b09-465e-9764-1d1257771fe9/elements[39m
[35m[HTTP][39m [90m{"using":"-android uiautomator","value":"new UiSelector().description(\"pinCircleFocus\")"}[39m
[35m[HTTP][39m [37m<-- POST /wd/hub/session/7975df66-3b09-465e-9764-1d1257771fe9/elements [39m[32m200[39m [90m3152 ms - 90[39m
[35m[HTTP][39m [90m[39m
[35m[HTTP][39m [37m-->[39m [37mGET[39m [37m/wd/hub/session/7975df66-3b09-465e-9764-1d1257771fe9[39m
[35m[HTTP][39m [90m{}[39m
[35m[HTTP][39m [37m<-- GET /wd/hub/session/7975df66-3b09-465e-9764-1d1257771fe9 [39m[32m200[39m [90m7 ms - 1150[39m
[35m[HTTP][39m [90m[39m
[35m[HTTP][39m [37m-->[39m [37mGET[39m [37m/wd/hub/session/7975df66-3b09-465e-9764-1d1257771fe9[39m
[35m[HTTP][39m [90m{}[39m
[35m[HTTP][39m [37m<-- GET /wd/hub/session/7975df66-3b09-465e-9764-1d1257771fe9 [39m[32m200[39m [90m4 ms - 1150[39m
[35m[HTTP][39m [90m[39m
[35m[HTTP][39m [37m-->[39m [37mGET[39m [37m/wd/hub/session/7975df66-3b09-465e-9764-1d1257771fe9[39m
[35m[HTTP][39m [90m{}[39m
[35m[HTTP][39m [37m<-- GET /wd/hub/session/7975df66-3b09-465e-9764-1d1257771fe9 [39m[32m200[39m [90m6 ms - 1150[39m
[35m[HTTP][39m [90m[39m
[35m[HTTP][39m [37m-->[39m [37mGET[39m [37m/wd/hub/session/7975df66-3b09-465e-9764-1d1257771fe9[39m
[35m[HTTP][39m [90m{}[39m
[35m[HTTP][39m [37m<-- GET /wd/hub/session/7975df66-3b09-465e-9764-1d1257771fe9 [39m[32m200[39m [90m2 ms - 1150[39m
[35m[HTTP][39m [90m[39m
[35m[HTTP][39m [37m-->[39m [37mGET[39m [37m/wd/hub/session/7975df66-3b09-465e-9764-1d1257771fe9/element/14/location[39m
[35m[HTTP][39m [90m{}[39m
[35m[HTTP][39m [37m<-- GET /wd/hub/session/7975df66-3b09-465e-9764-1d1257771fe9/element/14/location [39m[32m200[39m [90m445 ms - 89[39m
[35m[HTTP][39m [90m[39m
[35m[HTTP][39m [37m-->[39m [37mPOST[39m [37m/wd/hub/session/7975df66-3b09-465e-9764-1d1257771fe9/element/14/clear[39m
[35m[HTTP][39m [90m{"id":"14"}[39m
[35m[HTTP][39m [37m<-- POST /wd/hub/session/7975df66-3b09-465e-9764-1d1257771fe9/element/14/clear [39m[32m200[39m [90m6492 ms - 76[39m
[35m[HTTP][39m [90m[39m
[35m[HTTP][39m [37m-->[39m [37mPOST[39m [37m/wd/hub/session/7975df66-3b09-465e-9764-1d1257771fe9/element/14/value[39m
[35m[HTTP][39m [90m{"id":"14","value":["123456"]}[39m
[35m[HTTP][39m [37m<-- POST /wd/hub/session/7975df66-3b09-465e-9764-1d1257771fe9/element/14/value [39m[32m200[39m [90m8394 ms - 76[39m
[35m[HTTP][39m [90m[39m
[35m[HTTP][39m [37m-->[39m [37mGET[39m [37m/wd/hub/session/7975df66-3b09-465e-9764-1d1257771fe9/window/current/size[39m
[35m[HTTP][39m [90m{}[39m
[35m[HTTP][39m [37m<-- GET /wd/hub/session/7975df66-3b09-465e-9764-1d1257771fe9/window/current/size [39m[32m200[39m [90m28 ms - 99[39m
[35m[HTTP][39m [90m[39m
[35m[HTTP][39m [37m-->[39m [37mPOST[39m [37m/wd/hub/session/7975df66-3b09-465e-9764-1d1257771fe9/elements[39m
[35m[HTTP][39m [90m{"using":"-android uiautomator","value":"new UiSelector().description(\"headerBar_button_hamburgerMenu\")"}[39m
[35m[HTTP][39m [37m<-- POST /wd/hub/session/7975df66-3b09-465e-9764-1d1257771fe9/elements [39m[32m200[39m [90m7218 ms - 90[39m
[35m[HTTP][39m [90m[39m
[35m[HTTP][39m [37m-->[39m [37mGET[39m [37m/wd/hub/session/7975df66-3b09-465e-9764-1d1257771fe9[39m
[35m[HTTP][39m [90m{}[39m
[35m[HTTP][39m [37m<-- GET /wd/hub/session/7975df66-3b09-465e-9764-1d1257771fe9 [39m[32m200[39m [90m10 ms - 1150[39m
[35m[HTTP][39m [90m[39m
[35m[HTTP][39m [37m-->[39m [37mGET[39m [37m/wd/hub/session/7975df66-3b09-465e-9764-1d1257771fe9[39m
[35m[HTTP][39m [90m{}[39m
[35m[HTTP][39m [37m<-- GET /wd/hub/session/7975df66-3b09-465e-9764-1d1257771fe9 [39m[32m200[39m [90m12 ms - 1150[39m
[35m[HTTP][39m [90m[39m
[35m[HTTP][39m [37m-->[39m [37mGET[39m [37m/wd/hub/session/7975df66-3b09-465e-9764-1d1257771fe9[39m
[35m[HTTP][39m [90m{}[39m
[35m[HTTP][39m [37m<-- GET /wd/hub/session/7975df66-3b09-465e-9764-1d1257771fe9 [39m[32m200[39m [90m4 ms - 1150[39m
[35m[HTTP][39m [90m[39m
[35m[HTTP][39m [37m-->[39m [37mGET[39m [37m/wd/hub/session/7975df66-3b09-465e-9764-1d1257771fe9[39m
[35m[HTTP][39m [90m{}[39m
[35m[HTTP][39m [37m<-- GET /wd/hub/session/7975df66-3b09-465e-9764-1d1257771fe9 [39m[32m200[39m [90m4 ms - 1150[39m
[35m[HTTP][39m [90m[39m
[35m[HTTP][39m [37m-->[39m [37mGET[39m [37m/wd/hub/session/7975df66-3b09-465e-9764-1d1257771fe9/element/15/location[39m
[35m[HTTP][39m [90m{}[39m
[35m[HTTP][39m [37m<-- GET /wd/hub/session/7975df66-3b09-465e-9764-1d1257771fe9/element/15/location [39m[32m200[39m [90m467 ms - 87[39m
[35m[HTTP][39m [90m[39m
[35m[HTTP][39m [37m-->[39m [37mGET[39m [37m/wd/hub/session/7975df66-3b09-465e-9764-1d1257771fe9/window/current/size[39m
[35m[HTTP][39m [90m{}[39m
[35m[HTTP][39m [37m<-- GET /wd/hub/session/7975df66-3b09-465e-9764-1d1257771fe9/window/current/size [39m[32m200[39m [90m9 ms - 99[39m
[35m[HTTP][39m [90m[39m
[35m[HTTP][39m [37m-->[39m [37mPOST[39m [37m/wd/hub/session/7975df66-3b09-465e-9764-1d1257771fe9/elements[39m
[35m[HTTP][39m [90m{"using":"-android uiautomator","value":"new UiSelector().description(\"headerBar_button_hamburgerMenu\")"}[39m
[35m[HTTP][39m [37m<-- POST /wd/hub/session/7975df66-3b09-465e-9764-1d1257771fe9/elements [39m[32m200[39m [90m3418 ms - 90[39m
[35m[HTTP][39m [90m[39m
[35m[HTTP][39m [37m-->[39m [37mGET[39m [37m/wd/hub/session/7975df66-3b09-465e-9764-1d1257771fe9[39m
[35m[HTTP][39m [90m{}[39m
[35m[HTTP][39m [37m<-- GET /wd/hub/session/7975df66-3b09-465e-9764-1d1257771fe9 [39m[32m200[39m [90m4 ms - 1150[39m
[35m[HTTP][39m [90m[39m
[35m[HTTP][39m [37m-->[39m [37mGET[39m [37m/wd/hub/session/7975df66-3b09-465e-9764-1d1257771fe9[39m
[35m[HTTP][39m [90m{}[39m
[35m[HTTP][39m [37m<-- GET /wd/hub/session/7975df66-3b09-465e-9764-1d1257771fe9 [39m[32m200[39m [90m4 ms - 1150[39m
[35m[HTTP][39m [90m[39m
[35m[HTTP][39m [37m-->[39m [37mGET[39m [37m/wd/hub/session/7975df66-3b09-465e-9764-1d1257771fe9[39m
[35m[HTTP][39m [90m{}[39m
[35m[HTTP][39m [37m<-- GET /wd/hub/session/7975df66-3b09-465e-9764-1d1257771fe9 [39m[32m200[39m [90m3 ms - 1150[39m
[35m[HTTP][39m [90m[39m
[35m[HTTP][39m [37m-->[39m [37mGET[39m [37m/wd/hub/session/7975df66-3b09-465e-9764-1d1257771fe9[39m
[35m[HTTP][39m [90m{}[39m
[35m[HTTP][39m [37m<-- GET /wd/hub/session/7975df66-3b09-465e-9764-1d1257771fe9 [39m[32m200[39m [90m4 ms - 1150[39m
[35m[HTTP][39m [90m[39m
[35m[HTTP][39m [37m-->[39m [37mGET[39m [37m/wd/hub/session/7975df66-3b09-465e-9764-1d1257771fe9/element/16/location[39m
[35m[HTTP][39m [90m{}[39m
[35m[HTTP][39m [37m<-- GET /wd/hub/session/7975df66-3b09-465e-9764-1d1257771fe9/element/16/location [39m[32m200[39m [90m469 ms - 87[39m
[35m[HTTP][39m [90m[39m
[35m[HTTP][39m [37m-->[39m [37mGET[39m [37m/wd/hub/session/7975df66-3b09-465e-9764-1d1257771fe9/element/16/attribute/name[39m
[35m[HTTP][39m [90m{}[39m
[35m[HTTP][39m [37m<-- GET /wd/hub/session/7975df66-3b09-465e-9764-1d1257771fe9/element/16/attribute/name [39m[32m200[39m [90m501 ms - 104[39m
[35m[HTTP][39m [90m[39m
[35m[HTTP][39m [37m-->[39m [37mGET[39m [37m/wd/hub/session/7975df66-3b09-465e-9764-1d1257771fe9/window/current/size[39m
[35m[HTTP][39m [90m{}[39m
[35m[HTTP][39m [37m<-- GET /wd/hub/session/7975df66-3b09-465e-9764-1d1257771fe9/window/current/size [39m[32m200[39m [90m9 ms - 99[39m
[35m[HTTP][39m [90m[39m
[35m[HTTP][39m [37m-->[39m [37mPOST[39m [37m/wd/hub/session/7975df66-3b09-465e-9764-1d1257771fe9/elements[39m
[35m[HTTP][39m [90m{"using":"-android uiautomator","value":"new UiSelector().description(\"headerBar_button_hamburgerMenu\")"}[39m
[35m[HTTP][39m [37m<-- POST /wd/hub/session/7975df66-3b09-465e-9764-1d1257771fe9/elements [39m[32m200[39m [90m2927 ms - 90[39m
[35m[HTTP][39m [90m[39m
[35m[HTTP][39m [37m-->[39m [37mGET[39m [37m/wd/hub/session/7975df66-3b09-465e-9764-1d1257771fe9[39m
[35m[HTTP][39m [90m{}[39m
[35m[HTTP][39m [37m<-- GET /wd/hub/session/7975df66-3b09-465e-9764-1d1257771fe9 [39m[32m200[39m [90m7 ms - 1150[39m
[35m[HTTP][39m [90m[39m
[35m[HTTP][39m [37m-->[39m [37mGET[39m [37m/wd/hub/session/7975df66-3b09-465e-9764-1d1257771fe9[39m
[35m[HTTP][39m [90m{}[39m
[35m[HTTP][39m [37m<-- GET /wd/hub/session/7975df66-3b09-465e-9764-1d1257771fe9 [39m[32m200[39m [90m7 ms - 1150[39m
[35m[HTTP][39m [90m[39m
[35m[HTTP][39m [37m-->[39m [37mGET[39m [37m/wd/hub/session/7975df66-3b09-465e-9764-1d1257771fe9[39m
[35m[HTTP][39m [90m{}[39m
[35m[HTTP][39m [37m<-- GET /wd/hub/session/7975df66-3b09-465e-9764-1d1257771fe9 [39m[32m200[39m [90m5 ms - 1150[39m
[35m[HTTP][39m [90m[39m
[35m[HTTP][39m [37m-->[39m [37mGET[39m [37m/wd/hub/session/7975df66-3b09-465e-9764-1d1257771fe9[39m
[35m[HTTP][39m [90m{}[39m
[35m[HTTP][39m [37m<-- GET /wd/hub/session/7975df66-3b09-465e-9764-1d1257771fe9 [39m[32m200[39m [90m4 ms - 1150[39m
[35m[HTTP][39m [90m[39m
[35m[HTTP][39m [37m-->[39m [37mGET[39m [37m/wd/hub/session/7975df66-3b09-465e-9764-1d1257771fe9/element/17/location[39m
[35m[HTTP][39m [90m{}[39m
[35m[HTTP][39m [37m<-- GET /wd/hub/session/7975df66-3b09-465e-9764-1d1257771fe9/element/17/location [39m[32m200[39m [90m433 ms - 87[39m
[35m[HTTP][39m [90m[39m
[35m[HTTP][39m [37m-->[39m [37mPOST[39m [37m/wd/hub/session/7975df66-3b09-465e-9764-1d1257771fe9/touch/perform[39m
[35m[HTTP][39m [90m{"actions":[{"action":"tap","options":{"element":"17","x":1,"y":1}}]}[39m
[35m[HTTP][39m [37m<-- POST /wd/hub/session/7975df66-3b09-465e-9764-1d1257771fe9/touch/perform [39m[32m200[39m [90m3110 ms - 76[39m
[35m[HTTP][39m [90m[39m
[35m[HTTP][39m [37m-->[39m [37mGET[39m [37m/wd/hub/session/7975df66-3b09-465e-9764-1d1257771fe9/window/current/size[39m
[35m[HTTP][39m [90m{}[39m
[35m[HTTP][39m [37m<-- GET /wd/hub/session/7975df66-3b09-465e-9764-1d1257771fe9/window/current/size [39m[32m200[39m [90m17 ms - 99[39m
[35m[HTTP][39m [90m[39m
[35m[HTTP][39m [37m-->[39m [37mPOST[39m [37m/wd/hub/session/7975df66-3b09-465e-9764-1d1257771fe9/elements[39m
[35m[HTTP][39m [90m{"using":"-android uiautomator","value":"new UiSelector().description(\"produkMenuItem\")"}[39m
[35m[HTTP][39m [37m<-- POST /wd/hub/session/7975df66-3b09-465e-9764-1d1257771fe9/elements [39m[32m200[39m [90m4892 ms - 107[39m
[35m[HTTP][39m [90m[39m
[35m[HTTP][39m [37m-->[39m [37mGET[39m [37m/wd/hub/session/7975df66-3b09-465e-9764-1d1257771fe9[39m
[35m[HTTP][39m [90m{}[39m
[35m[HTTP][39m [37m<-- GET /wd/hub/session/7975df66-3b09-465e-9764-1d1257771fe9 [39m[32m200[39m [90m8 ms - 1150[39m
[35m[HTTP][39m [90m[39m
[35m[HTTP][39m [37m-->[39m [37mGET[39m [37m/wd/hub/session/7975df66-3b09-465e-9764-1d1257771fe9[39m
[35m[HTTP][39m [90m{}[39m
[35m[HTTP][39m [37m<-- GET /wd/hub/session/7975df66-3b09-465e-9764-1d1257771fe9 [39m[32m200[39m [90m5 ms - 1150[39m
[35m[HTTP][39m [90m[39m
[35m[HTTP][39m [37m-->[39m [37mGET[39m [37m/wd/hub/session/7975df66-3b09-465e-9764-1d1257771fe9[39m
[35m[HTTP][39m [90m{}[39m
[35m[HTTP][39m [37m<-- GET /wd/hub/session/7975df66-3b09-465e-9764-1d1257771fe9 [39m[32m200[39m [90m5 ms - 1150[39m
[35m[HTTP][39m [90m[39m
[35m[HTTP][39m [37m-->[39m [37mGET[39m [37m/wd/hub/session/7975df66-3b09-465e-9764-1d1257771fe9[39m
[35m[HTTP][39m [90m{}[39m
[35m[HTTP][39m [37m<-- GET /wd/hub/session/7975df66-3b09-465e-9764-1d1257771fe9 [39m[32m200[39m [90m2 ms - 1150[39m
[35m[HTTP][39m [90m[39m
[35m[HTTP][39m [37m-->[39m [37mGET[39m [37m/wd/hub/session/7975df66-3b09-465e-9764-1d1257771fe9[39m
[35m[HTTP][39m [90m{}[39m
[35m[HTTP][39m [37m<-- GET /wd/hub/session/7975df66-3b09-465e-9764-1d1257771fe9 [39m[32m200[39m [90m2 ms - 1150[39m
[35m[HTTP][39m [90m[39m
[35m[HTTP][39m [37m-->[39m [37mGET[39m [37m/wd/hub/session/7975df66-3b09-465e-9764-1d1257771fe9[39m
[35m[HTTP][39m [90m{}[39m
[35m[HTTP][39m [37m<-- GET /wd/hub/session/7975df66-3b09-465e-9764-1d1257771fe9 [39m[32m200[39m [90m2 ms - 1150[39m
[35m[HTTP][39m [90m[39m
[35m[HTTP][39m [37m-->[39m [37mGET[39m [37m/wd/hub/session/7975df66-3b09-465e-9764-1d1257771fe9[39m
[35m[HTTP][39m [90m{}[39m
[35m[HTTP][39m [37m<-- GET /wd/hub/session/7975df66-3b09-465e-9764-1d1257771fe9 [39m[32m200[39m [90m2 ms - 1150[39m
[35m[HTTP][39m [90m[39m
[35m[HTTP][39m [37m-->[39m [37mGET[39m [37m/wd/hub/session/7975df66-3b09-465e-9764-1d1257771fe9[39m
[35m[HTTP][39m [90m{}[39m
[35m[HTTP][39m [37m<-- GET /wd/hub/session/7975df66-3b09-465e-9764-1d1257771fe9 [39m[32m200[39m [90m2 ms - 1150[39m
[35m[HTTP][39m [90m[39m
[35m[HTTP][39m [37m-->[39m [37mGET[39m [37m/wd/hub/session/7975df66-3b09-465e-9764-1d1257771fe9/element/18/location[39m
[35m[HTTP][39m [90m{}[39m
[35m[HTTP][39m [37m<-- GET /wd/hub/session/7975df66-3b09-465e-9764-1d1257771fe9/element/18/location [39m[32m200[39m [90m747 ms - 87[39m
[35m[HTTP][39m [90m[39m
[35m[HTTP][39m [37m-->[39m [37mGET[39m [37m/wd/hub/session/7975df66-3b09-465e-9764-1d1257771fe9/window/current/size[39m
[35m[HTTP][39m [90m{}[39m
[35m[HTTP][39m [37m<-- GET /wd/hub/session/7975df66-3b09-465e-9764-1d1257771fe9/window/current/size [39m[32m200[39m [90m11 ms - 99[39m
[35m[HTTP][39m [90m[39m
[35m[HTTP][39m [37m-->[39m [37mPOST[39m [37m/wd/hub/session/7975df66-3b09-465e-9764-1d1257771fe9/elements[39m
[35m[HTTP][39m [90m{"using":"-android uiautomator","value":"new UiSelector().description(\"produkMenuItem\")"}[39m
[35m[HTTP][39m [37m<-- POST /wd/hub/session/7975df66-3b09-465e-9764-1d1257771fe9/elements [39m[32m200[39m [90m3686 ms - 107[39m
[35m[HTTP][39m [90m[39m
[35m[HTTP][39m [37m-->[39m [37mGET[39m [37m/wd/hub/session/7975df66-3b09-465e-9764-1d1257771fe9[39m
[35m[HTTP][39m [90m{}[39m
[35m[HTTP][39m [37m<-- GET /wd/hub/session/7975df66-3b09-465e-9764-1d1257771fe9 [39m[32m200[39m [90m12 ms - 1150[39m
[35m[HTTP][39m [90m[39m
[35m[HTTP][39m [37m-->[39m [37mGET[39m [37m/wd/hub/session/7975df66-3b09-465e-9764-1d1257771fe9[39m
[35m[HTTP][39m [90m{}[39m
[35m[HTTP][39m [37m<-- GET /wd/hub/session/7975df66-3b09-465e-9764-1d1257771fe9 [39m[32m200[39m [90m7 ms - 1150[39m
[35m[HTTP][39m [90m[39m
[35m[HTTP][39m [37m-->[39m [37mGET[39m [37m/wd/hub/session/7975df66-3b09-465e-9764-1d1257771fe9[39m
[35m[HTTP][39m [90m{}[39m
[35m[HTTP][39m [37m<-- GET /wd/hub/session/7975df66-3b09-465e-9764-1d1257771fe9 [39m[32m200[39m [90m5 ms - 1150[39m
[35m[HTTP][39m [90m[39m
[35m[HTTP][39m [37m-->[39m [37mGET[39m [37m/wd/hub/session/7975df66-3b09-465e-9764-1d1257771fe9[39m
[35m[HTTP][39m [90m{}[39m
[35m[HTTP][39m [37m<-- GET /wd/hub/session/7975df66-3b09-465e-9764-1d1257771fe9 [39m[32m200[39m [90m5 ms - 1150[39m
[35m[HTTP][39m [90m[39m
[35m[HTTP][39m [37m-->[39m [37mGET[39m [37m/wd/hub/session/7975df66-3b09-465e-9764-1d1257771fe9[39m
[35m[HTTP][39m [90m{}[39m
[35m[HTTP][39m [37m<-- GET /wd/hub/session/7975df66-3b09-465e-9764-1d1257771fe9 [39m[32m200[39m [90m3 ms - 1150[39m
[35m[HTTP][39m [90m[39m
[35m[HTTP][39m [37m-->[39m [37mGET[39m [37m/wd/hub/session/7975df66-3b09-465e-9764-1d1257771fe9[39m
[35m[HTTP][39m [90m{}[39m
[35m[HTTP][39m [37m<-- GET /wd/hub/session/7975df66-3b09-465e-9764-1d1257771fe9 [39m[32m200[39m [90m3 ms - 1150[39m
[35m[HTTP][39m [90m[39m
[35m[HTTP][39m [37m-->[39m [37mGET[39m [37m/wd/hub/session/7975df66-3b09-465e-9764-1d1257771fe9[39m
[35m[HTTP][39m [90m{}[39m
[35m[HTTP][39m [37m<-- GET /wd/hub/session/7975df66-3b09-465e-9764-1d1257771fe9 [39m[32m200[39m [90m3 ms - 1150[39m
[35m[HTTP][39m [90m[39m
[35m[HTTP][39m [37m-->[39m [37mGET[39m [37m/wd/hub/session/7975df66-3b09-465e-9764-1d1257771fe9[39m
[35m[HTTP][39m [90m{}[39m
[35m[HTTP][39m [37m<-- GET /wd/hub/session/7975df66-3b09-465e-9764-1d1257771fe9 [39m[32m200[39m [90m2 ms - 1150[39m
[35m[HTTP][39m [90m[39m
[35m[HTTP][39m [37m-->[39m [37mGET[39m [37m/wd/hub/session/7975df66-3b09-465e-9764-1d1257771fe9/element/20/location[39m
[35m[HTTP][39m [90m{}[39m
[35m[HTTP][39m [37m<-- GET /wd/hub/session/7975df66-3b09-465e-9764-1d1257771fe9/element/20/location [39m[32m200[39m [90m1237 ms - 87[39m
[35m[HTTP][39m [90m[39m
[35m[HTTP][39m [37m-->[39m [37mGET[39m [37m/wd/hub/session/7975df66-3b09-465e-9764-1d1257771fe9/element/20/attribute/name[39m
[35m[HTTP][39m [90m{}[39m
[35m[HTTP][39m [37m<-- GET /wd/hub/session/7975df66-3b09-465e-9764-1d1257771fe9/element/20/attribute/name [39m[32m200[39m [90m1140 ms - 88[39m
[35m[HTTP][39m [90m[39m
[35m[HTTP][39m [37m-->[39m [37mGET[39m [37m/wd/hub/session/7975df66-3b09-465e-9764-1d1257771fe9/window/current/size[39m
[35m[HTTP][39m [90m{}[39m
[35m[HTTP][39m [37m<-- GET /wd/hub/session/7975df66-3b09-465e-9764-1d1257771fe9/window/current/size [39m[32m200[39m [90m13 ms - 99[39m
[35m[HTTP][39m [90m[39m
[35m[HTTP][39m [37m-->[39m [37mPOST[39m [37m/wd/hub/session/7975df66-3b09-465e-9764-1d1257771fe9/elements[39m
[35m[HTTP][39m [90m{"using":"-android uiautomator","value":"new UiSelector().description(\"produkMenuItem\")"}[39m
[35m[HTTP][39m [37m<-- POST /wd/hub/session/7975df66-3b09-465e-9764-1d1257771fe9/elements [39m[32m200[39m [90m4989 ms - 107[39m
[35m[HTTP][39m [90m[39m
[35m[HTTP][39m [37m-->[39m [37mGET[39m [37m/wd/hub/session/7975df66-3b09-465e-9764-1d1257771fe9[39m
[35m[HTTP][39m [90m{}[39m
[35m[HTTP][39m [37m<-- GET /wd/hub/session/7975df66-3b09-465e-9764-1d1257771fe9 [39m[32m200[39m [90m11 ms - 1150[39m
[35m[HTTP][39m [90m[39m
[35m[HTTP][39m [37m-->[39m [37mGET[39m [37m/wd/hub/session/7975df66-3b09-465e-9764-1d1257771fe9[39m
[35m[HTTP][39m [90m{}[39m
[35m[HTTP][39m [37m<-- GET /wd/hub/session/7975df66-3b09-465e-9764-1d1257771fe9 [39m[32m200[39m [90m8 ms - 1150[39m
[35m[HTTP][39m [90m[39m
[35m[HTTP][39m [37m-->[39m [37mGET[39m [37m/wd/hub/session/7975df66-3b09-465e-9764-1d1257771fe9[39m
[35m[HTTP][39m [90m{}[39m
[35m[HTTP][39m [37m<-- GET /wd/hub/session/7975df66-3b09-465e-9764-1d1257771fe9 [39m[32m200[39m [90m5 ms - 1150[39m
[35m[HTTP][39m [90m[39m
[35m[HTTP][39m [37m-->[39m [37mGET[39m [37m/wd/hub/session/7975df66-3b09-465e-9764-1d1257771fe9[39m
[35m[HTTP][39m [90m{}[39m
[35m[HTTP][39m [37m<-- GET /wd/hub/session/7975df66-3b09-465e-9764-1d1257771fe9 [39m[32m200[39m [90m5 ms - 1150[39m
[35m[HTTP][39m [90m[39m
[35m[HTTP][39m [37m-->[39m [37mGET[39m [37m/wd/hub/session/7975df66-3b09-465e-9764-1d1257771fe9[39m
[35m[HTTP][39m [90m{}[39m
[35m[HTTP][39m [37m<-- GET /wd/hub/session/7975df66-3b09-465e-9764-1d1257771fe9 [39m[32m200[39m [90m4 ms - 1150[39m
[35m[HTTP][39m [90m[39m
[35m[HTTP][39m [37m-->[39m [37mGET[39m [37m/wd/hub/session/7975df66-3b09-465e-9764-1d1257771fe9[39m
[35m[HTTP][39m [90m{}[39m
[35m[HTTP][39m [37m<-- GET /wd/hub/session/7975df66-3b09-465e-9764-1d1257771fe9 [39m[32m200[39m [90m5 ms - 1150[39m
[35m[HTTP][39m [90m[39m
[35m[HTTP][39m [37m-->[39m [37mGET[39m [37m/wd/hub/session/7975df66-3b09-465e-9764-1d1257771fe9[39m
[35m[HTTP][39m [90m{}[39m
[35m[HTTP][39m [37m<-- GET /wd/hub/session/7975df66-3b09-465e-9764-1d1257771fe9 [39m[32m200[39m [90m4 ms - 1150[39m
[35m[HTTP][39m [90m[39m
[35m[HTTP][39m [37m-->[39m [37mGET[39m [37m/wd/hub/session/7975df66-3b09-465e-9764-1d1257771fe9[39m
[35m[HTTP][39m [90m{}[39m
[35m[HTTP][39m [37m<-- GET /wd/hub/session/7975df66-3b09-465e-9764-1d1257771fe9 [39m[32m200[39m [90m3 ms - 1150[39m
[35m[HTTP][39m [90m[39m
[35m[HTTP][39m [37m-->[39m [37mGET[39m [37m/wd/hub/session/7975df66-3b09-465e-9764-1d1257771fe9/element/22/location[39m
[35m[HTTP][39m [90m{}[39m
[35m[HTTP][39m [37m<-- GET /wd/hub/session/7975df66-3b09-465e-9764-1d1257771fe9/element/22/location [39m[32m200[39m [90m429 ms - 87[39m
[35m[HTTP][39m [90m[39m
[35m[HTTP][39m [37m-->[39m [37mPOST[39m [37m/wd/hub/session/7975df66-3b09-465e-9764-1d1257771fe9/touch/perform[39m
[35m[HTTP][39m [90m{"actions":[{"action":"tap","options":{"element":"22","x":1,"y":1}}]}[39m
[35m[HTTP][39m [37m<-- POST /wd/hub/session/7975df66-3b09-465e-9764-1d1257771fe9/touch/perform [39m[32m200[39m [90m3444 ms - 76[39m
[35m[HTTP][39m [90m[39m
[35m[HTTP][39m [37m-->[39m [37mGET[39m [37m/wd/hub/session/7975df66-3b09-465e-9764-1d1257771fe9/window/current/size[39m
[35m[HTTP][39m [90m{}[39m
[35m[HTTP][39m [37m<-- GET /wd/hub/session/7975df66-3b09-465e-9764-1d1257771fe9/window/current/size [39m[32m200[39m [90m9 ms - 99[39m
[35m[HTTP][39m [90m[39m
[35m[HTTP][39m [37m-->[39m [37mPOST[39m [37m/wd/hub/session/7975df66-3b09-465e-9764-1d1257771fe9/elements[39m
[35m[HTTP][39m [90m{"using":"-android uiautomator","value":"new UiSelector().description(\"headerBar_text_headerTitle\").text(\"Produk\")"}[39m
[35m[HTTP][39m [37m<-- POST /wd/hub/session/7975df66-3b09-465e-9764-1d1257771fe9/elements [39m[32m200[39m [90m3507 ms - 90[39m
[35m[HTTP][39m [90m[39m
[35m[HTTP][39m [37m-->[39m [37mGET[39m [37m/wd/hub/session/7975df66-3b09-465e-9764-1d1257771fe9[39m
[35m[HTTP][39m [90m{}[39m
[35m[HTTP][39m [37m<-- GET /wd/hub/session/7975df66-3b09-465e-9764-1d1257771fe9 [39m[32m200[39m [90m13 ms - 1150[39m
[35m[HTTP][39m [90m[39m
[35m[HTTP][39m [37m-->[39m [37mGET[39m [37m/wd/hub/session/7975df66-3b09-465e-9764-1d1257771fe9[39m
[35m[HTTP][39m [90m{}[39m
[35m[HTTP][39m [37m<-- GET /wd/hub/session/7975df66-3b09-465e-9764-1d1257771fe9 [39m[32m200[39m [90m3 ms - 1150[39m
[35m[HTTP][39m [90m[39m
[35m[HTTP][39m [37m-->[39m [37mGET[39m [37m/wd/hub/session/7975df66-3b09-465e-9764-1d1257771fe9[39m
[35m[HTTP][39m [90m{}[39m
[35m[HTTP][39m [37m<-- GET /wd/hub/session/7975df66-3b09-465e-9764-1d1257771fe9 [39m[32m200[39m [90m3 ms - 1150[39m
[35m[HTTP][39m [90m[39m
[35m[HTTP][39m [37m-->[39m [37mGET[39m [37m/wd/hub/session/7975df66-3b09-465e-9764-1d1257771fe9[39m
[35m[HTTP][39m [90m{}[39m
[35m[HTTP][39m [37m<-- GET /wd/hub/session/7975df66-3b09-465e-9764-1d1257771fe9 [39m[32m200[39m [90m4 ms - 1150[39m
[35m[HTTP][39m [90m[39m
[35m[HTTP][39m [37m-->[39m [37mGET[39m [37m/wd/hub/session/7975df66-3b09-465e-9764-1d1257771fe9/element/24/location[39m
[35m[HTTP][39m [90m{}[39m
[35m[HTTP][39m [37m<-- GET /wd/hub/session/7975df66-3b09-465e-9764-1d1257771fe9/element/24/location [39m[32m200[39m [90m501 ms - 88[39m
[35m[HTTP][39m [90m[39m
[35m[HTTP][39m [37m-->[39m [37mGET[39m [37m/wd/hub/session/7975df66-3b09-465e-9764-1d1257771fe9/element/24/displayed[39m
[35m[HTTP][39m [90m{}[39m
[35m[HTTP][39m [37m<-- GET /wd/hub/session/7975df66-3b09-465e-9764-1d1257771fe9/element/24/displayed [39m[32m200[39m [90m499 ms - 76[39m
[35m[HTTP][39m [90m[39m
[35m[HTTP][39m [37m-->[39m [37mGET[39m [37m/wd/hub/session/7975df66-3b09-465e-9764-1d1257771fe9/window/current/size[39m
[35m[HTTP][39m [90m{}[39m
[35m[HTTP][39m [37m<-- GET /wd/hub/session/7975df66-3b09-465e-9764-1d1257771fe9/window/current/size [39m[32m200[39m [90m12 ms - 99[39m
[35m[HTTP][39m [90m[39m
[35m[HTTP][39m [37m-->[39m [37mPOST[39m [37m/wd/hub/session/7975df66-3b09-465e-9764-1d1257771fe9/elements[39m
[35m[HTTP][39m [90m{"using":"-android uiautomator","value":"new UiSelector().description(\"productListComponent_textInput_search\")"}[39m
[35m[HTTP][39m [37m<-- POST /wd/hub/session/7975df66-3b09-465e-9764-1d1257771fe9/elements [39m[32m200[39m [90m1968 ms - 90[39m
[35m[HTTP][39m [90m[39m
[35m[HTTP][39m [37m-->[39m [37mGET[39m [37m/wd/hub/session/7975df66-3b09-465e-9764-1d1257771fe9[39m
[35m[HTTP][39m [90m{}[39m
[35m[HTTP][39m [37m<-- GET /wd/hub/session/7975df66-3b09-465e-9764-1d1257771fe9 [39m[32m200[39m [90m8 ms - 1150[39m
[35m[HTTP][39m [90m[39m
[35m[HTTP][39m [37m-->[39m [37mGET[39m [37m/wd/hub/session/7975df66-3b09-465e-9764-1d1257771fe9[39m
[35m[HTTP][39m [90m{}[39m
[35m[HTTP][39m [37m<-- GET /wd/hub/session/7975df66-3b09-465e-9764-1d1257771fe9 [39m[32m200[39m [90m5 ms - 1150[39m
[35m[HTTP][39m [90m[39m
[35m[HTTP][39m [37m-->[39m [37mGET[39m [37m/wd/hub/session/7975df66-3b09-465e-9764-1d1257771fe9[39m
[35m[HTTP][39m [90m{}[39m
[35m[HTTP][39m [37m<-- GET /wd/hub/session/7975df66-3b09-465e-9764-1d1257771fe9 [39m[32m200[39m [90m5 ms - 1150[39m
[35m[HTTP][39m [90m[39m
[35m[HTTP][39m [37m-->[39m [37mGET[39m [37m/wd/hub/session/7975df66-3b09-465e-9764-1d1257771fe9[39m
[35m[HTTP][39m [90m{}[39m
[35m[HTTP][39m [37m<-- GET /wd/hub/session/7975df66-3b09-465e-9764-1d1257771fe9 [39m[32m200[39m [90m3 ms - 1150[39m
[35m[HTTP][39m [90m[39m
[35m[HTTP][39m [37m-->[39m [37mGET[39m [37m/wd/hub/session/7975df66-3b09-465e-9764-1d1257771fe9/element/25/location[39m
[35m[HTTP][39m [90m{}[39m
[35m[HTTP][39m [37m<-- GET /wd/hub/session/7975df66-3b09-465e-9764-1d1257771fe9/element/25/location [39m[32m200[39m [90m461 ms - 88[39m
[35m[HTTP][39m [90m[39m
[35m[HTTP][39m [37m-->[39m [37mGET[39m [37m/wd/hub/session/7975df66-3b09-465e-9764-1d1257771fe9/window/current/size[39m
[35m[HTTP][39m [90m{}[39m
[35m[HTTP][39m [37m<-- GET /wd/hub/session/7975df66-3b09-465e-9764-1d1257771fe9/window/current/size [39m[32m200[39m [90m12 ms - 99[39m
[35m[HTTP][39m [90m[39m
[35m[HTTP][39m [37m-->[39m [37mPOST[39m [37m/wd/hub/session/7975df66-3b09-465e-9764-1d1257771fe9/elements[39m
[35m[HTTP][39m [90m{"using":"-android uiautomator","value":"new UiSelector().description(\"productListComponent_textInput_search\")"}[39m
[35m[HTTP][39m [37m<-- POST /wd/hub/session/7975df66-3b09-465e-9764-1d1257771fe9/elements [39m[32m200[39m [90m5859 ms - 90[39m
[35m[HTTP][39m [90m[39m
[35m[HTTP][39m [37m-->[39m [37mGET[39m [37m/wd/hub/session/7975df66-3b09-465e-9764-1d1257771fe9[39m
[35m[HTTP][39m [90m{}[39m
[35m[HTTP][39m [37m<-- GET /wd/hub/session/7975df66-3b09-465e-9764-1d1257771fe9 [39m[32m200[39m [90m12 ms - 1150[39m
[35m[HTTP][39m [90m[39m
[35m[HTTP][39m [37m-->[39m [37mGET[39m [37m/wd/hub/session/7975df66-3b09-465e-9764-1d1257771fe9[39m
[35m[HTTP][39m [90m{}[39m
[35m[HTTP][39m [37m<-- GET /wd/hub/session/7975df66-3b09-465e-9764-1d1257771fe9 [39m[32m200[39m [90m5 ms - 1150[39m
[35m[HTTP][39m [90m[39m
[35m[HTTP][39m [37m-->[39m [37mGET[39m [37m/wd/hub/session/7975df66-3b09-465e-9764-1d1257771fe9[39m
[35m[HTTP][39m [90m{}[39m
[35m[HTTP][39m [37m<-- GET /wd/hub/session/7975df66-3b09-465e-9764-1d1257771fe9 [39m[32m200[39m [90m4 ms - 1150[39m
[35m[HTTP][39m [90m[39m
[35m[HTTP][39m [37m-->[39m [37mGET[39m [37m/wd/hub/session/7975df66-3b09-465e-9764-1d1257771fe9[39m
[35m[HTTP][39m [90m{}[39m
[35m[HTTP][39m [37m<-- GET /wd/hub/session/7975df66-3b09-465e-9764-1d1257771fe9 [39m[32m200[39m [90m4 ms - 1150[39m
[35m[HTTP][39m [90m[39m
[35m[HTTP][39m [37m-->[39m [37mGET[39m [37m/wd/hub/session/7975df66-3b09-465e-9764-1d1257771fe9/element/26/location[39m
[35m[HTTP][39m [90m{}[39m
[35m[HTTP][39m [37m<-- GET /wd/hub/session/7975df66-3b09-465e-9764-1d1257771fe9/element/26/location [39m[32m200[39m [90m1027 ms - 88[39m
[35m[HTTP][39m [90m[39m
[35m[HTTP][39m [37m-->[39m [37mGET[39m [37m/wd/hub/session/7975df66-3b09-465e-9764-1d1257771fe9/element/26/attribute/name[39m
[35m[HTTP][39m [90m{}[39m
[35m[HTTP][39m [37m<-- GET /wd/hub/session/7975df66-3b09-465e-9764-1d1257771fe9/element/26/attribute/name [39m[32m200[39m [90m510 ms - 111[39m
[35m[HTTP][39m [90m[39m
[35m[HTTP][39m [37m-->[39m [37mGET[39m [37m/wd/hub/session/7975df66-3b09-465e-9764-1d1257771fe9/window/current/size[39m
[35m[HTTP][39m [90m{}[39m
[35m[HTTP][39m [37m<-- GET /wd/hub/session/7975df66-3b09-465e-9764-1d1257771fe9/window/current/size [39m[32m200[39m [90m10 ms - 99[39m
[35m[HTTP][39m [90m[39m
[35m[HTTP][39m [37m-->[39m [37mPOST[39m [37m/wd/hub/session/7975df66-3b09-465e-9764-1d1257771fe9/elements[39m
[35m[HTTP][39m [90m{"using":"-android uiautomator","value":"new UiSelector().description(\"productListComponent_textInput_search\")"}[39m
[35m[HTTP][39m [37m<-- POST /wd/hub/session/7975df66-3b09-465e-9764-1d1257771fe9/elements [39m[32m200[39m [90m2345 ms - 90[39m
[35m[HTTP][39m [90m[39m
[35m[HTTP][39m [37m-->[39m [37mGET[39m [37m/wd/hub/session/7975df66-3b09-465e-9764-1d1257771fe9[39m
[35m[HTTP][39m [90m{}[39m
[35m[HTTP][39m [37m<-- GET /wd/hub/session/7975df66-3b09-465e-9764-1d1257771fe9 [39m[32m200[39m [90m8 ms - 1150[39m
[35m[HTTP][39m [90m[39m
[35m[HTTP][39m [37m-->[39m [37mGET[39m [37m/wd/hub/session/7975df66-3b09-465e-9764-1d1257771fe9[39m
[35m[HTTP][39m [90m{}[39m
[35m[HTTP][39m [37m<-- GET /wd/hub/session/7975df66-3b09-465e-9764-1d1257771fe9 [39m[32m200[39m [90m6 ms - 1150[39m
[35m[HTTP][39m [90m[39m
[35m[HTTP][39m [37m-->[39m [37mGET[39m [37m/wd/hub/session/7975df66-3b09-465e-9764-1d1257771fe9[39m
[35m[HTTP][39m [90m{}[39m
[35m[HTTP][39m [37m<-- GET /wd/hub/session/7975df66-3b09-465e-9764-1d1257771fe9 [39m[32m200[39m [90m9 ms - 1150[39m
[35m[HTTP][39m [90m[39m
[35m[HTTP][39m [37m-->[39m [37mGET[39m [37m/wd/hub/session/7975df66-3b09-465e-9764-1d1257771fe9[39m
[35m[HTTP][39m [90m{}[39m
[35m[HTTP][39m [37m<-- GET /wd/hub/session/7975df66-3b09-465e-9764-1d1257771fe9 [39m[32m200[39m [90m5 ms - 1150[39m
[35m[HTTP][39m [90m[39m
[35m[HTTP][39m [37m-->[39m [37mGET[39m [37m/wd/hub/session/7975df66-3b09-465e-9764-1d1257771fe9/element/27/location[39m
[35m[HTTP][39m [90m{}[39m
[35m[HTTP][39m [37m<-- GET /wd/hub/session/7975df66-3b09-465e-9764-1d1257771fe9/element/27/location [39m[32m200[39m [90m1028 ms - 88[39m
[35m[HTTP][39m [90m[39m
[35m[HTTP][39m [37m-->[39m [37mPOST[39m [37m/wd/hub/session/7975df66-3b09-465e-9764-1d1257771fe9/element/27/clear[39m
[35m[HTTP][39m [90m{"id":"27"}[39m
[35m[HTTP][39m [37m<-- POST /wd/hub/session/7975df66-3b09-465e-9764-1d1257771fe9/element/27/clear [39m[32m200[39m [90m2572 ms - 76[39m
[35m[HTTP][39m [90m[39m
[35m[HTTP][39m [37m-->[39m [37mPOST[39m [37m/wd/hub/session/7975df66-3b09-465e-9764-1d1257771fe9/element/27/value[39m
[35m[HTTP][39m [90m{"id":"27","value":["MIMINO Bottle"]}[39m
[35m[HTTP][39m [37m<-- POST /wd/hub/session/7975df66-3b09-465e-9764-1d1257771fe9/element/27/value [39m[32m200[39m [90m15187 ms - 76[39m
[35m[HTTP][39m [90m[39m
[35m[HTTP][39m [37m-->[39m [37mGET[39m [37m/wd/hub/session/7975df66-3b09-465e-9764-1d1257771fe9/context[39m
[35m[HTTP][39m [90m{}[39m
[35m[HTTP][39m [37m<-- GET /wd/hub/session/7975df66-3b09-465e-9764-1d1257771fe9/context [39m[32m200[39m [90m6 ms - 84[39m
[35m[HTTP][39m [90m[39m
[35m[HTTP][39m [37m-->[39m [37mGET[39m [37m/wd/hub/session/7975df66-3b09-465e-9764-1d1257771fe9/contexts[39m
[35m[HTTP][39m [90m{}[39m
[35m[HTTP][39m [37m<-- GET /wd/hub/session/7975df66-3b09-465e-9764-1d1257771fe9/contexts [39m[32m200[39m [90m152 ms - 86[39m
[35m[HTTP][39m [90m[39m
[35m[HTTP][39m [37m-->[39m [37mPOST[39m [37m/wd/hub/session/7975df66-3b09-465e-9764-1d1257771fe9/context[39m
[35m[HTTP][39m [90m{"name":"NATIVE_APP"}[39m
[35m[HTTP][39m [37m<-- POST /wd/hub/session/7975df66-3b09-465e-9764-1d1257771fe9/context [39m[32m200[39m [90m141 ms - 76[39m
[35m[HTTP][39m [90m[39m
[35m[HTTP][39m [37m-->[39m [37mPOST[39m [37m/wd/hub/session/7975df66-3b09-465e-9764-1d1257771fe9/appium/device/hide_keyboard[39m
[35m[HTTP][39m [90m{}[39m
[35m[HTTP][39m [37m<-- POST /wd/hub/session/7975df66-3b09-465e-9764-1d1257771fe9/appium/device/hide_keyboard [39m[32m200[39m [90m2333 ms - 76[39m
[35m[HTTP][39m [90m[39m
[35m[HTTP][39m [37m-->[39m [37mPOST[39m [37m/wd/hub/session/7975df66-3b09-465e-9764-1d1257771fe9/context[39m
[35m[HTTP][39m [90m{"name":"NATIVE_APP"}[39m
[35m[HTTP][39m [37m<-- POST /wd/hub/session/7975df66-3b09-465e-9764-1d1257771fe9/context [39m[32m200[39m [90m142 ms - 76[39m
[35m[HTTP][39m [90m[39m
[35m[HTTP][39m [37m-->[39m [37mGET[39m [37m/wd/hub/session/7975df66-3b09-465e-9764-1d1257771fe9/window/current/size[39m
[35m[HTTP][39m [90m{}[39m
[35m[HTTP][39m [37m<-- GET /wd/hub/session/7975df66-3b09-465e-9764-1d1257771fe9/window/current/size [39m[32m200[39m [90m6 ms - 99[39m
[35m[HTTP][39m [90m[39m
[35m[HTTP][39m [37m-->[39m [37mPOST[39m [37m/wd/hub/session/7975df66-3b09-465e-9764-1d1257771fe9/elements[39m
[35m[HTTP][39m [90m{"using":"-android uiautomator","value":"new UiSelector().description(\"productListComponent_listItem_0\")"}[39m
[35m[HTTP][39m [37m<-- POST /wd/hub/session/7975df66-3b09-465e-9764-1d1257771fe9/elements [39m[32m200[39m [90m1065 ms - 74[39m
[35m[HTTP][39m [90m[39m
[35m[HTTP][39m [37m-->[39m [37mPOST[39m [37m/wd/hub/session/7975df66-3b09-465e-9764-1d1257771fe9/elements[39m
[35m[HTTP][39m [90m{"using":"-android uiautomator","value":"new UiSelector().description(\"productListComponent_listItem_0\")"}[39m
[35m[HTTP][39m [37m<-- POST /wd/hub/session/7975df66-3b09-465e-9764-1d1257771fe9/elements [39m[32m200[39m [90m3104 ms - 74[39m
[35m[HTTP][39m [90m[39m
[35m[HTTP][39m [37m-->[39m [37mPOST[39m [37m/wd/hub/session/7975df66-3b09-465e-9764-1d1257771fe9/elements[39m
[35m[HTTP][39m [90m{"using":"-android uiautomator","value":"new UiSelector().description(\"productListComponent_listItem_0\")"}[39m
[35m[HTTP][39m [37m<-- POST /wd/hub/session/7975df66-3b09-465e-9764-1d1257771fe9/elements [39m[32m200[39m [90m1029 ms - 74[39m
[35m[HTTP][39m [90m[39m
[35m[HTTP][39m [37m-->[39m [37mGET[39m [37m/wd/hub/session/7975df66-3b09-465e-9764-1d1257771fe9/window/current/size[39m
[35m[HTTP][39m [90m{}[39m
[35m[HTTP][39m [37m<-- GET /wd/hub/session/7975df66-3b09-465e-9764-1d1257771fe9/window/current/size [39m[32m200[39m [90m7 ms - 99[39m
[35m[HTTP][39m [90m[39m
[35m[HTTP][39m [37m-->[39m [37mPOST[39m [37m/wd/hub/session/7975df66-3b09-465e-9764-1d1257771fe9/elements[39m
[35m[HTTP][39m [90m{"using":"-android uiautomator","value":"new UiSelector().description(\"productListComponent_listItem_0\")"}[39m
[35m[HTTP][39m [37m<-- POST /wd/hub/session/7975df66-3b09-465e-9764-1d1257771fe9/elements [39m[32m200[39m [90m9428 ms - 74[39m
[35m[HTTP][39m [90m[39m
[35m[HTTP][39m [37m-->[39m [37mGET[39m [37m/wd/hub/session/7975df66-3b09-465e-9764-1d1257771fe9/window/current/size[39m
[35m[HTTP][39m [90m{}[39m
[35m[HTTP][39m [37m<-- GET /wd/hub/session/7975df66-3b09-465e-9764-1d1257771fe9/window/current/size [39m[32m200[39m [90m15 ms - 99[39m
[35m[HTTP][39m [90m[39m
[35m[HTTP][39m [37m-->[39m [37mPOST[39m [37m/wd/hub/session/7975df66-3b09-465e-9764-1d1257771fe9/elements[39m
[35m[HTTP][39m [90m{"using":"-android uiautomator","value":"new UiSelector().description(\"productListComponent_listItem_0\")"}[39m
[35m[HTTP][39m [37m<-- POST /wd/hub/session/7975df66-3b09-465e-9764-1d1257771fe9/elements [39m[32m200[39m [90m1580 ms - 74[39m
[35m[HTTP][39m [90m[39m
[35m[HTTP][39m [37m-->[39m [37mPOST[39m [37m/wd/hub/session/7975df66-3b09-465e-9764-1d1257771fe9/elements[39m
[35m[HTTP][39m [90m{"using":"-android uiautomator","value":"new UiSelector().description(\"productListComponent_listItem_0\")"}[39m
[35m[HTTP][39m [37m<-- POST /wd/hub/session/7975df66-3b09-465e-9764-1d1257771fe9/elements [39m[32m200[39m [90m1022 ms - 74[39m
[35m[HTTP][39m [90m[39m
[35m[HTTP][39m [37m-->[39m [37mPOST[39m [37m/wd/hub/session/7975df66-3b09-465e-9764-1d1257771fe9/elements[39m
[35m[HTTP][39m [90m{"using":"-android uiautomator","value":"new UiSelector().description(\"productListComponent_listItem_0\")"}[39m
[35m[HTTP][39m [37m<-- POST /wd/hub/session/7975df66-3b09-465e-9764-1d1257771fe9/elements [39m[32m200[39m [90m2449 ms - 74[39m
[35m[HTTP][39m [90m[39m
[35m[HTTP][39m [37m-->[39m [37mGET[39m [37m/wd/hub/session/7975df66-3b09-465e-9764-1d1257771fe9/context[39m
[35m[HTTP][39m [90m{}[39m
[35m[HTTP][39m [37m<-- GET /wd/hub/session/7975df66-3b09-465e-9764-1d1257771fe9/context [39m[32m200[39m [90m9 ms - 84[39m
[35m[HTTP][39m [90m[39m
[35m[HTTP][39m [37m-->[39m [37mGET[39m [37m/wd/hub/session/7975df66-3b09-465e-9764-1d1257771fe9/contexts[39m
[35m[HTTP][39m [90m{}[39m
[35m[HTTP][39m [37m<-- GET /wd/hub/session/7975df66-3b09-465e-9764-1d1257771fe9/contexts [39m[32m200[39m [90m190 ms - 86[39m
[35m[HTTP][39m [90m[39m
[35m[HTTP][39m [37m-->[39m [37mPOST[39m [37m/wd/hub/session/7975df66-3b09-465e-9764-1d1257771fe9/context[39m
[35m[HTTP][39m [90m{"name":"NATIVE_APP"}[39m
[35m[HTTP][39m [37m<-- POST /wd/hub/session/7975df66-3b09-465e-9764-1d1257771fe9/context [39m[32m200[39m [90m190 ms - 76[39m
[35m[HTTP][39m [90m[39m
[35m[HTTP][39m [37m-->[39m [37mGET[39m [37m/wd/hub/session/7975df66-3b09-465e-9764-1d1257771fe9/screenshot[39m
[35m[HTTP][39m [90m{}[39m
[35m[HTTP][39m [37m<-- GET /wd/hub/session/7975df66-3b09-465e-9764-1d1257771fe9/screenshot [39m[32m200[39m [90m1154 ms - 78326[39m
[35m[HTTP][39m [90m[39m
[35m[HTTP][39m [37m-->[39m [37mPOST[39m [37m/wd/hub/session/7975df66-3b09-465e-9764-1d1257771fe9/context[39m
[35m[HTTP][39m [90m{"name":"NATIVE_APP"}[39m
[35m[HTTP][39m [37m<-- POST /wd/hub/session/7975df66-3b09-465e-9764-1d1257771fe9/context [39m[32m200[39m [90m129 ms - 76[39m
[35m[HTTP][39m [90m[39m
[35m[HTTP][39m [37m-->[39m [37mGET[39m [37m/wd/hub/session/7975df66-3b09-465e-9764-1d1257771fe9/context[39m
[35m[HTTP][39m [90m{}[39m
[35m[HTTP][39m [37m<-- GET /wd/hub/session/7975df66-3b09-465e-9764-1d1257771fe9/context [39m[32m200[39m [90m2 ms - 84[39m
[35m[HTTP][39m [90m[39m
[35m[HTTP][39m [37m-->[39m [37mGET[39m [37m/wd/hub/session/7975df66-3b09-465e-9764-1d1257771fe9/contexts[39m
[35m[HTTP][39m [90m{}[39m
[35m[HTTP][39m [37m<-- GET /wd/hub/session/7975df66-3b09-465e-9764-1d1257771fe9/contexts [39m[32m200[39m [90m144 ms - 86[39m
[35m[HTTP][39m [90m[39m
[35m[HTTP][39m [37m-->[39m [37mPOST[39m [37m/wd/hub/session/7975df66-3b09-465e-9764-1d1257771fe9/context[39m
[35m[HTTP][39m [90m{"name":"NATIVE_APP"}[39m
[35m[HTTP][39m [37m<-- POST /wd/hub/session/7975df66-3b09-465e-9764-1d1257771fe9/context [39m[32m200[39m [90m139 ms - 76[39m
[35m[HTTP][39m [90m[39m
[35m[HTTP][39m [37m-->[39m [37mGET[39m [37m/wd/hub/session/7975df66-3b09-465e-9764-1d1257771fe9/screenshot[39m
[35m[HTTP][39m [90m{}[39m
[35m[HTTP][39m [37m<-- GET /wd/hub/session/7975df66-3b09-465e-9764-1d1257771fe9/screenshot [39m[32m200[39m [90m1001 ms - 86626[39m
[35m[HTTP][39m [90m[39m
[35m[HTTP][39m [37m-->[39m [37mPOST[39m [37m/wd/hub/session/7975df66-3b09-465e-9764-1d1257771fe9/context[39m
[35m[HTTP][39m [90m{"name":"NATIVE_APP"}[39m
[35m[HTTP][39m [37m<-- POST /wd/hub/session/7975df66-3b09-465e-9764-1d1257771fe9/context [39m[32m200[39m [90m138 ms - 76[39m
[35m[HTTP][39m [90m[39m
[35m[HTTP][39m [37m-->[39m [37mGET[39m [37m/wd/hub/session/7975df66-3b09-465e-9764-1d1257771fe9/context[39m
[35m[HTTP][39m [90m{}[39m
[35m[HTTP][39m [37m<-- GET /wd/hub/session/7975df66-3b09-465e-9764-1d1257771fe9/context [39m[32m200[39m [90m2 ms - 84[39m
[35m[HTTP][39m [90m[39m
[35m[HTTP][39m [37m-->[39m [37mGET[39m [37m/wd/hub/session/7975df66-3b09-465e-9764-1d1257771fe9/contexts[39m
[35m[HTTP][39m [90m{}[39m
[35m[HTTP][39m [37m<-- GET /wd/hub/session/7975df66-3b09-465e-9764-1d1257771fe9/contexts [39m[32m200[39m [90m147 ms - 86[39m
[35m[HTTP][39m [90m[39m
[35m[HTTP][39m [37m-->[39m [37mPOST[39m [37m/wd/hub/session/7975df66-3b09-465e-9764-1d1257771fe9/context[39m
[35m[HTTP][39m [90m{"name":"NATIVE_APP"}[39m
[35m[HTTP][39m [37m<-- POST /wd/hub/session/7975df66-3b09-465e-9764-1d1257771fe9/context [39m[32m200[39m [90m134 ms - 76[39m
[35m[HTTP][39m [90m[39m
[35m[HTTP][39m [37m-->[39m [37mPOST[39m [37m/wd/hub/session/7975df66-3b09-465e-9764-1d1257771fe9/appium/device/press_keycode[39m
[35m[HTTP][39m [90m{"keycode":4}[39m
[35m[HTTP][39m [37m<-- POST /wd/hub/session/7975df66-3b09-465e-9764-1d1257771fe9/appium/device/press_keycode [39m[32m200[39m [90m318 ms - 76[39m
[35m[HTTP][39m [90m[39m
[35m[HTTP][39m [37m-->[39m [37mPOST[39m [37m/wd/hub/session/7975df66-3b09-465e-9764-1d1257771fe9/context[39m
[35m[HTTP][39m [90m{"name":"NATIVE_APP"}[39m
[35m[HTTP][39m [37m<-- POST /wd/hub/session/7975df66-3b09-465e-9764-1d1257771fe9/context [39m[32m200[39m [90m162 ms - 76[39m
[35m[HTTP][39m [90m[39m
[35m[HTTP][39m [37m-->[39m [37mGET[39m [37m/wd/hub/session/7975df66-3b09-465e-9764-1d1257771fe9/window/current/size[39m
[35m[HTTP][39m [90m{}[39m
[35m[HTTP][39m [37m<-- GET /wd/hub/session/7975df66-3b09-465e-9764-1d1257771fe9/window/current/size [39m[32m200[39m [90m7 ms - 99[39m
[35m[HTTP][39m [90m[39m
[35m[HTTP][39m [37m-->[39m [37mPOST[39m [37m/wd/hub/session/7975df66-3b09-465e-9764-1d1257771fe9/elements[39m
[35m[HTTP][39m [90m{"using":"-android uiautomator","value":"new UiSelector().description(\"productListComponent_listItem_0\")"}[39m
[35m[HTTP][39m [37m<-- POST /wd/hub/session/7975df66-3b09-465e-9764-1d1257771fe9/elements [39m[32m200[39m [90m866 ms - 74[39m
[35m[HTTP][39m [90m[39m
[35m[HTTP][39m [37m-->[39m [37mPOST[39m [37m/wd/hub/session/7975df66-3b09-465e-9764-1d1257771fe9/elements[39m
[35m[HTTP][39m [90m{"using":"-android uiautomator","value":"new UiSelector().description(\"productListComponent_listItem_0\")"}[39m
[35m[HTTP][39m [37m<-- POST /wd/hub/session/7975df66-3b09-465e-9764-1d1257771fe9/elements [39m[32m200[39m [90m4569 ms - 74[39m
[35m[HTTP][39m [90m[39m
[35m[HTTP][39m [37m-->[39m [37mGET[39m [37m/wd/hub/session/7975df66-3b09-465e-9764-1d1257771fe9/window/current/size[39m
[35m[HTTP][39m [90m{}[39m
[35m[HTTP][39m [37m<-- GET /wd/hub/session/7975df66-3b09-465e-9764-1d1257771fe9/window/current/size [39m[32m200[39m [90m10 ms - 99[39m
[35m[HTTP][39m [90m[39m
[35m[HTTP][39m [37m-->[39m [37mPOST[39m [37m/wd/hub/session/7975df66-3b09-465e-9764-1d1257771fe9/elements[39m
[35m[HTTP][39m [90m{"using":"-android uiautomator","value":"new UiSelector().description(\"productListComponent_listItem_0\")"}[39m
[35m[HTTP][39m [37m<-- POST /wd/hub/session/7975df66-3b09-465e-9764-1d1257771fe9/elements [39m[32m200[39m [90m2380 ms - 74[39m
[35m[HTTP][39m [90m[39m
[35m[HTTP][39m [37m-->[39m [37mGET[39m [37m/wd/hub/session/7975df66-3b09-465e-9764-1d1257771fe9/window/current/size[39m
[35m[HTTP][39m [90m{}[39m
[35m[HTTP][39m [37m<-- GET /wd/hub/session/7975df66-3b09-465e-9764-1d1257771fe9/window/current/size [39m[32m200[39m [90m10 ms - 99[39m
[35m[HTTP][39m [90m[39m
[35m[HTTP][39m [37m-->[39m [37mPOST[39m [37m/wd/hub/session/7975df66-3b09-465e-9764-1d1257771fe9/elements[39m
[35m[HTTP][39m [90m{"using":"-android uiautomator","value":"new UiSelector().description(\"productListComponent_listItem_0\")"}[39m
[35m[HTTP][39m [37m<-- POST /wd/hub/session/7975df66-3b09-465e-9764-1d1257771fe9/elements [39m[32m200[39m [90m1343 ms - 74[39m
[35m[HTTP][39m [90m[39m
[35m[HTTP][39m [37m-->[39m [37mPOST[39m [37m/wd/hub/session/7975df66-3b09-465e-9764-1d1257771fe9/elements[39m
[35m[HTTP][39m [90m{"using":"-android uiautomator","value":"new UiSelector().description(\"productListComponent_listItem_0\")"}[39m
[35m[HTTP][39m [37m<-- POST /wd/hub/session/7975df66-3b09-465e-9764-1d1257771fe9/elements [39m[32m200[39m [90m2692 ms - 74[39m
[35m[HTTP][39m [90m[39m
[35m[HTTP][39m [37m-->[39m [37mPOST[39m [37m/wd/hub/session/7975df66-3b09-465e-9764-1d1257771fe9/elements[39m
[35m[HTTP][39m [90m{"using":"-android uiautomator","value":"new UiSelector().description(\"productListComponent_listItem_0\")"}[39m
[35m[HTTP][39m [37m<-- POST /wd/hub/session/7975df66-3b09-465e-9764-1d1257771fe9/elements [39m[32m200[39m [90m1301 ms - 74[39m
[35m[HTTP][39m [90m[39m
[35m[HTTP][39m [37m-->[39m [37mGET[39m [37m/wd/hub/session/7975df66-3b09-465e-9764-1d1257771fe9/context[39m
[35m[HTTP][39m [90m{}[39m
[35m[HTTP][39m [37m<-- GET /wd/hub/session/7975df66-3b09-465e-9764-1d1257771fe9/context [39m[32m200[39m [90m3 ms - 84[39m
[35m[HTTP][39m [90m[39m
[35m[HTTP][39m [37m-->[39m [37mGET[39m [37m/wd/hub/session/7975df66-3b09-465e-9764-1d1257771fe9/contexts[39m
[35m[HTTP][39m [90m{}[39m
[35m[HTTP][39m [37m<-- GET /wd/hub/session/7975df66-3b09-465e-9764-1d1257771fe9/contexts [39m[32m200[39m [90m153 ms - 86[39m
[35m[HTTP][39m [90m[39m
[35m[HTTP][39m [37m-->[39m [37mPOST[39m [37m/wd/hub/session/7975df66-3b09-465e-9764-1d1257771fe9/context[39m
[35m[HTTP][39m [90m{"name":"NATIVE_APP"}[39m
[35m[HTTP][39m [37m<-- POST /wd/hub/session/7975df66-3b09-465e-9764-1d1257771fe9/context [39m[32m200[39m [90m190 ms - 76[39m
[35m[HTTP][39m [90m[39m
[35m[HTTP][39m [37m-->[39m [37mGET[39m [37m/wd/hub/session/7975df66-3b09-465e-9764-1d1257771fe9/screenshot[39m
[35m[HTTP][39m [90m{}[39m
[35m[HTTP][39m [37m<-- GET /wd/hub/session/7975df66-3b09-465e-9764-1d1257771fe9/screenshot [39m[32m-[39m [90m- ms - -[39m
[35m[HTTP][39m [90m[39m
