[35m[Appium][39m Welcome to Appium v1.8.1
[35m[Appium][39m Non-default server args:
[35m[Appium][39m   port: 52117
[35m[Appium][39m   loglevel: info
[35m[Appium][39m   chromeDriverPort: 52118
[35m[Appium][39m   tmpDir: C:\Users\AV2017~2\AppData\Local\Temp\\Katalon\Appium\Temp1531452777335
[35m[Appium][39m Appium REST http interface listener started on 0.0.0.0:52117
[35m[HTTP][39m [37m-->[39m [37mGET[39m [37m/wd/hub/status[39m
[35m[HTTP][39m [90m{}[39m
[35m[HTTP][39m [37m<-- GET /wd/hub/status [39m[32m200[39m [90m61 ms - 83[39m
[35m[HTTP][39m [90m[39m
[35m[HTTP][39m [37m-->[39m [37mPOST[39m [37m/wd/hub/session[39m
[35m[HTTP][39m [90m{"desiredCapabilities":{"app":"C:\\Users\\AV2017005903\\Documents\\apollo-automation\\app-sit-3 Juli.apk","appWaitActivity":"*","autoGrantPermissions":true,"deviceId":"6e4df14","deviceName":"OPPO A37f (Android 5.1.1)","fullReset":true,"newCommandTimeout":1800,"noReset":false,"platform":"ANDROID","platformName":"Android","udid":"6e4df14"},"capabilities":{"desiredCapabilities":{"app":"C:\\Users\\AV2017005903\\Documents\\apollo-automation\\app-sit-3 Juli.apk","appWaitActivity":"*","autoGrantPermissions":true,"deviceId":"6e4df14","deviceName":"OPPO A37f (Android 5.1.1)","fullReset":true,"newCommandTimeout":1800,"noReset":false,"platform":"ANDROID","platformName":"Android","udid":"6e4df14"},"firstMatch":[{"platformName":"android"}]}}[39m
[35m[Appium][39m Could not parse W3C capabilities: 'deviceName' can't be blank. Falling back to JSONWP protocol.
[35m[Appium][39m The following capabilities were provided in the JSONWP desired capabilities that are missing in W3C capabilities: ["app","appWaitActivity","autoGrantPermissions","deviceId","deviceName","fullReset","newCommandTimeout","noReset","platform","platformName","udid"]. Falling back to JSONWP protocol.
[35m[Appium][39m Creating new AndroidDriver (v2.7.0) session
[35m[Appium][39m Capabilities:
[35m[Appium][39m   app: C:\Users\AV2017005903\Documents\apollo-automation\app-sit-3 Juli.apk
[35m[Appium][39m   appWaitActivity: *
[35m[Appium][39m   autoGrantPermissions: true
[35m[Appium][39m   deviceId: 6e4df14
[35m[Appium][39m   deviceName: OPPO A37f (Android 5.1.1)
[35m[Appium][39m   fullReset: true
[35m[Appium][39m   newCommandTimeout: 1800
[35m[Appium][39m   noReset: false
[35m[Appium][39m   platform: ANDROID
[35m[Appium][39m   platformName: Android
[35m[Appium][39m   udid: 6e4df14
[35m[BaseDriver][39m The following capabilities were provided, but are not recognized by appium: deviceId, platform.
[35m[BaseDriver][39m Session created with session id: b54dd6b1-8a0a-4371-9f0f-ca2e42381643
[35m[AndroidDriver][39m Java version is: 1.8.0_102
[35m[ADB][39m Checking whether adb is present
[35m[ADB][39m Found 1 'build-tools' folders under 'C:\Users\AV2017005903\.katalon\tools\android_sdk' (newest first):
[35m[ADB][39m     C:/Users/AV2017005903/.katalon/tools/android_sdk/build-tools/27.0.3
[35m[ADB][39m Using adb.exe from C:\Users\AV2017005903\.katalon\tools\android_sdk\platform-tools\adb.exe
[35m[AndroidDriver][39m Retrieving device list
[35m[AndroidDriver][39m Using device: 6e4df14
[35m[BaseDriver][39m Using local app 'C:\Users\AV2017005903\Documents\apollo-automation\app-sit-3 Juli.apk'
[35m[AndroidDriver][39m Starting Android session
[35m[ADB][39m Checking whether aapt is present
[35m[ADB][39m Using aapt.exe from C:\Users\AV2017005903\.katalon\tools\android_sdk\build-tools\27.0.3\aapt.exe
[35m[AndroidDriver][39m setDeviceLanguageCountry requires language or country.
[35m[AndroidDriver][39m Got language: 'null' and country: 'null'
[35m[ADB][39m Getting device platform version
[35m[ADB][39m Using the alternative activity name detection method because of: Could not find apkanalyzer.bat in C:\Users\AV2017005903\.katalon\tools\android_sdk\platform-tools\apkanalyzer.bat,C:\Users\AV2017005903\.katalon\tools\android_sdk\emulator\apkanalyzer.bat,C:\Users\AV2017005903\.katalon\tools\android_sdk\tools\apkanalyzer.bat,C:\Users\AV2017005903\.katalon\tools\android_sdk\tools\bin\apkanalyzer.bat,C:\Users\AV2017005903\.katalon\tools\android_sdk\build-tools\27.0.3\apkanalyzer.bat. Do you have the Android SDK installed at 'C:\Users\AV2017005903\.katalon\tools\android_sdk'?
[35m[ADB][39m Extracting package and launch activity from manifest
[35m[ADB][39m Package name: 'com.btpn.appbisnis.sit'
[35m[ADB][39m Main activity name: 'com.btpn_mpos_rn.react_bridging.splash.SplashActivity'
[35m[ADB][39m com.btpn.appbisnis.sit was not uninstalled, because it was not present on the device
[35m[ADB][39m Successfully extracted 933 strings from 'C:\Users\AV2017005903\Documents\apollo-automation\app-sit-3 Juli.apk' resources for '(default)' configuration
[35m[ADB][39m No uiautomator process found to kill, continuing...
[35m[AndroidBootstrap][39m Android bootstrap socket is now connected
[35m[AndroidDriver][39m Screen already unlocked, doing nothing
[35m[Appium][39m New AndroidDriver session created successfully, session b54dd6b1-8a0a-4371-9f0f-ca2e42381643 added to master session list
[35m[HTTP][39m [37m<-- POST /wd/hub/session [39m[32m200[39m [90m27227 ms - 1150[39m
[35m[HTTP][39m [90m[39m
[35m[HTTP][39m [37m-->[39m [37mGET[39m [37m/wd/hub/status[39m
[35m[HTTP][39m [90m{}[39m
[35m[HTTP][39m [37m<-- GET /wd/hub/status [39m[32m200[39m [90m54 ms - 55[39m
[35m[HTTP][39m [90m[39m
[35m[HTTP][39m [37m-->[39m [37mPOST[39m [37m/wd/hub/session/b54dd6b1-8a0a-4371-9f0f-ca2e42381643/timeouts[39m
[35m[HTTP][39m [90m{"type":"implicit","ms":30000}[39m
[35m[HTTP][39m [37m<-- POST /wd/hub/session/b54dd6b1-8a0a-4371-9f0f-ca2e42381643/timeouts [39m[33m400[39m [90m13 ms - 5532[39m
[35m[HTTP][39m [90m[39m
[35m[HTTP][39m [37m-->[39m [37mPOST[39m [37m/wd/hub/session/b54dd6b1-8a0a-4371-9f0f-ca2e42381643/touch/perform[39m
[35m[HTTP][39m [90m{"actions":[{"action":"longPress","options":{"x":450,"y":300}},{"action":"moveTo","options":{"x":100,"y":300}},{"action":"release","options":{}}]}[39m
[35m[HTTP][39m [37m<-- POST /wd/hub/session/b54dd6b1-8a0a-4371-9f0f-ca2e42381643/touch/perform [39m[32m200[39m [90m2664 ms - 76[39m
[35m[HTTP][39m [90m[39m
[35m[HTTP][39m [37m-->[39m [37mPOST[39m [37m/wd/hub/session/b54dd6b1-8a0a-4371-9f0f-ca2e42381643/touch/perform[39m
[35m[HTTP][39m [90m{"actions":[{"action":"longPress","options":{"x":450,"y":300}},{"action":"moveTo","options":{"x":100,"y":300}},{"action":"release","options":{}}]}[39m
[35m[HTTP][39m [37m<-- POST /wd/hub/session/b54dd6b1-8a0a-4371-9f0f-ca2e42381643/touch/perform [39m[32m200[39m [90m2895 ms - 76[39m
[35m[HTTP][39m [90m[39m
[35m[HTTP][39m [37m-->[39m [37mPOST[39m [37m/wd/hub/session/b54dd6b1-8a0a-4371-9f0f-ca2e42381643/touch/perform[39m
[35m[HTTP][39m [90m{"actions":[{"action":"longPress","options":{"x":450,"y":300}},{"action":"moveTo","options":{"x":100,"y":300}},{"action":"release","options":{}}]}[39m
[35m[HTTP][39m [37m<-- POST /wd/hub/session/b54dd6b1-8a0a-4371-9f0f-ca2e42381643/touch/perform [39m[32m200[39m [90m2481 ms - 76[39m
[35m[HTTP][39m [90m[39m
[35m[HTTP][39m [37m-->[39m [37mPOST[39m [37m/wd/hub/session/b54dd6b1-8a0a-4371-9f0f-ca2e42381643/touch/perform[39m
[35m[HTTP][39m [90m{"actions":[{"action":"longPress","options":{"x":450,"y":300}},{"action":"moveTo","options":{"x":100,"y":300}},{"action":"release","options":{}}]}[39m
[35m[HTTP][39m [37m<-- POST /wd/hub/session/b54dd6b1-8a0a-4371-9f0f-ca2e42381643/touch/perform [39m[32m200[39m [90m2861 ms - 76[39m
[35m[HTTP][39m [90m[39m
[35m[HTTP][39m [37m-->[39m [37mGET[39m [37m/wd/hub/session/b54dd6b1-8a0a-4371-9f0f-ca2e42381643/window/current/size[39m
[35m[HTTP][39m [90m{}[39m
[35m[HTTP][39m [37m<-- GET /wd/hub/session/b54dd6b1-8a0a-4371-9f0f-ca2e42381643/window/current/size [39m[32m200[39m [90m15 ms - 99[39m
[35m[HTTP][39m [90m[39m
[35m[HTTP][39m [37m-->[39m [37mPOST[39m [37m/wd/hub/session/b54dd6b1-8a0a-4371-9f0f-ca2e42381643/elements[39m
[35m[HTTP][39m [90m{"using":"-android uiautomator","value":"new UiSelector().description(\"start_button_touch\")"}[39m
[35m[HTTP][39m [37m<-- POST /wd/hub/session/b54dd6b1-8a0a-4371-9f0f-ca2e42381643/elements [39m[32m200[39m [90m1849 ms - 74[39m
[35m[HTTP][39m [90m[39m
[35m[HTTP][39m [37m-->[39m [37mPOST[39m [37m/wd/hub/session/b54dd6b1-8a0a-4371-9f0f-ca2e42381643/elements[39m
[35m[HTTP][39m [90m{"using":"-android uiautomator","value":"new UiSelector().description(\"start_button_touch\")"}[39m
[35m[HTTP][39m [37m<-- POST /wd/hub/session/b54dd6b1-8a0a-4371-9f0f-ca2e42381643/elements [39m[32m200[39m [90m994 ms - 74[39m
[35m[HTTP][39m [90m[39m
[35m[HTTP][39m [37m-->[39m [37mPOST[39m [37m/wd/hub/session/b54dd6b1-8a0a-4371-9f0f-ca2e42381643/elements[39m
[35m[HTTP][39m [90m{"using":"-android uiautomator","value":"new UiSelector().description(\"start_button_touch\")"}[39m
[35m[HTTP][39m [37m<-- POST /wd/hub/session/b54dd6b1-8a0a-4371-9f0f-ca2e42381643/elements [39m[32m200[39m [90m4715 ms - 74[39m
[35m[HTTP][39m [90m[39m
[35m[HTTP][39m [37m-->[39m [37mPOST[39m [37m/wd/hub/session/b54dd6b1-8a0a-4371-9f0f-ca2e42381643/elements[39m
[35m[HTTP][39m [90m{"using":"-android uiautomator","value":"new UiSelector().description(\"start_button_touch\")"}[39m
[35m[HTTP][39m [37m<-- POST /wd/hub/session/b54dd6b1-8a0a-4371-9f0f-ca2e42381643/elements [39m[32m200[39m [90m2281 ms - 74[39m
[35m[HTTP][39m [90m[39m
[35m[HTTP][39m [37m-->[39m [37mPOST[39m [37m/wd/hub/session/b54dd6b1-8a0a-4371-9f0f-ca2e42381643/elements[39m
[35m[HTTP][39m [90m{"using":"-android uiautomator","value":"new UiSelector().description(\"start_button_touch\")"}[39m
[35m[HTTP][39m [37m<-- POST /wd/hub/session/b54dd6b1-8a0a-4371-9f0f-ca2e42381643/elements [39m[32m200[39m [90m4544 ms - 74[39m
[35m[HTTP][39m [90m[39m
[35m[HTTP][39m [37m-->[39m [37mPOST[39m [37m/wd/hub/session/b54dd6b1-8a0a-4371-9f0f-ca2e42381643/elements[39m
[35m[HTTP][39m [90m{"using":"-android uiautomator","value":"new UiSelector().description(\"start_button_touch\")"}[39m
[35m[HTTP][39m [37m<-- POST /wd/hub/session/b54dd6b1-8a0a-4371-9f0f-ca2e42381643/elements [39m[32m200[39m [90m2364 ms - 74[39m
[35m[HTTP][39m [90m[39m
[35m[HTTP][39m [37m-->[39m [37mPOST[39m [37m/wd/hub/session/b54dd6b1-8a0a-4371-9f0f-ca2e42381643/elements[39m
[35m[HTTP][39m [90m{"using":"-android uiautomator","value":"new UiSelector().description(\"start_button_touch\")"}[39m
[35m[HTTP][39m [37m<-- POST /wd/hub/session/b54dd6b1-8a0a-4371-9f0f-ca2e42381643/elements [39m[32m200[39m [90m5148 ms - 74[39m
[35m[HTTP][39m [90m[39m
[35m[HTTP][39m [37m-->[39m [37mPOST[39m [37m/wd/hub/session/b54dd6b1-8a0a-4371-9f0f-ca2e42381643/elements[39m
[35m[HTTP][39m [90m{"using":"-android uiautomator","value":"new UiSelector().description(\"start_button_touch\")"}[39m
[35m[HTTP][39m [37m<-- POST /wd/hub/session/b54dd6b1-8a0a-4371-9f0f-ca2e42381643/elements [39m[32m200[39m [90m4537 ms - 74[39m
[35m[HTTP][39m [90m[39m
[35m[HTTP][39m [37m-->[39m [37mPOST[39m [37m/wd/hub/session/b54dd6b1-8a0a-4371-9f0f-ca2e42381643/elements[39m
[35m[HTTP][39m [90m{"using":"-android uiautomator","value":"new UiSelector().description(\"start_button_touch\")"}[39m
[35m[HTTP][39m [37m<-- POST /wd/hub/session/b54dd6b1-8a0a-4371-9f0f-ca2e42381643/elements [39m[32m200[39m [90m1201 ms - 74[39m
[35m[HTTP][39m [90m[39m
[35m[HTTP][39m [37m-->[39m [37mPOST[39m [37m/wd/hub/session/b54dd6b1-8a0a-4371-9f0f-ca2e42381643/elements[39m
[35m[HTTP][39m [90m{"using":"-android uiautomator","value":"new UiSelector().description(\"start_button_touch\")"}[39m
[35m[HTTP][39m [37m<-- POST /wd/hub/session/b54dd6b1-8a0a-4371-9f0f-ca2e42381643/elements [39m[32m200[39m [90m5190 ms - 74[39m
[35m[HTTP][39m [90m[39m
[35m[HTTP][39m [37m-->[39m [37mGET[39m [37m/wd/hub/session/b54dd6b1-8a0a-4371-9f0f-ca2e42381643/window/current/size[39m
[35m[HTTP][39m [90m{}[39m
[35m[HTTP][39m [37m<-- GET /wd/hub/session/b54dd6b1-8a0a-4371-9f0f-ca2e42381643/window/current/size [39m[32m200[39m [90m9 ms - 99[39m
[35m[HTTP][39m [90m[39m
[35m[HTTP][39m [37m-->[39m [37mPOST[39m [37m/wd/hub/session/b54dd6b1-8a0a-4371-9f0f-ca2e42381643/elements[39m
[35m[HTTP][39m [90m{"using":"-android uiautomator","value":"new UiSelector().description(\"start_button_touch\")"}[39m
[35m[HTTP][39m [37m<-- POST /wd/hub/session/b54dd6b1-8a0a-4371-9f0f-ca2e42381643/elements [39m[32m200[39m [90m1608 ms - 74[39m
[35m[HTTP][39m [90m[39m
[35m[HTTP][39m [37m-->[39m [37mPOST[39m [37m/wd/hub/session/b54dd6b1-8a0a-4371-9f0f-ca2e42381643/elements[39m
[35m[HTTP][39m [90m{"using":"-android uiautomator","value":"new UiSelector().description(\"start_button_touch\")"}[39m
[35m[HTTP][39m [37m<-- POST /wd/hub/session/b54dd6b1-8a0a-4371-9f0f-ca2e42381643/elements [39m[32m200[39m [90m5020 ms - 74[39m
[35m[HTTP][39m [90m[39m
[35m[HTTP][39m [37m-->[39m [37mPOST[39m [37m/wd/hub/session/b54dd6b1-8a0a-4371-9f0f-ca2e42381643/elements[39m
[35m[HTTP][39m [90m{"using":"-android uiautomator","value":"new UiSelector().description(\"start_button_touch\")"}[39m
[35m[HTTP][39m [37m<-- POST /wd/hub/session/b54dd6b1-8a0a-4371-9f0f-ca2e42381643/elements [39m[32m200[39m [90m2479 ms - 74[39m
[35m[HTTP][39m [90m[39m
[35m[HTTP][39m [37m-->[39m [37mPOST[39m [37m/wd/hub/session/b54dd6b1-8a0a-4371-9f0f-ca2e42381643/elements[39m
[35m[HTTP][39m [90m{"using":"-android uiautomator","value":"new UiSelector().description(\"start_button_touch\")"}[39m
[35m[HTTP][39m [37m<-- POST /wd/hub/session/b54dd6b1-8a0a-4371-9f0f-ca2e42381643/elements [39m[32m200[39m [90m1276 ms - 74[39m
[35m[HTTP][39m [90m[39m
[35m[HTTP][39m [37m-->[39m [37mPOST[39m [37m/wd/hub/session/b54dd6b1-8a0a-4371-9f0f-ca2e42381643/elements[39m
[35m[HTTP][39m [90m{"using":"-android uiautomator","value":"new UiSelector().description(\"start_button_touch\")"}[39m
[35m[HTTP][39m [37m<-- POST /wd/hub/session/b54dd6b1-8a0a-4371-9f0f-ca2e42381643/elements [39m[32m200[39m [90m6806 ms - 74[39m
[35m[HTTP][39m [90m[39m
[35m[HTTP][39m [37m-->[39m [37mPOST[39m [37m/wd/hub/session/b54dd6b1-8a0a-4371-9f0f-ca2e42381643/elements[39m
[35m[HTTP][39m [90m{"using":"-android uiautomator","value":"new UiSelector().description(\"start_button_touch\")"}[39m
[35m[HTTP][39m [37m<-- POST /wd/hub/session/b54dd6b1-8a0a-4371-9f0f-ca2e42381643/elements [39m[32m200[39m [90m1024 ms - 74[39m
[35m[HTTP][39m [90m[39m
[35m[HTTP][39m [37m-->[39m [37mPOST[39m [37m/wd/hub/session/b54dd6b1-8a0a-4371-9f0f-ca2e42381643/elements[39m
[35m[HTTP][39m [90m{"using":"-android uiautomator","value":"new UiSelector().description(\"start_button_touch\")"}[39m
[35m[HTTP][39m [37m<-- POST /wd/hub/session/b54dd6b1-8a0a-4371-9f0f-ca2e42381643/elements [39m[32m200[39m [90m4575 ms - 74[39m
[35m[HTTP][39m [90m[39m
[35m[HTTP][39m [37m-->[39m [37mPOST[39m [37m/wd/hub/session/b54dd6b1-8a0a-4371-9f0f-ca2e42381643/elements[39m
[35m[HTTP][39m [90m{"using":"-android uiautomator","value":"new UiSelector().description(\"start_button_touch\")"}[39m
[35m[HTTP][39m [37m<-- POST /wd/hub/session/b54dd6b1-8a0a-4371-9f0f-ca2e42381643/elements [39m[32m200[39m [90m2409 ms - 74[39m
[35m[HTTP][39m [90m[39m
[35m[HTTP][39m [37m-->[39m [37mPOST[39m [37m/wd/hub/session/b54dd6b1-8a0a-4371-9f0f-ca2e42381643/elements[39m
[35m[HTTP][39m [90m{"using":"-android uiautomator","value":"new UiSelector().description(\"start_button_touch\")"}[39m
[35m[HTTP][39m [37m<-- POST /wd/hub/session/b54dd6b1-8a0a-4371-9f0f-ca2e42381643/elements [39m[32m200[39m [90m1052 ms - 74[39m
[35m[HTTP][39m [90m[39m
[35m[HTTP][39m [37m-->[39m [37mPOST[39m [37m/wd/hub/session/b54dd6b1-8a0a-4371-9f0f-ca2e42381643/elements[39m
[35m[HTTP][39m [90m{"using":"-android uiautomator","value":"new UiSelector().description(\"start_button_touch\")"}[39m
[35m[HTTP][39m [37m<-- POST /wd/hub/session/b54dd6b1-8a0a-4371-9f0f-ca2e42381643/elements [39m[32m200[39m [90m1919 ms - 74[39m
[35m[HTTP][39m [90m[39m
[35m[HTTP][39m [37m-->[39m [37mPOST[39m [37m/wd/hub/session/b54dd6b1-8a0a-4371-9f0f-ca2e42381643/elements[39m
[35m[HTTP][39m [90m{"using":"-android uiautomator","value":"new UiSelector().description(\"start_button_touch\")"}[39m
[35m[HTTP][39m [37m<-- POST /wd/hub/session/b54dd6b1-8a0a-4371-9f0f-ca2e42381643/elements [39m[32m200[39m [90m5129 ms - 74[39m
[35m[HTTP][39m [90m[39m
[35m[HTTP][39m [37m-->[39m [37mGET[39m [37m/wd/hub/session/b54dd6b1-8a0a-4371-9f0f-ca2e42381643/context[39m
[35m[HTTP][39m [90m{}[39m
[35m[HTTP][39m [37m<-- GET /wd/hub/session/b54dd6b1-8a0a-4371-9f0f-ca2e42381643/context [39m[32m200[39m [90m13 ms - 84[39m
[35m[HTTP][39m [90m[39m
[35m[HTTP][39m [37m-->[39m [37mGET[39m [37m/wd/hub/session/b54dd6b1-8a0a-4371-9f0f-ca2e42381643/contexts[39m
[35m[HTTP][39m [90m{}[39m
[35m[HTTP][39m [37m<-- GET /wd/hub/session/b54dd6b1-8a0a-4371-9f0f-ca2e42381643/contexts [39m[32m200[39m [90m175 ms - 86[39m
[35m[HTTP][39m [90m[39m
[35m[HTTP][39m [37m-->[39m [37mPOST[39m [37m/wd/hub/session/b54dd6b1-8a0a-4371-9f0f-ca2e42381643/context[39m
[35m[HTTP][39m [90m{"name":"NATIVE_APP"}[39m
[35m[HTTP][39m [37m<-- POST /wd/hub/session/b54dd6b1-8a0a-4371-9f0f-ca2e42381643/context [39m[32m200[39m [90m138 ms - 76[39m
[35m[HTTP][39m [90m[39m
[35m[HTTP][39m [37m-->[39m [37mGET[39m [37m/wd/hub/session/b54dd6b1-8a0a-4371-9f0f-ca2e42381643/screenshot[39m
[35m[HTTP][39m [90m{}[39m
[35m[HTTP][39m [37m<-- GET /wd/hub/session/b54dd6b1-8a0a-4371-9f0f-ca2e42381643/screenshot [39m[32m200[39m [90m1303 ms - 222330[39m
[35m[HTTP][39m [90m[39m
[35m[HTTP][39m [37m-->[39m [37mPOST[39m [37m/wd/hub/session/b54dd6b1-8a0a-4371-9f0f-ca2e42381643/context[39m
[35m[HTTP][39m [90m{"name":"NATIVE_APP"}[39m
[35m[HTTP][39m [37m<-- POST /wd/hub/session/b54dd6b1-8a0a-4371-9f0f-ca2e42381643/context [39m[32m200[39m [90m147 ms - 76[39m
[35m[HTTP][39m [90m[39m
[35m[HTTP][39m [37m-->[39m [37mGET[39m [37m/wd/hub/session/b54dd6b1-8a0a-4371-9f0f-ca2e42381643/context[39m
[35m[HTTP][39m [90m{}[39m
[35m[HTTP][39m [37m<-- GET /wd/hub/session/b54dd6b1-8a0a-4371-9f0f-ca2e42381643/context [39m[32m200[39m [90m5 ms - 84[39m
[35m[HTTP][39m [90m[39m
[35m[HTTP][39m [37m-->[39m [37mGET[39m [37m/wd/hub/session/b54dd6b1-8a0a-4371-9f0f-ca2e42381643/contexts[39m
[35m[HTTP][39m [90m{}[39m
[35m[HTTP][39m [37m<-- GET /wd/hub/session/b54dd6b1-8a0a-4371-9f0f-ca2e42381643/contexts [39m[32m200[39m [90m140 ms - 86[39m
[35m[HTTP][39m [90m[39m
[35m[HTTP][39m [37m-->[39m [37mPOST[39m [37m/wd/hub/session/b54dd6b1-8a0a-4371-9f0f-ca2e42381643/context[39m
[35m[HTTP][39m [90m{"name":"NATIVE_APP"}[39m
[35m[HTTP][39m [37m<-- POST /wd/hub/session/b54dd6b1-8a0a-4371-9f0f-ca2e42381643/context [39m[32m200[39m [90m124 ms - 76[39m
[35m[HTTP][39m [90m[39m
[35m[HTTP][39m [37m-->[39m [37mGET[39m [37m/wd/hub/session/b54dd6b1-8a0a-4371-9f0f-ca2e42381643/screenshot[39m
[35m[HTTP][39m [90m{}[39m
[35m[HTTP][39m [37m<-- GET /wd/hub/session/b54dd6b1-8a0a-4371-9f0f-ca2e42381643/screenshot [39m[32m200[39m [90m1236 ms - 231170[39m
[35m[HTTP][39m [90m[39m
[35m[HTTP][39m [37m-->[39m [37mPOST[39m [37m/wd/hub/session/b54dd6b1-8a0a-4371-9f0f-ca2e42381643/context[39m
[35m[HTTP][39m [90m{"name":"NATIVE_APP"}[39m
[35m[HTTP][39m [37m<-- POST /wd/hub/session/b54dd6b1-8a0a-4371-9f0f-ca2e42381643/context [39m[32m200[39m [90m155 ms - 76[39m
[35m[HTTP][39m [90m[39m
[35m[HTTP][39m [37m-->[39m [37mGET[39m [37m/wd/hub/session/b54dd6b1-8a0a-4371-9f0f-ca2e42381643/window/current/size[39m
[35m[HTTP][39m [90m{}[39m
[35m[HTTP][39m [37m<-- GET /wd/hub/session/b54dd6b1-8a0a-4371-9f0f-ca2e42381643/window/current/size [39m[32m200[39m [90m11 ms - 99[39m
[35m[HTTP][39m [90m[39m
[35m[HTTP][39m [37m-->[39m [37mPOST[39m [37m/wd/hub/session/b54dd6b1-8a0a-4371-9f0f-ca2e42381643/elements[39m
[35m[HTTP][39m [90m{"using":"-android uiautomator","value":"new UiSelector().description(\"action_plus_anumberpicker\")"}[39m
[35m[HTTP][39m [37m<-- POST /wd/hub/session/b54dd6b1-8a0a-4371-9f0f-ca2e42381643/elements [39m[32m200[39m [90m765 ms - 74[39m
[35m[HTTP][39m [90m[39m
[35m[HTTP][39m [37m-->[39m [37mPOST[39m [37m/wd/hub/session/b54dd6b1-8a0a-4371-9f0f-ca2e42381643/elements[39m
[35m[HTTP][39m [90m{"using":"-android uiautomator","value":"new UiSelector().description(\"action_plus_anumberpicker\")"}[39m
[35m[HTTP][39m [37m<-- POST /wd/hub/session/b54dd6b1-8a0a-4371-9f0f-ca2e42381643/elements [39m[32m200[39m [90m2314 ms - 74[39m
[35m[HTTP][39m [90m[39m
[35m[HTTP][39m [37m-->[39m [37mPOST[39m [37m/wd/hub/session/b54dd6b1-8a0a-4371-9f0f-ca2e42381643/elements[39m
[35m[HTTP][39m [90m{"using":"-android uiautomator","value":"new UiSelector().description(\"action_plus_anumberpicker\")"}[39m
[35m[HTTP][39m [37m<-- POST /wd/hub/session/b54dd6b1-8a0a-4371-9f0f-ca2e42381643/elements [39m[32m200[39m [90m1721 ms - 74[39m
[35m[HTTP][39m [90m[39m
[35m[HTTP][39m [37m-->[39m [37mPOST[39m [37m/wd/hub/session/b54dd6b1-8a0a-4371-9f0f-ca2e42381643/elements[39m
[35m[HTTP][39m [90m{"using":"-android uiautomator","value":"new UiSelector().description(\"action_plus_anumberpicker\")"}[39m
[35m[HTTP][39m [37m<-- POST /wd/hub/session/b54dd6b1-8a0a-4371-9f0f-ca2e42381643/elements [39m[32m200[39m [90m2329 ms - 74[39m
[35m[HTTP][39m [90m[39m
[35m[HTTP][39m [37m-->[39m [37mGET[39m [37m/wd/hub/session/b54dd6b1-8a0a-4371-9f0f-ca2e42381643/window/current/size[39m
[35m[HTTP][39m [90m{}[39m
[35m[HTTP][39m [37m<-- GET /wd/hub/session/b54dd6b1-8a0a-4371-9f0f-ca2e42381643/window/current/size [39m[32m200[39m [90m15 ms - 99[39m
[35m[HTTP][39m [90m[39m
[35m[HTTP][39m [37m-->[39m [37mPOST[39m [37m/wd/hub/session/b54dd6b1-8a0a-4371-9f0f-ca2e42381643/elements[39m
[35m[HTTP][39m [90m{"using":"-android uiautomator","value":"new UiSelector().description(\"action_plus_anumberpicker\")"}[39m
[35m[HTTP][39m [37m<-- POST /wd/hub/session/b54dd6b1-8a0a-4371-9f0f-ca2e42381643/elements [39m[32m200[39m [90m1794 ms - 74[39m
[35m[HTTP][39m [90m[39m
[35m[HTTP][39m [37m-->[39m [37mGET[39m [37m/wd/hub/session/b54dd6b1-8a0a-4371-9f0f-ca2e42381643/window/current/size[39m
[35m[HTTP][39m [90m{}[39m
[35m[HTTP][39m [37m<-- GET /wd/hub/session/b54dd6b1-8a0a-4371-9f0f-ca2e42381643/window/current/size [39m[32m200[39m [90m12 ms - 99[39m
[35m[HTTP][39m [90m[39m
[35m[HTTP][39m [37m-->[39m [37mPOST[39m [37m/wd/hub/session/b54dd6b1-8a0a-4371-9f0f-ca2e42381643/elements[39m
[35m[HTTP][39m [90m{"using":"-android uiautomator","value":"new UiSelector().description(\"action_plus_anumberpicker\")"}[39m
[35m[HTTP][39m [37m<-- POST /wd/hub/session/b54dd6b1-8a0a-4371-9f0f-ca2e42381643/elements [39m[32m200[39m [90m2069 ms - 74[39m
[35m[HTTP][39m [90m[39m
[35m[HTTP][39m [37m-->[39m [37mPOST[39m [37m/wd/hub/session/b54dd6b1-8a0a-4371-9f0f-ca2e42381643/elements[39m
[35m[HTTP][39m [90m{"using":"-android uiautomator","value":"new UiSelector().description(\"action_plus_anumberpicker\")"}[39m
[35m[HTTP][39m [37m<-- POST /wd/hub/session/b54dd6b1-8a0a-4371-9f0f-ca2e42381643/elements [39m[32m200[39m [90m5115 ms - 74[39m
[35m[HTTP][39m [90m[39m
[35m[HTTP][39m [37m-->[39m [37mGET[39m [37m/wd/hub/session/b54dd6b1-8a0a-4371-9f0f-ca2e42381643/context[39m
[35m[HTTP][39m [90m{}[39m
[35m[HTTP][39m [37m<-- GET /wd/hub/session/b54dd6b1-8a0a-4371-9f0f-ca2e42381643/context [39m[32m200[39m [90m6 ms - 84[39m
[35m[HTTP][39m [90m[39m
[35m[HTTP][39m [37m-->[39m [37mGET[39m [37m/wd/hub/session/b54dd6b1-8a0a-4371-9f0f-ca2e42381643/contexts[39m
[35m[HTTP][39m [90m{}[39m
[35m[HTTP][39m [37m<-- GET /wd/hub/session/b54dd6b1-8a0a-4371-9f0f-ca2e42381643/contexts [39m[32m200[39m [90m137 ms - 86[39m
[35m[HTTP][39m [90m[39m
[35m[HTTP][39m [37m-->[39m [37mPOST[39m [37m/wd/hub/session/b54dd6b1-8a0a-4371-9f0f-ca2e42381643/context[39m
[35m[HTTP][39m [90m{"name":"NATIVE_APP"}[39m
[35m[HTTP][39m [37m<-- POST /wd/hub/session/b54dd6b1-8a0a-4371-9f0f-ca2e42381643/context [39m[32m200[39m [90m132 ms - 76[39m
[35m[HTTP][39m [90m[39m
[35m[HTTP][39m [37m-->[39m [37mGET[39m [37m/wd/hub/session/b54dd6b1-8a0a-4371-9f0f-ca2e42381643/screenshot[39m
[35m[HTTP][39m [90m{}[39m
[35m[HTTP][39m [37m<-- GET /wd/hub/session/b54dd6b1-8a0a-4371-9f0f-ca2e42381643/screenshot [39m[32m200[39m [90m1129 ms - 222330[39m
[35m[HTTP][39m [90m[39m
[35m[HTTP][39m [37m-->[39m [37mPOST[39m [37m/wd/hub/session/b54dd6b1-8a0a-4371-9f0f-ca2e42381643/context[39m
[35m[HTTP][39m [90m{"name":"NATIVE_APP"}[39m
[35m[HTTP][39m [37m<-- POST /wd/hub/session/b54dd6b1-8a0a-4371-9f0f-ca2e42381643/context [39m[32m200[39m [90m132 ms - 76[39m
[35m[HTTP][39m [90m[39m
[35m[HTTP][39m [37m-->[39m [37mGET[39m [37m/wd/hub/session/b54dd6b1-8a0a-4371-9f0f-ca2e42381643/context[39m
[35m[HTTP][39m [90m{}[39m
[35m[HTTP][39m [37m<-- GET /wd/hub/session/b54dd6b1-8a0a-4371-9f0f-ca2e42381643/context [39m[32m200[39m [90m2 ms - 84[39m
[35m[HTTP][39m [90m[39m
[35m[HTTP][39m [37m-->[39m [37mGET[39m [37m/wd/hub/session/b54dd6b1-8a0a-4371-9f0f-ca2e42381643/contexts[39m
[35m[HTTP][39m [90m{}[39m
[35m[HTTP][39m [37m<-- GET /wd/hub/session/b54dd6b1-8a0a-4371-9f0f-ca2e42381643/contexts [39m[32m200[39m [90m126 ms - 86[39m
[35m[HTTP][39m [90m[39m
[35m[HTTP][39m [37m-->[39m [37mPOST[39m [37m/wd/hub/session/b54dd6b1-8a0a-4371-9f0f-ca2e42381643/context[39m
[35m[HTTP][39m [90m{"name":"NATIVE_APP"}[39m
[35m[HTTP][39m [37m<-- POST /wd/hub/session/b54dd6b1-8a0a-4371-9f0f-ca2e42381643/context [39m[32m200[39m [90m113 ms - 76[39m
[35m[HTTP][39m [90m[39m
[35m[HTTP][39m [37m-->[39m [37mGET[39m [37m/wd/hub/session/b54dd6b1-8a0a-4371-9f0f-ca2e42381643/screenshot[39m
[35m[HTTP][39m [90m{}[39m
[35m[HTTP][39m [37m<-- GET /wd/hub/session/b54dd6b1-8a0a-4371-9f0f-ca2e42381643/screenshot [39m[32m200[39m [90m1214 ms - 231254[39m
[35m[HTTP][39m [90m[39m
[35m[HTTP][39m [37m-->[39m [37mPOST[39m [37m/wd/hub/session/b54dd6b1-8a0a-4371-9f0f-ca2e42381643/context[39m
[35m[HTTP][39m [90m{"name":"NATIVE_APP"}[39m
[35m[HTTP][39m [37m<-- POST /wd/hub/session/b54dd6b1-8a0a-4371-9f0f-ca2e42381643/context [39m[32m200[39m [90m131 ms - 76[39m
[35m[HTTP][39m [90m[39m
[35m[HTTP][39m [37m-->[39m [37mGET[39m [37m/wd/hub/session/b54dd6b1-8a0a-4371-9f0f-ca2e42381643/window/current/size[39m
[35m[HTTP][39m [90m{}[39m
[35m[HTTP][39m [37m<-- GET /wd/hub/session/b54dd6b1-8a0a-4371-9f0f-ca2e42381643/window/current/size [39m[32m200[39m [90m9 ms - 99[39m
[35m[HTTP][39m [90m[39m
[35m[HTTP][39m [37m-->[39m [37mPOST[39m [37m/wd/hub/session/b54dd6b1-8a0a-4371-9f0f-ca2e42381643/elements[39m
[35m[HTTP][39m [90m{"using":"-android uiautomator","value":"new UiSelector().description(\"input_anumberpicker\")"}[39m
[35m[HTTP][39m [37m<-- POST /wd/hub/session/b54dd6b1-8a0a-4371-9f0f-ca2e42381643/elements [39m[32m200[39m [90m1184 ms - 74[39m
[35m[HTTP][39m [90m[39m
[35m[HTTP][39m [37m-->[39m [37mPOST[39m [37m/wd/hub/session/b54dd6b1-8a0a-4371-9f0f-ca2e42381643/elements[39m
[35m[HTTP][39m [90m{"using":"-android uiautomator","value":"new UiSelector().description(\"input_anumberpicker\")"}[39m
[35m[HTTP][39m [37m<-- POST /wd/hub/session/b54dd6b1-8a0a-4371-9f0f-ca2e42381643/elements [39m[32m200[39m [90m1053 ms - 74[39m
[35m[HTTP][39m [90m[39m
[35m[HTTP][39m [37m-->[39m [37mPOST[39m [37m/wd/hub/session/b54dd6b1-8a0a-4371-9f0f-ca2e42381643/elements[39m
[35m[HTTP][39m [90m{"using":"-android uiautomator","value":"new UiSelector().description(\"input_anumberpicker\")"}[39m
[35m[HTTP][39m [37m<-- POST /wd/hub/session/b54dd6b1-8a0a-4371-9f0f-ca2e42381643/elements [39m[32m200[39m [90m5340 ms - 74[39m
[35m[HTTP][39m [90m[39m
[35m[HTTP][39m [37m-->[39m [37mGET[39m [37m/wd/hub/session/b54dd6b1-8a0a-4371-9f0f-ca2e42381643/window/current/size[39m
[35m[HTTP][39m [90m{}[39m
[35m[HTTP][39m [37m<-- GET /wd/hub/session/b54dd6b1-8a0a-4371-9f0f-ca2e42381643/window/current/size [39m[32m200[39m [90m11 ms - 99[39m
[35m[HTTP][39m [90m[39m
[35m[HTTP][39m [37m-->[39m [37mPOST[39m [37m/wd/hub/session/b54dd6b1-8a0a-4371-9f0f-ca2e42381643/elements[39m
[35m[HTTP][39m [90m{"using":"-android uiautomator","value":"new UiSelector().description(\"input_anumberpicker\")"}[39m
[35m[HTTP][39m [37m<-- POST /wd/hub/session/b54dd6b1-8a0a-4371-9f0f-ca2e42381643/elements [39m[32m200[39m [90m1615 ms - 74[39m
[35m[HTTP][39m [90m[39m
[35m[HTTP][39m [37m-->[39m [37mGET[39m [37m/wd/hub/session/b54dd6b1-8a0a-4371-9f0f-ca2e42381643/window/current/size[39m
[35m[HTTP][39m [90m{}[39m
[35m[HTTP][39m [37m<-- GET /wd/hub/session/b54dd6b1-8a0a-4371-9f0f-ca2e42381643/window/current/size [39m[32m200[39m [90m9 ms - 99[39m
[35m[HTTP][39m [90m[39m
[35m[HTTP][39m [37m-->[39m [37mPOST[39m [37m/wd/hub/session/b54dd6b1-8a0a-4371-9f0f-ca2e42381643/elements[39m
[35m[HTTP][39m [90m{"using":"-android uiautomator","value":"new UiSelector().description(\"input_anumberpicker\")"}[39m
[35m[HTTP][39m [37m<-- POST /wd/hub/session/b54dd6b1-8a0a-4371-9f0f-ca2e42381643/elements [39m[32m200[39m [90m4638 ms - 74[39m
[35m[HTTP][39m [90m[39m
[35m[HTTP][39m [37m-->[39m [37mPOST[39m [37m/wd/hub/session/b54dd6b1-8a0a-4371-9f0f-ca2e42381643/elements[39m
[35m[HTTP][39m [90m{"using":"-android uiautomator","value":"new UiSelector().description(\"input_anumberpicker\")"}[39m
[35m[HTTP][39m [37m<-- POST /wd/hub/session/b54dd6b1-8a0a-4371-9f0f-ca2e42381643/elements [39m[32m200[39m [90m1775 ms - 74[39m
[35m[HTTP][39m [90m[39m
[35m[HTTP][39m [37m-->[39m [37mGET[39m [37m/wd/hub/session/b54dd6b1-8a0a-4371-9f0f-ca2e42381643/context[39m
[35m[HTTP][39m [90m{}[39m
[35m[HTTP][39m [37m<-- GET /wd/hub/session/b54dd6b1-8a0a-4371-9f0f-ca2e42381643/context [39m[32m200[39m [90m14 ms - 84[39m
[35m[HTTP][39m [90m[39m
[35m[HTTP][39m [37m-->[39m [37mGET[39m [37m/wd/hub/session/b54dd6b1-8a0a-4371-9f0f-ca2e42381643/contexts[39m
[35m[HTTP][39m [90m{}[39m
[35m[HTTP][39m [37m<-- GET /wd/hub/session/b54dd6b1-8a0a-4371-9f0f-ca2e42381643/contexts [39m[32m200[39m [90m129 ms - 86[39m
[35m[HTTP][39m [90m[39m
[35m[HTTP][39m [37m-->[39m [37mPOST[39m [37m/wd/hub/session/b54dd6b1-8a0a-4371-9f0f-ca2e42381643/context[39m
[35m[HTTP][39m [90m{"name":"NATIVE_APP"}[39m
[35m[HTTP][39m [37m<-- POST /wd/hub/session/b54dd6b1-8a0a-4371-9f0f-ca2e42381643/context [39m[32m200[39m [90m128 ms - 76[39m
[35m[HTTP][39m [90m[39m
[35m[HTTP][39m [37m-->[39m [37mGET[39m [37m/wd/hub/session/b54dd6b1-8a0a-4371-9f0f-ca2e42381643/screenshot[39m
[35m[HTTP][39m [90m{}[39m
[35m[HTTP][39m [37m<-- GET /wd/hub/session/b54dd6b1-8a0a-4371-9f0f-ca2e42381643/screenshot [39m[32m200[39m [90m1113 ms - 230982[39m
[35m[HTTP][39m [90m[39m
[35m[HTTP][39m [37m-->[39m [37mPOST[39m [37m/wd/hub/session/b54dd6b1-8a0a-4371-9f0f-ca2e42381643/context[39m
[35m[HTTP][39m [90m{"name":"NATIVE_APP"}[39m
[35m[HTTP][39m [37m<-- POST /wd/hub/session/b54dd6b1-8a0a-4371-9f0f-ca2e42381643/context [39m[32m200[39m [90m128 ms - 76[39m
[35m[HTTP][39m [90m[39m
[35m[HTTP][39m [37m-->[39m [37mGET[39m [37m/wd/hub/session/b54dd6b1-8a0a-4371-9f0f-ca2e42381643/context[39m
[35m[HTTP][39m [90m{}[39m
[35m[HTTP][39m [37m<-- GET /wd/hub/session/b54dd6b1-8a0a-4371-9f0f-ca2e42381643/context [39m[32m200[39m [90m2 ms - 84[39m
[35m[HTTP][39m [90m[39m
[35m[HTTP][39m [37m-->[39m [37mGET[39m [37m/wd/hub/session/b54dd6b1-8a0a-4371-9f0f-ca2e42381643/contexts[39m
[35m[HTTP][39m [90m{}[39m
[35m[HTTP][39m [37m<-- GET /wd/hub/session/b54dd6b1-8a0a-4371-9f0f-ca2e42381643/contexts [39m[32m200[39m [90m115 ms - 86[39m
[35m[HTTP][39m [90m[39m
[35m[HTTP][39m [37m-->[39m [37mPOST[39m [37m/wd/hub/session/b54dd6b1-8a0a-4371-9f0f-ca2e42381643/context[39m
[35m[HTTP][39m [90m{"name":"NATIVE_APP"}[39m
[35m[HTTP][39m [37m<-- POST /wd/hub/session/b54dd6b1-8a0a-4371-9f0f-ca2e42381643/context [39m[32m200[39m [90m112 ms - 76[39m
[35m[HTTP][39m [90m[39m
[35m[HTTP][39m [37m-->[39m [37mGET[39m [37m/wd/hub/session/b54dd6b1-8a0a-4371-9f0f-ca2e42381643/screenshot[39m
[35m[HTTP][39m [90m{}[39m
[35m[HTTP][39m [37m<-- GET /wd/hub/session/b54dd6b1-8a0a-4371-9f0f-ca2e42381643/screenshot [39m[32m200[39m [90m1137 ms - 222330[39m
[35m[HTTP][39m [90m[39m
[35m[HTTP][39m [37m-->[39m [37mPOST[39m [37m/wd/hub/session/b54dd6b1-8a0a-4371-9f0f-ca2e42381643/context[39m
[35m[HTTP][39m [90m{"name":"NATIVE_APP"}[39m
[35m[HTTP][39m [37m<-- POST /wd/hub/session/b54dd6b1-8a0a-4371-9f0f-ca2e42381643/context [39m[32m200[39m [90m145 ms - 76[39m
[35m[HTTP][39m [90m[39m
[35m[HTTP][39m [37m-->[39m [37mGET[39m [37m/wd/hub/session/b54dd6b1-8a0a-4371-9f0f-ca2e42381643/window/current/size[39m
[35m[HTTP][39m [90m{}[39m
[35m[HTTP][39m [37m<-- GET /wd/hub/session/b54dd6b1-8a0a-4371-9f0f-ca2e42381643/window/current/size [39m[32m200[39m [90m12 ms - 99[39m
[35m[HTTP][39m [90m[39m
[35m[HTTP][39m [37m-->[39m [37mPOST[39m [37m/wd/hub/session/b54dd6b1-8a0a-4371-9f0f-ca2e42381643/elements[39m
[35m[HTTP][39m [90m{"using":"-android uiautomator","value":"new UiSelector().description(\"input_anumberpicker\")"}[39m
[35m[HTTP][39m [37m<-- POST /wd/hub/session/b54dd6b1-8a0a-4371-9f0f-ca2e42381643/elements [39m[32m200[39m [90m1789 ms - 74[39m
[35m[HTTP][39m [90m[39m
[35m[HTTP][39m [37m-->[39m [37mPOST[39m [37m/wd/hub/session/b54dd6b1-8a0a-4371-9f0f-ca2e42381643/elements[39m
[35m[HTTP][39m [90m{"using":"-android uiautomator","value":"new UiSelector().description(\"input_anumberpicker\")"}[39m
[35m[HTTP][39m [37m<-- POST /wd/hub/session/b54dd6b1-8a0a-4371-9f0f-ca2e42381643/elements [39m[32m200[39m [90m4497 ms - 74[39m
[35m[HTTP][39m [90m[39m
[35m[HTTP][39m [37m-->[39m [37mGET[39m [37m/wd/hub/session/b54dd6b1-8a0a-4371-9f0f-ca2e42381643/window/current/size[39m
[35m[HTTP][39m [90m{}[39m
[35m[HTTP][39m [37m<-- GET /wd/hub/session/b54dd6b1-8a0a-4371-9f0f-ca2e42381643/window/current/size [39m[32m200[39m [90m10 ms - 99[39m
[35m[HTTP][39m [90m[39m
[35m[HTTP][39m [37m-->[39m [37mPOST[39m [37m/wd/hub/session/b54dd6b1-8a0a-4371-9f0f-ca2e42381643/elements[39m
[35m[HTTP][39m [90m{"using":"-android uiautomator","value":"new UiSelector().description(\"input_anumberpicker\")"}[39m
[35m[HTTP][39m [37m<-- POST /wd/hub/session/b54dd6b1-8a0a-4371-9f0f-ca2e42381643/elements [39m[32m200[39m [90m8592 ms - 74[39m
[35m[HTTP][39m [90m[39m
[35m[HTTP][39m [37m-->[39m [37mGET[39m [37m/wd/hub/session/b54dd6b1-8a0a-4371-9f0f-ca2e42381643/window/current/size[39m
[35m[HTTP][39m [90m{}[39m
[35m[HTTP][39m [37m<-- GET /wd/hub/session/b54dd6b1-8a0a-4371-9f0f-ca2e42381643/window/current/size [39m[32m200[39m [90m11 ms - 99[39m
[35m[HTTP][39m [90m[39m
[35m[HTTP][39m [37m-->[39m [37mPOST[39m [37m/wd/hub/session/b54dd6b1-8a0a-4371-9f0f-ca2e42381643/elements[39m
[35m[HTTP][39m [90m{"using":"-android uiautomator","value":"new UiSelector().description(\"input_anumberpicker\")"}[39m
[35m[HTTP][39m [37m<-- POST /wd/hub/session/b54dd6b1-8a0a-4371-9f0f-ca2e42381643/elements [39m[32m200[39m [90m1804 ms - 74[39m
[35m[HTTP][39m [90m[39m
[35m[HTTP][39m [37m-->[39m [37mPOST[39m [37m/wd/hub/session/b54dd6b1-8a0a-4371-9f0f-ca2e42381643/elements[39m
[35m[HTTP][39m [90m{"using":"-android uiautomator","value":"new UiSelector().description(\"input_anumberpicker\")"}[39m
[35m[HTTP][39m [37m<-- POST /wd/hub/session/b54dd6b1-8a0a-4371-9f0f-ca2e42381643/elements [39m[32m200[39m [90m5649 ms - 74[39m
[35m[HTTP][39m [90m[39m
[35m[HTTP][39m [37m-->[39m [37mGET[39m [37m/wd/hub/session/b54dd6b1-8a0a-4371-9f0f-ca2e42381643/context[39m
[35m[HTTP][39m [90m{}[39m
[35m[HTTP][39m [37m<-- GET /wd/hub/session/b54dd6b1-8a0a-4371-9f0f-ca2e42381643/context [39m[32m200[39m [90m7 ms - 84[39m
[35m[HTTP][39m [90m[39m
[35m[HTTP][39m [37m-->[39m [37mGET[39m [37m/wd/hub/session/b54dd6b1-8a0a-4371-9f0f-ca2e42381643/contexts[39m
[35m[HTTP][39m [90m{}[39m
[35m[HTTP][39m [37m<-- GET /wd/hub/session/b54dd6b1-8a0a-4371-9f0f-ca2e42381643/contexts [39m[32m200[39m [90m160 ms - 86[39m
[35m[HTTP][39m [90m[39m
[35m[HTTP][39m [37m-->[39m [37mPOST[39m [37m/wd/hub/session/b54dd6b1-8a0a-4371-9f0f-ca2e42381643/context[39m
[35m[HTTP][39m [90m{"name":"NATIVE_APP"}[39m
[35m[HTTP][39m [37m<-- POST /wd/hub/session/b54dd6b1-8a0a-4371-9f0f-ca2e42381643/context [39m[32m200[39m [90m132 ms - 76[39m
[35m[HTTP][39m [90m[39m
[35m[HTTP][39m [37m-->[39m [37mGET[39m [37m/wd/hub/session/b54dd6b1-8a0a-4371-9f0f-ca2e42381643/screenshot[39m
[35m[HTTP][39m [90m{}[39m
[35m[HTTP][39m [37m<-- GET /wd/hub/session/b54dd6b1-8a0a-4371-9f0f-ca2e42381643/screenshot [39m[32m200[39m [90m1168 ms - 222330[39m
[35m[HTTP][39m [90m[39m
[35m[HTTP][39m [37m-->[39m [37mPOST[39m [37m/wd/hub/session/b54dd6b1-8a0a-4371-9f0f-ca2e42381643/context[39m
[35m[HTTP][39m [90m{"name":"NATIVE_APP"}[39m
[35m[HTTP][39m [37m<-- POST /wd/hub/session/b54dd6b1-8a0a-4371-9f0f-ca2e42381643/context [39m[32m200[39m [90m145 ms - 76[39m
[35m[HTTP][39m [90m[39m
[35m[HTTP][39m [37m-->[39m [37mGET[39m [37m/wd/hub/session/b54dd6b1-8a0a-4371-9f0f-ca2e42381643/context[39m
[35m[HTTP][39m [90m{}[39m
[35m[HTTP][39m [37m<-- GET /wd/hub/session/b54dd6b1-8a0a-4371-9f0f-ca2e42381643/context [39m[32m200[39m [90m4 ms - 84[39m
[35m[HTTP][39m [90m[39m
[35m[HTTP][39m [37m-->[39m [37mGET[39m [37m/wd/hub/session/b54dd6b1-8a0a-4371-9f0f-ca2e42381643/contexts[39m
[35m[HTTP][39m [90m{}[39m
[35m[HTTP][39m [37m<-- GET /wd/hub/session/b54dd6b1-8a0a-4371-9f0f-ca2e42381643/contexts [39m[32m200[39m [90m140 ms - 86[39m
[35m[HTTP][39m [90m[39m
[35m[HTTP][39m [37m-->[39m [37mPOST[39m [37m/wd/hub/session/b54dd6b1-8a0a-4371-9f0f-ca2e42381643/context[39m
[35m[HTTP][39m [90m{"name":"NATIVE_APP"}[39m
[35m[HTTP][39m [37m<-- POST /wd/hub/session/b54dd6b1-8a0a-4371-9f0f-ca2e42381643/context [39m[32m200[39m [90m122 ms - 76[39m
[35m[HTTP][39m [90m[39m
[35m[HTTP][39m [37m-->[39m [37mGET[39m [37m/wd/hub/session/b54dd6b1-8a0a-4371-9f0f-ca2e42381643/screenshot[39m
[35m[HTTP][39m [90m{}[39m
[35m[HTTP][39m [37m<-- GET /wd/hub/session/b54dd6b1-8a0a-4371-9f0f-ca2e42381643/screenshot [39m[32m200[39m [90m1131 ms - 225438[39m
[35m[HTTP][39m [90m[39m
[35m[HTTP][39m [37m-->[39m [37mPOST[39m [37m/wd/hub/session/b54dd6b1-8a0a-4371-9f0f-ca2e42381643/context[39m
[35m[HTTP][39m [90m{"name":"NATIVE_APP"}[39m
[35m[HTTP][39m [37m<-- POST /wd/hub/session/b54dd6b1-8a0a-4371-9f0f-ca2e42381643/context [39m[32m200[39m [90m367 ms - 76[39m
[35m[HTTP][39m [90m[39m
[35m[HTTP][39m [37m-->[39m [37mGET[39m [37m/wd/hub/session/b54dd6b1-8a0a-4371-9f0f-ca2e42381643/window/current/size[39m
[35m[HTTP][39m [90m{}[39m
[35m[HTTP][39m [37m<-- GET /wd/hub/session/b54dd6b1-8a0a-4371-9f0f-ca2e42381643/window/current/size [39m[32m200[39m [90m9 ms - 99[39m
[35m[HTTP][39m [90m[39m
[35m[HTTP][39m [37m-->[39m [37mPOST[39m [37m/wd/hub/session/b54dd6b1-8a0a-4371-9f0f-ca2e42381643/elements[39m
[35m[HTTP][39m [90m{"using":"-android uiautomator","value":"new UiSelector().description(\"input_anumberpicker\")"}[39m
[35m[HTTP][39m [37m<-- POST /wd/hub/session/b54dd6b1-8a0a-4371-9f0f-ca2e42381643/elements [39m[32m200[39m [90m4410 ms - 74[39m
[35m[HTTP][39m [90m[39m
[35m[HTTP][39m [37m-->[39m [37mPOST[39m [37m/wd/hub/session/b54dd6b1-8a0a-4371-9f0f-ca2e42381643/elements[39m
[35m[HTTP][39m [90m{"using":"-android uiautomator","value":"new UiSelector().description(\"input_anumberpicker\")"}[39m
[35m[HTTP][39m [37m<-- POST /wd/hub/session/b54dd6b1-8a0a-4371-9f0f-ca2e42381643/elements [39m[32m200[39m [90m1047 ms - 74[39m
[35m[HTTP][39m [90m[39m
[35m[HTTP][39m [37m-->[39m [37mGET[39m [37m/wd/hub/session/b54dd6b1-8a0a-4371-9f0f-ca2e42381643/window/current/size[39m
[35m[HTTP][39m [90m{}[39m
[35m[HTTP][39m [37m<-- GET /wd/hub/session/b54dd6b1-8a0a-4371-9f0f-ca2e42381643/window/current/size [39m[32m200[39m [90m12 ms - 99[39m
[35m[HTTP][39m [90m[39m
[35m[HTTP][39m [37m-->[39m [37mPOST[39m [37m/wd/hub/session/b54dd6b1-8a0a-4371-9f0f-ca2e42381643/elements[39m
[35m[HTTP][39m [90m{"using":"-android uiautomator","value":"new UiSelector().description(\"input_anumberpicker\")"}[39m
[35m[HTTP][39m [37m<-- POST /wd/hub/session/b54dd6b1-8a0a-4371-9f0f-ca2e42381643/elements [39m[32m200[39m [90m2428 ms - 74[39m
[35m[HTTP][39m [90m[39m
[35m[HTTP][39m [37m-->[39m [37mGET[39m [37m/wd/hub/session/b54dd6b1-8a0a-4371-9f0f-ca2e42381643/window/current/size[39m
[35m[HTTP][39m [90m{}[39m
[35m[HTTP][39m [37m<-- GET /wd/hub/session/b54dd6b1-8a0a-4371-9f0f-ca2e42381643/window/current/size [39m[32m200[39m [90m13 ms - 99[39m
[35m[HTTP][39m [90m[39m
[35m[HTTP][39m [37m-->[39m [37mPOST[39m [37m/wd/hub/session/b54dd6b1-8a0a-4371-9f0f-ca2e42381643/elements[39m
[35m[HTTP][39m [90m{"using":"-android uiautomator","value":"new UiSelector().description(\"input_anumberpicker\")"}[39m
[35m[HTTP][39m [37m<-- POST /wd/hub/session/b54dd6b1-8a0a-4371-9f0f-ca2e42381643/elements [39m[32m200[39m [90m8540 ms - 74[39m
[35m[HTTP][39m [90m[39m
[35m[HTTP][39m [37m-->[39m [37mGET[39m [37m/wd/hub/session/b54dd6b1-8a0a-4371-9f0f-ca2e42381643/context[39m
[35m[HTTP][39m [90m{}[39m
[35m[HTTP][39m [37m<-- GET /wd/hub/session/b54dd6b1-8a0a-4371-9f0f-ca2e42381643/context [39m[32m200[39m [90m1 ms - 84[39m
[35m[HTTP][39m [90m[39m
[35m[HTTP][39m [37m-->[39m [37mGET[39m [37m/wd/hub/session/b54dd6b1-8a0a-4371-9f0f-ca2e42381643/contexts[39m
[35m[HTTP][39m [90m{}[39m
[35m[HTTP][39m [37m<-- GET /wd/hub/session/b54dd6b1-8a0a-4371-9f0f-ca2e42381643/contexts [39m[32m200[39m [90m132 ms - 86[39m
[35m[HTTP][39m [90m[39m
[35m[HTTP][39m [37m-->[39m [37mPOST[39m [37m/wd/hub/session/b54dd6b1-8a0a-4371-9f0f-ca2e42381643/context[39m
[35m[HTTP][39m [90m{"name":"NATIVE_APP"}[39m
[35m[HTTP][39m [37m<-- POST /wd/hub/session/b54dd6b1-8a0a-4371-9f0f-ca2e42381643/context [39m[32m200[39m [90m147 ms - 76[39m
[35m[HTTP][39m [90m[39m
[35m[HTTP][39m [37m-->[39m [37mGET[39m [37m/wd/hub/session/b54dd6b1-8a0a-4371-9f0f-ca2e42381643/screenshot[39m
[35m[HTTP][39m [90m{}[39m
[35m[HTTP][39m [37m<-- GET /wd/hub/session/b54dd6b1-8a0a-4371-9f0f-ca2e42381643/screenshot [39m[32m200[39m [90m1040 ms - 222330[39m
[35m[HTTP][39m [90m[39m
[35m[HTTP][39m [37m-->[39m [37mPOST[39m [37m/wd/hub/session/b54dd6b1-8a0a-4371-9f0f-ca2e42381643/context[39m
[35m[HTTP][39m [90m{"name":"NATIVE_APP"}[39m
[35m[HTTP][39m [37m<-- POST /wd/hub/session/b54dd6b1-8a0a-4371-9f0f-ca2e42381643/context [39m[32m200[39m [90m166 ms - 76[39m
[35m[HTTP][39m [90m[39m
[35m[HTTP][39m [37m-->[39m [37mGET[39m [37m/wd/hub/session/b54dd6b1-8a0a-4371-9f0f-ca2e42381643/context[39m
[35m[HTTP][39m [90m{}[39m
[35m[HTTP][39m [37m<-- GET /wd/hub/session/b54dd6b1-8a0a-4371-9f0f-ca2e42381643/context [39m[32m200[39m [90m3 ms - 84[39m
[35m[HTTP][39m [90m[39m
[35m[HTTP][39m [37m-->[39m [37mGET[39m [37m/wd/hub/session/b54dd6b1-8a0a-4371-9f0f-ca2e42381643/contexts[39m
[35m[HTTP][39m [90m{}[39m
[35m[HTTP][39m [37m<-- GET /wd/hub/session/b54dd6b1-8a0a-4371-9f0f-ca2e42381643/contexts [39m[32m200[39m [90m130 ms - 86[39m
[35m[HTTP][39m [90m[39m
[35m[HTTP][39m [37m-->[39m [37mPOST[39m [37m/wd/hub/session/b54dd6b1-8a0a-4371-9f0f-ca2e42381643/context[39m
[35m[HTTP][39m [90m{"name":"NATIVE_APP"}[39m
[35m[HTTP][39m [37m<-- POST /wd/hub/session/b54dd6b1-8a0a-4371-9f0f-ca2e42381643/context [39m[32m200[39m [90m148 ms - 76[39m
[35m[HTTP][39m [90m[39m
[35m[HTTP][39m [37m-->[39m [37mGET[39m [37m/wd/hub/session/b54dd6b1-8a0a-4371-9f0f-ca2e42381643/screenshot[39m
[35m[HTTP][39m [90m{}[39m
[35m[HTTP][39m [37m<-- GET /wd/hub/session/b54dd6b1-8a0a-4371-9f0f-ca2e42381643/screenshot [39m[32m200[39m [90m1062 ms - 225050[39m
[35m[HTTP][39m [90m[39m
[35m[HTTP][39m [37m-->[39m [37mPOST[39m [37m/wd/hub/session/b54dd6b1-8a0a-4371-9f0f-ca2e42381643/context[39m
[35m[HTTP][39m [90m{"name":"NATIVE_APP"}[39m
[35m[HTTP][39m [37m<-- POST /wd/hub/session/b54dd6b1-8a0a-4371-9f0f-ca2e42381643/context [39m[32m200[39m [90m150 ms - 76[39m
[35m[HTTP][39m [90m[39m
[35m[HTTP][39m [37m-->[39m [37mGET[39m [37m/wd/hub/session/b54dd6b1-8a0a-4371-9f0f-ca2e42381643/window/current/size[39m
[35m[HTTP][39m [90m{}[39m
[35m[HTTP][39m [37m<-- GET /wd/hub/session/b54dd6b1-8a0a-4371-9f0f-ca2e42381643/window/current/size [39m[32m200[39m [90m6 ms - 99[39m
[35m[HTTP][39m [90m[39m
[35m[HTTP][39m [37m-->[39m [37mPOST[39m [37m/wd/hub/session/b54dd6b1-8a0a-4371-9f0f-ca2e42381643/elements[39m
[35m[HTTP][39m [90m{"using":"-android uiautomator","value":"new UiSelector().description(\"productSubmitBtn\")"}[39m
[35m[HTTP][39m [37m<-- POST /wd/hub/session/b54dd6b1-8a0a-4371-9f0f-ca2e42381643/elements [39m[32m200[39m [90m4233 ms - 74[39m
[35m[HTTP][39m [90m[39m
[35m[HTTP][39m [37m-->[39m [37mPOST[39m [37m/wd/hub/session/b54dd6b1-8a0a-4371-9f0f-ca2e42381643/elements[39m
[35m[HTTP][39m [90m{"using":"-android uiautomator","value":"new UiSelector().description(\"productSubmitBtn\")"}[39m
[35m[HTTP][39m [37m<-- POST /wd/hub/session/b54dd6b1-8a0a-4371-9f0f-ca2e42381643/elements [39m[32m200[39m [90m1063 ms - 74[39m
[35m[HTTP][39m [90m[39m
[35m[HTTP][39m [37m-->[39m [37mGET[39m [37m/wd/hub/session/b54dd6b1-8a0a-4371-9f0f-ca2e42381643/window/current/size[39m
[35m[HTTP][39m [90m{}[39m
[35m[HTTP][39m [37m<-- GET /wd/hub/session/b54dd6b1-8a0a-4371-9f0f-ca2e42381643/window/current/size [39m[32m200[39m [90m7 ms - 99[39m
[35m[HTTP][39m [90m[39m
[35m[HTTP][39m [37m-->[39m [37mPOST[39m [37m/wd/hub/session/b54dd6b1-8a0a-4371-9f0f-ca2e42381643/elements[39m
[35m[HTTP][39m [90m{"using":"-android uiautomator","value":"new UiSelector().description(\"productSubmitBtn\")"}[39m
[35m[HTTP][39m [37m<-- POST /wd/hub/session/b54dd6b1-8a0a-4371-9f0f-ca2e42381643/elements [39m[32m200[39m [90m4688 ms - 74[39m
[35m[HTTP][39m [90m[39m
[35m[HTTP][39m [37m-->[39m [37mGET[39m [37m/wd/hub/session/b54dd6b1-8a0a-4371-9f0f-ca2e42381643/window/current/size[39m
[35m[HTTP][39m [90m{}[39m
[35m[HTTP][39m [37m<-- GET /wd/hub/session/b54dd6b1-8a0a-4371-9f0f-ca2e42381643/window/current/size [39m[32m200[39m [90m8 ms - 99[39m
[35m[HTTP][39m [90m[39m
[35m[HTTP][39m [37m-->[39m [37mPOST[39m [37m/wd/hub/session/b54dd6b1-8a0a-4371-9f0f-ca2e42381643/elements[39m
[35m[HTTP][39m [90m{"using":"-android uiautomator","value":"new UiSelector().description(\"productSubmitBtn\")"}[39m
[35m[HTTP][39m [37m<-- POST /wd/hub/session/b54dd6b1-8a0a-4371-9f0f-ca2e42381643/elements [39m[32m200[39m [90m5257 ms - 74[39m
[35m[HTTP][39m [90m[39m
[35m[HTTP][39m [37m-->[39m [37mGET[39m [37m/wd/hub/session/b54dd6b1-8a0a-4371-9f0f-ca2e42381643/context[39m
[35m[HTTP][39m [90m{}[39m
[35m[HTTP][39m [37m<-- GET /wd/hub/session/b54dd6b1-8a0a-4371-9f0f-ca2e42381643/context [39m[32m200[39m [90m1 ms - 84[39m
[35m[HTTP][39m [90m[39m
[35m[HTTP][39m [37m-->[39m [37mGET[39m [37m/wd/hub/session/b54dd6b1-8a0a-4371-9f0f-ca2e42381643/contexts[39m
[35m[HTTP][39m [90m{}[39m
[35m[HTTP][39m [37m<-- GET /wd/hub/session/b54dd6b1-8a0a-4371-9f0f-ca2e42381643/contexts [39m[32m200[39m [90m136 ms - 86[39m
[35m[HTTP][39m [90m[39m
[35m[HTTP][39m [37m-->[39m [37mPOST[39m [37m/wd/hub/session/b54dd6b1-8a0a-4371-9f0f-ca2e42381643/context[39m
[35m[HTTP][39m [90m{"name":"NATIVE_APP"}[39m
[35m[HTTP][39m [37m<-- POST /wd/hub/session/b54dd6b1-8a0a-4371-9f0f-ca2e42381643/context [39m[32m200[39m [90m140 ms - 76[39m
[35m[HTTP][39m [90m[39m
[35m[HTTP][39m [37m-->[39m [37mGET[39m [37m/wd/hub/session/b54dd6b1-8a0a-4371-9f0f-ca2e42381643/screenshot[39m
[35m[HTTP][39m [90m{}[39m
[35m[HTTP][39m [37m<-- GET /wd/hub/session/b54dd6b1-8a0a-4371-9f0f-ca2e42381643/screenshot [39m[32m200[39m [90m1075 ms - 232030[39m
[35m[HTTP][39m [90m[39m
[35m[HTTP][39m [37m-->[39m [37mPOST[39m [37m/wd/hub/session/b54dd6b1-8a0a-4371-9f0f-ca2e42381643/context[39m
[35m[HTTP][39m [90m{"name":"NATIVE_APP"}[39m
[35m[HTTP][39m [37m<-- POST /wd/hub/session/b54dd6b1-8a0a-4371-9f0f-ca2e42381643/context [39m[32m200[39m [90m130 ms - 76[39m
[35m[HTTP][39m [90m[39m
[35m[HTTP][39m [37m-->[39m [37mGET[39m [37m/wd/hub/session/b54dd6b1-8a0a-4371-9f0f-ca2e42381643/context[39m
[35m[HTTP][39m [90m{}[39m
[35m[HTTP][39m [37m<-- GET /wd/hub/session/b54dd6b1-8a0a-4371-9f0f-ca2e42381643/context [39m[32m200[39m [90m2 ms - 84[39m
[35m[HTTP][39m [90m[39m
[35m[HTTP][39m [37m-->[39m [37mGET[39m [37m/wd/hub/session/b54dd6b1-8a0a-4371-9f0f-ca2e42381643/contexts[39m
[35m[HTTP][39m [90m{}[39m
[35m[HTTP][39m [37m<-- GET /wd/hub/session/b54dd6b1-8a0a-4371-9f0f-ca2e42381643/contexts [39m[32m200[39m [90m118 ms - 86[39m
[35m[HTTP][39m [90m[39m
[35m[HTTP][39m [37m-->[39m [37mPOST[39m [37m/wd/hub/session/b54dd6b1-8a0a-4371-9f0f-ca2e42381643/context[39m
[35m[HTTP][39m [90m{"name":"NATIVE_APP"}[39m
[35m[HTTP][39m [37m<-- POST /wd/hub/session/b54dd6b1-8a0a-4371-9f0f-ca2e42381643/context [39m[32m200[39m [90m134 ms - 76[39m
[35m[HTTP][39m [90m[39m
[35m[HTTP][39m [37m-->[39m [37mGET[39m [37m/wd/hub/session/b54dd6b1-8a0a-4371-9f0f-ca2e42381643/screenshot[39m
[35m[HTTP][39m [90m{}[39m
[35m[HTTP][39m [37m<-- GET /wd/hub/session/b54dd6b1-8a0a-4371-9f0f-ca2e42381643/screenshot [39m[32m200[39m [90m1126 ms - 222330[39m
[35m[HTTP][39m [90m[39m
[35m[HTTP][39m [37m-->[39m [37mPOST[39m [37m/wd/hub/session/b54dd6b1-8a0a-4371-9f0f-ca2e42381643/context[39m
[35m[HTTP][39m [90m{"name":"NATIVE_APP"}[39m
[35m[HTTP][39m [37m<-- POST /wd/hub/session/b54dd6b1-8a0a-4371-9f0f-ca2e42381643/context [39m[32m200[39m [90m130 ms - 76[39m
[35m[HTTP][39m [90m[39m
[35m[HTTP][39m [37m-->[39m [37mPOST[39m [37m/wd/hub/session/b54dd6b1-8a0a-4371-9f0f-ca2e42381643/touch/perform[39m
[35m[HTTP][39m [90m{"actions":[{"action":"longPress","options":{"x":242,"y":360}},{"action":"moveTo","options":{"x":242,"y":743}},{"action":"release","options":{}}]}[39m
[35m[HTTP][39m [37m<-- POST /wd/hub/session/b54dd6b1-8a0a-4371-9f0f-ca2e42381643/touch/perform [39m[32m200[39m [90m2133 ms - 76[39m
[35m[HTTP][39m [90m[39m
[35m[HTTP][39m [37m-->[39m [37mGET[39m [37m/wd/hub/session/b54dd6b1-8a0a-4371-9f0f-ca2e42381643/window/current/size[39m
[35m[HTTP][39m [90m{}[39m
[35m[HTTP][39m [37m<-- GET /wd/hub/session/b54dd6b1-8a0a-4371-9f0f-ca2e42381643/window/current/size [39m[32m200[39m [90m8 ms - 99[39m
[35m[HTTP][39m [90m[39m
[35m[HTTP][39m [37m-->[39m [37mPOST[39m [37m/wd/hub/session/b54dd6b1-8a0a-4371-9f0f-ca2e42381643/elements[39m
[35m[HTTP][39m [90m{"using":"-android uiautomator","value":"new UiSelector().description(\"productNameTextInput\")"}[39m
[35m[HTTP][39m [37m<-- POST /wd/hub/session/b54dd6b1-8a0a-4371-9f0f-ca2e42381643/elements [39m[32m200[39m [90m688 ms - 74[39m
[35m[HTTP][39m [90m[39m
[35m[HTTP][39m [37m-->[39m [37mPOST[39m [37m/wd/hub/session/b54dd6b1-8a0a-4371-9f0f-ca2e42381643/elements[39m
[35m[HTTP][39m [90m{"using":"-android uiautomator","value":"new UiSelector().description(\"productNameTextInput\")"}[39m
[35m[HTTP][39m [37m<-- POST /wd/hub/session/b54dd6b1-8a0a-4371-9f0f-ca2e42381643/elements [39m[32m200[39m [90m1964 ms - 74[39m
[35m[HTTP][39m [90m[39m
[35m[HTTP][39m [37m-->[39m [37mPOST[39m [37m/wd/hub/session/b54dd6b1-8a0a-4371-9f0f-ca2e42381643/elements[39m
[35m[HTTP][39m [90m{"using":"-android uiautomator","value":"new UiSelector().description(\"productNameTextInput\")"}[39m
[35m[HTTP][39m [37m<-- POST /wd/hub/session/b54dd6b1-8a0a-4371-9f0f-ca2e42381643/elements [39m[32m200[39m [90m1582 ms - 74[39m
[35m[HTTP][39m [90m[39m
[35m[HTTP][39m [37m-->[39m [37mPOST[39m [37m/wd/hub/session/b54dd6b1-8a0a-4371-9f0f-ca2e42381643/elements[39m
[35m[HTTP][39m [90m{"using":"-android uiautomator","value":"new UiSelector().description(\"productNameTextInput\")"}[39m
[35m[HTTP][39m [37m<-- POST /wd/hub/session/b54dd6b1-8a0a-4371-9f0f-ca2e42381643/elements [39m[32m200[39m [90m1059 ms - 74[39m
[35m[HTTP][39m [90m[39m
[35m[HTTP][39m [37m-->[39m [37mGET[39m [37m/wd/hub/session/b54dd6b1-8a0a-4371-9f0f-ca2e42381643/window/current/size[39m
[35m[HTTP][39m [90m{}[39m
[35m[HTTP][39m [37m<-- GET /wd/hub/session/b54dd6b1-8a0a-4371-9f0f-ca2e42381643/window/current/size [39m[32m200[39m [90m9 ms - 99[39m
[35m[HTTP][39m [90m[39m
[35m[HTTP][39m [37m-->[39m [37mPOST[39m [37m/wd/hub/session/b54dd6b1-8a0a-4371-9f0f-ca2e42381643/elements[39m
[35m[HTTP][39m [90m{"using":"-android uiautomator","value":"new UiSelector().description(\"productNameTextInput\")"}[39m
[35m[HTTP][39m [37m<-- POST /wd/hub/session/b54dd6b1-8a0a-4371-9f0f-ca2e42381643/elements [39m[32m200[39m [90m5381 ms - 74[39m
[35m[HTTP][39m [90m[39m
[35m[HTTP][39m [37m-->[39m [37mGET[39m [37m/wd/hub/session/b54dd6b1-8a0a-4371-9f0f-ca2e42381643/window/current/size[39m
[35m[HTTP][39m [90m{}[39m
[35m[HTTP][39m [37m<-- GET /wd/hub/session/b54dd6b1-8a0a-4371-9f0f-ca2e42381643/window/current/size [39m[32m200[39m [90m10 ms - 99[39m
[35m[HTTP][39m [90m[39m
[35m[HTTP][39m [37m-->[39m [37mPOST[39m [37m/wd/hub/session/b54dd6b1-8a0a-4371-9f0f-ca2e42381643/elements[39m
[35m[HTTP][39m [90m{"using":"-android uiautomator","value":"new UiSelector().description(\"productNameTextInput\")"}[39m
[35m[HTTP][39m [37m<-- POST /wd/hub/session/b54dd6b1-8a0a-4371-9f0f-ca2e42381643/elements [39m[32m200[39m [90m1468 ms - 74[39m
[35m[HTTP][39m [90m[39m
[35m[HTTP][39m [37m-->[39m [37mPOST[39m [37m/wd/hub/session/b54dd6b1-8a0a-4371-9f0f-ca2e42381643/elements[39m
[35m[HTTP][39m [90m{"using":"-android uiautomator","value":"new UiSelector().description(\"productNameTextInput\")"}[39m
[35m[HTTP][39m [37m<-- POST /wd/hub/session/b54dd6b1-8a0a-4371-9f0f-ca2e42381643/elements [39m[32m200[39m [90m4509 ms - 74[39m
[35m[HTTP][39m [90m[39m
[35m[HTTP][39m [37m-->[39m [37mGET[39m [37m/wd/hub/session/b54dd6b1-8a0a-4371-9f0f-ca2e42381643/context[39m
[35m[HTTP][39m [90m{}[39m
[35m[HTTP][39m [37m<-- GET /wd/hub/session/b54dd6b1-8a0a-4371-9f0f-ca2e42381643/context [39m[32m200[39m [90m2 ms - 84[39m
[35m[HTTP][39m [90m[39m
[35m[HTTP][39m [37m-->[39m [37mGET[39m [37m/wd/hub/session/b54dd6b1-8a0a-4371-9f0f-ca2e42381643/contexts[39m
[35m[HTTP][39m [90m{}[39m
[35m[HTTP][39m [37m<-- GET /wd/hub/session/b54dd6b1-8a0a-4371-9f0f-ca2e42381643/contexts [39m[32m200[39m [90m145 ms - 86[39m
[35m[HTTP][39m [90m[39m
[35m[HTTP][39m [37m-->[39m [37mPOST[39m [37m/wd/hub/session/b54dd6b1-8a0a-4371-9f0f-ca2e42381643/context[39m
[35m[HTTP][39m [90m{"name":"NATIVE_APP"}[39m
[35m[HTTP][39m [37m<-- POST /wd/hub/session/b54dd6b1-8a0a-4371-9f0f-ca2e42381643/context [39m[32m200[39m [90m146 ms - 76[39m
[35m[HTTP][39m [90m[39m
[35m[HTTP][39m [37m-->[39m [37mGET[39m [37m/wd/hub/session/b54dd6b1-8a0a-4371-9f0f-ca2e42381643/screenshot[39m
[35m[HTTP][39m [90m{}[39m
[35m[HTTP][39m [37m<-- GET /wd/hub/session/b54dd6b1-8a0a-4371-9f0f-ca2e42381643/screenshot [39m[32m200[39m [90m1148 ms - 222330[39m
[35m[HTTP][39m [90m[39m
[35m[HTTP][39m [37m-->[39m [37mPOST[39m [37m/wd/hub/session/b54dd6b1-8a0a-4371-9f0f-ca2e42381643/context[39m
[35m[HTTP][39m [90m{"name":"NATIVE_APP"}[39m
[35m[HTTP][39m [37m<-- POST /wd/hub/session/b54dd6b1-8a0a-4371-9f0f-ca2e42381643/context [39m[32m200[39m [90m170 ms - 76[39m
[35m[HTTP][39m [90m[39m
[35m[HTTP][39m [37m-->[39m [37mGET[39m [37m/wd/hub/session/b54dd6b1-8a0a-4371-9f0f-ca2e42381643/context[39m
[35m[HTTP][39m [90m{}[39m
[35m[HTTP][39m [37m<-- GET /wd/hub/session/b54dd6b1-8a0a-4371-9f0f-ca2e42381643/context [39m[32m200[39m [90m3 ms - 84[39m
[35m[HTTP][39m [90m[39m
[35m[HTTP][39m [37m-->[39m [37mGET[39m [37m/wd/hub/session/b54dd6b1-8a0a-4371-9f0f-ca2e42381643/contexts[39m
[35m[HTTP][39m [90m{}[39m
[35m[HTTP][39m [37m<-- GET /wd/hub/session/b54dd6b1-8a0a-4371-9f0f-ca2e42381643/contexts [39m[32m200[39m [90m130 ms - 86[39m
[35m[HTTP][39m [90m[39m
[35m[HTTP][39m [37m-->[39m [37mPOST[39m [37m/wd/hub/session/b54dd6b1-8a0a-4371-9f0f-ca2e42381643/context[39m
[35m[HTTP][39m [90m{"name":"NATIVE_APP"}[39m
[35m[HTTP][39m [37m<-- POST /wd/hub/session/b54dd6b1-8a0a-4371-9f0f-ca2e42381643/context [39m[32m200[39m [90m120 ms - 76[39m
[35m[HTTP][39m [90m[39m
[35m[HTTP][39m [37m-->[39m [37mGET[39m [37m/wd/hub/session/b54dd6b1-8a0a-4371-9f0f-ca2e42381643/screenshot[39m
[35m[HTTP][39m [90m{}[39m
[35m[HTTP][39m [37m<-- GET /wd/hub/session/b54dd6b1-8a0a-4371-9f0f-ca2e42381643/screenshot [39m[32m200[39m [90m1163 ms - 232666[39m
[35m[HTTP][39m [90m[39m
[35m[HTTP][39m [37m-->[39m [37mPOST[39m [37m/wd/hub/session/b54dd6b1-8a0a-4371-9f0f-ca2e42381643/context[39m
[35m[HTTP][39m [90m{"name":"NATIVE_APP"}[39m
[35m[HTTP][39m [37m<-- POST /wd/hub/session/b54dd6b1-8a0a-4371-9f0f-ca2e42381643/context [39m[32m200[39m [90m141 ms - 76[39m
[35m[HTTP][39m [90m[39m
[35m[HTTP][39m [37m-->[39m [37mGET[39m [37m/wd/hub/session/b54dd6b1-8a0a-4371-9f0f-ca2e42381643/window/current/size[39m
[35m[HTTP][39m [90m{}[39m
[35m[HTTP][39m [37m<-- GET /wd/hub/session/b54dd6b1-8a0a-4371-9f0f-ca2e42381643/window/current/size [39m[32m200[39m [90m10 ms - 99[39m
[35m[HTTP][39m [90m[39m
[35m[HTTP][39m [37m-->[39m [37mPOST[39m [37m/wd/hub/session/b54dd6b1-8a0a-4371-9f0f-ca2e42381643/elements[39m
[35m[HTTP][39m [90m{"using":"-android uiautomator","value":"new UiSelector().description(\"productNameTextInput\")"}[39m
[35m[HTTP][39m [37m<-- POST /wd/hub/session/b54dd6b1-8a0a-4371-9f0f-ca2e42381643/elements [39m[32m200[39m [90m601 ms - 74[39m
[35m[HTTP][39m [90m[39m
[35m[HTTP][39m [37m-->[39m [37mPOST[39m [37m/wd/hub/session/b54dd6b1-8a0a-4371-9f0f-ca2e42381643/elements[39m
[35m[HTTP][39m [90m{"using":"-android uiautomator","value":"new UiSelector().description(\"productNameTextInput\")"}[39m
[35m[HTTP][39m [37m<-- POST /wd/hub/session/b54dd6b1-8a0a-4371-9f0f-ca2e42381643/elements [39m[32m200[39m [90m4833 ms - 74[39m
[35m[HTTP][39m [90m[39m
[35m[HTTP][39m [37m-->[39m [37mGET[39m [37m/wd/hub/session/b54dd6b1-8a0a-4371-9f0f-ca2e42381643/context[39m
[35m[HTTP][39m [90m{}[39m
[35m[HTTP][39m [37m<-- GET /wd/hub/session/b54dd6b1-8a0a-4371-9f0f-ca2e42381643/context [39m[32m200[39m [90m2 ms - 84[39m
[35m[HTTP][39m [90m[39m
[35m[HTTP][39m [37m-->[39m [37mGET[39m [37m/wd/hub/session/b54dd6b1-8a0a-4371-9f0f-ca2e42381643/contexts[39m
[35m[HTTP][39m [90m{}[39m
[35m[HTTP][39m [37m<-- GET /wd/hub/session/b54dd6b1-8a0a-4371-9f0f-ca2e42381643/contexts [39m[32m200[39m [90m126 ms - 86[39m
[35m[HTTP][39m [90m[39m
[35m[HTTP][39m [37m-->[39m [37mPOST[39m [37m/wd/hub/session/b54dd6b1-8a0a-4371-9f0f-ca2e42381643/context[39m
[35m[HTTP][39m [90m{"name":"NATIVE_APP"}[39m
[35m[HTTP][39m [37m<-- POST /wd/hub/session/b54dd6b1-8a0a-4371-9f0f-ca2e42381643/context [39m[32m200[39m [90m137 ms - 76[39m
[35m[HTTP][39m [90m[39m
[35m[HTTP][39m [37m-->[39m [37mGET[39m [37m/wd/hub/session/b54dd6b1-8a0a-4371-9f0f-ca2e42381643/screenshot[39m
[35m[HTTP][39m [90m{}[39m
[35m[HTTP][39m [37m<-- GET /wd/hub/session/b54dd6b1-8a0a-4371-9f0f-ca2e42381643/screenshot [39m[32m200[39m [90m1120 ms - 232442[39m
[35m[HTTP][39m [90m[39m
[35m[HTTP][39m [37m-->[39m [37mPOST[39m [37m/wd/hub/session/b54dd6b1-8a0a-4371-9f0f-ca2e42381643/context[39m
[35m[HTTP][39m [90m{"name":"NATIVE_APP"}[39m
[35m[HTTP][39m [37m<-- POST /wd/hub/session/b54dd6b1-8a0a-4371-9f0f-ca2e42381643/context [39m[32m200[39m [90m124 ms - 76[39m
[35m[HTTP][39m [90m[39m
[35m[HTTP][39m [37m-->[39m [37mGET[39m [37m/wd/hub/session/b54dd6b1-8a0a-4371-9f0f-ca2e42381643/context[39m
[35m[HTTP][39m [90m{}[39m
[35m[HTTP][39m [37m<-- GET /wd/hub/session/b54dd6b1-8a0a-4371-9f0f-ca2e42381643/context [39m[32m200[39m [90m2 ms - 84[39m
[35m[HTTP][39m [90m[39m
[35m[HTTP][39m [37m-->[39m [37mGET[39m [37m/wd/hub/session/b54dd6b1-8a0a-4371-9f0f-ca2e42381643/contexts[39m
[35m[HTTP][39m [90m{}[39m
[35m[HTTP][39m [37m<-- GET /wd/hub/session/b54dd6b1-8a0a-4371-9f0f-ca2e42381643/contexts [39m[32m200[39m [90m135 ms - 86[39m
[35m[HTTP][39m [90m[39m
[35m[HTTP][39m [37m-->[39m [37mPOST[39m [37m/wd/hub/session/b54dd6b1-8a0a-4371-9f0f-ca2e42381643/context[39m
[35m[HTTP][39m [90m{"name":"NATIVE_APP"}[39m
[35m[HTTP][39m [37m<-- POST /wd/hub/session/b54dd6b1-8a0a-4371-9f0f-ca2e42381643/context [39m[32m200[39m [90m129 ms - 76[39m
[35m[HTTP][39m [90m[39m
[35m[HTTP][39m [37m-->[39m [37mGET[39m [37m/wd/hub/session/b54dd6b1-8a0a-4371-9f0f-ca2e42381643/screenshot[39m
[35m[HTTP][39m [90m{}[39m
[35m[HTTP][39m [37m<-- GET /wd/hub/session/b54dd6b1-8a0a-4371-9f0f-ca2e42381643/screenshot [39m[32m200[39m [90m1094 ms - 222330[39m
[35m[HTTP][39m [90m[39m
[35m[HTTP][39m [37m-->[39m [37mPOST[39m [37m/wd/hub/session/b54dd6b1-8a0a-4371-9f0f-ca2e42381643/context[39m
[35m[HTTP][39m [90m{"name":"NATIVE_APP"}[39m
[35m[HTTP][39m [37m<-- POST /wd/hub/session/b54dd6b1-8a0a-4371-9f0f-ca2e42381643/context [39m[32m200[39m [90m155 ms - 76[39m
[35m[HTTP][39m [90m[39m
[35m[HTTP][39m [37m-->[39m [37mGET[39m [37m/wd/hub/session/b54dd6b1-8a0a-4371-9f0f-ca2e42381643/window/current/size[39m
[35m[HTTP][39m [90m{}[39m
[35m[HTTP][39m [37m<-- GET /wd/hub/session/b54dd6b1-8a0a-4371-9f0f-ca2e42381643/window/current/size [39m[32m200[39m [90m7 ms - 99[39m
[35m[HTTP][39m [90m[39m
[35m[HTTP][39m [37m-->[39m [37mPOST[39m [37m/wd/hub/session/b54dd6b1-8a0a-4371-9f0f-ca2e42381643/elements[39m
[35m[HTTP][39m [90m{"using":"-android uiautomator","value":"new UiSelector().description(\"selectCategoryBtn\")"}[39m
[35m[HTTP][39m [37m<-- POST /wd/hub/session/b54dd6b1-8a0a-4371-9f0f-ca2e42381643/elements [39m[32m200[39m [90m1856 ms - 74[39m
[35m[HTTP][39m [90m[39m
[35m[HTTP][39m [37m-->[39m [37mPOST[39m [37m/wd/hub/session/b54dd6b1-8a0a-4371-9f0f-ca2e42381643/elements[39m
[35m[HTTP][39m [90m{"using":"-android uiautomator","value":"new UiSelector().description(\"selectCategoryBtn\")"}[39m
[35m[HTTP][39m [37m<-- POST /wd/hub/session/b54dd6b1-8a0a-4371-9f0f-ca2e42381643/elements [39m[32m200[39m [90m5064 ms - 74[39m
[35m[HTTP][39m [90m[39m
[35m[HTTP][39m [37m-->[39m [37mGET[39m [37m/wd/hub/session/b54dd6b1-8a0a-4371-9f0f-ca2e42381643/window/current/size[39m
[35m[HTTP][39m [90m{}[39m
[35m[HTTP][39m [37m<-- GET /wd/hub/session/b54dd6b1-8a0a-4371-9f0f-ca2e42381643/window/current/size [39m[32m200[39m [90m9 ms - 99[39m
[35m[HTTP][39m [90m[39m
[35m[HTTP][39m [37m-->[39m [37mPOST[39m [37m/wd/hub/session/b54dd6b1-8a0a-4371-9f0f-ca2e42381643/elements[39m
[35m[HTTP][39m [90m{"using":"-android uiautomator","value":"new UiSelector().description(\"selectCategoryBtn\")"}[39m
[35m[HTTP][39m [37m<-- POST /wd/hub/session/b54dd6b1-8a0a-4371-9f0f-ca2e42381643/elements [39m[32m200[39m [90m4581 ms - 74[39m
[35m[HTTP][39m [90m[39m
[35m[HTTP][39m [37m-->[39m [37mGET[39m [37m/wd/hub/session/b54dd6b1-8a0a-4371-9f0f-ca2e42381643/window/current/size[39m
[35m[HTTP][39m [90m{}[39m
[35m[HTTP][39m [37m<-- GET /wd/hub/session/b54dd6b1-8a0a-4371-9f0f-ca2e42381643/window/current/size [39m[32m200[39m [90m9 ms - 99[39m
[35m[HTTP][39m [90m[39m
[35m[HTTP][39m [37m-->[39m [37mPOST[39m [37m/wd/hub/session/b54dd6b1-8a0a-4371-9f0f-ca2e42381643/elements[39m
[35m[HTTP][39m [90m{"using":"-android uiautomator","value":"new UiSelector().description(\"selectCategoryBtn\")"}[39m
[35m[HTTP][39m [37m<-- POST /wd/hub/session/b54dd6b1-8a0a-4371-9f0f-ca2e42381643/elements [39m[32m200[39m [90m2382 ms - 74[39m
[35m[HTTP][39m [90m[39m
[35m[HTTP][39m [37m-->[39m [37mPOST[39m [37m/wd/hub/session/b54dd6b1-8a0a-4371-9f0f-ca2e42381643/elements[39m
[35m[HTTP][39m [90m{"using":"-android uiautomator","value":"new UiSelector().description(\"selectCategoryBtn\")"}[39m
[35m[HTTP][39m [37m<-- POST /wd/hub/session/b54dd6b1-8a0a-4371-9f0f-ca2e42381643/elements [39m[32m200[39m [90m5124 ms - 74[39m
[35m[HTTP][39m [90m[39m
[35m[HTTP][39m [37m-->[39m [37mGET[39m [37m/wd/hub/session/b54dd6b1-8a0a-4371-9f0f-ca2e42381643/context[39m
[35m[HTTP][39m [90m{}[39m
[35m[HTTP][39m [37m<-- GET /wd/hub/session/b54dd6b1-8a0a-4371-9f0f-ca2e42381643/context [39m[32m200[39m [90m2 ms - 84[39m
[35m[HTTP][39m [90m[39m
[35m[HTTP][39m [37m-->[39m [37mGET[39m [37m/wd/hub/session/b54dd6b1-8a0a-4371-9f0f-ca2e42381643/contexts[39m
[35m[HTTP][39m [90m{}[39m
[35m[HTTP][39m [37m<-- GET /wd/hub/session/b54dd6b1-8a0a-4371-9f0f-ca2e42381643/contexts [39m[32m200[39m [90m149 ms - 86[39m
[35m[HTTP][39m [90m[39m
[35m[HTTP][39m [37m-->[39m [37mPOST[39m [37m/wd/hub/session/b54dd6b1-8a0a-4371-9f0f-ca2e42381643/context[39m
[35m[HTTP][39m [90m{"name":"NATIVE_APP"}[39m
[35m[HTTP][39m [37m<-- POST /wd/hub/session/b54dd6b1-8a0a-4371-9f0f-ca2e42381643/context [39m[32m200[39m [90m138 ms - 76[39m
[35m[HTTP][39m [90m[39m
[35m[HTTP][39m [37m-->[39m [37mGET[39m [37m/wd/hub/session/b54dd6b1-8a0a-4371-9f0f-ca2e42381643/screenshot[39m
[35m[HTTP][39m [90m{}[39m
[35m[HTTP][39m [37m<-- GET /wd/hub/session/b54dd6b1-8a0a-4371-9f0f-ca2e42381643/screenshot [39m[32m200[39m [90m1018 ms - 222330[39m
[35m[HTTP][39m [90m[39m
[35m[HTTP][39m [37m-->[39m [37mPOST[39m [37m/wd/hub/session/b54dd6b1-8a0a-4371-9f0f-ca2e42381643/context[39m
[35m[HTTP][39m [90m{"name":"NATIVE_APP"}[39m
[35m[HTTP][39m [37m<-- POST /wd/hub/session/b54dd6b1-8a0a-4371-9f0f-ca2e42381643/context [39m[32m200[39m [90m144 ms - 76[39m
[35m[HTTP][39m [90m[39m
[35m[HTTP][39m [37m-->[39m [37mGET[39m [37m/wd/hub/session/b54dd6b1-8a0a-4371-9f0f-ca2e42381643/context[39m
[35m[HTTP][39m [90m{}[39m
[35m[HTTP][39m [37m<-- GET /wd/hub/session/b54dd6b1-8a0a-4371-9f0f-ca2e42381643/context [39m[32m200[39m [90m2 ms - 84[39m
[35m[HTTP][39m [90m[39m
[35m[HTTP][39m [37m-->[39m [37mGET[39m [37m/wd/hub/session/b54dd6b1-8a0a-4371-9f0f-ca2e42381643/contexts[39m
[35m[HTTP][39m [90m{}[39m
[35m[HTTP][39m [37m<-- GET /wd/hub/session/b54dd6b1-8a0a-4371-9f0f-ca2e42381643/contexts [39m[32m200[39m [90m137 ms - 86[39m
[35m[HTTP][39m [90m[39m
[35m[HTTP][39m [37m-->[39m [37mPOST[39m [37m/wd/hub/session/b54dd6b1-8a0a-4371-9f0f-ca2e42381643/context[39m
[35m[HTTP][39m [90m{"name":"NATIVE_APP"}[39m
[35m[HTTP][39m [37m<-- POST /wd/hub/session/b54dd6b1-8a0a-4371-9f0f-ca2e42381643/context [39m[32m200[39m [90m156 ms - 76[39m
[35m[HTTP][39m [90m[39m
[35m[HTTP][39m [37m-->[39m [37mGET[39m [37m/wd/hub/session/b54dd6b1-8a0a-4371-9f0f-ca2e42381643/screenshot[39m
[35m[HTTP][39m [90m{}[39m
[35m[HTTP][39m [37m<-- GET /wd/hub/session/b54dd6b1-8a0a-4371-9f0f-ca2e42381643/screenshot [39m[32m200[39m [90m1135 ms - 231930[39m
[35m[HTTP][39m [90m[39m
[35m[HTTP][39m [37m-->[39m [37mPOST[39m [37m/wd/hub/session/b54dd6b1-8a0a-4371-9f0f-ca2e42381643/context[39m
[35m[HTTP][39m [90m{"name":"NATIVE_APP"}[39m
[35m[HTTP][39m [37m<-- POST /wd/hub/session/b54dd6b1-8a0a-4371-9f0f-ca2e42381643/context [39m[32m200[39m [90m142 ms - 76[39m
[35m[HTTP][39m [90m[39m
[35m[HTTP][39m [37m-->[39m [37mDELETE[39m [37m/wd/hub/session/b54dd6b1-8a0a-4371-9f0f-ca2e42381643[39m
[35m[HTTP][39m [90m{}[39m
[35m[Appium][39m Removing session b54dd6b1-8a0a-4371-9f0f-ca2e42381643 from our master session list
[35m[ADB][39m com.btpn.appbisnis.sit was successfully uninstalled
[35m[ADB][39m No uiautomator process found to kill, continuing...
[35m[HTTP][39m [37m<-- DELETE /wd/hub/session/b54dd6b1-8a0a-4371-9f0f-ca2e42381643 [39m[32m200[39m [90m6156 ms - 76[39m
[35m[HTTP][39m [90m[39m
