[35m[Appium][39m Welcome to Appium v1.8.1
[35m[Appium][39m Non-default server args:
[35m[Appium][39m   port: 50489
[35m[Appium][39m   loglevel: info
[35m[Appium][39m   chromeDriverPort: 50490
[35m[Appium][39m   tmpDir: C:\Users\AV2017~2\AppData\Local\Temp\\Katalon\Appium\Temp1533807761602
[35m[Appium][39m Appium REST http interface listener started on 0.0.0.0:50489
[35m[HTTP][39m [37m-->[39m [37mGET[39m [37m/wd/hub/status[39m
[35m[HTTP][39m [90m{}[39m
[35m[HTTP][39m [37m<-- GET /wd/hub/status [39m[32m200[39m [90m65 ms - 83[39m
[35m[HTTP][39m [90m[39m
[35m[HTTP][39m [37m-->[39m [37mPOST[39m [37m/wd/hub/session[39m
[35m[HTTP][39m [90m{"desiredCapabilities":{"app":"C:\\Users\\AV2017005903\\Documents\\apollo-automation\\Regress_release.apk","appWaitActivity":"com.*","autoGrantPermissions":true,"deviceId":"6e4df14","deviceName":"OPPO A37f (Android 5.1.1)","fullReset":false,"newCommandTimeout":1800,"noReset":true,"platform":"ANDROID","platformName":"Android","udid":"6e4df14"},"capabilities":{"desiredCapabilities":{"app":"C:\\Users\\AV2017005903\\Documents\\apollo-automation\\Regress_release.apk","appWaitActivity":"com.*","autoGrantPermissions":true,"deviceId":"6e4df14","deviceName":"OPPO A37f (Android 5.1.1)","fullReset":false,"newCommandTimeout":1800,"noReset":true,"platform":"ANDROID","platformName":"Android","udid":"6e4df14"},"firstMatch":[{"platformName":"android"}]}}[39m
[35m[Appium][39m Could not parse W3C capabilities: 'deviceName' can't be blank. Falling back to JSONWP protocol.
[35m[Appium][39m The following capabilities were provided in the JSONWP desired capabilities that are missing in W3C capabilities: ["app","appWaitActivity","autoGrantPermissions","deviceId","deviceName","fullReset","newCommandTimeout","noReset","platform","platformName","udid"]. Falling back to JSONWP protocol.
[35m[Appium][39m Creating new AndroidDriver (v2.7.0) session
[35m[Appium][39m Capabilities:
[35m[Appium][39m   app: C:\Users\AV2017005903\Documents\apollo-automation\Regress_release.apk
[35m[Appium][39m   appWaitActivity: com.*
[35m[Appium][39m   autoGrantPermissions: true
[35m[Appium][39m   deviceId: 6e4df14
[35m[Appium][39m   deviceName: OPPO A37f (Android 5.1.1)
[35m[Appium][39m   fullReset: false
[35m[Appium][39m   newCommandTimeout: 1800
[35m[Appium][39m   noReset: true
[35m[Appium][39m   platform: ANDROID
[35m[Appium][39m   platformName: Android
[35m[Appium][39m   udid: 6e4df14
[35m[BaseDriver][39m The following capabilities were provided, but are not recognized by appium: deviceId, platform.
[35m[BaseDriver][39m Session created with session id: a546c99c-b40f-466a-bae4-9a973801ca6b
[35m[AndroidDriver][39m Java version is: 1.8.0_181
[35m[ADB][39m Checking whether adb is present
[35m[ADB][39m Found 1 'build-tools' folders under 'C:\Users\AV2017005903\.katalon\tools\android_sdk' (newest first):
[35m[ADB][39m     C:/Users/AV2017005903/.katalon/tools/android_sdk/build-tools/27.0.3
[35m[ADB][39m Using adb.exe from C:\Users\AV2017005903\.katalon\tools\android_sdk\platform-tools\adb.exe
[35m[AndroidDriver][39m Retrieving device list
[35m[AndroidDriver][39m Using device: 6e4df14
[35m[BaseDriver][39m Using local app 'C:\Users\AV2017005903\Documents\apollo-automation\Regress_release.apk'
[35m[AndroidDriver][39m Starting Android session
[35m[ADB][39m Checking whether aapt is present
[35m[ADB][39m Using aapt.exe from C:\Users\AV2017005903\.katalon\tools\android_sdk\build-tools\27.0.3\aapt.exe
[35m[AndroidDriver][39m setDeviceLanguageCountry requires language or country.
[35m[AndroidDriver][39m Got language: 'null' and country: 'null'
[35m[ADB][39m Getting device platform version
[35m[ADB][39m Using the alternative activity name detection method because of: Could not find apkanalyzer.bat in C:\Users\AV2017005903\.katalon\tools\android_sdk\platform-tools\apkanalyzer.bat,C:\Users\AV2017005903\.katalon\tools\android_sdk\emulator\apkanalyzer.bat,C:\Users\AV2017005903\.katalon\tools\android_sdk\tools\apkanalyzer.bat,C:\Users\AV2017005903\.katalon\tools\android_sdk\tools\bin\apkanalyzer.bat,C:\Users\AV2017005903\.katalon\tools\android_sdk\build-tools\27.0.3\apkanalyzer.bat. Do you have the Android SDK installed at 'C:\Users\AV2017005903\.katalon\tools\android_sdk'?
[35m[ADB][39m Extracting package and launch activity from manifest
[35m[ADB][39m Package name: 'com.btpn.appbisnis.sit'
[35m[ADB][39m Main activity name: 'com.btpn_mpos_rn.react_bridging.splash.SplashActivity'
[35m[ADB][39m Successfully extracted 943 strings from 'C:\Users\AV2017005903\Documents\apollo-automation\Regress_release.apk' resources for '(default)' configuration
[35m[ADB][39m No uiautomator process found to kill, continuing...
[35m[AndroidBootstrap][39m Android bootstrap socket is now connected
[35m[AndroidDriver][39m Screen already unlocked, doing nothing
[35m[Appium][39m New AndroidDriver session created successfully, session a546c99c-b40f-466a-bae4-9a973801ca6b added to master session list
[35m[HTTP][39m [37m<-- POST /wd/hub/session [39m[32m200[39m [90m9344 ms - 1160[39m
[35m[HTTP][39m [90m[39m
[35m[HTTP][39m [37m-->[39m [37mGET[39m [37m/wd/hub/status[39m
[35m[HTTP][39m [90m{}[39m
[35m[HTTP][39m [37m<-- GET /wd/hub/status [39m[32m200[39m [90m54 ms - 55[39m
[35m[HTTP][39m [90m[39m
[35m[HTTP][39m [37m-->[39m [37mPOST[39m [37m/wd/hub/session/a546c99c-b40f-466a-bae4-9a973801ca6b/timeouts[39m
[35m[HTTP][39m [90m{"type":"implicit","ms":30000}[39m
[35m[HTTP][39m [37m<-- POST /wd/hub/session/a546c99c-b40f-466a-bae4-9a973801ca6b/timeouts [39m[33m400[39m [90m12 ms - 5532[39m
[35m[HTTP][39m [90m[39m
[35m[HTTP][39m [37m-->[39m [37mGET[39m [37m/wd/hub/session/a546c99c-b40f-466a-bae4-9a973801ca6b/window/current/size[39m
[35m[HTTP][39m [90m{}[39m
[35m[HTTP][39m [37m<-- GET /wd/hub/session/a546c99c-b40f-466a-bae4-9a973801ca6b/window/current/size [39m[32m200[39m [90m56 ms - 99[39m
[35m[HTTP][39m [90m[39m
[35m[HTTP][39m [37m-->[39m [37mPOST[39m [37m/wd/hub/session/a546c99c-b40f-466a-bae4-9a973801ca6b/elements[39m
[35m[HTTP][39m [90m{"using":"-android uiautomator","value":"new UiSelector().description(\"LoginNameTextInput\")"}[39m
[35m[HTTP][39m [37m<-- POST /wd/hub/session/a546c99c-b40f-466a-bae4-9a973801ca6b/elements [39m[32m200[39m [90m2238 ms - 89[39m
[35m[HTTP][39m [90m[39m
[35m[HTTP][39m [37m-->[39m [37mGET[39m [37m/wd/hub/session/a546c99c-b40f-466a-bae4-9a973801ca6b[39m
[35m[HTTP][39m [90m{}[39m
[35m[HTTP][39m [37m<-- GET /wd/hub/session/a546c99c-b40f-466a-bae4-9a973801ca6b [39m[32m200[39m [90m16 ms - 1160[39m
[35m[HTTP][39m [90m[39m
[35m[HTTP][39m [37m-->[39m [37mGET[39m [37m/wd/hub/session/a546c99c-b40f-466a-bae4-9a973801ca6b[39m
[35m[HTTP][39m [90m{}[39m
[35m[HTTP][39m [37m<-- GET /wd/hub/session/a546c99c-b40f-466a-bae4-9a973801ca6b [39m[32m200[39m [90m4 ms - 1160[39m
[35m[HTTP][39m [90m[39m
[35m[HTTP][39m [37m-->[39m [37mGET[39m [37m/wd/hub/session/a546c99c-b40f-466a-bae4-9a973801ca6b[39m
[35m[HTTP][39m [90m{}[39m
[35m[HTTP][39m [37m<-- GET /wd/hub/session/a546c99c-b40f-466a-bae4-9a973801ca6b [39m[32m200[39m [90m5 ms - 1160[39m
[35m[HTTP][39m [90m[39m
[35m[HTTP][39m [37m-->[39m [37mGET[39m [37m/wd/hub/session/a546c99c-b40f-466a-bae4-9a973801ca6b[39m
[35m[HTTP][39m [90m{}[39m
[35m[HTTP][39m [37m<-- GET /wd/hub/session/a546c99c-b40f-466a-bae4-9a973801ca6b [39m[32m200[39m [90m3 ms - 1160[39m
[35m[HTTP][39m [90m[39m
[35m[HTTP][39m [37m-->[39m [37mGET[39m [37m/wd/hub/session/a546c99c-b40f-466a-bae4-9a973801ca6b/element/1/location[39m
[35m[HTTP][39m [90m{}[39m
[35m[HTTP][39m [37m<-- GET /wd/hub/session/a546c99c-b40f-466a-bae4-9a973801ca6b/element/1/location [39m[32m200[39m [90m444 ms - 88[39m
[35m[HTTP][39m [90m[39m
[35m[HTTP][39m [37m-->[39m [37mGET[39m [37m/wd/hub/session/a546c99c-b40f-466a-bae4-9a973801ca6b/window/current/size[39m
[35m[HTTP][39m [90m{}[39m
[35m[HTTP][39m [37m<-- GET /wd/hub/session/a546c99c-b40f-466a-bae4-9a973801ca6b/window/current/size [39m[32m200[39m [90m16 ms - 99[39m
[35m[HTTP][39m [90m[39m
[35m[HTTP][39m [37m-->[39m [37mPOST[39m [37m/wd/hub/session/a546c99c-b40f-466a-bae4-9a973801ca6b/elements[39m
[35m[HTTP][39m [90m{"using":"-android uiautomator","value":"new UiSelector().description(\"LoginNameTextInput\")"}[39m
[35m[HTTP][39m [37m<-- POST /wd/hub/session/a546c99c-b40f-466a-bae4-9a973801ca6b/elements [39m[32m200[39m [90m2996 ms - 89[39m
[35m[HTTP][39m [90m[39m
[35m[HTTP][39m [37m-->[39m [37mGET[39m [37m/wd/hub/session/a546c99c-b40f-466a-bae4-9a973801ca6b[39m
[35m[HTTP][39m [90m{}[39m
[35m[HTTP][39m [37m<-- GET /wd/hub/session/a546c99c-b40f-466a-bae4-9a973801ca6b [39m[32m200[39m [90m9 ms - 1160[39m
[35m[HTTP][39m [90m[39m
[35m[HTTP][39m [37m-->[39m [37mGET[39m [37m/wd/hub/session/a546c99c-b40f-466a-bae4-9a973801ca6b[39m
[35m[HTTP][39m [90m{}[39m
[35m[HTTP][39m [37m<-- GET /wd/hub/session/a546c99c-b40f-466a-bae4-9a973801ca6b [39m[32m200[39m [90m10 ms - 1160[39m
[35m[HTTP][39m [90m[39m
[35m[HTTP][39m [37m-->[39m [37mGET[39m [37m/wd/hub/session/a546c99c-b40f-466a-bae4-9a973801ca6b[39m
[35m[HTTP][39m [90m{}[39m
[35m[HTTP][39m [37m<-- GET /wd/hub/session/a546c99c-b40f-466a-bae4-9a973801ca6b [39m[32m200[39m [90m7 ms - 1160[39m
[35m[HTTP][39m [90m[39m
[35m[HTTP][39m [37m-->[39m [37mGET[39m [37m/wd/hub/session/a546c99c-b40f-466a-bae4-9a973801ca6b[39m
[35m[HTTP][39m [90m{}[39m
[35m[HTTP][39m [37m<-- GET /wd/hub/session/a546c99c-b40f-466a-bae4-9a973801ca6b [39m[32m200[39m [90m5 ms - 1160[39m
[35m[HTTP][39m [90m[39m
[35m[HTTP][39m [37m-->[39m [37mGET[39m [37m/wd/hub/session/a546c99c-b40f-466a-bae4-9a973801ca6b/element/2/location[39m
[35m[HTTP][39m [90m{}[39m
[35m[HTTP][39m [37m<-- GET /wd/hub/session/a546c99c-b40f-466a-bae4-9a973801ca6b/element/2/location [39m[32m200[39m [90m843 ms - 88[39m
[35m[HTTP][39m [90m[39m
[35m[HTTP][39m [37m-->[39m [37mGET[39m [37m/wd/hub/session/a546c99c-b40f-466a-bae4-9a973801ca6b/element/2/attribute/name[39m
[35m[HTTP][39m [90m{}[39m
[35m[HTTP][39m [37m<-- GET /wd/hub/session/a546c99c-b40f-466a-bae4-9a973801ca6b/element/2/attribute/name [39m[32m200[39m [90m497 ms - 92[39m
[35m[HTTP][39m [90m[39m
[35m[HTTP][39m [37m-->[39m [37mGET[39m [37m/wd/hub/session/a546c99c-b40f-466a-bae4-9a973801ca6b/window/current/size[39m
[35m[HTTP][39m [90m{}[39m
[35m[HTTP][39m [37m<-- GET /wd/hub/session/a546c99c-b40f-466a-bae4-9a973801ca6b/window/current/size [39m[32m200[39m [90m15 ms - 99[39m
[35m[HTTP][39m [90m[39m
[35m[HTTP][39m [37m-->[39m [37mPOST[39m [37m/wd/hub/session/a546c99c-b40f-466a-bae4-9a973801ca6b/elements[39m
[35m[HTTP][39m [90m{"using":"-android uiautomator","value":"new UiSelector().description(\"LoginNameTextInput\")"}[39m
[35m[HTTP][39m [37m<-- POST /wd/hub/session/a546c99c-b40f-466a-bae4-9a973801ca6b/elements [39m[32m200[39m [90m3606 ms - 89[39m
[35m[HTTP][39m [90m[39m
[35m[HTTP][39m [37m-->[39m [37mGET[39m [37m/wd/hub/session/a546c99c-b40f-466a-bae4-9a973801ca6b[39m
[35m[HTTP][39m [90m{}[39m
[35m[HTTP][39m [37m<-- GET /wd/hub/session/a546c99c-b40f-466a-bae4-9a973801ca6b [39m[32m200[39m [90m8 ms - 1160[39m
[35m[HTTP][39m [90m[39m
[35m[HTTP][39m [37m-->[39m [37mGET[39m [37m/wd/hub/session/a546c99c-b40f-466a-bae4-9a973801ca6b[39m
[35m[HTTP][39m [90m{}[39m
[35m[HTTP][39m [37m<-- GET /wd/hub/session/a546c99c-b40f-466a-bae4-9a973801ca6b [39m[32m200[39m [90m9 ms - 1160[39m
[35m[HTTP][39m [90m[39m
[35m[HTTP][39m [37m-->[39m [37mGET[39m [37m/wd/hub/session/a546c99c-b40f-466a-bae4-9a973801ca6b[39m
[35m[HTTP][39m [90m{}[39m
[35m[HTTP][39m [37m<-- GET /wd/hub/session/a546c99c-b40f-466a-bae4-9a973801ca6b [39m[32m200[39m [90m7 ms - 1160[39m
[35m[HTTP][39m [90m[39m
[35m[HTTP][39m [37m-->[39m [37mGET[39m [37m/wd/hub/session/a546c99c-b40f-466a-bae4-9a973801ca6b[39m
[35m[HTTP][39m [90m{}[39m
[35m[HTTP][39m [37m<-- GET /wd/hub/session/a546c99c-b40f-466a-bae4-9a973801ca6b [39m[32m200[39m [90m6 ms - 1160[39m
[35m[HTTP][39m [90m[39m
[35m[HTTP][39m [37m-->[39m [37mGET[39m [37m/wd/hub/session/a546c99c-b40f-466a-bae4-9a973801ca6b/element/3/location[39m
[35m[HTTP][39m [90m{}[39m
[35m[HTTP][39m [37m<-- GET /wd/hub/session/a546c99c-b40f-466a-bae4-9a973801ca6b/element/3/location [39m[32m200[39m [90m1831 ms - 88[39m
[35m[HTTP][39m [90m[39m
[35m[HTTP][39m [37m-->[39m [37mPOST[39m [37m/wd/hub/session/a546c99c-b40f-466a-bae4-9a973801ca6b/element/3/clear[39m
[35m[HTTP][39m [90m{"id":"3"}[39m
[35m[HTTP][39m [37m<-- POST /wd/hub/session/a546c99c-b40f-466a-bae4-9a973801ca6b/element/3/clear [39m[32m200[39m [90m3188 ms - 76[39m
[35m[HTTP][39m [90m[39m
[35m[HTTP][39m [37m-->[39m [37mPOST[39m [37m/wd/hub/session/a546c99c-b40f-466a-bae4-9a973801ca6b/element/3/value[39m
[35m[HTTP][39m [90m{"id":"3","value":["08112233445567"]}[39m
[35m[HTTP][39m [37m<-- POST /wd/hub/session/a546c99c-b40f-466a-bae4-9a973801ca6b/element/3/value [39m[32m200[39m [90m13213 ms - 76[39m
[35m[HTTP][39m [90m[39m
[35m[HTTP][39m [37m-->[39m [37mGET[39m [37m/wd/hub/session/a546c99c-b40f-466a-bae4-9a973801ca6b/context[39m
[35m[HTTP][39m [90m{}[39m
[35m[HTTP][39m [37m<-- GET /wd/hub/session/a546c99c-b40f-466a-bae4-9a973801ca6b/context [39m[32m200[39m [90m7 ms - 84[39m
[35m[HTTP][39m [90m[39m
[35m[HTTP][39m [37m-->[39m [37mGET[39m [37m/wd/hub/session/a546c99c-b40f-466a-bae4-9a973801ca6b/contexts[39m
[35m[HTTP][39m [90m{}[39m
[35m[HTTP][39m [37m<-- GET /wd/hub/session/a546c99c-b40f-466a-bae4-9a973801ca6b/contexts [39m[32m200[39m [90m173 ms - 86[39m
[35m[HTTP][39m [90m[39m
[35m[HTTP][39m [37m-->[39m [37mPOST[39m [37m/wd/hub/session/a546c99c-b40f-466a-bae4-9a973801ca6b/context[39m
[35m[HTTP][39m [90m{"name":"NATIVE_APP"}[39m
[35m[HTTP][39m [37m<-- POST /wd/hub/session/a546c99c-b40f-466a-bae4-9a973801ca6b/context [39m[32m200[39m [90m143 ms - 76[39m
[35m[HTTP][39m [90m[39m
[35m[HTTP][39m [37m-->[39m [37mPOST[39m [37m/wd/hub/session/a546c99c-b40f-466a-bae4-9a973801ca6b/appium/device/hide_keyboard[39m
[35m[HTTP][39m [90m{}[39m
[35m[HTTP][39m [37m<-- POST /wd/hub/session/a546c99c-b40f-466a-bae4-9a973801ca6b/appium/device/hide_keyboard [39m[32m200[39m [90m596 ms - 76[39m
[35m[HTTP][39m [90m[39m
[35m[HTTP][39m [37m-->[39m [37mPOST[39m [37m/wd/hub/session/a546c99c-b40f-466a-bae4-9a973801ca6b/context[39m
[35m[HTTP][39m [90m{"name":"NATIVE_APP"}[39m
[35m[HTTP][39m [37m<-- POST /wd/hub/session/a546c99c-b40f-466a-bae4-9a973801ca6b/context [39m[32m200[39m [90m175 ms - 76[39m
[35m[HTTP][39m [90m[39m
[35m[HTTP][39m [37m-->[39m [37mGET[39m [37m/wd/hub/session/a546c99c-b40f-466a-bae4-9a973801ca6b/window/current/size[39m
[35m[HTTP][39m [90m{}[39m
[35m[HTTP][39m [37m<-- GET /wd/hub/session/a546c99c-b40f-466a-bae4-9a973801ca6b/window/current/size [39m[32m200[39m [90m8 ms - 99[39m
[35m[HTTP][39m [90m[39m
[35m[HTTP][39m [37m-->[39m [37mPOST[39m [37m/wd/hub/session/a546c99c-b40f-466a-bae4-9a973801ca6b/elements[39m
[35m[HTTP][39m [90m{"using":"-android uiautomator","value":"new UiSelector().description(\"LoginNameTextInput\")"}[39m
[35m[HTTP][39m [37m<-- POST /wd/hub/session/a546c99c-b40f-466a-bae4-9a973801ca6b/elements [39m[32m200[39m [90m1462 ms - 89[39m
[35m[HTTP][39m [90m[39m
[35m[HTTP][39m [37m-->[39m [37mGET[39m [37m/wd/hub/session/a546c99c-b40f-466a-bae4-9a973801ca6b[39m
[35m[HTTP][39m [90m{}[39m
[35m[HTTP][39m [37m<-- GET /wd/hub/session/a546c99c-b40f-466a-bae4-9a973801ca6b [39m[32m200[39m [90m10 ms - 1160[39m
[35m[HTTP][39m [90m[39m
[35m[HTTP][39m [37m-->[39m [37mGET[39m [37m/wd/hub/session/a546c99c-b40f-466a-bae4-9a973801ca6b[39m
[35m[HTTP][39m [90m{}[39m
[35m[HTTP][39m [37m<-- GET /wd/hub/session/a546c99c-b40f-466a-bae4-9a973801ca6b [39m[32m200[39m [90m6 ms - 1160[39m
[35m[HTTP][39m [90m[39m
[35m[HTTP][39m [37m-->[39m [37mGET[39m [37m/wd/hub/session/a546c99c-b40f-466a-bae4-9a973801ca6b[39m
[35m[HTTP][39m [90m{}[39m
[35m[HTTP][39m [37m<-- GET /wd/hub/session/a546c99c-b40f-466a-bae4-9a973801ca6b [39m[32m200[39m [90m6 ms - 1160[39m
[35m[HTTP][39m [90m[39m
[35m[HTTP][39m [37m-->[39m [37mGET[39m [37m/wd/hub/session/a546c99c-b40f-466a-bae4-9a973801ca6b[39m
[35m[HTTP][39m [90m{}[39m
[35m[HTTP][39m [37m<-- GET /wd/hub/session/a546c99c-b40f-466a-bae4-9a973801ca6b [39m[32m200[39m [90m6 ms - 1160[39m
[35m[HTTP][39m [90m[39m
[35m[HTTP][39m [37m-->[39m [37mGET[39m [37m/wd/hub/session/a546c99c-b40f-466a-bae4-9a973801ca6b/element/4/location[39m
[35m[HTTP][39m [90m{}[39m
[35m[HTTP][39m [37m<-- GET /wd/hub/session/a546c99c-b40f-466a-bae4-9a973801ca6b/element/4/location [39m[32m200[39m [90m1145 ms - 88[39m
[35m[HTTP][39m [90m[39m
[35m[HTTP][39m [37m-->[39m [37mGET[39m [37m/wd/hub/session/a546c99c-b40f-466a-bae4-9a973801ca6b/element/4/text[39m
[35m[HTTP][39m [90m{}[39m
[35m[HTTP][39m [37m<-- GET /wd/hub/session/a546c99c-b40f-466a-bae4-9a973801ca6b/element/4/text [39m[32m200[39m [90m1262 ms - 88[39m
[35m[HTTP][39m [90m[39m
[35m[HTTP][39m [37m-->[39m [37mGET[39m [37m/wd/hub/session/a546c99c-b40f-466a-bae4-9a973801ca6b/window/current/size[39m
[35m[HTTP][39m [90m{}[39m
[35m[HTTP][39m [37m<-- GET /wd/hub/session/a546c99c-b40f-466a-bae4-9a973801ca6b/window/current/size [39m[32m200[39m [90m12 ms - 99[39m
[35m[HTTP][39m [90m[39m
[35m[HTTP][39m [37m-->[39m [37mPOST[39m [37m/wd/hub/session/a546c99c-b40f-466a-bae4-9a973801ca6b/elements[39m
[35m[HTTP][39m [90m{"using":"-android uiautomator","value":"new UiSelector().description(\"LoginJumpNextBtn\")"}[39m
[35m[HTTP][39m [37m<-- POST /wd/hub/session/a546c99c-b40f-466a-bae4-9a973801ca6b/elements [39m[32m200[39m [90m1514 ms - 89[39m
[35m[HTTP][39m [90m[39m
[35m[HTTP][39m [37m-->[39m [37mGET[39m [37m/wd/hub/session/a546c99c-b40f-466a-bae4-9a973801ca6b[39m
[35m[HTTP][39m [90m{}[39m
[35m[HTTP][39m [37m<-- GET /wd/hub/session/a546c99c-b40f-466a-bae4-9a973801ca6b [39m[32m200[39m [90m17 ms - 1160[39m
[35m[HTTP][39m [90m[39m
[35m[HTTP][39m [37m-->[39m [37mGET[39m [37m/wd/hub/session/a546c99c-b40f-466a-bae4-9a973801ca6b[39m
[35m[HTTP][39m [90m{}[39m
[35m[HTTP][39m [37m<-- GET /wd/hub/session/a546c99c-b40f-466a-bae4-9a973801ca6b [39m[32m200[39m [90m5 ms - 1160[39m
[35m[HTTP][39m [90m[39m
[35m[HTTP][39m [37m-->[39m [37mGET[39m [37m/wd/hub/session/a546c99c-b40f-466a-bae4-9a973801ca6b[39m
[35m[HTTP][39m [90m{}[39m
[35m[HTTP][39m [37m<-- GET /wd/hub/session/a546c99c-b40f-466a-bae4-9a973801ca6b [39m[32m200[39m [90m4 ms - 1160[39m
[35m[HTTP][39m [90m[39m
[35m[HTTP][39m [37m-->[39m [37mGET[39m [37m/wd/hub/session/a546c99c-b40f-466a-bae4-9a973801ca6b[39m
[35m[HTTP][39m [90m{}[39m
[35m[HTTP][39m [37m<-- GET /wd/hub/session/a546c99c-b40f-466a-bae4-9a973801ca6b [39m[32m200[39m [90m3 ms - 1160[39m
[35m[HTTP][39m [90m[39m
[35m[HTTP][39m [37m-->[39m [37mGET[39m [37m/wd/hub/session/a546c99c-b40f-466a-bae4-9a973801ca6b/element/5/location[39m
[35m[HTTP][39m [90m{}[39m
[35m[HTTP][39m [37m<-- GET /wd/hub/session/a546c99c-b40f-466a-bae4-9a973801ca6b/element/5/location [39m[32m200[39m [90m1166 ms - 89[39m
[35m[HTTP][39m [90m[39m
[35m[HTTP][39m [37m-->[39m [37mGET[39m [37m/wd/hub/session/a546c99c-b40f-466a-bae4-9a973801ca6b/window/current/size[39m
[35m[HTTP][39m [90m{}[39m
[35m[HTTP][39m [37m<-- GET /wd/hub/session/a546c99c-b40f-466a-bae4-9a973801ca6b/window/current/size [39m[32m200[39m [90m13 ms - 99[39m
[35m[HTTP][39m [90m[39m
[35m[HTTP][39m [37m-->[39m [37mPOST[39m [37m/wd/hub/session/a546c99c-b40f-466a-bae4-9a973801ca6b/elements[39m
[35m[HTTP][39m [90m{"using":"-android uiautomator","value":"new UiSelector().description(\"LoginJumpNextBtn\")"}[39m
[35m[HTTP][39m [37m<-- POST /wd/hub/session/a546c99c-b40f-466a-bae4-9a973801ca6b/elements [39m[32m200[39m [90m2040 ms - 89[39m
[35m[HTTP][39m [90m[39m
[35m[HTTP][39m [37m-->[39m [37mGET[39m [37m/wd/hub/session/a546c99c-b40f-466a-bae4-9a973801ca6b[39m
[35m[HTTP][39m [90m{}[39m
[35m[HTTP][39m [37m<-- GET /wd/hub/session/a546c99c-b40f-466a-bae4-9a973801ca6b [39m[32m200[39m [90m9 ms - 1160[39m
[35m[HTTP][39m [90m[39m
[35m[HTTP][39m [37m-->[39m [37mGET[39m [37m/wd/hub/session/a546c99c-b40f-466a-bae4-9a973801ca6b[39m
[35m[HTTP][39m [90m{}[39m
[35m[HTTP][39m [37m<-- GET /wd/hub/session/a546c99c-b40f-466a-bae4-9a973801ca6b [39m[32m200[39m [90m4 ms - 1160[39m
[35m[HTTP][39m [90m[39m
[35m[HTTP][39m [37m-->[39m [37mGET[39m [37m/wd/hub/session/a546c99c-b40f-466a-bae4-9a973801ca6b[39m
[35m[HTTP][39m [90m{}[39m
[35m[HTTP][39m [37m<-- GET /wd/hub/session/a546c99c-b40f-466a-bae4-9a973801ca6b [39m[32m200[39m [90m5 ms - 1160[39m
[35m[HTTP][39m [90m[39m
[35m[HTTP][39m [37m-->[39m [37mGET[39m [37m/wd/hub/session/a546c99c-b40f-466a-bae4-9a973801ca6b[39m
[35m[HTTP][39m [90m{}[39m
[35m[HTTP][39m [37m<-- GET /wd/hub/session/a546c99c-b40f-466a-bae4-9a973801ca6b [39m[32m200[39m [90m6 ms - 1160[39m
[35m[HTTP][39m [90m[39m
[35m[HTTP][39m [37m-->[39m [37mGET[39m [37m/wd/hub/session/a546c99c-b40f-466a-bae4-9a973801ca6b/element/6/location[39m
[35m[HTTP][39m [90m{}[39m
[35m[HTTP][39m [37m<-- GET /wd/hub/session/a546c99c-b40f-466a-bae4-9a973801ca6b/element/6/location [39m[32m200[39m [90m456 ms - 89[39m
[35m[HTTP][39m [90m[39m
[35m[HTTP][39m [37m-->[39m [37mGET[39m [37m/wd/hub/session/a546c99c-b40f-466a-bae4-9a973801ca6b/element/6/attribute/name[39m
[35m[HTTP][39m [90m{}[39m
[35m[HTTP][39m [37m<-- GET /wd/hub/session/a546c99c-b40f-466a-bae4-9a973801ca6b/element/6/attribute/name [39m[32m200[39m [90m1400 ms - 90[39m
[35m[HTTP][39m [90m[39m
[35m[HTTP][39m [37m-->[39m [37mGET[39m [37m/wd/hub/session/a546c99c-b40f-466a-bae4-9a973801ca6b/window/current/size[39m
[35m[HTTP][39m [90m{}[39m
[35m[HTTP][39m [37m<-- GET /wd/hub/session/a546c99c-b40f-466a-bae4-9a973801ca6b/window/current/size [39m[32m200[39m [90m17 ms - 99[39m
[35m[HTTP][39m [90m[39m
[35m[HTTP][39m [37m-->[39m [37mPOST[39m [37m/wd/hub/session/a546c99c-b40f-466a-bae4-9a973801ca6b/elements[39m
[35m[HTTP][39m [90m{"using":"-android uiautomator","value":"new UiSelector().description(\"LoginJumpNextBtn\")"}[39m
[35m[HTTP][39m [37m<-- POST /wd/hub/session/a546c99c-b40f-466a-bae4-9a973801ca6b/elements [39m[32m200[39m [90m2066 ms - 89[39m
[35m[HTTP][39m [90m[39m
[35m[HTTP][39m [37m-->[39m [37mGET[39m [37m/wd/hub/session/a546c99c-b40f-466a-bae4-9a973801ca6b[39m
[35m[HTTP][39m [90m{}[39m
[35m[HTTP][39m [37m<-- GET /wd/hub/session/a546c99c-b40f-466a-bae4-9a973801ca6b [39m[32m200[39m [90m2 ms - 1160[39m
[35m[HTTP][39m [90m[39m
[35m[HTTP][39m [37m-->[39m [37mGET[39m [37m/wd/hub/session/a546c99c-b40f-466a-bae4-9a973801ca6b[39m
[35m[HTTP][39m [90m{}[39m
[35m[HTTP][39m [37m<-- GET /wd/hub/session/a546c99c-b40f-466a-bae4-9a973801ca6b [39m[32m200[39m [90m3 ms - 1160[39m
[35m[HTTP][39m [90m[39m
[35m[HTTP][39m [37m-->[39m [37mGET[39m [37m/wd/hub/session/a546c99c-b40f-466a-bae4-9a973801ca6b[39m
[35m[HTTP][39m [90m{}[39m
[35m[HTTP][39m [37m<-- GET /wd/hub/session/a546c99c-b40f-466a-bae4-9a973801ca6b [39m[32m200[39m [90m2 ms - 1160[39m
[35m[HTTP][39m [90m[39m
[35m[HTTP][39m [37m-->[39m [37mGET[39m [37m/wd/hub/session/a546c99c-b40f-466a-bae4-9a973801ca6b[39m
[35m[HTTP][39m [90m{}[39m
[35m[HTTP][39m [37m<-- GET /wd/hub/session/a546c99c-b40f-466a-bae4-9a973801ca6b [39m[32m200[39m [90m2 ms - 1160[39m
[35m[HTTP][39m [90m[39m
[35m[HTTP][39m [37m-->[39m [37mGET[39m [37m/wd/hub/session/a546c99c-b40f-466a-bae4-9a973801ca6b/element/7/location[39m
[35m[HTTP][39m [90m{}[39m
[35m[HTTP][39m [37m<-- GET /wd/hub/session/a546c99c-b40f-466a-bae4-9a973801ca6b/element/7/location [39m[32m200[39m [90m516 ms - 89[39m
[35m[HTTP][39m [90m[39m
[35m[HTTP][39m [37m-->[39m [37mPOST[39m [37m/wd/hub/session/a546c99c-b40f-466a-bae4-9a973801ca6b/touch/perform[39m
[35m[HTTP][39m [90m{"actions":[{"action":"tap","options":{"element":"7","x":1,"y":1}}]}[39m
[35m[HTTP][39m [37m<-- POST /wd/hub/session/a546c99c-b40f-466a-bae4-9a973801ca6b/touch/perform [39m[32m200[39m [90m2715 ms - 76[39m
[35m[HTTP][39m [90m[39m
[35m[HTTP][39m [37m-->[39m [37mGET[39m [37m/wd/hub/session/a546c99c-b40f-466a-bae4-9a973801ca6b/window/current/size[39m
[35m[HTTP][39m [90m{}[39m
[35m[HTTP][39m [37m<-- GET /wd/hub/session/a546c99c-b40f-466a-bae4-9a973801ca6b/window/current/size [39m[32m200[39m [90m17 ms - 99[39m
[35m[HTTP][39m [90m[39m
[35m[HTTP][39m [37m-->[39m [37mPOST[39m [37m/wd/hub/session/a546c99c-b40f-466a-bae4-9a973801ca6b/elements[39m
[35m[HTTP][39m [90m{"using":"-android uiautomator","value":"new UiSelector().description(\"pinCircleFocus\")"}[39m
[35m[HTTP][39m [37m<-- POST /wd/hub/session/a546c99c-b40f-466a-bae4-9a973801ca6b/elements [39m[32m200[39m [90m2652 ms - 89[39m
[35m[HTTP][39m [90m[39m
[35m[HTTP][39m [37m-->[39m [37mGET[39m [37m/wd/hub/session/a546c99c-b40f-466a-bae4-9a973801ca6b[39m
[35m[HTTP][39m [90m{}[39m
[35m[HTTP][39m [37m<-- GET /wd/hub/session/a546c99c-b40f-466a-bae4-9a973801ca6b [39m[32m200[39m [90m11 ms - 1160[39m
[35m[HTTP][39m [90m[39m
[35m[HTTP][39m [37m-->[39m [37mGET[39m [37m/wd/hub/session/a546c99c-b40f-466a-bae4-9a973801ca6b[39m
[35m[HTTP][39m [90m{}[39m
[35m[HTTP][39m [37m<-- GET /wd/hub/session/a546c99c-b40f-466a-bae4-9a973801ca6b [39m[32m200[39m [90m7 ms - 1160[39m
[35m[HTTP][39m [90m[39m
[35m[HTTP][39m [37m-->[39m [37mGET[39m [37m/wd/hub/session/a546c99c-b40f-466a-bae4-9a973801ca6b[39m
[35m[HTTP][39m [90m{}[39m
[35m[HTTP][39m [37m<-- GET /wd/hub/session/a546c99c-b40f-466a-bae4-9a973801ca6b [39m[32m200[39m [90m4 ms - 1160[39m
[35m[HTTP][39m [90m[39m
[35m[HTTP][39m [37m-->[39m [37mGET[39m [37m/wd/hub/session/a546c99c-b40f-466a-bae4-9a973801ca6b[39m
[35m[HTTP][39m [90m{}[39m
[35m[HTTP][39m [37m<-- GET /wd/hub/session/a546c99c-b40f-466a-bae4-9a973801ca6b [39m[32m200[39m [90m3 ms - 1160[39m
[35m[HTTP][39m [90m[39m
[35m[HTTP][39m [37m-->[39m [37mGET[39m [37m/wd/hub/session/a546c99c-b40f-466a-bae4-9a973801ca6b/element/8/location[39m
[35m[HTTP][39m [90m{}[39m
[35m[HTTP][39m [37m<-- GET /wd/hub/session/a546c99c-b40f-466a-bae4-9a973801ca6b/element/8/location [39m[32m200[39m [90m1053 ms - 89[39m
[35m[HTTP][39m [90m[39m
[35m[HTTP][39m [37m-->[39m [37mGET[39m [37m/wd/hub/session/a546c99c-b40f-466a-bae4-9a973801ca6b/window/current/size[39m
[35m[HTTP][39m [90m{}[39m
[35m[HTTP][39m [37m<-- GET /wd/hub/session/a546c99c-b40f-466a-bae4-9a973801ca6b/window/current/size [39m[32m200[39m [90m10 ms - 99[39m
[35m[HTTP][39m [90m[39m
[35m[HTTP][39m [37m-->[39m [37mPOST[39m [37m/wd/hub/session/a546c99c-b40f-466a-bae4-9a973801ca6b/elements[39m
[35m[HTTP][39m [90m{"using":"-android uiautomator","value":"new UiSelector().description(\"pinCircleFocus\")"}[39m
[35m[HTTP][39m [37m<-- POST /wd/hub/session/a546c99c-b40f-466a-bae4-9a973801ca6b/elements [39m[32m200[39m [90m2895 ms - 89[39m
[35m[HTTP][39m [90m[39m
[35m[HTTP][39m [37m-->[39m [37mGET[39m [37m/wd/hub/session/a546c99c-b40f-466a-bae4-9a973801ca6b[39m
[35m[HTTP][39m [90m{}[39m
[35m[HTTP][39m [37m<-- GET /wd/hub/session/a546c99c-b40f-466a-bae4-9a973801ca6b [39m[32m200[39m [90m3 ms - 1160[39m
[35m[HTTP][39m [90m[39m
[35m[HTTP][39m [37m-->[39m [37mGET[39m [37m/wd/hub/session/a546c99c-b40f-466a-bae4-9a973801ca6b[39m
[35m[HTTP][39m [90m{}[39m
[35m[HTTP][39m [37m<-- GET /wd/hub/session/a546c99c-b40f-466a-bae4-9a973801ca6b [39m[32m200[39m [90m2 ms - 1160[39m
[35m[HTTP][39m [90m[39m
[35m[HTTP][39m [37m-->[39m [37mGET[39m [37m/wd/hub/session/a546c99c-b40f-466a-bae4-9a973801ca6b[39m
[35m[HTTP][39m [90m{}[39m
[35m[HTTP][39m [37m<-- GET /wd/hub/session/a546c99c-b40f-466a-bae4-9a973801ca6b [39m[32m200[39m [90m2 ms - 1160[39m
[35m[HTTP][39m [90m[39m
[35m[HTTP][39m [37m-->[39m [37mGET[39m [37m/wd/hub/session/a546c99c-b40f-466a-bae4-9a973801ca6b[39m
[35m[HTTP][39m [90m{}[39m
[35m[HTTP][39m [37m<-- GET /wd/hub/session/a546c99c-b40f-466a-bae4-9a973801ca6b [39m[32m200[39m [90m2 ms - 1160[39m
[35m[HTTP][39m [90m[39m
[35m[HTTP][39m [37m-->[39m [37mGET[39m [37m/wd/hub/session/a546c99c-b40f-466a-bae4-9a973801ca6b/element/9/location[39m
[35m[HTTP][39m [90m{}[39m
[35m[HTTP][39m [37m<-- GET /wd/hub/session/a546c99c-b40f-466a-bae4-9a973801ca6b/element/9/location [39m[32m200[39m [90m1529 ms - 89[39m
[35m[HTTP][39m [90m[39m
[35m[HTTP][39m [37m-->[39m [37mGET[39m [37m/wd/hub/session/a546c99c-b40f-466a-bae4-9a973801ca6b/element/9/attribute/name[39m
[35m[HTTP][39m [90m{}[39m
[35m[HTTP][39m [37m<-- GET /wd/hub/session/a546c99c-b40f-466a-bae4-9a973801ca6b/element/9/attribute/name [39m[32m200[39m [90m519 ms - 88[39m
[35m[HTTP][39m [90m[39m
[35m[HTTP][39m [37m-->[39m [37mGET[39m [37m/wd/hub/session/a546c99c-b40f-466a-bae4-9a973801ca6b/window/current/size[39m
[35m[HTTP][39m [90m{}[39m
[35m[HTTP][39m [37m<-- GET /wd/hub/session/a546c99c-b40f-466a-bae4-9a973801ca6b/window/current/size [39m[32m200[39m [90m16 ms - 99[39m
[35m[HTTP][39m [90m[39m
[35m[HTTP][39m [37m-->[39m [37mPOST[39m [37m/wd/hub/session/a546c99c-b40f-466a-bae4-9a973801ca6b/elements[39m
[35m[HTTP][39m [90m{"using":"-android uiautomator","value":"new UiSelector().description(\"pinCircleFocus\")"}[39m
[35m[HTTP][39m [37m<-- POST /wd/hub/session/a546c99c-b40f-466a-bae4-9a973801ca6b/elements [39m[32m200[39m [90m3006 ms - 90[39m
[35m[HTTP][39m [90m[39m
[35m[HTTP][39m [37m-->[39m [37mGET[39m [37m/wd/hub/session/a546c99c-b40f-466a-bae4-9a973801ca6b[39m
[35m[HTTP][39m [90m{}[39m
[35m[HTTP][39m [37m<-- GET /wd/hub/session/a546c99c-b40f-466a-bae4-9a973801ca6b [39m[32m200[39m [90m9 ms - 1160[39m
[35m[HTTP][39m [90m[39m
[35m[HTTP][39m [37m-->[39m [37mGET[39m [37m/wd/hub/session/a546c99c-b40f-466a-bae4-9a973801ca6b[39m
[35m[HTTP][39m [90m{}[39m
[35m[HTTP][39m [37m<-- GET /wd/hub/session/a546c99c-b40f-466a-bae4-9a973801ca6b [39m[32m200[39m [90m4 ms - 1160[39m
[35m[HTTP][39m [90m[39m
[35m[HTTP][39m [37m-->[39m [37mGET[39m [37m/wd/hub/session/a546c99c-b40f-466a-bae4-9a973801ca6b[39m
[35m[HTTP][39m [90m{}[39m
[35m[HTTP][39m [37m<-- GET /wd/hub/session/a546c99c-b40f-466a-bae4-9a973801ca6b [39m[32m200[39m [90m4 ms - 1160[39m
[35m[HTTP][39m [90m[39m
[35m[HTTP][39m [37m-->[39m [37mGET[39m [37m/wd/hub/session/a546c99c-b40f-466a-bae4-9a973801ca6b[39m
[35m[HTTP][39m [90m{}[39m
[35m[HTTP][39m [37m<-- GET /wd/hub/session/a546c99c-b40f-466a-bae4-9a973801ca6b [39m[32m200[39m [90m4 ms - 1160[39m
[35m[HTTP][39m [90m[39m
[35m[HTTP][39m [37m-->[39m [37mGET[39m [37m/wd/hub/session/a546c99c-b40f-466a-bae4-9a973801ca6b/element/10/location[39m
[35m[HTTP][39m [90m{}[39m
[35m[HTTP][39m [37m<-- GET /wd/hub/session/a546c99c-b40f-466a-bae4-9a973801ca6b/element/10/location [39m[32m200[39m [90m444 ms - 89[39m
[35m[HTTP][39m [90m[39m
[35m[HTTP][39m [37m-->[39m [37mPOST[39m [37m/wd/hub/session/a546c99c-b40f-466a-bae4-9a973801ca6b/touch/perform[39m
[35m[HTTP][39m [90m{"actions":[{"action":"tap","options":{"element":"10","x":1,"y":1}}]}[39m
[35m[HTTP][39m [37m<-- POST /wd/hub/session/a546c99c-b40f-466a-bae4-9a973801ca6b/touch/perform [39m[32m200[39m [90m1380 ms - 76[39m
[35m[HTTP][39m [90m[39m
[35m[HTTP][39m [37m-->[39m [37mGET[39m [37m/wd/hub/session/a546c99c-b40f-466a-bae4-9a973801ca6b/window/current/size[39m
[35m[HTTP][39m [90m{}[39m
[35m[HTTP][39m [37m<-- GET /wd/hub/session/a546c99c-b40f-466a-bae4-9a973801ca6b/window/current/size [39m[32m200[39m [90m15 ms - 99[39m
[35m[HTTP][39m [90m[39m
[35m[HTTP][39m [37m-->[39m [37mPOST[39m [37m/wd/hub/session/a546c99c-b40f-466a-bae4-9a973801ca6b/elements[39m
[35m[HTTP][39m [90m{"using":"-android uiautomator","value":"new UiSelector().description(\"pinCircleFocus\")"}[39m
[35m[HTTP][39m [37m<-- POST /wd/hub/session/a546c99c-b40f-466a-bae4-9a973801ca6b/elements [39m[32m200[39m [90m2731 ms - 90[39m
[35m[HTTP][39m [90m[39m
[35m[HTTP][39m [37m-->[39m [37mGET[39m [37m/wd/hub/session/a546c99c-b40f-466a-bae4-9a973801ca6b[39m
[35m[HTTP][39m [90m{}[39m
[35m[HTTP][39m [37m<-- GET /wd/hub/session/a546c99c-b40f-466a-bae4-9a973801ca6b [39m[32m200[39m [90m8 ms - 1160[39m
[35m[HTTP][39m [90m[39m
[35m[HTTP][39m [37m-->[39m [37mGET[39m [37m/wd/hub/session/a546c99c-b40f-466a-bae4-9a973801ca6b[39m
[35m[HTTP][39m [90m{}[39m
[35m[HTTP][39m [37m<-- GET /wd/hub/session/a546c99c-b40f-466a-bae4-9a973801ca6b [39m[32m200[39m [90m20 ms - 1160[39m
[35m[HTTP][39m [90m[39m
[35m[HTTP][39m [37m-->[39m [37mGET[39m [37m/wd/hub/session/a546c99c-b40f-466a-bae4-9a973801ca6b[39m
[35m[HTTP][39m [90m{}[39m
[35m[HTTP][39m [37m<-- GET /wd/hub/session/a546c99c-b40f-466a-bae4-9a973801ca6b [39m[32m200[39m [90m10 ms - 1160[39m
[35m[HTTP][39m [90m[39m
[35m[HTTP][39m [37m-->[39m [37mGET[39m [37m/wd/hub/session/a546c99c-b40f-466a-bae4-9a973801ca6b[39m
[35m[HTTP][39m [90m{}[39m
[35m[HTTP][39m [37m<-- GET /wd/hub/session/a546c99c-b40f-466a-bae4-9a973801ca6b [39m[32m200[39m [90m4 ms - 1160[39m
[35m[HTTP][39m [90m[39m
[35m[HTTP][39m [37m-->[39m [37mGET[39m [37m/wd/hub/session/a546c99c-b40f-466a-bae4-9a973801ca6b/element/11/location[39m
[35m[HTTP][39m [90m{}[39m
[35m[HTTP][39m [37m<-- GET /wd/hub/session/a546c99c-b40f-466a-bae4-9a973801ca6b/element/11/location [39m[32m200[39m [90m439 ms - 89[39m
[35m[HTTP][39m [90m[39m
[35m[HTTP][39m [37m-->[39m [37mPOST[39m [37m/wd/hub/session/a546c99c-b40f-466a-bae4-9a973801ca6b/element/11/clear[39m
[35m[HTTP][39m [90m{"id":"11"}[39m
[35m[HTTP][39m [37m<-- POST /wd/hub/session/a546c99c-b40f-466a-bae4-9a973801ca6b/element/11/clear [39m[32m200[39m [90m4596 ms - 76[39m
[35m[HTTP][39m [90m[39m
[35m[HTTP][39m [37m-->[39m [37mPOST[39m [37m/wd/hub/session/a546c99c-b40f-466a-bae4-9a973801ca6b/element/11/value[39m
[35m[HTTP][39m [90m{"id":"11","value":["123456"]}[39m
[35m[HTTP][39m [37m<-- POST /wd/hub/session/a546c99c-b40f-466a-bae4-9a973801ca6b/element/11/value [39m[32m200[39m [90m9624 ms - 76[39m
[35m[HTTP][39m [90m[39m
[35m[HTTP][39m [37m-->[39m [37mGET[39m [37m/wd/hub/session/a546c99c-b40f-466a-bae4-9a973801ca6b/window/current/size[39m
[35m[HTTP][39m [90m{}[39m
[35m[HTTP][39m [37m<-- GET /wd/hub/session/a546c99c-b40f-466a-bae4-9a973801ca6b/window/current/size [39m[32m200[39m [90m14 ms - 99[39m
[35m[HTTP][39m [90m[39m
[35m[HTTP][39m [37m-->[39m [37mPOST[39m [37m/wd/hub/session/a546c99c-b40f-466a-bae4-9a973801ca6b/elements[39m
[35m[HTTP][39m [90m{"using":"-android uiautomator","value":"new UiSelector().description(\"headerBar_button_hamburgerMenu\")"}[39m
[35m[HTTP][39m [37m<-- POST /wd/hub/session/a546c99c-b40f-466a-bae4-9a973801ca6b/elements [39m[32m200[39m [90m5293 ms - 90[39m
[35m[HTTP][39m [90m[39m
[35m[HTTP][39m [37m-->[39m [37mGET[39m [37m/wd/hub/session/a546c99c-b40f-466a-bae4-9a973801ca6b[39m
[35m[HTTP][39m [90m{}[39m
[35m[HTTP][39m [37m<-- GET /wd/hub/session/a546c99c-b40f-466a-bae4-9a973801ca6b [39m[32m200[39m [90m8 ms - 1160[39m
[35m[HTTP][39m [90m[39m
[35m[HTTP][39m [37m-->[39m [37mGET[39m [37m/wd/hub/session/a546c99c-b40f-466a-bae4-9a973801ca6b[39m
[35m[HTTP][39m [90m{}[39m
[35m[HTTP][39m [37m<-- GET /wd/hub/session/a546c99c-b40f-466a-bae4-9a973801ca6b [39m[32m200[39m [90m5 ms - 1160[39m
[35m[HTTP][39m [90m[39m
[35m[HTTP][39m [37m-->[39m [37mGET[39m [37m/wd/hub/session/a546c99c-b40f-466a-bae4-9a973801ca6b[39m
[35m[HTTP][39m [90m{}[39m
[35m[HTTP][39m [37m<-- GET /wd/hub/session/a546c99c-b40f-466a-bae4-9a973801ca6b [39m[32m200[39m [90m4 ms - 1160[39m
[35m[HTTP][39m [90m[39m
[35m[HTTP][39m [37m-->[39m [37mGET[39m [37m/wd/hub/session/a546c99c-b40f-466a-bae4-9a973801ca6b[39m
[35m[HTTP][39m [90m{}[39m
[35m[HTTP][39m [37m<-- GET /wd/hub/session/a546c99c-b40f-466a-bae4-9a973801ca6b [39m[32m200[39m [90m5 ms - 1160[39m
[35m[HTTP][39m [90m[39m
[35m[HTTP][39m [37m-->[39m [37mGET[39m [37m/wd/hub/session/a546c99c-b40f-466a-bae4-9a973801ca6b/element/12/location[39m
[35m[HTTP][39m [90m{}[39m
[35m[HTTP][39m [37m<-- GET /wd/hub/session/a546c99c-b40f-466a-bae4-9a973801ca6b/element/12/location [39m[32m200[39m [90m1405 ms - 87[39m
[35m[HTTP][39m [90m[39m
[35m[HTTP][39m [37m-->[39m [37mGET[39m [37m/wd/hub/session/a546c99c-b40f-466a-bae4-9a973801ca6b/window/current/size[39m
[35m[HTTP][39m [90m{}[39m
[35m[HTTP][39m [37m<-- GET /wd/hub/session/a546c99c-b40f-466a-bae4-9a973801ca6b/window/current/size [39m[32m200[39m [90m14 ms - 99[39m
[35m[HTTP][39m [90m[39m
[35m[HTTP][39m [37m-->[39m [37mPOST[39m [37m/wd/hub/session/a546c99c-b40f-466a-bae4-9a973801ca6b/elements[39m
[35m[HTTP][39m [90m{"using":"-android uiautomator","value":"new UiSelector().description(\"headerBar_button_hamburgerMenu\")"}[39m
[35m[HTTP][39m [37m<-- POST /wd/hub/session/a546c99c-b40f-466a-bae4-9a973801ca6b/elements [39m[32m200[39m [90m2096 ms - 90[39m
[35m[HTTP][39m [90m[39m
[35m[HTTP][39m [37m-->[39m [37mGET[39m [37m/wd/hub/session/a546c99c-b40f-466a-bae4-9a973801ca6b[39m
[35m[HTTP][39m [90m{}[39m
[35m[HTTP][39m [37m<-- GET /wd/hub/session/a546c99c-b40f-466a-bae4-9a973801ca6b [39m[32m200[39m [90m8 ms - 1160[39m
[35m[HTTP][39m [90m[39m
[35m[HTTP][39m [37m-->[39m [37mGET[39m [37m/wd/hub/session/a546c99c-b40f-466a-bae4-9a973801ca6b[39m
[35m[HTTP][39m [90m{}[39m
[35m[HTTP][39m [37m<-- GET /wd/hub/session/a546c99c-b40f-466a-bae4-9a973801ca6b [39m[32m200[39m [90m7 ms - 1160[39m
[35m[HTTP][39m [90m[39m
[35m[HTTP][39m [37m-->[39m [37mGET[39m [37m/wd/hub/session/a546c99c-b40f-466a-bae4-9a973801ca6b[39m
[35m[HTTP][39m [90m{}[39m
[35m[HTTP][39m [37m<-- GET /wd/hub/session/a546c99c-b40f-466a-bae4-9a973801ca6b [39m[32m200[39m [90m8 ms - 1160[39m
[35m[HTTP][39m [90m[39m
[35m[HTTP][39m [37m-->[39m [37mGET[39m [37m/wd/hub/session/a546c99c-b40f-466a-bae4-9a973801ca6b[39m
[35m[HTTP][39m [90m{}[39m
[35m[HTTP][39m [37m<-- GET /wd/hub/session/a546c99c-b40f-466a-bae4-9a973801ca6b [39m[32m200[39m [90m8 ms - 1160[39m
[35m[HTTP][39m [90m[39m
[35m[HTTP][39m [37m-->[39m [37mGET[39m [37m/wd/hub/session/a546c99c-b40f-466a-bae4-9a973801ca6b/element/13/location[39m
[35m[HTTP][39m [90m{}[39m
[35m[HTTP][39m [37m<-- GET /wd/hub/session/a546c99c-b40f-466a-bae4-9a973801ca6b/element/13/location [39m[32m200[39m [90m472 ms - 87[39m
[35m[HTTP][39m [90m[39m
[35m[HTTP][39m [37m-->[39m [37mGET[39m [37m/wd/hub/session/a546c99c-b40f-466a-bae4-9a973801ca6b/element/13/attribute/name[39m
[35m[HTTP][39m [90m{}[39m
[35m[HTTP][39m [37m<-- GET /wd/hub/session/a546c99c-b40f-466a-bae4-9a973801ca6b/element/13/attribute/name [39m[32m200[39m [90m1371 ms - 104[39m
[35m[HTTP][39m [90m[39m
[35m[HTTP][39m [37m-->[39m [37mGET[39m [37m/wd/hub/session/a546c99c-b40f-466a-bae4-9a973801ca6b/window/current/size[39m
[35m[HTTP][39m [90m{}[39m
[35m[HTTP][39m [37m<-- GET /wd/hub/session/a546c99c-b40f-466a-bae4-9a973801ca6b/window/current/size [39m[32m200[39m [90m24 ms - 99[39m
[35m[HTTP][39m [90m[39m
[35m[HTTP][39m [37m-->[39m [37mPOST[39m [37m/wd/hub/session/a546c99c-b40f-466a-bae4-9a973801ca6b/elements[39m
[35m[HTTP][39m [90m{"using":"-android uiautomator","value":"new UiSelector().description(\"headerBar_button_hamburgerMenu\")"}[39m
[35m[HTTP][39m [37m<-- POST /wd/hub/session/a546c99c-b40f-466a-bae4-9a973801ca6b/elements [39m[32m200[39m [90m2053 ms - 90[39m
[35m[HTTP][39m [90m[39m
[35m[HTTP][39m [37m-->[39m [37mGET[39m [37m/wd/hub/session/a546c99c-b40f-466a-bae4-9a973801ca6b[39m
[35m[HTTP][39m [90m{}[39m
[35m[HTTP][39m [37m<-- GET /wd/hub/session/a546c99c-b40f-466a-bae4-9a973801ca6b [39m[32m200[39m [90m10 ms - 1160[39m
[35m[HTTP][39m [90m[39m
[35m[HTTP][39m [37m-->[39m [37mGET[39m [37m/wd/hub/session/a546c99c-b40f-466a-bae4-9a973801ca6b[39m
[35m[HTTP][39m [90m{}[39m
[35m[HTTP][39m [37m<-- GET /wd/hub/session/a546c99c-b40f-466a-bae4-9a973801ca6b [39m[32m200[39m [90m11 ms - 1160[39m
[35m[HTTP][39m [90m[39m
[35m[HTTP][39m [37m-->[39m [37mGET[39m [37m/wd/hub/session/a546c99c-b40f-466a-bae4-9a973801ca6b[39m
[35m[HTTP][39m [90m{}[39m
[35m[HTTP][39m [37m<-- GET /wd/hub/session/a546c99c-b40f-466a-bae4-9a973801ca6b [39m[32m200[39m [90m9 ms - 1160[39m
[35m[HTTP][39m [90m[39m
[35m[HTTP][39m [37m-->[39m [37mGET[39m [37m/wd/hub/session/a546c99c-b40f-466a-bae4-9a973801ca6b[39m
[35m[HTTP][39m [90m{}[39m
[35m[HTTP][39m [37m<-- GET /wd/hub/session/a546c99c-b40f-466a-bae4-9a973801ca6b [39m[32m200[39m [90m9 ms - 1160[39m
[35m[HTTP][39m [90m[39m
[35m[HTTP][39m [37m-->[39m [37mGET[39m [37m/wd/hub/session/a546c99c-b40f-466a-bae4-9a973801ca6b/element/14/location[39m
[35m[HTTP][39m [90m{}[39m
[35m[HTTP][39m [37m<-- GET /wd/hub/session/a546c99c-b40f-466a-bae4-9a973801ca6b/element/14/location [39m[32m200[39m [90m477 ms - 87[39m
[35m[HTTP][39m [90m[39m
[35m[HTTP][39m [37m-->[39m [37mPOST[39m [37m/wd/hub/session/a546c99c-b40f-466a-bae4-9a973801ca6b/touch/perform[39m
[35m[HTTP][39m [90m{"actions":[{"action":"tap","options":{"element":"14","x":1,"y":1}}]}[39m
[35m[HTTP][39m [37m<-- POST /wd/hub/session/a546c99c-b40f-466a-bae4-9a973801ca6b/touch/perform [39m[32m200[39m [90m2579 ms - 76[39m
[35m[HTTP][39m [90m[39m
[35m[HTTP][39m [37m-->[39m [37mGET[39m [37m/wd/hub/session/a546c99c-b40f-466a-bae4-9a973801ca6b/window/current/size[39m
[35m[HTTP][39m [90m{}[39m
[35m[HTTP][39m [37m<-- GET /wd/hub/session/a546c99c-b40f-466a-bae4-9a973801ca6b/window/current/size [39m[32m200[39m [90m16 ms - 99[39m
[35m[HTTP][39m [90m[39m
[35m[HTTP][39m [37m-->[39m [37mPOST[39m [37m/wd/hub/session/a546c99c-b40f-466a-bae4-9a973801ca6b/elements[39m
[35m[HTTP][39m [90m{"using":"-android uiautomator","value":"new UiSelector().description(\"produkMenuItem\")"}[39m
[35m[HTTP][39m [37m<-- POST /wd/hub/session/a546c99c-b40f-466a-bae4-9a973801ca6b/elements [39m[32m200[39m [90m8954 ms - 107[39m
[35m[HTTP][39m [90m[39m
[35m[HTTP][39m [37m-->[39m [37mGET[39m [37m/wd/hub/session/a546c99c-b40f-466a-bae4-9a973801ca6b[39m
[35m[HTTP][39m [90m{}[39m
[35m[HTTP][39m [37m<-- GET /wd/hub/session/a546c99c-b40f-466a-bae4-9a973801ca6b [39m[32m200[39m [90m3 ms - 1160[39m
[35m[HTTP][39m [90m[39m
[35m[HTTP][39m [37m-->[39m [37mGET[39m [37m/wd/hub/session/a546c99c-b40f-466a-bae4-9a973801ca6b[39m
[35m[HTTP][39m [90m{}[39m
[35m[HTTP][39m [37m<-- GET /wd/hub/session/a546c99c-b40f-466a-bae4-9a973801ca6b [39m[32m200[39m [90m4 ms - 1160[39m
[35m[HTTP][39m [90m[39m
[35m[HTTP][39m [37m-->[39m [37mGET[39m [37m/wd/hub/session/a546c99c-b40f-466a-bae4-9a973801ca6b[39m
[35m[HTTP][39m [90m{}[39m
[35m[HTTP][39m [37m<-- GET /wd/hub/session/a546c99c-b40f-466a-bae4-9a973801ca6b [39m[32m200[39m [90m3 ms - 1160[39m
[35m[HTTP][39m [90m[39m
[35m[HTTP][39m [37m-->[39m [37mGET[39m [37m/wd/hub/session/a546c99c-b40f-466a-bae4-9a973801ca6b[39m
[35m[HTTP][39m [90m{}[39m
[35m[HTTP][39m [37m<-- GET /wd/hub/session/a546c99c-b40f-466a-bae4-9a973801ca6b [39m[32m200[39m [90m4 ms - 1160[39m
[35m[HTTP][39m [90m[39m
[35m[HTTP][39m [37m-->[39m [37mGET[39m [37m/wd/hub/session/a546c99c-b40f-466a-bae4-9a973801ca6b[39m
[35m[HTTP][39m [90m{}[39m
[35m[HTTP][39m [37m<-- GET /wd/hub/session/a546c99c-b40f-466a-bae4-9a973801ca6b [39m[32m200[39m [90m3 ms - 1160[39m
[35m[HTTP][39m [90m[39m
[35m[HTTP][39m [37m-->[39m [37mGET[39m [37m/wd/hub/session/a546c99c-b40f-466a-bae4-9a973801ca6b[39m
[35m[HTTP][39m [90m{}[39m
[35m[HTTP][39m [37m<-- GET /wd/hub/session/a546c99c-b40f-466a-bae4-9a973801ca6b [39m[32m200[39m [90m6 ms - 1160[39m
[35m[HTTP][39m [90m[39m
[35m[HTTP][39m [37m-->[39m [37mGET[39m [37m/wd/hub/session/a546c99c-b40f-466a-bae4-9a973801ca6b[39m
[35m[HTTP][39m [90m{}[39m
[35m[HTTP][39m [37m<-- GET /wd/hub/session/a546c99c-b40f-466a-bae4-9a973801ca6b [39m[32m200[39m [90m3 ms - 1160[39m
[35m[HTTP][39m [90m[39m
[35m[HTTP][39m [37m-->[39m [37mGET[39m [37m/wd/hub/session/a546c99c-b40f-466a-bae4-9a973801ca6b[39m
[35m[HTTP][39m [90m{}[39m
[35m[HTTP][39m [37m<-- GET /wd/hub/session/a546c99c-b40f-466a-bae4-9a973801ca6b [39m[32m200[39m [90m3 ms - 1160[39m
[35m[HTTP][39m [90m[39m
[35m[HTTP][39m [37m-->[39m [37mGET[39m [37m/wd/hub/session/a546c99c-b40f-466a-bae4-9a973801ca6b/element/15/location[39m
[35m[HTTP][39m [90m{}[39m
[35m[HTTP][39m [37m<-- GET /wd/hub/session/a546c99c-b40f-466a-bae4-9a973801ca6b/element/15/location [39m[32m200[39m [90m434 ms - 87[39m
[35m[HTTP][39m [90m[39m
[35m[HTTP][39m [37m-->[39m [37mGET[39m [37m/wd/hub/session/a546c99c-b40f-466a-bae4-9a973801ca6b/window/current/size[39m
[35m[HTTP][39m [90m{}[39m
[35m[HTTP][39m [37m<-- GET /wd/hub/session/a546c99c-b40f-466a-bae4-9a973801ca6b/window/current/size [39m[32m200[39m [90m12 ms - 99[39m
[35m[HTTP][39m [90m[39m
[35m[HTTP][39m [37m-->[39m [37mPOST[39m [37m/wd/hub/session/a546c99c-b40f-466a-bae4-9a973801ca6b/elements[39m
[35m[HTTP][39m [90m{"using":"-android uiautomator","value":"new UiSelector().description(\"produkMenuItem\")"}[39m
[35m[HTTP][39m [37m<-- POST /wd/hub/session/a546c99c-b40f-466a-bae4-9a973801ca6b/elements [39m[32m200[39m [90m8043 ms - 107[39m
[35m[HTTP][39m [90m[39m
[35m[HTTP][39m [37m-->[39m [37mGET[39m [37m/wd/hub/session/a546c99c-b40f-466a-bae4-9a973801ca6b[39m
[35m[HTTP][39m [90m{}[39m
[35m[HTTP][39m [37m<-- GET /wd/hub/session/a546c99c-b40f-466a-bae4-9a973801ca6b [39m[32m200[39m [90m7 ms - 1160[39m
[35m[HTTP][39m [90m[39m
[35m[HTTP][39m [37m-->[39m [37mGET[39m [37m/wd/hub/session/a546c99c-b40f-466a-bae4-9a973801ca6b[39m
[35m[HTTP][39m [90m{}[39m
[35m[HTTP][39m [37m<-- GET /wd/hub/session/a546c99c-b40f-466a-bae4-9a973801ca6b [39m[32m200[39m [90m7 ms - 1160[39m
[35m[HTTP][39m [90m[39m
[35m[HTTP][39m [37m-->[39m [37mGET[39m [37m/wd/hub/session/a546c99c-b40f-466a-bae4-9a973801ca6b[39m
[35m[HTTP][39m [90m{}[39m
[35m[HTTP][39m [37m<-- GET /wd/hub/session/a546c99c-b40f-466a-bae4-9a973801ca6b [39m[32m200[39m [90m5 ms - 1160[39m
[35m[HTTP][39m [90m[39m
[35m[HTTP][39m [37m-->[39m [37mGET[39m [37m/wd/hub/session/a546c99c-b40f-466a-bae4-9a973801ca6b[39m
[35m[HTTP][39m [90m{}[39m
[35m[HTTP][39m [37m<-- GET /wd/hub/session/a546c99c-b40f-466a-bae4-9a973801ca6b [39m[32m200[39m [90m7 ms - 1160[39m
[35m[HTTP][39m [90m[39m
[35m[HTTP][39m [37m-->[39m [37mGET[39m [37m/wd/hub/session/a546c99c-b40f-466a-bae4-9a973801ca6b[39m
[35m[HTTP][39m [90m{}[39m
[35m[HTTP][39m [37m<-- GET /wd/hub/session/a546c99c-b40f-466a-bae4-9a973801ca6b [39m[32m200[39m [90m4 ms - 1160[39m
[35m[HTTP][39m [90m[39m
[35m[HTTP][39m [37m-->[39m [37mGET[39m [37m/wd/hub/session/a546c99c-b40f-466a-bae4-9a973801ca6b[39m
[35m[HTTP][39m [90m{}[39m
[35m[HTTP][39m [37m<-- GET /wd/hub/session/a546c99c-b40f-466a-bae4-9a973801ca6b [39m[32m200[39m [90m5 ms - 1160[39m
[35m[HTTP][39m [90m[39m
[35m[HTTP][39m [37m-->[39m [37mGET[39m [37m/wd/hub/session/a546c99c-b40f-466a-bae4-9a973801ca6b[39m
[35m[HTTP][39m [90m{}[39m
[35m[HTTP][39m [37m<-- GET /wd/hub/session/a546c99c-b40f-466a-bae4-9a973801ca6b [39m[32m200[39m [90m7 ms - 1160[39m
[35m[HTTP][39m [90m[39m
[35m[HTTP][39m [37m-->[39m [37mGET[39m [37m/wd/hub/session/a546c99c-b40f-466a-bae4-9a973801ca6b[39m
[35m[HTTP][39m [90m{}[39m
[35m[HTTP][39m [37m<-- GET /wd/hub/session/a546c99c-b40f-466a-bae4-9a973801ca6b [39m[32m200[39m [90m4 ms - 1160[39m
[35m[HTTP][39m [90m[39m
[35m[HTTP][39m [37m-->[39m [37mGET[39m [37m/wd/hub/session/a546c99c-b40f-466a-bae4-9a973801ca6b/element/17/location[39m
[35m[HTTP][39m [90m{}[39m
[35m[HTTP][39m [37m<-- GET /wd/hub/session/a546c99c-b40f-466a-bae4-9a973801ca6b/element/17/location [39m[32m200[39m [90m1281 ms - 87[39m
[35m[HTTP][39m [90m[39m
[35m[HTTP][39m [37m-->[39m [37mGET[39m [37m/wd/hub/session/a546c99c-b40f-466a-bae4-9a973801ca6b/element/17/attribute/name[39m
[35m[HTTP][39m [90m{}[39m
[35m[HTTP][39m [37m<-- GET /wd/hub/session/a546c99c-b40f-466a-bae4-9a973801ca6b/element/17/attribute/name [39m[32m200[39m [90m1094 ms - 88[39m
[35m[HTTP][39m [90m[39m
[35m[HTTP][39m [37m-->[39m [37mGET[39m [37m/wd/hub/session/a546c99c-b40f-466a-bae4-9a973801ca6b/window/current/size[39m
[35m[HTTP][39m [90m{}[39m
[35m[HTTP][39m [37m<-- GET /wd/hub/session/a546c99c-b40f-466a-bae4-9a973801ca6b/window/current/size [39m[32m200[39m [90m12 ms - 99[39m
[35m[HTTP][39m [90m[39m
[35m[HTTP][39m [37m-->[39m [37mPOST[39m [37m/wd/hub/session/a546c99c-b40f-466a-bae4-9a973801ca6b/elements[39m
[35m[HTTP][39m [90m{"using":"-android uiautomator","value":"new UiSelector().description(\"produkMenuItem\")"}[39m
[35m[HTTP][39m [37m<-- POST /wd/hub/session/a546c99c-b40f-466a-bae4-9a973801ca6b/elements [39m[32m200[39m [90m3989 ms - 107[39m
[35m[HTTP][39m [90m[39m
[35m[HTTP][39m [37m-->[39m [37mGET[39m [37m/wd/hub/session/a546c99c-b40f-466a-bae4-9a973801ca6b[39m
[35m[HTTP][39m [90m{}[39m
[35m[HTTP][39m [37m<-- GET /wd/hub/session/a546c99c-b40f-466a-bae4-9a973801ca6b [39m[32m200[39m [90m9 ms - 1160[39m
[35m[HTTP][39m [90m[39m
[35m[HTTP][39m [37m-->[39m [37mGET[39m [37m/wd/hub/session/a546c99c-b40f-466a-bae4-9a973801ca6b[39m
[35m[HTTP][39m [90m{}[39m
[35m[HTTP][39m [37m<-- GET /wd/hub/session/a546c99c-b40f-466a-bae4-9a973801ca6b [39m[32m200[39m [90m9 ms - 1160[39m
[35m[HTTP][39m [90m[39m
[35m[HTTP][39m [37m-->[39m [37mGET[39m [37m/wd/hub/session/a546c99c-b40f-466a-bae4-9a973801ca6b[39m
[35m[HTTP][39m [90m{}[39m
[35m[HTTP][39m [37m<-- GET /wd/hub/session/a546c99c-b40f-466a-bae4-9a973801ca6b [39m[32m200[39m [90m6 ms - 1160[39m
[35m[HTTP][39m [90m[39m
[35m[HTTP][39m [37m-->[39m [37mGET[39m [37m/wd/hub/session/a546c99c-b40f-466a-bae4-9a973801ca6b[39m
[35m[HTTP][39m [90m{}[39m
[35m[HTTP][39m [37m<-- GET /wd/hub/session/a546c99c-b40f-466a-bae4-9a973801ca6b [39m[32m200[39m [90m5 ms - 1160[39m
[35m[HTTP][39m [90m[39m
[35m[HTTP][39m [37m-->[39m [37mGET[39m [37m/wd/hub/session/a546c99c-b40f-466a-bae4-9a973801ca6b[39m
[35m[HTTP][39m [90m{}[39m
[35m[HTTP][39m [37m<-- GET /wd/hub/session/a546c99c-b40f-466a-bae4-9a973801ca6b [39m[32m200[39m [90m4 ms - 1160[39m
[35m[HTTP][39m [90m[39m
[35m[HTTP][39m [37m-->[39m [37mGET[39m [37m/wd/hub/session/a546c99c-b40f-466a-bae4-9a973801ca6b[39m
[35m[HTTP][39m [90m{}[39m
[35m[HTTP][39m [37m<-- GET /wd/hub/session/a546c99c-b40f-466a-bae4-9a973801ca6b [39m[32m200[39m [90m3 ms - 1160[39m
[35m[HTTP][39m [90m[39m
[35m[HTTP][39m [37m-->[39m [37mGET[39m [37m/wd/hub/session/a546c99c-b40f-466a-bae4-9a973801ca6b[39m
[35m[HTTP][39m [90m{}[39m
[35m[HTTP][39m [37m<-- GET /wd/hub/session/a546c99c-b40f-466a-bae4-9a973801ca6b [39m[32m200[39m [90m3 ms - 1160[39m
[35m[HTTP][39m [90m[39m
[35m[HTTP][39m [37m-->[39m [37mGET[39m [37m/wd/hub/session/a546c99c-b40f-466a-bae4-9a973801ca6b[39m
[35m[HTTP][39m [90m{}[39m
[35m[HTTP][39m [37m<-- GET /wd/hub/session/a546c99c-b40f-466a-bae4-9a973801ca6b [39m[32m200[39m [90m3 ms - 1160[39m
[35m[HTTP][39m [90m[39m
[35m[HTTP][39m [37m-->[39m [37mGET[39m [37m/wd/hub/session/a546c99c-b40f-466a-bae4-9a973801ca6b/element/19/location[39m
[35m[HTTP][39m [90m{}[39m
[35m[HTTP][39m [37m<-- GET /wd/hub/session/a546c99c-b40f-466a-bae4-9a973801ca6b/element/19/location [39m[32m200[39m [90m894 ms - 87[39m
[35m[HTTP][39m [90m[39m
[35m[HTTP][39m [37m-->[39m [37mPOST[39m [37m/wd/hub/session/a546c99c-b40f-466a-bae4-9a973801ca6b/touch/perform[39m
[35m[HTTP][39m [90m{"actions":[{"action":"tap","options":{"element":"19","x":1,"y":1}}]}[39m
[35m[HTTP][39m [37m<-- POST /wd/hub/session/a546c99c-b40f-466a-bae4-9a973801ca6b/touch/perform [39m[32m200[39m [90m2078 ms - 76[39m
[35m[HTTP][39m [90m[39m
[35m[HTTP][39m [37m-->[39m [37mGET[39m [37m/wd/hub/session/a546c99c-b40f-466a-bae4-9a973801ca6b/window/current/size[39m
[35m[HTTP][39m [90m{}[39m
[35m[HTTP][39m [37m<-- GET /wd/hub/session/a546c99c-b40f-466a-bae4-9a973801ca6b/window/current/size [39m[32m200[39m [90m27 ms - 99[39m
[35m[HTTP][39m [90m[39m
[35m[HTTP][39m [37m-->[39m [37mPOST[39m [37m/wd/hub/session/a546c99c-b40f-466a-bae4-9a973801ca6b/elements[39m
[35m[HTTP][39m [90m{"using":"-android uiautomator","value":"new UiSelector().description(\"headerBar_text_headerTitle\").text(\"Produk\")"}[39m
[35m[HTTP][39m [37m<-- POST /wd/hub/session/a546c99c-b40f-466a-bae4-9a973801ca6b/elements [39m[32m200[39m [90m5978 ms - 90[39m
[35m[HTTP][39m [90m[39m
[35m[HTTP][39m [37m-->[39m [37mGET[39m [37m/wd/hub/session/a546c99c-b40f-466a-bae4-9a973801ca6b[39m
[35m[HTTP][39m [90m{}[39m
[35m[HTTP][39m [37m<-- GET /wd/hub/session/a546c99c-b40f-466a-bae4-9a973801ca6b [39m[32m200[39m [90m2 ms - 1160[39m
[35m[HTTP][39m [90m[39m
[35m[HTTP][39m [37m-->[39m [37mGET[39m [37m/wd/hub/session/a546c99c-b40f-466a-bae4-9a973801ca6b[39m
[35m[HTTP][39m [90m{}[39m
[35m[HTTP][39m [37m<-- GET /wd/hub/session/a546c99c-b40f-466a-bae4-9a973801ca6b [39m[32m200[39m [90m1 ms - 1160[39m
[35m[HTTP][39m [90m[39m
[35m[HTTP][39m [37m-->[39m [37mGET[39m [37m/wd/hub/session/a546c99c-b40f-466a-bae4-9a973801ca6b[39m
[35m[HTTP][39m [90m{}[39m
[35m[HTTP][39m [37m<-- GET /wd/hub/session/a546c99c-b40f-466a-bae4-9a973801ca6b [39m[32m200[39m [90m2 ms - 1160[39m
[35m[HTTP][39m [90m[39m
[35m[HTTP][39m [37m-->[39m [37mGET[39m [37m/wd/hub/session/a546c99c-b40f-466a-bae4-9a973801ca6b[39m
[35m[HTTP][39m [90m{}[39m
[35m[HTTP][39m [37m<-- GET /wd/hub/session/a546c99c-b40f-466a-bae4-9a973801ca6b [39m[32m200[39m [90m2 ms - 1160[39m
[35m[HTTP][39m [90m[39m
[35m[HTTP][39m [37m-->[39m [37mGET[39m [37m/wd/hub/session/a546c99c-b40f-466a-bae4-9a973801ca6b/element/21/location[39m
[35m[HTTP][39m [90m{}[39m
[35m[HTTP][39m [37m<-- GET /wd/hub/session/a546c99c-b40f-466a-bae4-9a973801ca6b/element/21/location [39m[32m200[39m [90m504 ms - 88[39m
[35m[HTTP][39m [90m[39m
[35m[HTTP][39m [37m-->[39m [37mGET[39m [37m/wd/hub/session/a546c99c-b40f-466a-bae4-9a973801ca6b/element/21/displayed[39m
[35m[HTTP][39m [90m{}[39m
[35m[HTTP][39m [37m<-- GET /wd/hub/session/a546c99c-b40f-466a-bae4-9a973801ca6b/element/21/displayed [39m[32m200[39m [90m1371 ms - 76[39m
[35m[HTTP][39m [90m[39m
[35m[HTTP][39m [37m-->[39m [37mGET[39m [37m/wd/hub/session/a546c99c-b40f-466a-bae4-9a973801ca6b/window/current/size[39m
[35m[HTTP][39m [90m{}[39m
[35m[HTTP][39m [37m<-- GET /wd/hub/session/a546c99c-b40f-466a-bae4-9a973801ca6b/window/current/size [39m[32m200[39m [90m14 ms - 99[39m
[35m[HTTP][39m [90m[39m
[35m[HTTP][39m [37m-->[39m [37mPOST[39m [37m/wd/hub/session/a546c99c-b40f-466a-bae4-9a973801ca6b/elements[39m
[35m[HTTP][39m [90m{"using":"-android uiautomator","value":"new UiSelector().description(\"productListComponent_textInput_search\")"}[39m
[35m[HTTP][39m [37m<-- POST /wd/hub/session/a546c99c-b40f-466a-bae4-9a973801ca6b/elements [39m[32m200[39m [90m5616 ms - 90[39m
[35m[HTTP][39m [90m[39m
[35m[HTTP][39m [37m-->[39m [37mGET[39m [37m/wd/hub/session/a546c99c-b40f-466a-bae4-9a973801ca6b[39m
[35m[HTTP][39m [90m{}[39m
[35m[HTTP][39m [37m<-- GET /wd/hub/session/a546c99c-b40f-466a-bae4-9a973801ca6b [39m[32m200[39m [90m5 ms - 1160[39m
[35m[HTTP][39m [90m[39m
[35m[HTTP][39m [37m-->[39m [37mGET[39m [37m/wd/hub/session/a546c99c-b40f-466a-bae4-9a973801ca6b[39m
[35m[HTTP][39m [90m{}[39m
[35m[HTTP][39m [37m<-- GET /wd/hub/session/a546c99c-b40f-466a-bae4-9a973801ca6b [39m[32m200[39m [90m5 ms - 1160[39m
[35m[HTTP][39m [90m[39m
[35m[HTTP][39m [37m-->[39m [37mGET[39m [37m/wd/hub/session/a546c99c-b40f-466a-bae4-9a973801ca6b[39m
[35m[HTTP][39m [90m{}[39m
[35m[HTTP][39m [37m<-- GET /wd/hub/session/a546c99c-b40f-466a-bae4-9a973801ca6b [39m[32m200[39m [90m5 ms - 1160[39m
[35m[HTTP][39m [90m[39m
[35m[HTTP][39m [37m-->[39m [37mGET[39m [37m/wd/hub/session/a546c99c-b40f-466a-bae4-9a973801ca6b[39m
[35m[HTTP][39m [90m{}[39m
[35m[HTTP][39m [37m<-- GET /wd/hub/session/a546c99c-b40f-466a-bae4-9a973801ca6b [39m[32m200[39m [90m2 ms - 1160[39m
[35m[HTTP][39m [90m[39m
[35m[HTTP][39m [37m-->[39m [37mGET[39m [37m/wd/hub/session/a546c99c-b40f-466a-bae4-9a973801ca6b/element/22/location[39m
[35m[HTTP][39m [90m{}[39m
[35m[HTTP][39m [37m<-- GET /wd/hub/session/a546c99c-b40f-466a-bae4-9a973801ca6b/element/22/location [39m[32m200[39m [90m480 ms - 88[39m
[35m[HTTP][39m [90m[39m
[35m[HTTP][39m [37m-->[39m [37mGET[39m [37m/wd/hub/session/a546c99c-b40f-466a-bae4-9a973801ca6b/window/current/size[39m
[35m[HTTP][39m [90m{}[39m
[35m[HTTP][39m [37m<-- GET /wd/hub/session/a546c99c-b40f-466a-bae4-9a973801ca6b/window/current/size [39m[32m200[39m [90m14 ms - 99[39m
[35m[HTTP][39m [90m[39m
[35m[HTTP][39m [37m-->[39m [37mPOST[39m [37m/wd/hub/session/a546c99c-b40f-466a-bae4-9a973801ca6b/elements[39m
[35m[HTTP][39m [90m{"using":"-android uiautomator","value":"new UiSelector().description(\"productListComponent_textInput_search\")"}[39m
[35m[HTTP][39m [37m<-- POST /wd/hub/session/a546c99c-b40f-466a-bae4-9a973801ca6b/elements [39m[32m200[39m [90m3024 ms - 90[39m
[35m[HTTP][39m [90m[39m
[35m[HTTP][39m [37m-->[39m [37mGET[39m [37m/wd/hub/session/a546c99c-b40f-466a-bae4-9a973801ca6b[39m
[35m[HTTP][39m [90m{}[39m
[35m[HTTP][39m [37m<-- GET /wd/hub/session/a546c99c-b40f-466a-bae4-9a973801ca6b [39m[32m200[39m [90m12 ms - 1160[39m
[35m[HTTP][39m [90m[39m
[35m[HTTP][39m [37m-->[39m [37mGET[39m [37m/wd/hub/session/a546c99c-b40f-466a-bae4-9a973801ca6b[39m
[35m[HTTP][39m [90m{}[39m
[35m[HTTP][39m [37m<-- GET /wd/hub/session/a546c99c-b40f-466a-bae4-9a973801ca6b [39m[32m200[39m [90m6 ms - 1160[39m
[35m[HTTP][39m [90m[39m
[35m[HTTP][39m [37m-->[39m [37mGET[39m [37m/wd/hub/session/a546c99c-b40f-466a-bae4-9a973801ca6b[39m
[35m[HTTP][39m [90m{}[39m
[35m[HTTP][39m [37m<-- GET /wd/hub/session/a546c99c-b40f-466a-bae4-9a973801ca6b [39m[32m200[39m [90m4 ms - 1160[39m
[35m[HTTP][39m [90m[39m
[35m[HTTP][39m [37m-->[39m [37mGET[39m [37m/wd/hub/session/a546c99c-b40f-466a-bae4-9a973801ca6b[39m
[35m[HTTP][39m [90m{}[39m
[35m[HTTP][39m [37m<-- GET /wd/hub/session/a546c99c-b40f-466a-bae4-9a973801ca6b [39m[32m200[39m [90m4 ms - 1160[39m
[35m[HTTP][39m [90m[39m
[35m[HTTP][39m [37m-->[39m [37mGET[39m [37m/wd/hub/session/a546c99c-b40f-466a-bae4-9a973801ca6b/element/23/location[39m
[35m[HTTP][39m [90m{}[39m
[35m[HTTP][39m [37m<-- GET /wd/hub/session/a546c99c-b40f-466a-bae4-9a973801ca6b/element/23/location [39m[32m200[39m [90m469 ms - 88[39m
[35m[HTTP][39m [90m[39m
[35m[HTTP][39m [37m-->[39m [37mPOST[39m [37m/wd/hub/session/a546c99c-b40f-466a-bae4-9a973801ca6b/element/23/clear[39m
[35m[HTTP][39m [90m{"id":"23"}[39m
[35m[HTTP][39m [37m<-- POST /wd/hub/session/a546c99c-b40f-466a-bae4-9a973801ca6b/element/23/clear [39m[32m200[39m [90m2446 ms - 76[39m
[35m[HTTP][39m [90m[39m
[35m[HTTP][39m [37m-->[39m [37mGET[39m [37m/wd/hub/session/a546c99c-b40f-466a-bae4-9a973801ca6b/window/current/size[39m
[35m[HTTP][39m [90m{}[39m
[35m[HTTP][39m [37m<-- GET /wd/hub/session/a546c99c-b40f-466a-bae4-9a973801ca6b/window/current/size [39m[32m200[39m [90m21 ms - 99[39m
[35m[HTTP][39m [90m[39m
[35m[HTTP][39m [37m-->[39m [37mPOST[39m [37m/wd/hub/session/a546c99c-b40f-466a-bae4-9a973801ca6b/elements[39m
[35m[HTTP][39m [90m{"using":"-android uiautomator","value":"new UiSelector().description(\"choices-list-button\")"}[39m
[35m[HTTP][39m [37m<-- POST /wd/hub/session/a546c99c-b40f-466a-bae4-9a973801ca6b/elements [39m[32m200[39m [90m2064 ms - 90[39m
[35m[HTTP][39m [90m[39m
[35m[HTTP][39m [37m-->[39m [37mGET[39m [37m/wd/hub/session/a546c99c-b40f-466a-bae4-9a973801ca6b[39m
[35m[HTTP][39m [90m{}[39m
[35m[HTTP][39m [37m<-- GET /wd/hub/session/a546c99c-b40f-466a-bae4-9a973801ca6b [39m[32m200[39m [90m5 ms - 1160[39m
[35m[HTTP][39m [90m[39m
[35m[HTTP][39m [37m-->[39m [37mGET[39m [37m/wd/hub/session/a546c99c-b40f-466a-bae4-9a973801ca6b[39m
[35m[HTTP][39m [90m{}[39m
[35m[HTTP][39m [37m<-- GET /wd/hub/session/a546c99c-b40f-466a-bae4-9a973801ca6b [39m[32m200[39m [90m5 ms - 1160[39m
[35m[HTTP][39m [90m[39m
[35m[HTTP][39m [37m-->[39m [37mGET[39m [37m/wd/hub/session/a546c99c-b40f-466a-bae4-9a973801ca6b[39m
[35m[HTTP][39m [90m{}[39m
[35m[HTTP][39m [37m<-- GET /wd/hub/session/a546c99c-b40f-466a-bae4-9a973801ca6b [39m[32m200[39m [90m5 ms - 1160[39m
[35m[HTTP][39m [90m[39m
[35m[HTTP][39m [37m-->[39m [37mGET[39m [37m/wd/hub/session/a546c99c-b40f-466a-bae4-9a973801ca6b[39m
[35m[HTTP][39m [90m{}[39m
[35m[HTTP][39m [37m<-- GET /wd/hub/session/a546c99c-b40f-466a-bae4-9a973801ca6b [39m[32m200[39m [90m4 ms - 1160[39m
[35m[HTTP][39m [90m[39m
[35m[HTTP][39m [37m-->[39m [37mGET[39m [37m/wd/hub/session/a546c99c-b40f-466a-bae4-9a973801ca6b/element/24/location[39m
[35m[HTTP][39m [90m{}[39m
[35m[HTTP][39m [37m<-- GET /wd/hub/session/a546c99c-b40f-466a-bae4-9a973801ca6b/element/24/location [39m[32m200[39m [90m472 ms - 89[39m
[35m[HTTP][39m [90m[39m
[35m[HTTP][39m [37m-->[39m [37mGET[39m [37m/wd/hub/session/a546c99c-b40f-466a-bae4-9a973801ca6b/window/current/size[39m
[35m[HTTP][39m [90m{}[39m
[35m[HTTP][39m [37m<-- GET /wd/hub/session/a546c99c-b40f-466a-bae4-9a973801ca6b/window/current/size [39m[32m200[39m [90m11 ms - 99[39m
[35m[HTTP][39m [90m[39m
[35m[HTTP][39m [37m-->[39m [37mPOST[39m [37m/wd/hub/session/a546c99c-b40f-466a-bae4-9a973801ca6b/elements[39m
[35m[HTTP][39m [90m{"using":"-android uiautomator","value":"new UiSelector().description(\"choices-list-button\")"}[39m
[35m[HTTP][39m [37m<-- POST /wd/hub/session/a546c99c-b40f-466a-bae4-9a973801ca6b/elements [39m[32m200[39m [90m7449 ms - 90[39m
[35m[HTTP][39m [90m[39m
[35m[HTTP][39m [37m-->[39m [37mGET[39m [37m/wd/hub/session/a546c99c-b40f-466a-bae4-9a973801ca6b[39m
[35m[HTTP][39m [90m{}[39m
[35m[HTTP][39m [37m<-- GET /wd/hub/session/a546c99c-b40f-466a-bae4-9a973801ca6b [39m[32m200[39m [90m9 ms - 1160[39m
[35m[HTTP][39m [90m[39m
[35m[HTTP][39m [37m-->[39m [37mGET[39m [37m/wd/hub/session/a546c99c-b40f-466a-bae4-9a973801ca6b[39m
[35m[HTTP][39m [90m{}[39m
[35m[HTTP][39m [37m<-- GET /wd/hub/session/a546c99c-b40f-466a-bae4-9a973801ca6b [39m[32m200[39m [90m8 ms - 1160[39m
[35m[HTTP][39m [90m[39m
[35m[HTTP][39m [37m-->[39m [37mGET[39m [37m/wd/hub/session/a546c99c-b40f-466a-bae4-9a973801ca6b[39m
[35m[HTTP][39m [90m{}[39m
[35m[HTTP][39m [37m<-- GET /wd/hub/session/a546c99c-b40f-466a-bae4-9a973801ca6b [39m[32m200[39m [90m10 ms - 1160[39m
[35m[HTTP][39m [90m[39m
[35m[HTTP][39m [37m-->[39m [37mGET[39m [37m/wd/hub/session/a546c99c-b40f-466a-bae4-9a973801ca6b[39m
[35m[HTTP][39m [90m{}[39m
[35m[HTTP][39m [37m<-- GET /wd/hub/session/a546c99c-b40f-466a-bae4-9a973801ca6b [39m[32m200[39m [90m7 ms - 1160[39m
[35m[HTTP][39m [90m[39m
[35m[HTTP][39m [37m-->[39m [37mGET[39m [37m/wd/hub/session/a546c99c-b40f-466a-bae4-9a973801ca6b/element/25/location[39m
[35m[HTTP][39m [90m{}[39m
[35m[HTTP][39m [37m<-- GET /wd/hub/session/a546c99c-b40f-466a-bae4-9a973801ca6b/element/25/location [39m[32m200[39m [90m424 ms - 89[39m
[35m[HTTP][39m [90m[39m
[35m[HTTP][39m [37m-->[39m [37mGET[39m [37m/wd/hub/session/a546c99c-b40f-466a-bae4-9a973801ca6b/element/25/attribute/name[39m
[35m[HTTP][39m [90m{}[39m
[35m[HTTP][39m [37m<-- GET /wd/hub/session/a546c99c-b40f-466a-bae4-9a973801ca6b/element/25/attribute/name [39m[32m200[39m [90m1386 ms - 93[39m
[35m[HTTP][39m [90m[39m
[35m[HTTP][39m [37m-->[39m [37mGET[39m [37m/wd/hub/session/a546c99c-b40f-466a-bae4-9a973801ca6b/window/current/size[39m
[35m[HTTP][39m [90m{}[39m
[35m[HTTP][39m [37m<-- GET /wd/hub/session/a546c99c-b40f-466a-bae4-9a973801ca6b/window/current/size [39m[32m200[39m [90m14 ms - 99[39m
[35m[HTTP][39m [90m[39m
[35m[HTTP][39m [37m-->[39m [37mPOST[39m [37m/wd/hub/session/a546c99c-b40f-466a-bae4-9a973801ca6b/elements[39m
[35m[HTTP][39m [90m{"using":"-android uiautomator","value":"new UiSelector().description(\"choices-list-button\")"}[39m
[35m[HTTP][39m [37m<-- POST /wd/hub/session/a546c99c-b40f-466a-bae4-9a973801ca6b/elements [39m[32m200[39m [90m6129 ms - 90[39m
[35m[HTTP][39m [90m[39m
[35m[HTTP][39m [37m-->[39m [37mGET[39m [37m/wd/hub/session/a546c99c-b40f-466a-bae4-9a973801ca6b[39m
[35m[HTTP][39m [90m{}[39m
[35m[HTTP][39m [37m<-- GET /wd/hub/session/a546c99c-b40f-466a-bae4-9a973801ca6b [39m[32m200[39m [90m7 ms - 1160[39m
[35m[HTTP][39m [90m[39m
[35m[HTTP][39m [37m-->[39m [37mGET[39m [37m/wd/hub/session/a546c99c-b40f-466a-bae4-9a973801ca6b[39m
[35m[HTTP][39m [90m{}[39m
[35m[HTTP][39m [37m<-- GET /wd/hub/session/a546c99c-b40f-466a-bae4-9a973801ca6b [39m[32m200[39m [90m8 ms - 1160[39m
[35m[HTTP][39m [90m[39m
[35m[HTTP][39m [37m-->[39m [37mGET[39m [37m/wd/hub/session/a546c99c-b40f-466a-bae4-9a973801ca6b[39m
[35m[HTTP][39m [90m{}[39m
[35m[HTTP][39m [37m<-- GET /wd/hub/session/a546c99c-b40f-466a-bae4-9a973801ca6b [39m[32m200[39m [90m7 ms - 1160[39m
[35m[HTTP][39m [90m[39m
[35m[HTTP][39m [37m-->[39m [37mGET[39m [37m/wd/hub/session/a546c99c-b40f-466a-bae4-9a973801ca6b[39m
[35m[HTTP][39m [90m{}[39m
[35m[HTTP][39m [37m<-- GET /wd/hub/session/a546c99c-b40f-466a-bae4-9a973801ca6b [39m[32m200[39m [90m8 ms - 1160[39m
[35m[HTTP][39m [90m[39m
[35m[HTTP][39m [37m-->[39m [37mGET[39m [37m/wd/hub/session/a546c99c-b40f-466a-bae4-9a973801ca6b/element/26/location[39m
[35m[HTTP][39m [90m{}[39m
[35m[HTTP][39m [37m<-- GET /wd/hub/session/a546c99c-b40f-466a-bae4-9a973801ca6b/element/26/location [39m[32m200[39m [90m454 ms - 89[39m
[35m[HTTP][39m [90m[39m
[35m[HTTP][39m [37m-->[39m [37mPOST[39m [37m/wd/hub/session/a546c99c-b40f-466a-bae4-9a973801ca6b/touch/perform[39m
[35m[HTTP][39m [90m{"actions":[{"action":"tap","options":{"element":"26","x":1,"y":1}}]}[39m
[35m[HTTP][39m [37m<-- POST /wd/hub/session/a546c99c-b40f-466a-bae4-9a973801ca6b/touch/perform [39m[32m200[39m [90m2589 ms - 76[39m
[35m[HTTP][39m [90m[39m
[35m[HTTP][39m [37m-->[39m [37mPOST[39m [37m/wd/hub/session/a546c99c-b40f-466a-bae4-9a973801ca6b/touch/perform[39m
[35m[HTTP][39m [90m{"actions":[{"action":"longPress","options":{"x":50,"y":510}},{"action":"moveTo","options":{"x":150,"y":158}},{"action":"release","options":{}}]}[39m
[35m[HTTP][39m [37m<-- POST /wd/hub/session/a546c99c-b40f-466a-bae4-9a973801ca6b/touch/perform [39m[32m200[39m [90m2186 ms - 76[39m
[35m[HTTP][39m [90m[39m
[35m[HTTP][39m [37m-->[39m [37mPOST[39m [37m/wd/hub/session/a546c99c-b40f-466a-bae4-9a973801ca6b/touch/perform[39m
[35m[HTTP][39m [90m{"actions":[{"action":"longPress","options":{"x":50,"y":510}},{"action":"moveTo","options":{"x":150,"y":158}},{"action":"release","options":{}}]}[39m
[35m[HTTP][39m [37m<-- POST /wd/hub/session/a546c99c-b40f-466a-bae4-9a973801ca6b/touch/perform [39m[32m200[39m [90m2797 ms - 76[39m
[35m[HTTP][39m [90m[39m
[35m[HTTP][39m [37m-->[39m [37mPOST[39m [37m/wd/hub/session/a546c99c-b40f-466a-bae4-9a973801ca6b/touch/perform[39m
[35m[HTTP][39m [90m{"actions":[{"action":"longPress","options":{"x":50,"y":510}},{"action":"moveTo","options":{"x":150,"y":158}},{"action":"release","options":{}}]}[39m
[35m[HTTP][39m [37m<-- POST /wd/hub/session/a546c99c-b40f-466a-bae4-9a973801ca6b/touch/perform [39m[32m200[39m [90m2753 ms - 76[39m
[35m[HTTP][39m [90m[39m
[35m[HTTP][39m [37m-->[39m [37mPOST[39m [37m/wd/hub/session/a546c99c-b40f-466a-bae4-9a973801ca6b/touch/perform[39m
[35m[HTTP][39m [90m{"actions":[{"action":"longPress","options":{"x":50,"y":158}},{"action":"moveTo","options":{"x":150,"y":510}},{"action":"release","options":{}}]}[39m
[35m[HTTP][39m [37m<-- POST /wd/hub/session/a546c99c-b40f-466a-bae4-9a973801ca6b/touch/perform [39m[32m200[39m [90m2802 ms - 76[39m
[35m[HTTP][39m [90m[39m
[35m[HTTP][39m [37m-->[39m [37mPOST[39m [37m/wd/hub/session/a546c99c-b40f-466a-bae4-9a973801ca6b/touch/perform[39m
[35m[HTTP][39m [90m{"actions":[{"action":"longPress","options":{"x":50,"y":158}},{"action":"moveTo","options":{"x":150,"y":510}},{"action":"release","options":{}}]}[39m
[35m[HTTP][39m [37m<-- POST /wd/hub/session/a546c99c-b40f-466a-bae4-9a973801ca6b/touch/perform [39m[32m200[39m [90m2844 ms - 76[39m
[35m[HTTP][39m [90m[39m
[35m[HTTP][39m [37m-->[39m [37mPOST[39m [37m/wd/hub/session/a546c99c-b40f-466a-bae4-9a973801ca6b/touch/perform[39m
[35m[HTTP][39m [90m{"actions":[{"action":"longPress","options":{"x":50,"y":158}},{"action":"moveTo","options":{"x":150,"y":510}},{"action":"release","options":{}}]}[39m
[35m[HTTP][39m [37m<-- POST /wd/hub/session/a546c99c-b40f-466a-bae4-9a973801ca6b/touch/perform [39m[32m200[39m [90m2968 ms - 76[39m
[35m[HTTP][39m [90m[39m
[35m[HTTP][39m [37m-->[39m [37mGET[39m [37m/wd/hub/session/a546c99c-b40f-466a-bae4-9a973801ca6b/window/current/size[39m
[35m[HTTP][39m [90m{}[39m
[35m[HTTP][39m [37m<-- GET /wd/hub/session/a546c99c-b40f-466a-bae4-9a973801ca6b/window/current/size [39m[32m200[39m [90m23 ms - 99[39m
[35m[HTTP][39m [90m[39m
[35m[HTTP][39m [37m-->[39m [37mPOST[39m [37m/wd/hub/session/a546c99c-b40f-466a-bae4-9a973801ca6b/elements[39m
[35m[HTTP][39m [90m{"using":"-android uiautomator","value":"new UiSelector().description(\"choices-list-item-0\")"}[39m
[35m[HTTP][39m [37m<-- POST /wd/hub/session/a546c99c-b40f-466a-bae4-9a973801ca6b/elements [39m[32m200[39m [90m2572 ms - 90[39m
[35m[HTTP][39m [90m[39m
[35m[HTTP][39m [37m-->[39m [37mGET[39m [37m/wd/hub/session/a546c99c-b40f-466a-bae4-9a973801ca6b[39m
[35m[HTTP][39m [90m{}[39m
[35m[HTTP][39m [37m<-- GET /wd/hub/session/a546c99c-b40f-466a-bae4-9a973801ca6b [39m[32m200[39m [90m8 ms - 1160[39m
[35m[HTTP][39m [90m[39m
[35m[HTTP][39m [37m-->[39m [37mGET[39m [37m/wd/hub/session/a546c99c-b40f-466a-bae4-9a973801ca6b[39m
[35m[HTTP][39m [90m{}[39m
[35m[HTTP][39m [37m<-- GET /wd/hub/session/a546c99c-b40f-466a-bae4-9a973801ca6b [39m[32m200[39m [90m5 ms - 1160[39m
[35m[HTTP][39m [90m[39m
[35m[HTTP][39m [37m-->[39m [37mGET[39m [37m/wd/hub/session/a546c99c-b40f-466a-bae4-9a973801ca6b[39m
[35m[HTTP][39m [90m{}[39m
[35m[HTTP][39m [37m<-- GET /wd/hub/session/a546c99c-b40f-466a-bae4-9a973801ca6b [39m[32m200[39m [90m6 ms - 1160[39m
[35m[HTTP][39m [90m[39m
[35m[HTTP][39m [37m-->[39m [37mGET[39m [37m/wd/hub/session/a546c99c-b40f-466a-bae4-9a973801ca6b[39m
[35m[HTTP][39m [90m{}[39m
[35m[HTTP][39m [37m<-- GET /wd/hub/session/a546c99c-b40f-466a-bae4-9a973801ca6b [39m[32m200[39m [90m5 ms - 1160[39m
[35m[HTTP][39m [90m[39m
[35m[HTTP][39m [37m-->[39m [37mGET[39m [37m/wd/hub/session/a546c99c-b40f-466a-bae4-9a973801ca6b/element/27/location[39m
[35m[HTTP][39m [90m{}[39m
[35m[HTTP][39m [37m<-- GET /wd/hub/session/a546c99c-b40f-466a-bae4-9a973801ca6b/element/27/location [39m[32m200[39m [90m449 ms - 88[39m
[35m[HTTP][39m [90m[39m
[35m[HTTP][39m [37m-->[39m [37mGET[39m [37m/wd/hub/session/a546c99c-b40f-466a-bae4-9a973801ca6b/window/current/size[39m
[35m[HTTP][39m [90m{}[39m
[35m[HTTP][39m [37m<-- GET /wd/hub/session/a546c99c-b40f-466a-bae4-9a973801ca6b/window/current/size [39m[32m200[39m [90m13 ms - 99[39m
[35m[HTTP][39m [90m[39m
[35m[HTTP][39m [37m-->[39m [37mPOST[39m [37m/wd/hub/session/a546c99c-b40f-466a-bae4-9a973801ca6b/elements[39m
[35m[HTTP][39m [90m{"using":"-android uiautomator","value":"new UiSelector().description(\"choices-list-item-0\")"}[39m
[35m[HTTP][39m [37m<-- POST /wd/hub/session/a546c99c-b40f-466a-bae4-9a973801ca6b/elements [39m[32m200[39m [90m2746 ms - 90[39m
[35m[HTTP][39m [90m[39m
[35m[HTTP][39m [37m-->[39m [37mGET[39m [37m/wd/hub/session/a546c99c-b40f-466a-bae4-9a973801ca6b[39m
[35m[HTTP][39m [90m{}[39m
[35m[HTTP][39m [37m<-- GET /wd/hub/session/a546c99c-b40f-466a-bae4-9a973801ca6b [39m[32m200[39m [90m7 ms - 1160[39m
[35m[HTTP][39m [90m[39m
[35m[HTTP][39m [37m-->[39m [37mGET[39m [37m/wd/hub/session/a546c99c-b40f-466a-bae4-9a973801ca6b[39m
[35m[HTTP][39m [90m{}[39m
[35m[HTTP][39m [37m<-- GET /wd/hub/session/a546c99c-b40f-466a-bae4-9a973801ca6b [39m[32m200[39m [90m9 ms - 1160[39m
[35m[HTTP][39m [90m[39m
[35m[HTTP][39m [37m-->[39m [37mGET[39m [37m/wd/hub/session/a546c99c-b40f-466a-bae4-9a973801ca6b[39m
[35m[HTTP][39m [90m{}[39m
[35m[HTTP][39m [37m<-- GET /wd/hub/session/a546c99c-b40f-466a-bae4-9a973801ca6b [39m[32m200[39m [90m7 ms - 1160[39m
[35m[HTTP][39m [90m[39m
[35m[HTTP][39m [37m-->[39m [37mGET[39m [37m/wd/hub/session/a546c99c-b40f-466a-bae4-9a973801ca6b[39m
[35m[HTTP][39m [90m{}[39m
[35m[HTTP][39m [37m<-- GET /wd/hub/session/a546c99c-b40f-466a-bae4-9a973801ca6b [39m[32m200[39m [90m7 ms - 1160[39m
[35m[HTTP][39m [90m[39m
[35m[HTTP][39m [37m-->[39m [37mGET[39m [37m/wd/hub/session/a546c99c-b40f-466a-bae4-9a973801ca6b/element/28/location[39m
[35m[HTTP][39m [90m{}[39m
[35m[HTTP][39m [37m<-- GET /wd/hub/session/a546c99c-b40f-466a-bae4-9a973801ca6b/element/28/location [39m[32m200[39m [90m448 ms - 88[39m
[35m[HTTP][39m [90m[39m
[35m[HTTP][39m [37m-->[39m [37mPOST[39m [37m/wd/hub/session/a546c99c-b40f-466a-bae4-9a973801ca6b/touch/perform[39m
[35m[HTTP][39m [90m{"actions":[{"action":"tap","options":{"element":"28","x":1,"y":1}}]}[39m
[35m[HTTP][39m [37m<-- POST /wd/hub/session/a546c99c-b40f-466a-bae4-9a973801ca6b/touch/perform [39m[32m200[39m [90m1293 ms - 76[39m
[35m[HTTP][39m [90m[39m
[35m[HTTP][39m [37m-->[39m [37mDELETE[39m [37m/wd/hub/session/a546c99c-b40f-466a-bae4-9a973801ca6b[39m
[35m[HTTP][39m [90m{}[39m
[35m[Appium][39m Removing session a546c99c-b40f-466a-bae4-9a973801ca6b from our master session list
[35m[ADB][39m No uiautomator process found to kill, continuing...
[35m[HTTP][39m [37m<-- DELETE /wd/hub/session/a546c99c-b40f-466a-bae4-9a973801ca6b [39m[32m200[39m [90m2897 ms - 76[39m
[35m[HTTP][39m [90m[39m
