[35m[Appium][39m Welcome to Appium v1.8.1
[35m[Appium][39m Non-default server args:
[35m[Appium][39m   port: 61399
[35m[Appium][39m   loglevel: info
[35m[Appium][39m   chromeDriverPort: 61400
[35m[Appium][39m   tmpDir: C:\Users\AV2017~2\AppData\Local\Temp\\Katalon\Appium\Temp1531723459940
[35m[Appium][39m Appium REST http interface listener started on 0.0.0.0:61399
[35m[HTTP][39m [37m-->[39m [37mGET[39m [37m/wd/hub/status[39m
[35m[HTTP][39m [90m{}[39m
[35m[HTTP][39m [37m<-- GET /wd/hub/status [39m[32m200[39m [90m111 ms - 83[39m
[35m[HTTP][39m [90m[39m
[35m[HTTP][39m [37m-->[39m [37mPOST[39m [37m/wd/hub/session[39m
[35m[HTTP][39m [90m{"desiredCapabilities":{"app":"C:\\Users\\AV2017005903\\Documents\\apollo-automation\\app-sit-3 Juli.apk","appWaitActivity":"*","autoGrantPermissions":true,"deviceId":"6e4df14","deviceName":"OPPO A37f (Android 5.1.1)","fullReset":true,"newCommandTimeout":1800,"noReset":false,"platform":"ANDROID","platformName":"Android","udid":"6e4df14"},"capabilities":{"desiredCapabilities":{"app":"C:\\Users\\AV2017005903\\Documents\\apollo-automation\\app-sit-3 Juli.apk","appWaitActivity":"*","autoGrantPermissions":true,"deviceId":"6e4df14","deviceName":"OPPO A37f (Android 5.1.1)","fullReset":true,"newCommandTimeout":1800,"noReset":false,"platform":"ANDROID","platformName":"Android","udid":"6e4df14"},"firstMatch":[{"platformName":"android"}]}}[39m
[35m[Appium][39m Could not parse W3C capabilities: 'deviceName' can't be blank. Falling back to JSONWP protocol.
[35m[Appium][39m The following capabilities were provided in the JSONWP desired capabilities that are missing in W3C capabilities: ["app","appWaitActivity","autoGrantPermissions","deviceId","deviceName","fullReset","newCommandTimeout","noReset","platform","platformName","udid"]. Falling back to JSONWP protocol.
[35m[Appium][39m Creating new AndroidDriver (v2.7.0) session
[35m[Appium][39m Capabilities:
[35m[Appium][39m   app: C:\Users\AV2017005903\Documents\apollo-automation\app-sit-3 Juli.apk
[35m[Appium][39m   appWaitActivity: *
[35m[Appium][39m   autoGrantPermissions: true
[35m[Appium][39m   deviceId: 6e4df14
[35m[Appium][39m   deviceName: OPPO A37f (Android 5.1.1)
[35m[Appium][39m   fullReset: true
[35m[Appium][39m   newCommandTimeout: 1800
[35m[Appium][39m   noReset: false
[35m[Appium][39m   platform: ANDROID
[35m[Appium][39m   platformName: Android
[35m[Appium][39m   udid: 6e4df14
[35m[BaseDriver][39m The following capabilities were provided, but are not recognized by appium: deviceId, platform.
[35m[BaseDriver][39m Session created with session id: ade7a0e0-7b90-45da-8d15-e8583d6edb0b
[35m[AndroidDriver][39m Java version is: 1.8.0_102
[35m[ADB][39m Checking whether adb is present
[35m[ADB][39m Found 1 'build-tools' folders under 'C:\Users\AV2017005903\.katalon\tools\android_sdk' (newest first):
[35m[ADB][39m     C:/Users/AV2017005903/.katalon/tools/android_sdk/build-tools/27.0.3
[35m[ADB][39m Using adb.exe from C:\Users\AV2017005903\.katalon\tools\android_sdk\platform-tools\adb.exe
[35m[AndroidDriver][39m Retrieving device list
[35m[AndroidDriver][39m Using device: 6e4df14
[35m[BaseDriver][39m Using local app 'C:\Users\AV2017005903\Documents\apollo-automation\app-sit-3 Juli.apk'
[35m[AndroidDriver][39m Starting Android session
[35m[ADB][39m Checking whether aapt is present
[35m[ADB][39m Using aapt.exe from C:\Users\AV2017005903\.katalon\tools\android_sdk\build-tools\27.0.3\aapt.exe
[35m[AndroidDriver][39m setDeviceLanguageCountry requires language or country.
[35m[AndroidDriver][39m Got language: 'null' and country: 'null'
[35m[ADB][39m Getting device platform version
[35m[ADB][39m Using the alternative activity name detection method because of: Could not find apkanalyzer.bat in C:\Users\AV2017005903\.katalon\tools\android_sdk\platform-tools\apkanalyzer.bat,C:\Users\AV2017005903\.katalon\tools\android_sdk\emulator\apkanalyzer.bat,C:\Users\AV2017005903\.katalon\tools\android_sdk\tools\apkanalyzer.bat,C:\Users\AV2017005903\.katalon\tools\android_sdk\tools\bin\apkanalyzer.bat,C:\Users\AV2017005903\.katalon\tools\android_sdk\build-tools\27.0.3\apkanalyzer.bat. Do you have the Android SDK installed at 'C:\Users\AV2017005903\.katalon\tools\android_sdk'?
[35m[ADB][39m Extracting package and launch activity from manifest
[35m[ADB][39m Package name: 'com.btpn.appbisnis.sit'
[35m[ADB][39m Main activity name: 'com.btpn_mpos_rn.react_bridging.splash.SplashActivity'
[35m[ADB][39m com.btpn.appbisnis.sit was not uninstalled, because it was not present on the device
[35m[ADB][39m Successfully extracted 933 strings from 'C:\Users\AV2017005903\Documents\apollo-automation\app-sit-3 Juli.apk' resources for '(default)' configuration
[35m[ADB][39m No uiautomator process found to kill, continuing...
[35m[AndroidBootstrap][39m Android bootstrap socket is now connected
[35m[AndroidDriver][39m Screen already unlocked, doing nothing
[35m[Appium][39m New AndroidDriver session created successfully, session ade7a0e0-7b90-45da-8d15-e8583d6edb0b added to master session list
[35m[HTTP][39m [37m<-- POST /wd/hub/session [39m[32m200[39m [90m28747 ms - 1150[39m
[35m[HTTP][39m [90m[39m
[35m[HTTP][39m [37m-->[39m [37mGET[39m [37m/wd/hub/status[39m
[35m[HTTP][39m [90m{}[39m
[35m[HTTP][39m [37m<-- GET /wd/hub/status [39m[32m200[39m [90m61 ms - 55[39m
[35m[HTTP][39m [90m[39m
[35m[HTTP][39m [37m-->[39m [37mPOST[39m [37m/wd/hub/session/ade7a0e0-7b90-45da-8d15-e8583d6edb0b/timeouts[39m
[35m[HTTP][39m [90m{"type":"implicit","ms":30000}[39m
[35m[HTTP][39m [37m<-- POST /wd/hub/session/ade7a0e0-7b90-45da-8d15-e8583d6edb0b/timeouts [39m[33m400[39m [90m13 ms - 5532[39m
[35m[HTTP][39m [90m[39m
[35m[HTTP][39m [37m-->[39m [37mPOST[39m [37m/wd/hub/session/ade7a0e0-7b90-45da-8d15-e8583d6edb0b/touch/perform[39m
[35m[HTTP][39m [90m{"actions":[{"action":"longPress","options":{"x":450,"y":300}},{"action":"moveTo","options":{"x":100,"y":300}},{"action":"release","options":{}}]}[39m
[35m[HTTP][39m [37m<-- POST /wd/hub/session/ade7a0e0-7b90-45da-8d15-e8583d6edb0b/touch/perform [39m[32m200[39m [90m2768 ms - 76[39m
[35m[HTTP][39m [90m[39m
[35m[HTTP][39m [37m-->[39m [37mPOST[39m [37m/wd/hub/session/ade7a0e0-7b90-45da-8d15-e8583d6edb0b/touch/perform[39m
[35m[HTTP][39m [90m{"actions":[{"action":"longPress","options":{"x":450,"y":300}},{"action":"moveTo","options":{"x":100,"y":300}},{"action":"release","options":{}}]}[39m
[35m[HTTP][39m [37m<-- POST /wd/hub/session/ade7a0e0-7b90-45da-8d15-e8583d6edb0b/touch/perform [39m[32m200[39m [90m2734 ms - 76[39m
[35m[HTTP][39m [90m[39m
[35m[HTTP][39m [37m-->[39m [37mPOST[39m [37m/wd/hub/session/ade7a0e0-7b90-45da-8d15-e8583d6edb0b/touch/perform[39m
[35m[HTTP][39m [90m{"actions":[{"action":"longPress","options":{"x":450,"y":300}},{"action":"moveTo","options":{"x":100,"y":300}},{"action":"release","options":{}}]}[39m
[35m[HTTP][39m [37m<-- POST /wd/hub/session/ade7a0e0-7b90-45da-8d15-e8583d6edb0b/touch/perform [39m[32m200[39m [90m2860 ms - 76[39m
[35m[HTTP][39m [90m[39m
[35m[HTTP][39m [37m-->[39m [37mPOST[39m [37m/wd/hub/session/ade7a0e0-7b90-45da-8d15-e8583d6edb0b/touch/perform[39m
[35m[HTTP][39m [90m{"actions":[{"action":"longPress","options":{"x":450,"y":300}},{"action":"moveTo","options":{"x":100,"y":300}},{"action":"release","options":{}}]}[39m
[35m[HTTP][39m [37m<-- POST /wd/hub/session/ade7a0e0-7b90-45da-8d15-e8583d6edb0b/touch/perform [39m[32m200[39m [90m2891 ms - 76[39m
[35m[HTTP][39m [90m[39m
[35m[HTTP][39m [37m-->[39m [37mGET[39m [37m/wd/hub/session/ade7a0e0-7b90-45da-8d15-e8583d6edb0b/window/current/size[39m
[35m[HTTP][39m [90m{}[39m
[35m[HTTP][39m [37m<-- GET /wd/hub/session/ade7a0e0-7b90-45da-8d15-e8583d6edb0b/window/current/size [39m[32m200[39m [90m9 ms - 99[39m
[35m[HTTP][39m [90m[39m
[35m[HTTP][39m [37m-->[39m [37mPOST[39m [37m/wd/hub/session/ade7a0e0-7b90-45da-8d15-e8583d6edb0b/elements[39m
[35m[HTTP][39m [90m{"using":"-android uiautomator","value":"new UiSelector().description(\"start_button_touch\")"}[39m
[35m[HTTP][39m [37m<-- POST /wd/hub/session/ade7a0e0-7b90-45da-8d15-e8583d6edb0b/elements [39m[32m200[39m [90m4391 ms - 74[39m
[35m[HTTP][39m [90m[39m
[35m[HTTP][39m [37m-->[39m [37mPOST[39m [37m/wd/hub/session/ade7a0e0-7b90-45da-8d15-e8583d6edb0b/elements[39m
[35m[HTTP][39m [90m{"using":"-android uiautomator","value":"new UiSelector().description(\"start_button_touch\")"}[39m
[35m[HTTP][39m [37m<-- POST /wd/hub/session/ade7a0e0-7b90-45da-8d15-e8583d6edb0b/elements [39m[32m200[39m [90m4757 ms - 74[39m
[35m[HTTP][39m [90m[39m
[35m[HTTP][39m [37m-->[39m [37mPOST[39m [37m/wd/hub/session/ade7a0e0-7b90-45da-8d15-e8583d6edb0b/elements[39m
[35m[HTTP][39m [90m{"using":"-android uiautomator","value":"new UiSelector().description(\"start_button_touch\")"}[39m
[35m[HTTP][39m [37m<-- POST /wd/hub/session/ade7a0e0-7b90-45da-8d15-e8583d6edb0b/elements [39m[32m200[39m [90m2626 ms - 74[39m
[35m[HTTP][39m [90m[39m
[35m[HTTP][39m [37m-->[39m [37mPOST[39m [37m/wd/hub/session/ade7a0e0-7b90-45da-8d15-e8583d6edb0b/elements[39m
[35m[HTTP][39m [90m{"using":"-android uiautomator","value":"new UiSelector().description(\"start_button_touch\")"}[39m
[35m[HTTP][39m [37m<-- POST /wd/hub/session/ade7a0e0-7b90-45da-8d15-e8583d6edb0b/elements [39m[32m200[39m [90m4555 ms - 74[39m
[35m[HTTP][39m [90m[39m
[35m[HTTP][39m [37m-->[39m [37mPOST[39m [37m/wd/hub/session/ade7a0e0-7b90-45da-8d15-e8583d6edb0b/elements[39m
[35m[HTTP][39m [90m{"using":"-android uiautomator","value":"new UiSelector().description(\"start_button_touch\")"}[39m
[35m[HTTP][39m [37m<-- POST /wd/hub/session/ade7a0e0-7b90-45da-8d15-e8583d6edb0b/elements [39m[32m200[39m [90m3159 ms - 74[39m
[35m[HTTP][39m [90m[39m
[35m[HTTP][39m [37m-->[39m [37mPOST[39m [37m/wd/hub/session/ade7a0e0-7b90-45da-8d15-e8583d6edb0b/elements[39m
[35m[HTTP][39m [90m{"using":"-android uiautomator","value":"new UiSelector().description(\"start_button_touch\")"}[39m
[35m[HTTP][39m [37m<-- POST /wd/hub/session/ade7a0e0-7b90-45da-8d15-e8583d6edb0b/elements [39m[32m200[39m [90m1007 ms - 74[39m
[35m[HTTP][39m [90m[39m
[35m[HTTP][39m [37m-->[39m [37mPOST[39m [37m/wd/hub/session/ade7a0e0-7b90-45da-8d15-e8583d6edb0b/elements[39m
[35m[HTTP][39m [90m{"using":"-android uiautomator","value":"new UiSelector().description(\"start_button_touch\")"}[39m
[35m[HTTP][39m [37m<-- POST /wd/hub/session/ade7a0e0-7b90-45da-8d15-e8583d6edb0b/elements [39m[32m200[39m [90m5831 ms - 74[39m
[35m[HTTP][39m [90m[39m
[35m[HTTP][39m [37m-->[39m [37mPOST[39m [37m/wd/hub/session/ade7a0e0-7b90-45da-8d15-e8583d6edb0b/elements[39m
[35m[HTTP][39m [90m{"using":"-android uiautomator","value":"new UiSelector().description(\"start_button_touch\")"}[39m
[35m[HTTP][39m [37m<-- POST /wd/hub/session/ade7a0e0-7b90-45da-8d15-e8583d6edb0b/elements [39m[32m200[39m [90m1606 ms - 74[39m
[35m[HTTP][39m [90m[39m
[35m[HTTP][39m [37m-->[39m [37mPOST[39m [37m/wd/hub/session/ade7a0e0-7b90-45da-8d15-e8583d6edb0b/elements[39m
[35m[HTTP][39m [90m{"using":"-android uiautomator","value":"new UiSelector().description(\"start_button_touch\")"}[39m
[35m[HTTP][39m [37m<-- POST /wd/hub/session/ade7a0e0-7b90-45da-8d15-e8583d6edb0b/elements [39m[32m200[39m [90m1037 ms - 74[39m
[35m[HTTP][39m [90m[39m
[35m[HTTP][39m [37m-->[39m [37mPOST[39m [37m/wd/hub/session/ade7a0e0-7b90-45da-8d15-e8583d6edb0b/elements[39m
[35m[HTTP][39m [90m{"using":"-android uiautomator","value":"new UiSelector().description(\"start_button_touch\")"}[39m
[35m[HTTP][39m [37m<-- POST /wd/hub/session/ade7a0e0-7b90-45da-8d15-e8583d6edb0b/elements [39m[32m200[39m [90m2482 ms - 74[39m
[35m[HTTP][39m [90m[39m
[35m[HTTP][39m [37m-->[39m [37mGET[39m [37m/wd/hub/session/ade7a0e0-7b90-45da-8d15-e8583d6edb0b/window/current/size[39m
[35m[HTTP][39m [90m{}[39m
[35m[HTTP][39m [37m<-- GET /wd/hub/session/ade7a0e0-7b90-45da-8d15-e8583d6edb0b/window/current/size [39m[32m200[39m [90m9 ms - 99[39m
[35m[HTTP][39m [90m[39m
[35m[HTTP][39m [37m-->[39m [37mPOST[39m [37m/wd/hub/session/ade7a0e0-7b90-45da-8d15-e8583d6edb0b/elements[39m
[35m[HTTP][39m [90m{"using":"-android uiautomator","value":"new UiSelector().description(\"start_button_touch\")"}[39m
[35m[HTTP][39m [37m<-- POST /wd/hub/session/ade7a0e0-7b90-45da-8d15-e8583d6edb0b/elements [39m[32m200[39m [90m5807 ms - 74[39m
[35m[HTTP][39m [90m[39m
[35m[HTTP][39m [37m-->[39m [37mPOST[39m [37m/wd/hub/session/ade7a0e0-7b90-45da-8d15-e8583d6edb0b/elements[39m
[35m[HTTP][39m [90m{"using":"-android uiautomator","value":"new UiSelector().description(\"start_button_touch\")"}[39m
[35m[HTTP][39m [37m<-- POST /wd/hub/session/ade7a0e0-7b90-45da-8d15-e8583d6edb0b/elements [39m[32m200[39m [90m2165 ms - 74[39m
[35m[HTTP][39m [90m[39m
[35m[HTTP][39m [37m-->[39m [37mPOST[39m [37m/wd/hub/session/ade7a0e0-7b90-45da-8d15-e8583d6edb0b/elements[39m
[35m[HTTP][39m [90m{"using":"-android uiautomator","value":"new UiSelector().description(\"start_button_touch\")"}[39m
[35m[HTTP][39m [37m<-- POST /wd/hub/session/ade7a0e0-7b90-45da-8d15-e8583d6edb0b/elements [39m[32m200[39m [90m1015 ms - 74[39m
[35m[HTTP][39m [90m[39m
[35m[HTTP][39m [37m-->[39m [37mPOST[39m [37m/wd/hub/session/ade7a0e0-7b90-45da-8d15-e8583d6edb0b/elements[39m
[35m[HTTP][39m [90m{"using":"-android uiautomator","value":"new UiSelector().description(\"start_button_touch\")"}[39m
[35m[HTTP][39m [37m<-- POST /wd/hub/session/ade7a0e0-7b90-45da-8d15-e8583d6edb0b/elements [39m[32m200[39m [90m5937 ms - 74[39m
[35m[HTTP][39m [90m[39m
[35m[HTTP][39m [37m-->[39m [37mPOST[39m [37m/wd/hub/session/ade7a0e0-7b90-45da-8d15-e8583d6edb0b/elements[39m
[35m[HTTP][39m [90m{"using":"-android uiautomator","value":"new UiSelector().description(\"start_button_touch\")"}[39m
[35m[HTTP][39m [37m<-- POST /wd/hub/session/ade7a0e0-7b90-45da-8d15-e8583d6edb0b/elements [39m[32m200[39m [90m1562 ms - 74[39m
[35m[HTTP][39m [90m[39m
[35m[HTTP][39m [37m-->[39m [37mPOST[39m [37m/wd/hub/session/ade7a0e0-7b90-45da-8d15-e8583d6edb0b/elements[39m
[35m[HTTP][39m [90m{"using":"-android uiautomator","value":"new UiSelector().description(\"start_button_touch\")"}[39m
[35m[HTTP][39m [37m<-- POST /wd/hub/session/ade7a0e0-7b90-45da-8d15-e8583d6edb0b/elements [39m[32m200[39m [90m5118 ms - 74[39m
[35m[HTTP][39m [90m[39m
[35m[HTTP][39m [37m-->[39m [37mPOST[39m [37m/wd/hub/session/ade7a0e0-7b90-45da-8d15-e8583d6edb0b/elements[39m
[35m[HTTP][39m [90m{"using":"-android uiautomator","value":"new UiSelector().description(\"start_button_touch\")"}[39m
[35m[HTTP][39m [37m<-- POST /wd/hub/session/ade7a0e0-7b90-45da-8d15-e8583d6edb0b/elements [39m[32m200[39m [90m2937 ms - 74[39m
[35m[HTTP][39m [90m[39m
[35m[HTTP][39m [37m-->[39m [37mPOST[39m [37m/wd/hub/session/ade7a0e0-7b90-45da-8d15-e8583d6edb0b/elements[39m
[35m[HTTP][39m [90m{"using":"-android uiautomator","value":"new UiSelector().description(\"start_button_touch\")"}[39m
[35m[HTTP][39m [37m<-- POST /wd/hub/session/ade7a0e0-7b90-45da-8d15-e8583d6edb0b/elements [39m[32m200[39m [90m4633 ms - 74[39m
[35m[HTTP][39m [90m[39m
[35m[HTTP][39m [37m-->[39m [37mPOST[39m [37m/wd/hub/session/ade7a0e0-7b90-45da-8d15-e8583d6edb0b/elements[39m
[35m[HTTP][39m [90m{"using":"-android uiautomator","value":"new UiSelector().description(\"start_button_touch\")"}[39m
[35m[HTTP][39m [37m<-- POST /wd/hub/session/ade7a0e0-7b90-45da-8d15-e8583d6edb0b/elements [39m[32m200[39m [90m1796 ms - 74[39m
[35m[HTTP][39m [90m[39m
[35m[HTTP][39m [37m-->[39m [37mGET[39m [37m/wd/hub/session/ade7a0e0-7b90-45da-8d15-e8583d6edb0b/context[39m
[35m[HTTP][39m [90m{}[39m
[35m[HTTP][39m [37m<-- GET /wd/hub/session/ade7a0e0-7b90-45da-8d15-e8583d6edb0b/context [39m[32m200[39m [90m9 ms - 84[39m
[35m[HTTP][39m [90m[39m
[35m[HTTP][39m [37m-->[39m [37mGET[39m [37m/wd/hub/session/ade7a0e0-7b90-45da-8d15-e8583d6edb0b/contexts[39m
[35m[HTTP][39m [90m{}[39m
[35m[HTTP][39m [37m<-- GET /wd/hub/session/ade7a0e0-7b90-45da-8d15-e8583d6edb0b/contexts [39m[32m200[39m [90m230 ms - 86[39m
[35m[HTTP][39m [90m[39m
[35m[HTTP][39m [37m-->[39m [37mPOST[39m [37m/wd/hub/session/ade7a0e0-7b90-45da-8d15-e8583d6edb0b/context[39m
[35m[HTTP][39m [90m{"name":"NATIVE_APP"}[39m
[35m[HTTP][39m [37m<-- POST /wd/hub/session/ade7a0e0-7b90-45da-8d15-e8583d6edb0b/context [39m[32m200[39m [90m164 ms - 76[39m
[35m[HTTP][39m [90m[39m
[35m[HTTP][39m [37m-->[39m [37mGET[39m [37m/wd/hub/session/ade7a0e0-7b90-45da-8d15-e8583d6edb0b/screenshot[39m
[35m[HTTP][39m [90m{}[39m
[35m[HTTP][39m [37m<-- GET /wd/hub/session/ade7a0e0-7b90-45da-8d15-e8583d6edb0b/screenshot [39m[32m200[39m [90m1212 ms - 222330[39m
[35m[HTTP][39m [90m[39m
[35m[HTTP][39m [37m-->[39m [37mPOST[39m [37m/wd/hub/session/ade7a0e0-7b90-45da-8d15-e8583d6edb0b/context[39m
[35m[HTTP][39m [90m{"name":"NATIVE_APP"}[39m
[35m[HTTP][39m [37m<-- POST /wd/hub/session/ade7a0e0-7b90-45da-8d15-e8583d6edb0b/context [39m[32m200[39m [90m141 ms - 76[39m
[35m[HTTP][39m [90m[39m
[35m[HTTP][39m [37m-->[39m [37mGET[39m [37m/wd/hub/session/ade7a0e0-7b90-45da-8d15-e8583d6edb0b/context[39m
[35m[HTTP][39m [90m{}[39m
[35m[HTTP][39m [37m<-- GET /wd/hub/session/ade7a0e0-7b90-45da-8d15-e8583d6edb0b/context [39m[32m200[39m [90m2 ms - 84[39m
[35m[HTTP][39m [90m[39m
[35m[HTTP][39m [37m-->[39m [37mGET[39m [37m/wd/hub/session/ade7a0e0-7b90-45da-8d15-e8583d6edb0b/contexts[39m
[35m[HTTP][39m [90m{}[39m
[35m[HTTP][39m [37m<-- GET /wd/hub/session/ade7a0e0-7b90-45da-8d15-e8583d6edb0b/contexts [39m[32m200[39m [90m127 ms - 86[39m
[35m[HTTP][39m [90m[39m
[35m[HTTP][39m [37m-->[39m [37mPOST[39m [37m/wd/hub/session/ade7a0e0-7b90-45da-8d15-e8583d6edb0b/context[39m
[35m[HTTP][39m [90m{"name":"NATIVE_APP"}[39m
[35m[HTTP][39m [37m<-- POST /wd/hub/session/ade7a0e0-7b90-45da-8d15-e8583d6edb0b/context [39m[32m200[39m [90m164 ms - 76[39m
[35m[HTTP][39m [90m[39m
[35m[HTTP][39m [37m-->[39m [37mGET[39m [37m/wd/hub/session/ade7a0e0-7b90-45da-8d15-e8583d6edb0b/screenshot[39m
[35m[HTTP][39m [90m{}[39m
[35m[HTTP][39m [37m<-- GET /wd/hub/session/ade7a0e0-7b90-45da-8d15-e8583d6edb0b/screenshot [39m[32m200[39m [90m1143 ms - 222330[39m
[35m[HTTP][39m [90m[39m
[35m[HTTP][39m [37m-->[39m [37mPOST[39m [37m/wd/hub/session/ade7a0e0-7b90-45da-8d15-e8583d6edb0b/context[39m
[35m[HTTP][39m [90m{"name":"NATIVE_APP"}[39m
[35m[HTTP][39m [37m<-- POST /wd/hub/session/ade7a0e0-7b90-45da-8d15-e8583d6edb0b/context [39m[32m200[39m [90m122 ms - 76[39m
[35m[HTTP][39m [90m[39m
[35m[HTTP][39m [37m-->[39m [37mGET[39m [37m/wd/hub/session/ade7a0e0-7b90-45da-8d15-e8583d6edb0b/context[39m
[35m[HTTP][39m [90m{}[39m
[35m[HTTP][39m [37m<-- GET /wd/hub/session/ade7a0e0-7b90-45da-8d15-e8583d6edb0b/context [39m[32m200[39m [90m2 ms - 84[39m
[35m[HTTP][39m [90m[39m
[35m[HTTP][39m [37m-->[39m [37mGET[39m [37m/wd/hub/session/ade7a0e0-7b90-45da-8d15-e8583d6edb0b/contexts[39m
[35m[HTTP][39m [90m{}[39m
[35m[HTTP][39m [37m<-- GET /wd/hub/session/ade7a0e0-7b90-45da-8d15-e8583d6edb0b/contexts [39m[32m200[39m [90m135 ms - 86[39m
[35m[HTTP][39m [90m[39m
[35m[HTTP][39m [37m-->[39m [37mPOST[39m [37m/wd/hub/session/ade7a0e0-7b90-45da-8d15-e8583d6edb0b/context[39m
[35m[HTTP][39m [90m{"name":"NATIVE_APP"}[39m
[35m[HTTP][39m [37m<-- POST /wd/hub/session/ade7a0e0-7b90-45da-8d15-e8583d6edb0b/context [39m[32m200[39m [90m120 ms - 76[39m
[35m[HTTP][39m [90m[39m
[35m[HTTP][39m [37m-->[39m [37mPOST[39m [37m/wd/hub/session/ade7a0e0-7b90-45da-8d15-e8583d6edb0b/appium/device/press_keycode[39m
[35m[HTTP][39m [90m{"keycode":4}[39m
[35m[HTTP][39m [37m<-- POST /wd/hub/session/ade7a0e0-7b90-45da-8d15-e8583d6edb0b/appium/device/press_keycode [39m[32m200[39m [90m60 ms - 76[39m
[35m[HTTP][39m [90m[39m
[35m[HTTP][39m [37m-->[39m [37mPOST[39m [37m/wd/hub/session/ade7a0e0-7b90-45da-8d15-e8583d6edb0b/context[39m
[35m[HTTP][39m [90m{"name":"NATIVE_APP"}[39m
[35m[HTTP][39m [37m<-- POST /wd/hub/session/ade7a0e0-7b90-45da-8d15-e8583d6edb0b/context [39m[32m200[39m [90m135 ms - 76[39m
[35m[HTTP][39m [90m[39m
[35m[HTTP][39m [37m-->[39m [37mGET[39m [37m/wd/hub/session/ade7a0e0-7b90-45da-8d15-e8583d6edb0b/window/current/size[39m
[35m[HTTP][39m [90m{}[39m
[35m[HTTP][39m [37m<-- GET /wd/hub/session/ade7a0e0-7b90-45da-8d15-e8583d6edb0b/window/current/size [39m[32m200[39m [90m7 ms - 99[39m
[35m[HTTP][39m [90m[39m
[35m[HTTP][39m [37m-->[39m [37mPOST[39m [37m/wd/hub/session/ade7a0e0-7b90-45da-8d15-e8583d6edb0b/elements[39m
[35m[HTTP][39m [90m{"using":"-android uiautomator","value":"new UiSelector().description(\"productListComponent_listItem_0\")"}[39m
[35m[HTTP][39m [37m<-- POST /wd/hub/session/ade7a0e0-7b90-45da-8d15-e8583d6edb0b/elements [39m[32m200[39m [90m7853 ms - 74[39m
[35m[HTTP][39m [90m[39m
[35m[HTTP][39m [37m-->[39m [37mGET[39m [37m/wd/hub/session/ade7a0e0-7b90-45da-8d15-e8583d6edb0b/window/current/size[39m
[35m[HTTP][39m [90m{}[39m
[35m[HTTP][39m [37m<-- GET /wd/hub/session/ade7a0e0-7b90-45da-8d15-e8583d6edb0b/window/current/size [39m[32m200[39m [90m9 ms - 99[39m
[35m[HTTP][39m [90m[39m
[35m[HTTP][39m [37m-->[39m [37mPOST[39m [37m/wd/hub/session/ade7a0e0-7b90-45da-8d15-e8583d6edb0b/elements[39m
[35m[HTTP][39m [90m{"using":"-android uiautomator","value":"new UiSelector().description(\"productListComponent_listItem_0\")"}[39m
[35m[HTTP][39m [37m<-- POST /wd/hub/session/ade7a0e0-7b90-45da-8d15-e8583d6edb0b/elements [39m[32m200[39m [90m1571 ms - 74[39m
[35m[HTTP][39m [90m[39m
[35m[HTTP][39m [37m-->[39m [37mGET[39m [37m/wd/hub/session/ade7a0e0-7b90-45da-8d15-e8583d6edb0b/window/current/size[39m
[35m[HTTP][39m [90m{}[39m
[35m[HTTP][39m [37m<-- GET /wd/hub/session/ade7a0e0-7b90-45da-8d15-e8583d6edb0b/window/current/size [39m[32m200[39m [90m10 ms - 99[39m
[35m[HTTP][39m [90m[39m
[35m[HTTP][39m [37m-->[39m [37mPOST[39m [37m/wd/hub/session/ade7a0e0-7b90-45da-8d15-e8583d6edb0b/elements[39m
[35m[HTTP][39m [90m{"using":"-android uiautomator","value":"new UiSelector().description(\"productListComponent_listItem_0\")"}[39m
[35m[HTTP][39m [37m<-- POST /wd/hub/session/ade7a0e0-7b90-45da-8d15-e8583d6edb0b/elements [39m[32m200[39m [90m1308 ms - 74[39m
[35m[HTTP][39m [90m[39m
[35m[HTTP][39m [37m-->[39m [37mPOST[39m [37m/wd/hub/session/ade7a0e0-7b90-45da-8d15-e8583d6edb0b/elements[39m
[35m[HTTP][39m [90m{"using":"-android uiautomator","value":"new UiSelector().description(\"productListComponent_listItem_0\")"}[39m
[35m[HTTP][39m [37m<-- POST /wd/hub/session/ade7a0e0-7b90-45da-8d15-e8583d6edb0b/elements [39m[32m200[39m [90m5054 ms - 74[39m
[35m[HTTP][39m [90m[39m
[35m[HTTP][39m [37m-->[39m [37mGET[39m [37m/wd/hub/session/ade7a0e0-7b90-45da-8d15-e8583d6edb0b/context[39m
[35m[HTTP][39m [90m{}[39m
[35m[HTTP][39m [37m<-- GET /wd/hub/session/ade7a0e0-7b90-45da-8d15-e8583d6edb0b/context [39m[32m200[39m [90m10 ms - 84[39m
[35m[HTTP][39m [90m[39m
[35m[HTTP][39m [37m-->[39m [37mGET[39m [37m/wd/hub/session/ade7a0e0-7b90-45da-8d15-e8583d6edb0b/contexts[39m
[35m[HTTP][39m [90m{}[39m
[35m[HTTP][39m [37m<-- GET /wd/hub/session/ade7a0e0-7b90-45da-8d15-e8583d6edb0b/contexts [39m[32m200[39m [90m326 ms - 86[39m
[35m[HTTP][39m [90m[39m
[35m[HTTP][39m [37m-->[39m [37mPOST[39m [37m/wd/hub/session/ade7a0e0-7b90-45da-8d15-e8583d6edb0b/context[39m
[35m[HTTP][39m [90m{"name":"NATIVE_APP"}[39m
[35m[HTTP][39m [37m<-- POST /wd/hub/session/ade7a0e0-7b90-45da-8d15-e8583d6edb0b/context [39m[32m200[39m [90m145 ms - 76[39m
[35m[HTTP][39m [90m[39m
[35m[HTTP][39m [37m-->[39m [37mGET[39m [37m/wd/hub/session/ade7a0e0-7b90-45da-8d15-e8583d6edb0b/screenshot[39m
[35m[HTTP][39m [90m{}[39m
[35m[HTTP][39m [37m<-- GET /wd/hub/session/ade7a0e0-7b90-45da-8d15-e8583d6edb0b/screenshot [39m[32m200[39m [90m1211 ms - 222330[39m
[35m[HTTP][39m [90m[39m
[35m[HTTP][39m [37m-->[39m [37mPOST[39m [37m/wd/hub/session/ade7a0e0-7b90-45da-8d15-e8583d6edb0b/context[39m
[35m[HTTP][39m [90m{"name":"NATIVE_APP"}[39m
[35m[HTTP][39m [37m<-- POST /wd/hub/session/ade7a0e0-7b90-45da-8d15-e8583d6edb0b/context [39m[32m200[39m [90m132 ms - 76[39m
[35m[HTTP][39m [90m[39m
[35m[HTTP][39m [37m-->[39m [37mGET[39m [37m/wd/hub/session/ade7a0e0-7b90-45da-8d15-e8583d6edb0b/context[39m
[35m[HTTP][39m [90m{}[39m
[35m[HTTP][39m [37m<-- GET /wd/hub/session/ade7a0e0-7b90-45da-8d15-e8583d6edb0b/context [39m[32m200[39m [90m2 ms - 84[39m
[35m[HTTP][39m [90m[39m
[35m[HTTP][39m [37m-->[39m [37mGET[39m [37m/wd/hub/session/ade7a0e0-7b90-45da-8d15-e8583d6edb0b/contexts[39m
[35m[HTTP][39m [90m{}[39m
[35m[HTTP][39m [37m<-- GET /wd/hub/session/ade7a0e0-7b90-45da-8d15-e8583d6edb0b/contexts [39m[32m200[39m [90m124 ms - 86[39m
[35m[HTTP][39m [90m[39m
[35m[HTTP][39m [37m-->[39m [37mPOST[39m [37m/wd/hub/session/ade7a0e0-7b90-45da-8d15-e8583d6edb0b/context[39m
[35m[HTTP][39m [90m{"name":"NATIVE_APP"}[39m
[35m[HTTP][39m [37m<-- POST /wd/hub/session/ade7a0e0-7b90-45da-8d15-e8583d6edb0b/context [39m[32m200[39m [90m132 ms - 76[39m
[35m[HTTP][39m [90m[39m
[35m[HTTP][39m [37m-->[39m [37mGET[39m [37m/wd/hub/session/ade7a0e0-7b90-45da-8d15-e8583d6edb0b/screenshot[39m
[35m[HTTP][39m [90m{}[39m
[35m[HTTP][39m [37m<-- GET /wd/hub/session/ade7a0e0-7b90-45da-8d15-e8583d6edb0b/screenshot [39m[32m200[39m [90m1116 ms - 222330[39m
[35m[HTTP][39m [90m[39m
[35m[HTTP][39m [37m-->[39m [37mPOST[39m [37m/wd/hub/session/ade7a0e0-7b90-45da-8d15-e8583d6edb0b/context[39m
[35m[HTTP][39m [90m{"name":"NATIVE_APP"}[39m
[35m[HTTP][39m [37m<-- POST /wd/hub/session/ade7a0e0-7b90-45da-8d15-e8583d6edb0b/context [39m[32m200[39m [90m140 ms - 76[39m
[35m[HTTP][39m [90m[39m
[35m[HTTP][39m [37m-->[39m [37mGET[39m [37m/wd/hub/session/ade7a0e0-7b90-45da-8d15-e8583d6edb0b/window/current/size[39m
[35m[HTTP][39m [90m{}[39m
[35m[HTTP][39m [37m<-- GET /wd/hub/session/ade7a0e0-7b90-45da-8d15-e8583d6edb0b/window/current/size [39m[32m200[39m [90m8 ms - 99[39m
[35m[HTTP][39m [90m[39m
[35m[HTTP][39m [37m-->[39m [37mPOST[39m [37m/wd/hub/session/ade7a0e0-7b90-45da-8d15-e8583d6edb0b/elements[39m
[35m[HTTP][39m [90m{"using":"-android uiautomator","value":"new UiSelector().description(\"ubahinfoButton\")"}[39m
[35m[HTTP][39m [37m<-- POST /wd/hub/session/ade7a0e0-7b90-45da-8d15-e8583d6edb0b/elements [39m[32m200[39m [90m1498 ms - 74[39m
[35m[HTTP][39m [90m[39m
[35m[HTTP][39m [37m-->[39m [37mPOST[39m [37m/wd/hub/session/ade7a0e0-7b90-45da-8d15-e8583d6edb0b/elements[39m
[35m[HTTP][39m [90m{"using":"-android uiautomator","value":"new UiSelector().description(\"ubahinfoButton\")"}[39m
[35m[HTTP][39m [37m<-- POST /wd/hub/session/ade7a0e0-7b90-45da-8d15-e8583d6edb0b/elements [39m[32m200[39m [90m4602 ms - 74[39m
[35m[HTTP][39m [90m[39m
[35m[HTTP][39m [37m-->[39m [37mGET[39m [37m/wd/hub/session/ade7a0e0-7b90-45da-8d15-e8583d6edb0b/window/current/size[39m
[35m[HTTP][39m [90m{}[39m
[35m[HTTP][39m [37m<-- GET /wd/hub/session/ade7a0e0-7b90-45da-8d15-e8583d6edb0b/window/current/size [39m[32m200[39m [90m13 ms - 99[39m
[35m[HTTP][39m [90m[39m
[35m[HTTP][39m [37m-->[39m [37mPOST[39m [37m/wd/hub/session/ade7a0e0-7b90-45da-8d15-e8583d6edb0b/elements[39m
[35m[HTTP][39m [90m{"using":"-android uiautomator","value":"new UiSelector().description(\"ubahinfoButton\")"}[39m
[35m[HTTP][39m [37m<-- POST /wd/hub/session/ade7a0e0-7b90-45da-8d15-e8583d6edb0b/elements [39m[32m200[39m [90m986 ms - 74[39m
[35m[HTTP][39m [90m[39m
[35m[HTTP][39m [37m-->[39m [37mGET[39m [37m/wd/hub/session/ade7a0e0-7b90-45da-8d15-e8583d6edb0b/window/current/size[39m
[35m[HTTP][39m [90m{}[39m
[35m[HTTP][39m [37m<-- GET /wd/hub/session/ade7a0e0-7b90-45da-8d15-e8583d6edb0b/window/current/size [39m[32m200[39m [90m9 ms - 99[39m
[35m[HTTP][39m [90m[39m
[35m[HTTP][39m [37m-->[39m [37mPOST[39m [37m/wd/hub/session/ade7a0e0-7b90-45da-8d15-e8583d6edb0b/elements[39m
[35m[HTTP][39m [90m{"using":"-android uiautomator","value":"new UiSelector().description(\"ubahinfoButton\")"}[39m
[35m[HTTP][39m [37m<-- POST /wd/hub/session/ade7a0e0-7b90-45da-8d15-e8583d6edb0b/elements [39m[32m200[39m [90m2397 ms - 74[39m
[35m[HTTP][39m [90m[39m
[35m[HTTP][39m [37m-->[39m [37mPOST[39m [37m/wd/hub/session/ade7a0e0-7b90-45da-8d15-e8583d6edb0b/elements[39m
[35m[HTTP][39m [90m{"using":"-android uiautomator","value":"new UiSelector().description(\"ubahinfoButton\")"}[39m
[35m[HTTP][39m [37m<-- POST /wd/hub/session/ade7a0e0-7b90-45da-8d15-e8583d6edb0b/elements [39m[32m200[39m [90m8563 ms - 74[39m
[35m[HTTP][39m [90m[39m
[35m[HTTP][39m [37m-->[39m [37mGET[39m [37m/wd/hub/session/ade7a0e0-7b90-45da-8d15-e8583d6edb0b/context[39m
[35m[HTTP][39m [90m{}[39m
[35m[HTTP][39m [37m<-- GET /wd/hub/session/ade7a0e0-7b90-45da-8d15-e8583d6edb0b/context [39m[32m200[39m [90m7 ms - 84[39m
[35m[HTTP][39m [90m[39m
[35m[HTTP][39m [37m-->[39m [37mGET[39m [37m/wd/hub/session/ade7a0e0-7b90-45da-8d15-e8583d6edb0b/contexts[39m
[35m[HTTP][39m [90m{}[39m
[35m[HTTP][39m [37m<-- GET /wd/hub/session/ade7a0e0-7b90-45da-8d15-e8583d6edb0b/contexts [39m[32m200[39m [90m180 ms - 86[39m
[35m[HTTP][39m [90m[39m
[35m[HTTP][39m [37m-->[39m [37mPOST[39m [37m/wd/hub/session/ade7a0e0-7b90-45da-8d15-e8583d6edb0b/context[39m
[35m[HTTP][39m [90m{"name":"NATIVE_APP"}[39m
[35m[HTTP][39m [37m<-- POST /wd/hub/session/ade7a0e0-7b90-45da-8d15-e8583d6edb0b/context [39m[32m200[39m [90m141 ms - 76[39m
[35m[HTTP][39m [90m[39m
[35m[HTTP][39m [37m-->[39m [37mGET[39m [37m/wd/hub/session/ade7a0e0-7b90-45da-8d15-e8583d6edb0b/screenshot[39m
[35m[HTTP][39m [90m{}[39m
[35m[HTTP][39m [37m<-- GET /wd/hub/session/ade7a0e0-7b90-45da-8d15-e8583d6edb0b/screenshot [39m[32m200[39m [90m1143 ms - 222330[39m
[35m[HTTP][39m [90m[39m
[35m[HTTP][39m [37m-->[39m [37mPOST[39m [37m/wd/hub/session/ade7a0e0-7b90-45da-8d15-e8583d6edb0b/context[39m
[35m[HTTP][39m [90m{"name":"NATIVE_APP"}[39m
[35m[HTTP][39m [37m<-- POST /wd/hub/session/ade7a0e0-7b90-45da-8d15-e8583d6edb0b/context [39m[32m200[39m [90m146 ms - 76[39m
[35m[HTTP][39m [90m[39m
[35m[HTTP][39m [37m-->[39m [37mGET[39m [37m/wd/hub/session/ade7a0e0-7b90-45da-8d15-e8583d6edb0b/context[39m
[35m[HTTP][39m [90m{}[39m
[35m[HTTP][39m [37m<-- GET /wd/hub/session/ade7a0e0-7b90-45da-8d15-e8583d6edb0b/context [39m[32m200[39m [90m4 ms - 84[39m
[35m[HTTP][39m [90m[39m
[35m[HTTP][39m [37m-->[39m [37mGET[39m [37m/wd/hub/session/ade7a0e0-7b90-45da-8d15-e8583d6edb0b/contexts[39m
[35m[HTTP][39m [90m{}[39m
[35m[HTTP][39m [37m<-- GET /wd/hub/session/ade7a0e0-7b90-45da-8d15-e8583d6edb0b/contexts [39m[32m200[39m [90m189 ms - 86[39m
[35m[HTTP][39m [90m[39m
[35m[HTTP][39m [37m-->[39m [37mPOST[39m [37m/wd/hub/session/ade7a0e0-7b90-45da-8d15-e8583d6edb0b/context[39m
[35m[HTTP][39m [90m{"name":"NATIVE_APP"}[39m
[35m[HTTP][39m [37m<-- POST /wd/hub/session/ade7a0e0-7b90-45da-8d15-e8583d6edb0b/context [39m[32m200[39m [90m141 ms - 76[39m
[35m[HTTP][39m [90m[39m
[35m[HTTP][39m [37m-->[39m [37mGET[39m [37m/wd/hub/session/ade7a0e0-7b90-45da-8d15-e8583d6edb0b/screenshot[39m
[35m[HTTP][39m [90m{}[39m
[35m[HTTP][39m [37m<-- GET /wd/hub/session/ade7a0e0-7b90-45da-8d15-e8583d6edb0b/screenshot [39m[32m200[39m [90m1193 ms - 224666[39m
[35m[HTTP][39m [90m[39m
[35m[HTTP][39m [37m-->[39m [37mPOST[39m [37m/wd/hub/session/ade7a0e0-7b90-45da-8d15-e8583d6edb0b/context[39m
[35m[HTTP][39m [90m{"name":"NATIVE_APP"}[39m
[35m[HTTP][39m [37m<-- POST /wd/hub/session/ade7a0e0-7b90-45da-8d15-e8583d6edb0b/context [39m[32m200[39m [90m134 ms - 76[39m
[35m[HTTP][39m [90m[39m
[35m[HTTP][39m [37m-->[39m [37mGET[39m [37m/wd/hub/session/ade7a0e0-7b90-45da-8d15-e8583d6edb0b/window/current/size[39m
[35m[HTTP][39m [90m{}[39m
[35m[HTTP][39m [37m<-- GET /wd/hub/session/ade7a0e0-7b90-45da-8d15-e8583d6edb0b/window/current/size [39m[32m200[39m [90m8 ms - 99[39m
[35m[HTTP][39m [90m[39m
[35m[HTTP][39m [37m-->[39m [37mPOST[39m [37m/wd/hub/session/ade7a0e0-7b90-45da-8d15-e8583d6edb0b/elements[39m
[35m[HTTP][39m [90m{"using":"-android uiautomator","value":"new UiSelector().description(\"action_plus_anumberpicker\")"}[39m
[35m[HTTP][39m [37m<-- POST /wd/hub/session/ade7a0e0-7b90-45da-8d15-e8583d6edb0b/elements [39m[32m200[39m [90m975 ms - 74[39m
[35m[HTTP][39m [90m[39m
[35m[HTTP][39m [37m-->[39m [37mPOST[39m [37m/wd/hub/session/ade7a0e0-7b90-45da-8d15-e8583d6edb0b/elements[39m
[35m[HTTP][39m [90m{"using":"-android uiautomator","value":"new UiSelector().description(\"action_plus_anumberpicker\")"}[39m
[35m[HTTP][39m [37m<-- POST /wd/hub/session/ade7a0e0-7b90-45da-8d15-e8583d6edb0b/elements [39m[32m200[39m [90m1895 ms - 74[39m
[35m[HTTP][39m [90m[39m
[35m[HTTP][39m [37m-->[39m [37mPOST[39m [37m/wd/hub/session/ade7a0e0-7b90-45da-8d15-e8583d6edb0b/elements[39m
[35m[HTTP][39m [90m{"using":"-android uiautomator","value":"new UiSelector().description(\"action_plus_anumberpicker\")"}[39m
[35m[HTTP][39m [37m<-- POST /wd/hub/session/ade7a0e0-7b90-45da-8d15-e8583d6edb0b/elements [39m[32m200[39m [90m1590 ms - 74[39m
[35m[HTTP][39m [90m[39m
[35m[HTTP][39m [37m-->[39m [37mPOST[39m [37m/wd/hub/session/ade7a0e0-7b90-45da-8d15-e8583d6edb0b/elements[39m
[35m[HTTP][39m [90m{"using":"-android uiautomator","value":"new UiSelector().description(\"action_plus_anumberpicker\")"}[39m
[35m[HTTP][39m [37m<-- POST /wd/hub/session/ade7a0e0-7b90-45da-8d15-e8583d6edb0b/elements [39m[32m-[39m [90m- ms - -[39m
[35m[HTTP][39m [90m[39m
