<?xml version="1.0" encoding="UTF-8" standalone="no"?>
<!DOCTYPE log SYSTEM "logger.dtd">
<log>
<record>
  <date>2018-02-22T15:55:55</date>
  <millis>1519289755988</millis>
  <sequence>0</sequence>
  <level>START</level>
  <class>com.kms.katalon.core.logging.KeywordLogger</class>
  <method>startSuite</method>
  <thread>1</thread>
  <message>Start Test Suite : Showcase</message>
  <nestedLevel>0</nestedLevel>
  <property name="name">Showcase</property>
  <property name="description"></property>
  <property name="id">Test Suites/Showcase</property>
</record>
<record>
  <date>2018-02-22T15:55:56</date>
  <millis>1519289756027</millis>
  <sequence>1</sequence>
  <level>RUN_DATA</level>
  <class>com.kms.katalon.core.logging.KeywordLogger</class>
  <method>logMessage</method>
  <thread>1</thread>
  <message>Logging run data &amp;apos;hostName&amp;apos; with value &amp;apos;AV2017005903 - NBMP18A211ITSQA.corp.bankbtpn.co.id&amp;apos;</message>
  <nestedLevel>0</nestedLevel>
  <property name="hostName">AV2017005903 - NBMP18A211ITSQA.corp.bankbtpn.co.id</property>
</record>
<record>
  <date>2018-02-22T15:55:56</date>
  <millis>1519289756029</millis>
  <sequence>2</sequence>
  <level>RUN_DATA</level>
  <class>com.kms.katalon.core.logging.KeywordLogger</class>
  <method>logMessage</method>
  <thread>1</thread>
  <message>Logging run data &amp;apos;os&amp;apos; with value &amp;apos;Windows 10 64bit&amp;apos;</message>
  <nestedLevel>0</nestedLevel>
  <property name="os">Windows 10 64bit</property>
</record>
<record>
  <date>2018-02-22T15:55:56</date>
  <millis>1519289756029</millis>
  <sequence>3</sequence>
  <level>RUN_DATA</level>
  <class>com.kms.katalon.core.logging.KeywordLogger</class>
  <method>logMessage</method>
  <thread>1</thread>
  <message>Logging run data &amp;apos;hostAddress&amp;apos; with value &amp;apos;10.5.11.184&amp;apos;</message>
  <nestedLevel>0</nestedLevel>
  <property name="hostAddress">10.5.11.184</property>
</record>
<record>
  <date>2018-02-22T15:55:56</date>
  <millis>1519289756031</millis>
  <sequence>4</sequence>
  <level>RUN_DATA</level>
  <class>com.kms.katalon.core.logging.KeywordLogger</class>
  <method>logMessage</method>
  <thread>1</thread>
  <message>Logging run data &amp;apos;katalonVersion&amp;apos; with value &amp;apos;5.0.0.1&amp;apos;</message>
  <nestedLevel>0</nestedLevel>
  <property name="katalonVersion">5.0.0.1</property>
</record>
