[35m[Appium][39m Welcome to Appium v1.8.1
[35m[Appium][39m Non-default server args:
[35m[Appium][39m   port: 65002
[35m[Appium][39m   loglevel: info
[35m[Appium][39m   chromeDriverPort: 65003
[35m[Appium][39m   tmpDir: C:\Users\AV2017~2\AppData\Local\Temp\\Katalon\Appium\Temp1531210414222
[35m[Appium][39m Appium REST http interface listener started on 0.0.0.0:65002
[35m[HTTP][39m [37m-->[39m [37mGET[39m [37m/wd/hub/status[39m
[35m[HTTP][39m [90m{}[39m
[35m[HTTP][39m [37m<-- GET /wd/hub/status [39m[32m200[39m [90m71 ms - 83[39m
[35m[HTTP][39m [90m[39m
[35m[HTTP][39m [37m-->[39m [37mPOST[39m [37m/wd/hub/session[39m
[35m[HTTP][39m [90m{"desiredCapabilities":{"app":"C:\\Users\\AV2017005903\\Documents\\apollo-automation\\app-sit-3 Juli.apk","appWaitActivity":"*","autoGrantPermissions":true,"deviceId":"6e4df14","deviceName":"OPPO A37f (Android 5.1.1)","fullReset":true,"newCommandTimeout":1800,"noReset":false,"platform":"ANDROID","platformName":"Android","udid":"6e4df14"},"capabilities":{"desiredCapabilities":{"app":"C:\\Users\\AV2017005903\\Documents\\apollo-automation\\app-sit-3 Juli.apk","appWaitActivity":"*","autoGrantPermissions":true,"deviceId":"6e4df14","deviceName":"OPPO A37f (Android 5.1.1)","fullReset":true,"newCommandTimeout":1800,"noReset":false,"platform":"ANDROID","platformName":"Android","udid":"6e4df14"},"firstMatch":[{"platformName":"android"}]}}[39m
[35m[Appium][39m Could not parse W3C capabilities: 'deviceName' can't be blank. Falling back to JSONWP protocol.
[35m[Appium][39m The following capabilities were provided in the JSONWP desired capabilities that are missing in W3C capabilities: ["app","appWaitActivity","autoGrantPermissions","deviceId","deviceName","fullReset","newCommandTimeout","noReset","platform","platformName","udid"]. Falling back to JSONWP protocol.
[35m[Appium][39m Creating new AndroidDriver (v2.7.0) session
[35m[Appium][39m Capabilities:
[35m[Appium][39m   app: C:\Users\AV2017005903\Documents\apollo-automation\app-sit-3 Juli.apk
[35m[Appium][39m   appWaitActivity: *
[35m[Appium][39m   autoGrantPermissions: true
[35m[Appium][39m   deviceId: 6e4df14
[35m[Appium][39m   deviceName: OPPO A37f (Android 5.1.1)
[35m[Appium][39m   fullReset: true
[35m[Appium][39m   newCommandTimeout: 1800
[35m[Appium][39m   noReset: false
[35m[Appium][39m   platform: ANDROID
[35m[Appium][39m   platformName: Android
[35m[Appium][39m   udid: 6e4df14
[35m[BaseDriver][39m The following capabilities were provided, but are not recognized by appium: deviceId, platform.
[35m[BaseDriver][39m Session created with session id: f78fe2f3-a510-459f-b8f3-e98655f4d95d
[35m[AndroidDriver][39m Java version is: 1.8.0_102
[35m[ADB][39m Checking whether adb is present
[35m[ADB][39m Found 1 'build-tools' folders under 'C:\Users\AV2017005903\.katalon\tools\android_sdk' (newest first):
[35m[ADB][39m     C:/Users/AV2017005903/.katalon/tools/android_sdk/build-tools/27.0.3
[35m[ADB][39m Using adb.exe from C:\Users\AV2017005903\.katalon\tools\android_sdk\platform-tools\adb.exe
[35m[AndroidDriver][39m Retrieving device list
[35m[AndroidDriver][39m Using device: 6e4df14
[35m[BaseDriver][39m Using local app 'C:\Users\AV2017005903\Documents\apollo-automation\app-sit-3 Juli.apk'
[35m[AndroidDriver][39m Starting Android session
[35m[ADB][39m Checking whether aapt is present
[35m[ADB][39m Using aapt.exe from C:\Users\AV2017005903\.katalon\tools\android_sdk\build-tools\27.0.3\aapt.exe
[35m[AndroidDriver][39m setDeviceLanguageCountry requires language or country.
[35m[AndroidDriver][39m Got language: 'null' and country: 'null'
[35m[ADB][39m Getting device platform version
[35m[ADB][39m Using the alternative activity name detection method because of: Could not find apkanalyzer.bat in C:\Users\AV2017005903\.katalon\tools\android_sdk\platform-tools\apkanalyzer.bat,C:\Users\AV2017005903\.katalon\tools\android_sdk\emulator\apkanalyzer.bat,C:\Users\AV2017005903\.katalon\tools\android_sdk\tools\apkanalyzer.bat,C:\Users\AV2017005903\.katalon\tools\android_sdk\tools\bin\apkanalyzer.bat,C:\Users\AV2017005903\.katalon\tools\android_sdk\build-tools\27.0.3\apkanalyzer.bat. Do you have the Android SDK installed at 'C:\Users\AV2017005903\.katalon\tools\android_sdk'?
[35m[ADB][39m Extracting package and launch activity from manifest
[35m[ADB][39m Package name: 'com.btpn.appbisnis.sit'
[35m[ADB][39m Main activity name: 'com.btpn_mpos_rn.react_bridging.splash.SplashActivity'
[35m[ADB][39m com.btpn.appbisnis.sit was not uninstalled, because it was not present on the device
[35m[ADB][39m Successfully extracted 933 strings from 'C:\Users\AV2017005903\Documents\apollo-automation\app-sit-3 Juli.apk' resources for '(default)' configuration
[35m[ADB][39m Cannot kill process 12311 in 1000 ms. Trying to force kill...
[35m[AndroidBootstrap][39m Android bootstrap socket is now connected
[35m[AndroidDriver][39m Screen already unlocked, doing nothing
[35m[Appium][39m New AndroidDriver session created successfully, session f78fe2f3-a510-459f-b8f3-e98655f4d95d added to master session list
[35m[HTTP][39m [37m<-- POST /wd/hub/session [39m[32m200[39m [90m29662 ms - 1150[39m
[35m[HTTP][39m [90m[39m
[35m[HTTP][39m [37m-->[39m [37mGET[39m [37m/wd/hub/status[39m
[35m[HTTP][39m [90m{}[39m
[35m[HTTP][39m [37m<-- GET /wd/hub/status [39m[32m200[39m [90m51 ms - 55[39m
[35m[HTTP][39m [90m[39m
[35m[HTTP][39m [37m-->[39m [37mPOST[39m [37m/wd/hub/session/f78fe2f3-a510-459f-b8f3-e98655f4d95d/timeouts[39m
[35m[HTTP][39m [90m{"type":"implicit","ms":30000}[39m
[35m[HTTP][39m [37m<-- POST /wd/hub/session/f78fe2f3-a510-459f-b8f3-e98655f4d95d/timeouts [39m[33m400[39m [90m13 ms - 5532[39m
[35m[HTTP][39m [90m[39m
[35m[HTTP][39m [37m-->[39m [37mPOST[39m [37m/wd/hub/session/f78fe2f3-a510-459f-b8f3-e98655f4d95d/touch/perform[39m
[35m[HTTP][39m [90m{"actions":[{"action":"longPress","options":{"x":450,"y":300}},{"action":"moveTo","options":{"x":100,"y":300}},{"action":"release","options":{}}]}[39m
[35m[HTTP][39m [37m<-- POST /wd/hub/session/f78fe2f3-a510-459f-b8f3-e98655f4d95d/touch/perform [39m[32m200[39m [90m2905 ms - 76[39m
[35m[HTTP][39m [90m[39m
[35m[HTTP][39m [37m-->[39m [37mPOST[39m [37m/wd/hub/session/f78fe2f3-a510-459f-b8f3-e98655f4d95d/touch/perform[39m
[35m[HTTP][39m [90m{"actions":[{"action":"longPress","options":{"x":450,"y":300}},{"action":"moveTo","options":{"x":100,"y":300}},{"action":"release","options":{}}]}[39m
[35m[HTTP][39m [37m<-- POST /wd/hub/session/f78fe2f3-a510-459f-b8f3-e98655f4d95d/touch/perform [39m[32m200[39m [90m2860 ms - 76[39m
[35m[HTTP][39m [90m[39m
[35m[HTTP][39m [37m-->[39m [37mPOST[39m [37m/wd/hub/session/f78fe2f3-a510-459f-b8f3-e98655f4d95d/touch/perform[39m
[35m[HTTP][39m [90m{"actions":[{"action":"longPress","options":{"x":450,"y":300}},{"action":"moveTo","options":{"x":100,"y":300}},{"action":"release","options":{}}]}[39m
[35m[HTTP][39m [37m<-- POST /wd/hub/session/f78fe2f3-a510-459f-b8f3-e98655f4d95d/touch/perform [39m[32m200[39m [90m2864 ms - 76[39m
[35m[HTTP][39m [90m[39m
[35m[HTTP][39m [37m-->[39m [37mPOST[39m [37m/wd/hub/session/f78fe2f3-a510-459f-b8f3-e98655f4d95d/touch/perform[39m
[35m[HTTP][39m [90m{"actions":[{"action":"longPress","options":{"x":450,"y":300}},{"action":"moveTo","options":{"x":100,"y":300}},{"action":"release","options":{}}]}[39m
[35m[HTTP][39m [37m<-- POST /wd/hub/session/f78fe2f3-a510-459f-b8f3-e98655f4d95d/touch/perform [39m[32m200[39m [90m2642 ms - 76[39m
[35m[HTTP][39m [90m[39m
[35m[HTTP][39m [37m-->[39m [37mGET[39m [37m/wd/hub/session/f78fe2f3-a510-459f-b8f3-e98655f4d95d/window/current/size[39m
[35m[HTTP][39m [90m{}[39m
[35m[HTTP][39m [37m<-- GET /wd/hub/session/f78fe2f3-a510-459f-b8f3-e98655f4d95d/window/current/size [39m[32m200[39m [90m10 ms - 99[39m
[35m[HTTP][39m [90m[39m
[35m[HTTP][39m [37m-->[39m [37mPOST[39m [37m/wd/hub/session/f78fe2f3-a510-459f-b8f3-e98655f4d95d/elements[39m
[35m[HTTP][39m [90m{"using":"-android uiautomator","value":"new UiSelector().description(\"start_button_touch\")"}[39m
[35m[HTTP][39m [37m<-- POST /wd/hub/session/f78fe2f3-a510-459f-b8f3-e98655f4d95d/elements [39m[32m200[39m [90m2805 ms - 89[39m
[35m[HTTP][39m [90m[39m
[35m[HTTP][39m [37m-->[39m [37mGET[39m [37m/wd/hub/session/f78fe2f3-a510-459f-b8f3-e98655f4d95d[39m
[35m[HTTP][39m [90m{}[39m
[35m[HTTP][39m [37m<-- GET /wd/hub/session/f78fe2f3-a510-459f-b8f3-e98655f4d95d [39m[32m200[39m [90m4 ms - 1150[39m
[35m[HTTP][39m [90m[39m
[35m[HTTP][39m [37m-->[39m [37mGET[39m [37m/wd/hub/session/f78fe2f3-a510-459f-b8f3-e98655f4d95d[39m
[35m[HTTP][39m [90m{}[39m
[35m[HTTP][39m [37m<-- GET /wd/hub/session/f78fe2f3-a510-459f-b8f3-e98655f4d95d [39m[32m200[39m [90m2 ms - 1150[39m
[35m[HTTP][39m [90m[39m
[35m[HTTP][39m [37m-->[39m [37mGET[39m [37m/wd/hub/session/f78fe2f3-a510-459f-b8f3-e98655f4d95d[39m
[35m[HTTP][39m [90m{}[39m
[35m[HTTP][39m [37m<-- GET /wd/hub/session/f78fe2f3-a510-459f-b8f3-e98655f4d95d [39m[32m200[39m [90m3 ms - 1150[39m
[35m[HTTP][39m [90m[39m
[35m[HTTP][39m [37m-->[39m [37mGET[39m [37m/wd/hub/session/f78fe2f3-a510-459f-b8f3-e98655f4d95d[39m
[35m[HTTP][39m [90m{}[39m
[35m[HTTP][39m [37m<-- GET /wd/hub/session/f78fe2f3-a510-459f-b8f3-e98655f4d95d [39m[32m200[39m [90m2 ms - 1150[39m
[35m[HTTP][39m [90m[39m
[35m[HTTP][39m [37m-->[39m [37mGET[39m [37m/wd/hub/session/f78fe2f3-a510-459f-b8f3-e98655f4d95d/element/1/location[39m
[35m[HTTP][39m [90m{}[39m
[35m[HTTP][39m [37m<-- GET /wd/hub/session/f78fe2f3-a510-459f-b8f3-e98655f4d95d/element/1/location [39m[32m200[39m [90m465 ms - 89[39m
[35m[HTTP][39m [90m[39m
[35m[HTTP][39m [37m-->[39m [37mGET[39m [37m/wd/hub/session/f78fe2f3-a510-459f-b8f3-e98655f4d95d/window/current/size[39m
[35m[HTTP][39m [90m{}[39m
[35m[HTTP][39m [37m<-- GET /wd/hub/session/f78fe2f3-a510-459f-b8f3-e98655f4d95d/window/current/size [39m[32m200[39m [90m10 ms - 99[39m
[35m[HTTP][39m [90m[39m
[35m[HTTP][39m [37m-->[39m [37mPOST[39m [37m/wd/hub/session/f78fe2f3-a510-459f-b8f3-e98655f4d95d/elements[39m
[35m[HTTP][39m [90m{"using":"-android uiautomator","value":"new UiSelector().description(\"start_button_touch\")"}[39m
[35m[HTTP][39m [37m<-- POST /wd/hub/session/f78fe2f3-a510-459f-b8f3-e98655f4d95d/elements [39m[32m200[39m [90m2350 ms - 89[39m
[35m[HTTP][39m [90m[39m
[35m[HTTP][39m [37m-->[39m [37mGET[39m [37m/wd/hub/session/f78fe2f3-a510-459f-b8f3-e98655f4d95d[39m
[35m[HTTP][39m [90m{}[39m
[35m[HTTP][39m [37m<-- GET /wd/hub/session/f78fe2f3-a510-459f-b8f3-e98655f4d95d [39m[32m200[39m [90m3 ms - 1150[39m
[35m[HTTP][39m [90m[39m
[35m[HTTP][39m [37m-->[39m [37mGET[39m [37m/wd/hub/session/f78fe2f3-a510-459f-b8f3-e98655f4d95d[39m
[35m[HTTP][39m [90m{}[39m
[35m[HTTP][39m [37m<-- GET /wd/hub/session/f78fe2f3-a510-459f-b8f3-e98655f4d95d [39m[32m200[39m [90m4 ms - 1150[39m
[35m[HTTP][39m [90m[39m
[35m[HTTP][39m [37m-->[39m [37mGET[39m [37m/wd/hub/session/f78fe2f3-a510-459f-b8f3-e98655f4d95d[39m
[35m[HTTP][39m [90m{}[39m
[35m[HTTP][39m [37m<-- GET /wd/hub/session/f78fe2f3-a510-459f-b8f3-e98655f4d95d [39m[32m200[39m [90m3 ms - 1150[39m
[35m[HTTP][39m [90m[39m
[35m[HTTP][39m [37m-->[39m [37mGET[39m [37m/wd/hub/session/f78fe2f3-a510-459f-b8f3-e98655f4d95d[39m
[35m[HTTP][39m [90m{}[39m
[35m[HTTP][39m [37m<-- GET /wd/hub/session/f78fe2f3-a510-459f-b8f3-e98655f4d95d [39m[32m200[39m [90m3 ms - 1150[39m
[35m[HTTP][39m [90m[39m
[35m[HTTP][39m [37m-->[39m [37mGET[39m [37m/wd/hub/session/f78fe2f3-a510-459f-b8f3-e98655f4d95d/element/2/location[39m
[35m[HTTP][39m [90m{}[39m
[35m[HTTP][39m [37m<-- GET /wd/hub/session/f78fe2f3-a510-459f-b8f3-e98655f4d95d/element/2/location [39m[32m200[39m [90m1048 ms - 89[39m
[35m[HTTP][39m [90m[39m
[35m[HTTP][39m [37m-->[39m [37mPOST[39m [37m/wd/hub/session/f78fe2f3-a510-459f-b8f3-e98655f4d95d/touch/perform[39m
[35m[HTTP][39m [90m{"actions":[{"action":"tap","options":{"element":"2","x":1,"y":1}}]}[39m
[35m[HTTP][39m [37m<-- POST /wd/hub/session/f78fe2f3-a510-459f-b8f3-e98655f4d95d/touch/perform [39m[32m200[39m [90m1343 ms - 76[39m
[35m[HTTP][39m [90m[39m
[35m[HTTP][39m [37m-->[39m [37mGET[39m [37m/wd/hub/session/f78fe2f3-a510-459f-b8f3-e98655f4d95d/window/current/size[39m
[35m[HTTP][39m [90m{}[39m
[35m[HTTP][39m [37m<-- GET /wd/hub/session/f78fe2f3-a510-459f-b8f3-e98655f4d95d/window/current/size [39m[32m200[39m [90m9 ms - 99[39m
[35m[HTTP][39m [90m[39m
[35m[HTTP][39m [37m-->[39m [37mPOST[39m [37m/wd/hub/session/f78fe2f3-a510-459f-b8f3-e98655f4d95d/elements[39m
[35m[HTTP][39m [90m{"using":"-android uiautomator","value":"new UiSelector().description(\"LoginNameTextInput\")"}[39m
[35m[HTTP][39m [37m<-- POST /wd/hub/session/f78fe2f3-a510-459f-b8f3-e98655f4d95d/elements [39m[32m200[39m [90m2194 ms - 89[39m
[35m[HTTP][39m [90m[39m
[35m[HTTP][39m [37m-->[39m [37mGET[39m [37m/wd/hub/session/f78fe2f3-a510-459f-b8f3-e98655f4d95d[39m
[35m[HTTP][39m [90m{}[39m
[35m[HTTP][39m [37m<-- GET /wd/hub/session/f78fe2f3-a510-459f-b8f3-e98655f4d95d [39m[32m200[39m [90m14 ms - 1150[39m
[35m[HTTP][39m [90m[39m
[35m[HTTP][39m [37m-->[39m [37mGET[39m [37m/wd/hub/session/f78fe2f3-a510-459f-b8f3-e98655f4d95d[39m
[35m[HTTP][39m [90m{}[39m
[35m[HTTP][39m [37m<-- GET /wd/hub/session/f78fe2f3-a510-459f-b8f3-e98655f4d95d [39m[32m200[39m [90m4 ms - 1150[39m
[35m[HTTP][39m [90m[39m
[35m[HTTP][39m [37m-->[39m [37mGET[39m [37m/wd/hub/session/f78fe2f3-a510-459f-b8f3-e98655f4d95d[39m
[35m[HTTP][39m [90m{}[39m
[35m[HTTP][39m [37m<-- GET /wd/hub/session/f78fe2f3-a510-459f-b8f3-e98655f4d95d [39m[32m200[39m [90m6 ms - 1150[39m
[35m[HTTP][39m [90m[39m
[35m[HTTP][39m [37m-->[39m [37mGET[39m [37m/wd/hub/session/f78fe2f3-a510-459f-b8f3-e98655f4d95d[39m
[35m[HTTP][39m [90m{}[39m
[35m[HTTP][39m [37m<-- GET /wd/hub/session/f78fe2f3-a510-459f-b8f3-e98655f4d95d [39m[32m200[39m [90m4 ms - 1150[39m
[35m[HTTP][39m [90m[39m
[35m[HTTP][39m [37m-->[39m [37mGET[39m [37m/wd/hub/session/f78fe2f3-a510-459f-b8f3-e98655f4d95d/element/3/location[39m
[35m[HTTP][39m [90m{}[39m
[35m[HTTP][39m [37m<-- GET /wd/hub/session/f78fe2f3-a510-459f-b8f3-e98655f4d95d/element/3/location [39m[32m200[39m [90m433 ms - 88[39m
[35m[HTTP][39m [90m[39m
[35m[HTTP][39m [37m-->[39m [37mGET[39m [37m/wd/hub/session/f78fe2f3-a510-459f-b8f3-e98655f4d95d/window/current/size[39m
[35m[HTTP][39m [90m{}[39m
[35m[HTTP][39m [37m<-- GET /wd/hub/session/f78fe2f3-a510-459f-b8f3-e98655f4d95d/window/current/size [39m[32m200[39m [90m9 ms - 99[39m
[35m[HTTP][39m [90m[39m
[35m[HTTP][39m [37m-->[39m [37mPOST[39m [37m/wd/hub/session/f78fe2f3-a510-459f-b8f3-e98655f4d95d/elements[39m
[35m[HTTP][39m [90m{"using":"-android uiautomator","value":"new UiSelector().description(\"LoginNameTextInput\")"}[39m
[35m[HTTP][39m [37m<-- POST /wd/hub/session/f78fe2f3-a510-459f-b8f3-e98655f4d95d/elements [39m[32m200[39m [90m3386 ms - 89[39m
[35m[HTTP][39m [90m[39m
[35m[HTTP][39m [37m-->[39m [37mGET[39m [37m/wd/hub/session/f78fe2f3-a510-459f-b8f3-e98655f4d95d[39m
[35m[HTTP][39m [90m{}[39m
[35m[HTTP][39m [37m<-- GET /wd/hub/session/f78fe2f3-a510-459f-b8f3-e98655f4d95d [39m[32m200[39m [90m2 ms - 1150[39m
[35m[HTTP][39m [90m[39m
[35m[HTTP][39m [37m-->[39m [37mGET[39m [37m/wd/hub/session/f78fe2f3-a510-459f-b8f3-e98655f4d95d[39m
[35m[HTTP][39m [90m{}[39m
[35m[HTTP][39m [37m<-- GET /wd/hub/session/f78fe2f3-a510-459f-b8f3-e98655f4d95d [39m[32m200[39m [90m2 ms - 1150[39m
[35m[HTTP][39m [90m[39m
[35m[HTTP][39m [37m-->[39m [37mGET[39m [37m/wd/hub/session/f78fe2f3-a510-459f-b8f3-e98655f4d95d[39m
[35m[HTTP][39m [90m{}[39m
[35m[HTTP][39m [37m<-- GET /wd/hub/session/f78fe2f3-a510-459f-b8f3-e98655f4d95d [39m[32m200[39m [90m2 ms - 1150[39m
[35m[HTTP][39m [90m[39m
[35m[HTTP][39m [37m-->[39m [37mGET[39m [37m/wd/hub/session/f78fe2f3-a510-459f-b8f3-e98655f4d95d[39m
[35m[HTTP][39m [90m{}[39m
[35m[HTTP][39m [37m<-- GET /wd/hub/session/f78fe2f3-a510-459f-b8f3-e98655f4d95d [39m[32m200[39m [90m2 ms - 1150[39m
[35m[HTTP][39m [90m[39m
[35m[HTTP][39m [37m-->[39m [37mGET[39m [37m/wd/hub/session/f78fe2f3-a510-459f-b8f3-e98655f4d95d/element/4/location[39m
[35m[HTTP][39m [90m{}[39m
[35m[HTTP][39m [37m<-- GET /wd/hub/session/f78fe2f3-a510-459f-b8f3-e98655f4d95d/element/4/location [39m[32m200[39m [90m484 ms - 88[39m
[35m[HTTP][39m [90m[39m
[35m[HTTP][39m [37m-->[39m [37mGET[39m [37m/wd/hub/session/f78fe2f3-a510-459f-b8f3-e98655f4d95d/element/4/attribute/name[39m
[35m[HTTP][39m [90m{}[39m
[35m[HTTP][39m [37m<-- GET /wd/hub/session/f78fe2f3-a510-459f-b8f3-e98655f4d95d/element/4/attribute/name [39m[32m200[39m [90m497 ms - 92[39m
[35m[HTTP][39m [90m[39m
[35m[HTTP][39m [37m-->[39m [37mGET[39m [37m/wd/hub/session/f78fe2f3-a510-459f-b8f3-e98655f4d95d/window/current/size[39m
[35m[HTTP][39m [90m{}[39m
[35m[HTTP][39m [37m<-- GET /wd/hub/session/f78fe2f3-a510-459f-b8f3-e98655f4d95d/window/current/size [39m[32m200[39m [90m11 ms - 99[39m
[35m[HTTP][39m [90m[39m
[35m[HTTP][39m [37m-->[39m [37mPOST[39m [37m/wd/hub/session/f78fe2f3-a510-459f-b8f3-e98655f4d95d/elements[39m
[35m[HTTP][39m [90m{"using":"-android uiautomator","value":"new UiSelector().description(\"LoginNameTextInput\")"}[39m
[35m[HTTP][39m [37m<-- POST /wd/hub/session/f78fe2f3-a510-459f-b8f3-e98655f4d95d/elements [39m[32m200[39m [90m2940 ms - 89[39m
[35m[HTTP][39m [90m[39m
[35m[HTTP][39m [37m-->[39m [37mGET[39m [37m/wd/hub/session/f78fe2f3-a510-459f-b8f3-e98655f4d95d[39m
[35m[HTTP][39m [90m{}[39m
[35m[HTTP][39m [37m<-- GET /wd/hub/session/f78fe2f3-a510-459f-b8f3-e98655f4d95d [39m[32m200[39m [90m9 ms - 1150[39m
[35m[HTTP][39m [90m[39m
[35m[HTTP][39m [37m-->[39m [37mGET[39m [37m/wd/hub/session/f78fe2f3-a510-459f-b8f3-e98655f4d95d[39m
[35m[HTTP][39m [90m{}[39m
[35m[HTTP][39m [37m<-- GET /wd/hub/session/f78fe2f3-a510-459f-b8f3-e98655f4d95d [39m[32m200[39m [90m6 ms - 1150[39m
[35m[HTTP][39m [90m[39m
[35m[HTTP][39m [37m-->[39m [37mGET[39m [37m/wd/hub/session/f78fe2f3-a510-459f-b8f3-e98655f4d95d[39m
[35m[HTTP][39m [90m{}[39m
[35m[HTTP][39m [37m<-- GET /wd/hub/session/f78fe2f3-a510-459f-b8f3-e98655f4d95d [39m[32m200[39m [90m5 ms - 1150[39m
[35m[HTTP][39m [90m[39m
[35m[HTTP][39m [37m-->[39m [37mGET[39m [37m/wd/hub/session/f78fe2f3-a510-459f-b8f3-e98655f4d95d[39m
[35m[HTTP][39m [90m{}[39m
[35m[HTTP][39m [37m<-- GET /wd/hub/session/f78fe2f3-a510-459f-b8f3-e98655f4d95d [39m[32m200[39m [90m5 ms - 1150[39m
[35m[HTTP][39m [90m[39m
[35m[HTTP][39m [37m-->[39m [37mGET[39m [37m/wd/hub/session/f78fe2f3-a510-459f-b8f3-e98655f4d95d/element/5/location[39m
[35m[HTTP][39m [90m{}[39m
[35m[HTTP][39m [37m<-- GET /wd/hub/session/f78fe2f3-a510-459f-b8f3-e98655f4d95d/element/5/location [39m[32m200[39m [90m459 ms - 88[39m
[35m[HTTP][39m [90m[39m
[35m[HTTP][39m [37m-->[39m [37mPOST[39m [37m/wd/hub/session/f78fe2f3-a510-459f-b8f3-e98655f4d95d/touch/perform[39m
[35m[HTTP][39m [90m{"actions":[{"action":"tap","options":{"element":"5","x":1,"y":1}}]}[39m
[35m[HTTP][39m [37m<-- POST /wd/hub/session/f78fe2f3-a510-459f-b8f3-e98655f4d95d/touch/perform [39m[32m200[39m [90m2038 ms - 76[39m
[35m[HTTP][39m [90m[39m
[35m[HTTP][39m [37m-->[39m [37mGET[39m [37m/wd/hub/session/f78fe2f3-a510-459f-b8f3-e98655f4d95d/window/current/size[39m
[35m[HTTP][39m [90m{}[39m
[35m[HTTP][39m [37m<-- GET /wd/hub/session/f78fe2f3-a510-459f-b8f3-e98655f4d95d/window/current/size [39m[32m200[39m [90m30 ms - 99[39m
[35m[HTTP][39m [90m[39m
[35m[HTTP][39m [37m-->[39m [37mPOST[39m [37m/wd/hub/session/f78fe2f3-a510-459f-b8f3-e98655f4d95d/elements[39m
[35m[HTTP][39m [90m{"using":"-android uiautomator","value":"new UiSelector().description(\"LoginNameTextInput\")"}[39m
[35m[HTTP][39m [37m<-- POST /wd/hub/session/f78fe2f3-a510-459f-b8f3-e98655f4d95d/elements [39m[32m200[39m [90m1917 ms - 89[39m
[35m[HTTP][39m [90m[39m
[35m[HTTP][39m [37m-->[39m [37mGET[39m [37m/wd/hub/session/f78fe2f3-a510-459f-b8f3-e98655f4d95d[39m
[35m[HTTP][39m [90m{}[39m
[35m[HTTP][39m [37m<-- GET /wd/hub/session/f78fe2f3-a510-459f-b8f3-e98655f4d95d [39m[32m200[39m [90m7 ms - 1150[39m
[35m[HTTP][39m [90m[39m
[35m[HTTP][39m [37m-->[39m [37mGET[39m [37m/wd/hub/session/f78fe2f3-a510-459f-b8f3-e98655f4d95d[39m
[35m[HTTP][39m [90m{}[39m
[35m[HTTP][39m [37m<-- GET /wd/hub/session/f78fe2f3-a510-459f-b8f3-e98655f4d95d [39m[32m200[39m [90m5 ms - 1150[39m
[35m[HTTP][39m [90m[39m
[35m[HTTP][39m [37m-->[39m [37mGET[39m [37m/wd/hub/session/f78fe2f3-a510-459f-b8f3-e98655f4d95d[39m
[35m[HTTP][39m [90m{}[39m
[35m[HTTP][39m [37m<-- GET /wd/hub/session/f78fe2f3-a510-459f-b8f3-e98655f4d95d [39m[32m200[39m [90m5 ms - 1150[39m
[35m[HTTP][39m [90m[39m
[35m[HTTP][39m [37m-->[39m [37mGET[39m [37m/wd/hub/session/f78fe2f3-a510-459f-b8f3-e98655f4d95d[39m
[35m[HTTP][39m [90m{}[39m
[35m[HTTP][39m [37m<-- GET /wd/hub/session/f78fe2f3-a510-459f-b8f3-e98655f4d95d [39m[32m200[39m [90m4 ms - 1150[39m
[35m[HTTP][39m [90m[39m
[35m[HTTP][39m [37m-->[39m [37mGET[39m [37m/wd/hub/session/f78fe2f3-a510-459f-b8f3-e98655f4d95d/element/6/location[39m
[35m[HTTP][39m [90m{}[39m
[35m[HTTP][39m [37m<-- GET /wd/hub/session/f78fe2f3-a510-459f-b8f3-e98655f4d95d/element/6/location [39m[32m200[39m [90m424 ms - 88[39m
[35m[HTTP][39m [90m[39m
[35m[HTTP][39m [37m-->[39m [37mPOST[39m [37m/wd/hub/session/f78fe2f3-a510-459f-b8f3-e98655f4d95d/element/6/clear[39m
[35m[HTTP][39m [90m{"id":"6"}[39m
[35m[HTTP][39m [37m<-- POST /wd/hub/session/f78fe2f3-a510-459f-b8f3-e98655f4d95d/element/6/clear [39m[32m200[39m [90m4069 ms - 76[39m
[35m[HTTP][39m [90m[39m
[35m[HTTP][39m [37m-->[39m [37mPOST[39m [37m/wd/hub/session/f78fe2f3-a510-459f-b8f3-e98655f4d95d/element/6/value[39m
[35m[HTTP][39m [90m{"id":"6","value":["08112233445567"]}[39m
[35m[HTTP][39m [37m<-- POST /wd/hub/session/f78fe2f3-a510-459f-b8f3-e98655f4d95d/element/6/value [39m[32m200[39m [90m12066 ms - 76[39m
[35m[HTTP][39m [90m[39m
[35m[HTTP][39m [37m-->[39m [37mGET[39m [37m/wd/hub/session/f78fe2f3-a510-459f-b8f3-e98655f4d95d/context[39m
[35m[HTTP][39m [90m{}[39m
[35m[HTTP][39m [37m<-- GET /wd/hub/session/f78fe2f3-a510-459f-b8f3-e98655f4d95d/context [39m[32m200[39m [90m2 ms - 84[39m
[35m[HTTP][39m [90m[39m
[35m[HTTP][39m [37m-->[39m [37mGET[39m [37m/wd/hub/session/f78fe2f3-a510-459f-b8f3-e98655f4d95d/contexts[39m
[35m[HTTP][39m [90m{}[39m
[35m[HTTP][39m [37m<-- GET /wd/hub/session/f78fe2f3-a510-459f-b8f3-e98655f4d95d/contexts [39m[32m200[39m [90m124 ms - 86[39m
[35m[HTTP][39m [90m[39m
[35m[HTTP][39m [37m-->[39m [37mPOST[39m [37m/wd/hub/session/f78fe2f3-a510-459f-b8f3-e98655f4d95d/context[39m
[35m[HTTP][39m [90m{"name":"NATIVE_APP"}[39m
[35m[HTTP][39m [37m<-- POST /wd/hub/session/f78fe2f3-a510-459f-b8f3-e98655f4d95d/context [39m[32m200[39m [90m145 ms - 76[39m
[35m[HTTP][39m [90m[39m
[35m[HTTP][39m [37m-->[39m [37mPOST[39m [37m/wd/hub/session/f78fe2f3-a510-459f-b8f3-e98655f4d95d/appium/device/hide_keyboard[39m
[35m[HTTP][39m [90m{}[39m
[35m[HTTP][39m [37m<-- POST /wd/hub/session/f78fe2f3-a510-459f-b8f3-e98655f4d95d/appium/device/hide_keyboard [39m[32m200[39m [90m2089 ms - 76[39m
[35m[HTTP][39m [90m[39m
[35m[HTTP][39m [37m-->[39m [37mPOST[39m [37m/wd/hub/session/f78fe2f3-a510-459f-b8f3-e98655f4d95d/context[39m
[35m[HTTP][39m [90m{"name":"NATIVE_APP"}[39m
[35m[HTTP][39m [37m<-- POST /wd/hub/session/f78fe2f3-a510-459f-b8f3-e98655f4d95d/context [39m[32m200[39m [90m160 ms - 76[39m
[35m[HTTP][39m [90m[39m
[35m[HTTP][39m [37m-->[39m [37mGET[39m [37m/wd/hub/session/f78fe2f3-a510-459f-b8f3-e98655f4d95d/window/current/size[39m
[35m[HTTP][39m [90m{}[39m
[35m[HTTP][39m [37m<-- GET /wd/hub/session/f78fe2f3-a510-459f-b8f3-e98655f4d95d/window/current/size [39m[32m200[39m [90m7 ms - 99[39m
[35m[HTTP][39m [90m[39m
[35m[HTTP][39m [37m-->[39m [37mPOST[39m [37m/wd/hub/session/f78fe2f3-a510-459f-b8f3-e98655f4d95d/elements[39m
[35m[HTTP][39m [90m{"using":"-android uiautomator","value":"new UiSelector().description(\"LoginNameTextInput\")"}[39m
[35m[HTTP][39m [37m<-- POST /wd/hub/session/f78fe2f3-a510-459f-b8f3-e98655f4d95d/elements [39m[32m200[39m [90m2746 ms - 89[39m
[35m[HTTP][39m [90m[39m
[35m[HTTP][39m [37m-->[39m [37mGET[39m [37m/wd/hub/session/f78fe2f3-a510-459f-b8f3-e98655f4d95d[39m
[35m[HTTP][39m [90m{}[39m
[35m[HTTP][39m [37m<-- GET /wd/hub/session/f78fe2f3-a510-459f-b8f3-e98655f4d95d [39m[32m200[39m [90m8 ms - 1150[39m
[35m[HTTP][39m [90m[39m
[35m[HTTP][39m [37m-->[39m [37mGET[39m [37m/wd/hub/session/f78fe2f3-a510-459f-b8f3-e98655f4d95d[39m
[35m[HTTP][39m [90m{}[39m
[35m[HTTP][39m [37m<-- GET /wd/hub/session/f78fe2f3-a510-459f-b8f3-e98655f4d95d [39m[32m200[39m [90m4 ms - 1150[39m
[35m[HTTP][39m [90m[39m
[35m[HTTP][39m [37m-->[39m [37mGET[39m [37m/wd/hub/session/f78fe2f3-a510-459f-b8f3-e98655f4d95d[39m
[35m[HTTP][39m [90m{}[39m
[35m[HTTP][39m [37m<-- GET /wd/hub/session/f78fe2f3-a510-459f-b8f3-e98655f4d95d [39m[32m200[39m [90m6 ms - 1150[39m
[35m[HTTP][39m [90m[39m
[35m[HTTP][39m [37m-->[39m [37mGET[39m [37m/wd/hub/session/f78fe2f3-a510-459f-b8f3-e98655f4d95d[39m
[35m[HTTP][39m [90m{}[39m
[35m[HTTP][39m [37m<-- GET /wd/hub/session/f78fe2f3-a510-459f-b8f3-e98655f4d95d [39m[32m200[39m [90m2 ms - 1150[39m
[35m[HTTP][39m [90m[39m
[35m[HTTP][39m [37m-->[39m [37mGET[39m [37m/wd/hub/session/f78fe2f3-a510-459f-b8f3-e98655f4d95d/element/7/location[39m
[35m[HTTP][39m [90m{}[39m
[35m[HTTP][39m [37m<-- GET /wd/hub/session/f78fe2f3-a510-459f-b8f3-e98655f4d95d/element/7/location [39m[32m200[39m [90m1024 ms - 88[39m
[35m[HTTP][39m [90m[39m
[35m[HTTP][39m [37m-->[39m [37mGET[39m [37m/wd/hub/session/f78fe2f3-a510-459f-b8f3-e98655f4d95d/element/7/text[39m
[35m[HTTP][39m [90m{}[39m
[35m[HTTP][39m [37m<-- GET /wd/hub/session/f78fe2f3-a510-459f-b8f3-e98655f4d95d/element/7/text [39m[32m200[39m [90m496 ms - 88[39m
[35m[HTTP][39m [90m[39m
[35m[HTTP][39m [37m-->[39m [37mGET[39m [37m/wd/hub/session/f78fe2f3-a510-459f-b8f3-e98655f4d95d/window/current/size[39m
[35m[HTTP][39m [90m{}[39m
[35m[HTTP][39m [37m<-- GET /wd/hub/session/f78fe2f3-a510-459f-b8f3-e98655f4d95d/window/current/size [39m[32m200[39m [90m12 ms - 99[39m
[35m[HTTP][39m [90m[39m
[35m[HTTP][39m [37m-->[39m [37mPOST[39m [37m/wd/hub/session/f78fe2f3-a510-459f-b8f3-e98655f4d95d/elements[39m
[35m[HTTP][39m [90m{"using":"-android uiautomator","value":"new UiSelector().description(\"LoginJumpNextBtn\")"}[39m
[35m[HTTP][39m [37m<-- POST /wd/hub/session/f78fe2f3-a510-459f-b8f3-e98655f4d95d/elements [39m[32m200[39m [90m4999 ms - 89[39m
[35m[HTTP][39m [90m[39m
[35m[HTTP][39m [37m-->[39m [37mGET[39m [37m/wd/hub/session/f78fe2f3-a510-459f-b8f3-e98655f4d95d[39m
[35m[HTTP][39m [90m{}[39m
[35m[HTTP][39m [37m<-- GET /wd/hub/session/f78fe2f3-a510-459f-b8f3-e98655f4d95d [39m[32m200[39m [90m6 ms - 1150[39m
[35m[HTTP][39m [90m[39m
[35m[HTTP][39m [37m-->[39m [37mGET[39m [37m/wd/hub/session/f78fe2f3-a510-459f-b8f3-e98655f4d95d[39m
[35m[HTTP][39m [90m{}[39m
[35m[HTTP][39m [37m<-- GET /wd/hub/session/f78fe2f3-a510-459f-b8f3-e98655f4d95d [39m[32m200[39m [90m7 ms - 1150[39m
[35m[HTTP][39m [90m[39m
[35m[HTTP][39m [37m-->[39m [37mGET[39m [37m/wd/hub/session/f78fe2f3-a510-459f-b8f3-e98655f4d95d[39m
[35m[HTTP][39m [90m{}[39m
[35m[HTTP][39m [37m<-- GET /wd/hub/session/f78fe2f3-a510-459f-b8f3-e98655f4d95d [39m[32m200[39m [90m4 ms - 1150[39m
[35m[HTTP][39m [90m[39m
[35m[HTTP][39m [37m-->[39m [37mGET[39m [37m/wd/hub/session/f78fe2f3-a510-459f-b8f3-e98655f4d95d[39m
[35m[HTTP][39m [90m{}[39m
[35m[HTTP][39m [37m<-- GET /wd/hub/session/f78fe2f3-a510-459f-b8f3-e98655f4d95d [39m[32m200[39m [90m4 ms - 1150[39m
[35m[HTTP][39m [90m[39m
[35m[HTTP][39m [37m-->[39m [37mGET[39m [37m/wd/hub/session/f78fe2f3-a510-459f-b8f3-e98655f4d95d/element/8/location[39m
[35m[HTTP][39m [90m{}[39m
[35m[HTTP][39m [37m<-- GET /wd/hub/session/f78fe2f3-a510-459f-b8f3-e98655f4d95d/element/8/location [39m[32m200[39m [90m1330 ms - 88[39m
[35m[HTTP][39m [90m[39m
[35m[HTTP][39m [37m-->[39m [37mGET[39m [37m/wd/hub/session/f78fe2f3-a510-459f-b8f3-e98655f4d95d/window/current/size[39m
[35m[HTTP][39m [90m{}[39m
[35m[HTTP][39m [37m<-- GET /wd/hub/session/f78fe2f3-a510-459f-b8f3-e98655f4d95d/window/current/size [39m[32m200[39m [90m17 ms - 99[39m
[35m[HTTP][39m [90m[39m
[35m[HTTP][39m [37m-->[39m [37mPOST[39m [37m/wd/hub/session/f78fe2f3-a510-459f-b8f3-e98655f4d95d/elements[39m
[35m[HTTP][39m [90m{"using":"-android uiautomator","value":"new UiSelector().description(\"LoginJumpNextBtn\")"}[39m
[35m[HTTP][39m [37m<-- POST /wd/hub/session/f78fe2f3-a510-459f-b8f3-e98655f4d95d/elements [39m[32m200[39m [90m2086 ms - 89[39m
[35m[HTTP][39m [90m[39m
[35m[HTTP][39m [37m-->[39m [37mGET[39m [37m/wd/hub/session/f78fe2f3-a510-459f-b8f3-e98655f4d95d[39m
[35m[HTTP][39m [90m{}[39m
[35m[HTTP][39m [37m<-- GET /wd/hub/session/f78fe2f3-a510-459f-b8f3-e98655f4d95d [39m[32m200[39m [90m9 ms - 1150[39m
[35m[HTTP][39m [90m[39m
[35m[HTTP][39m [37m-->[39m [37mGET[39m [37m/wd/hub/session/f78fe2f3-a510-459f-b8f3-e98655f4d95d[39m
[35m[HTTP][39m [90m{}[39m
[35m[HTTP][39m [37m<-- GET /wd/hub/session/f78fe2f3-a510-459f-b8f3-e98655f4d95d [39m[32m200[39m [90m8 ms - 1150[39m
[35m[HTTP][39m [90m[39m
[35m[HTTP][39m [37m-->[39m [37mGET[39m [37m/wd/hub/session/f78fe2f3-a510-459f-b8f3-e98655f4d95d[39m
[35m[HTTP][39m [90m{}[39m
[35m[HTTP][39m [37m<-- GET /wd/hub/session/f78fe2f3-a510-459f-b8f3-e98655f4d95d [39m[32m200[39m [90m7 ms - 1150[39m
[35m[HTTP][39m [90m[39m
[35m[HTTP][39m [37m-->[39m [37mGET[39m [37m/wd/hub/session/f78fe2f3-a510-459f-b8f3-e98655f4d95d[39m
[35m[HTTP][39m [90m{}[39m
[35m[HTTP][39m [37m<-- GET /wd/hub/session/f78fe2f3-a510-459f-b8f3-e98655f4d95d [39m[32m200[39m [90m5 ms - 1150[39m
[35m[HTTP][39m [90m[39m
[35m[HTTP][39m [37m-->[39m [37mGET[39m [37m/wd/hub/session/f78fe2f3-a510-459f-b8f3-e98655f4d95d/element/9/location[39m
[35m[HTTP][39m [90m{}[39m
[35m[HTTP][39m [37m<-- GET /wd/hub/session/f78fe2f3-a510-459f-b8f3-e98655f4d95d/element/9/location [39m[32m200[39m [90m476 ms - 88[39m
[35m[HTTP][39m [90m[39m
[35m[HTTP][39m [37m-->[39m [37mGET[39m [37m/wd/hub/session/f78fe2f3-a510-459f-b8f3-e98655f4d95d/element/9/attribute/name[39m
[35m[HTTP][39m [90m{}[39m
[35m[HTTP][39m [37m<-- GET /wd/hub/session/f78fe2f3-a510-459f-b8f3-e98655f4d95d/element/9/attribute/name [39m[32m200[39m [90m1362 ms - 90[39m
[35m[HTTP][39m [90m[39m
[35m[HTTP][39m [37m-->[39m [37mGET[39m [37m/wd/hub/session/f78fe2f3-a510-459f-b8f3-e98655f4d95d/window/current/size[39m
[35m[HTTP][39m [90m{}[39m
[35m[HTTP][39m [37m<-- GET /wd/hub/session/f78fe2f3-a510-459f-b8f3-e98655f4d95d/window/current/size [39m[32m200[39m [90m16 ms - 99[39m
[35m[HTTP][39m [90m[39m
[35m[HTTP][39m [37m-->[39m [37mPOST[39m [37m/wd/hub/session/f78fe2f3-a510-459f-b8f3-e98655f4d95d/elements[39m
[35m[HTTP][39m [90m{"using":"-android uiautomator","value":"new UiSelector().description(\"LoginJumpNextBtn\")"}[39m
[35m[HTTP][39m [37m<-- POST /wd/hub/session/f78fe2f3-a510-459f-b8f3-e98655f4d95d/elements [39m[32m200[39m [90m2054 ms - 90[39m
[35m[HTTP][39m [90m[39m
[35m[HTTP][39m [37m-->[39m [37mGET[39m [37m/wd/hub/session/f78fe2f3-a510-459f-b8f3-e98655f4d95d[39m
[35m[HTTP][39m [90m{}[39m
[35m[HTTP][39m [37m<-- GET /wd/hub/session/f78fe2f3-a510-459f-b8f3-e98655f4d95d [39m[32m200[39m [90m7 ms - 1150[39m
[35m[HTTP][39m [90m[39m
[35m[HTTP][39m [37m-->[39m [37mGET[39m [37m/wd/hub/session/f78fe2f3-a510-459f-b8f3-e98655f4d95d[39m
[35m[HTTP][39m [90m{}[39m
[35m[HTTP][39m [37m<-- GET /wd/hub/session/f78fe2f3-a510-459f-b8f3-e98655f4d95d [39m[32m200[39m [90m11 ms - 1150[39m
[35m[HTTP][39m [90m[39m
[35m[HTTP][39m [37m-->[39m [37mGET[39m [37m/wd/hub/session/f78fe2f3-a510-459f-b8f3-e98655f4d95d[39m
[35m[HTTP][39m [90m{}[39m
[35m[HTTP][39m [37m<-- GET /wd/hub/session/f78fe2f3-a510-459f-b8f3-e98655f4d95d [39m[32m200[39m [90m2 ms - 1150[39m
[35m[HTTP][39m [90m[39m
[35m[HTTP][39m [37m-->[39m [37mGET[39m [37m/wd/hub/session/f78fe2f3-a510-459f-b8f3-e98655f4d95d[39m
[35m[HTTP][39m [90m{}[39m
[35m[HTTP][39m [37m<-- GET /wd/hub/session/f78fe2f3-a510-459f-b8f3-e98655f4d95d [39m[32m200[39m [90m2 ms - 1150[39m
[35m[HTTP][39m [90m[39m
[35m[HTTP][39m [37m-->[39m [37mGET[39m [37m/wd/hub/session/f78fe2f3-a510-459f-b8f3-e98655f4d95d/element/10/location[39m
[35m[HTTP][39m [90m{}[39m
[35m[HTTP][39m [37m<-- GET /wd/hub/session/f78fe2f3-a510-459f-b8f3-e98655f4d95d/element/10/location [39m[32m200[39m [90m1866 ms - 88[39m
[35m[HTTP][39m [90m[39m
[35m[HTTP][39m [37m-->[39m [37mPOST[39m [37m/wd/hub/session/f78fe2f3-a510-459f-b8f3-e98655f4d95d/touch/perform[39m
[35m[HTTP][39m [90m{"actions":[{"action":"tap","options":{"element":"10","x":1,"y":1}}]}[39m
[35m[HTTP][39m [37m<-- POST /wd/hub/session/f78fe2f3-a510-459f-b8f3-e98655f4d95d/touch/perform [39m[32m200[39m [90m2606 ms - 76[39m
[35m[HTTP][39m [90m[39m
[35m[HTTP][39m [37m-->[39m [37mGET[39m [37m/wd/hub/session/f78fe2f3-a510-459f-b8f3-e98655f4d95d/window/current/size[39m
[35m[HTTP][39m [90m{}[39m
[35m[HTTP][39m [37m<-- GET /wd/hub/session/f78fe2f3-a510-459f-b8f3-e98655f4d95d/window/current/size [39m[32m200[39m [90m28 ms - 99[39m
[35m[HTTP][39m [90m[39m
[35m[HTTP][39m [37m-->[39m [37mPOST[39m [37m/wd/hub/session/f78fe2f3-a510-459f-b8f3-e98655f4d95d/elements[39m
[35m[HTTP][39m [90m{"using":"-android uiautomator","value":"new UiSelector().description(\"pinCircleFocus\")"}[39m
[35m[HTTP][39m [37m<-- POST /wd/hub/session/f78fe2f3-a510-459f-b8f3-e98655f4d95d/elements [39m[32m200[39m [90m2939 ms - 90[39m
[35m[HTTP][39m [90m[39m
[35m[HTTP][39m [37m-->[39m [37mGET[39m [37m/wd/hub/session/f78fe2f3-a510-459f-b8f3-e98655f4d95d[39m
[35m[HTTP][39m [90m{}[39m
[35m[HTTP][39m [37m<-- GET /wd/hub/session/f78fe2f3-a510-459f-b8f3-e98655f4d95d [39m[32m200[39m [90m8 ms - 1150[39m
[35m[HTTP][39m [90m[39m
[35m[HTTP][39m [37m-->[39m [37mGET[39m [37m/wd/hub/session/f78fe2f3-a510-459f-b8f3-e98655f4d95d[39m
[35m[HTTP][39m [90m{}[39m
[35m[HTTP][39m [37m<-- GET /wd/hub/session/f78fe2f3-a510-459f-b8f3-e98655f4d95d [39m[32m200[39m [90m6 ms - 1150[39m
[35m[HTTP][39m [90m[39m
[35m[HTTP][39m [37m-->[39m [37mGET[39m [37m/wd/hub/session/f78fe2f3-a510-459f-b8f3-e98655f4d95d[39m
[35m[HTTP][39m [90m{}[39m
[35m[HTTP][39m [37m<-- GET /wd/hub/session/f78fe2f3-a510-459f-b8f3-e98655f4d95d [39m[32m200[39m [90m4 ms - 1150[39m
[35m[HTTP][39m [90m[39m
[35m[HTTP][39m [37m-->[39m [37mGET[39m [37m/wd/hub/session/f78fe2f3-a510-459f-b8f3-e98655f4d95d[39m
[35m[HTTP][39m [90m{}[39m
[35m[HTTP][39m [37m<-- GET /wd/hub/session/f78fe2f3-a510-459f-b8f3-e98655f4d95d [39m[32m200[39m [90m5 ms - 1150[39m
[35m[HTTP][39m [90m[39m
[35m[HTTP][39m [37m-->[39m [37mGET[39m [37m/wd/hub/session/f78fe2f3-a510-459f-b8f3-e98655f4d95d/element/11/location[39m
[35m[HTTP][39m [90m{}[39m
[35m[HTTP][39m [37m<-- GET /wd/hub/session/f78fe2f3-a510-459f-b8f3-e98655f4d95d/element/11/location [39m[32m200[39m [90m930 ms - 89[39m
[35m[HTTP][39m [90m[39m
[35m[HTTP][39m [37m-->[39m [37mGET[39m [37m/wd/hub/session/f78fe2f3-a510-459f-b8f3-e98655f4d95d/window/current/size[39m
[35m[HTTP][39m [90m{}[39m
[35m[HTTP][39m [37m<-- GET /wd/hub/session/f78fe2f3-a510-459f-b8f3-e98655f4d95d/window/current/size [39m[32m200[39m [90m9 ms - 99[39m
[35m[HTTP][39m [90m[39m
[35m[HTTP][39m [37m-->[39m [37mPOST[39m [37m/wd/hub/session/f78fe2f3-a510-459f-b8f3-e98655f4d95d/elements[39m
[35m[HTTP][39m [90m{"using":"-android uiautomator","value":"new UiSelector().description(\"pinCircleFocus\")"}[39m
[35m[HTTP][39m [37m<-- POST /wd/hub/session/f78fe2f3-a510-459f-b8f3-e98655f4d95d/elements [39m[32m200[39m [90m6697 ms - 90[39m
[35m[HTTP][39m [90m[39m
[35m[HTTP][39m [37m-->[39m [37mGET[39m [37m/wd/hub/session/f78fe2f3-a510-459f-b8f3-e98655f4d95d[39m
[35m[HTTP][39m [90m{}[39m
[35m[HTTP][39m [37m<-- GET /wd/hub/session/f78fe2f3-a510-459f-b8f3-e98655f4d95d [39m[32m200[39m [90m7 ms - 1150[39m
[35m[HTTP][39m [90m[39m
[35m[HTTP][39m [37m-->[39m [37mGET[39m [37m/wd/hub/session/f78fe2f3-a510-459f-b8f3-e98655f4d95d[39m
[35m[HTTP][39m [90m{}[39m
[35m[HTTP][39m [37m<-- GET /wd/hub/session/f78fe2f3-a510-459f-b8f3-e98655f4d95d [39m[32m200[39m [90m5 ms - 1150[39m
[35m[HTTP][39m [90m[39m
[35m[HTTP][39m [37m-->[39m [37mGET[39m [37m/wd/hub/session/f78fe2f3-a510-459f-b8f3-e98655f4d95d[39m
[35m[HTTP][39m [90m{}[39m
[35m[HTTP][39m [37m<-- GET /wd/hub/session/f78fe2f3-a510-459f-b8f3-e98655f4d95d [39m[32m200[39m [90m3 ms - 1150[39m
[35m[HTTP][39m [90m[39m
[35m[HTTP][39m [37m-->[39m [37mGET[39m [37m/wd/hub/session/f78fe2f3-a510-459f-b8f3-e98655f4d95d[39m
[35m[HTTP][39m [90m{}[39m
[35m[HTTP][39m [37m<-- GET /wd/hub/session/f78fe2f3-a510-459f-b8f3-e98655f4d95d [39m[32m200[39m [90m3 ms - 1150[39m
[35m[HTTP][39m [90m[39m
[35m[HTTP][39m [37m-->[39m [37mGET[39m [37m/wd/hub/session/f78fe2f3-a510-459f-b8f3-e98655f4d95d/element/12/location[39m
[35m[HTTP][39m [90m{}[39m
[35m[HTTP][39m [37m<-- GET /wd/hub/session/f78fe2f3-a510-459f-b8f3-e98655f4d95d/element/12/location [39m[32m200[39m [90m499 ms - 89[39m
[35m[HTTP][39m [90m[39m
[35m[HTTP][39m [37m-->[39m [37mGET[39m [37m/wd/hub/session/f78fe2f3-a510-459f-b8f3-e98655f4d95d/element/12/attribute/name[39m
[35m[HTTP][39m [90m{}[39m
[35m[HTTP][39m [37m<-- GET /wd/hub/session/f78fe2f3-a510-459f-b8f3-e98655f4d95d/element/12/attribute/name [39m[32m200[39m [90m512 ms - 88[39m
[35m[HTTP][39m [90m[39m
[35m[HTTP][39m [37m-->[39m [37mGET[39m [37m/wd/hub/session/f78fe2f3-a510-459f-b8f3-e98655f4d95d/window/current/size[39m
[35m[HTTP][39m [90m{}[39m
[35m[HTTP][39m [37m<-- GET /wd/hub/session/f78fe2f3-a510-459f-b8f3-e98655f4d95d/window/current/size [39m[32m200[39m [90m12 ms - 99[39m
[35m[HTTP][39m [90m[39m
[35m[HTTP][39m [37m-->[39m [37mPOST[39m [37m/wd/hub/session/f78fe2f3-a510-459f-b8f3-e98655f4d95d/elements[39m
[35m[HTTP][39m [90m{"using":"-android uiautomator","value":"new UiSelector().description(\"pinCircleFocus\")"}[39m
[35m[HTTP][39m [37m<-- POST /wd/hub/session/f78fe2f3-a510-459f-b8f3-e98655f4d95d/elements [39m[32m200[39m [90m5655 ms - 90[39m
[35m[HTTP][39m [90m[39m
[35m[HTTP][39m [37m-->[39m [37mGET[39m [37m/wd/hub/session/f78fe2f3-a510-459f-b8f3-e98655f4d95d[39m
[35m[HTTP][39m [90m{}[39m
[35m[HTTP][39m [37m<-- GET /wd/hub/session/f78fe2f3-a510-459f-b8f3-e98655f4d95d [39m[32m200[39m [90m9 ms - 1150[39m
[35m[HTTP][39m [90m[39m
[35m[HTTP][39m [37m-->[39m [37mGET[39m [37m/wd/hub/session/f78fe2f3-a510-459f-b8f3-e98655f4d95d[39m
[35m[HTTP][39m [90m{}[39m
[35m[HTTP][39m [37m<-- GET /wd/hub/session/f78fe2f3-a510-459f-b8f3-e98655f4d95d [39m[32m200[39m [90m5 ms - 1150[39m
[35m[HTTP][39m [90m[39m
[35m[HTTP][39m [37m-->[39m [37mGET[39m [37m/wd/hub/session/f78fe2f3-a510-459f-b8f3-e98655f4d95d[39m
[35m[HTTP][39m [90m{}[39m
[35m[HTTP][39m [37m<-- GET /wd/hub/session/f78fe2f3-a510-459f-b8f3-e98655f4d95d [39m[32m200[39m [90m4 ms - 1150[39m
[35m[HTTP][39m [90m[39m
[35m[HTTP][39m [37m-->[39m [37mGET[39m [37m/wd/hub/session/f78fe2f3-a510-459f-b8f3-e98655f4d95d[39m
[35m[HTTP][39m [90m{}[39m
[35m[HTTP][39m [37m<-- GET /wd/hub/session/f78fe2f3-a510-459f-b8f3-e98655f4d95d [39m[32m200[39m [90m3 ms - 1150[39m
[35m[HTTP][39m [90m[39m
[35m[HTTP][39m [37m-->[39m [37mGET[39m [37m/wd/hub/session/f78fe2f3-a510-459f-b8f3-e98655f4d95d/element/13/location[39m
[35m[HTTP][39m [90m{}[39m
[35m[HTTP][39m [37m<-- GET /wd/hub/session/f78fe2f3-a510-459f-b8f3-e98655f4d95d/element/13/location [39m[32m200[39m [90m1144 ms - 89[39m
[35m[HTTP][39m [90m[39m
[35m[HTTP][39m [37m-->[39m [37mPOST[39m [37m/wd/hub/session/f78fe2f3-a510-459f-b8f3-e98655f4d95d/touch/perform[39m
[35m[HTTP][39m [90m{"actions":[{"action":"tap","options":{"element":"13","x":1,"y":1}}]}[39m
[35m[HTTP][39m [37m<-- POST /wd/hub/session/f78fe2f3-a510-459f-b8f3-e98655f4d95d/touch/perform [39m[32m200[39m [90m1816 ms - 76[39m
[35m[HTTP][39m [90m[39m
[35m[HTTP][39m [37m-->[39m [37mGET[39m [37m/wd/hub/session/f78fe2f3-a510-459f-b8f3-e98655f4d95d/window/current/size[39m
[35m[HTTP][39m [90m{}[39m
[35m[HTTP][39m [37m<-- GET /wd/hub/session/f78fe2f3-a510-459f-b8f3-e98655f4d95d/window/current/size [39m[32m200[39m [90m16 ms - 99[39m
[35m[HTTP][39m [90m[39m
[35m[HTTP][39m [37m-->[39m [37mPOST[39m [37m/wd/hub/session/f78fe2f3-a510-459f-b8f3-e98655f4d95d/elements[39m
[35m[HTTP][39m [90m{"using":"-android uiautomator","value":"new UiSelector().description(\"pinCircleFocus\")"}[39m
[35m[HTTP][39m [37m<-- POST /wd/hub/session/f78fe2f3-a510-459f-b8f3-e98655f4d95d/elements [39m[32m200[39m [90m3185 ms - 90[39m
[35m[HTTP][39m [90m[39m
[35m[HTTP][39m [37m-->[39m [37mGET[39m [37m/wd/hub/session/f78fe2f3-a510-459f-b8f3-e98655f4d95d[39m
[35m[HTTP][39m [90m{}[39m
[35m[HTTP][39m [37m<-- GET /wd/hub/session/f78fe2f3-a510-459f-b8f3-e98655f4d95d [39m[32m200[39m [90m5 ms - 1150[39m
[35m[HTTP][39m [90m[39m
[35m[HTTP][39m [37m-->[39m [37mGET[39m [37m/wd/hub/session/f78fe2f3-a510-459f-b8f3-e98655f4d95d[39m
[35m[HTTP][39m [90m{}[39m
[35m[HTTP][39m [37m<-- GET /wd/hub/session/f78fe2f3-a510-459f-b8f3-e98655f4d95d [39m[32m200[39m [90m4 ms - 1150[39m
[35m[HTTP][39m [90m[39m
[35m[HTTP][39m [37m-->[39m [37mGET[39m [37m/wd/hub/session/f78fe2f3-a510-459f-b8f3-e98655f4d95d[39m
[35m[HTTP][39m [90m{}[39m
[35m[HTTP][39m [37m<-- GET /wd/hub/session/f78fe2f3-a510-459f-b8f3-e98655f4d95d [39m[32m200[39m [90m4 ms - 1150[39m
[35m[HTTP][39m [90m[39m
[35m[HTTP][39m [37m-->[39m [37mGET[39m [37m/wd/hub/session/f78fe2f3-a510-459f-b8f3-e98655f4d95d[39m
[35m[HTTP][39m [90m{}[39m
[35m[HTTP][39m [37m<-- GET /wd/hub/session/f78fe2f3-a510-459f-b8f3-e98655f4d95d [39m[32m200[39m [90m2 ms - 1150[39m
[35m[HTTP][39m [90m[39m
[35m[HTTP][39m [37m-->[39m [37mGET[39m [37m/wd/hub/session/f78fe2f3-a510-459f-b8f3-e98655f4d95d/element/14/location[39m
[35m[HTTP][39m [90m{}[39m
[35m[HTTP][39m [37m<-- GET /wd/hub/session/f78fe2f3-a510-459f-b8f3-e98655f4d95d/element/14/location [39m[32m200[39m [90m464 ms - 89[39m
[35m[HTTP][39m [90m[39m
[35m[HTTP][39m [37m-->[39m [37mPOST[39m [37m/wd/hub/session/f78fe2f3-a510-459f-b8f3-e98655f4d95d/element/14/clear[39m
[35m[HTTP][39m [90m{"id":"14"}[39m
[35m[HTTP][39m [37m<-- POST /wd/hub/session/f78fe2f3-a510-459f-b8f3-e98655f4d95d/element/14/clear [39m[32m200[39m [90m7058 ms - 76[39m
[35m[HTTP][39m [90m[39m
[35m[HTTP][39m [37m-->[39m [37mPOST[39m [37m/wd/hub/session/f78fe2f3-a510-459f-b8f3-e98655f4d95d/element/14/value[39m
[35m[HTTP][39m [90m{"id":"14","value":["123456"]}[39m
[35m[HTTP][39m [37m<-- POST /wd/hub/session/f78fe2f3-a510-459f-b8f3-e98655f4d95d/element/14/value [39m[32m200[39m [90m12889 ms - 76[39m
[35m[HTTP][39m [90m[39m
[35m[HTTP][39m [37m-->[39m [37mGET[39m [37m/wd/hub/session/f78fe2f3-a510-459f-b8f3-e98655f4d95d/window/current/size[39m
[35m[HTTP][39m [90m{}[39m
[35m[HTTP][39m [37m<-- GET /wd/hub/session/f78fe2f3-a510-459f-b8f3-e98655f4d95d/window/current/size [39m[32m200[39m [90m11 ms - 99[39m
[35m[HTTP][39m [90m[39m
[35m[HTTP][39m [37m-->[39m [37mPOST[39m [37m/wd/hub/session/f78fe2f3-a510-459f-b8f3-e98655f4d95d/elements[39m
[35m[HTTP][39m [90m{"using":"-android uiautomator","value":"new UiSelector().description(\"DashboardScreen\")"}[39m
[35m[HTTP][39m [37m<-- POST /wd/hub/session/f78fe2f3-a510-459f-b8f3-e98655f4d95d/elements [39m[32m200[39m [90m1762 ms - 74[39m
[35m[HTTP][39m [90m[39m
[35m[HTTP][39m [37m-->[39m [37mPOST[39m [37m/wd/hub/session/f78fe2f3-a510-459f-b8f3-e98655f4d95d/elements[39m
[35m[HTTP][39m [90m{"using":"-android uiautomator","value":"new UiSelector().description(\"DashboardScreen\")"}[39m
[35m[HTTP][39m [37m<-- POST /wd/hub/session/f78fe2f3-a510-459f-b8f3-e98655f4d95d/elements [39m[32m200[39m [90m4458 ms - 74[39m
[35m[HTTP][39m [90m[39m
[35m[HTTP][39m [37m-->[39m [37mGET[39m [37m/wd/hub/session/f78fe2f3-a510-459f-b8f3-e98655f4d95d/context[39m
[35m[HTTP][39m [90m{}[39m
[35m[HTTP][39m [37m<-- GET /wd/hub/session/f78fe2f3-a510-459f-b8f3-e98655f4d95d/context [39m[32m200[39m [90m4 ms - 84[39m
[35m[HTTP][39m [90m[39m
[35m[HTTP][39m [37m-->[39m [37mGET[39m [37m/wd/hub/session/f78fe2f3-a510-459f-b8f3-e98655f4d95d/contexts[39m
[35m[HTTP][39m [90m{}[39m
[35m[HTTP][39m [37m<-- GET /wd/hub/session/f78fe2f3-a510-459f-b8f3-e98655f4d95d/contexts [39m[32m200[39m [90m141 ms - 86[39m
[35m[HTTP][39m [90m[39m
[35m[HTTP][39m [37m-->[39m [37mPOST[39m [37m/wd/hub/session/f78fe2f3-a510-459f-b8f3-e98655f4d95d/context[39m
[35m[HTTP][39m [90m{"name":"NATIVE_APP"}[39m
[35m[HTTP][39m [37m<-- POST /wd/hub/session/f78fe2f3-a510-459f-b8f3-e98655f4d95d/context [39m[32m200[39m [90m116 ms - 76[39m
[35m[HTTP][39m [90m[39m
[35m[HTTP][39m [37m-->[39m [37mGET[39m [37m/wd/hub/session/f78fe2f3-a510-459f-b8f3-e98655f4d95d/screenshot[39m
[35m[HTTP][39m [90m{}[39m
[35m[HTTP][39m [37m<-- GET /wd/hub/session/f78fe2f3-a510-459f-b8f3-e98655f4d95d/screenshot [39m[32m200[39m [90m1115 ms - 38222[39m
[35m[HTTP][39m [90m[39m
[35m[HTTP][39m [37m-->[39m [37mPOST[39m [37m/wd/hub/session/f78fe2f3-a510-459f-b8f3-e98655f4d95d/context[39m
[35m[HTTP][39m [90m{"name":"NATIVE_APP"}[39m
[35m[HTTP][39m [37m<-- POST /wd/hub/session/f78fe2f3-a510-459f-b8f3-e98655f4d95d/context [39m[32m200[39m [90m123 ms - 76[39m
[35m[HTTP][39m [90m[39m
[35m[HTTP][39m [37m-->[39m [37mGET[39m [37m/wd/hub/session/f78fe2f3-a510-459f-b8f3-e98655f4d95d/context[39m
[35m[HTTP][39m [90m{}[39m
[35m[HTTP][39m [37m<-- GET /wd/hub/session/f78fe2f3-a510-459f-b8f3-e98655f4d95d/context [39m[32m200[39m [90m3 ms - 84[39m
[35m[HTTP][39m [90m[39m
[35m[HTTP][39m [37m-->[39m [37mGET[39m [37m/wd/hub/session/f78fe2f3-a510-459f-b8f3-e98655f4d95d/contexts[39m
[35m[HTTP][39m [90m{}[39m
[35m[HTTP][39m [37m<-- GET /wd/hub/session/f78fe2f3-a510-459f-b8f3-e98655f4d95d/contexts [39m[32m200[39m [90m128 ms - 86[39m
[35m[HTTP][39m [90m[39m
[35m[HTTP][39m [37m-->[39m [37mPOST[39m [37m/wd/hub/session/f78fe2f3-a510-459f-b8f3-e98655f4d95d/context[39m
[35m[HTTP][39m [90m{"name":"NATIVE_APP"}[39m
[35m[HTTP][39m [37m<-- POST /wd/hub/session/f78fe2f3-a510-459f-b8f3-e98655f4d95d/context [39m[32m200[39m [90m138 ms - 76[39m
[35m[HTTP][39m [90m[39m
[35m[HTTP][39m [37m-->[39m [37mGET[39m [37m/wd/hub/session/f78fe2f3-a510-459f-b8f3-e98655f4d95d/screenshot[39m
[35m[HTTP][39m [90m{}[39m
[35m[HTTP][39m [37m<-- GET /wd/hub/session/f78fe2f3-a510-459f-b8f3-e98655f4d95d/screenshot [39m[32m200[39m [90m1111 ms - 39686[39m
[35m[HTTP][39m [90m[39m
[35m[HTTP][39m [37m-->[39m [37mPOST[39m [37m/wd/hub/session/f78fe2f3-a510-459f-b8f3-e98655f4d95d/context[39m
[35m[HTTP][39m [90m{"name":"NATIVE_APP"}[39m
[35m[HTTP][39m [37m<-- POST /wd/hub/session/f78fe2f3-a510-459f-b8f3-e98655f4d95d/context [39m[32m200[39m [90m135 ms - 76[39m
[35m[HTTP][39m [90m[39m
[35m[HTTP][39m [37m-->[39m [37mGET[39m [37m/wd/hub/session/f78fe2f3-a510-459f-b8f3-e98655f4d95d/window/current/size[39m
[35m[HTTP][39m [90m{}[39m
[35m[HTTP][39m [37m<-- GET /wd/hub/session/f78fe2f3-a510-459f-b8f3-e98655f4d95d/window/current/size [39m[32m200[39m [90m8 ms - 99[39m
[35m[HTTP][39m [90m[39m
[35m[HTTP][39m [37m-->[39m [37mPOST[39m [37m/wd/hub/session/f78fe2f3-a510-459f-b8f3-e98655f4d95d/elements[39m
[35m[HTTP][39m [90m{"using":"-android uiautomator","value":"new UiSelector().description(\"action_plus_anumberpicker\")"}[39m
[35m[HTTP][39m [37m<-- POST /wd/hub/session/f78fe2f3-a510-459f-b8f3-e98655f4d95d/elements [39m[32m200[39m [90m1669 ms - 74[39m
[35m[HTTP][39m [90m[39m
[35m[HTTP][39m [37m-->[39m [37mPOST[39m [37m/wd/hub/session/f78fe2f3-a510-459f-b8f3-e98655f4d95d/elements[39m
[35m[HTTP][39m [90m{"using":"-android uiautomator","value":"new UiSelector().description(\"action_plus_anumberpicker\")"}[39m
[35m[HTTP][39m [37m<-- POST /wd/hub/session/f78fe2f3-a510-459f-b8f3-e98655f4d95d/elements [39m[32m200[39m [90m5429 ms - 74[39m
[35m[HTTP][39m [90m[39m
[35m[HTTP][39m [37m-->[39m [37mGET[39m [37m/wd/hub/session/f78fe2f3-a510-459f-b8f3-e98655f4d95d/window/current/size[39m
[35m[HTTP][39m [90m{}[39m
[35m[HTTP][39m [37m<-- GET /wd/hub/session/f78fe2f3-a510-459f-b8f3-e98655f4d95d/window/current/size [39m[32m200[39m [90m14 ms - 99[39m
[35m[HTTP][39m [90m[39m
[35m[HTTP][39m [37m-->[39m [37mPOST[39m [37m/wd/hub/session/f78fe2f3-a510-459f-b8f3-e98655f4d95d/elements[39m
[35m[HTTP][39m [90m{"using":"-android uiautomator","value":"new UiSelector().description(\"action_plus_anumberpicker\")"}[39m
[35m[HTTP][39m [37m<-- POST /wd/hub/session/f78fe2f3-a510-459f-b8f3-e98655f4d95d/elements [39m[32m200[39m [90m1555 ms - 74[39m
[35m[HTTP][39m [90m[39m
[35m[HTTP][39m [37m-->[39m [37mGET[39m [37m/wd/hub/session/f78fe2f3-a510-459f-b8f3-e98655f4d95d/window/current/size[39m
[35m[HTTP][39m [90m{}[39m
[35m[HTTP][39m [37m<-- GET /wd/hub/session/f78fe2f3-a510-459f-b8f3-e98655f4d95d/window/current/size [39m[32m200[39m [90m12 ms - 99[39m
[35m[HTTP][39m [90m[39m
[35m[HTTP][39m [37m-->[39m [37mPOST[39m [37m/wd/hub/session/f78fe2f3-a510-459f-b8f3-e98655f4d95d/elements[39m
[35m[HTTP][39m [90m{"using":"-android uiautomator","value":"new UiSelector().description(\"action_plus_anumberpicker\")"}[39m
[35m[HTTP][39m [37m<-- POST /wd/hub/session/f78fe2f3-a510-459f-b8f3-e98655f4d95d/elements [39m[32m200[39m [90m4841 ms - 74[39m
[35m[HTTP][39m [90m[39m
[35m[HTTP][39m [37m-->[39m [37mPOST[39m [37m/wd/hub/session/f78fe2f3-a510-459f-b8f3-e98655f4d95d/elements[39m
[35m[HTTP][39m [90m{"using":"-android uiautomator","value":"new UiSelector().description(\"action_plus_anumberpicker\")"}[39m
[35m[HTTP][39m [37m<-- POST /wd/hub/session/f78fe2f3-a510-459f-b8f3-e98655f4d95d/elements [39m[32m200[39m [90m1564 ms - 74[39m
[35m[HTTP][39m [90m[39m
[35m[HTTP][39m [37m-->[39m [37mGET[39m [37m/wd/hub/session/f78fe2f3-a510-459f-b8f3-e98655f4d95d/context[39m
[35m[HTTP][39m [90m{}[39m
[35m[HTTP][39m [37m<-- GET /wd/hub/session/f78fe2f3-a510-459f-b8f3-e98655f4d95d/context [39m[32m200[39m [90m11 ms - 84[39m
[35m[HTTP][39m [90m[39m
[35m[HTTP][39m [37m-->[39m [37mGET[39m [37m/wd/hub/session/f78fe2f3-a510-459f-b8f3-e98655f4d95d/contexts[39m
[35m[HTTP][39m [90m{}[39m
[35m[HTTP][39m [37m<-- GET /wd/hub/session/f78fe2f3-a510-459f-b8f3-e98655f4d95d/contexts [39m[32m200[39m [90m178 ms - 86[39m
[35m[HTTP][39m [90m[39m
[35m[HTTP][39m [37m-->[39m [37mPOST[39m [37m/wd/hub/session/f78fe2f3-a510-459f-b8f3-e98655f4d95d/context[39m
[35m[HTTP][39m [90m{"name":"NATIVE_APP"}[39m
[35m[HTTP][39m [37m<-- POST /wd/hub/session/f78fe2f3-a510-459f-b8f3-e98655f4d95d/context [39m[32m200[39m [90m140 ms - 76[39m
[35m[HTTP][39m [90m[39m
[35m[HTTP][39m [37m-->[39m [37mGET[39m [37m/wd/hub/session/f78fe2f3-a510-459f-b8f3-e98655f4d95d/screenshot[39m
[35m[HTTP][39m [90m{}[39m
[35m[HTTP][39m [37m<-- GET /wd/hub/session/f78fe2f3-a510-459f-b8f3-e98655f4d95d/screenshot [39m[32m200[39m [90m1026 ms - 42482[39m
[35m[HTTP][39m [90m[39m
[35m[HTTP][39m [37m-->[39m [37mPOST[39m [37m/wd/hub/session/f78fe2f3-a510-459f-b8f3-e98655f4d95d/context[39m
[35m[HTTP][39m [90m{"name":"NATIVE_APP"}[39m
[35m[HTTP][39m [37m<-- POST /wd/hub/session/f78fe2f3-a510-459f-b8f3-e98655f4d95d/context [39m[32m200[39m [90m134 ms - 76[39m
[35m[HTTP][39m [90m[39m
[35m[HTTP][39m [37m-->[39m [37mGET[39m [37m/wd/hub/session/f78fe2f3-a510-459f-b8f3-e98655f4d95d/context[39m
[35m[HTTP][39m [90m{}[39m
[35m[HTTP][39m [37m<-- GET /wd/hub/session/f78fe2f3-a510-459f-b8f3-e98655f4d95d/context [39m[32m200[39m [90m2 ms - 84[39m
[35m[HTTP][39m [90m[39m
[35m[HTTP][39m [37m-->[39m [37mGET[39m [37m/wd/hub/session/f78fe2f3-a510-459f-b8f3-e98655f4d95d/contexts[39m
[35m[HTTP][39m [90m{}[39m
[35m[HTTP][39m [37m<-- GET /wd/hub/session/f78fe2f3-a510-459f-b8f3-e98655f4d95d/contexts [39m[32m200[39m [90m126 ms - 86[39m
[35m[HTTP][39m [90m[39m
[35m[HTTP][39m [37m-->[39m [37mPOST[39m [37m/wd/hub/session/f78fe2f3-a510-459f-b8f3-e98655f4d95d/context[39m
[35m[HTTP][39m [90m{"name":"NATIVE_APP"}[39m
[35m[HTTP][39m [37m<-- POST /wd/hub/session/f78fe2f3-a510-459f-b8f3-e98655f4d95d/context [39m[32m200[39m [90m129 ms - 76[39m
[35m[HTTP][39m [90m[39m
[35m[HTTP][39m [37m-->[39m [37mGET[39m [37m/wd/hub/session/f78fe2f3-a510-459f-b8f3-e98655f4d95d/screenshot[39m
[35m[HTTP][39m [90m{}[39m
[35m[HTTP][39m [37m<-- GET /wd/hub/session/f78fe2f3-a510-459f-b8f3-e98655f4d95d/screenshot [39m[32m200[39m [90m974 ms - 42482[39m
[35m[HTTP][39m [90m[39m
[35m[HTTP][39m [37m-->[39m [37mPOST[39m [37m/wd/hub/session/f78fe2f3-a510-459f-b8f3-e98655f4d95d/context[39m
[35m[HTTP][39m [90m{"name":"NATIVE_APP"}[39m
[35m[HTTP][39m [37m<-- POST /wd/hub/session/f78fe2f3-a510-459f-b8f3-e98655f4d95d/context [39m[32m200[39m [90m137 ms - 76[39m
[35m[HTTP][39m [90m[39m
[35m[HTTP][39m [37m-->[39m [37mGET[39m [37m/wd/hub/session/f78fe2f3-a510-459f-b8f3-e98655f4d95d/window/current/size[39m
[35m[HTTP][39m [90m{}[39m
[35m[HTTP][39m [37m<-- GET /wd/hub/session/f78fe2f3-a510-459f-b8f3-e98655f4d95d/window/current/size [39m[32m200[39m [90m8 ms - 99[39m
[35m[HTTP][39m [90m[39m
[35m[HTTP][39m [37m-->[39m [37mPOST[39m [37m/wd/hub/session/f78fe2f3-a510-459f-b8f3-e98655f4d95d/elements[39m
[35m[HTTP][39m [90m{"using":"-android uiautomator","value":"new UiSelector().description(\"input_anumberpicker\")"}[39m
[35m[HTTP][39m [37m<-- POST /wd/hub/session/f78fe2f3-a510-459f-b8f3-e98655f4d95d/elements [39m[32m200[39m [90m10527 ms - 74[39m
[35m[HTTP][39m [90m[39m
[35m[HTTP][39m [37m-->[39m [37mGET[39m [37m/wd/hub/session/f78fe2f3-a510-459f-b8f3-e98655f4d95d/window/current/size[39m
[35m[HTTP][39m [90m{}[39m
[35m[HTTP][39m [37m<-- GET /wd/hub/session/f78fe2f3-a510-459f-b8f3-e98655f4d95d/window/current/size [39m[32m200[39m [90m10 ms - 99[39m
[35m[HTTP][39m [90m[39m
[35m[HTTP][39m [37m-->[39m [37mPOST[39m [37m/wd/hub/session/f78fe2f3-a510-459f-b8f3-e98655f4d95d/elements[39m
[35m[HTTP][39m [90m{"using":"-android uiautomator","value":"new UiSelector().description(\"input_anumberpicker\")"}[39m
[35m[HTTP][39m [37m<-- POST /wd/hub/session/f78fe2f3-a510-459f-b8f3-e98655f4d95d/elements [39m[32m200[39m [90m995 ms - 74[39m
[35m[HTTP][39m [90m[39m
[35m[HTTP][39m [37m-->[39m [37mPOST[39m [37m/wd/hub/session/f78fe2f3-a510-459f-b8f3-e98655f4d95d/elements[39m
[35m[HTTP][39m [90m{"using":"-android uiautomator","value":"new UiSelector().description(\"input_anumberpicker\")"}[39m
[35m[HTTP][39m [37m<-- POST /wd/hub/session/f78fe2f3-a510-459f-b8f3-e98655f4d95d/elements [39m[32m200[39m [90m2940 ms - 74[39m
[35m[HTTP][39m [90m[39m
[35m[HTTP][39m [37m-->[39m [37mGET[39m [37m/wd/hub/session/f78fe2f3-a510-459f-b8f3-e98655f4d95d/context[39m
[35m[HTTP][39m [90m{}[39m
[35m[HTTP][39m [37m<-- GET /wd/hub/session/f78fe2f3-a510-459f-b8f3-e98655f4d95d/context [39m[32m200[39m [90m2 ms - 84[39m
[35m[HTTP][39m [90m[39m
[35m[HTTP][39m [37m-->[39m [37mGET[39m [37m/wd/hub/session/f78fe2f3-a510-459f-b8f3-e98655f4d95d/contexts[39m
[35m[HTTP][39m [90m{}[39m
[35m[HTTP][39m [37m<-- GET /wd/hub/session/f78fe2f3-a510-459f-b8f3-e98655f4d95d/contexts [39m[32m200[39m [90m146 ms - 86[39m
[35m[HTTP][39m [90m[39m
[35m[HTTP][39m [37m-->[39m [37mPOST[39m [37m/wd/hub/session/f78fe2f3-a510-459f-b8f3-e98655f4d95d/context[39m
[35m[HTTP][39m [90m{"name":"NATIVE_APP"}[39m
[35m[HTTP][39m [37m<-- POST /wd/hub/session/f78fe2f3-a510-459f-b8f3-e98655f4d95d/context [39m[32m200[39m [90m135 ms - 76[39m
[35m[HTTP][39m [90m[39m
[35m[HTTP][39m [37m-->[39m [37mGET[39m [37m/wd/hub/session/f78fe2f3-a510-459f-b8f3-e98655f4d95d/screenshot[39m
[35m[HTTP][39m [90m{}[39m
[35m[HTTP][39m [37m<-- GET /wd/hub/session/f78fe2f3-a510-459f-b8f3-e98655f4d95d/screenshot [39m[32m200[39m [90m928 ms - 42482[39m
[35m[HTTP][39m [90m[39m
[35m[HTTP][39m [37m-->[39m [37mPOST[39m [37m/wd/hub/session/f78fe2f3-a510-459f-b8f3-e98655f4d95d/context[39m
[35m[HTTP][39m [90m{"name":"NATIVE_APP"}[39m
[35m[HTTP][39m [37m<-- POST /wd/hub/session/f78fe2f3-a510-459f-b8f3-e98655f4d95d/context [39m[32m200[39m [90m121 ms - 76[39m
[35m[HTTP][39m [90m[39m
[35m[HTTP][39m [37m-->[39m [37mGET[39m [37m/wd/hub/session/f78fe2f3-a510-459f-b8f3-e98655f4d95d/context[39m
[35m[HTTP][39m [90m{}[39m
[35m[HTTP][39m [37m<-- GET /wd/hub/session/f78fe2f3-a510-459f-b8f3-e98655f4d95d/context [39m[32m200[39m [90m2 ms - 84[39m
[35m[HTTP][39m [90m[39m
[35m[HTTP][39m [37m-->[39m [37mGET[39m [37m/wd/hub/session/f78fe2f3-a510-459f-b8f3-e98655f4d95d/contexts[39m
[35m[HTTP][39m [90m{}[39m
[35m[HTTP][39m [37m<-- GET /wd/hub/session/f78fe2f3-a510-459f-b8f3-e98655f4d95d/contexts [39m[32m200[39m [90m139 ms - 86[39m
[35m[HTTP][39m [90m[39m
[35m[HTTP][39m [37m-->[39m [37mPOST[39m [37m/wd/hub/session/f78fe2f3-a510-459f-b8f3-e98655f4d95d/context[39m
[35m[HTTP][39m [90m{"name":"NATIVE_APP"}[39m
[35m[HTTP][39m [37m<-- POST /wd/hub/session/f78fe2f3-a510-459f-b8f3-e98655f4d95d/context [39m[32m200[39m [90m150 ms - 76[39m
[35m[HTTP][39m [90m[39m
[35m[HTTP][39m [37m-->[39m [37mGET[39m [37m/wd/hub/session/f78fe2f3-a510-459f-b8f3-e98655f4d95d/screenshot[39m
[35m[HTTP][39m [90m{}[39m
[35m[HTTP][39m [37m<-- GET /wd/hub/session/f78fe2f3-a510-459f-b8f3-e98655f4d95d/screenshot [39m[32m200[39m [90m1205 ms - 45638[39m
[35m[HTTP][39m [90m[39m
[35m[HTTP][39m [37m-->[39m [37mPOST[39m [37m/wd/hub/session/f78fe2f3-a510-459f-b8f3-e98655f4d95d/context[39m
[35m[HTTP][39m [90m{"name":"NATIVE_APP"}[39m
[35m[HTTP][39m [37m<-- POST /wd/hub/session/f78fe2f3-a510-459f-b8f3-e98655f4d95d/context [39m[32m200[39m [90m137 ms - 76[39m
[35m[HTTP][39m [90m[39m
[35m[HTTP][39m [37m-->[39m [37mGET[39m [37m/wd/hub/session/f78fe2f3-a510-459f-b8f3-e98655f4d95d/window/current/size[39m
[35m[HTTP][39m [90m{}[39m
[35m[HTTP][39m [37m<-- GET /wd/hub/session/f78fe2f3-a510-459f-b8f3-e98655f4d95d/window/current/size [39m[32m200[39m [90m9 ms - 99[39m
[35m[HTTP][39m [90m[39m
[35m[HTTP][39m [37m-->[39m [37mPOST[39m [37m/wd/hub/session/f78fe2f3-a510-459f-b8f3-e98655f4d95d/elements[39m
[35m[HTTP][39m [90m{"using":"-android uiautomator","value":"new UiSelector().description(\"productSubmitBtn\")"}[39m
[35m[HTTP][39m [37m<-- POST /wd/hub/session/f78fe2f3-a510-459f-b8f3-e98655f4d95d/elements [39m[32m200[39m [90m758 ms - 74[39m
[35m[HTTP][39m [90m[39m
[35m[HTTP][39m [37m-->[39m [37mPOST[39m [37m/wd/hub/session/f78fe2f3-a510-459f-b8f3-e98655f4d95d/elements[39m
[35m[HTTP][39m [90m{"using":"-android uiautomator","value":"new UiSelector().description(\"productSubmitBtn\")"}[39m
[35m[HTTP][39m [37m<-- POST /wd/hub/session/f78fe2f3-a510-459f-b8f3-e98655f4d95d/elements [39m[32m200[39m [90m1011 ms - 74[39m
[35m[HTTP][39m [90m[39m
[35m[HTTP][39m [37m-->[39m [37mPOST[39m [37m/wd/hub/session/f78fe2f3-a510-459f-b8f3-e98655f4d95d/elements[39m
[35m[HTTP][39m [90m{"using":"-android uiautomator","value":"new UiSelector().description(\"productSubmitBtn\")"}[39m
[35m[HTTP][39m [37m<-- POST /wd/hub/session/f78fe2f3-a510-459f-b8f3-e98655f4d95d/elements [39m[32m200[39m [90m6522 ms - 74[39m
[35m[HTTP][39m [90m[39m
[35m[HTTP][39m [37m-->[39m [37mGET[39m [37m/wd/hub/session/f78fe2f3-a510-459f-b8f3-e98655f4d95d/window/current/size[39m
[35m[HTTP][39m [90m{}[39m
[35m[HTTP][39m [37m<-- GET /wd/hub/session/f78fe2f3-a510-459f-b8f3-e98655f4d95d/window/current/size [39m[32m200[39m [90m8 ms - 99[39m
[35m[HTTP][39m [90m[39m
[35m[HTTP][39m [37m-->[39m [37mPOST[39m [37m/wd/hub/session/f78fe2f3-a510-459f-b8f3-e98655f4d95d/elements[39m
[35m[HTTP][39m [90m{"using":"-android uiautomator","value":"new UiSelector().description(\"productSubmitBtn\")"}[39m
[35m[HTTP][39m [37m<-- POST /wd/hub/session/f78fe2f3-a510-459f-b8f3-e98655f4d95d/elements [39m[32m200[39m [90m1446 ms - 74[39m
[35m[HTTP][39m [90m[39m
[35m[HTTP][39m [37m-->[39m [37mGET[39m [37m/wd/hub/session/f78fe2f3-a510-459f-b8f3-e98655f4d95d/window/current/size[39m
[35m[HTTP][39m [90m{}[39m
[35m[HTTP][39m [37m<-- GET /wd/hub/session/f78fe2f3-a510-459f-b8f3-e98655f4d95d/window/current/size [39m[32m200[39m [90m41 ms - 99[39m
[35m[HTTP][39m [90m[39m
[35m[HTTP][39m [37m-->[39m [37mPOST[39m [37m/wd/hub/session/f78fe2f3-a510-459f-b8f3-e98655f4d95d/elements[39m
[35m[HTTP][39m [90m{"using":"-android uiautomator","value":"new UiSelector().description(\"productSubmitBtn\")"}[39m
[35m[HTTP][39m [37m<-- POST /wd/hub/session/f78fe2f3-a510-459f-b8f3-e98655f4d95d/elements [39m[32m200[39m [90m5456 ms - 74[39m
[35m[HTTP][39m [90m[39m
[35m[HTTP][39m [37m-->[39m [37mGET[39m [37m/wd/hub/session/f78fe2f3-a510-459f-b8f3-e98655f4d95d/context[39m
[35m[HTTP][39m [90m{}[39m
[35m[HTTP][39m [37m<-- GET /wd/hub/session/f78fe2f3-a510-459f-b8f3-e98655f4d95d/context [39m[32m200[39m [90m3 ms - 84[39m
[35m[HTTP][39m [90m[39m
[35m[HTTP][39m [37m-->[39m [37mGET[39m [37m/wd/hub/session/f78fe2f3-a510-459f-b8f3-e98655f4d95d/contexts[39m
[35m[HTTP][39m [90m{}[39m
[35m[HTTP][39m [37m<-- GET /wd/hub/session/f78fe2f3-a510-459f-b8f3-e98655f4d95d/contexts [39m[32m200[39m [90m138 ms - 86[39m
[35m[HTTP][39m [90m[39m
[35m[HTTP][39m [37m-->[39m [37mPOST[39m [37m/wd/hub/session/f78fe2f3-a510-459f-b8f3-e98655f4d95d/context[39m
[35m[HTTP][39m [90m{"name":"NATIVE_APP"}[39m
[35m[HTTP][39m [37m<-- POST /wd/hub/session/f78fe2f3-a510-459f-b8f3-e98655f4d95d/context [39m[32m200[39m [90m111 ms - 76[39m
[35m[HTTP][39m [90m[39m
[35m[HTTP][39m [37m-->[39m [37mGET[39m [37m/wd/hub/session/f78fe2f3-a510-459f-b8f3-e98655f4d95d/screenshot[39m
[35m[HTTP][39m [90m{}[39m
[35m[HTTP][39m [37m<-- GET /wd/hub/session/f78fe2f3-a510-459f-b8f3-e98655f4d95d/screenshot [39m[32m200[39m [90m953 ms - 50634[39m
[35m[HTTP][39m [90m[39m
[35m[HTTP][39m [37m-->[39m [37mPOST[39m [37m/wd/hub/session/f78fe2f3-a510-459f-b8f3-e98655f4d95d/context[39m
[35m[HTTP][39m [90m{"name":"NATIVE_APP"}[39m
[35m[HTTP][39m [37m<-- POST /wd/hub/session/f78fe2f3-a510-459f-b8f3-e98655f4d95d/context [39m[32m200[39m [90m118 ms - 76[39m
[35m[HTTP][39m [90m[39m
[35m[HTTP][39m [37m-->[39m [37mGET[39m [37m/wd/hub/session/f78fe2f3-a510-459f-b8f3-e98655f4d95d/context[39m
[35m[HTTP][39m [90m{}[39m
[35m[HTTP][39m [37m<-- GET /wd/hub/session/f78fe2f3-a510-459f-b8f3-e98655f4d95d/context [39m[32m200[39m [90m2 ms - 84[39m
[35m[HTTP][39m [90m[39m
[35m[HTTP][39m [37m-->[39m [37mGET[39m [37m/wd/hub/session/f78fe2f3-a510-459f-b8f3-e98655f4d95d/contexts[39m
[35m[HTTP][39m [90m{}[39m
[35m[HTTP][39m [37m<-- GET /wd/hub/session/f78fe2f3-a510-459f-b8f3-e98655f4d95d/contexts [39m[32m200[39m [90m105 ms - 86[39m
[35m[HTTP][39m [90m[39m
[35m[HTTP][39m [37m-->[39m [37mPOST[39m [37m/wd/hub/session/f78fe2f3-a510-459f-b8f3-e98655f4d95d/context[39m
[35m[HTTP][39m [90m{"name":"NATIVE_APP"}[39m
[35m[HTTP][39m [37m<-- POST /wd/hub/session/f78fe2f3-a510-459f-b8f3-e98655f4d95d/context [39m[32m200[39m [90m129 ms - 76[39m
[35m[HTTP][39m [90m[39m
[35m[HTTP][39m [37m-->[39m [37mGET[39m [37m/wd/hub/session/f78fe2f3-a510-459f-b8f3-e98655f4d95d/screenshot[39m
[35m[HTTP][39m [90m{}[39m
[35m[HTTP][39m [37m<-- GET /wd/hub/session/f78fe2f3-a510-459f-b8f3-e98655f4d95d/screenshot [39m[32m200[39m [90m931 ms - 42482[39m
[35m[HTTP][39m [90m[39m
[35m[HTTP][39m [37m-->[39m [37mPOST[39m [37m/wd/hub/session/f78fe2f3-a510-459f-b8f3-e98655f4d95d/context[39m
[35m[HTTP][39m [90m{"name":"NATIVE_APP"}[39m
[35m[HTTP][39m [37m<-- POST /wd/hub/session/f78fe2f3-a510-459f-b8f3-e98655f4d95d/context [39m[32m200[39m [90m137 ms - 76[39m
[35m[HTTP][39m [90m[39m
[35m[HTTP][39m [37m-->[39m [37mGET[39m [37m/wd/hub/session/f78fe2f3-a510-459f-b8f3-e98655f4d95d/context[39m
[35m[HTTP][39m [90m{}[39m
[35m[HTTP][39m [37m<-- GET /wd/hub/session/f78fe2f3-a510-459f-b8f3-e98655f4d95d/context [39m[32m200[39m [90m2 ms - 84[39m
[35m[HTTP][39m [90m[39m
[35m[HTTP][39m [37m-->[39m [37mGET[39m [37m/wd/hub/session/f78fe2f3-a510-459f-b8f3-e98655f4d95d/contexts[39m
[35m[HTTP][39m [90m{}[39m
[35m[HTTP][39m [37m<-- GET /wd/hub/session/f78fe2f3-a510-459f-b8f3-e98655f4d95d/contexts [39m[32m200[39m [90m124 ms - 86[39m
[35m[HTTP][39m [90m[39m
[35m[HTTP][39m [37m-->[39m [37mPOST[39m [37m/wd/hub/session/f78fe2f3-a510-459f-b8f3-e98655f4d95d/context[39m
[35m[HTTP][39m [90m{"name":"NATIVE_APP"}[39m
[35m[HTTP][39m [37m<-- POST /wd/hub/session/f78fe2f3-a510-459f-b8f3-e98655f4d95d/context [39m[32m200[39m [90m132 ms - 76[39m
[35m[HTTP][39m [90m[39m
[35m[HTTP][39m [37m-->[39m [37mPOST[39m [37m/wd/hub/session/f78fe2f3-a510-459f-b8f3-e98655f4d95d/touch/perform[39m
[35m[HTTP][39m [90m{"actions":[{"action":"press","options":{"x":242,"y":360}},{"action":"wait","options":{"ms":500}},{"action":"moveTo","options":{"x":242,"y":743}}]}[39m
[35m[HTTP][39m [37m<-- POST /wd/hub/session/f78fe2f3-a510-459f-b8f3-e98655f4d95d/touch/perform [39m[32m200[39m [90m561 ms - 76[39m
[35m[HTTP][39m [90m[39m
[35m[HTTP][39m [37m-->[39m [37mPOST[39m [37m/wd/hub/session/f78fe2f3-a510-459f-b8f3-e98655f4d95d/context[39m
[35m[HTTP][39m [90m{"name":"NATIVE_APP"}[39m
[35m[HTTP][39m [37m<-- POST /wd/hub/session/f78fe2f3-a510-459f-b8f3-e98655f4d95d/context [39m[32m200[39m [90m176 ms - 76[39m
[35m[HTTP][39m [90m[39m
[35m[HTTP][39m [37m-->[39m [37mGET[39m [37m/wd/hub/session/f78fe2f3-a510-459f-b8f3-e98655f4d95d/window/current/size[39m
[35m[HTTP][39m [90m{}[39m
[35m[HTTP][39m [37m<-- GET /wd/hub/session/f78fe2f3-a510-459f-b8f3-e98655f4d95d/window/current/size [39m[32m200[39m [90m8 ms - 99[39m
[35m[HTTP][39m [90m[39m
[35m[HTTP][39m [37m-->[39m [37mPOST[39m [37m/wd/hub/session/f78fe2f3-a510-459f-b8f3-e98655f4d95d/elements[39m
[35m[HTTP][39m [90m{"using":"-android uiautomator","value":"new UiSelector().description(\"productNameTextInput\")"}[39m
[35m[HTTP][39m [37m<-- POST /wd/hub/session/f78fe2f3-a510-459f-b8f3-e98655f4d95d/elements [39m[32m200[39m [90m4106 ms - 74[39m
[35m[HTTP][39m [90m[39m
[35m[HTTP][39m [37m-->[39m [37mPOST[39m [37m/wd/hub/session/f78fe2f3-a510-459f-b8f3-e98655f4d95d/elements[39m
[35m[HTTP][39m [90m{"using":"-android uiautomator","value":"new UiSelector().description(\"productNameTextInput\")"}[39m
[35m[HTTP][39m [37m<-- POST /wd/hub/session/f78fe2f3-a510-459f-b8f3-e98655f4d95d/elements [39m[32m200[39m [90m1693 ms - 74[39m
[35m[HTTP][39m [90m[39m
[35m[HTTP][39m [37m-->[39m [37mGET[39m [37m/wd/hub/session/f78fe2f3-a510-459f-b8f3-e98655f4d95d/window/current/size[39m
[35m[HTTP][39m [90m{}[39m
[35m[HTTP][39m [37m<-- GET /wd/hub/session/f78fe2f3-a510-459f-b8f3-e98655f4d95d/window/current/size [39m[32m200[39m [90m11 ms - 99[39m
[35m[HTTP][39m [90m[39m
[35m[HTTP][39m [37m-->[39m [37mPOST[39m [37m/wd/hub/session/f78fe2f3-a510-459f-b8f3-e98655f4d95d/elements[39m
[35m[HTTP][39m [90m{"using":"-android uiautomator","value":"new UiSelector().description(\"productNameTextInput\")"}[39m
[35m[HTTP][39m [37m<-- POST /wd/hub/session/f78fe2f3-a510-459f-b8f3-e98655f4d95d/elements [39m[32m200[39m [90m994 ms - 74[39m
[35m[HTTP][39m [90m[39m
[35m[HTTP][39m [37m-->[39m [37mGET[39m [37m/wd/hub/session/f78fe2f3-a510-459f-b8f3-e98655f4d95d/window/current/size[39m
[35m[HTTP][39m [90m{}[39m
[35m[HTTP][39m [37m<-- GET /wd/hub/session/f78fe2f3-a510-459f-b8f3-e98655f4d95d/window/current/size [39m[32m200[39m [90m8 ms - 99[39m
[35m[HTTP][39m [90m[39m
[35m[HTTP][39m [37m-->[39m [37mPOST[39m [37m/wd/hub/session/f78fe2f3-a510-459f-b8f3-e98655f4d95d/elements[39m
[35m[HTTP][39m [90m{"using":"-android uiautomator","value":"new UiSelector().description(\"productNameTextInput\")"}[39m
[35m[HTTP][39m [37m<-- POST /wd/hub/session/f78fe2f3-a510-459f-b8f3-e98655f4d95d/elements [39m[32m200[39m [90m3479 ms - 74[39m
[35m[HTTP][39m [90m[39m
[35m[HTTP][39m [37m-->[39m [37mPOST[39m [37m/wd/hub/session/f78fe2f3-a510-459f-b8f3-e98655f4d95d/elements[39m
[35m[HTTP][39m [90m{"using":"-android uiautomator","value":"new UiSelector().description(\"productNameTextInput\")"}[39m
[35m[HTTP][39m [37m<-- POST /wd/hub/session/f78fe2f3-a510-459f-b8f3-e98655f4d95d/elements [39m[32m200[39m [90m3008 ms - 74[39m
[35m[HTTP][39m [90m[39m
[35m[HTTP][39m [37m-->[39m [37mPOST[39m [37m/wd/hub/session/f78fe2f3-a510-459f-b8f3-e98655f4d95d/elements[39m
[35m[HTTP][39m [90m{"using":"-android uiautomator","value":"new UiSelector().description(\"productNameTextInput\")"}[39m
[35m[HTTP][39m [37m<-- POST /wd/hub/session/f78fe2f3-a510-459f-b8f3-e98655f4d95d/elements [39m[32m200[39m [90m1034 ms - 74[39m
[35m[HTTP][39m [90m[39m
[35m[HTTP][39m [37m-->[39m [37mPOST[39m [37m/wd/hub/session/f78fe2f3-a510-459f-b8f3-e98655f4d95d/elements[39m
[35m[HTTP][39m [90m{"using":"-android uiautomator","value":"new UiSelector().description(\"productNameTextInput\")"}[39m
[35m[HTTP][39m [37m<-- POST /wd/hub/session/f78fe2f3-a510-459f-b8f3-e98655f4d95d/elements [39m[32m200[39m [90m4488 ms - 74[39m
[35m[HTTP][39m [90m[39m
[35m[HTTP][39m [37m-->[39m [37mGET[39m [37m/wd/hub/session/f78fe2f3-a510-459f-b8f3-e98655f4d95d/context[39m
[35m[HTTP][39m [90m{}[39m
[35m[HTTP][39m [37m<-- GET /wd/hub/session/f78fe2f3-a510-459f-b8f3-e98655f4d95d/context [39m[32m200[39m [90m4 ms - 84[39m
[35m[HTTP][39m [90m[39m
[35m[HTTP][39m [37m-->[39m [37mGET[39m [37m/wd/hub/session/f78fe2f3-a510-459f-b8f3-e98655f4d95d/contexts[39m
[35m[HTTP][39m [90m{}[39m
[35m[HTTP][39m [37m<-- GET /wd/hub/session/f78fe2f3-a510-459f-b8f3-e98655f4d95d/contexts [39m[32m200[39m [90m145 ms - 86[39m
[35m[HTTP][39m [90m[39m
[35m[HTTP][39m [37m-->[39m [37mPOST[39m [37m/wd/hub/session/f78fe2f3-a510-459f-b8f3-e98655f4d95d/context[39m
[35m[HTTP][39m [90m{"name":"NATIVE_APP"}[39m
[35m[HTTP][39m [37m<-- POST /wd/hub/session/f78fe2f3-a510-459f-b8f3-e98655f4d95d/context [39m[32m200[39m [90m112 ms - 76[39m
[35m[HTTP][39m [90m[39m
[35m[HTTP][39m [37m-->[39m [37mGET[39m [37m/wd/hub/session/f78fe2f3-a510-459f-b8f3-e98655f4d95d/screenshot[39m
[35m[HTTP][39m [90m{}[39m
[35m[HTTP][39m [37m<-- GET /wd/hub/session/f78fe2f3-a510-459f-b8f3-e98655f4d95d/screenshot [39m[32m200[39m [90m1025 ms - 50634[39m
[35m[HTTP][39m [90m[39m
[35m[HTTP][39m [37m-->[39m [37mPOST[39m [37m/wd/hub/session/f78fe2f3-a510-459f-b8f3-e98655f4d95d/context[39m
[35m[HTTP][39m [90m{"name":"NATIVE_APP"}[39m
[35m[HTTP][39m [37m<-- POST /wd/hub/session/f78fe2f3-a510-459f-b8f3-e98655f4d95d/context [39m[32m200[39m [90m133 ms - 76[39m
[35m[HTTP][39m [90m[39m
[35m[HTTP][39m [37m-->[39m [37mGET[39m [37m/wd/hub/session/f78fe2f3-a510-459f-b8f3-e98655f4d95d/context[39m
[35m[HTTP][39m [90m{}[39m
[35m[HTTP][39m [37m<-- GET /wd/hub/session/f78fe2f3-a510-459f-b8f3-e98655f4d95d/context [39m[32m200[39m [90m3 ms - 84[39m
[35m[HTTP][39m [90m[39m
[35m[HTTP][39m [37m-->[39m [37mGET[39m [37m/wd/hub/session/f78fe2f3-a510-459f-b8f3-e98655f4d95d/contexts[39m
[35m[HTTP][39m [90m{}[39m
[35m[HTTP][39m [37m<-- GET /wd/hub/session/f78fe2f3-a510-459f-b8f3-e98655f4d95d/contexts [39m[32m200[39m [90m151 ms - 86[39m
[35m[HTTP][39m [90m[39m
[35m[HTTP][39m [37m-->[39m [37mPOST[39m [37m/wd/hub/session/f78fe2f3-a510-459f-b8f3-e98655f4d95d/context[39m
[35m[HTTP][39m [90m{"name":"NATIVE_APP"}[39m
[35m[HTTP][39m [37m<-- POST /wd/hub/session/f78fe2f3-a510-459f-b8f3-e98655f4d95d/context [39m[32m200[39m [90m132 ms - 76[39m
[35m[HTTP][39m [90m[39m
[35m[HTTP][39m [37m-->[39m [37mGET[39m [37m/wd/hub/session/f78fe2f3-a510-459f-b8f3-e98655f4d95d/screenshot[39m
[35m[HTTP][39m [90m{}[39m
[35m[HTTP][39m [37m<-- GET /wd/hub/session/f78fe2f3-a510-459f-b8f3-e98655f4d95d/screenshot [39m[32m200[39m [90m994 ms - 49198[39m
[35m[HTTP][39m [90m[39m
[35m[HTTP][39m [37m-->[39m [37mPOST[39m [37m/wd/hub/session/f78fe2f3-a510-459f-b8f3-e98655f4d95d/context[39m
[35m[HTTP][39m [90m{"name":"NATIVE_APP"}[39m
[35m[HTTP][39m [37m<-- POST /wd/hub/session/f78fe2f3-a510-459f-b8f3-e98655f4d95d/context [39m[32m200[39m [90m157 ms - 76[39m
[35m[HTTP][39m [90m[39m
[35m[HTTP][39m [37m-->[39m [37mDELETE[39m [37m/wd/hub/session/f78fe2f3-a510-459f-b8f3-e98655f4d95d[39m
[35m[HTTP][39m [90m{}[39m
[35m[Appium][39m Removing session f78fe2f3-a510-459f-b8f3-e98655f4d95d from our master session list
[35m[ADB][39m com.btpn.appbisnis.sit was successfully uninstalled
[35m[ADB][39m No uiautomator process found to kill, continuing...
[35m[HTTP][39m [37m<-- DELETE /wd/hub/session/f78fe2f3-a510-459f-b8f3-e98655f4d95d [39m[32m200[39m [90m5736 ms - 76[39m
[35m[HTTP][39m [90m[39m
