[35m[Appium][39m Welcome to Appium v1.8.1
[35m[Appium][39m Non-default server args:
[35m[Appium][39m   port: 50076
[35m[Appium][39m   loglevel: info
[35m[Appium][39m   chromeDriverPort: 50078
[35m[Appium][39m   tmpDir: C:\Users\AV2017~2\AppData\Local\Temp\\Katalon\Appium\Temp1536809716943
[35m[Appium][39m Appium REST http interface listener started on 0.0.0.0:50076
[35m[HTTP][39m [37m-->[39m [37mGET[39m [37m/wd/hub/status[39m
[35m[HTTP][39m [90m{}[39m
[35m[HTTP][39m [37m<-- GET /wd/hub/status [39m[32m200[39m [90m63 ms - 83[39m
[35m[HTTP][39m [90m[39m
[35m[HTTP][39m [37m-->[39m [37mPOST[39m [37m/wd/hub/session[39m
[35m[HTTP][39m [90m{"desiredCapabilities":{"app":"C:\\Users\\AV2017005903\\Documents\\apollo-automation\\7 September.apk","appWaitActivity":"com.*","autoGrantPermissions":true,"deviceId":"6e4df14","deviceName":"OPPO A37f (Android 5.1.1)","fullReset":true,"newCommandTimeout":1800,"noReset":false,"platform":"ANDROID","platformName":"Android","udid":"6e4df14"},"capabilities":{"desiredCapabilities":{"app":"C:\\Users\\AV2017005903\\Documents\\apollo-automation\\7 September.apk","appWaitActivity":"com.*","autoGrantPermissions":true,"deviceId":"6e4df14","deviceName":"OPPO A37f (Android 5.1.1)","fullReset":true,"newCommandTimeout":1800,"noReset":false,"platform":"ANDROID","platformName":"Android","udid":"6e4df14"},"firstMatch":[{"platformName":"android"}]}}[39m
[35m[Appium][39m Could not parse W3C capabilities: 'deviceName' can't be blank. Falling back to JSONWP protocol.
[35m[Appium][39m The following capabilities were provided in the JSONWP desired capabilities that are missing in W3C capabilities: ["app","appWaitActivity","autoGrantPermissions","deviceId","deviceName","fullReset","newCommandTimeout","noReset","platform","platformName","udid"]. Falling back to JSONWP protocol.
[35m[Appium][39m Creating new AndroidDriver (v2.7.0) session
[35m[Appium][39m Capabilities:
[35m[Appium][39m   app: C:\Users\AV2017005903\Documents\apollo-automation\7 September.apk
[35m[Appium][39m   appWaitActivity: com.*
[35m[Appium][39m   autoGrantPermissions: true
[35m[Appium][39m   deviceId: 6e4df14
[35m[Appium][39m   deviceName: OPPO A37f (Android 5.1.1)
[35m[Appium][39m   fullReset: true
[35m[Appium][39m   newCommandTimeout: 1800
[35m[Appium][39m   noReset: false
[35m[Appium][39m   platform: ANDROID
[35m[Appium][39m   platformName: Android
[35m[Appium][39m   udid: 6e4df14
[35m[BaseDriver][39m The following capabilities were provided, but are not recognized by appium: deviceId, platform.
[35m[BaseDriver][39m Session created with session id: 8353a27e-adee-41eb-93f8-d38f2b07f07f
[35m[AndroidDriver][39m Java version is: 1.8.0_181
[35m[ADB][39m Checking whether adb is present
[35m[ADB][39m Found 1 'build-tools' folders under 'C:\Users\AV2017005903\.katalon\tools\android_sdk' (newest first):
[35m[ADB][39m     C:/Users/AV2017005903/.katalon/tools/android_sdk/build-tools/28.0.0
[35m[ADB][39m Using adb.exe from C:\Users\AV2017005903\.katalon\tools\android_sdk\platform-tools\adb.exe
[35m[AndroidDriver][39m Retrieving device list
[35m[AndroidDriver][39m Using device: 6e4df14
[35m[BaseDriver][39m Using local app 'C:\Users\AV2017005903\Documents\apollo-automation\7 September.apk'
[35m[AndroidDriver][39m Starting Android session
[35m[ADB][39m Checking whether aapt is present
[35m[ADB][39m Using aapt.exe from C:\Users\AV2017005903\.katalon\tools\android_sdk\build-tools\28.0.0\aapt.exe
[35m[AndroidDriver][39m setDeviceLanguageCountry requires language or country.
[35m[AndroidDriver][39m Got language: 'null' and country: 'null'
[35m[ADB][39m Getting device platform version
[35m[ADB][39m Using the alternative activity name detection method because of: Could not find apkanalyzer.bat in C:\Users\AV2017005903\.katalon\tools\android_sdk\platform-tools\apkanalyzer.bat,C:\Users\AV2017005903\.katalon\tools\android_sdk\emulator\apkanalyzer.bat,C:\Users\AV2017005903\.katalon\tools\android_sdk\tools\apkanalyzer.bat,C:\Users\AV2017005903\.katalon\tools\android_sdk\tools\bin\apkanalyzer.bat,C:\Users\AV2017005903\.katalon\tools\android_sdk\build-tools\28.0.0\apkanalyzer.bat. Do you have the Android SDK installed at 'C:\Users\AV2017005903\.katalon\tools\android_sdk'?
[35m[ADB][39m Extracting package and launch activity from manifest
[35m[ADB][39m Package name: 'com.btpn.appbisnis.sit'
[35m[ADB][39m Main activity name: 'com.btpn_mpos_rn.react_bridging.splash.SplashActivity'
[35m[ADB][39m com.btpn.appbisnis.sit was not uninstalled, because it was not present on the device
[35m[ADB][39m Successfully extracted 953 strings from 'C:\Users\AV2017005903\Documents\apollo-automation\7 September.apk' resources for '(default)' configuration
[35m[ADB][39m No uiautomator process found to kill, continuing...
[35m[AndroidBootstrap][39m Android bootstrap socket is now connected
[35m[AndroidDriver][39m Screen already unlocked, doing nothing
[35m[Appium][39m New AndroidDriver session created successfully, session 8353a27e-adee-41eb-93f8-d38f2b07f07f added to master session list
[35m[HTTP][39m [37m<-- POST /wd/hub/session [39m[32m200[39m [90m29341 ms - 1152[39m
[35m[HTTP][39m [90m[39m
[35m[HTTP][39m [37m-->[39m [37mGET[39m [37m/wd/hub/status[39m
[35m[HTTP][39m [90m{}[39m
[35m[HTTP][39m [37m<-- GET /wd/hub/status [39m[32m200[39m [90m62 ms - 55[39m
[35m[HTTP][39m [90m[39m
[35m[HTTP][39m [37m-->[39m [37mPOST[39m [37m/wd/hub/session/8353a27e-adee-41eb-93f8-d38f2b07f07f/timeouts[39m
[35m[HTTP][39m [90m{"type":"implicit","ms":30000}[39m
[35m[HTTP][39m [37m<-- POST /wd/hub/session/8353a27e-adee-41eb-93f8-d38f2b07f07f/timeouts [39m[33m400[39m [90m18 ms - 5532[39m
[35m[HTTP][39m [90m[39m
[35m[HTTP][39m [37m-->[39m [37mPOST[39m [37m/wd/hub/session/8353a27e-adee-41eb-93f8-d38f2b07f07f/touch/perform[39m
[35m[HTTP][39m [90m{"actions":[{"action":"longPress","options":{"x":550,"y":300}},{"action":"moveTo","options":{"x":100,"y":300}},{"action":"release","options":{}}]}[39m
[35m[HTTP][39m [37m<-- POST /wd/hub/session/8353a27e-adee-41eb-93f8-d38f2b07f07f/touch/perform [39m[32m200[39m [90m2897 ms - 76[39m
[35m[HTTP][39m [90m[39m
[35m[HTTP][39m [37m-->[39m [37mPOST[39m [37m/wd/hub/session/8353a27e-adee-41eb-93f8-d38f2b07f07f/touch/perform[39m
[35m[HTTP][39m [90m{"actions":[{"action":"longPress","options":{"x":550,"y":300}},{"action":"moveTo","options":{"x":100,"y":300}},{"action":"release","options":{}}]}[39m
[35m[HTTP][39m [37m<-- POST /wd/hub/session/8353a27e-adee-41eb-93f8-d38f2b07f07f/touch/perform [39m[32m200[39m [90m2892 ms - 76[39m
[35m[HTTP][39m [90m[39m
[35m[HTTP][39m [37m-->[39m [37mPOST[39m [37m/wd/hub/session/8353a27e-adee-41eb-93f8-d38f2b07f07f/touch/perform[39m
[35m[HTTP][39m [90m{"actions":[{"action":"longPress","options":{"x":550,"y":300}},{"action":"moveTo","options":{"x":100,"y":300}},{"action":"release","options":{}}]}[39m
[35m[HTTP][39m [37m<-- POST /wd/hub/session/8353a27e-adee-41eb-93f8-d38f2b07f07f/touch/perform [39m[32m200[39m [90m2868 ms - 76[39m
[35m[HTTP][39m [90m[39m
[35m[HTTP][39m [37m-->[39m [37mPOST[39m [37m/wd/hub/session/8353a27e-adee-41eb-93f8-d38f2b07f07f/touch/perform[39m
[35m[HTTP][39m [90m{"actions":[{"action":"longPress","options":{"x":550,"y":300}},{"action":"moveTo","options":{"x":100,"y":300}},{"action":"release","options":{}}]}[39m
[35m[HTTP][39m [37m<-- POST /wd/hub/session/8353a27e-adee-41eb-93f8-d38f2b07f07f/touch/perform [39m[32m200[39m [90m2335 ms - 76[39m
[35m[HTTP][39m [90m[39m
[35m[HTTP][39m [37m-->[39m [37mGET[39m [37m/wd/hub/session/8353a27e-adee-41eb-93f8-d38f2b07f07f/window/current/size[39m
[35m[HTTP][39m [90m{}[39m
[35m[HTTP][39m [37m<-- GET /wd/hub/session/8353a27e-adee-41eb-93f8-d38f2b07f07f/window/current/size [39m[32m200[39m [90m11 ms - 99[39m
[35m[HTTP][39m [90m[39m
[35m[HTTP][39m [37m-->[39m [37mPOST[39m [37m/wd/hub/session/8353a27e-adee-41eb-93f8-d38f2b07f07f/elements[39m
[35m[HTTP][39m [90m{"using":"-android uiautomator","value":"new UiSelector().description(\"start_button_touch\")"}[39m
[35m[HTTP][39m [37m<-- POST /wd/hub/session/8353a27e-adee-41eb-93f8-d38f2b07f07f/elements [39m[32m200[39m [90m2076 ms - 89[39m
[35m[HTTP][39m [90m[39m
[35m[HTTP][39m [37m-->[39m [37mGET[39m [37m/wd/hub/session/8353a27e-adee-41eb-93f8-d38f2b07f07f[39m
[35m[HTTP][39m [90m{}[39m
[35m[HTTP][39m [37m<-- GET /wd/hub/session/8353a27e-adee-41eb-93f8-d38f2b07f07f [39m[32m200[39m [90m4 ms - 1152[39m
[35m[HTTP][39m [90m[39m
[35m[HTTP][39m [37m-->[39m [37mGET[39m [37m/wd/hub/session/8353a27e-adee-41eb-93f8-d38f2b07f07f[39m
[35m[HTTP][39m [90m{}[39m
[35m[HTTP][39m [37m<-- GET /wd/hub/session/8353a27e-adee-41eb-93f8-d38f2b07f07f [39m[32m200[39m [90m4 ms - 1152[39m
[35m[HTTP][39m [90m[39m
[35m[HTTP][39m [37m-->[39m [37mGET[39m [37m/wd/hub/session/8353a27e-adee-41eb-93f8-d38f2b07f07f[39m
[35m[HTTP][39m [90m{}[39m
[35m[HTTP][39m [37m<-- GET /wd/hub/session/8353a27e-adee-41eb-93f8-d38f2b07f07f [39m[32m200[39m [90m3 ms - 1152[39m
[35m[HTTP][39m [90m[39m
[35m[HTTP][39m [37m-->[39m [37mGET[39m [37m/wd/hub/session/8353a27e-adee-41eb-93f8-d38f2b07f07f[39m
[35m[HTTP][39m [90m{}[39m
[35m[HTTP][39m [37m<-- GET /wd/hub/session/8353a27e-adee-41eb-93f8-d38f2b07f07f [39m[32m200[39m [90m4 ms - 1152[39m
[35m[HTTP][39m [90m[39m
[35m[HTTP][39m [37m-->[39m [37mGET[39m [37m/wd/hub/session/8353a27e-adee-41eb-93f8-d38f2b07f07f/element/1/location[39m
[35m[HTTP][39m [90m{}[39m
[35m[HTTP][39m [37m<-- GET /wd/hub/session/8353a27e-adee-41eb-93f8-d38f2b07f07f/element/1/location [39m[32m200[39m [90m1032 ms - 89[39m
[35m[HTTP][39m [90m[39m
[35m[HTTP][39m [37m-->[39m [37mGET[39m [37m/wd/hub/session/8353a27e-adee-41eb-93f8-d38f2b07f07f/window/current/size[39m
[35m[HTTP][39m [90m{}[39m
[35m[HTTP][39m [37m<-- GET /wd/hub/session/8353a27e-adee-41eb-93f8-d38f2b07f07f/window/current/size [39m[32m200[39m [90m40 ms - 99[39m
[35m[HTTP][39m [90m[39m
[35m[HTTP][39m [37m-->[39m [37mPOST[39m [37m/wd/hub/session/8353a27e-adee-41eb-93f8-d38f2b07f07f/elements[39m
[35m[HTTP][39m [90m{"using":"-android uiautomator","value":"new UiSelector().description(\"start_button_touch\")"}[39m
[35m[HTTP][39m [37m<-- POST /wd/hub/session/8353a27e-adee-41eb-93f8-d38f2b07f07f/elements [39m[32m200[39m [90m1712 ms - 89[39m
[35m[HTTP][39m [90m[39m
[35m[HTTP][39m [37m-->[39m [37mGET[39m [37m/wd/hub/session/8353a27e-adee-41eb-93f8-d38f2b07f07f[39m
[35m[HTTP][39m [90m{}[39m
[35m[HTTP][39m [37m<-- GET /wd/hub/session/8353a27e-adee-41eb-93f8-d38f2b07f07f [39m[32m200[39m [90m3 ms - 1152[39m
[35m[HTTP][39m [90m[39m
[35m[HTTP][39m [37m-->[39m [37mGET[39m [37m/wd/hub/session/8353a27e-adee-41eb-93f8-d38f2b07f07f[39m
[35m[HTTP][39m [90m{}[39m
[35m[HTTP][39m [37m<-- GET /wd/hub/session/8353a27e-adee-41eb-93f8-d38f2b07f07f [39m[32m200[39m [90m3 ms - 1152[39m
[35m[HTTP][39m [90m[39m
[35m[HTTP][39m [37m-->[39m [37mGET[39m [37m/wd/hub/session/8353a27e-adee-41eb-93f8-d38f2b07f07f[39m
[35m[HTTP][39m [90m{}[39m
[35m[HTTP][39m [37m<-- GET /wd/hub/session/8353a27e-adee-41eb-93f8-d38f2b07f07f [39m[32m200[39m [90m3 ms - 1152[39m
[35m[HTTP][39m [90m[39m
[35m[HTTP][39m [37m-->[39m [37mGET[39m [37m/wd/hub/session/8353a27e-adee-41eb-93f8-d38f2b07f07f[39m
[35m[HTTP][39m [90m{}[39m
[35m[HTTP][39m [37m<-- GET /wd/hub/session/8353a27e-adee-41eb-93f8-d38f2b07f07f [39m[32m200[39m [90m2 ms - 1152[39m
[35m[HTTP][39m [90m[39m
[35m[HTTP][39m [37m-->[39m [37mGET[39m [37m/wd/hub/session/8353a27e-adee-41eb-93f8-d38f2b07f07f/element/2/location[39m
[35m[HTTP][39m [90m{}[39m
[35m[HTTP][39m [37m<-- GET /wd/hub/session/8353a27e-adee-41eb-93f8-d38f2b07f07f/element/2/location [39m[32m200[39m [90m2270 ms - 89[39m
[35m[HTTP][39m [90m[39m
[35m[HTTP][39m [37m-->[39m [37mPOST[39m [37m/wd/hub/session/8353a27e-adee-41eb-93f8-d38f2b07f07f/touch/perform[39m
[35m[HTTP][39m [90m{"actions":[{"action":"tap","options":{"element":"2","x":1,"y":1}}]}[39m
[35m[HTTP][39m [37m<-- POST /wd/hub/session/8353a27e-adee-41eb-93f8-d38f2b07f07f/touch/perform [39m[32m200[39m [90m1271 ms - 76[39m
[35m[HTTP][39m [90m[39m
[35m[HTTP][39m [37m-->[39m [37mGET[39m [37m/wd/hub/session/8353a27e-adee-41eb-93f8-d38f2b07f07f/window/current/size[39m
[35m[HTTP][39m [90m{}[39m
[35m[HTTP][39m [37m<-- GET /wd/hub/session/8353a27e-adee-41eb-93f8-d38f2b07f07f/window/current/size [39m[32m200[39m [90m14 ms - 99[39m
[35m[HTTP][39m [90m[39m
[35m[HTTP][39m [37m-->[39m [37mPOST[39m [37m/wd/hub/session/8353a27e-adee-41eb-93f8-d38f2b07f07f/elements[39m
[35m[HTTP][39m [90m{"using":"-android uiautomator","value":"new UiSelector().description(\"LoginNameTextInput\")"}[39m
[35m[HTTP][39m [37m<-- POST /wd/hub/session/8353a27e-adee-41eb-93f8-d38f2b07f07f/elements [39m[32m200[39m [90m3206 ms - 89[39m
[35m[HTTP][39m [90m[39m
[35m[HTTP][39m [37m-->[39m [37mGET[39m [37m/wd/hub/session/8353a27e-adee-41eb-93f8-d38f2b07f07f[39m
[35m[HTTP][39m [90m{}[39m
[35m[HTTP][39m [37m<-- GET /wd/hub/session/8353a27e-adee-41eb-93f8-d38f2b07f07f [39m[32m200[39m [90m3 ms - 1152[39m
[35m[HTTP][39m [90m[39m
[35m[HTTP][39m [37m-->[39m [37mGET[39m [37m/wd/hub/session/8353a27e-adee-41eb-93f8-d38f2b07f07f[39m
[35m[HTTP][39m [90m{}[39m
[35m[HTTP][39m [37m<-- GET /wd/hub/session/8353a27e-adee-41eb-93f8-d38f2b07f07f [39m[32m200[39m [90m2 ms - 1152[39m
[35m[HTTP][39m [90m[39m
[35m[HTTP][39m [37m-->[39m [37mGET[39m [37m/wd/hub/session/8353a27e-adee-41eb-93f8-d38f2b07f07f[39m
[35m[HTTP][39m [90m{}[39m
[35m[HTTP][39m [37m<-- GET /wd/hub/session/8353a27e-adee-41eb-93f8-d38f2b07f07f [39m[32m200[39m [90m3 ms - 1152[39m
[35m[HTTP][39m [90m[39m
[35m[HTTP][39m [37m-->[39m [37mGET[39m [37m/wd/hub/session/8353a27e-adee-41eb-93f8-d38f2b07f07f[39m
[35m[HTTP][39m [90m{}[39m
[35m[HTTP][39m [37m<-- GET /wd/hub/session/8353a27e-adee-41eb-93f8-d38f2b07f07f [39m[32m200[39m [90m3 ms - 1152[39m
[35m[HTTP][39m [90m[39m
[35m[HTTP][39m [37m-->[39m [37mGET[39m [37m/wd/hub/session/8353a27e-adee-41eb-93f8-d38f2b07f07f/element/3/location[39m
[35m[HTTP][39m [90m{}[39m
[35m[HTTP][39m [37m<-- GET /wd/hub/session/8353a27e-adee-41eb-93f8-d38f2b07f07f/element/3/location [39m[32m200[39m [90m512 ms - 88[39m
[35m[HTTP][39m [90m[39m
[35m[HTTP][39m [37m-->[39m [37mGET[39m [37m/wd/hub/session/8353a27e-adee-41eb-93f8-d38f2b07f07f/window/current/size[39m
[35m[HTTP][39m [90m{}[39m
[35m[HTTP][39m [37m<-- GET /wd/hub/session/8353a27e-adee-41eb-93f8-d38f2b07f07f/window/current/size [39m[32m200[39m [90m18 ms - 99[39m
[35m[HTTP][39m [90m[39m
[35m[HTTP][39m [37m-->[39m [37mPOST[39m [37m/wd/hub/session/8353a27e-adee-41eb-93f8-d38f2b07f07f/elements[39m
[35m[HTTP][39m [90m{"using":"-android uiautomator","value":"new UiSelector().description(\"LoginNameTextInput\")"}[39m
[35m[HTTP][39m [37m<-- POST /wd/hub/session/8353a27e-adee-41eb-93f8-d38f2b07f07f/elements [39m[32m200[39m [90m6960 ms - 89[39m
[35m[HTTP][39m [90m[39m
[35m[HTTP][39m [37m-->[39m [37mGET[39m [37m/wd/hub/session/8353a27e-adee-41eb-93f8-d38f2b07f07f[39m
[35m[HTTP][39m [90m{}[39m
[35m[HTTP][39m [37m<-- GET /wd/hub/session/8353a27e-adee-41eb-93f8-d38f2b07f07f [39m[32m200[39m [90m2 ms - 1152[39m
[35m[HTTP][39m [90m[39m
[35m[HTTP][39m [37m-->[39m [37mGET[39m [37m/wd/hub/session/8353a27e-adee-41eb-93f8-d38f2b07f07f[39m
[35m[HTTP][39m [90m{}[39m
[35m[HTTP][39m [37m<-- GET /wd/hub/session/8353a27e-adee-41eb-93f8-d38f2b07f07f [39m[32m200[39m [90m2 ms - 1152[39m
[35m[HTTP][39m [90m[39m
[35m[HTTP][39m [37m-->[39m [37mGET[39m [37m/wd/hub/session/8353a27e-adee-41eb-93f8-d38f2b07f07f[39m
[35m[HTTP][39m [90m{}[39m
[35m[HTTP][39m [37m<-- GET /wd/hub/session/8353a27e-adee-41eb-93f8-d38f2b07f07f [39m[32m200[39m [90m2 ms - 1152[39m
[35m[HTTP][39m [90m[39m
[35m[HTTP][39m [37m-->[39m [37mGET[39m [37m/wd/hub/session/8353a27e-adee-41eb-93f8-d38f2b07f07f[39m
[35m[HTTP][39m [90m{}[39m
[35m[HTTP][39m [37m<-- GET /wd/hub/session/8353a27e-adee-41eb-93f8-d38f2b07f07f [39m[32m200[39m [90m3 ms - 1152[39m
[35m[HTTP][39m [90m[39m
[35m[HTTP][39m [37m-->[39m [37mGET[39m [37m/wd/hub/session/8353a27e-adee-41eb-93f8-d38f2b07f07f/element/4/location[39m
[35m[HTTP][39m [90m{}[39m
[35m[HTTP][39m [37m<-- GET /wd/hub/session/8353a27e-adee-41eb-93f8-d38f2b07f07f/element/4/location [39m[32m200[39m [90m516 ms - 88[39m
[35m[HTTP][39m [90m[39m
[35m[HTTP][39m [37m-->[39m [37mGET[39m [37m/wd/hub/session/8353a27e-adee-41eb-93f8-d38f2b07f07f/element/4/attribute/name[39m
[35m[HTTP][39m [90m{}[39m
[35m[HTTP][39m [37m<-- GET /wd/hub/session/8353a27e-adee-41eb-93f8-d38f2b07f07f/element/4/attribute/name [39m[32m200[39m [90m540 ms - 92[39m
[35m[HTTP][39m [90m[39m
[35m[HTTP][39m [37m-->[39m [37mGET[39m [37m/wd/hub/session/8353a27e-adee-41eb-93f8-d38f2b07f07f/window/current/size[39m
[35m[HTTP][39m [90m{}[39m
[35m[HTTP][39m [37m<-- GET /wd/hub/session/8353a27e-adee-41eb-93f8-d38f2b07f07f/window/current/size [39m[32m200[39m [90m9 ms - 99[39m
[35m[HTTP][39m [90m[39m
[35m[HTTP][39m [37m-->[39m [37mPOST[39m [37m/wd/hub/session/8353a27e-adee-41eb-93f8-d38f2b07f07f/elements[39m
[35m[HTTP][39m [90m{"using":"-android uiautomator","value":"new UiSelector().description(\"LoginNameTextInput\")"}[39m
[35m[HTTP][39m [37m<-- POST /wd/hub/session/8353a27e-adee-41eb-93f8-d38f2b07f07f/elements [39m[32m200[39m [90m2967 ms - 89[39m
[35m[HTTP][39m [90m[39m
[35m[HTTP][39m [37m-->[39m [37mGET[39m [37m/wd/hub/session/8353a27e-adee-41eb-93f8-d38f2b07f07f[39m
[35m[HTTP][39m [90m{}[39m
[35m[HTTP][39m [37m<-- GET /wd/hub/session/8353a27e-adee-41eb-93f8-d38f2b07f07f [39m[32m200[39m [90m2 ms - 1152[39m
[35m[HTTP][39m [90m[39m
[35m[HTTP][39m [37m-->[39m [37mGET[39m [37m/wd/hub/session/8353a27e-adee-41eb-93f8-d38f2b07f07f[39m
[35m[HTTP][39m [90m{}[39m
[35m[HTTP][39m [37m<-- GET /wd/hub/session/8353a27e-adee-41eb-93f8-d38f2b07f07f [39m[32m200[39m [90m3 ms - 1152[39m
[35m[HTTP][39m [90m[39m
[35m[HTTP][39m [37m-->[39m [37mGET[39m [37m/wd/hub/session/8353a27e-adee-41eb-93f8-d38f2b07f07f[39m
[35m[HTTP][39m [90m{}[39m
[35m[HTTP][39m [37m<-- GET /wd/hub/session/8353a27e-adee-41eb-93f8-d38f2b07f07f [39m[32m200[39m [90m3 ms - 1152[39m
[35m[HTTP][39m [90m[39m
[35m[HTTP][39m [37m-->[39m [37mGET[39m [37m/wd/hub/session/8353a27e-adee-41eb-93f8-d38f2b07f07f[39m
[35m[HTTP][39m [90m{}[39m
[35m[HTTP][39m [37m<-- GET /wd/hub/session/8353a27e-adee-41eb-93f8-d38f2b07f07f [39m[32m200[39m [90m4 ms - 1152[39m
[35m[HTTP][39m [90m[39m
[35m[HTTP][39m [37m-->[39m [37mGET[39m [37m/wd/hub/session/8353a27e-adee-41eb-93f8-d38f2b07f07f/element/5/location[39m
[35m[HTTP][39m [90m{}[39m
[35m[HTTP][39m [37m<-- GET /wd/hub/session/8353a27e-adee-41eb-93f8-d38f2b07f07f/element/5/location [39m[32m200[39m [90m467 ms - 88[39m
[35m[HTTP][39m [90m[39m
[35m[HTTP][39m [37m-->[39m [37mPOST[39m [37m/wd/hub/session/8353a27e-adee-41eb-93f8-d38f2b07f07f/element/5/clear[39m
[35m[HTTP][39m [90m{"id":"5"}[39m
[35m[HTTP][39m [37m<-- POST /wd/hub/session/8353a27e-adee-41eb-93f8-d38f2b07f07f/element/5/clear [39m[32m200[39m [90m2208 ms - 76[39m
[35m[HTTP][39m [90m[39m
[35m[HTTP][39m [37m-->[39m [37mPOST[39m [37m/wd/hub/session/8353a27e-adee-41eb-93f8-d38f2b07f07f/element/5/value[39m
[35m[HTTP][39m [90m{"id":"5","value":["08112233445567"]}[39m
[35m[HTTP][39m [37m<-- POST /wd/hub/session/8353a27e-adee-41eb-93f8-d38f2b07f07f/element/5/value [39m[32m200[39m [90m12021 ms - 76[39m
[35m[HTTP][39m [90m[39m
[35m[HTTP][39m [37m-->[39m [37mGET[39m [37m/wd/hub/session/8353a27e-adee-41eb-93f8-d38f2b07f07f/context[39m
[35m[HTTP][39m [90m{}[39m
[35m[HTTP][39m [37m<-- GET /wd/hub/session/8353a27e-adee-41eb-93f8-d38f2b07f07f/context [39m[32m200[39m [90m6 ms - 84[39m
[35m[HTTP][39m [90m[39m
[35m[HTTP][39m [37m-->[39m [37mGET[39m [37m/wd/hub/session/8353a27e-adee-41eb-93f8-d38f2b07f07f/contexts[39m
[35m[HTTP][39m [90m{}[39m
[35m[HTTP][39m [37m<-- GET /wd/hub/session/8353a27e-adee-41eb-93f8-d38f2b07f07f/contexts [39m[32m200[39m [90m192 ms - 86[39m
[35m[HTTP][39m [90m[39m
[35m[HTTP][39m [37m-->[39m [37mPOST[39m [37m/wd/hub/session/8353a27e-adee-41eb-93f8-d38f2b07f07f/context[39m
[35m[HTTP][39m [90m{"name":"NATIVE_APP"}[39m
[35m[HTTP][39m [37m<-- POST /wd/hub/session/8353a27e-adee-41eb-93f8-d38f2b07f07f/context [39m[32m200[39m [90m122 ms - 76[39m
[35m[HTTP][39m [90m[39m
[35m[HTTP][39m [37m-->[39m [37mPOST[39m [37m/wd/hub/session/8353a27e-adee-41eb-93f8-d38f2b07f07f/appium/device/hide_keyboard[39m
[35m[HTTP][39m [90m{}[39m
[35m[HTTP][39m [37m<-- POST /wd/hub/session/8353a27e-adee-41eb-93f8-d38f2b07f07f/appium/device/hide_keyboard [39m[32m200[39m [90m1328 ms - 76[39m
[35m[HTTP][39m [90m[39m
[35m[HTTP][39m [37m-->[39m [37mPOST[39m [37m/wd/hub/session/8353a27e-adee-41eb-93f8-d38f2b07f07f/context[39m
[35m[HTTP][39m [90m{"name":"NATIVE_APP"}[39m
[35m[HTTP][39m [37m<-- POST /wd/hub/session/8353a27e-adee-41eb-93f8-d38f2b07f07f/context [39m[32m200[39m [90m177 ms - 76[39m
[35m[HTTP][39m [90m[39m
[35m[HTTP][39m [37m-->[39m [37mGET[39m [37m/wd/hub/session/8353a27e-adee-41eb-93f8-d38f2b07f07f/window/current/size[39m
[35m[HTTP][39m [90m{}[39m
[35m[HTTP][39m [37m<-- GET /wd/hub/session/8353a27e-adee-41eb-93f8-d38f2b07f07f/window/current/size [39m[32m200[39m [90m7 ms - 99[39m
[35m[HTTP][39m [90m[39m
[35m[HTTP][39m [37m-->[39m [37mPOST[39m [37m/wd/hub/session/8353a27e-adee-41eb-93f8-d38f2b07f07f/elements[39m
[35m[HTTP][39m [90m{"using":"-android uiautomator","value":"new UiSelector().description(\"LoginNameTextInput\")"}[39m
[35m[HTTP][39m [37m<-- POST /wd/hub/session/8353a27e-adee-41eb-93f8-d38f2b07f07f/elements [39m[32m200[39m [90m2526 ms - 89[39m
[35m[HTTP][39m [90m[39m
[35m[HTTP][39m [37m-->[39m [37mGET[39m [37m/wd/hub/session/8353a27e-adee-41eb-93f8-d38f2b07f07f[39m
[35m[HTTP][39m [90m{}[39m
[35m[HTTP][39m [37m<-- GET /wd/hub/session/8353a27e-adee-41eb-93f8-d38f2b07f07f [39m[32m200[39m [90m2 ms - 1152[39m
[35m[HTTP][39m [90m[39m
[35m[HTTP][39m [37m-->[39m [37mGET[39m [37m/wd/hub/session/8353a27e-adee-41eb-93f8-d38f2b07f07f[39m
[35m[HTTP][39m [90m{}[39m
[35m[HTTP][39m [37m<-- GET /wd/hub/session/8353a27e-adee-41eb-93f8-d38f2b07f07f [39m[32m200[39m [90m2 ms - 1152[39m
[35m[HTTP][39m [90m[39m
[35m[HTTP][39m [37m-->[39m [37mGET[39m [37m/wd/hub/session/8353a27e-adee-41eb-93f8-d38f2b07f07f[39m
[35m[HTTP][39m [90m{}[39m
[35m[HTTP][39m [37m<-- GET /wd/hub/session/8353a27e-adee-41eb-93f8-d38f2b07f07f [39m[32m200[39m [90m2 ms - 1152[39m
[35m[HTTP][39m [90m[39m
[35m[HTTP][39m [37m-->[39m [37mGET[39m [37m/wd/hub/session/8353a27e-adee-41eb-93f8-d38f2b07f07f[39m
[35m[HTTP][39m [90m{}[39m
[35m[HTTP][39m [37m<-- GET /wd/hub/session/8353a27e-adee-41eb-93f8-d38f2b07f07f [39m[32m200[39m [90m2 ms - 1152[39m
[35m[HTTP][39m [90m[39m
[35m[HTTP][39m [37m-->[39m [37mGET[39m [37m/wd/hub/session/8353a27e-adee-41eb-93f8-d38f2b07f07f/element/6/location[39m
[35m[HTTP][39m [90m{}[39m
[35m[HTTP][39m [37m<-- GET /wd/hub/session/8353a27e-adee-41eb-93f8-d38f2b07f07f/element/6/location [39m[32m200[39m [90m976 ms - 88[39m
[35m[HTTP][39m [90m[39m
[35m[HTTP][39m [37m-->[39m [37mGET[39m [37m/wd/hub/session/8353a27e-adee-41eb-93f8-d38f2b07f07f/element/6/text[39m
[35m[HTTP][39m [90m{}[39m
[35m[HTTP][39m [37m<-- GET /wd/hub/session/8353a27e-adee-41eb-93f8-d38f2b07f07f/element/6/text [39m[32m200[39m [90m544 ms - 88[39m
[35m[HTTP][39m [90m[39m
[35m[HTTP][39m [37m-->[39m [37mGET[39m [37m/wd/hub/session/8353a27e-adee-41eb-93f8-d38f2b07f07f/window/current/size[39m
[35m[HTTP][39m [90m{}[39m
[35m[HTTP][39m [37m<-- GET /wd/hub/session/8353a27e-adee-41eb-93f8-d38f2b07f07f/window/current/size [39m[32m200[39m [90m8 ms - 99[39m
[35m[HTTP][39m [90m[39m
[35m[HTTP][39m [37m-->[39m [37mPOST[39m [37m/wd/hub/session/8353a27e-adee-41eb-93f8-d38f2b07f07f/elements[39m
[35m[HTTP][39m [90m{"using":"-android uiautomator","value":"new UiSelector().description(\"LoginJumpNextBtn\")"}[39m
[35m[HTTP][39m [37m<-- POST /wd/hub/session/8353a27e-adee-41eb-93f8-d38f2b07f07f/elements [39m[32m200[39m [90m2440 ms - 89[39m
[35m[HTTP][39m [90m[39m
[35m[HTTP][39m [37m-->[39m [37mGET[39m [37m/wd/hub/session/8353a27e-adee-41eb-93f8-d38f2b07f07f[39m
[35m[HTTP][39m [90m{}[39m
[35m[HTTP][39m [37m<-- GET /wd/hub/session/8353a27e-adee-41eb-93f8-d38f2b07f07f [39m[32m200[39m [90m3 ms - 1152[39m
[35m[HTTP][39m [90m[39m
[35m[HTTP][39m [37m-->[39m [37mGET[39m [37m/wd/hub/session/8353a27e-adee-41eb-93f8-d38f2b07f07f[39m
[35m[HTTP][39m [90m{}[39m
[35m[HTTP][39m [37m<-- GET /wd/hub/session/8353a27e-adee-41eb-93f8-d38f2b07f07f [39m[32m200[39m [90m4 ms - 1152[39m
[35m[HTTP][39m [90m[39m
[35m[HTTP][39m [37m-->[39m [37mGET[39m [37m/wd/hub/session/8353a27e-adee-41eb-93f8-d38f2b07f07f[39m
[35m[HTTP][39m [90m{}[39m
[35m[HTTP][39m [37m<-- GET /wd/hub/session/8353a27e-adee-41eb-93f8-d38f2b07f07f [39m[32m200[39m [90m4 ms - 1152[39m
[35m[HTTP][39m [90m[39m
[35m[HTTP][39m [37m-->[39m [37mGET[39m [37m/wd/hub/session/8353a27e-adee-41eb-93f8-d38f2b07f07f[39m
[35m[HTTP][39m [90m{}[39m
[35m[HTTP][39m [37m<-- GET /wd/hub/session/8353a27e-adee-41eb-93f8-d38f2b07f07f [39m[32m200[39m [90m5 ms - 1152[39m
[35m[HTTP][39m [90m[39m
[35m[HTTP][39m [37m-->[39m [37mGET[39m [37m/wd/hub/session/8353a27e-adee-41eb-93f8-d38f2b07f07f/element/7/location[39m
[35m[HTTP][39m [90m{}[39m
[35m[HTTP][39m [37m<-- GET /wd/hub/session/8353a27e-adee-41eb-93f8-d38f2b07f07f/element/7/location [39m[32m200[39m [90m1017 ms - 88[39m
[35m[HTTP][39m [90m[39m
[35m[HTTP][39m [37m-->[39m [37mGET[39m [37m/wd/hub/session/8353a27e-adee-41eb-93f8-d38f2b07f07f/window/current/size[39m
[35m[HTTP][39m [90m{}[39m
[35m[HTTP][39m [37m<-- GET /wd/hub/session/8353a27e-adee-41eb-93f8-d38f2b07f07f/window/current/size [39m[32m200[39m [90m7 ms - 99[39m
[35m[HTTP][39m [90m[39m
[35m[HTTP][39m [37m-->[39m [37mPOST[39m [37m/wd/hub/session/8353a27e-adee-41eb-93f8-d38f2b07f07f/elements[39m
[35m[HTTP][39m [90m{"using":"-android uiautomator","value":"new UiSelector().description(\"LoginJumpNextBtn\")"}[39m
[35m[HTTP][39m [37m<-- POST /wd/hub/session/8353a27e-adee-41eb-93f8-d38f2b07f07f/elements [39m[32m200[39m [90m1548 ms - 89[39m
[35m[HTTP][39m [90m[39m
[35m[HTTP][39m [37m-->[39m [37mGET[39m [37m/wd/hub/session/8353a27e-adee-41eb-93f8-d38f2b07f07f[39m
[35m[HTTP][39m [90m{}[39m
[35m[HTTP][39m [37m<-- GET /wd/hub/session/8353a27e-adee-41eb-93f8-d38f2b07f07f [39m[32m200[39m [90m4 ms - 1152[39m
[35m[HTTP][39m [90m[39m
[35m[HTTP][39m [37m-->[39m [37mGET[39m [37m/wd/hub/session/8353a27e-adee-41eb-93f8-d38f2b07f07f[39m
[35m[HTTP][39m [90m{}[39m
[35m[HTTP][39m [37m<-- GET /wd/hub/session/8353a27e-adee-41eb-93f8-d38f2b07f07f [39m[32m200[39m [90m4 ms - 1152[39m
[35m[HTTP][39m [90m[39m
[35m[HTTP][39m [37m-->[39m [37mGET[39m [37m/wd/hub/session/8353a27e-adee-41eb-93f8-d38f2b07f07f[39m
[35m[HTTP][39m [90m{}[39m
[35m[HTTP][39m [37m<-- GET /wd/hub/session/8353a27e-adee-41eb-93f8-d38f2b07f07f [39m[32m200[39m [90m4 ms - 1152[39m
[35m[HTTP][39m [90m[39m
[35m[HTTP][39m [37m-->[39m [37mGET[39m [37m/wd/hub/session/8353a27e-adee-41eb-93f8-d38f2b07f07f[39m
[35m[HTTP][39m [90m{}[39m
[35m[HTTP][39m [37m<-- GET /wd/hub/session/8353a27e-adee-41eb-93f8-d38f2b07f07f [39m[32m200[39m [90m4 ms - 1152[39m
[35m[HTTP][39m [90m[39m
[35m[HTTP][39m [37m-->[39m [37mGET[39m [37m/wd/hub/session/8353a27e-adee-41eb-93f8-d38f2b07f07f/element/8/location[39m
[35m[HTTP][39m [90m{}[39m
[35m[HTTP][39m [37m<-- GET /wd/hub/session/8353a27e-adee-41eb-93f8-d38f2b07f07f/element/8/location [39m[32m200[39m [90m1310 ms - 88[39m
[35m[HTTP][39m [90m[39m
[35m[HTTP][39m [37m-->[39m [37mGET[39m [37m/wd/hub/session/8353a27e-adee-41eb-93f8-d38f2b07f07f/element/8/attribute/name[39m
[35m[HTTP][39m [90m{}[39m
[35m[HTTP][39m [37m<-- GET /wd/hub/session/8353a27e-adee-41eb-93f8-d38f2b07f07f/element/8/attribute/name [39m[32m200[39m [90m1177 ms - 90[39m
[35m[HTTP][39m [90m[39m
[35m[HTTP][39m [37m-->[39m [37mGET[39m [37m/wd/hub/session/8353a27e-adee-41eb-93f8-d38f2b07f07f/window/current/size[39m
[35m[HTTP][39m [90m{}[39m
[35m[HTTP][39m [37m<-- GET /wd/hub/session/8353a27e-adee-41eb-93f8-d38f2b07f07f/window/current/size [39m[32m200[39m [90m10 ms - 99[39m
[35m[HTTP][39m [90m[39m
[35m[HTTP][39m [37m-->[39m [37mPOST[39m [37m/wd/hub/session/8353a27e-adee-41eb-93f8-d38f2b07f07f/elements[39m
[35m[HTTP][39m [90m{"using":"-android uiautomator","value":"new UiSelector().description(\"LoginJumpNextBtn\")"}[39m
[35m[HTTP][39m [37m<-- POST /wd/hub/session/8353a27e-adee-41eb-93f8-d38f2b07f07f/elements [39m[32m200[39m [90m6896 ms - 89[39m
[35m[HTTP][39m [90m[39m
[35m[HTTP][39m [37m-->[39m [37mGET[39m [37m/wd/hub/session/8353a27e-adee-41eb-93f8-d38f2b07f07f[39m
[35m[HTTP][39m [90m{}[39m
[35m[HTTP][39m [37m<-- GET /wd/hub/session/8353a27e-adee-41eb-93f8-d38f2b07f07f [39m[32m200[39m [90m3 ms - 1152[39m
[35m[HTTP][39m [90m[39m
[35m[HTTP][39m [37m-->[39m [37mGET[39m [37m/wd/hub/session/8353a27e-adee-41eb-93f8-d38f2b07f07f[39m
[35m[HTTP][39m [90m{}[39m
[35m[HTTP][39m [37m<-- GET /wd/hub/session/8353a27e-adee-41eb-93f8-d38f2b07f07f [39m[32m200[39m [90m2 ms - 1152[39m
[35m[HTTP][39m [90m[39m
[35m[HTTP][39m [37m-->[39m [37mGET[39m [37m/wd/hub/session/8353a27e-adee-41eb-93f8-d38f2b07f07f[39m
[35m[HTTP][39m [90m{}[39m
[35m[HTTP][39m [37m<-- GET /wd/hub/session/8353a27e-adee-41eb-93f8-d38f2b07f07f [39m[32m200[39m [90m3 ms - 1152[39m
[35m[HTTP][39m [90m[39m
[35m[HTTP][39m [37m-->[39m [37mGET[39m [37m/wd/hub/session/8353a27e-adee-41eb-93f8-d38f2b07f07f[39m
[35m[HTTP][39m [90m{}[39m
[35m[HTTP][39m [37m<-- GET /wd/hub/session/8353a27e-adee-41eb-93f8-d38f2b07f07f [39m[32m200[39m [90m3 ms - 1152[39m
[35m[HTTP][39m [90m[39m
[35m[HTTP][39m [37m-->[39m [37mGET[39m [37m/wd/hub/session/8353a27e-adee-41eb-93f8-d38f2b07f07f/element/9/location[39m
[35m[HTTP][39m [90m{}[39m
[35m[HTTP][39m [37m<-- GET /wd/hub/session/8353a27e-adee-41eb-93f8-d38f2b07f07f/element/9/location [39m[32m200[39m [90m1077 ms - 88[39m
[35m[HTTP][39m [90m[39m
[35m[HTTP][39m [37m-->[39m [37mPOST[39m [37m/wd/hub/session/8353a27e-adee-41eb-93f8-d38f2b07f07f/touch/perform[39m
[35m[HTTP][39m [90m{"actions":[{"action":"tap","options":{"element":"9","x":1,"y":1}}]}[39m
[35m[HTTP][39m [37m<-- POST /wd/hub/session/8353a27e-adee-41eb-93f8-d38f2b07f07f/touch/perform [39m[32m200[39m [90m1542 ms - 76[39m
[35m[HTTP][39m [90m[39m
[35m[HTTP][39m [37m-->[39m [37mGET[39m [37m/wd/hub/session/8353a27e-adee-41eb-93f8-d38f2b07f07f/window/current/size[39m
[35m[HTTP][39m [90m{}[39m
[35m[HTTP][39m [37m<-- GET /wd/hub/session/8353a27e-adee-41eb-93f8-d38f2b07f07f/window/current/size [39m[32m200[39m [90m24 ms - 99[39m
[35m[HTTP][39m [90m[39m
[35m[HTTP][39m [37m-->[39m [37mPOST[39m [37m/wd/hub/session/8353a27e-adee-41eb-93f8-d38f2b07f07f/elements[39m
[35m[HTTP][39m [90m{"using":"-android uiautomator","value":"new UiSelector().description(\"pinCircleFocus\")"}[39m
[35m[HTTP][39m [37m<-- POST /wd/hub/session/8353a27e-adee-41eb-93f8-d38f2b07f07f/elements [39m[32m200[39m [90m3005 ms - 90[39m
[35m[HTTP][39m [90m[39m
[35m[HTTP][39m [37m-->[39m [37mGET[39m [37m/wd/hub/session/8353a27e-adee-41eb-93f8-d38f2b07f07f[39m
[35m[HTTP][39m [90m{}[39m
[35m[HTTP][39m [37m<-- GET /wd/hub/session/8353a27e-adee-41eb-93f8-d38f2b07f07f [39m[32m200[39m [90m4 ms - 1152[39m
[35m[HTTP][39m [90m[39m
[35m[HTTP][39m [37m-->[39m [37mGET[39m [37m/wd/hub/session/8353a27e-adee-41eb-93f8-d38f2b07f07f[39m
[35m[HTTP][39m [90m{}[39m
[35m[HTTP][39m [37m<-- GET /wd/hub/session/8353a27e-adee-41eb-93f8-d38f2b07f07f [39m[32m200[39m [90m4 ms - 1152[39m
[35m[HTTP][39m [90m[39m
[35m[HTTP][39m [37m-->[39m [37mGET[39m [37m/wd/hub/session/8353a27e-adee-41eb-93f8-d38f2b07f07f[39m
[35m[HTTP][39m [90m{}[39m
[35m[HTTP][39m [37m<-- GET /wd/hub/session/8353a27e-adee-41eb-93f8-d38f2b07f07f [39m[32m200[39m [90m5 ms - 1152[39m
[35m[HTTP][39m [90m[39m
[35m[HTTP][39m [37m-->[39m [37mGET[39m [37m/wd/hub/session/8353a27e-adee-41eb-93f8-d38f2b07f07f[39m
[35m[HTTP][39m [90m{}[39m
[35m[HTTP][39m [37m<-- GET /wd/hub/session/8353a27e-adee-41eb-93f8-d38f2b07f07f [39m[32m200[39m [90m22 ms - 1152[39m
[35m[HTTP][39m [90m[39m
[35m[HTTP][39m [37m-->[39m [37mGET[39m [37m/wd/hub/session/8353a27e-adee-41eb-93f8-d38f2b07f07f/element/10/location[39m
[35m[HTTP][39m [90m{}[39m
[35m[HTTP][39m [37m<-- GET /wd/hub/session/8353a27e-adee-41eb-93f8-d38f2b07f07f/element/10/location [39m[32m200[39m [90m1022 ms - 89[39m
[35m[HTTP][39m [90m[39m
[35m[HTTP][39m [37m-->[39m [37mGET[39m [37m/wd/hub/session/8353a27e-adee-41eb-93f8-d38f2b07f07f/window/current/size[39m
[35m[HTTP][39m [90m{}[39m
[35m[HTTP][39m [37m<-- GET /wd/hub/session/8353a27e-adee-41eb-93f8-d38f2b07f07f/window/current/size [39m[32m200[39m [90m16 ms - 99[39m
[35m[HTTP][39m [90m[39m
[35m[HTTP][39m [37m-->[39m [37mPOST[39m [37m/wd/hub/session/8353a27e-adee-41eb-93f8-d38f2b07f07f/elements[39m
[35m[HTTP][39m [90m{"using":"-android uiautomator","value":"new UiSelector().description(\"pinCircleFocus\")"}[39m
[35m[HTTP][39m [37m<-- POST /wd/hub/session/8353a27e-adee-41eb-93f8-d38f2b07f07f/elements [39m[32m200[39m [90m3548 ms - 90[39m
[35m[HTTP][39m [90m[39m
[35m[HTTP][39m [37m-->[39m [37mGET[39m [37m/wd/hub/session/8353a27e-adee-41eb-93f8-d38f2b07f07f[39m
[35m[HTTP][39m [90m{}[39m
[35m[HTTP][39m [37m<-- GET /wd/hub/session/8353a27e-adee-41eb-93f8-d38f2b07f07f [39m[32m200[39m [90m4 ms - 1152[39m
[35m[HTTP][39m [90m[39m
[35m[HTTP][39m [37m-->[39m [37mGET[39m [37m/wd/hub/session/8353a27e-adee-41eb-93f8-d38f2b07f07f[39m
[35m[HTTP][39m [90m{}[39m
[35m[HTTP][39m [37m<-- GET /wd/hub/session/8353a27e-adee-41eb-93f8-d38f2b07f07f [39m[32m200[39m [90m3 ms - 1152[39m
[35m[HTTP][39m [90m[39m
[35m[HTTP][39m [37m-->[39m [37mGET[39m [37m/wd/hub/session/8353a27e-adee-41eb-93f8-d38f2b07f07f[39m
[35m[HTTP][39m [90m{}[39m
[35m[HTTP][39m [37m<-- GET /wd/hub/session/8353a27e-adee-41eb-93f8-d38f2b07f07f [39m[32m200[39m [90m3 ms - 1152[39m
[35m[HTTP][39m [90m[39m
[35m[HTTP][39m [37m-->[39m [37mGET[39m [37m/wd/hub/session/8353a27e-adee-41eb-93f8-d38f2b07f07f[39m
[35m[HTTP][39m [90m{}[39m
[35m[HTTP][39m [37m<-- GET /wd/hub/session/8353a27e-adee-41eb-93f8-d38f2b07f07f [39m[32m200[39m [90m5 ms - 1152[39m
[35m[HTTP][39m [90m[39m
[35m[HTTP][39m [37m-->[39m [37mGET[39m [37m/wd/hub/session/8353a27e-adee-41eb-93f8-d38f2b07f07f/element/11/location[39m
[35m[HTTP][39m [90m{}[39m
[35m[HTTP][39m [37m<-- GET /wd/hub/session/8353a27e-adee-41eb-93f8-d38f2b07f07f/element/11/location [39m[32m200[39m [90m526 ms - 89[39m
[35m[HTTP][39m [90m[39m
[35m[HTTP][39m [37m-->[39m [37mGET[39m [37m/wd/hub/session/8353a27e-adee-41eb-93f8-d38f2b07f07f/element/11/attribute/name[39m
[35m[HTTP][39m [90m{}[39m
[35m[HTTP][39m [37m<-- GET /wd/hub/session/8353a27e-adee-41eb-93f8-d38f2b07f07f/element/11/attribute/name [39m[32m200[39m [90m1200 ms - 88[39m
[35m[HTTP][39m [90m[39m
[35m[HTTP][39m [37m-->[39m [37mGET[39m [37m/wd/hub/session/8353a27e-adee-41eb-93f8-d38f2b07f07f/window/current/size[39m
[35m[HTTP][39m [90m{}[39m
[35m[HTTP][39m [37m<-- GET /wd/hub/session/8353a27e-adee-41eb-93f8-d38f2b07f07f/window/current/size [39m[32m200[39m [90m11 ms - 99[39m
[35m[HTTP][39m [90m[39m
[35m[HTTP][39m [37m-->[39m [37mPOST[39m [37m/wd/hub/session/8353a27e-adee-41eb-93f8-d38f2b07f07f/elements[39m
[35m[HTTP][39m [90m{"using":"-android uiautomator","value":"new UiSelector().description(\"pinCircleFocus\")"}[39m
[35m[HTTP][39m [37m<-- POST /wd/hub/session/8353a27e-adee-41eb-93f8-d38f2b07f07f/elements [39m[32m200[39m [90m2090 ms - 90[39m
[35m[HTTP][39m [90m[39m
[35m[HTTP][39m [37m-->[39m [37mGET[39m [37m/wd/hub/session/8353a27e-adee-41eb-93f8-d38f2b07f07f[39m
[35m[HTTP][39m [90m{}[39m
[35m[HTTP][39m [37m<-- GET /wd/hub/session/8353a27e-adee-41eb-93f8-d38f2b07f07f [39m[32m200[39m [90m5 ms - 1152[39m
[35m[HTTP][39m [90m[39m
[35m[HTTP][39m [37m-->[39m [37mGET[39m [37m/wd/hub/session/8353a27e-adee-41eb-93f8-d38f2b07f07f[39m
[35m[HTTP][39m [90m{}[39m
[35m[HTTP][39m [37m<-- GET /wd/hub/session/8353a27e-adee-41eb-93f8-d38f2b07f07f [39m[32m200[39m [90m6 ms - 1152[39m
[35m[HTTP][39m [90m[39m
[35m[HTTP][39m [37m-->[39m [37mGET[39m [37m/wd/hub/session/8353a27e-adee-41eb-93f8-d38f2b07f07f[39m
[35m[HTTP][39m [90m{}[39m
[35m[HTTP][39m [37m<-- GET /wd/hub/session/8353a27e-adee-41eb-93f8-d38f2b07f07f [39m[32m200[39m [90m4 ms - 1152[39m
[35m[HTTP][39m [90m[39m
[35m[HTTP][39m [37m-->[39m [37mGET[39m [37m/wd/hub/session/8353a27e-adee-41eb-93f8-d38f2b07f07f[39m
[35m[HTTP][39m [90m{}[39m
[35m[HTTP][39m [37m<-- GET /wd/hub/session/8353a27e-adee-41eb-93f8-d38f2b07f07f [39m[32m200[39m [90m2 ms - 1152[39m
[35m[HTTP][39m [90m[39m
[35m[HTTP][39m [37m-->[39m [37mGET[39m [37m/wd/hub/session/8353a27e-adee-41eb-93f8-d38f2b07f07f/element/12/location[39m
[35m[HTTP][39m [90m{}[39m
[35m[HTTP][39m [37m<-- GET /wd/hub/session/8353a27e-adee-41eb-93f8-d38f2b07f07f/element/12/location [39m[32m200[39m [90m469 ms - 89[39m
[35m[HTTP][39m [90m[39m
[35m[HTTP][39m [37m-->[39m [37mPOST[39m [37m/wd/hub/session/8353a27e-adee-41eb-93f8-d38f2b07f07f/touch/perform[39m
[35m[HTTP][39m [90m{"actions":[{"action":"tap","options":{"element":"12","x":1,"y":1}}]}[39m
[35m[HTTP][39m [37m<-- POST /wd/hub/session/8353a27e-adee-41eb-93f8-d38f2b07f07f/touch/perform [39m[32m200[39m [90m4348 ms - 76[39m
[35m[HTTP][39m [90m[39m
[35m[HTTP][39m [37m-->[39m [37mGET[39m [37m/wd/hub/session/8353a27e-adee-41eb-93f8-d38f2b07f07f/window/current/size[39m
[35m[HTTP][39m [90m{}[39m
[35m[HTTP][39m [37m<-- GET /wd/hub/session/8353a27e-adee-41eb-93f8-d38f2b07f07f/window/current/size [39m[32m200[39m [90m21 ms - 99[39m
[35m[HTTP][39m [90m[39m
[35m[HTTP][39m [37m-->[39m [37mPOST[39m [37m/wd/hub/session/8353a27e-adee-41eb-93f8-d38f2b07f07f/elements[39m
[35m[HTTP][39m [90m{"using":"-android uiautomator","value":"new UiSelector().description(\"pinCircleFocus\")"}[39m
[35m[HTTP][39m [37m<-- POST /wd/hub/session/8353a27e-adee-41eb-93f8-d38f2b07f07f/elements [39m[32m200[39m [90m3025 ms - 90[39m
[35m[HTTP][39m [90m[39m
[35m[HTTP][39m [37m-->[39m [37mGET[39m [37m/wd/hub/session/8353a27e-adee-41eb-93f8-d38f2b07f07f[39m
[35m[HTTP][39m [90m{}[39m
[35m[HTTP][39m [37m<-- GET /wd/hub/session/8353a27e-adee-41eb-93f8-d38f2b07f07f [39m[32m200[39m [90m3 ms - 1152[39m
[35m[HTTP][39m [90m[39m
[35m[HTTP][39m [37m-->[39m [37mGET[39m [37m/wd/hub/session/8353a27e-adee-41eb-93f8-d38f2b07f07f[39m
[35m[HTTP][39m [90m{}[39m
[35m[HTTP][39m [37m<-- GET /wd/hub/session/8353a27e-adee-41eb-93f8-d38f2b07f07f [39m[32m200[39m [90m2 ms - 1152[39m
[35m[HTTP][39m [90m[39m
[35m[HTTP][39m [37m-->[39m [37mGET[39m [37m/wd/hub/session/8353a27e-adee-41eb-93f8-d38f2b07f07f[39m
[35m[HTTP][39m [90m{}[39m
[35m[HTTP][39m [37m<-- GET /wd/hub/session/8353a27e-adee-41eb-93f8-d38f2b07f07f [39m[32m200[39m [90m2 ms - 1152[39m
[35m[HTTP][39m [90m[39m
[35m[HTTP][39m [37m-->[39m [37mGET[39m [37m/wd/hub/session/8353a27e-adee-41eb-93f8-d38f2b07f07f[39m
[35m[HTTP][39m [90m{}[39m
[35m[HTTP][39m [37m<-- GET /wd/hub/session/8353a27e-adee-41eb-93f8-d38f2b07f07f [39m[32m200[39m [90m2 ms - 1152[39m
[35m[HTTP][39m [90m[39m
[35m[HTTP][39m [37m-->[39m [37mGET[39m [37m/wd/hub/session/8353a27e-adee-41eb-93f8-d38f2b07f07f/element/13/location[39m
[35m[HTTP][39m [90m{}[39m
[35m[HTTP][39m [37m<-- GET /wd/hub/session/8353a27e-adee-41eb-93f8-d38f2b07f07f/element/13/location [39m[32m200[39m [90m525 ms - 89[39m
[35m[HTTP][39m [90m[39m
[35m[HTTP][39m [37m-->[39m [37mPOST[39m [37m/wd/hub/session/8353a27e-adee-41eb-93f8-d38f2b07f07f/element/13/clear[39m
[35m[HTTP][39m [90m{"id":"13"}[39m
[35m[HTTP][39m [37m<-- POST /wd/hub/session/8353a27e-adee-41eb-93f8-d38f2b07f07f/element/13/clear [39m[32m200[39m [90m7167 ms - 76[39m
[35m[HTTP][39m [90m[39m
[35m[HTTP][39m [37m-->[39m [37mPOST[39m [37m/wd/hub/session/8353a27e-adee-41eb-93f8-d38f2b07f07f/element/13/value[39m
[35m[HTTP][39m [90m{"id":"13","value":["123456"]}[39m
[35m[HTTP][39m [37m<-- POST /wd/hub/session/8353a27e-adee-41eb-93f8-d38f2b07f07f/element/13/value [39m[32m200[39m [90m10127 ms - 76[39m
[35m[HTTP][39m [90m[39m
[35m[HTTP][39m [37m-->[39m [37mGET[39m [37m/wd/hub/session/8353a27e-adee-41eb-93f8-d38f2b07f07f/window/current/size[39m
[35m[HTTP][39m [90m{}[39m
[35m[HTTP][39m [37m<-- GET /wd/hub/session/8353a27e-adee-41eb-93f8-d38f2b07f07f/window/current/size [39m[32m200[39m [90m13 ms - 99[39m
[35m[HTTP][39m [90m[39m
[35m[HTTP][39m [37m-->[39m [37mPOST[39m [37m/wd/hub/session/8353a27e-adee-41eb-93f8-d38f2b07f07f/elements[39m
[35m[HTTP][39m [90m{"using":"-android uiautomator","value":"new UiSelector().description(\"headerBar_button_hamburgerMenu\")"}[39m
[35m[HTTP][39m [37m<-- POST /wd/hub/session/8353a27e-adee-41eb-93f8-d38f2b07f07f/elements [39m[32m200[39m [90m9580 ms - 74[39m
[35m[HTTP][39m [90m[39m
[35m[HTTP][39m [37m-->[39m [37mGET[39m [37m/wd/hub/session/8353a27e-adee-41eb-93f8-d38f2b07f07f/window/current/size[39m
[35m[HTTP][39m [90m{}[39m
[35m[HTTP][39m [37m<-- GET /wd/hub/session/8353a27e-adee-41eb-93f8-d38f2b07f07f/window/current/size [39m[32m200[39m [90m9 ms - 99[39m
[35m[HTTP][39m [90m[39m
[35m[HTTP][39m [37m-->[39m [37mPOST[39m [37m/wd/hub/session/8353a27e-adee-41eb-93f8-d38f2b07f07f/elements[39m
[35m[HTTP][39m [90m{"using":"-android uiautomator","value":"new UiSelector().description(\"headerBar_button_hamburgerMenu\")"}[39m
[35m[HTTP][39m [37m<-- POST /wd/hub/session/8353a27e-adee-41eb-93f8-d38f2b07f07f/elements [39m[32m200[39m [90m1505 ms - 74[39m
[35m[HTTP][39m [90m[39m
[35m[HTTP][39m [37m-->[39m [37mGET[39m [37m/wd/hub/session/8353a27e-adee-41eb-93f8-d38f2b07f07f/window/current/size[39m
[35m[HTTP][39m [90m{}[39m
[35m[HTTP][39m [37m<-- GET /wd/hub/session/8353a27e-adee-41eb-93f8-d38f2b07f07f/window/current/size [39m[32m200[39m [90m9 ms - 99[39m
[35m[HTTP][39m [90m[39m
[35m[HTTP][39m [37m-->[39m [37mPOST[39m [37m/wd/hub/session/8353a27e-adee-41eb-93f8-d38f2b07f07f/elements[39m
[35m[HTTP][39m [90m{"using":"-android uiautomator","value":"new UiSelector().description(\"headerBar_button_hamburgerMenu\")"}[39m
[35m[HTTP][39m [37m<-- POST /wd/hub/session/8353a27e-adee-41eb-93f8-d38f2b07f07f/elements [39m[32m200[39m [90m1578 ms - 74[39m
[35m[HTTP][39m [90m[39m
[35m[HTTP][39m [37m-->[39m [37mPOST[39m [37m/wd/hub/session/8353a27e-adee-41eb-93f8-d38f2b07f07f/elements[39m
[35m[HTTP][39m [90m{"using":"-android uiautomator","value":"new UiSelector().description(\"headerBar_button_hamburgerMenu\")"}[39m
[35m[HTTP][39m [37m<-- POST /wd/hub/session/8353a27e-adee-41eb-93f8-d38f2b07f07f/elements [39m[32m200[39m [90m8626 ms - 74[39m
[35m[HTTP][39m [90m[39m
[35m[HTTP][39m [37m-->[39m [37mGET[39m [37m/wd/hub/session/8353a27e-adee-41eb-93f8-d38f2b07f07f/context[39m
[35m[HTTP][39m [90m{}[39m
[35m[HTTP][39m [37m<-- GET /wd/hub/session/8353a27e-adee-41eb-93f8-d38f2b07f07f/context [39m[32m200[39m [90m2 ms - 84[39m
[35m[HTTP][39m [90m[39m
[35m[HTTP][39m [37m-->[39m [37mGET[39m [37m/wd/hub/session/8353a27e-adee-41eb-93f8-d38f2b07f07f/contexts[39m
[35m[HTTP][39m [90m{}[39m
[35m[HTTP][39m [37m<-- GET /wd/hub/session/8353a27e-adee-41eb-93f8-d38f2b07f07f/contexts [39m[32m200[39m [90m146 ms - 86[39m
[35m[HTTP][39m [90m[39m
[35m[HTTP][39m [37m-->[39m [37mPOST[39m [37m/wd/hub/session/8353a27e-adee-41eb-93f8-d38f2b07f07f/context[39m
[35m[HTTP][39m [90m{"name":"NATIVE_APP"}[39m
[35m[HTTP][39m [37m<-- POST /wd/hub/session/8353a27e-adee-41eb-93f8-d38f2b07f07f/context [39m[32m200[39m [90m148 ms - 76[39m
[35m[HTTP][39m [90m[39m
[35m[HTTP][39m [37m-->[39m [37mGET[39m [37m/wd/hub/session/8353a27e-adee-41eb-93f8-d38f2b07f07f/screenshot[39m
[35m[HTTP][39m [90m{}[39m
[35m[HTTP][39m [37m<-- GET /wd/hub/session/8353a27e-adee-41eb-93f8-d38f2b07f07f/screenshot [39m[32m200[39m [90m1130 ms - 42482[39m
[35m[HTTP][39m [90m[39m
[35m[HTTP][39m [37m-->[39m [37mPOST[39m [37m/wd/hub/session/8353a27e-adee-41eb-93f8-d38f2b07f07f/context[39m
[35m[HTTP][39m [90m{"name":"NATIVE_APP"}[39m
[35m[HTTP][39m [37m<-- POST /wd/hub/session/8353a27e-adee-41eb-93f8-d38f2b07f07f/context [39m[32m200[39m [90m149 ms - 76[39m
[35m[HTTP][39m [90m[39m
[35m[HTTP][39m [37m-->[39m [37mGET[39m [37m/wd/hub/session/8353a27e-adee-41eb-93f8-d38f2b07f07f/context[39m
[35m[HTTP][39m [90m{}[39m
[35m[HTTP][39m [37m<-- GET /wd/hub/session/8353a27e-adee-41eb-93f8-d38f2b07f07f/context [39m[32m200[39m [90m3 ms - 84[39m
[35m[HTTP][39m [90m[39m
[35m[HTTP][39m [37m-->[39m [37mGET[39m [37m/wd/hub/session/8353a27e-adee-41eb-93f8-d38f2b07f07f/contexts[39m
[35m[HTTP][39m [90m{}[39m
[35m[HTTP][39m [37m<-- GET /wd/hub/session/8353a27e-adee-41eb-93f8-d38f2b07f07f/contexts [39m[32m200[39m [90m129 ms - 86[39m
[35m[HTTP][39m [90m[39m
[35m[HTTP][39m [37m-->[39m [37mPOST[39m [37m/wd/hub/session/8353a27e-adee-41eb-93f8-d38f2b07f07f/context[39m
[35m[HTTP][39m [90m{"name":"NATIVE_APP"}[39m
[35m[HTTP][39m [37m<-- POST /wd/hub/session/8353a27e-adee-41eb-93f8-d38f2b07f07f/context [39m[32m200[39m [90m142 ms - 76[39m
[35m[HTTP][39m [90m[39m
[35m[HTTP][39m [37m-->[39m [37mGET[39m [37m/wd/hub/session/8353a27e-adee-41eb-93f8-d38f2b07f07f/screenshot[39m
[35m[HTTP][39m [90m{}[39m
[35m[HTTP][39m [37m<-- GET /wd/hub/session/8353a27e-adee-41eb-93f8-d38f2b07f07f/screenshot [39m[32m200[39m [90m997 ms - 51286[39m
[35m[HTTP][39m [90m[39m
[35m[HTTP][39m [37m-->[39m [37mPOST[39m [37m/wd/hub/session/8353a27e-adee-41eb-93f8-d38f2b07f07f/context[39m
[35m[HTTP][39m [90m{"name":"NATIVE_APP"}[39m
[35m[HTTP][39m [37m<-- POST /wd/hub/session/8353a27e-adee-41eb-93f8-d38f2b07f07f/context [39m[32m200[39m [90m148 ms - 76[39m
[35m[HTTP][39m [90m[39m
[35m[HTTP][39m [37m-->[39m [37mDELETE[39m [37m/wd/hub/session/8353a27e-adee-41eb-93f8-d38f2b07f07f[39m
[35m[HTTP][39m [90m{}[39m
[35m[Appium][39m Removing session 8353a27e-adee-41eb-93f8-d38f2b07f07f from our master session list
[35m[ADB][39m com.btpn.appbisnis.sit was successfully uninstalled
[35m[ADB][39m No uiautomator process found to kill, continuing...
[35m[HTTP][39m [37m<-- DELETE /wd/hub/session/8353a27e-adee-41eb-93f8-d38f2b07f07f [39m[32m200[39m [90m6457 ms - 76[39m
[35m[HTTP][39m [90m[39m
