[35m[Appium][39m Welcome to Appium v1.8.1
[35m[Appium][39m Non-default server args:
[35m[Appium][39m   port: 65349
[35m[Appium][39m   loglevel: info
[35m[Appium][39m   chromeDriverPort: 65350
[35m[Appium][39m   tmpDir: C:\Users\AV2017~2\AppData\Local\Temp\\Katalon\Appium\Temp1536317282167
[35m[Appium][39m Appium REST http interface listener started on 0.0.0.0:65349
[35m[HTTP][39m [37m-->[39m [37mGET[39m [37m/wd/hub/status[39m
[35m[HTTP][39m [90m{}[39m
[35m[HTTP][39m [37m<-- GET /wd/hub/status [39m[32m200[39m [90m80 ms - 83[39m
[35m[HTTP][39m [90m[39m
[35m[HTTP][39m [37m-->[39m [37mPOST[39m [37m/wd/hub/session[39m
[35m[HTTP][39m [90m{"desiredCapabilities":{"app":"C:\\Users\\AV2017005903\\Documents\\apollo-automation\\7 September.apk","appWaitActivity":"com.*","autoGrantPermissions":true,"deviceId":"6e4df14","deviceName":"OPPO A37f (Android 5.1.1)","fullReset":true,"newCommandTimeout":1800,"noReset":false,"platform":"ANDROID","platformName":"Android","udid":"6e4df14"},"capabilities":{"desiredCapabilities":{"app":"C:\\Users\\AV2017005903\\Documents\\apollo-automation\\7 September.apk","appWaitActivity":"com.*","autoGrantPermissions":true,"deviceId":"6e4df14","deviceName":"OPPO A37f (Android 5.1.1)","fullReset":true,"newCommandTimeout":1800,"noReset":false,"platform":"ANDROID","platformName":"Android","udid":"6e4df14"},"firstMatch":[{"platformName":"android"}]}}[39m
[35m[Appium][39m Could not parse W3C capabilities: 'deviceName' can't be blank. Falling back to JSONWP protocol.
[35m[Appium][39m The following capabilities were provided in the JSONWP desired capabilities that are missing in W3C capabilities: ["app","appWaitActivity","autoGrantPermissions","deviceId","deviceName","fullReset","newCommandTimeout","noReset","platform","platformName","udid"]. Falling back to JSONWP protocol.
[35m[Appium][39m Creating new AndroidDriver (v2.7.0) session
[35m[Appium][39m Capabilities:
[35m[Appium][39m   app: C:\Users\AV2017005903\Documents\apollo-automation\7 September.apk
[35m[Appium][39m   appWaitActivity: com.*
[35m[Appium][39m   autoGrantPermissions: true
[35m[Appium][39m   deviceId: 6e4df14
[35m[Appium][39m   deviceName: OPPO A37f (Android 5.1.1)
[35m[Appium][39m   fullReset: true
[35m[Appium][39m   newCommandTimeout: 1800
[35m[Appium][39m   noReset: false
[35m[Appium][39m   platform: ANDROID
[35m[Appium][39m   platformName: Android
[35m[Appium][39m   udid: 6e4df14
[35m[BaseDriver][39m The following capabilities were provided, but are not recognized by appium: deviceId, platform.
[35m[BaseDriver][39m Session created with session id: 39a16d29-0bf5-49f6-84ae-aff67bef3613
[35m[AndroidDriver][39m Java version is: 1.8.0_181
[35m[ADB][39m Checking whether adb is present
[35m[ADB][39m Found 1 'build-tools' folders under 'C:\Users\AV2017005903\.katalon\tools\android_sdk' (newest first):
[35m[ADB][39m     C:/Users/AV2017005903/.katalon/tools/android_sdk/build-tools/28.0.0
[35m[ADB][39m Using adb.exe from C:\Users\AV2017005903\.katalon\tools\android_sdk\platform-tools\adb.exe
[35m[AndroidDriver][39m Retrieving device list
[35m[AndroidDriver][39m Using device: 6e4df14
[35m[BaseDriver][39m Using local app 'C:\Users\AV2017005903\Documents\apollo-automation\7 September.apk'
[35m[AndroidDriver][39m Starting Android session
[35m[ADB][39m Checking whether aapt is present
[35m[ADB][39m Using aapt.exe from C:\Users\AV2017005903\.katalon\tools\android_sdk\build-tools\28.0.0\aapt.exe
[35m[AndroidDriver][39m setDeviceLanguageCountry requires language or country.
[35m[AndroidDriver][39m Got language: 'null' and country: 'null'
[35m[ADB][39m Getting device platform version
[35m[ADB][39m Using the alternative activity name detection method because of: Could not find apkanalyzer.bat in C:\Users\AV2017005903\.katalon\tools\android_sdk\platform-tools\apkanalyzer.bat,C:\Users\AV2017005903\.katalon\tools\android_sdk\emulator\apkanalyzer.bat,C:\Users\AV2017005903\.katalon\tools\android_sdk\tools\apkanalyzer.bat,C:\Users\AV2017005903\.katalon\tools\android_sdk\tools\bin\apkanalyzer.bat,C:\Users\AV2017005903\.katalon\tools\android_sdk\build-tools\28.0.0\apkanalyzer.bat. Do you have the Android SDK installed at 'C:\Users\AV2017005903\.katalon\tools\android_sdk'?
[35m[ADB][39m Extracting package and launch activity from manifest
[35m[ADB][39m Package name: 'com.btpn.appbisnis.sit'
[35m[ADB][39m Main activity name: 'com.btpn_mpos_rn.react_bridging.splash.SplashActivity'
[35m[ADB][39m com.btpn.appbisnis.sit was not uninstalled, because it was not present on the device
[35m[ADB][39m Successfully extracted 953 strings from 'C:\Users\AV2017005903\Documents\apollo-automation\7 September.apk' resources for '(default)' configuration
[35m[ADB][39m No uiautomator process found to kill, continuing...
[35m[AndroidBootstrap][39m Android bootstrap socket is now connected
[35m[AndroidDriver][39m Screen already unlocked, doing nothing
[35m[Appium][39m New AndroidDriver session created successfully, session 39a16d29-0bf5-49f6-84ae-aff67bef3613 added to master session list
[35m[HTTP][39m [37m<-- POST /wd/hub/session [39m[32m200[39m [90m28701 ms - 1152[39m
[35m[HTTP][39m [90m[39m
[35m[HTTP][39m [37m-->[39m [37mGET[39m [37m/wd/hub/status[39m
[35m[HTTP][39m [90m{}[39m
[35m[HTTP][39m [37m<-- GET /wd/hub/status [39m[32m200[39m [90m61 ms - 55[39m
[35m[HTTP][39m [90m[39m
[35m[HTTP][39m [37m-->[39m [37mPOST[39m [37m/wd/hub/session/39a16d29-0bf5-49f6-84ae-aff67bef3613/timeouts[39m
[35m[HTTP][39m [90m{"type":"implicit","ms":30000}[39m
[35m[HTTP][39m [37m<-- POST /wd/hub/session/39a16d29-0bf5-49f6-84ae-aff67bef3613/timeouts [39m[33m400[39m [90m19 ms - 5532[39m
[35m[HTTP][39m [90m[39m
[35m[HTTP][39m [37m-->[39m [37mPOST[39m [37m/wd/hub/session/39a16d29-0bf5-49f6-84ae-aff67bef3613/touch/perform[39m
[35m[HTTP][39m [90m{"actions":[{"action":"longPress","options":{"x":550,"y":300}},{"action":"moveTo","options":{"x":100,"y":300}},{"action":"release","options":{}}]}[39m
[35m[HTTP][39m [37m<-- POST /wd/hub/session/39a16d29-0bf5-49f6-84ae-aff67bef3613/touch/perform [39m[32m200[39m [90m2771 ms - 76[39m
[35m[HTTP][39m [90m[39m
[35m[HTTP][39m [37m-->[39m [37mPOST[39m [37m/wd/hub/session/39a16d29-0bf5-49f6-84ae-aff67bef3613/touch/perform[39m
[35m[HTTP][39m [90m{"actions":[{"action":"longPress","options":{"x":550,"y":300}},{"action":"moveTo","options":{"x":100,"y":300}},{"action":"release","options":{}}]}[39m
[35m[HTTP][39m [37m<-- POST /wd/hub/session/39a16d29-0bf5-49f6-84ae-aff67bef3613/touch/perform [39m[32m200[39m [90m2957 ms - 76[39m
[35m[HTTP][39m [90m[39m
[35m[HTTP][39m [37m-->[39m [37mPOST[39m [37m/wd/hub/session/39a16d29-0bf5-49f6-84ae-aff67bef3613/touch/perform[39m
[35m[HTTP][39m [90m{"actions":[{"action":"longPress","options":{"x":550,"y":300}},{"action":"moveTo","options":{"x":100,"y":300}},{"action":"release","options":{}}]}[39m
[35m[HTTP][39m [37m<-- POST /wd/hub/session/39a16d29-0bf5-49f6-84ae-aff67bef3613/touch/perform [39m[32m200[39m [90m2509 ms - 76[39m
[35m[HTTP][39m [90m[39m
[35m[HTTP][39m [37m-->[39m [37mPOST[39m [37m/wd/hub/session/39a16d29-0bf5-49f6-84ae-aff67bef3613/touch/perform[39m
[35m[HTTP][39m [90m{"actions":[{"action":"longPress","options":{"x":550,"y":300}},{"action":"moveTo","options":{"x":100,"y":300}},{"action":"release","options":{}}]}[39m
[35m[HTTP][39m [37m<-- POST /wd/hub/session/39a16d29-0bf5-49f6-84ae-aff67bef3613/touch/perform [39m[32m200[39m [90m2460 ms - 76[39m
[35m[HTTP][39m [90m[39m
[35m[HTTP][39m [37m-->[39m [37mGET[39m [37m/wd/hub/session/39a16d29-0bf5-49f6-84ae-aff67bef3613/window/current/size[39m
[35m[HTTP][39m [90m{}[39m
[35m[HTTP][39m [37m<-- GET /wd/hub/session/39a16d29-0bf5-49f6-84ae-aff67bef3613/window/current/size [39m[32m200[39m [90m16 ms - 99[39m
[35m[HTTP][39m [90m[39m
[35m[HTTP][39m [37m-->[39m [37mPOST[39m [37m/wd/hub/session/39a16d29-0bf5-49f6-84ae-aff67bef3613/elements[39m
[35m[HTTP][39m [90m{"using":"-android uiautomator","value":"new UiSelector().description(\"start_button_touch\")"}[39m
[35m[HTTP][39m [37m<-- POST /wd/hub/session/39a16d29-0bf5-49f6-84ae-aff67bef3613/elements [39m[32m200[39m [90m1356 ms - 89[39m
[35m[HTTP][39m [90m[39m
[35m[HTTP][39m [37m-->[39m [37mGET[39m [37m/wd/hub/session/39a16d29-0bf5-49f6-84ae-aff67bef3613[39m
[35m[HTTP][39m [90m{}[39m
[35m[HTTP][39m [37m<-- GET /wd/hub/session/39a16d29-0bf5-49f6-84ae-aff67bef3613 [39m[32m200[39m [90m12 ms - 1152[39m
[35m[HTTP][39m [90m[39m
[35m[HTTP][39m [37m-->[39m [37mGET[39m [37m/wd/hub/session/39a16d29-0bf5-49f6-84ae-aff67bef3613[39m
[35m[HTTP][39m [90m{}[39m
[35m[HTTP][39m [37m<-- GET /wd/hub/session/39a16d29-0bf5-49f6-84ae-aff67bef3613 [39m[32m200[39m [90m4 ms - 1152[39m
[35m[HTTP][39m [90m[39m
[35m[HTTP][39m [37m-->[39m [37mGET[39m [37m/wd/hub/session/39a16d29-0bf5-49f6-84ae-aff67bef3613[39m
[35m[HTTP][39m [90m{}[39m
[35m[HTTP][39m [37m<-- GET /wd/hub/session/39a16d29-0bf5-49f6-84ae-aff67bef3613 [39m[32m200[39m [90m6 ms - 1152[39m
[35m[HTTP][39m [90m[39m
[35m[HTTP][39m [37m-->[39m [37mGET[39m [37m/wd/hub/session/39a16d29-0bf5-49f6-84ae-aff67bef3613[39m
[35m[HTTP][39m [90m{}[39m
[35m[HTTP][39m [37m<-- GET /wd/hub/session/39a16d29-0bf5-49f6-84ae-aff67bef3613 [39m[32m200[39m [90m5 ms - 1152[39m
[35m[HTTP][39m [90m[39m
[35m[HTTP][39m [37m-->[39m [37mGET[39m [37m/wd/hub/session/39a16d29-0bf5-49f6-84ae-aff67bef3613/element/1/location[39m
[35m[HTTP][39m [90m{}[39m
[35m[HTTP][39m [37m<-- GET /wd/hub/session/39a16d29-0bf5-49f6-84ae-aff67bef3613/element/1/location [39m[32m200[39m [90m459 ms - 89[39m
[35m[HTTP][39m [90m[39m
[35m[HTTP][39m [37m-->[39m [37mGET[39m [37m/wd/hub/session/39a16d29-0bf5-49f6-84ae-aff67bef3613/window/current/size[39m
[35m[HTTP][39m [90m{}[39m
[35m[HTTP][39m [37m<-- GET /wd/hub/session/39a16d29-0bf5-49f6-84ae-aff67bef3613/window/current/size [39m[32m200[39m [90m15 ms - 99[39m
[35m[HTTP][39m [90m[39m
[35m[HTTP][39m [37m-->[39m [37mPOST[39m [37m/wd/hub/session/39a16d29-0bf5-49f6-84ae-aff67bef3613/elements[39m
[35m[HTTP][39m [90m{"using":"-android uiautomator","value":"new UiSelector().description(\"start_button_touch\")"}[39m
[35m[HTTP][39m [37m<-- POST /wd/hub/session/39a16d29-0bf5-49f6-84ae-aff67bef3613/elements [39m[32m200[39m [90m2883 ms - 89[39m
[35m[HTTP][39m [90m[39m
[35m[HTTP][39m [37m-->[39m [37mGET[39m [37m/wd/hub/session/39a16d29-0bf5-49f6-84ae-aff67bef3613[39m
[35m[HTTP][39m [90m{}[39m
[35m[HTTP][39m [37m<-- GET /wd/hub/session/39a16d29-0bf5-49f6-84ae-aff67bef3613 [39m[32m200[39m [90m10 ms - 1152[39m
[35m[HTTP][39m [90m[39m
[35m[HTTP][39m [37m-->[39m [37mGET[39m [37m/wd/hub/session/39a16d29-0bf5-49f6-84ae-aff67bef3613[39m
[35m[HTTP][39m [90m{}[39m
[35m[HTTP][39m [37m<-- GET /wd/hub/session/39a16d29-0bf5-49f6-84ae-aff67bef3613 [39m[32m200[39m [90m10 ms - 1152[39m
[35m[HTTP][39m [90m[39m
[35m[HTTP][39m [37m-->[39m [37mGET[39m [37m/wd/hub/session/39a16d29-0bf5-49f6-84ae-aff67bef3613[39m
[35m[HTTP][39m [90m{}[39m
[35m[HTTP][39m [37m<-- GET /wd/hub/session/39a16d29-0bf5-49f6-84ae-aff67bef3613 [39m[32m200[39m [90m6 ms - 1152[39m
[35m[HTTP][39m [90m[39m
[35m[HTTP][39m [37m-->[39m [37mGET[39m [37m/wd/hub/session/39a16d29-0bf5-49f6-84ae-aff67bef3613[39m
[35m[HTTP][39m [90m{}[39m
[35m[HTTP][39m [37m<-- GET /wd/hub/session/39a16d29-0bf5-49f6-84ae-aff67bef3613 [39m[32m200[39m [90m4 ms - 1152[39m
[35m[HTTP][39m [90m[39m
[35m[HTTP][39m [37m-->[39m [37mGET[39m [37m/wd/hub/session/39a16d29-0bf5-49f6-84ae-aff67bef3613/element/2/location[39m
[35m[HTTP][39m [90m{}[39m
[35m[HTTP][39m [37m<-- GET /wd/hub/session/39a16d29-0bf5-49f6-84ae-aff67bef3613/element/2/location [39m[32m200[39m [90m444 ms - 89[39m
[35m[HTTP][39m [90m[39m
[35m[HTTP][39m [37m-->[39m [37mGET[39m [37m/wd/hub/session/39a16d29-0bf5-49f6-84ae-aff67bef3613/element/2/attribute/name[39m
[35m[HTTP][39m [90m{}[39m
[35m[HTTP][39m [37m<-- GET /wd/hub/session/39a16d29-0bf5-49f6-84ae-aff67bef3613/element/2/attribute/name [39m[32m200[39m [90m503 ms - 92[39m
[35m[HTTP][39m [90m[39m
[35m[HTTP][39m [37m-->[39m [37mGET[39m [37m/wd/hub/session/39a16d29-0bf5-49f6-84ae-aff67bef3613/window/current/size[39m
[35m[HTTP][39m [90m{}[39m
[35m[HTTP][39m [37m<-- GET /wd/hub/session/39a16d29-0bf5-49f6-84ae-aff67bef3613/window/current/size [39m[32m200[39m [90m11 ms - 99[39m
[35m[HTTP][39m [90m[39m
[35m[HTTP][39m [37m-->[39m [37mPOST[39m [37m/wd/hub/session/39a16d29-0bf5-49f6-84ae-aff67bef3613/elements[39m
[35m[HTTP][39m [90m{"using":"-android uiautomator","value":"new UiSelector().description(\"start_button_touch\")"}[39m
[35m[HTTP][39m [37m<-- POST /wd/hub/session/39a16d29-0bf5-49f6-84ae-aff67bef3613/elements [39m[32m200[39m [90m3261 ms - 89[39m
[35m[HTTP][39m [90m[39m
[35m[HTTP][39m [37m-->[39m [37mGET[39m [37m/wd/hub/session/39a16d29-0bf5-49f6-84ae-aff67bef3613[39m
[35m[HTTP][39m [90m{}[39m
[35m[HTTP][39m [37m<-- GET /wd/hub/session/39a16d29-0bf5-49f6-84ae-aff67bef3613 [39m[32m200[39m [90m9 ms - 1152[39m
[35m[HTTP][39m [90m[39m
[35m[HTTP][39m [37m-->[39m [37mGET[39m [37m/wd/hub/session/39a16d29-0bf5-49f6-84ae-aff67bef3613[39m
[35m[HTTP][39m [90m{}[39m
[35m[HTTP][39m [37m<-- GET /wd/hub/session/39a16d29-0bf5-49f6-84ae-aff67bef3613 [39m[32m200[39m [90m5 ms - 1152[39m
[35m[HTTP][39m [90m[39m
[35m[HTTP][39m [37m-->[39m [37mGET[39m [37m/wd/hub/session/39a16d29-0bf5-49f6-84ae-aff67bef3613[39m
[35m[HTTP][39m [90m{}[39m
[35m[HTTP][39m [37m<-- GET /wd/hub/session/39a16d29-0bf5-49f6-84ae-aff67bef3613 [39m[32m200[39m [90m7 ms - 1152[39m
[35m[HTTP][39m [90m[39m
[35m[HTTP][39m [37m-->[39m [37mGET[39m [37m/wd/hub/session/39a16d29-0bf5-49f6-84ae-aff67bef3613[39m
[35m[HTTP][39m [90m{}[39m
[35m[HTTP][39m [37m<-- GET /wd/hub/session/39a16d29-0bf5-49f6-84ae-aff67bef3613 [39m[32m200[39m [90m3 ms - 1152[39m
[35m[HTTP][39m [90m[39m
[35m[HTTP][39m [37m-->[39m [37mGET[39m [37m/wd/hub/session/39a16d29-0bf5-49f6-84ae-aff67bef3613/element/3/location[39m
[35m[HTTP][39m [90m{}[39m
[35m[HTTP][39m [37m<-- GET /wd/hub/session/39a16d29-0bf5-49f6-84ae-aff67bef3613/element/3/location [39m[32m200[39m [90m439 ms - 89[39m
[35m[HTTP][39m [90m[39m
[35m[HTTP][39m [37m-->[39m [37mPOST[39m [37m/wd/hub/session/39a16d29-0bf5-49f6-84ae-aff67bef3613/touch/perform[39m
[35m[HTTP][39m [90m{"actions":[{"action":"tap","options":{"element":"3","x":1,"y":1}}]}[39m
[35m[HTTP][39m [37m<-- POST /wd/hub/session/39a16d29-0bf5-49f6-84ae-aff67bef3613/touch/perform [39m[32m200[39m [90m1724 ms - 76[39m
[35m[HTTP][39m [90m[39m
[35m[HTTP][39m [37m-->[39m [37mGET[39m [37m/wd/hub/session/39a16d29-0bf5-49f6-84ae-aff67bef3613/window/current/size[39m
[35m[HTTP][39m [90m{}[39m
[35m[HTTP][39m [37m<-- GET /wd/hub/session/39a16d29-0bf5-49f6-84ae-aff67bef3613/window/current/size [39m[32m200[39m [90m14 ms - 99[39m
[35m[HTTP][39m [90m[39m
[35m[HTTP][39m [37m-->[39m [37mPOST[39m [37m/wd/hub/session/39a16d29-0bf5-49f6-84ae-aff67bef3613/elements[39m
[35m[HTTP][39m [90m{"using":"-android uiautomator","value":"new UiSelector().description(\"LoginNameTextInput\")"}[39m
[35m[HTTP][39m [37m<-- POST /wd/hub/session/39a16d29-0bf5-49f6-84ae-aff67bef3613/elements [39m[32m200[39m [90m2165 ms - 89[39m
[35m[HTTP][39m [90m[39m
[35m[HTTP][39m [37m-->[39m [37mGET[39m [37m/wd/hub/session/39a16d29-0bf5-49f6-84ae-aff67bef3613[39m
[35m[HTTP][39m [90m{}[39m
[35m[HTTP][39m [37m<-- GET /wd/hub/session/39a16d29-0bf5-49f6-84ae-aff67bef3613 [39m[32m200[39m [90m10 ms - 1152[39m
[35m[HTTP][39m [90m[39m
[35m[HTTP][39m [37m-->[39m [37mGET[39m [37m/wd/hub/session/39a16d29-0bf5-49f6-84ae-aff67bef3613[39m
[35m[HTTP][39m [90m{}[39m
[35m[HTTP][39m [37m<-- GET /wd/hub/session/39a16d29-0bf5-49f6-84ae-aff67bef3613 [39m[32m200[39m [90m6 ms - 1152[39m
[35m[HTTP][39m [90m[39m
[35m[HTTP][39m [37m-->[39m [37mGET[39m [37m/wd/hub/session/39a16d29-0bf5-49f6-84ae-aff67bef3613[39m
[35m[HTTP][39m [90m{}[39m
[35m[HTTP][39m [37m<-- GET /wd/hub/session/39a16d29-0bf5-49f6-84ae-aff67bef3613 [39m[32m200[39m [90m7 ms - 1152[39m
[35m[HTTP][39m [90m[39m
[35m[HTTP][39m [37m-->[39m [37mGET[39m [37m/wd/hub/session/39a16d29-0bf5-49f6-84ae-aff67bef3613[39m
[35m[HTTP][39m [90m{}[39m
[35m[HTTP][39m [37m<-- GET /wd/hub/session/39a16d29-0bf5-49f6-84ae-aff67bef3613 [39m[32m200[39m [90m3 ms - 1152[39m
[35m[HTTP][39m [90m[39m
[35m[HTTP][39m [37m-->[39m [37mGET[39m [37m/wd/hub/session/39a16d29-0bf5-49f6-84ae-aff67bef3613/element/4/location[39m
[35m[HTTP][39m [90m{}[39m
[35m[HTTP][39m [37m<-- GET /wd/hub/session/39a16d29-0bf5-49f6-84ae-aff67bef3613/element/4/location [39m[32m200[39m [90m448 ms - 88[39m
[35m[HTTP][39m [90m[39m
[35m[HTTP][39m [37m-->[39m [37mGET[39m [37m/wd/hub/session/39a16d29-0bf5-49f6-84ae-aff67bef3613/window/current/size[39m
[35m[HTTP][39m [90m{}[39m
[35m[HTTP][39m [37m<-- GET /wd/hub/session/39a16d29-0bf5-49f6-84ae-aff67bef3613/window/current/size [39m[32m200[39m [90m10 ms - 99[39m
[35m[HTTP][39m [90m[39m
[35m[HTTP][39m [37m-->[39m [37mPOST[39m [37m/wd/hub/session/39a16d29-0bf5-49f6-84ae-aff67bef3613/elements[39m
[35m[HTTP][39m [90m{"using":"-android uiautomator","value":"new UiSelector().description(\"LoginNameTextInput\")"}[39m
[35m[HTTP][39m [37m<-- POST /wd/hub/session/39a16d29-0bf5-49f6-84ae-aff67bef3613/elements [39m[32m200[39m [90m3658 ms - 89[39m
[35m[HTTP][39m [90m[39m
[35m[HTTP][39m [37m-->[39m [37mGET[39m [37m/wd/hub/session/39a16d29-0bf5-49f6-84ae-aff67bef3613[39m
[35m[HTTP][39m [90m{}[39m
[35m[HTTP][39m [37m<-- GET /wd/hub/session/39a16d29-0bf5-49f6-84ae-aff67bef3613 [39m[32m200[39m [90m9 ms - 1152[39m
[35m[HTTP][39m [90m[39m
[35m[HTTP][39m [37m-->[39m [37mGET[39m [37m/wd/hub/session/39a16d29-0bf5-49f6-84ae-aff67bef3613[39m
[35m[HTTP][39m [90m{}[39m
[35m[HTTP][39m [37m<-- GET /wd/hub/session/39a16d29-0bf5-49f6-84ae-aff67bef3613 [39m[32m200[39m [90m15 ms - 1152[39m
[35m[HTTP][39m [90m[39m
[35m[HTTP][39m [37m-->[39m [37mGET[39m [37m/wd/hub/session/39a16d29-0bf5-49f6-84ae-aff67bef3613[39m
[35m[HTTP][39m [90m{}[39m
[35m[HTTP][39m [37m<-- GET /wd/hub/session/39a16d29-0bf5-49f6-84ae-aff67bef3613 [39m[32m200[39m [90m4 ms - 1152[39m
[35m[HTTP][39m [90m[39m
[35m[HTTP][39m [37m-->[39m [37mGET[39m [37m/wd/hub/session/39a16d29-0bf5-49f6-84ae-aff67bef3613[39m
[35m[HTTP][39m [90m{}[39m
[35m[HTTP][39m [37m<-- GET /wd/hub/session/39a16d29-0bf5-49f6-84ae-aff67bef3613 [39m[32m200[39m [90m7 ms - 1152[39m
[35m[HTTP][39m [90m[39m
[35m[HTTP][39m [37m-->[39m [37mGET[39m [37m/wd/hub/session/39a16d29-0bf5-49f6-84ae-aff67bef3613/element/5/location[39m
[35m[HTTP][39m [90m{}[39m
[35m[HTTP][39m [37m<-- GET /wd/hub/session/39a16d29-0bf5-49f6-84ae-aff67bef3613/element/5/location [39m[32m200[39m [90m1349 ms - 88[39m
[35m[HTTP][39m [90m[39m
[35m[HTTP][39m [37m-->[39m [37mGET[39m [37m/wd/hub/session/39a16d29-0bf5-49f6-84ae-aff67bef3613/element/5/attribute/name[39m
[35m[HTTP][39m [90m{}[39m
[35m[HTTP][39m [37m<-- GET /wd/hub/session/39a16d29-0bf5-49f6-84ae-aff67bef3613/element/5/attribute/name [39m[32m200[39m [90m1195 ms - 92[39m
[35m[HTTP][39m [90m[39m
[35m[HTTP][39m [37m-->[39m [37mGET[39m [37m/wd/hub/session/39a16d29-0bf5-49f6-84ae-aff67bef3613/window/current/size[39m
[35m[HTTP][39m [90m{}[39m
[35m[HTTP][39m [37m<-- GET /wd/hub/session/39a16d29-0bf5-49f6-84ae-aff67bef3613/window/current/size [39m[32m200[39m [90m11 ms - 99[39m
[35m[HTTP][39m [90m[39m
[35m[HTTP][39m [37m-->[39m [37mPOST[39m [37m/wd/hub/session/39a16d29-0bf5-49f6-84ae-aff67bef3613/elements[39m
[35m[HTTP][39m [90m{"using":"-android uiautomator","value":"new UiSelector().description(\"LoginNameTextInput\")"}[39m
[35m[HTTP][39m [37m<-- POST /wd/hub/session/39a16d29-0bf5-49f6-84ae-aff67bef3613/elements [39m[32m200[39m [90m2814 ms - 89[39m
[35m[HTTP][39m [90m[39m
[35m[HTTP][39m [37m-->[39m [37mGET[39m [37m/wd/hub/session/39a16d29-0bf5-49f6-84ae-aff67bef3613[39m
[35m[HTTP][39m [90m{}[39m
[35m[HTTP][39m [37m<-- GET /wd/hub/session/39a16d29-0bf5-49f6-84ae-aff67bef3613 [39m[32m200[39m [90m9 ms - 1152[39m
[35m[HTTP][39m [90m[39m
[35m[HTTP][39m [37m-->[39m [37mGET[39m [37m/wd/hub/session/39a16d29-0bf5-49f6-84ae-aff67bef3613[39m
[35m[HTTP][39m [90m{}[39m
[35m[HTTP][39m [37m<-- GET /wd/hub/session/39a16d29-0bf5-49f6-84ae-aff67bef3613 [39m[32m200[39m [90m7 ms - 1152[39m
[35m[HTTP][39m [90m[39m
[35m[HTTP][39m [37m-->[39m [37mGET[39m [37m/wd/hub/session/39a16d29-0bf5-49f6-84ae-aff67bef3613[39m
[35m[HTTP][39m [90m{}[39m
[35m[HTTP][39m [37m<-- GET /wd/hub/session/39a16d29-0bf5-49f6-84ae-aff67bef3613 [39m[32m200[39m [90m7 ms - 1152[39m
[35m[HTTP][39m [90m[39m
[35m[HTTP][39m [37m-->[39m [37mGET[39m [37m/wd/hub/session/39a16d29-0bf5-49f6-84ae-aff67bef3613[39m
[35m[HTTP][39m [90m{}[39m
[35m[HTTP][39m [37m<-- GET /wd/hub/session/39a16d29-0bf5-49f6-84ae-aff67bef3613 [39m[32m200[39m [90m3 ms - 1152[39m
[35m[HTTP][39m [90m[39m
[35m[HTTP][39m [37m-->[39m [37mGET[39m [37m/wd/hub/session/39a16d29-0bf5-49f6-84ae-aff67bef3613/element/6/location[39m
[35m[HTTP][39m [90m{}[39m
[35m[HTTP][39m [37m<-- GET /wd/hub/session/39a16d29-0bf5-49f6-84ae-aff67bef3613/element/6/location [39m[32m200[39m [90m1581 ms - 88[39m
[35m[HTTP][39m [90m[39m
[35m[HTTP][39m [37m-->[39m [37mPOST[39m [37m/wd/hub/session/39a16d29-0bf5-49f6-84ae-aff67bef3613/element/6/clear[39m
[35m[HTTP][39m [90m{"id":"6"}[39m
[35m[HTTP][39m [37m<-- POST /wd/hub/session/39a16d29-0bf5-49f6-84ae-aff67bef3613/element/6/clear [39m[32m200[39m [90m2253 ms - 76[39m
[35m[HTTP][39m [90m[39m
[35m[HTTP][39m [37m-->[39m [37mPOST[39m [37m/wd/hub/session/39a16d29-0bf5-49f6-84ae-aff67bef3613/element/6/value[39m
[35m[HTTP][39m [90m{"id":"6","value":["08112233445567"]}[39m
[35m[HTTP][39m [37m<-- POST /wd/hub/session/39a16d29-0bf5-49f6-84ae-aff67bef3613/element/6/value [39m[32m200[39m [90m13808 ms - 76[39m
[35m[HTTP][39m [90m[39m
[35m[HTTP][39m [37m-->[39m [37mGET[39m [37m/wd/hub/session/39a16d29-0bf5-49f6-84ae-aff67bef3613/context[39m
[35m[HTTP][39m [90m{}[39m
[35m[HTTP][39m [37m<-- GET /wd/hub/session/39a16d29-0bf5-49f6-84ae-aff67bef3613/context [39m[32m200[39m [90m9 ms - 84[39m
[35m[HTTP][39m [90m[39m
[35m[HTTP][39m [37m-->[39m [37mGET[39m [37m/wd/hub/session/39a16d29-0bf5-49f6-84ae-aff67bef3613/contexts[39m
[35m[HTTP][39m [90m{}[39m
[35m[HTTP][39m [37m<-- GET /wd/hub/session/39a16d29-0bf5-49f6-84ae-aff67bef3613/contexts [39m[32m200[39m [90m154 ms - 86[39m
[35m[HTTP][39m [90m[39m
[35m[HTTP][39m [37m-->[39m [37mPOST[39m [37m/wd/hub/session/39a16d29-0bf5-49f6-84ae-aff67bef3613/context[39m
[35m[HTTP][39m [90m{"name":"NATIVE_APP"}[39m
[35m[HTTP][39m [37m<-- POST /wd/hub/session/39a16d29-0bf5-49f6-84ae-aff67bef3613/context [39m[32m200[39m [90m134 ms - 76[39m
[35m[HTTP][39m [90m[39m
[35m[HTTP][39m [37m-->[39m [37mPOST[39m [37m/wd/hub/session/39a16d29-0bf5-49f6-84ae-aff67bef3613/appium/device/hide_keyboard[39m
[35m[HTTP][39m [90m{}[39m
[35m[HTTP][39m [37m<-- POST /wd/hub/session/39a16d29-0bf5-49f6-84ae-aff67bef3613/appium/device/hide_keyboard [39m[32m200[39m [90m199 ms - 76[39m
[35m[HTTP][39m [90m[39m
[35m[HTTP][39m [37m-->[39m [37mPOST[39m [37m/wd/hub/session/39a16d29-0bf5-49f6-84ae-aff67bef3613/context[39m
[35m[HTTP][39m [90m{"name":"NATIVE_APP"}[39m
[35m[HTTP][39m [37m<-- POST /wd/hub/session/39a16d29-0bf5-49f6-84ae-aff67bef3613/context [39m[32m200[39m [90m183 ms - 76[39m
[35m[HTTP][39m [90m[39m
[35m[HTTP][39m [37m-->[39m [37mGET[39m [37m/wd/hub/session/39a16d29-0bf5-49f6-84ae-aff67bef3613/window/current/size[39m
[35m[HTTP][39m [90m{}[39m
[35m[HTTP][39m [37m<-- GET /wd/hub/session/39a16d29-0bf5-49f6-84ae-aff67bef3613/window/current/size [39m[32m200[39m [90m10 ms - 99[39m
[35m[HTTP][39m [90m[39m
[35m[HTTP][39m [37m-->[39m [37mPOST[39m [37m/wd/hub/session/39a16d29-0bf5-49f6-84ae-aff67bef3613/elements[39m
[35m[HTTP][39m [90m{"using":"-android uiautomator","value":"new UiSelector().description(\"LoginNameTextInput\")"}[39m
[35m[HTTP][39m [37m<-- POST /wd/hub/session/39a16d29-0bf5-49f6-84ae-aff67bef3613/elements [39m[32m200[39m [90m5710 ms - 89[39m
[35m[HTTP][39m [90m[39m
[35m[HTTP][39m [37m-->[39m [37mGET[39m [37m/wd/hub/session/39a16d29-0bf5-49f6-84ae-aff67bef3613[39m
[35m[HTTP][39m [90m{}[39m
[35m[HTTP][39m [37m<-- GET /wd/hub/session/39a16d29-0bf5-49f6-84ae-aff67bef3613 [39m[32m200[39m [90m13 ms - 1152[39m
[35m[HTTP][39m [90m[39m
[35m[HTTP][39m [37m-->[39m [37mGET[39m [37m/wd/hub/session/39a16d29-0bf5-49f6-84ae-aff67bef3613[39m
[35m[HTTP][39m [90m{}[39m
[35m[HTTP][39m [37m<-- GET /wd/hub/session/39a16d29-0bf5-49f6-84ae-aff67bef3613 [39m[32m200[39m [90m7 ms - 1152[39m
[35m[HTTP][39m [90m[39m
[35m[HTTP][39m [37m-->[39m [37mGET[39m [37m/wd/hub/session/39a16d29-0bf5-49f6-84ae-aff67bef3613[39m
[35m[HTTP][39m [90m{}[39m
[35m[HTTP][39m [37m<-- GET /wd/hub/session/39a16d29-0bf5-49f6-84ae-aff67bef3613 [39m[32m200[39m [90m6 ms - 1152[39m
[35m[HTTP][39m [90m[39m
[35m[HTTP][39m [37m-->[39m [37mGET[39m [37m/wd/hub/session/39a16d29-0bf5-49f6-84ae-aff67bef3613[39m
[35m[HTTP][39m [90m{}[39m
[35m[HTTP][39m [37m<-- GET /wd/hub/session/39a16d29-0bf5-49f6-84ae-aff67bef3613 [39m[32m200[39m [90m5 ms - 1152[39m
[35m[HTTP][39m [90m[39m
[35m[HTTP][39m [37m-->[39m [37mGET[39m [37m/wd/hub/session/39a16d29-0bf5-49f6-84ae-aff67bef3613/element/7/location[39m
[35m[HTTP][39m [90m{}[39m
[35m[HTTP][39m [37m<-- GET /wd/hub/session/39a16d29-0bf5-49f6-84ae-aff67bef3613/element/7/location [39m[32m200[39m [90m1012 ms - 88[39m
[35m[HTTP][39m [90m[39m
[35m[HTTP][39m [37m-->[39m [37mGET[39m [37m/wd/hub/session/39a16d29-0bf5-49f6-84ae-aff67bef3613/element/7/text[39m
[35m[HTTP][39m [90m{}[39m
[35m[HTTP][39m [37m<-- GET /wd/hub/session/39a16d29-0bf5-49f6-84ae-aff67bef3613/element/7/text [39m[32m200[39m [90m485 ms - 88[39m
[35m[HTTP][39m [90m[39m
[35m[HTTP][39m [37m-->[39m [37mGET[39m [37m/wd/hub/session/39a16d29-0bf5-49f6-84ae-aff67bef3613/window/current/size[39m
[35m[HTTP][39m [90m{}[39m
[35m[HTTP][39m [37m<-- GET /wd/hub/session/39a16d29-0bf5-49f6-84ae-aff67bef3613/window/current/size [39m[32m200[39m [90m10 ms - 99[39m
[35m[HTTP][39m [90m[39m
[35m[HTTP][39m [37m-->[39m [37mPOST[39m [37m/wd/hub/session/39a16d29-0bf5-49f6-84ae-aff67bef3613/elements[39m
[35m[HTTP][39m [90m{"using":"-android uiautomator","value":"new UiSelector().description(\"LoginJumpNextBtn\")"}[39m
[35m[HTTP][39m [37m<-- POST /wd/hub/session/39a16d29-0bf5-49f6-84ae-aff67bef3613/elements [39m[32m200[39m [90m3487 ms - 89[39m
[35m[HTTP][39m [90m[39m
[35m[HTTP][39m [37m-->[39m [37mGET[39m [37m/wd/hub/session/39a16d29-0bf5-49f6-84ae-aff67bef3613[39m
[35m[HTTP][39m [90m{}[39m
[35m[HTTP][39m [37m<-- GET /wd/hub/session/39a16d29-0bf5-49f6-84ae-aff67bef3613 [39m[32m200[39m [90m4 ms - 1152[39m
[35m[HTTP][39m [90m[39m
[35m[HTTP][39m [37m-->[39m [37mGET[39m [37m/wd/hub/session/39a16d29-0bf5-49f6-84ae-aff67bef3613[39m
[35m[HTTP][39m [90m{}[39m
[35m[HTTP][39m [37m<-- GET /wd/hub/session/39a16d29-0bf5-49f6-84ae-aff67bef3613 [39m[32m200[39m [90m4 ms - 1152[39m
[35m[HTTP][39m [90m[39m
[35m[HTTP][39m [37m-->[39m [37mGET[39m [37m/wd/hub/session/39a16d29-0bf5-49f6-84ae-aff67bef3613[39m
[35m[HTTP][39m [90m{}[39m
[35m[HTTP][39m [37m<-- GET /wd/hub/session/39a16d29-0bf5-49f6-84ae-aff67bef3613 [39m[32m200[39m [90m4 ms - 1152[39m
[35m[HTTP][39m [90m[39m
[35m[HTTP][39m [37m-->[39m [37mGET[39m [37m/wd/hub/session/39a16d29-0bf5-49f6-84ae-aff67bef3613[39m
[35m[HTTP][39m [90m{}[39m
[35m[HTTP][39m [37m<-- GET /wd/hub/session/39a16d29-0bf5-49f6-84ae-aff67bef3613 [39m[32m200[39m [90m4 ms - 1152[39m
[35m[HTTP][39m [90m[39m
[35m[HTTP][39m [37m-->[39m [37mGET[39m [37m/wd/hub/session/39a16d29-0bf5-49f6-84ae-aff67bef3613/element/8/location[39m
[35m[HTTP][39m [90m{}[39m
[35m[HTTP][39m [37m<-- GET /wd/hub/session/39a16d29-0bf5-49f6-84ae-aff67bef3613/element/8/location [39m[32m200[39m [90m470 ms - 88[39m
[35m[HTTP][39m [90m[39m
[35m[HTTP][39m [37m-->[39m [37mGET[39m [37m/wd/hub/session/39a16d29-0bf5-49f6-84ae-aff67bef3613/window/current/size[39m
[35m[HTTP][39m [90m{}[39m
[35m[HTTP][39m [37m<-- GET /wd/hub/session/39a16d29-0bf5-49f6-84ae-aff67bef3613/window/current/size [39m[32m200[39m [90m15 ms - 99[39m
[35m[HTTP][39m [90m[39m
[35m[HTTP][39m [37m-->[39m [37mPOST[39m [37m/wd/hub/session/39a16d29-0bf5-49f6-84ae-aff67bef3613/elements[39m
[35m[HTTP][39m [90m{"using":"-android uiautomator","value":"new UiSelector().description(\"LoginJumpNextBtn\")"}[39m
[35m[HTTP][39m [37m<-- POST /wd/hub/session/39a16d29-0bf5-49f6-84ae-aff67bef3613/elements [39m[32m200[39m [90m6386 ms - 89[39m
[35m[HTTP][39m [90m[39m
[35m[HTTP][39m [37m-->[39m [37mGET[39m [37m/wd/hub/session/39a16d29-0bf5-49f6-84ae-aff67bef3613[39m
[35m[HTTP][39m [90m{}[39m
[35m[HTTP][39m [37m<-- GET /wd/hub/session/39a16d29-0bf5-49f6-84ae-aff67bef3613 [39m[32m200[39m [90m12 ms - 1152[39m
[35m[HTTP][39m [90m[39m
[35m[HTTP][39m [37m-->[39m [37mGET[39m [37m/wd/hub/session/39a16d29-0bf5-49f6-84ae-aff67bef3613[39m
[35m[HTTP][39m [90m{}[39m
[35m[HTTP][39m [37m<-- GET /wd/hub/session/39a16d29-0bf5-49f6-84ae-aff67bef3613 [39m[32m200[39m [90m7 ms - 1152[39m
[35m[HTTP][39m [90m[39m
[35m[HTTP][39m [37m-->[39m [37mGET[39m [37m/wd/hub/session/39a16d29-0bf5-49f6-84ae-aff67bef3613[39m
[35m[HTTP][39m [90m{}[39m
[35m[HTTP][39m [37m<-- GET /wd/hub/session/39a16d29-0bf5-49f6-84ae-aff67bef3613 [39m[32m200[39m [90m6 ms - 1152[39m
[35m[HTTP][39m [90m[39m
[35m[HTTP][39m [37m-->[39m [37mGET[39m [37m/wd/hub/session/39a16d29-0bf5-49f6-84ae-aff67bef3613[39m
[35m[HTTP][39m [90m{}[39m
[35m[HTTP][39m [37m<-- GET /wd/hub/session/39a16d29-0bf5-49f6-84ae-aff67bef3613 [39m[32m200[39m [90m5 ms - 1152[39m
[35m[HTTP][39m [90m[39m
[35m[HTTP][39m [37m-->[39m [37mGET[39m [37m/wd/hub/session/39a16d29-0bf5-49f6-84ae-aff67bef3613/element/9/location[39m
[35m[HTTP][39m [90m{}[39m
[35m[HTTP][39m [37m<-- GET /wd/hub/session/39a16d29-0bf5-49f6-84ae-aff67bef3613/element/9/location [39m[32m200[39m [90m1069 ms - 88[39m
[35m[HTTP][39m [90m[39m
[35m[HTTP][39m [37m-->[39m [37mGET[39m [37m/wd/hub/session/39a16d29-0bf5-49f6-84ae-aff67bef3613/element/9/attribute/name[39m
[35m[HTTP][39m [90m{}[39m
[35m[HTTP][39m [37m<-- GET /wd/hub/session/39a16d29-0bf5-49f6-84ae-aff67bef3613/element/9/attribute/name [39m[32m200[39m [90m759 ms - 90[39m
[35m[HTTP][39m [90m[39m
[35m[HTTP][39m [37m-->[39m [37mGET[39m [37m/wd/hub/session/39a16d29-0bf5-49f6-84ae-aff67bef3613/window/current/size[39m
[35m[HTTP][39m [90m{}[39m
[35m[HTTP][39m [37m<-- GET /wd/hub/session/39a16d29-0bf5-49f6-84ae-aff67bef3613/window/current/size [39m[32m200[39m [90m14 ms - 99[39m
[35m[HTTP][39m [90m[39m
[35m[HTTP][39m [37m-->[39m [37mPOST[39m [37m/wd/hub/session/39a16d29-0bf5-49f6-84ae-aff67bef3613/elements[39m
[35m[HTTP][39m [90m{"using":"-android uiautomator","value":"new UiSelector().description(\"LoginJumpNextBtn\")"}[39m
[35m[HTTP][39m [37m<-- POST /wd/hub/session/39a16d29-0bf5-49f6-84ae-aff67bef3613/elements [39m[32m200[39m [90m3155 ms - 90[39m
[35m[HTTP][39m [90m[39m
[35m[HTTP][39m [37m-->[39m [37mGET[39m [37m/wd/hub/session/39a16d29-0bf5-49f6-84ae-aff67bef3613[39m
[35m[HTTP][39m [90m{}[39m
[35m[HTTP][39m [37m<-- GET /wd/hub/session/39a16d29-0bf5-49f6-84ae-aff67bef3613 [39m[32m200[39m [90m8 ms - 1152[39m
[35m[HTTP][39m [90m[39m
[35m[HTTP][39m [37m-->[39m [37mGET[39m [37m/wd/hub/session/39a16d29-0bf5-49f6-84ae-aff67bef3613[39m
[35m[HTTP][39m [90m{}[39m
[35m[HTTP][39m [37m<-- GET /wd/hub/session/39a16d29-0bf5-49f6-84ae-aff67bef3613 [39m[32m200[39m [90m8 ms - 1152[39m
[35m[HTTP][39m [90m[39m
[35m[HTTP][39m [37m-->[39m [37mGET[39m [37m/wd/hub/session/39a16d29-0bf5-49f6-84ae-aff67bef3613[39m
[35m[HTTP][39m [90m{}[39m
[35m[HTTP][39m [37m<-- GET /wd/hub/session/39a16d29-0bf5-49f6-84ae-aff67bef3613 [39m[32m200[39m [90m7 ms - 1152[39m
[35m[HTTP][39m [90m[39m
[35m[HTTP][39m [37m-->[39m [37mGET[39m [37m/wd/hub/session/39a16d29-0bf5-49f6-84ae-aff67bef3613[39m
[35m[HTTP][39m [90m{}[39m
[35m[HTTP][39m [37m<-- GET /wd/hub/session/39a16d29-0bf5-49f6-84ae-aff67bef3613 [39m[32m200[39m [90m5 ms - 1152[39m
[35m[HTTP][39m [90m[39m
[35m[HTTP][39m [37m-->[39m [37mGET[39m [37m/wd/hub/session/39a16d29-0bf5-49f6-84ae-aff67bef3613/element/10/location[39m
[35m[HTTP][39m [90m{}[39m
[35m[HTTP][39m [37m<-- GET /wd/hub/session/39a16d29-0bf5-49f6-84ae-aff67bef3613/element/10/location [39m[32m200[39m [90m433 ms - 88[39m
[35m[HTTP][39m [90m[39m
[35m[HTTP][39m [37m-->[39m [37mPOST[39m [37m/wd/hub/session/39a16d29-0bf5-49f6-84ae-aff67bef3613/touch/perform[39m
[35m[HTTP][39m [90m{"actions":[{"action":"tap","options":{"element":"10","x":1,"y":1}}]}[39m
[35m[HTTP][39m [37m<-- POST /wd/hub/session/39a16d29-0bf5-49f6-84ae-aff67bef3613/touch/perform [39m[32m200[39m [90m1365 ms - 76[39m
[35m[HTTP][39m [90m[39m
[35m[HTTP][39m [37m-->[39m [37mGET[39m [37m/wd/hub/session/39a16d29-0bf5-49f6-84ae-aff67bef3613/window/current/size[39m
[35m[HTTP][39m [90m{}[39m
[35m[HTTP][39m [37m<-- GET /wd/hub/session/39a16d29-0bf5-49f6-84ae-aff67bef3613/window/current/size [39m[32m200[39m [90m7 ms - 99[39m
[35m[HTTP][39m [90m[39m
[35m[HTTP][39m [37m-->[39m [37mPOST[39m [37m/wd/hub/session/39a16d29-0bf5-49f6-84ae-aff67bef3613/elements[39m
[35m[HTTP][39m [90m{"using":"-android uiautomator","value":"new UiSelector().description(\"pinCircleFocus\")"}[39m
[35m[HTTP][39m [37m<-- POST /wd/hub/session/39a16d29-0bf5-49f6-84ae-aff67bef3613/elements [39m[32m200[39m [90m3177 ms - 90[39m
[35m[HTTP][39m [90m[39m
[35m[HTTP][39m [37m-->[39m [37mGET[39m [37m/wd/hub/session/39a16d29-0bf5-49f6-84ae-aff67bef3613[39m
[35m[HTTP][39m [90m{}[39m
[35m[HTTP][39m [37m<-- GET /wd/hub/session/39a16d29-0bf5-49f6-84ae-aff67bef3613 [39m[32m200[39m [90m8 ms - 1152[39m
[35m[HTTP][39m [90m[39m
[35m[HTTP][39m [37m-->[39m [37mGET[39m [37m/wd/hub/session/39a16d29-0bf5-49f6-84ae-aff67bef3613[39m
[35m[HTTP][39m [90m{}[39m
[35m[HTTP][39m [37m<-- GET /wd/hub/session/39a16d29-0bf5-49f6-84ae-aff67bef3613 [39m[32m200[39m [90m4 ms - 1152[39m
[35m[HTTP][39m [90m[39m
[35m[HTTP][39m [37m-->[39m [37mGET[39m [37m/wd/hub/session/39a16d29-0bf5-49f6-84ae-aff67bef3613[39m
[35m[HTTP][39m [90m{}[39m
[35m[HTTP][39m [37m<-- GET /wd/hub/session/39a16d29-0bf5-49f6-84ae-aff67bef3613 [39m[32m200[39m [90m6 ms - 1152[39m
[35m[HTTP][39m [90m[39m
[35m[HTTP][39m [37m-->[39m [37mGET[39m [37m/wd/hub/session/39a16d29-0bf5-49f6-84ae-aff67bef3613[39m
[35m[HTTP][39m [90m{}[39m
[35m[HTTP][39m [37m<-- GET /wd/hub/session/39a16d29-0bf5-49f6-84ae-aff67bef3613 [39m[32m200[39m [90m5 ms - 1152[39m
[35m[HTTP][39m [90m[39m
[35m[HTTP][39m [37m-->[39m [37mGET[39m [37m/wd/hub/session/39a16d29-0bf5-49f6-84ae-aff67bef3613/element/11/location[39m
[35m[HTTP][39m [90m{}[39m
[35m[HTTP][39m [37m<-- GET /wd/hub/session/39a16d29-0bf5-49f6-84ae-aff67bef3613/element/11/location [39m[32m200[39m [90m674 ms - 89[39m
[35m[HTTP][39m [90m[39m
[35m[HTTP][39m [37m-->[39m [37mGET[39m [37m/wd/hub/session/39a16d29-0bf5-49f6-84ae-aff67bef3613/window/current/size[39m
[35m[HTTP][39m [90m{}[39m
[35m[HTTP][39m [37m<-- GET /wd/hub/session/39a16d29-0bf5-49f6-84ae-aff67bef3613/window/current/size [39m[32m200[39m [90m9 ms - 99[39m
[35m[HTTP][39m [90m[39m
[35m[HTTP][39m [37m-->[39m [37mPOST[39m [37m/wd/hub/session/39a16d29-0bf5-49f6-84ae-aff67bef3613/elements[39m
[35m[HTTP][39m [90m{"using":"-android uiautomator","value":"new UiSelector().description(\"pinCircleFocus\")"}[39m
[35m[HTTP][39m [37m<-- POST /wd/hub/session/39a16d29-0bf5-49f6-84ae-aff67bef3613/elements [39m[32m200[39m [90m3010 ms - 90[39m
[35m[HTTP][39m [90m[39m
[35m[HTTP][39m [37m-->[39m [37mGET[39m [37m/wd/hub/session/39a16d29-0bf5-49f6-84ae-aff67bef3613[39m
[35m[HTTP][39m [90m{}[39m
[35m[HTTP][39m [37m<-- GET /wd/hub/session/39a16d29-0bf5-49f6-84ae-aff67bef3613 [39m[32m200[39m [90m12 ms - 1152[39m
[35m[HTTP][39m [90m[39m
[35m[HTTP][39m [37m-->[39m [37mGET[39m [37m/wd/hub/session/39a16d29-0bf5-49f6-84ae-aff67bef3613[39m
[35m[HTTP][39m [90m{}[39m
[35m[HTTP][39m [37m<-- GET /wd/hub/session/39a16d29-0bf5-49f6-84ae-aff67bef3613 [39m[32m200[39m [90m6 ms - 1152[39m
[35m[HTTP][39m [90m[39m
[35m[HTTP][39m [37m-->[39m [37mGET[39m [37m/wd/hub/session/39a16d29-0bf5-49f6-84ae-aff67bef3613[39m
[35m[HTTP][39m [90m{}[39m
[35m[HTTP][39m [37m<-- GET /wd/hub/session/39a16d29-0bf5-49f6-84ae-aff67bef3613 [39m[32m200[39m [90m3 ms - 1152[39m
[35m[HTTP][39m [90m[39m
[35m[HTTP][39m [37m-->[39m [37mGET[39m [37m/wd/hub/session/39a16d29-0bf5-49f6-84ae-aff67bef3613[39m
[35m[HTTP][39m [90m{}[39m
[35m[HTTP][39m [37m<-- GET /wd/hub/session/39a16d29-0bf5-49f6-84ae-aff67bef3613 [39m[32m200[39m [90m3 ms - 1152[39m
[35m[HTTP][39m [90m[39m
[35m[HTTP][39m [37m-->[39m [37mGET[39m [37m/wd/hub/session/39a16d29-0bf5-49f6-84ae-aff67bef3613/element/12/location[39m
[35m[HTTP][39m [90m{}[39m
[35m[HTTP][39m [37m<-- GET /wd/hub/session/39a16d29-0bf5-49f6-84ae-aff67bef3613/element/12/location [39m[32m200[39m [90m458 ms - 89[39m
[35m[HTTP][39m [90m[39m
[35m[HTTP][39m [37m-->[39m [37mGET[39m [37m/wd/hub/session/39a16d29-0bf5-49f6-84ae-aff67bef3613/element/12/attribute/name[39m
[35m[HTTP][39m [90m{}[39m
[35m[HTTP][39m [37m<-- GET /wd/hub/session/39a16d29-0bf5-49f6-84ae-aff67bef3613/element/12/attribute/name [39m[32m200[39m [90m499 ms - 88[39m
[35m[HTTP][39m [90m[39m
[35m[HTTP][39m [37m-->[39m [37mGET[39m [37m/wd/hub/session/39a16d29-0bf5-49f6-84ae-aff67bef3613/window/current/size[39m
[35m[HTTP][39m [90m{}[39m
[35m[HTTP][39m [37m<-- GET /wd/hub/session/39a16d29-0bf5-49f6-84ae-aff67bef3613/window/current/size [39m[32m200[39m [90m7 ms - 99[39m
[35m[HTTP][39m [90m[39m
[35m[HTTP][39m [37m-->[39m [37mPOST[39m [37m/wd/hub/session/39a16d29-0bf5-49f6-84ae-aff67bef3613/elements[39m
[35m[HTTP][39m [90m{"using":"-android uiautomator","value":"new UiSelector().description(\"pinCircleFocus\")"}[39m
[35m[HTTP][39m [37m<-- POST /wd/hub/session/39a16d29-0bf5-49f6-84ae-aff67bef3613/elements [39m[32m200[39m [90m2649 ms - 90[39m
[35m[HTTP][39m [90m[39m
[35m[HTTP][39m [37m-->[39m [37mGET[39m [37m/wd/hub/session/39a16d29-0bf5-49f6-84ae-aff67bef3613[39m
[35m[HTTP][39m [90m{}[39m
[35m[HTTP][39m [37m<-- GET /wd/hub/session/39a16d29-0bf5-49f6-84ae-aff67bef3613 [39m[32m200[39m [90m9 ms - 1152[39m
[35m[HTTP][39m [90m[39m
[35m[HTTP][39m [37m-->[39m [37mGET[39m [37m/wd/hub/session/39a16d29-0bf5-49f6-84ae-aff67bef3613[39m
[35m[HTTP][39m [90m{}[39m
[35m[HTTP][39m [37m<-- GET /wd/hub/session/39a16d29-0bf5-49f6-84ae-aff67bef3613 [39m[32m200[39m [90m9 ms - 1152[39m
[35m[HTTP][39m [90m[39m
[35m[HTTP][39m [37m-->[39m [37mGET[39m [37m/wd/hub/session/39a16d29-0bf5-49f6-84ae-aff67bef3613[39m
[35m[HTTP][39m [90m{}[39m
[35m[HTTP][39m [37m<-- GET /wd/hub/session/39a16d29-0bf5-49f6-84ae-aff67bef3613 [39m[32m200[39m [90m11 ms - 1152[39m
[35m[HTTP][39m [90m[39m
[35m[HTTP][39m [37m-->[39m [37mGET[39m [37m/wd/hub/session/39a16d29-0bf5-49f6-84ae-aff67bef3613[39m
[35m[HTTP][39m [90m{}[39m
[35m[HTTP][39m [37m<-- GET /wd/hub/session/39a16d29-0bf5-49f6-84ae-aff67bef3613 [39m[32m200[39m [90m4 ms - 1152[39m
[35m[HTTP][39m [90m[39m
[35m[HTTP][39m [37m-->[39m [37mGET[39m [37m/wd/hub/session/39a16d29-0bf5-49f6-84ae-aff67bef3613/element/13/location[39m
[35m[HTTP][39m [90m{}[39m
[35m[HTTP][39m [37m<-- GET /wd/hub/session/39a16d29-0bf5-49f6-84ae-aff67bef3613/element/13/location [39m[32m200[39m [90m461 ms - 89[39m
[35m[HTTP][39m [90m[39m
[35m[HTTP][39m [37m-->[39m [37mPOST[39m [37m/wd/hub/session/39a16d29-0bf5-49f6-84ae-aff67bef3613/touch/perform[39m
[35m[HTTP][39m [90m{"actions":[{"action":"tap","options":{"element":"13","x":1,"y":1}}]}[39m
[35m[HTTP][39m [37m<-- POST /wd/hub/session/39a16d29-0bf5-49f6-84ae-aff67bef3613/touch/perform [39m[32m200[39m [90m1987 ms - 76[39m
[35m[HTTP][39m [90m[39m
[35m[HTTP][39m [37m-->[39m [37mGET[39m [37m/wd/hub/session/39a16d29-0bf5-49f6-84ae-aff67bef3613/window/current/size[39m
[35m[HTTP][39m [90m{}[39m
[35m[HTTP][39m [37m<-- GET /wd/hub/session/39a16d29-0bf5-49f6-84ae-aff67bef3613/window/current/size [39m[32m200[39m [90m10 ms - 99[39m
[35m[HTTP][39m [90m[39m
[35m[HTTP][39m [37m-->[39m [37mPOST[39m [37m/wd/hub/session/39a16d29-0bf5-49f6-84ae-aff67bef3613/elements[39m
[35m[HTTP][39m [90m{"using":"-android uiautomator","value":"new UiSelector().description(\"pinCircleFocus\")"}[39m
[35m[HTTP][39m [37m<-- POST /wd/hub/session/39a16d29-0bf5-49f6-84ae-aff67bef3613/elements [39m[32m200[39m [90m1950 ms - 90[39m
[35m[HTTP][39m [90m[39m
[35m[HTTP][39m [37m-->[39m [37mGET[39m [37m/wd/hub/session/39a16d29-0bf5-49f6-84ae-aff67bef3613[39m
[35m[HTTP][39m [90m{}[39m
[35m[HTTP][39m [37m<-- GET /wd/hub/session/39a16d29-0bf5-49f6-84ae-aff67bef3613 [39m[32m200[39m [90m11 ms - 1152[39m
[35m[HTTP][39m [90m[39m
[35m[HTTP][39m [37m-->[39m [37mGET[39m [37m/wd/hub/session/39a16d29-0bf5-49f6-84ae-aff67bef3613[39m
[35m[HTTP][39m [90m{}[39m
[35m[HTTP][39m [37m<-- GET /wd/hub/session/39a16d29-0bf5-49f6-84ae-aff67bef3613 [39m[32m200[39m [90m4 ms - 1152[39m
[35m[HTTP][39m [90m[39m
[35m[HTTP][39m [37m-->[39m [37mGET[39m [37m/wd/hub/session/39a16d29-0bf5-49f6-84ae-aff67bef3613[39m
[35m[HTTP][39m [90m{}[39m
[35m[HTTP][39m [37m<-- GET /wd/hub/session/39a16d29-0bf5-49f6-84ae-aff67bef3613 [39m[32m200[39m [90m4 ms - 1152[39m
[35m[HTTP][39m [90m[39m
[35m[HTTP][39m [37m-->[39m [37mGET[39m [37m/wd/hub/session/39a16d29-0bf5-49f6-84ae-aff67bef3613[39m
[35m[HTTP][39m [90m{}[39m
[35m[HTTP][39m [37m<-- GET /wd/hub/session/39a16d29-0bf5-49f6-84ae-aff67bef3613 [39m[32m200[39m [90m4 ms - 1152[39m
[35m[HTTP][39m [90m[39m
[35m[HTTP][39m [37m-->[39m [37mGET[39m [37m/wd/hub/session/39a16d29-0bf5-49f6-84ae-aff67bef3613/element/14/location[39m
[35m[HTTP][39m [90m{}[39m
[35m[HTTP][39m [37m<-- GET /wd/hub/session/39a16d29-0bf5-49f6-84ae-aff67bef3613/element/14/location [39m[32m200[39m [90m476 ms - 89[39m
[35m[HTTP][39m [90m[39m
[35m[HTTP][39m [37m-->[39m [37mPOST[39m [37m/wd/hub/session/39a16d29-0bf5-49f6-84ae-aff67bef3613/element/14/clear[39m
[35m[HTTP][39m [90m{"id":"14"}[39m
[35m[HTTP][39m [37m<-- POST /wd/hub/session/39a16d29-0bf5-49f6-84ae-aff67bef3613/element/14/clear [39m[32m200[39m [90m7231 ms - 76[39m
[35m[HTTP][39m [90m[39m
[35m[HTTP][39m [37m-->[39m [37mPOST[39m [37m/wd/hub/session/39a16d29-0bf5-49f6-84ae-aff67bef3613/element/14/value[39m
[35m[HTTP][39m [90m{"id":"14","value":["123456"]}[39m
[35m[HTTP][39m [37m<-- POST /wd/hub/session/39a16d29-0bf5-49f6-84ae-aff67bef3613/element/14/value [39m[32m200[39m [90m11626 ms - 76[39m
[35m[HTTP][39m [90m[39m
[35m[HTTP][39m [37m-->[39m [37mGET[39m [37m/wd/hub/session/39a16d29-0bf5-49f6-84ae-aff67bef3613/window/current/size[39m
[35m[HTTP][39m [90m{}[39m
[35m[HTTP][39m [37m<-- GET /wd/hub/session/39a16d29-0bf5-49f6-84ae-aff67bef3613/window/current/size [39m[32m200[39m [90m14 ms - 99[39m
[35m[HTTP][39m [90m[39m
[35m[HTTP][39m [37m-->[39m [37mPOST[39m [37m/wd/hub/session/39a16d29-0bf5-49f6-84ae-aff67bef3613/elements[39m
[35m[HTTP][39m [90m{"using":"-android uiautomator","value":"new UiSelector().description(\"headerBar_button_hamburgerMenu\")"}[39m
[35m[HTTP][39m [37m<-- POST /wd/hub/session/39a16d29-0bf5-49f6-84ae-aff67bef3613/elements [39m[32m200[39m [90m2744 ms - 90[39m
[35m[HTTP][39m [90m[39m
[35m[HTTP][39m [37m-->[39m [37mGET[39m [37m/wd/hub/session/39a16d29-0bf5-49f6-84ae-aff67bef3613[39m
[35m[HTTP][39m [90m{}[39m
[35m[HTTP][39m [37m<-- GET /wd/hub/session/39a16d29-0bf5-49f6-84ae-aff67bef3613 [39m[32m200[39m [90m8 ms - 1152[39m
[35m[HTTP][39m [90m[39m
[35m[HTTP][39m [37m-->[39m [37mGET[39m [37m/wd/hub/session/39a16d29-0bf5-49f6-84ae-aff67bef3613[39m
[35m[HTTP][39m [90m{}[39m
[35m[HTTP][39m [37m<-- GET /wd/hub/session/39a16d29-0bf5-49f6-84ae-aff67bef3613 [39m[32m200[39m [90m8 ms - 1152[39m
[35m[HTTP][39m [90m[39m
[35m[HTTP][39m [37m-->[39m [37mGET[39m [37m/wd/hub/session/39a16d29-0bf5-49f6-84ae-aff67bef3613[39m
[35m[HTTP][39m [90m{}[39m
[35m[HTTP][39m [37m<-- GET /wd/hub/session/39a16d29-0bf5-49f6-84ae-aff67bef3613 [39m[32m200[39m [90m5 ms - 1152[39m
[35m[HTTP][39m [90m[39m
[35m[HTTP][39m [37m-->[39m [37mGET[39m [37m/wd/hub/session/39a16d29-0bf5-49f6-84ae-aff67bef3613[39m
[35m[HTTP][39m [90m{}[39m
[35m[HTTP][39m [37m<-- GET /wd/hub/session/39a16d29-0bf5-49f6-84ae-aff67bef3613 [39m[32m200[39m [90m2 ms - 1152[39m
[35m[HTTP][39m [90m[39m
[35m[HTTP][39m [37m-->[39m [37mGET[39m [37m/wd/hub/session/39a16d29-0bf5-49f6-84ae-aff67bef3613/element/15/location[39m
[35m[HTTP][39m [90m{}[39m
[35m[HTTP][39m [37m<-- GET /wd/hub/session/39a16d29-0bf5-49f6-84ae-aff67bef3613/element/15/location [39m[32m200[39m [90m486 ms - 87[39m
[35m[HTTP][39m [90m[39m
[35m[HTTP][39m [37m-->[39m [37mGET[39m [37m/wd/hub/session/39a16d29-0bf5-49f6-84ae-aff67bef3613/window/current/size[39m
[35m[HTTP][39m [90m{}[39m
[35m[HTTP][39m [37m<-- GET /wd/hub/session/39a16d29-0bf5-49f6-84ae-aff67bef3613/window/current/size [39m[32m200[39m [90m8 ms - 99[39m
[35m[HTTP][39m [90m[39m
[35m[HTTP][39m [37m-->[39m [37mPOST[39m [37m/wd/hub/session/39a16d29-0bf5-49f6-84ae-aff67bef3613/elements[39m
[35m[HTTP][39m [90m{"using":"-android uiautomator","value":"new UiSelector().description(\"headerBar_button_hamburgerMenu\")"}[39m
[35m[HTTP][39m [37m<-- POST /wd/hub/session/39a16d29-0bf5-49f6-84ae-aff67bef3613/elements [39m[32m200[39m [90m2332 ms - 90[39m
[35m[HTTP][39m [90m[39m
[35m[HTTP][39m [37m-->[39m [37mGET[39m [37m/wd/hub/session/39a16d29-0bf5-49f6-84ae-aff67bef3613[39m
[35m[HTTP][39m [90m{}[39m
[35m[HTTP][39m [37m<-- GET /wd/hub/session/39a16d29-0bf5-49f6-84ae-aff67bef3613 [39m[32m200[39m [90m10 ms - 1152[39m
[35m[HTTP][39m [90m[39m
[35m[HTTP][39m [37m-->[39m [37mGET[39m [37m/wd/hub/session/39a16d29-0bf5-49f6-84ae-aff67bef3613[39m
[35m[HTTP][39m [90m{}[39m
[35m[HTTP][39m [37m<-- GET /wd/hub/session/39a16d29-0bf5-49f6-84ae-aff67bef3613 [39m[32m200[39m [90m8 ms - 1152[39m
[35m[HTTP][39m [90m[39m
[35m[HTTP][39m [37m-->[39m [37mGET[39m [37m/wd/hub/session/39a16d29-0bf5-49f6-84ae-aff67bef3613[39m
[35m[HTTP][39m [90m{}[39m
[35m[HTTP][39m [37m<-- GET /wd/hub/session/39a16d29-0bf5-49f6-84ae-aff67bef3613 [39m[32m200[39m [90m6 ms - 1152[39m
[35m[HTTP][39m [90m[39m
[35m[HTTP][39m [37m-->[39m [37mGET[39m [37m/wd/hub/session/39a16d29-0bf5-49f6-84ae-aff67bef3613[39m
[35m[HTTP][39m [90m{}[39m
[35m[HTTP][39m [37m<-- GET /wd/hub/session/39a16d29-0bf5-49f6-84ae-aff67bef3613 [39m[32m200[39m [90m5 ms - 1152[39m
[35m[HTTP][39m [90m[39m
[35m[HTTP][39m [37m-->[39m [37mGET[39m [37m/wd/hub/session/39a16d29-0bf5-49f6-84ae-aff67bef3613/element/16/location[39m
[35m[HTTP][39m [90m{}[39m
[35m[HTTP][39m [37m<-- GET /wd/hub/session/39a16d29-0bf5-49f6-84ae-aff67bef3613/element/16/location [39m[32m200[39m [90m1051 ms - 87[39m
[35m[HTTP][39m [90m[39m
[35m[HTTP][39m [37m-->[39m [37mGET[39m [37m/wd/hub/session/39a16d29-0bf5-49f6-84ae-aff67bef3613/element/16/attribute/name[39m
[35m[HTTP][39m [90m{}[39m
[35m[HTTP][39m [37m<-- GET /wd/hub/session/39a16d29-0bf5-49f6-84ae-aff67bef3613/element/16/attribute/name [39m[32m200[39m [90m950 ms - 104[39m
[35m[HTTP][39m [90m[39m
[35m[HTTP][39m [37m-->[39m [37mGET[39m [37m/wd/hub/session/39a16d29-0bf5-49f6-84ae-aff67bef3613/window/current/size[39m
[35m[HTTP][39m [90m{}[39m
[35m[HTTP][39m [37m<-- GET /wd/hub/session/39a16d29-0bf5-49f6-84ae-aff67bef3613/window/current/size [39m[32m200[39m [90m12 ms - 99[39m
[35m[HTTP][39m [90m[39m
[35m[HTTP][39m [37m-->[39m [37mPOST[39m [37m/wd/hub/session/39a16d29-0bf5-49f6-84ae-aff67bef3613/elements[39m
[35m[HTTP][39m [90m{"using":"-android uiautomator","value":"new UiSelector().description(\"headerBar_button_hamburgerMenu\")"}[39m
[35m[HTTP][39m [37m<-- POST /wd/hub/session/39a16d29-0bf5-49f6-84ae-aff67bef3613/elements [39m[32m200[39m [90m2984 ms - 90[39m
[35m[HTTP][39m [90m[39m
[35m[HTTP][39m [37m-->[39m [37mGET[39m [37m/wd/hub/session/39a16d29-0bf5-49f6-84ae-aff67bef3613[39m
[35m[HTTP][39m [90m{}[39m
[35m[HTTP][39m [37m<-- GET /wd/hub/session/39a16d29-0bf5-49f6-84ae-aff67bef3613 [39m[32m200[39m [90m8 ms - 1152[39m
[35m[HTTP][39m [90m[39m
[35m[HTTP][39m [37m-->[39m [37mGET[39m [37m/wd/hub/session/39a16d29-0bf5-49f6-84ae-aff67bef3613[39m
[35m[HTTP][39m [90m{}[39m
[35m[HTTP][39m [37m<-- GET /wd/hub/session/39a16d29-0bf5-49f6-84ae-aff67bef3613 [39m[32m200[39m [90m11 ms - 1152[39m
[35m[HTTP][39m [90m[39m
[35m[HTTP][39m [37m-->[39m [37mGET[39m [37m/wd/hub/session/39a16d29-0bf5-49f6-84ae-aff67bef3613[39m
[35m[HTTP][39m [90m{}[39m
[35m[HTTP][39m [37m<-- GET /wd/hub/session/39a16d29-0bf5-49f6-84ae-aff67bef3613 [39m[32m200[39m [90m6 ms - 1152[39m
[35m[HTTP][39m [90m[39m
[35m[HTTP][39m [37m-->[39m [37mGET[39m [37m/wd/hub/session/39a16d29-0bf5-49f6-84ae-aff67bef3613[39m
[35m[HTTP][39m [90m{}[39m
[35m[HTTP][39m [37m<-- GET /wd/hub/session/39a16d29-0bf5-49f6-84ae-aff67bef3613 [39m[32m200[39m [90m3 ms - 1152[39m
[35m[HTTP][39m [90m[39m
[35m[HTTP][39m [37m-->[39m [37mGET[39m [37m/wd/hub/session/39a16d29-0bf5-49f6-84ae-aff67bef3613/element/17/location[39m
[35m[HTTP][39m [90m{}[39m
[35m[HTTP][39m [37m<-- GET /wd/hub/session/39a16d29-0bf5-49f6-84ae-aff67bef3613/element/17/location [39m[32m200[39m [90m474 ms - 87[39m
[35m[HTTP][39m [90m[39m
[35m[HTTP][39m [37m-->[39m [37mPOST[39m [37m/wd/hub/session/39a16d29-0bf5-49f6-84ae-aff67bef3613/touch/perform[39m
[35m[HTTP][39m [90m{"actions":[{"action":"tap","options":{"element":"17","x":1,"y":1}}]}[39m
[35m[HTTP][39m [37m<-- POST /wd/hub/session/39a16d29-0bf5-49f6-84ae-aff67bef3613/touch/perform [39m[32m200[39m [90m2519 ms - 76[39m
[35m[HTTP][39m [90m[39m
[35m[HTTP][39m [37m-->[39m [37mGET[39m [37m/wd/hub/session/39a16d29-0bf5-49f6-84ae-aff67bef3613/window/current/size[39m
[35m[HTTP][39m [90m{}[39m
[35m[HTTP][39m [37m<-- GET /wd/hub/session/39a16d29-0bf5-49f6-84ae-aff67bef3613/window/current/size [39m[32m200[39m [90m13 ms - 99[39m
[35m[HTTP][39m [90m[39m
[35m[HTTP][39m [37m-->[39m [37mPOST[39m [37m/wd/hub/session/39a16d29-0bf5-49f6-84ae-aff67bef3613/elements[39m
[35m[HTTP][39m [90m{"using":"-android uiautomator","value":"new UiSelector().description(\"aturTokoMenuItem\")"}[39m
[35m[HTTP][39m [37m<-- POST /wd/hub/session/39a16d29-0bf5-49f6-84ae-aff67bef3613/elements [39m[32m200[39m [90m5452 ms - 107[39m
[35m[HTTP][39m [90m[39m
[35m[HTTP][39m [37m-->[39m [37mGET[39m [37m/wd/hub/session/39a16d29-0bf5-49f6-84ae-aff67bef3613[39m
[35m[HTTP][39m [90m{}[39m
[35m[HTTP][39m [37m<-- GET /wd/hub/session/39a16d29-0bf5-49f6-84ae-aff67bef3613 [39m[32m200[39m [90m8 ms - 1152[39m
[35m[HTTP][39m [90m[39m
[35m[HTTP][39m [37m-->[39m [37mGET[39m [37m/wd/hub/session/39a16d29-0bf5-49f6-84ae-aff67bef3613[39m
[35m[HTTP][39m [90m{}[39m
[35m[HTTP][39m [37m<-- GET /wd/hub/session/39a16d29-0bf5-49f6-84ae-aff67bef3613 [39m[32m200[39m [90m8 ms - 1152[39m
[35m[HTTP][39m [90m[39m
[35m[HTTP][39m [37m-->[39m [37mGET[39m [37m/wd/hub/session/39a16d29-0bf5-49f6-84ae-aff67bef3613[39m
[35m[HTTP][39m [90m{}[39m
[35m[HTTP][39m [37m<-- GET /wd/hub/session/39a16d29-0bf5-49f6-84ae-aff67bef3613 [39m[32m200[39m [90m9 ms - 1152[39m
[35m[HTTP][39m [90m[39m
[35m[HTTP][39m [37m-->[39m [37mGET[39m [37m/wd/hub/session/39a16d29-0bf5-49f6-84ae-aff67bef3613[39m
[35m[HTTP][39m [90m{}[39m
[35m[HTTP][39m [37m<-- GET /wd/hub/session/39a16d29-0bf5-49f6-84ae-aff67bef3613 [39m[32m200[39m [90m7 ms - 1152[39m
[35m[HTTP][39m [90m[39m
[35m[HTTP][39m [37m-->[39m [37mGET[39m [37m/wd/hub/session/39a16d29-0bf5-49f6-84ae-aff67bef3613[39m
[35m[HTTP][39m [90m{}[39m
[35m[HTTP][39m [37m<-- GET /wd/hub/session/39a16d29-0bf5-49f6-84ae-aff67bef3613 [39m[32m200[39m [90m7 ms - 1152[39m
[35m[HTTP][39m [90m[39m
[35m[HTTP][39m [37m-->[39m [37mGET[39m [37m/wd/hub/session/39a16d29-0bf5-49f6-84ae-aff67bef3613[39m
[35m[HTTP][39m [90m{}[39m
[35m[HTTP][39m [37m<-- GET /wd/hub/session/39a16d29-0bf5-49f6-84ae-aff67bef3613 [39m[32m200[39m [90m10 ms - 1152[39m
[35m[HTTP][39m [90m[39m
[35m[HTTP][39m [37m-->[39m [37mGET[39m [37m/wd/hub/session/39a16d29-0bf5-49f6-84ae-aff67bef3613[39m
[35m[HTTP][39m [90m{}[39m
[35m[HTTP][39m [37m<-- GET /wd/hub/session/39a16d29-0bf5-49f6-84ae-aff67bef3613 [39m[32m200[39m [90m7 ms - 1152[39m
[35m[HTTP][39m [90m[39m
[35m[HTTP][39m [37m-->[39m [37mGET[39m [37m/wd/hub/session/39a16d29-0bf5-49f6-84ae-aff67bef3613[39m
[35m[HTTP][39m [90m{}[39m
[35m[HTTP][39m [37m<-- GET /wd/hub/session/39a16d29-0bf5-49f6-84ae-aff67bef3613 [39m[32m200[39m [90m8 ms - 1152[39m
[35m[HTTP][39m [90m[39m
[35m[HTTP][39m [37m-->[39m [37mGET[39m [37m/wd/hub/session/39a16d29-0bf5-49f6-84ae-aff67bef3613/element/18/location[39m
[35m[HTTP][39m [90m{}[39m
[35m[HTTP][39m [37m<-- GET /wd/hub/session/39a16d29-0bf5-49f6-84ae-aff67bef3613/element/18/location [39m[32m200[39m [90m999 ms - 87[39m
[35m[HTTP][39m [90m[39m
[35m[HTTP][39m [37m-->[39m [37mGET[39m [37m/wd/hub/session/39a16d29-0bf5-49f6-84ae-aff67bef3613/element/18/attribute/name[39m
[35m[HTTP][39m [90m{}[39m
[35m[HTTP][39m [37m<-- GET /wd/hub/session/39a16d29-0bf5-49f6-84ae-aff67bef3613/element/18/attribute/name [39m[32m200[39m [90m1281 ms - 90[39m
[35m[HTTP][39m [90m[39m
[35m[HTTP][39m [37m-->[39m [37mGET[39m [37m/wd/hub/session/39a16d29-0bf5-49f6-84ae-aff67bef3613/window/current/size[39m
[35m[HTTP][39m [90m{}[39m
[35m[HTTP][39m [37m<-- GET /wd/hub/session/39a16d29-0bf5-49f6-84ae-aff67bef3613/window/current/size [39m[32m200[39m [90m19 ms - 99[39m
[35m[HTTP][39m [90m[39m
[35m[HTTP][39m [37m-->[39m [37mPOST[39m [37m/wd/hub/session/39a16d29-0bf5-49f6-84ae-aff67bef3613/elements[39m
[35m[HTTP][39m [90m{"using":"-android uiautomator","value":"new UiSelector().description(\"aturTokoMenuItem\")"}[39m
[35m[HTTP][39m [37m<-- POST /wd/hub/session/39a16d29-0bf5-49f6-84ae-aff67bef3613/elements [39m[32m200[39m [90m6875 ms - 107[39m
[35m[HTTP][39m [90m[39m
[35m[HTTP][39m [37m-->[39m [37mGET[39m [37m/wd/hub/session/39a16d29-0bf5-49f6-84ae-aff67bef3613[39m
[35m[HTTP][39m [90m{}[39m
[35m[HTTP][39m [37m<-- GET /wd/hub/session/39a16d29-0bf5-49f6-84ae-aff67bef3613 [39m[32m200[39m [90m10 ms - 1152[39m
[35m[HTTP][39m [90m[39m
[35m[HTTP][39m [37m-->[39m [37mGET[39m [37m/wd/hub/session/39a16d29-0bf5-49f6-84ae-aff67bef3613[39m
[35m[HTTP][39m [90m{}[39m
[35m[HTTP][39m [37m<-- GET /wd/hub/session/39a16d29-0bf5-49f6-84ae-aff67bef3613 [39m[32m200[39m [90m9 ms - 1152[39m
[35m[HTTP][39m [90m[39m
[35m[HTTP][39m [37m-->[39m [37mGET[39m [37m/wd/hub/session/39a16d29-0bf5-49f6-84ae-aff67bef3613[39m
[35m[HTTP][39m [90m{}[39m
[35m[HTTP][39m [37m<-- GET /wd/hub/session/39a16d29-0bf5-49f6-84ae-aff67bef3613 [39m[32m200[39m [90m5 ms - 1152[39m
[35m[HTTP][39m [90m[39m
[35m[HTTP][39m [37m-->[39m [37mGET[39m [37m/wd/hub/session/39a16d29-0bf5-49f6-84ae-aff67bef3613[39m
[35m[HTTP][39m [90m{}[39m
[35m[HTTP][39m [37m<-- GET /wd/hub/session/39a16d29-0bf5-49f6-84ae-aff67bef3613 [39m[32m200[39m [90m4 ms - 1152[39m
[35m[HTTP][39m [90m[39m
[35m[HTTP][39m [37m-->[39m [37mGET[39m [37m/wd/hub/session/39a16d29-0bf5-49f6-84ae-aff67bef3613[39m
[35m[HTTP][39m [90m{}[39m
[35m[HTTP][39m [37m<-- GET /wd/hub/session/39a16d29-0bf5-49f6-84ae-aff67bef3613 [39m[32m200[39m [90m3 ms - 1152[39m
[35m[HTTP][39m [90m[39m
[35m[HTTP][39m [37m-->[39m [37mGET[39m [37m/wd/hub/session/39a16d29-0bf5-49f6-84ae-aff67bef3613[39m
[35m[HTTP][39m [90m{}[39m
[35m[HTTP][39m [37m<-- GET /wd/hub/session/39a16d29-0bf5-49f6-84ae-aff67bef3613 [39m[32m200[39m [90m2 ms - 1152[39m
[35m[HTTP][39m [90m[39m
[35m[HTTP][39m [37m-->[39m [37mGET[39m [37m/wd/hub/session/39a16d29-0bf5-49f6-84ae-aff67bef3613[39m
[35m[HTTP][39m [90m{}[39m
[35m[HTTP][39m [37m<-- GET /wd/hub/session/39a16d29-0bf5-49f6-84ae-aff67bef3613 [39m[32m200[39m [90m2 ms - 1152[39m
[35m[HTTP][39m [90m[39m
[35m[HTTP][39m [37m-->[39m [37mGET[39m [37m/wd/hub/session/39a16d29-0bf5-49f6-84ae-aff67bef3613[39m
[35m[HTTP][39m [90m{}[39m
[35m[HTTP][39m [37m<-- GET /wd/hub/session/39a16d29-0bf5-49f6-84ae-aff67bef3613 [39m[32m200[39m [90m2 ms - 1152[39m
[35m[HTTP][39m [90m[39m
[35m[HTTP][39m [37m-->[39m [37mGET[39m [37m/wd/hub/session/39a16d29-0bf5-49f6-84ae-aff67bef3613/element/20/location[39m
[35m[HTTP][39m [90m{}[39m
[35m[HTTP][39m [37m<-- GET /wd/hub/session/39a16d29-0bf5-49f6-84ae-aff67bef3613/element/20/location [39m[32m200[39m [90m1014 ms - 87[39m
[35m[HTTP][39m [90m[39m
[35m[HTTP][39m [37m-->[39m [37mPOST[39m [37m/wd/hub/session/39a16d29-0bf5-49f6-84ae-aff67bef3613/touch/perform[39m
[35m[HTTP][39m [90m{"actions":[{"action":"tap","options":{"element":"20","x":1,"y":1}}]}[39m
[35m[HTTP][39m [37m<-- POST /wd/hub/session/39a16d29-0bf5-49f6-84ae-aff67bef3613/touch/perform [39m[32m200[39m [90m2198 ms - 76[39m
[35m[HTTP][39m [90m[39m
[35m[HTTP][39m [37m-->[39m [37mGET[39m [37m/wd/hub/session/39a16d29-0bf5-49f6-84ae-aff67bef3613/window/current/size[39m
[35m[HTTP][39m [90m{}[39m
[35m[HTTP][39m [37m<-- GET /wd/hub/session/39a16d29-0bf5-49f6-84ae-aff67bef3613/window/current/size [39m[32m200[39m [90m13 ms - 99[39m
[35m[HTTP][39m [90m[39m
[35m[HTTP][39m [37m-->[39m [37mPOST[39m [37m/wd/hub/session/39a16d29-0bf5-49f6-84ae-aff67bef3613/elements[39m
[35m[HTTP][39m [90m{"using":"-android uiautomator","value":"new UiSelector().description(\"tokoListScreen_button_edc\")"}[39m
[35m[HTTP][39m [37m<-- POST /wd/hub/session/39a16d29-0bf5-49f6-84ae-aff67bef3613/elements [39m[32m200[39m [90m3417 ms - 90[39m
[35m[HTTP][39m [90m[39m
[35m[HTTP][39m [37m-->[39m [37mGET[39m [37m/wd/hub/session/39a16d29-0bf5-49f6-84ae-aff67bef3613[39m
[35m[HTTP][39m [90m{}[39m
[35m[HTTP][39m [37m<-- GET /wd/hub/session/39a16d29-0bf5-49f6-84ae-aff67bef3613 [39m[32m200[39m [90m7 ms - 1152[39m
[35m[HTTP][39m [90m[39m
[35m[HTTP][39m [37m-->[39m [37mGET[39m [37m/wd/hub/session/39a16d29-0bf5-49f6-84ae-aff67bef3613[39m
[35m[HTTP][39m [90m{}[39m
[35m[HTTP][39m [37m<-- GET /wd/hub/session/39a16d29-0bf5-49f6-84ae-aff67bef3613 [39m[32m200[39m [90m5 ms - 1152[39m
[35m[HTTP][39m [90m[39m
[35m[HTTP][39m [37m-->[39m [37mGET[39m [37m/wd/hub/session/39a16d29-0bf5-49f6-84ae-aff67bef3613[39m
[35m[HTTP][39m [90m{}[39m
[35m[HTTP][39m [37m<-- GET /wd/hub/session/39a16d29-0bf5-49f6-84ae-aff67bef3613 [39m[32m200[39m [90m6 ms - 1152[39m
[35m[HTTP][39m [90m[39m
[35m[HTTP][39m [37m-->[39m [37mGET[39m [37m/wd/hub/session/39a16d29-0bf5-49f6-84ae-aff67bef3613[39m
[35m[HTTP][39m [90m{}[39m
[35m[HTTP][39m [37m<-- GET /wd/hub/session/39a16d29-0bf5-49f6-84ae-aff67bef3613 [39m[32m200[39m [90m4 ms - 1152[39m
[35m[HTTP][39m [90m[39m
[35m[HTTP][39m [37m-->[39m [37mGET[39m [37m/wd/hub/session/39a16d29-0bf5-49f6-84ae-aff67bef3613/element/22/location[39m
[35m[HTTP][39m [90m{}[39m
[35m[HTTP][39m [37m<-- GET /wd/hub/session/39a16d29-0bf5-49f6-84ae-aff67bef3613/element/22/location [39m[32m200[39m [90m441 ms - 87[39m
[35m[HTTP][39m [90m[39m
[35m[HTTP][39m [37m-->[39m [37mGET[39m [37m/wd/hub/session/39a16d29-0bf5-49f6-84ae-aff67bef3613/element/22/displayed[39m
[35m[HTTP][39m [90m{}[39m
[35m[HTTP][39m [37m<-- GET /wd/hub/session/39a16d29-0bf5-49f6-84ae-aff67bef3613/element/22/displayed [39m[32m200[39m [90m546 ms - 76[39m
[35m[HTTP][39m [90m[39m
[35m[HTTP][39m [37m-->[39m [37mGET[39m [37m/wd/hub/session/39a16d29-0bf5-49f6-84ae-aff67bef3613/window/current/size[39m
[35m[HTTP][39m [90m{}[39m
[35m[HTTP][39m [37m<-- GET /wd/hub/session/39a16d29-0bf5-49f6-84ae-aff67bef3613/window/current/size [39m[32m200[39m [90m12 ms - 99[39m
[35m[HTTP][39m [90m[39m
[35m[HTTP][39m [37m-->[39m [37mPOST[39m [37m/wd/hub/session/39a16d29-0bf5-49f6-84ae-aff67bef3613/elements[39m
[35m[HTTP][39m [90m{"using":"-android uiautomator","value":"new UiSelector().description(\"tokoListScreen_button_edc\")"}[39m
[35m[HTTP][39m [37m<-- POST /wd/hub/session/39a16d29-0bf5-49f6-84ae-aff67bef3613/elements [39m[32m200[39m [90m3419 ms - 90[39m
[35m[HTTP][39m [90m[39m
[35m[HTTP][39m [37m-->[39m [37mGET[39m [37m/wd/hub/session/39a16d29-0bf5-49f6-84ae-aff67bef3613[39m
[35m[HTTP][39m [90m{}[39m
[35m[HTTP][39m [37m<-- GET /wd/hub/session/39a16d29-0bf5-49f6-84ae-aff67bef3613 [39m[32m200[39m [90m10 ms - 1152[39m
[35m[HTTP][39m [90m[39m
[35m[HTTP][39m [37m-->[39m [37mGET[39m [37m/wd/hub/session/39a16d29-0bf5-49f6-84ae-aff67bef3613[39m
[35m[HTTP][39m [90m{}[39m
[35m[HTTP][39m [37m<-- GET /wd/hub/session/39a16d29-0bf5-49f6-84ae-aff67bef3613 [39m[32m200[39m [90m7 ms - 1152[39m
[35m[HTTP][39m [90m[39m
[35m[HTTP][39m [37m-->[39m [37mGET[39m [37m/wd/hub/session/39a16d29-0bf5-49f6-84ae-aff67bef3613[39m
[35m[HTTP][39m [90m{}[39m
[35m[HTTP][39m [37m<-- GET /wd/hub/session/39a16d29-0bf5-49f6-84ae-aff67bef3613 [39m[32m200[39m [90m4 ms - 1152[39m
[35m[HTTP][39m [90m[39m
[35m[HTTP][39m [37m-->[39m [37mGET[39m [37m/wd/hub/session/39a16d29-0bf5-49f6-84ae-aff67bef3613[39m
[35m[HTTP][39m [90m{}[39m
[35m[HTTP][39m [37m<-- GET /wd/hub/session/39a16d29-0bf5-49f6-84ae-aff67bef3613 [39m[32m200[39m [90m5 ms - 1152[39m
[35m[HTTP][39m [90m[39m
[35m[HTTP][39m [37m-->[39m [37mGET[39m [37m/wd/hub/session/39a16d29-0bf5-49f6-84ae-aff67bef3613/element/23/location[39m
[35m[HTTP][39m [90m{}[39m
[35m[HTTP][39m [37m<-- GET /wd/hub/session/39a16d29-0bf5-49f6-84ae-aff67bef3613/element/23/location [39m[32m200[39m [90m454 ms - 87[39m
[35m[HTTP][39m [90m[39m
[35m[HTTP][39m [37m-->[39m [37mGET[39m [37m/wd/hub/session/39a16d29-0bf5-49f6-84ae-aff67bef3613/element/23/attribute/name[39m
[35m[HTTP][39m [90m{}[39m
[35m[HTTP][39m [37m<-- GET /wd/hub/session/39a16d29-0bf5-49f6-84ae-aff67bef3613/element/23/attribute/name [39m[32m200[39m [90m1381 ms - 99[39m
[35m[HTTP][39m [90m[39m
[35m[HTTP][39m [37m-->[39m [37mGET[39m [37m/wd/hub/session/39a16d29-0bf5-49f6-84ae-aff67bef3613/window/current/size[39m
[35m[HTTP][39m [90m{}[39m
[35m[HTTP][39m [37m<-- GET /wd/hub/session/39a16d29-0bf5-49f6-84ae-aff67bef3613/window/current/size [39m[32m200[39m [90m16 ms - 99[39m
[35m[HTTP][39m [90m[39m
[35m[HTTP][39m [37m-->[39m [37mPOST[39m [37m/wd/hub/session/39a16d29-0bf5-49f6-84ae-aff67bef3613/elements[39m
[35m[HTTP][39m [90m{"using":"-android uiautomator","value":"new UiSelector().description(\"tokoListScreen_button_printer\")"}[39m
[35m[HTTP][39m [37m<-- POST /wd/hub/session/39a16d29-0bf5-49f6-84ae-aff67bef3613/elements [39m[32m200[39m [90m1586 ms - 90[39m
[35m[HTTP][39m [90m[39m
[35m[HTTP][39m [37m-->[39m [37mGET[39m [37m/wd/hub/session/39a16d29-0bf5-49f6-84ae-aff67bef3613[39m
[35m[HTTP][39m [90m{}[39m
[35m[HTTP][39m [37m<-- GET /wd/hub/session/39a16d29-0bf5-49f6-84ae-aff67bef3613 [39m[32m200[39m [90m7 ms - 1152[39m
[35m[HTTP][39m [90m[39m
[35m[HTTP][39m [37m-->[39m [37mGET[39m [37m/wd/hub/session/39a16d29-0bf5-49f6-84ae-aff67bef3613[39m
[35m[HTTP][39m [90m{}[39m
[35m[HTTP][39m [37m<-- GET /wd/hub/session/39a16d29-0bf5-49f6-84ae-aff67bef3613 [39m[32m200[39m [90m10 ms - 1152[39m
[35m[HTTP][39m [90m[39m
[35m[HTTP][39m [37m-->[39m [37mGET[39m [37m/wd/hub/session/39a16d29-0bf5-49f6-84ae-aff67bef3613[39m
[35m[HTTP][39m [90m{}[39m
[35m[HTTP][39m [37m<-- GET /wd/hub/session/39a16d29-0bf5-49f6-84ae-aff67bef3613 [39m[32m200[39m [90m6 ms - 1152[39m
[35m[HTTP][39m [90m[39m
[35m[HTTP][39m [37m-->[39m [37mGET[39m [37m/wd/hub/session/39a16d29-0bf5-49f6-84ae-aff67bef3613[39m
[35m[HTTP][39m [90m{}[39m
[35m[HTTP][39m [37m<-- GET /wd/hub/session/39a16d29-0bf5-49f6-84ae-aff67bef3613 [39m[32m200[39m [90m4 ms - 1152[39m
[35m[HTTP][39m [90m[39m
[35m[HTTP][39m [37m-->[39m [37mGET[39m [37m/wd/hub/session/39a16d29-0bf5-49f6-84ae-aff67bef3613/element/24/location[39m
[35m[HTTP][39m [90m{}[39m
[35m[HTTP][39m [37m<-- GET /wd/hub/session/39a16d29-0bf5-49f6-84ae-aff67bef3613/element/24/location [39m[32m200[39m [90m1353 ms - 87[39m
[35m[HTTP][39m [90m[39m
[35m[HTTP][39m [37m-->[39m [37mGET[39m [37m/wd/hub/session/39a16d29-0bf5-49f6-84ae-aff67bef3613/element/24/displayed[39m
[35m[HTTP][39m [90m{}[39m
[35m[HTTP][39m [37m<-- GET /wd/hub/session/39a16d29-0bf5-49f6-84ae-aff67bef3613/element/24/displayed [39m[32m200[39m [90m1185 ms - 76[39m
[35m[HTTP][39m [90m[39m
[35m[HTTP][39m [37m-->[39m [37mGET[39m [37m/wd/hub/session/39a16d29-0bf5-49f6-84ae-aff67bef3613/window/current/size[39m
[35m[HTTP][39m [90m{}[39m
[35m[HTTP][39m [37m<-- GET /wd/hub/session/39a16d29-0bf5-49f6-84ae-aff67bef3613/window/current/size [39m[32m200[39m [90m10 ms - 99[39m
[35m[HTTP][39m [90m[39m
[35m[HTTP][39m [37m-->[39m [37mPOST[39m [37m/wd/hub/session/39a16d29-0bf5-49f6-84ae-aff67bef3613/elements[39m
[35m[HTTP][39m [90m{"using":"-android uiautomator","value":"new UiSelector().description(\"tokoListScreen_button_printer\")"}[39m
[35m[HTTP][39m [37m<-- POST /wd/hub/session/39a16d29-0bf5-49f6-84ae-aff67bef3613/elements [39m[32m200[39m [90m1508 ms - 90[39m
[35m[HTTP][39m [90m[39m
[35m[HTTP][39m [37m-->[39m [37mGET[39m [37m/wd/hub/session/39a16d29-0bf5-49f6-84ae-aff67bef3613[39m
[35m[HTTP][39m [90m{}[39m
[35m[HTTP][39m [37m<-- GET /wd/hub/session/39a16d29-0bf5-49f6-84ae-aff67bef3613 [39m[32m200[39m [90m5 ms - 1152[39m
[35m[HTTP][39m [90m[39m
[35m[HTTP][39m [37m-->[39m [37mGET[39m [37m/wd/hub/session/39a16d29-0bf5-49f6-84ae-aff67bef3613[39m
[35m[HTTP][39m [90m{}[39m
[35m[HTTP][39m [37m<-- GET /wd/hub/session/39a16d29-0bf5-49f6-84ae-aff67bef3613 [39m[32m200[39m [90m7 ms - 1152[39m
[35m[HTTP][39m [90m[39m
[35m[HTTP][39m [37m-->[39m [37mGET[39m [37m/wd/hub/session/39a16d29-0bf5-49f6-84ae-aff67bef3613[39m
[35m[HTTP][39m [90m{}[39m
[35m[HTTP][39m [37m<-- GET /wd/hub/session/39a16d29-0bf5-49f6-84ae-aff67bef3613 [39m[32m200[39m [90m4 ms - 1152[39m
[35m[HTTP][39m [90m[39m
[35m[HTTP][39m [37m-->[39m [37mGET[39m [37m/wd/hub/session/39a16d29-0bf5-49f6-84ae-aff67bef3613[39m
[35m[HTTP][39m [90m{}[39m
[35m[HTTP][39m [37m<-- GET /wd/hub/session/39a16d29-0bf5-49f6-84ae-aff67bef3613 [39m[32m200[39m [90m4 ms - 1152[39m
[35m[HTTP][39m [90m[39m
[35m[HTTP][39m [37m-->[39m [37mGET[39m [37m/wd/hub/session/39a16d29-0bf5-49f6-84ae-aff67bef3613/element/25/location[39m
[35m[HTTP][39m [90m{}[39m
[35m[HTTP][39m [37m<-- GET /wd/hub/session/39a16d29-0bf5-49f6-84ae-aff67bef3613/element/25/location [39m[32m200[39m [90m1186 ms - 87[39m
[35m[HTTP][39m [90m[39m
[35m[HTTP][39m [37m-->[39m [37mGET[39m [37m/wd/hub/session/39a16d29-0bf5-49f6-84ae-aff67bef3613/element/25/attribute/name[39m
[35m[HTTP][39m [90m{}[39m
[35m[HTTP][39m [37m<-- GET /wd/hub/session/39a16d29-0bf5-49f6-84ae-aff67bef3613/element/25/attribute/name [39m[32m200[39m [90m1130 ms - 103[39m
[35m[HTTP][39m [90m[39m
[35m[HTTP][39m [37m-->[39m [37mGET[39m [37m/wd/hub/session/39a16d29-0bf5-49f6-84ae-aff67bef3613/window/current/size[39m
[35m[HTTP][39m [90m{}[39m
[35m[HTTP][39m [37m<-- GET /wd/hub/session/39a16d29-0bf5-49f6-84ae-aff67bef3613/window/current/size [39m[32m200[39m [90m10 ms - 99[39m
[35m[HTTP][39m [90m[39m
[35m[HTTP][39m [37m-->[39m [37mPOST[39m [37m/wd/hub/session/39a16d29-0bf5-49f6-84ae-aff67bef3613/elements[39m
[35m[HTTP][39m [90m{"using":"-android uiautomator","value":"new UiSelector().description(\"tokoListScreen_button_edc\")"}[39m
[35m[HTTP][39m [37m<-- POST /wd/hub/session/39a16d29-0bf5-49f6-84ae-aff67bef3613/elements [39m[32m200[39m [90m1619 ms - 90[39m
[35m[HTTP][39m [90m[39m
[35m[HTTP][39m [37m-->[39m [37mGET[39m [37m/wd/hub/session/39a16d29-0bf5-49f6-84ae-aff67bef3613[39m
[35m[HTTP][39m [90m{}[39m
[35m[HTTP][39m [37m<-- GET /wd/hub/session/39a16d29-0bf5-49f6-84ae-aff67bef3613 [39m[32m200[39m [90m9 ms - 1152[39m
[35m[HTTP][39m [90m[39m
[35m[HTTP][39m [37m-->[39m [37mGET[39m [37m/wd/hub/session/39a16d29-0bf5-49f6-84ae-aff67bef3613[39m
[35m[HTTP][39m [90m{}[39m
[35m[HTTP][39m [37m<-- GET /wd/hub/session/39a16d29-0bf5-49f6-84ae-aff67bef3613 [39m[32m200[39m [90m9 ms - 1152[39m
[35m[HTTP][39m [90m[39m
[35m[HTTP][39m [37m-->[39m [37mGET[39m [37m/wd/hub/session/39a16d29-0bf5-49f6-84ae-aff67bef3613[39m
[35m[HTTP][39m [90m{}[39m
[35m[HTTP][39m [37m<-- GET /wd/hub/session/39a16d29-0bf5-49f6-84ae-aff67bef3613 [39m[32m200[39m [90m4 ms - 1152[39m
[35m[HTTP][39m [90m[39m
[35m[HTTP][39m [37m-->[39m [37mGET[39m [37m/wd/hub/session/39a16d29-0bf5-49f6-84ae-aff67bef3613[39m
[35m[HTTP][39m [90m{}[39m
[35m[HTTP][39m [37m<-- GET /wd/hub/session/39a16d29-0bf5-49f6-84ae-aff67bef3613 [39m[32m200[39m [90m5 ms - 1152[39m
[35m[HTTP][39m [90m[39m
[35m[HTTP][39m [37m-->[39m [37mGET[39m [37m/wd/hub/session/39a16d29-0bf5-49f6-84ae-aff67bef3613/element/26/location[39m
[35m[HTTP][39m [90m{}[39m
[35m[HTTP][39m [37m<-- GET /wd/hub/session/39a16d29-0bf5-49f6-84ae-aff67bef3613/element/26/location [39m[32m200[39m [90m1156 ms - 87[39m
[35m[HTTP][39m [90m[39m
[35m[HTTP][39m [37m-->[39m [37mGET[39m [37m/wd/hub/session/39a16d29-0bf5-49f6-84ae-aff67bef3613/window/current/size[39m
[35m[HTTP][39m [90m{}[39m
[35m[HTTP][39m [37m<-- GET /wd/hub/session/39a16d29-0bf5-49f6-84ae-aff67bef3613/window/current/size [39m[32m200[39m [90m17 ms - 99[39m
[35m[HTTP][39m [90m[39m
[35m[HTTP][39m [37m-->[39m [37mPOST[39m [37m/wd/hub/session/39a16d29-0bf5-49f6-84ae-aff67bef3613/elements[39m
[35m[HTTP][39m [90m{"using":"-android uiautomator","value":"new UiSelector().description(\"tokoListScreen_button_edc\")"}[39m
[35m[HTTP][39m [37m<-- POST /wd/hub/session/39a16d29-0bf5-49f6-84ae-aff67bef3613/elements [39m[32m200[39m [90m2089 ms - 90[39m
[35m[HTTP][39m [90m[39m
[35m[HTTP][39m [37m-->[39m [37mGET[39m [37m/wd/hub/session/39a16d29-0bf5-49f6-84ae-aff67bef3613[39m
[35m[HTTP][39m [90m{}[39m
[35m[HTTP][39m [37m<-- GET /wd/hub/session/39a16d29-0bf5-49f6-84ae-aff67bef3613 [39m[32m200[39m [90m9 ms - 1152[39m
[35m[HTTP][39m [90m[39m
[35m[HTTP][39m [37m-->[39m [37mGET[39m [37m/wd/hub/session/39a16d29-0bf5-49f6-84ae-aff67bef3613[39m
[35m[HTTP][39m [90m{}[39m
[35m[HTTP][39m [37m<-- GET /wd/hub/session/39a16d29-0bf5-49f6-84ae-aff67bef3613 [39m[32m200[39m [90m11 ms - 1152[39m
[35m[HTTP][39m [90m[39m
[35m[HTTP][39m [37m-->[39m [37mGET[39m [37m/wd/hub/session/39a16d29-0bf5-49f6-84ae-aff67bef3613[39m
[35m[HTTP][39m [90m{}[39m
[35m[HTTP][39m [37m<-- GET /wd/hub/session/39a16d29-0bf5-49f6-84ae-aff67bef3613 [39m[32m200[39m [90m6 ms - 1152[39m
[35m[HTTP][39m [90m[39m
[35m[HTTP][39m [37m-->[39m [37mGET[39m [37m/wd/hub/session/39a16d29-0bf5-49f6-84ae-aff67bef3613[39m
[35m[HTTP][39m [90m{}[39m
[35m[HTTP][39m [37m<-- GET /wd/hub/session/39a16d29-0bf5-49f6-84ae-aff67bef3613 [39m[32m200[39m [90m5 ms - 1152[39m
[35m[HTTP][39m [90m[39m
[35m[HTTP][39m [37m-->[39m [37mGET[39m [37m/wd/hub/session/39a16d29-0bf5-49f6-84ae-aff67bef3613/element/27/location[39m
[35m[HTTP][39m [90m{}[39m
[35m[HTTP][39m [37m<-- GET /wd/hub/session/39a16d29-0bf5-49f6-84ae-aff67bef3613/element/27/location [39m[32m200[39m [90m449 ms - 87[39m
[35m[HTTP][39m [90m[39m
[35m[HTTP][39m [37m-->[39m [37mGET[39m [37m/wd/hub/session/39a16d29-0bf5-49f6-84ae-aff67bef3613/element/27/attribute/name[39m
[35m[HTTP][39m [90m{}[39m
[35m[HTTP][39m [37m<-- GET /wd/hub/session/39a16d29-0bf5-49f6-84ae-aff67bef3613/element/27/attribute/name [39m[32m200[39m [90m1401 ms - 99[39m
[35m[HTTP][39m [90m[39m
[35m[HTTP][39m [37m-->[39m [37mGET[39m [37m/wd/hub/session/39a16d29-0bf5-49f6-84ae-aff67bef3613/window/current/size[39m
[35m[HTTP][39m [90m{}[39m
[35m[HTTP][39m [37m<-- GET /wd/hub/session/39a16d29-0bf5-49f6-84ae-aff67bef3613/window/current/size [39m[32m200[39m [90m9 ms - 99[39m
[35m[HTTP][39m [90m[39m
[35m[HTTP][39m [37m-->[39m [37mPOST[39m [37m/wd/hub/session/39a16d29-0bf5-49f6-84ae-aff67bef3613/elements[39m
[35m[HTTP][39m [90m{"using":"-android uiautomator","value":"new UiSelector().description(\"tokoListScreen_button_edc\")"}[39m
[35m[HTTP][39m [37m<-- POST /wd/hub/session/39a16d29-0bf5-49f6-84ae-aff67bef3613/elements [39m[32m200[39m [90m2326 ms - 90[39m
[35m[HTTP][39m [90m[39m
[35m[HTTP][39m [37m-->[39m [37mGET[39m [37m/wd/hub/session/39a16d29-0bf5-49f6-84ae-aff67bef3613[39m
[35m[HTTP][39m [90m{}[39m
[35m[HTTP][39m [37m<-- GET /wd/hub/session/39a16d29-0bf5-49f6-84ae-aff67bef3613 [39m[32m200[39m [90m12 ms - 1152[39m
[35m[HTTP][39m [90m[39m
[35m[HTTP][39m [37m-->[39m [37mGET[39m [37m/wd/hub/session/39a16d29-0bf5-49f6-84ae-aff67bef3613[39m
[35m[HTTP][39m [90m{}[39m
[35m[HTTP][39m [37m<-- GET /wd/hub/session/39a16d29-0bf5-49f6-84ae-aff67bef3613 [39m[32m200[39m [90m4 ms - 1152[39m
[35m[HTTP][39m [90m[39m
[35m[HTTP][39m [37m-->[39m [37mGET[39m [37m/wd/hub/session/39a16d29-0bf5-49f6-84ae-aff67bef3613[39m
[35m[HTTP][39m [90m{}[39m
[35m[HTTP][39m [37m<-- GET /wd/hub/session/39a16d29-0bf5-49f6-84ae-aff67bef3613 [39m[32m200[39m [90m3 ms - 1152[39m
[35m[HTTP][39m [90m[39m
[35m[HTTP][39m [37m-->[39m [37mGET[39m [37m/wd/hub/session/39a16d29-0bf5-49f6-84ae-aff67bef3613[39m
[35m[HTTP][39m [90m{}[39m
[35m[HTTP][39m [37m<-- GET /wd/hub/session/39a16d29-0bf5-49f6-84ae-aff67bef3613 [39m[32m200[39m [90m3 ms - 1152[39m
[35m[HTTP][39m [90m[39m
[35m[HTTP][39m [37m-->[39m [37mGET[39m [37m/wd/hub/session/39a16d29-0bf5-49f6-84ae-aff67bef3613/element/28/location[39m
[35m[HTTP][39m [90m{}[39m
[35m[HTTP][39m [37m<-- GET /wd/hub/session/39a16d29-0bf5-49f6-84ae-aff67bef3613/element/28/location [39m[32m200[39m [90m489 ms - 87[39m
[35m[HTTP][39m [90m[39m
[35m[HTTP][39m [37m-->[39m [37mPOST[39m [37m/wd/hub/session/39a16d29-0bf5-49f6-84ae-aff67bef3613/touch/perform[39m
[35m[HTTP][39m [90m{"actions":[{"action":"tap","options":{"element":"28","x":1,"y":1}}]}[39m
[35m[HTTP][39m [37m<-- POST /wd/hub/session/39a16d29-0bf5-49f6-84ae-aff67bef3613/touch/perform [39m[32m200[39m [90m2476 ms - 76[39m
[35m[HTTP][39m [90m[39m
[35m[HTTP][39m [37m-->[39m [37mGET[39m [37m/wd/hub/session/39a16d29-0bf5-49f6-84ae-aff67bef3613/window/current/size[39m
[35m[HTTP][39m [90m{}[39m
[35m[HTTP][39m [37m<-- GET /wd/hub/session/39a16d29-0bf5-49f6-84ae-aff67bef3613/window/current/size [39m[32m200[39m [90m24 ms - 99[39m
[35m[HTTP][39m [90m[39m
[35m[HTTP][39m [37m-->[39m [37mPOST[39m [37m/wd/hub/session/39a16d29-0bf5-49f6-84ae-aff67bef3613/elements[39m
[35m[HTTP][39m [90m{"using":"-android uiautomator","value":"new UiSelector().description(\"edcConnected_image_hero\")"}[39m
[35m[HTTP][39m [37m<-- POST /wd/hub/session/39a16d29-0bf5-49f6-84ae-aff67bef3613/elements [39m[32m200[39m [90m1658 ms - 74[39m
[35m[HTTP][39m [90m[39m
[35m[HTTP][39m [37m-->[39m [37mPOST[39m [37m/wd/hub/session/39a16d29-0bf5-49f6-84ae-aff67bef3613/elements[39m
[35m[HTTP][39m [90m{"using":"-android uiautomator","value":"new UiSelector().description(\"edcConnected_image_hero\")"}[39m
[35m[HTTP][39m [37m<-- POST /wd/hub/session/39a16d29-0bf5-49f6-84ae-aff67bef3613/elements [39m[32m200[39m [90m5222 ms - 74[39m
[35m[HTTP][39m [90m[39m
[35m[HTTP][39m [37m-->[39m [37mGET[39m [37m/wd/hub/session/39a16d29-0bf5-49f6-84ae-aff67bef3613/context[39m
[35m[HTTP][39m [90m{}[39m
[35m[HTTP][39m [37m<-- GET /wd/hub/session/39a16d29-0bf5-49f6-84ae-aff67bef3613/context [39m[32m200[39m [90m4 ms - 84[39m
[35m[HTTP][39m [90m[39m
[35m[HTTP][39m [37m-->[39m [37mGET[39m [37m/wd/hub/session/39a16d29-0bf5-49f6-84ae-aff67bef3613/contexts[39m
[35m[HTTP][39m [90m{}[39m
[35m[HTTP][39m [37m<-- GET /wd/hub/session/39a16d29-0bf5-49f6-84ae-aff67bef3613/contexts [39m[32m200[39m [90m268 ms - 86[39m
[35m[HTTP][39m [90m[39m
[35m[HTTP][39m [37m-->[39m [37mPOST[39m [37m/wd/hub/session/39a16d29-0bf5-49f6-84ae-aff67bef3613/context[39m
[35m[HTTP][39m [90m{"name":"NATIVE_APP"}[39m
[35m[HTTP][39m [37m<-- POST /wd/hub/session/39a16d29-0bf5-49f6-84ae-aff67bef3613/context [39m[32m200[39m [90m173 ms - 76[39m
[35m[HTTP][39m [90m[39m
[35m[HTTP][39m [37m-->[39m [37mGET[39m [37m/wd/hub/session/39a16d29-0bf5-49f6-84ae-aff67bef3613/screenshot[39m
[35m[HTTP][39m [90m{}[39m
[35m[HTTP][39m [37m<-- GET /wd/hub/session/39a16d29-0bf5-49f6-84ae-aff67bef3613/screenshot [39m[32m200[39m [90m1237 ms - 90430[39m
[35m[HTTP][39m [90m[39m
[35m[HTTP][39m [37m-->[39m [37mPOST[39m [37m/wd/hub/session/39a16d29-0bf5-49f6-84ae-aff67bef3613/context[39m
[35m[HTTP][39m [90m{"name":"NATIVE_APP"}[39m
[35m[HTTP][39m [37m<-- POST /wd/hub/session/39a16d29-0bf5-49f6-84ae-aff67bef3613/context [39m[32m200[39m [90m160 ms - 76[39m
[35m[HTTP][39m [90m[39m
[35m[HTTP][39m [37m-->[39m [37mGET[39m [37m/wd/hub/session/39a16d29-0bf5-49f6-84ae-aff67bef3613/context[39m
[35m[HTTP][39m [90m{}[39m
[35m[HTTP][39m [37m<-- GET /wd/hub/session/39a16d29-0bf5-49f6-84ae-aff67bef3613/context [39m[32m200[39m [90m4 ms - 84[39m
[35m[HTTP][39m [90m[39m
[35m[HTTP][39m [37m-->[39m [37mGET[39m [37m/wd/hub/session/39a16d29-0bf5-49f6-84ae-aff67bef3613/contexts[39m
[35m[HTTP][39m [90m{}[39m
[35m[HTTP][39m [37m<-- GET /wd/hub/session/39a16d29-0bf5-49f6-84ae-aff67bef3613/contexts [39m[32m200[39m [90m161 ms - 86[39m
[35m[HTTP][39m [90m[39m
[35m[HTTP][39m [37m-->[39m [37mPOST[39m [37m/wd/hub/session/39a16d29-0bf5-49f6-84ae-aff67bef3613/context[39m
[35m[HTTP][39m [90m{"name":"NATIVE_APP"}[39m
[35m[HTTP][39m [37m<-- POST /wd/hub/session/39a16d29-0bf5-49f6-84ae-aff67bef3613/context [39m[32m200[39m [90m155 ms - 76[39m
[35m[HTTP][39m [90m[39m
[35m[HTTP][39m [37m-->[39m [37mGET[39m [37m/wd/hub/session/39a16d29-0bf5-49f6-84ae-aff67bef3613/screenshot[39m
[35m[HTTP][39m [90m{}[39m
[35m[HTTP][39m [37m<-- GET /wd/hub/session/39a16d29-0bf5-49f6-84ae-aff67bef3613/screenshot [39m[32m200[39m [90m1223 ms - 84430[39m
[35m[HTTP][39m [90m[39m
[35m[HTTP][39m [37m-->[39m [37mPOST[39m [37m/wd/hub/session/39a16d29-0bf5-49f6-84ae-aff67bef3613/context[39m
[35m[HTTP][39m [90m{"name":"NATIVE_APP"}[39m
[35m[HTTP][39m [37m<-- POST /wd/hub/session/39a16d29-0bf5-49f6-84ae-aff67bef3613/context [39m[32m200[39m [90m156 ms - 76[39m
[35m[HTTP][39m [90m[39m
[35m[HTTP][39m [37m-->[39m [37mGET[39m [37m/wd/hub/status[39m
[35m[HTTP][39m [90m{}[39m
[35m[HTTP][39m [37m<-- GET /wd/hub/status [39m[32m200[39m [90m91 ms - 55[39m
[35m[HTTP][39m [90m[39m
[35m[HTTP][39m [37m-->[39m [37mPOST[39m [37m/wd/hub/session[39m
[35m[HTTP][39m [90m{"desiredCapabilities":{"app":"C:\\Users\\AV2017005903\\Documents\\apollo-automation\\7 September.apk","appWaitActivity":"com.*","autoGrantPermissions":true,"deviceId":"6e4df14","deviceName":"OPPO A37f (Android 5.1.1)","fullReset":true,"newCommandTimeout":1800,"noReset":false,"platform":"ANDROID","platformName":"Android","udid":"6e4df14"},"capabilities":{"desiredCapabilities":{"app":"C:\\Users\\AV2017005903\\Documents\\apollo-automation\\7 September.apk","appWaitActivity":"com.*","autoGrantPermissions":true,"deviceId":"6e4df14","deviceName":"OPPO A37f (Android 5.1.1)","fullReset":true,"newCommandTimeout":1800,"noReset":false,"platform":"ANDROID","platformName":"Android","udid":"6e4df14"},"firstMatch":[{"platformName":"android"}]}}[39m
[35m[Appium][39m Could not parse W3C capabilities: 'deviceName' can't be blank. Falling back to JSONWP protocol.
[35m[Appium][39m The following capabilities were provided in the JSONWP desired capabilities that are missing in W3C capabilities: ["app","appWaitActivity","autoGrantPermissions","deviceId","deviceName","fullReset","newCommandTimeout","noReset","platform","platformName","udid"]. Falling back to JSONWP protocol.
[35m[Appium][39m Creating new AndroidDriver (v2.7.0) session
[35m[Appium][39m Capabilities:
[35m[Appium][39m   app: C:\Users\AV2017005903\Documents\apollo-automation\7 September.apk
[35m[Appium][39m   appWaitActivity: com.*
[35m[Appium][39m   autoGrantPermissions: true
[35m[Appium][39m   deviceId: 6e4df14
[35m[Appium][39m   deviceName: OPPO A37f (Android 5.1.1)
[35m[Appium][39m   fullReset: true
[35m[Appium][39m   newCommandTimeout: 1800
[35m[Appium][39m   noReset: false
[35m[Appium][39m   platform: ANDROID
[35m[Appium][39m   platformName: Android
[35m[Appium][39m   udid: 6e4df14
[35m[BaseDriver][39m The following capabilities were provided, but are not recognized by appium: deviceId, platform.
[35m[BaseDriver][39m Session created with session id: 6bc4b1a3-a1aa-45a8-bdc3-e2c6c8c7a692
[35m[AndroidDriver][39m Java version is: 1.8.0_181
[35m[AndroidDriver][39m Retrieving device list
[35m[AndroidDriver][39m Using device: 6e4df14
[35m[BaseDriver][39m Using local app 'C:\Users\AV2017005903\Documents\apollo-automation\7 September.apk'
[35m[AndroidDriver][39m Starting Android session
[35m[AndroidDriver][39m setDeviceLanguageCountry requires language or country.
[35m[AndroidDriver][39m Got language: 'null' and country: 'null'
[35m[ADB][39m Getting device platform version
[35m[ADB][39m Using the alternative activity name detection method because of: Could not find apkanalyzer.bat in C:\Users\AV2017005903\.katalon\tools\android_sdk\platform-tools\apkanalyzer.bat,C:\Users\AV2017005903\.katalon\tools\android_sdk\emulator\apkanalyzer.bat,C:\Users\AV2017005903\.katalon\tools\android_sdk\tools\apkanalyzer.bat,C:\Users\AV2017005903\.katalon\tools\android_sdk\tools\bin\apkanalyzer.bat,C:\Users\AV2017005903\.katalon\tools\android_sdk\build-tools\28.0.0\apkanalyzer.bat. Do you have the Android SDK installed at 'C:\Users\AV2017005903\.katalon\tools\android_sdk'?
[35m[ADB][39m Extracting package and launch activity from manifest
[35m[ADB][39m Package name: 'com.btpn.appbisnis.sit'
[35m[ADB][39m Main activity name: 'com.btpn_mpos_rn.react_bridging.splash.SplashActivity'
[35m[ADB][39m com.btpn.appbisnis.sit was successfully uninstalled
[35m[ADB][39m Successfully extracted 953 strings from 'C:\Users\AV2017005903\Documents\apollo-automation\7 September.apk' resources for '(default)' configuration
[35m[Appium][39m Closing session, cause was 'UiAUtomator shut down unexpectedly'
[35m[Appium][39m Removing session 39a16d29-0bf5-49f6-84ae-aff67bef3613 from our master session list
[35m[ADB][39m Cannot kill process 28382 in 1000 ms. Trying to force kill...
[35m[AndroidBootstrap][39m Android bootstrap socket is now connected
[35m[AndroidDriver][39m Screen already unlocked, doing nothing
[35m[ADB][39m com.btpn.appbisnis.sit was successfully uninstalled
[35m[AndroidBootstrap][39m Cannot shut down Android bootstrap; it has already shut down
[35m[ADB][39m com.btpn.appbisnis.sit was not uninstalled, because it was not present on the device
[35m[ADB][39m No uiautomator process found to kill, continuing...
[35m[HTTP][39m [37m<-- POST /wd/hub/session [39m[31m500[39m [90m58237 ms - 457[39m
[35m[HTTP][39m [90m[39m
[35m[HTTP][39m [37m-->[39m [37mGET[39m [37m/wd/hub/status[39m
[35m[HTTP][39m [90m{}[39m
[35m[HTTP][39m [37m<-- GET /wd/hub/status [39m[32m200[39m [90m94 ms - 55[39m
[35m[HTTP][39m [90m[39m
[35m[HTTP][39m [37m-->[39m [37mPOST[39m [37m/wd/hub/session[39m
[35m[HTTP][39m [90m{"desiredCapabilities":{"app":"C:\\Users\\AV2017005903\\Documents\\apollo-automation\\7 September.apk","appWaitActivity":"com.*","autoGrantPermissions":true,"deviceId":"6e4df14","deviceName":"OPPO A37f (Android 5.1.1)","fullReset":true,"newCommandTimeout":1800,"noReset":false,"platform":"ANDROID","platformName":"Android","udid":"6e4df14"},"capabilities":{"desiredCapabilities":{"app":"C:\\Users\\AV2017005903\\Documents\\apollo-automation\\7 September.apk","appWaitActivity":"com.*","autoGrantPermissions":true,"deviceId":"6e4df14","deviceName":"OPPO A37f (Android 5.1.1)","fullReset":true,"newCommandTimeout":1800,"noReset":false,"platform":"ANDROID","platformName":"Android","udid":"6e4df14"},"firstMatch":[{"platformName":"android"}]}}[39m
[35m[Appium][39m Could not parse W3C capabilities: 'deviceName' can't be blank. Falling back to JSONWP protocol.
[35m[Appium][39m The following capabilities were provided in the JSONWP desired capabilities that are missing in W3C capabilities: ["app","appWaitActivity","autoGrantPermissions","deviceId","deviceName","fullReset","newCommandTimeout","noReset","platform","platformName","udid"]. Falling back to JSONWP protocol.
[35m[Appium][39m Creating new AndroidDriver (v2.7.0) session
[35m[Appium][39m Capabilities:
[35m[Appium][39m   app: C:\Users\AV2017005903\Documents\apollo-automation\7 September.apk
[35m[Appium][39m   appWaitActivity: com.*
[35m[Appium][39m   autoGrantPermissions: true
[35m[Appium][39m   deviceId: 6e4df14
[35m[Appium][39m   deviceName: OPPO A37f (Android 5.1.1)
[35m[Appium][39m   fullReset: true
[35m[Appium][39m   newCommandTimeout: 1800
[35m[Appium][39m   noReset: false
[35m[Appium][39m   platform: ANDROID
[35m[Appium][39m   platformName: Android
[35m[Appium][39m   udid: 6e4df14
[35m[BaseDriver][39m The following capabilities were provided, but are not recognized by appium: deviceId, platform.
[35m[BaseDriver][39m Session created with session id: c00a3fb8-7416-493b-95bf-1fc3243defaa
[35m[AndroidDriver][39m Java version is: 1.8.0_181
[35m[AndroidDriver][39m Retrieving device list
[35m[AndroidDriver][39m Using device: 6e4df14
[35m[BaseDriver][39m Using local app 'C:\Users\AV2017005903\Documents\apollo-automation\7 September.apk'
[35m[AndroidDriver][39m Starting Android session
[35m[AndroidDriver][39m setDeviceLanguageCountry requires language or country.
[35m[AndroidDriver][39m Got language: 'null' and country: 'null'
[35m[ADB][39m Getting device platform version
[35m[ADB][39m Using the alternative activity name detection method because of: Could not find apkanalyzer.bat in C:\Users\AV2017005903\.katalon\tools\android_sdk\platform-tools\apkanalyzer.bat,C:\Users\AV2017005903\.katalon\tools\android_sdk\emulator\apkanalyzer.bat,C:\Users\AV2017005903\.katalon\tools\android_sdk\tools\apkanalyzer.bat,C:\Users\AV2017005903\.katalon\tools\android_sdk\tools\bin\apkanalyzer.bat,C:\Users\AV2017005903\.katalon\tools\android_sdk\build-tools\28.0.0\apkanalyzer.bat. Do you have the Android SDK installed at 'C:\Users\AV2017005903\.katalon\tools\android_sdk'?
[35m[ADB][39m Extracting package and launch activity from manifest
[35m[ADB][39m Package name: 'com.btpn.appbisnis.sit'
[35m[ADB][39m Main activity name: 'com.btpn_mpos_rn.react_bridging.splash.SplashActivity'
[35m[ADB][39m com.btpn.appbisnis.sit was not uninstalled, because it was not present on the device
[35m[ADB][39m Successfully extracted 953 strings from 'C:\Users\AV2017005903\Documents\apollo-automation\7 September.apk' resources for '(default)' configuration
[35m[ADB][39m No uiautomator process found to kill, continuing...
[35m[AndroidBootstrap][39m Android bootstrap socket is now connected
[35m[AndroidDriver][39m Screen already unlocked, doing nothing
[35m[Appium][39m New AndroidDriver session created successfully, session c00a3fb8-7416-493b-95bf-1fc3243defaa added to master session list
[35m[HTTP][39m [37m<-- POST /wd/hub/session [39m[32m200[39m [90m29321 ms - 1152[39m
[35m[HTTP][39m [90m[39m
[35m[HTTP][39m [37m-->[39m [37mGET[39m [37m/wd/hub/status[39m
[35m[HTTP][39m [90m{}[39m
[35m[HTTP][39m [37m<-- GET /wd/hub/status [39m[32m200[39m [90m57 ms - 55[39m
[35m[HTTP][39m [90m[39m
[35m[HTTP][39m [37m-->[39m [37mPOST[39m [37m/wd/hub/session/c00a3fb8-7416-493b-95bf-1fc3243defaa/timeouts[39m
[35m[HTTP][39m [90m{"type":"implicit","ms":30000}[39m
[35m[HTTP][39m [37m<-- POST /wd/hub/session/c00a3fb8-7416-493b-95bf-1fc3243defaa/timeouts [39m[33m400[39m [90m2 ms - 5532[39m
[35m[HTTP][39m [90m[39m
[35m[HTTP][39m [37m-->[39m [37mPOST[39m [37m/wd/hub/session/c00a3fb8-7416-493b-95bf-1fc3243defaa/touch/perform[39m
[35m[HTTP][39m [90m{"actions":[{"action":"longPress","options":{"x":550,"y":300}},{"action":"moveTo","options":{"x":100,"y":300}},{"action":"release","options":{}}]}[39m
[35m[HTTP][39m [37m<-- POST /wd/hub/session/c00a3fb8-7416-493b-95bf-1fc3243defaa/touch/perform [39m[32m200[39m [90m2727 ms - 76[39m
[35m[HTTP][39m [90m[39m
[35m[HTTP][39m [37m-->[39m [37mPOST[39m [37m/wd/hub/session/c00a3fb8-7416-493b-95bf-1fc3243defaa/touch/perform[39m
[35m[HTTP][39m [90m{"actions":[{"action":"longPress","options":{"x":550,"y":300}},{"action":"moveTo","options":{"x":100,"y":300}},{"action":"release","options":{}}]}[39m
[35m[HTTP][39m [37m<-- POST /wd/hub/session/c00a3fb8-7416-493b-95bf-1fc3243defaa/touch/perform [39m[32m200[39m [90m2992 ms - 76[39m
[35m[HTTP][39m [90m[39m
