[Appium] Welcome to Appium v1.7.2
[Appium] Non-default server args:
[Appium]   port: 64374
[Appium]   loglevel: info
[Appium]   chromeDriverPort: 64379
[Appium]   tmpDir: C:\Users\AV2017~1\AppData\Local\Temp\\Katalon\Appium\Temp1516193577222
[Appium] Appium REST http interface listener started on 0.0.0.0:64374
[HTTP] --> GET /wd/hub/status {}
[HTTP] <-- GET /wd/hub/status 200 7 ms - 72 
[HTTP] --> POST /wd/hub/session {"desiredCapabilities":{"app":"D:\\Project Apollo\\APK Appolo\\Sprint 4 v-1.apk","noReset":true,"property_2":"","newCommandTimeout":1800,"property":"","autoGrantPermissions":true,"property_1":"","udid":"MVAQIBSCS8LN6TQW","platformName":"Android","deviceName":"Xiaomi Redmi Note 3 5.0.2","fullReset":false,"platform":"ANDROID"}}
[Appium] Creating new AndroidDriver (v1.37.0) session
[Appium] Capabilities:
[Appium]   app: D:\Project Apollo\APK Appolo\Sprint 4 v-1.apk
[Appium]   noReset: true
[Appium]   property_2: 
[Appium]   newCommandTimeout: 1800
[Appium]   property: 
[Appium]   autoGrantPermissions: true
[Appium]   property_1: 
[Appium]   udid: MVAQIBSCS8LN6TQW
[Appium]   platformName: Android
[Appium]   deviceName: Xiaomi Redmi Note 3 5.0.2
[Appium]   fullReset: false
[Appium]   platform: ANDROID
[BaseDriver] The following capabilities were provided, but are not recognized by appium: property_2, property, property_1, platform.
[BaseDriver] Session created with session id: 3ba16719-2b60-441b-8959-069cd71af48c
[AndroidDriver] Java version is: 1.8.0_102
[ADB] Checking whether adb is present
[ADB] Using adb.exe from D:\FAF\Katalon 5.0\configuration\resources\tools\android_sdk\platform-tools\adb.exe
[AndroidDriver] Retrieving device list
[AndroidDriver] Using device: MVAQIBSCS8LN6TQW
[ADB] Checking whether adb is present
[BaseDriver] Using local app 'D:\Project Apollo\APK Appolo\Sprint 4 v-1.apk'
[AndroidDriver] Starting Android session
[AndroidDriver] setDeviceLanguageCountry requires language or country.
[AndroidDriver] Got language: 'null' and country: 'null'
[ADB] Checking whether aapt is present
[ADB] Using aapt.exe from D:\FAF\Katalon 5.0\configuration\resources\tools\android_sdk\build-tools\23.0.3\aapt.exe
[ADB] Checking whether aapt is present
[ADB] Getting device platform version
[ADB] Checking whether aapt is present
[ADB] Extracting package and launch activity from manifest
[AndroidDriver] Remote apk path is /data/local/tmp/f6e5ddfe6ce42ce9f8678c32ab4197d5.apk
[ADB] Checking whether aapt is present
[ADB] Extracting package and launch activity from manifest
[ADB] No uiautomator process found to kill, continuing...
[AndroidBootstrap] Android bootstrap socket is now connected
[AndroidDriver] Screen already unlocked, doing nothing
[Appium] New AndroidDriver session created successfully, session 3ba16719-2b60-441b-8959-069cd71af48c added to master session list
[HTTP] <-- POST /wd/hub/session 200 73995 ms - 1179 
[HTTP] --> GET /wd/hub/status {}
[HTTP] <-- GET /wd/hub/status 200 3 ms - 83 
[HTTP] --> GET /wd/hub/session/3ba16719-2b60-441b-8959-069cd71af48c/window/current/size {}
[HTTP] <-- GET /wd/hub/session/3ba16719-2b60-441b-8959-069cd71af48c/window/current/size 200 21 ms - 100 
[HTTP] --> POST /wd/hub/session/3ba16719-2b60-441b-8959-069cd71af48c/elements {"using":"-android uiautomator","value":"new UiSelector().description(\"LoginNameTextInput\")"}
[HTTP] <-- POST /wd/hub/session/3ba16719-2b60-441b-8959-069cd71af48c/elements 200 2822 ms - 89 
[HTTP] --> GET /wd/hub/session/3ba16719-2b60-441b-8959-069cd71af48c/element/1/location {}
[HTTP] <-- GET /wd/hub/session/3ba16719-2b60-441b-8959-069cd71af48c/element/1/location 200 12 ms - 88 
[HTTP] --> POST /wd/hub/session/3ba16719-2b60-441b-8959-069cd71af48c/touch/perform {"actions":[{"action":"press","options":{"element":"1"}},{"action":"wait","options":{"ms":1}},{"action":"release","options":{}}]}
[HTTP] <-- POST /wd/hub/session/3ba16719-2b60-441b-8959-069cd71af48c/touch/perform 200 77 ms - 76 
[HTTP] --> GET /wd/hub/session/3ba16719-2b60-441b-8959-069cd71af48c/window/current/size {}
[HTTP] <-- GET /wd/hub/session/3ba16719-2b60-441b-8959-069cd71af48c/window/current/size 200 6 ms - 100 
[HTTP] --> POST /wd/hub/session/3ba16719-2b60-441b-8959-069cd71af48c/elements {"using":"-android uiautomator","value":"new UiSelector().description(\"LoginNameTextInput\")"}
[HTTP] <-- POST /wd/hub/session/3ba16719-2b60-441b-8959-069cd71af48c/elements 200 839 ms - 89 
[HTTP] --> GET /wd/hub/session/3ba16719-2b60-441b-8959-069cd71af48c/element/2/location {}
[HTTP] <-- GET /wd/hub/session/3ba16719-2b60-441b-8959-069cd71af48c/element/2/location 200 42 ms - 88 
[HTTP] --> POST /wd/hub/session/3ba16719-2b60-441b-8959-069cd71af48c/element/2/clear {"id":"2"}
[HTTP] <-- POST /wd/hub/session/3ba16719-2b60-441b-8959-069cd71af48c/element/2/clear 200 5554 ms - 76 
[HTTP] --> POST /wd/hub/session/3ba16719-2b60-441b-8959-069cd71af48c/element/2/value {"id":"2","value":["y"]}
[HTTP] <-- POST /wd/hub/session/3ba16719-2b60-441b-8959-069cd71af48c/element/2/value 200 6678 ms - 76 
[HTTP] --> GET /wd/hub/session/3ba16719-2b60-441b-8959-069cd71af48c/context {}
[HTTP] <-- GET /wd/hub/session/3ba16719-2b60-441b-8959-069cd71af48c/context 200 4 ms - 84 
[HTTP] --> GET /wd/hub/session/3ba16719-2b60-441b-8959-069cd71af48c/contexts {}
[HTTP] <-- GET /wd/hub/session/3ba16719-2b60-441b-8959-069cd71af48c/contexts 200 2199 ms - 86 
[HTTP] --> POST /wd/hub/session/3ba16719-2b60-441b-8959-069cd71af48c/context {"name":"NATIVE_APP"}
[HTTP] <-- POST /wd/hub/session/3ba16719-2b60-441b-8959-069cd71af48c/context 200 5084 ms - 76 
[HTTP] --> POST /wd/hub/session/3ba16719-2b60-441b-8959-069cd71af48c/appium/device/hide_keyboard {}
[HTTP] <-- POST /wd/hub/session/3ba16719-2b60-441b-8959-069cd71af48c/appium/device/hide_keyboard 200 2510 ms - 76 
[HTTP] --> POST /wd/hub/session/3ba16719-2b60-441b-8959-069cd71af48c/context {"name":"NATIVE_APP"}
[HTTP] <-- POST /wd/hub/session/3ba16719-2b60-441b-8959-069cd71af48c/context 200 2420 ms - 76 
[HTTP] --> GET /wd/hub/session/3ba16719-2b60-441b-8959-069cd71af48c/window/current/size {}
[HTTP] <-- GET /wd/hub/session/3ba16719-2b60-441b-8959-069cd71af48c/window/current/size 200 6 ms - 100 
[HTTP] --> POST /wd/hub/session/3ba16719-2b60-441b-8959-069cd71af48c/elements {"using":"-android uiautomator","value":"new UiSelector().description(\"LoginJumpNextBtn\")"}
[HTTP] <-- POST /wd/hub/session/3ba16719-2b60-441b-8959-069cd71af48c/elements 200 1181 ms - 89 
[HTTP] --> GET /wd/hub/session/3ba16719-2b60-441b-8959-069cd71af48c/element/3/location {}
[HTTP] <-- GET /wd/hub/session/3ba16719-2b60-441b-8959-069cd71af48c/element/3/location 200 16 ms - 89 
[HTTP] --> POST /wd/hub/session/3ba16719-2b60-441b-8959-069cd71af48c/touch/perform {"actions":[{"action":"press","options":{"element":"3"}},{"action":"wait","options":{"ms":1}},{"action":"release","options":{}}]}
[HTTP] <-- POST /wd/hub/session/3ba16719-2b60-441b-8959-069cd71af48c/touch/perform 200 65 ms - 76 
[HTTP] --> GET /wd/hub/session/3ba16719-2b60-441b-8959-069cd71af48c/window/current/size {}
[HTTP] <-- GET /wd/hub/session/3ba16719-2b60-441b-8959-069cd71af48c/window/current/size 200 8 ms - 100 
[HTTP] --> POST /wd/hub/session/3ba16719-2b60-441b-8959-069cd71af48c/elements {"using":"-android uiautomator","value":"new UiSelector().description(\"LoginJumpNextBtn\")"}
[HTTP] <-- POST /wd/hub/session/3ba16719-2b60-441b-8959-069cd71af48c/elements 200 1663 ms - 89 
[HTTP] --> GET /wd/hub/session/3ba16719-2b60-441b-8959-069cd71af48c/element/4/location {}
[HTTP] <-- GET /wd/hub/session/3ba16719-2b60-441b-8959-069cd71af48c/element/4/location 200 39 ms - 89 
[HTTP] --> GET /wd/hub/session/3ba16719-2b60-441b-8959-069cd71af48c/window/current/size {}
[HTTP] <-- GET /wd/hub/session/3ba16719-2b60-441b-8959-069cd71af48c/window/current/size 200 7 ms - 100 
[HTTP] --> POST /wd/hub/session/3ba16719-2b60-441b-8959-069cd71af48c/elements {"using":"-android uiautomator","value":"new UiSelector().description(\"LupaPinBtn\")"}
[HTTP] <-- POST /wd/hub/session/3ba16719-2b60-441b-8959-069cd71af48c/elements 200 57 ms - 89 
[HTTP] --> GET /wd/hub/session/3ba16719-2b60-441b-8959-069cd71af48c/element/5/location {}
[HTTP] <-- GET /wd/hub/session/3ba16719-2b60-441b-8959-069cd71af48c/element/5/location 200 60 ms - 89 
[HTTP] --> POST /wd/hub/session/3ba16719-2b60-441b-8959-069cd71af48c/touch/perform {"actions":[{"action":"press","options":{"element":"5"}},{"action":"wait","options":{"ms":1}},{"action":"release","options":{}}]}
[HTTP] <-- POST /wd/hub/session/3ba16719-2b60-441b-8959-069cd71af48c/touch/perform 200 92 ms - 76 
[HTTP] --> GET /wd/hub/session/3ba16719-2b60-441b-8959-069cd71af48c/window/current/size {}
[HTTP] <-- GET /wd/hub/session/3ba16719-2b60-441b-8959-069cd71af48c/window/current/size 200 7 ms - 100 
[HTTP] --> POST /wd/hub/session/3ba16719-2b60-441b-8959-069cd71af48c/elements {"using":"xpath","value":"//hierarchy/android.widget.FrameLayout[1]/android.widget.LinearLayout[1]/android.widget.FrameLayout[1]/android.widget.FrameLayout[1]/android.view.View[1]/android.view.View[1]/android.view.View[1]/android.view.View[1]/android.view.View[1]/android.support.v4.widget.DrawerLayout[1]/android.view.View[1]/android.view.View[1]/android.view.View[1]/android.view.View[1]/android.view.View[1]"}
[HTTP] <-- POST /wd/hub/session/3ba16719-2b60-441b-8959-069cd71af48c/elements 200 328 ms - 74 
[HTTP] --> POST /wd/hub/session/3ba16719-2b60-441b-8959-069cd71af48c/elements {"using":"xpath","value":"//hierarchy/android.widget.FrameLayout[1]/android.widget.LinearLayout[1]/android.widget.FrameLayout[1]/android.widget.FrameLayout[1]/android.view.View[1]/android.view.View[1]/android.view.View[1]/android.view.View[1]/android.view.View[1]/android.support.v4.widget.DrawerLayout[1]/android.view.View[1]/android.view.View[1]/android.view.View[1]/android.view.View[1]/android.view.View[1]"}
[HTTP] <-- POST /wd/hub/session/3ba16719-2b60-441b-8959-069cd71af48c/elements 200 115 ms - 74 
[HTTP] --> POST /wd/hub/session/3ba16719-2b60-441b-8959-069cd71af48c/elements {"using":"xpath","value":"//hierarchy/android.widget.FrameLayout[1]/android.widget.LinearLayout[1]/android.widget.FrameLayout[1]/android.widget.FrameLayout[1]/android.view.View[1]/android.view.View[1]/android.view.View[1]/android.view.View[1]/android.view.View[1]/android.support.v4.widget.DrawerLayout[1]/android.view.View[1]/android.view.View[1]/android.view.View[1]/android.view.View[1]/android.view.View[1]"}
[HTTP] <-- POST /wd/hub/session/3ba16719-2b60-441b-8959-069cd71af48c/elements 200 120 ms - 74 
[HTTP] --> POST /wd/hub/session/3ba16719-2b60-441b-8959-069cd71af48c/elements {"using":"xpath","value":"//hierarchy/android.widget.FrameLayout[1]/android.widget.LinearLayout[1]/android.widget.FrameLayout[1]/android.widget.FrameLayout[1]/android.view.View[1]/android.view.View[1]/android.view.View[1]/android.view.View[1]/android.view.View[1]/android.support.v4.widget.DrawerLayout[1]/android.view.View[1]/android.view.View[1]/android.view.View[1]/android.view.View[1]/android.view.View[1]"}
[HTTP] <-- POST /wd/hub/session/3ba16719-2b60-441b-8959-069cd71af48c/elements 200 1460 ms - 89 
[HTTP] --> GET /wd/hub/session/3ba16719-2b60-441b-8959-069cd71af48c/element/6/location {}
[HTTP] <-- GET /wd/hub/session/3ba16719-2b60-441b-8959-069cd71af48c/element/6/location 200 26 ms - 87 
[HTTP] --> POST /wd/hub/session/3ba16719-2b60-441b-8959-069cd71af48c/touch/perform {"actions":[{"action":"press","options":{"element":"6"}},{"action":"wait","options":{"ms":1}},{"action":"release","options":{}}]}
[HTTP] <-- POST /wd/hub/session/3ba16719-2b60-441b-8959-069cd71af48c/touch/perform 200 120 ms - 76 
[HTTP] --> GET /wd/hub/session/3ba16719-2b60-441b-8959-069cd71af48c/window/current/size {}
[HTTP] <-- GET /wd/hub/session/3ba16719-2b60-441b-8959-069cd71af48c/window/current/size 200 7 ms - 100 
[HTTP] --> POST /wd/hub/session/3ba16719-2b60-441b-8959-069cd71af48c/elements {"using":"-android uiautomator","value":"new UiSelector().text(\"Operasional\")"}
[HTTP] <-- POST /wd/hub/session/3ba16719-2b60-441b-8959-069cd71af48c/elements 200 1880 ms - 89 
[HTTP] --> GET /wd/hub/session/3ba16719-2b60-441b-8959-069cd71af48c/element/7/location {}
[HTTP] <-- GET /wd/hub/session/3ba16719-2b60-441b-8959-069cd71af48c/element/7/location 200 28 ms - 89 
[HTTP] --> POST /wd/hub/session/3ba16719-2b60-441b-8959-069cd71af48c/touch/perform {"actions":[{"action":"press","options":{"element":"7"}},{"action":"wait","options":{"ms":1}},{"action":"release","options":{}}]}
[HTTP] <-- POST /wd/hub/session/3ba16719-2b60-441b-8959-069cd71af48c/touch/perform 200 131 ms - 76 
[HTTP] --> GET /wd/hub/session/3ba16719-2b60-441b-8959-069cd71af48c/window/current/size {}
[HTTP] <-- GET /wd/hub/session/3ba16719-2b60-441b-8959-069cd71af48c/window/current/size 200 17 ms - 100 
[HTTP] --> POST /wd/hub/session/3ba16719-2b60-441b-8959-069cd71af48c/elements {"using":"-android uiautomator","value":"new UiSelector().text(\"Stok\")"}
[HTTP] <-- POST /wd/hub/session/3ba16719-2b60-441b-8959-069cd71af48c/elements 200 149 ms - 74 
[HTTP] --> POST /wd/hub/session/3ba16719-2b60-441b-8959-069cd71af48c/elements {"using":"-android uiautomator","value":"new UiSelector().text(\"Stok\")"}
[HTTP] <-- POST /wd/hub/session/3ba16719-2b60-441b-8959-069cd71af48c/elements 200 2555 ms - 89 
[HTTP] --> GET /wd/hub/session/3ba16719-2b60-441b-8959-069cd71af48c/element/8/location {}
[HTTP] <-- GET /wd/hub/session/3ba16719-2b60-441b-8959-069cd71af48c/element/8/location 200 39 ms - 89 
[HTTP] --> POST /wd/hub/session/3ba16719-2b60-441b-8959-069cd71af48c/touch/perform {"actions":[{"action":"press","options":{"element":"8"}},{"action":"wait","options":{"ms":1}},{"action":"release","options":{}}]}
[HTTP] <-- POST /wd/hub/session/3ba16719-2b60-441b-8959-069cd71af48c/touch/perform 200 1133 ms - 76 
[HTTP] --> GET /wd/hub/session/3ba16719-2b60-441b-8959-069cd71af48c/context {}
[HTTP] <-- GET /wd/hub/session/3ba16719-2b60-441b-8959-069cd71af48c/context 200 3 ms - 84 
[HTTP] --> GET /wd/hub/session/3ba16719-2b60-441b-8959-069cd71af48c/contexts {}
[HTTP] <-- GET /wd/hub/session/3ba16719-2b60-441b-8959-069cd71af48c/contexts 200 2281 ms - 86 
[HTTP] --> POST /wd/hub/session/3ba16719-2b60-441b-8959-069cd71af48c/context {"name":"NATIVE_APP"}
[HTTP] <-- POST /wd/hub/session/3ba16719-2b60-441b-8959-069cd71af48c/context 200 2136 ms - 76 
[HTTP] --> POST /wd/hub/session/3ba16719-2b60-441b-8959-069cd71af48c/touch/perform {"actions":[{"action":"press","options":{"x":0,"y":1692}},{"action":"wait","options":{"ms":500}},{"action":"moveTo","options":{"x":0,"y":720}},{"action":"release","options":{}}]}
[HTTP] <-- POST /wd/hub/session/3ba16719-2b60-441b-8959-069cd71af48c/touch/perform 200 266 ms - 76 
[HTTP] --> POST /wd/hub/session/3ba16719-2b60-441b-8959-069cd71af48c/context {"name":"NATIVE_APP"}
[HTTP] <-- POST /wd/hub/session/3ba16719-2b60-441b-8959-069cd71af48c/context 200 2056 ms - 76 
[HTTP] --> GET /wd/hub/session/3ba16719-2b60-441b-8959-069cd71af48c/context {}
[HTTP] <-- GET /wd/hub/session/3ba16719-2b60-441b-8959-069cd71af48c/context 200 2 ms - 84 
[HTTP] --> GET /wd/hub/session/3ba16719-2b60-441b-8959-069cd71af48c/contexts {}
[HTTP] <-- GET /wd/hub/session/3ba16719-2b60-441b-8959-069cd71af48c/contexts 200 2062 ms - 86 
[HTTP] --> POST /wd/hub/session/3ba16719-2b60-441b-8959-069cd71af48c/context {"name":"NATIVE_APP"}
[HTTP] <-- POST /wd/hub/session/3ba16719-2b60-441b-8959-069cd71af48c/context 200 2158 ms - 76 
[HTTP] --> POST /wd/hub/session/3ba16719-2b60-441b-8959-069cd71af48c/touch/perform {"actions":[{"action":"press","options":{"x":0,"y":1692}},{"action":"wait","options":{"ms":500}},{"action":"moveTo","options":{"x":0,"y":720}},{"action":"release","options":{}}]}
[HTTP] <-- POST /wd/hub/session/3ba16719-2b60-441b-8959-069cd71af48c/touch/perform 200 230 ms - 76 
[HTTP] --> POST /wd/hub/session/3ba16719-2b60-441b-8959-069cd71af48c/context {"name":"NATIVE_APP"}
[HTTP] <-- POST /wd/hub/session/3ba16719-2b60-441b-8959-069cd71af48c/context 200 3933 ms - 76 
[HTTP] --> GET /wd/hub/session/3ba16719-2b60-441b-8959-069cd71af48c/context {}
[HTTP] <-- GET /wd/hub/session/3ba16719-2b60-441b-8959-069cd71af48c/context 200 8 ms - 84 
[HTTP] --> GET /wd/hub/session/3ba16719-2b60-441b-8959-069cd71af48c/contexts {}
[HTTP] <-- GET /wd/hub/session/3ba16719-2b60-441b-8959-069cd71af48c/contexts 200 2424 ms - 86 
[HTTP] --> POST /wd/hub/session/3ba16719-2b60-441b-8959-069cd71af48c/context {"name":"NATIVE_APP"}
[HTTP] <-- POST /wd/hub/session/3ba16719-2b60-441b-8959-069cd71af48c/context 200 2325 ms - 76 
[HTTP] --> POST /wd/hub/session/3ba16719-2b60-441b-8959-069cd71af48c/touch/perform {"actions":[{"action":"press","options":{"x":0,"y":1692}},{"action":"wait","options":{"ms":500}},{"action":"moveTo","options":{"x":0,"y":720}},{"action":"release","options":{}}]}
[HTTP] <-- POST /wd/hub/session/3ba16719-2b60-441b-8959-069cd71af48c/touch/perform 200 234 ms - 76 
[HTTP] --> POST /wd/hub/session/3ba16719-2b60-441b-8959-069cd71af48c/context {"name":"NATIVE_APP"}
[HTTP] <-- POST /wd/hub/session/3ba16719-2b60-441b-8959-069cd71af48c/context 200 2306 ms - 76 
[HTTP] --> GET /wd/hub/session/3ba16719-2b60-441b-8959-069cd71af48c/context {}
[HTTP] <-- GET /wd/hub/session/3ba16719-2b60-441b-8959-069cd71af48c/context 200 10 ms - 84 
[HTTP] --> GET /wd/hub/session/3ba16719-2b60-441b-8959-069cd71af48c/contexts {}
[HTTP] <-- GET /wd/hub/session/3ba16719-2b60-441b-8959-069cd71af48c/contexts 200 2381 ms - 86 
[HTTP] --> POST /wd/hub/session/3ba16719-2b60-441b-8959-069cd71af48c/context {"name":"NATIVE_APP"}
[HTTP] <-- POST /wd/hub/session/3ba16719-2b60-441b-8959-069cd71af48c/context 200 2418 ms - 76 
[HTTP] --> POST /wd/hub/session/3ba16719-2b60-441b-8959-069cd71af48c/touch/perform {"actions":[{"action":"press","options":{"x":0,"y":1692}},{"action":"wait","options":{"ms":500}},{"action":"moveTo","options":{"x":0,"y":720}},{"action":"release","options":{}}]}
[HTTP] <-- POST /wd/hub/session/3ba16719-2b60-441b-8959-069cd71af48c/touch/perform 200 466 ms - 76 
[HTTP] --> POST /wd/hub/session/3ba16719-2b60-441b-8959-069cd71af48c/context {"name":"NATIVE_APP"}
[HTTP] <-- POST /wd/hub/session/3ba16719-2b60-441b-8959-069cd71af48c/context 200 2194 ms - 76 
[HTTP] --> GET /wd/hub/session/3ba16719-2b60-441b-8959-069cd71af48c/context {}
[HTTP] <-- GET /wd/hub/session/3ba16719-2b60-441b-8959-069cd71af48c/context 200 13 ms - 84 
[HTTP] --> GET /wd/hub/session/3ba16719-2b60-441b-8959-069cd71af48c/contexts {}
[HTTP] <-- GET /wd/hub/session/3ba16719-2b60-441b-8959-069cd71af48c/contexts 200 2189 ms - 86 
[HTTP] --> POST /wd/hub/session/3ba16719-2b60-441b-8959-069cd71af48c/context {"name":"NATIVE_APP"}
[HTTP] <-- POST /wd/hub/session/3ba16719-2b60-441b-8959-069cd71af48c/context 200 2108 ms - 76 
[HTTP] --> POST /wd/hub/session/3ba16719-2b60-441b-8959-069cd71af48c/touch/perform {"actions":[{"action":"press","options":{"x":0,"y":1692}},{"action":"wait","options":{"ms":500}},{"action":"moveTo","options":{"x":0,"y":720}},{"action":"release","options":{}}]}
[HTTP] <-- POST /wd/hub/session/3ba16719-2b60-441b-8959-069cd71af48c/touch/perform 200 239 ms - 76 
[HTTP] --> POST /wd/hub/session/3ba16719-2b60-441b-8959-069cd71af48c/context {"name":"NATIVE_APP"}
[HTTP] <-- POST /wd/hub/session/3ba16719-2b60-441b-8959-069cd71af48c/context 200 2117 ms - 76 
[HTTP] --> GET /wd/hub/session/3ba16719-2b60-441b-8959-069cd71af48c/context {}
[HTTP] <-- GET /wd/hub/session/3ba16719-2b60-441b-8959-069cd71af48c/context 200 6 ms - 84 
[HTTP] --> GET /wd/hub/session/3ba16719-2b60-441b-8959-069cd71af48c/contexts {}
[HTTP] <-- GET /wd/hub/session/3ba16719-2b60-441b-8959-069cd71af48c/contexts 200 2141 ms - 86 
[HTTP] --> POST /wd/hub/session/3ba16719-2b60-441b-8959-069cd71af48c/context {"name":"NATIVE_APP"}
[HTTP] <-- POST /wd/hub/session/3ba16719-2b60-441b-8959-069cd71af48c/context 200 2127 ms - 76 
[HTTP] --> POST /wd/hub/session/3ba16719-2b60-441b-8959-069cd71af48c/touch/perform {"actions":[{"action":"press","options":{"x":0,"y":1692}},{"action":"wait","options":{"ms":500}},{"action":"moveTo","options":{"x":0,"y":720}},{"action":"release","options":{}}]}
[HTTP] <-- POST /wd/hub/session/3ba16719-2b60-441b-8959-069cd71af48c/touch/perform 200 470 ms - 76 
[HTTP] --> POST /wd/hub/session/3ba16719-2b60-441b-8959-069cd71af48c/context {"name":"NATIVE_APP"}
[HTTP] <-- POST /wd/hub/session/3ba16719-2b60-441b-8959-069cd71af48c/context 200 4617 ms - 76 
[HTTP] --> GET /wd/hub/session/3ba16719-2b60-441b-8959-069cd71af48c/window/current/size {}
[HTTP] <-- GET /wd/hub/session/3ba16719-2b60-441b-8959-069cd71af48c/window/current/size 200 6 ms - 100 
[HTTP] --> POST /wd/hub/session/3ba16719-2b60-441b-8959-069cd71af48c/elements {"using":"-android uiautomator","value":"new UiSelector().text(\"Sirup Sarang Tawon\")"}
[HTTP] <-- POST /wd/hub/session/3ba16719-2b60-441b-8959-069cd71af48c/elements 200 2986 ms - 89 
[HTTP] --> GET /wd/hub/session/3ba16719-2b60-441b-8959-069cd71af48c/element/9/location {}
[HTTP] <-- GET /wd/hub/session/3ba16719-2b60-441b-8959-069cd71af48c/element/9/location 200 164 ms - 90 
[HTTP] --> POST /wd/hub/session/3ba16719-2b60-441b-8959-069cd71af48c/touch/perform {"actions":[{"action":"press","options":{"element":"9"}},{"action":"wait","options":{"ms":1}},{"action":"release","options":{}}]}
[HTTP] <-- POST /wd/hub/session/3ba16719-2b60-441b-8959-069cd71af48c/touch/perform 200 832 ms - 76 
[HTTP] --> GET /wd/hub/session/3ba16719-2b60-441b-8959-069cd71af48c/context {}
[HTTP] <-- GET /wd/hub/session/3ba16719-2b60-441b-8959-069cd71af48c/context 200 8 ms - 84 
[HTTP] --> GET /wd/hub/session/3ba16719-2b60-441b-8959-069cd71af48c/contexts {}
[HTTP] <-- GET /wd/hub/session/3ba16719-2b60-441b-8959-069cd71af48c/contexts 200 2093 ms - 86 
[HTTP] --> POST /wd/hub/session/3ba16719-2b60-441b-8959-069cd71af48c/context {"name":"NATIVE_APP"}
[HTTP] <-- POST /wd/hub/session/3ba16719-2b60-441b-8959-069cd71af48c/context 200 2129 ms - 76 
[HTTP] --> POST /wd/hub/session/3ba16719-2b60-441b-8959-069cd71af48c/touch/perform {"actions":[{"action":"press","options":{"x":48,"y":1728}},{"action":"wait","options":{"ms":500}},{"action":"moveTo","options":{"x":48,"y":888}},{"action":"release","options":{}}]}
[HTTP] <-- POST /wd/hub/session/3ba16719-2b60-441b-8959-069cd71af48c/touch/perform 200 623 ms - 76 
[HTTP] --> POST /wd/hub/session/3ba16719-2b60-441b-8959-069cd71af48c/context {"name":"NATIVE_APP"}
[HTTP] <-- POST /wd/hub/session/3ba16719-2b60-441b-8959-069cd71af48c/context 200 2118 ms - 76 
[HTTP] --> GET /wd/hub/session/3ba16719-2b60-441b-8959-069cd71af48c/context {}
[HTTP] <-- GET /wd/hub/session/3ba16719-2b60-441b-8959-069cd71af48c/context 200 10 ms - 84 
[HTTP] --> GET /wd/hub/session/3ba16719-2b60-441b-8959-069cd71af48c/contexts {}
[HTTP] <-- GET /wd/hub/session/3ba16719-2b60-441b-8959-069cd71af48c/contexts 200 2112 ms - 86 
[HTTP] --> POST /wd/hub/session/3ba16719-2b60-441b-8959-069cd71af48c/context {"name":"NATIVE_APP"}
[HTTP] <-- POST /wd/hub/session/3ba16719-2b60-441b-8959-069cd71af48c/context 200 2123 ms - 76 
[HTTP] --> POST /wd/hub/session/3ba16719-2b60-441b-8959-069cd71af48c/touch/perform {"actions":[{"action":"press","options":{"x":48,"y":888}},{"action":"wait","options":{"ms":500}},{"action":"moveTo","options":{"x":48,"y":1728}},{"action":"release","options":{}}]}
[HTTP] <-- POST /wd/hub/session/3ba16719-2b60-441b-8959-069cd71af48c/touch/perform 200 232 ms - 76 
[HTTP] --> POST /wd/hub/session/3ba16719-2b60-441b-8959-069cd71af48c/context {"name":"NATIVE_APP"}
[HTTP] <-- POST /wd/hub/session/3ba16719-2b60-441b-8959-069cd71af48c/context 200 2054 ms - 76 
[HTTP] --> GET /wd/hub/session/3ba16719-2b60-441b-8959-069cd71af48c/window/current/size {}
[HTTP] <-- GET /wd/hub/session/3ba16719-2b60-441b-8959-069cd71af48c/window/current/size 200 7 ms - 100 
[HTTP] --> POST /wd/hub/session/3ba16719-2b60-441b-8959-069cd71af48c/elements {"using":"-android uiautomator","value":"new UiSelector().text(\"INFO SUPPLIER\")"}
[HTTP] <-- POST /wd/hub/session/3ba16719-2b60-441b-8959-069cd71af48c/elements 200 1241 ms - 90 
[HTTP] --> GET /wd/hub/session/3ba16719-2b60-441b-8959-069cd71af48c/element/10/location {}
[HTTP] <-- GET /wd/hub/session/3ba16719-2b60-441b-8959-069cd71af48c/element/10/location 200 106 ms - 89 
[HTTP] --> POST /wd/hub/session/3ba16719-2b60-441b-8959-069cd71af48c/touch/perform {"actions":[{"action":"press","options":{"element":"10"}},{"action":"wait","options":{"ms":1}},{"action":"release","options":{}}]}
[HTTP] <-- POST /wd/hub/session/3ba16719-2b60-441b-8959-069cd71af48c/touch/perform 200 998 ms - 76 
[HTTP] --> GET /wd/hub/session/3ba16719-2b60-441b-8959-069cd71af48c/window/current/size {}
[HTTP] <-- GET /wd/hub/session/3ba16719-2b60-441b-8959-069cd71af48c/window/current/size 200 9 ms - 100 
[HTTP] --> POST /wd/hub/session/3ba16719-2b60-441b-8959-069cd71af48c/elements {"using":"-android uiautomator","value":"new UiSelector().text(\"INFO STOK\")"}
[HTTP] <-- POST /wd/hub/session/3ba16719-2b60-441b-8959-069cd71af48c/elements 200 2676 ms - 90 
[HTTP] --> GET /wd/hub/session/3ba16719-2b60-441b-8959-069cd71af48c/element/11/location {}
[HTTP] <-- GET /wd/hub/session/3ba16719-2b60-441b-8959-069cd71af48c/element/11/location 200 90 ms - 89 
[HTTP] --> POST /wd/hub/session/3ba16719-2b60-441b-8959-069cd71af48c/touch/perform {"actions":[{"action":"press","options":{"element":"11"}},{"action":"wait","options":{"ms":1}},{"action":"release","options":{}}]}
[HTTP] <-- POST /wd/hub/session/3ba16719-2b60-441b-8959-069cd71af48c/touch/perform 200 1994 ms - 76 
[HTTP] --> GET /wd/hub/session/3ba16719-2b60-441b-8959-069cd71af48c/context {}
[HTTP] <-- GET /wd/hub/session/3ba16719-2b60-441b-8959-069cd71af48c/context 200 7 ms - 84 
[HTTP] --> GET /wd/hub/session/3ba16719-2b60-441b-8959-069cd71af48c/contexts {}
[HTTP] <-- GET /wd/hub/session/3ba16719-2b60-441b-8959-069cd71af48c/contexts 200 3115 ms - 86 
[HTTP] --> POST /wd/hub/session/3ba16719-2b60-441b-8959-069cd71af48c/context {"name":"NATIVE_APP"}
[HTTP] <-- POST /wd/hub/session/3ba16719-2b60-441b-8959-069cd71af48c/context 200 2422 ms - 76 
[HTTP] --> POST /wd/hub/session/3ba16719-2b60-441b-8959-069cd71af48c/touch/perform {"actions":[{"action":"press","options":{"x":48,"y":1728}},{"action":"wait","options":{"ms":500}},{"action":"moveTo","options":{"x":48,"y":888}},{"action":"release","options":{}}]}
[HTTP] <-- POST /wd/hub/session/3ba16719-2b60-441b-8959-069cd71af48c/touch/perform 200 513 ms - 76 
[HTTP] --> POST /wd/hub/session/3ba16719-2b60-441b-8959-069cd71af48c/context {"name":"NATIVE_APP"}
[HTTP] <-- POST /wd/hub/session/3ba16719-2b60-441b-8959-069cd71af48c/context 200 2253 ms - 76 
[HTTP] --> GET /wd/hub/session/3ba16719-2b60-441b-8959-069cd71af48c/window/current/size {}
[HTTP] <-- GET /wd/hub/session/3ba16719-2b60-441b-8959-069cd71af48c/window/current/size 200 5 ms - 100 
[HTTP] --> POST /wd/hub/session/3ba16719-2b60-441b-8959-069cd71af48c/elements {"using":"-android uiautomator","value":"new UiSelector().description(\"ubahinfoButton\")"}
[HTTP] <-- POST /wd/hub/session/3ba16719-2b60-441b-8959-069cd71af48c/elements 200 729 ms - 90 
[HTTP] --> GET /wd/hub/session/3ba16719-2b60-441b-8959-069cd71af48c/element/12/location {}
[HTTP] <-- GET /wd/hub/session/3ba16719-2b60-441b-8959-069cd71af48c/element/12/location 200 88 ms - 90 
[HTTP] --> POST /wd/hub/session/3ba16719-2b60-441b-8959-069cd71af48c/touch/perform {"actions":[{"action":"press","options":{"element":"12"}},{"action":"wait","options":{"ms":1}},{"action":"release","options":{}}]}
[HTTP] <-- POST /wd/hub/session/3ba16719-2b60-441b-8959-069cd71af48c/touch/perform 200 474 ms - 76 
[HTTP] --> GET /wd/hub/session/3ba16719-2b60-441b-8959-069cd71af48c/window/current/size {}
[HTTP] <-- GET /wd/hub/session/3ba16719-2b60-441b-8959-069cd71af48c/window/current/size 200 8 ms - 100 
[HTTP] --> POST /wd/hub/session/3ba16719-2b60-441b-8959-069cd71af48c/elements {"using":"-android uiautomator","value":"new UiSelector().description(\"productStockMinusBtn\")"}
[HTTP] <-- POST /wd/hub/session/3ba16719-2b60-441b-8959-069cd71af48c/elements 200 4929 ms - 90 
[HTTP] --> GET /wd/hub/session/3ba16719-2b60-441b-8959-069cd71af48c/element/13/location {}
[HTTP] <-- GET /wd/hub/session/3ba16719-2b60-441b-8959-069cd71af48c/element/13/location 200 96 ms - 89 
[HTTP] --> POST /wd/hub/session/3ba16719-2b60-441b-8959-069cd71af48c/touch/perform {"actions":[{"action":"press","options":{"element":"13"}},{"action":"wait","options":{"ms":1}},{"action":"release","options":{}}]}
[HTTP] <-- POST /wd/hub/session/3ba16719-2b60-441b-8959-069cd71af48c/touch/perform 200 2926 ms - 76 
[HTTP] --> GET /wd/hub/session/3ba16719-2b60-441b-8959-069cd71af48c/window/current/size {}
[HTTP] <-- GET /wd/hub/session/3ba16719-2b60-441b-8959-069cd71af48c/window/current/size 200 9 ms - 100 
[HTTP] --> POST /wd/hub/session/3ba16719-2b60-441b-8959-069cd71af48c/elements {"using":"-android uiautomator","value":"new UiSelector().description(\"productStockMinusBtn\")"}
[HTTP] <-- POST /wd/hub/session/3ba16719-2b60-441b-8959-069cd71af48c/elements 200 990 ms - 90 
[HTTP] --> GET /wd/hub/session/3ba16719-2b60-441b-8959-069cd71af48c/element/14/location {}
[HTTP] <-- GET /wd/hub/session/3ba16719-2b60-441b-8959-069cd71af48c/element/14/location 200 101 ms - 89 
[HTTP] --> POST /wd/hub/session/3ba16719-2b60-441b-8959-069cd71af48c/touch/perform {"actions":[{"action":"press","options":{"element":"14"}},{"action":"wait","options":{"ms":1}},{"action":"release","options":{}}]}
[HTTP] <-- POST /wd/hub/session/3ba16719-2b60-441b-8959-069cd71af48c/touch/perform 200 2109 ms - 76 
[HTTP] --> GET /wd/hub/session/3ba16719-2b60-441b-8959-069cd71af48c/window/current/size {}
[HTTP] <-- GET /wd/hub/session/3ba16719-2b60-441b-8959-069cd71af48c/window/current/size 200 12 ms - 100 
[HTTP] --> POST /wd/hub/session/3ba16719-2b60-441b-8959-069cd71af48c/elements {"using":"-android uiautomator","value":"new UiSelector().description(\"productStockMinusBtn\")"}
[HTTP] <-- POST /wd/hub/session/3ba16719-2b60-441b-8959-069cd71af48c/elements 200 1145 ms - 90 
[HTTP] --> GET /wd/hub/session/3ba16719-2b60-441b-8959-069cd71af48c/element/15/location {}
[HTTP] <-- GET /wd/hub/session/3ba16719-2b60-441b-8959-069cd71af48c/element/15/location 200 82 ms - 89 
[HTTP] --> POST /wd/hub/session/3ba16719-2b60-441b-8959-069cd71af48c/touch/perform {"actions":[{"action":"press","options":{"element":"15"}},{"action":"wait","options":{"ms":1}},{"action":"release","options":{}}]}
[HTTP] <-- POST /wd/hub/session/3ba16719-2b60-441b-8959-069cd71af48c/touch/perform 200 393 ms - 76 
[HTTP] --> GET /wd/hub/session/3ba16719-2b60-441b-8959-069cd71af48c/window/current/size {}
[HTTP] <-- GET /wd/hub/session/3ba16719-2b60-441b-8959-069cd71af48c/window/current/size 200 23 ms - 100 
[HTTP] --> POST /wd/hub/session/3ba16719-2b60-441b-8959-069cd71af48c/elements {"using":"-android uiautomator","value":"new UiSelector().description(\"productStockMinusBtn\")"}
[HTTP] <-- POST /wd/hub/session/3ba16719-2b60-441b-8959-069cd71af48c/elements 200 1217 ms - 90 
[HTTP] --> GET /wd/hub/session/3ba16719-2b60-441b-8959-069cd71af48c/element/16/location {}
[HTTP] <-- GET /wd/hub/session/3ba16719-2b60-441b-8959-069cd71af48c/element/16/location 200 954 ms - 89 
[HTTP] --> POST /wd/hub/session/3ba16719-2b60-441b-8959-069cd71af48c/touch/perform {"actions":[{"action":"press","options":{"element":"16"}},{"action":"wait","options":{"ms":1}},{"action":"release","options":{}}]}
[HTTP] <-- POST /wd/hub/session/3ba16719-2b60-441b-8959-069cd71af48c/touch/perform 200 535 ms - 76 
[HTTP] --> GET /wd/hub/session/3ba16719-2b60-441b-8959-069cd71af48c/window/current/size {}
[HTTP] <-- GET /wd/hub/session/3ba16719-2b60-441b-8959-069cd71af48c/window/current/size 200 10 ms - 100 
[HTTP] --> POST /wd/hub/session/3ba16719-2b60-441b-8959-069cd71af48c/elements {"using":"-android uiautomator","value":"new UiSelector().description(\"productStockMinusBtn\")"}
[HTTP] <-- POST /wd/hub/session/3ba16719-2b60-441b-8959-069cd71af48c/elements 200 4079 ms - 90 
[HTTP] --> GET /wd/hub/session/3ba16719-2b60-441b-8959-069cd71af48c/element/17/location {}
[HTTP] <-- GET /wd/hub/session/3ba16719-2b60-441b-8959-069cd71af48c/element/17/location 200 91 ms - 89 
[HTTP] --> POST /wd/hub/session/3ba16719-2b60-441b-8959-069cd71af48c/touch/perform {"actions":[{"action":"press","options":{"element":"17"}},{"action":"wait","options":{"ms":1}},{"action":"release","options":{}}]}
[HTTP] <-- POST /wd/hub/session/3ba16719-2b60-441b-8959-069cd71af48c/touch/perform 200 1217 ms - 76 
[HTTP] --> GET /wd/hub/session/3ba16719-2b60-441b-8959-069cd71af48c/window/current/size {}
[HTTP] <-- GET /wd/hub/session/3ba16719-2b60-441b-8959-069cd71af48c/window/current/size 200 11 ms - 100 
[HTTP] --> POST /wd/hub/session/3ba16719-2b60-441b-8959-069cd71af48c/elements {"using":"-android uiautomator","value":"new UiSelector().description(\"productStockMinusBtn\")"}
[HTTP] <-- POST /wd/hub/session/3ba16719-2b60-441b-8959-069cd71af48c/elements 200 2044 ms - 90 
[HTTP] --> GET /wd/hub/session/3ba16719-2b60-441b-8959-069cd71af48c/element/18/location {}
[HTTP] <-- GET /wd/hub/session/3ba16719-2b60-441b-8959-069cd71af48c/element/18/location 200 582 ms - 89 
[HTTP] --> POST /wd/hub/session/3ba16719-2b60-441b-8959-069cd71af48c/touch/perform {"actions":[{"action":"press","options":{"element":"18"}},{"action":"wait","options":{"ms":1}},{"action":"release","options":{}}]}
[HTTP] <-- POST /wd/hub/session/3ba16719-2b60-441b-8959-069cd71af48c/touch/perform 200 520 ms - 76 
[HTTP] --> GET /wd/hub/session/3ba16719-2b60-441b-8959-069cd71af48c/window/current/size {}
[HTTP] <-- GET /wd/hub/session/3ba16719-2b60-441b-8959-069cd71af48c/window/current/size 200 6 ms - 100 
[HTTP] --> POST /wd/hub/session/3ba16719-2b60-441b-8959-069cd71af48c/elements {"using":"-android uiautomator","value":"new UiSelector().description(\"productStockPlusBtn\")"}
[HTTP] <-- POST /wd/hub/session/3ba16719-2b60-441b-8959-069cd71af48c/elements 200 1427 ms - 90 
[HTTP] --> GET /wd/hub/session/3ba16719-2b60-441b-8959-069cd71af48c/element/19/location {}
[HTTP] <-- GET /wd/hub/session/3ba16719-2b60-441b-8959-069cd71af48c/element/19/location 200 107 ms - 89 
[HTTP] --> POST /wd/hub/session/3ba16719-2b60-441b-8959-069cd71af48c/touch/perform {"actions":[{"action":"press","options":{"element":"19"}},{"action":"wait","options":{"ms":1}},{"action":"release","options":{}}]}
[HTTP] <-- POST /wd/hub/session/3ba16719-2b60-441b-8959-069cd71af48c/touch/perform 200 515 ms - 76 
[HTTP] --> GET /wd/hub/session/3ba16719-2b60-441b-8959-069cd71af48c/window/current/size {}
[HTTP] <-- GET /wd/hub/session/3ba16719-2b60-441b-8959-069cd71af48c/window/current/size 200 10 ms - 100 
[HTTP] --> POST /wd/hub/session/3ba16719-2b60-441b-8959-069cd71af48c/elements {"using":"-android uiautomator","value":"new UiSelector().description(\"productStockPlusBtn\")"}
[HTTP] <-- POST /wd/hub/session/3ba16719-2b60-441b-8959-069cd71af48c/elements 200 1115 ms - 90 
[HTTP] --> GET /wd/hub/session/3ba16719-2b60-441b-8959-069cd71af48c/element/20/location {}
[HTTP] <-- GET /wd/hub/session/3ba16719-2b60-441b-8959-069cd71af48c/element/20/location 200 94 ms - 89 
[HTTP] --> POST /wd/hub/session/3ba16719-2b60-441b-8959-069cd71af48c/touch/perform {"actions":[{"action":"press","options":{"element":"20"}},{"action":"wait","options":{"ms":1}},{"action":"release","options":{}}]}
[HTTP] <-- POST /wd/hub/session/3ba16719-2b60-441b-8959-069cd71af48c/touch/perform 200 1290 ms - 76 
[HTTP] --> GET /wd/hub/session/3ba16719-2b60-441b-8959-069cd71af48c/window/current/size {}
[HTTP] <-- GET /wd/hub/session/3ba16719-2b60-441b-8959-069cd71af48c/window/current/size 200 8 ms - 100 
[HTTP] --> POST /wd/hub/session/3ba16719-2b60-441b-8959-069cd71af48c/elements {"using":"-android uiautomator","value":"new UiSelector().description(\"productStockPlusBtn\")"}
[HTTP] <-- POST /wd/hub/session/3ba16719-2b60-441b-8959-069cd71af48c/elements 200 1059 ms - 90 
[HTTP] --> GET /wd/hub/session/3ba16719-2b60-441b-8959-069cd71af48c/element/21/location {}
[HTTP] <-- GET /wd/hub/session/3ba16719-2b60-441b-8959-069cd71af48c/element/21/location 200 107 ms - 89 
[HTTP] --> POST /wd/hub/session/3ba16719-2b60-441b-8959-069cd71af48c/touch/perform {"actions":[{"action":"press","options":{"element":"21"}},{"action":"wait","options":{"ms":1}},{"action":"release","options":{}}]}
[HTTP] <-- POST /wd/hub/session/3ba16719-2b60-441b-8959-069cd71af48c/touch/perform 200 2967 ms - 76 
[HTTP] --> GET /wd/hub/session/3ba16719-2b60-441b-8959-069cd71af48c/window/current/size {}
[HTTP] <-- GET /wd/hub/session/3ba16719-2b60-441b-8959-069cd71af48c/window/current/size 200 8 ms - 100 
[HTTP] --> POST /wd/hub/session/3ba16719-2b60-441b-8959-069cd71af48c/elements {"using":"-android uiautomator","value":"new UiSelector().description(\"productStockPlusBtn\")"}
[HTTP] <-- POST /wd/hub/session/3ba16719-2b60-441b-8959-069cd71af48c/elements 200 3785 ms - 90 
[HTTP] --> GET /wd/hub/session/3ba16719-2b60-441b-8959-069cd71af48c/element/22/location {}
[HTTP] <-- GET /wd/hub/session/3ba16719-2b60-441b-8959-069cd71af48c/element/22/location 200 889 ms - 89 
[HTTP] --> POST /wd/hub/session/3ba16719-2b60-441b-8959-069cd71af48c/touch/perform {"actions":[{"action":"press","options":{"element":"22"}},{"action":"wait","options":{"ms":1}},{"action":"release","options":{}}]}
[HTTP] <-- POST /wd/hub/session/3ba16719-2b60-441b-8959-069cd71af48c/touch/perform 200 1665 ms - 76 
[HTTP] --> GET /wd/hub/session/3ba16719-2b60-441b-8959-069cd71af48c/window/current/size {}
[HTTP] <-- GET /wd/hub/session/3ba16719-2b60-441b-8959-069cd71af48c/window/current/size 200 22 ms - 100 
[HTTP] --> POST /wd/hub/session/3ba16719-2b60-441b-8959-069cd71af48c/elements {"using":"-android uiautomator","value":"new UiSelector().description(\"productStockPlusBtn\")"}
[HTTP] <-- POST /wd/hub/session/3ba16719-2b60-441b-8959-069cd71af48c/elements 200 2387 ms - 90 
[HTTP] --> GET /wd/hub/session/3ba16719-2b60-441b-8959-069cd71af48c/element/23/location {}
[HTTP] <-- GET /wd/hub/session/3ba16719-2b60-441b-8959-069cd71af48c/element/23/location 200 102 ms - 89 
[HTTP] --> POST /wd/hub/session/3ba16719-2b60-441b-8959-069cd71af48c/touch/perform {"actions":[{"action":"press","options":{"element":"23"}},{"action":"wait","options":{"ms":1}},{"action":"release","options":{}}]}
[HTTP] <-- POST /wd/hub/session/3ba16719-2b60-441b-8959-069cd71af48c/touch/perform 200 1806 ms - 76 
[HTTP] --> GET /wd/hub/session/3ba16719-2b60-441b-8959-069cd71af48c/window/current/size {}
[HTTP] <-- GET /wd/hub/session/3ba16719-2b60-441b-8959-069cd71af48c/window/current/size 200 10 ms - 100 
[HTTP] --> POST /wd/hub/session/3ba16719-2b60-441b-8959-069cd71af48c/elements {"using":"-android uiautomator","value":"new UiSelector().description(\"productStockPlusBtn\")"}
[HTTP] <-- POST /wd/hub/session/3ba16719-2b60-441b-8959-069cd71af48c/elements 200 1185 ms - 90 
[HTTP] --> GET /wd/hub/session/3ba16719-2b60-441b-8959-069cd71af48c/element/24/location {}
[HTTP] <-- GET /wd/hub/session/3ba16719-2b60-441b-8959-069cd71af48c/element/24/location 200 745 ms - 89 
[HTTP] --> POST /wd/hub/session/3ba16719-2b60-441b-8959-069cd71af48c/touch/perform {"actions":[{"action":"press","options":{"element":"24"}},{"action":"wait","options":{"ms":1}},{"action":"release","options":{}}]}
[HTTP] <-- POST /wd/hub/session/3ba16719-2b60-441b-8959-069cd71af48c/touch/perform 200 2160 ms - 76 
[HTTP] --> GET /wd/hub/session/3ba16719-2b60-441b-8959-069cd71af48c/window/current/size {}
[HTTP] <-- GET /wd/hub/session/3ba16719-2b60-441b-8959-069cd71af48c/window/current/size 200 9 ms - 100 
[HTTP] --> POST /wd/hub/session/3ba16719-2b60-441b-8959-069cd71af48c/elements {"using":"-android uiautomator","value":"new UiSelector().description(\"productStockPlusBtn\")"}
[HTTP] <-- POST /wd/hub/session/3ba16719-2b60-441b-8959-069cd71af48c/elements 200 1988 ms - 90 
[HTTP] --> GET /wd/hub/session/3ba16719-2b60-441b-8959-069cd71af48c/element/25/location {}
[HTTP] <-- GET /wd/hub/session/3ba16719-2b60-441b-8959-069cd71af48c/element/25/location 200 95 ms - 89 
[HTTP] --> POST /wd/hub/session/3ba16719-2b60-441b-8959-069cd71af48c/touch/perform {"actions":[{"action":"press","options":{"element":"25"}},{"action":"wait","options":{"ms":1}},{"action":"release","options":{}}]}
[HTTP] <-- POST /wd/hub/session/3ba16719-2b60-441b-8959-069cd71af48c/touch/perform 200 2999 ms - 76 
[HTTP] --> GET /wd/hub/session/3ba16719-2b60-441b-8959-069cd71af48c/window/current/size {}
[HTTP] <-- GET /wd/hub/session/3ba16719-2b60-441b-8959-069cd71af48c/window/current/size 200 8 ms - 100 
[HTTP] --> POST /wd/hub/session/3ba16719-2b60-441b-8959-069cd71af48c/elements {"using":"-android uiautomator","value":"new UiSelector().description(\"productStockPlusBtn\")"}
[HTTP] <-- POST /wd/hub/session/3ba16719-2b60-441b-8959-069cd71af48c/elements 200 1151 ms - 90 
[HTTP] --> GET /wd/hub/session/3ba16719-2b60-441b-8959-069cd71af48c/element/26/location {}
[HTTP] <-- GET /wd/hub/session/3ba16719-2b60-441b-8959-069cd71af48c/element/26/location 200 105 ms - 89 
[HTTP] --> POST /wd/hub/session/3ba16719-2b60-441b-8959-069cd71af48c/touch/perform {"actions":[{"action":"press","options":{"element":"26"}},{"action":"wait","options":{"ms":1}},{"action":"release","options":{}}]}
[HTTP] <-- POST /wd/hub/session/3ba16719-2b60-441b-8959-069cd71af48c/touch/perform 200 1515 ms - 76 
[HTTP] --> GET /wd/hub/session/3ba16719-2b60-441b-8959-069cd71af48c/window/current/size {}
[HTTP] <-- GET /wd/hub/session/3ba16719-2b60-441b-8959-069cd71af48c/window/current/size 200 14 ms - 100 
[HTTP] --> POST /wd/hub/session/3ba16719-2b60-441b-8959-069cd71af48c/elements {"using":"-android uiautomator","value":"new UiSelector().description(\"productStockPlusBtn\")"}
[HTTP] <-- POST /wd/hub/session/3ba16719-2b60-441b-8959-069cd71af48c/elements 200 1196 ms - 90 
[HTTP] --> GET /wd/hub/session/3ba16719-2b60-441b-8959-069cd71af48c/element/27/location {}
[HTTP] <-- GET /wd/hub/session/3ba16719-2b60-441b-8959-069cd71af48c/element/27/location 200 101 ms - 89 
[HTTP] --> POST /wd/hub/session/3ba16719-2b60-441b-8959-069cd71af48c/touch/perform {"actions":[{"action":"press","options":{"element":"27"}},{"action":"wait","options":{"ms":1}},{"action":"release","options":{}}]}
[HTTP] <-- POST /wd/hub/session/3ba16719-2b60-441b-8959-069cd71af48c/touch/perform 200 2350 ms - 76 
[HTTP] --> GET /wd/hub/session/3ba16719-2b60-441b-8959-069cd71af48c/window/current/size {}
[HTTP] <-- GET /wd/hub/session/3ba16719-2b60-441b-8959-069cd71af48c/window/current/size 200 9 ms - 100 
[HTTP] --> POST /wd/hub/session/3ba16719-2b60-441b-8959-069cd71af48c/elements {"using":"-android uiautomator","value":"new UiSelector().description(\"productStockPlusBtn\")"}
[HTTP] <-- POST /wd/hub/session/3ba16719-2b60-441b-8959-069cd71af48c/elements 200 1186 ms - 90 
[HTTP] --> GET /wd/hub/session/3ba16719-2b60-441b-8959-069cd71af48c/element/28/location {}
[HTTP] <-- GET /wd/hub/session/3ba16719-2b60-441b-8959-069cd71af48c/element/28/location 200 103 ms - 89 
[HTTP] --> POST /wd/hub/session/3ba16719-2b60-441b-8959-069cd71af48c/touch/perform {"actions":[{"action":"press","options":{"element":"28"}},{"action":"wait","options":{"ms":1}},{"action":"release","options":{}}]}
[HTTP] <-- POST /wd/hub/session/3ba16719-2b60-441b-8959-069cd71af48c/touch/perform 200 1226 ms - 76 
[HTTP] --> GET /wd/hub/session/3ba16719-2b60-441b-8959-069cd71af48c/window/current/size {}
[HTTP] <-- GET /wd/hub/session/3ba16719-2b60-441b-8959-069cd71af48c/window/current/size 200 13 ms - 100 
[HTTP] --> POST /wd/hub/session/3ba16719-2b60-441b-8959-069cd71af48c/elements {"using":"-android uiautomator","value":"new UiSelector().description(\"productStockPlusBtn\")"}
[HTTP] <-- POST /wd/hub/session/3ba16719-2b60-441b-8959-069cd71af48c/elements 200 1736 ms - 90 
[HTTP] --> GET /wd/hub/session/3ba16719-2b60-441b-8959-069cd71af48c/element/29/location {}
[HTTP] <-- GET /wd/hub/session/3ba16719-2b60-441b-8959-069cd71af48c/element/29/location 200 662 ms - 89 
[HTTP] --> POST /wd/hub/session/3ba16719-2b60-441b-8959-069cd71af48c/touch/perform {"actions":[{"action":"press","options":{"element":"29"}},{"action":"wait","options":{"ms":1}},{"action":"release","options":{}}]}
[HTTP] <-- POST /wd/hub/session/3ba16719-2b60-441b-8959-069cd71af48c/touch/perform 200 459 ms - 76 
[HTTP] --> GET /wd/hub/session/3ba16719-2b60-441b-8959-069cd71af48c/window/current/size {}
[HTTP] <-- GET /wd/hub/session/3ba16719-2b60-441b-8959-069cd71af48c/window/current/size 200 9 ms - 100 
[HTTP] --> POST /wd/hub/session/3ba16719-2b60-441b-8959-069cd71af48c/elements {"using":"-android uiautomator","value":"new UiSelector().description(\"productStockTextInput\")"}
[HTTP] <-- POST /wd/hub/session/3ba16719-2b60-441b-8959-069cd71af48c/elements 200 3169 ms - 90 
[HTTP] --> GET /wd/hub/session/3ba16719-2b60-441b-8959-069cd71af48c/element/30/location {}
[HTTP] <-- GET /wd/hub/session/3ba16719-2b60-441b-8959-069cd71af48c/element/30/location 200 102 ms - 89 
[HTTP] --> POST /wd/hub/session/3ba16719-2b60-441b-8959-069cd71af48c/touch/perform {"actions":[{"action":"press","options":{"element":"30"}},{"action":"wait","options":{"ms":1}},{"action":"release","options":{}}]}
[HTTP] <-- POST /wd/hub/session/3ba16719-2b60-441b-8959-069cd71af48c/touch/perform 200 456 ms - 76 
[HTTP] --> GET /wd/hub/session/3ba16719-2b60-441b-8959-069cd71af48c/window/current/size {}
[HTTP] <-- GET /wd/hub/session/3ba16719-2b60-441b-8959-069cd71af48c/window/current/size 200 12 ms - 100 
[HTTP] --> POST /wd/hub/session/3ba16719-2b60-441b-8959-069cd71af48c/elements {"using":"-android uiautomator","value":"new UiSelector().description(\"productStockTextInput\")"}
[HTTP] <-- POST /wd/hub/session/3ba16719-2b60-441b-8959-069cd71af48c/elements 200 3272 ms - 90 
[HTTP] --> GET /wd/hub/session/3ba16719-2b60-441b-8959-069cd71af48c/element/31/location {}
[HTTP] <-- GET /wd/hub/session/3ba16719-2b60-441b-8959-069cd71af48c/element/31/location 200 99 ms - 89 
[HTTP] --> POST /wd/hub/session/3ba16719-2b60-441b-8959-069cd71af48c/element/31/clear {"id":"31"}
[HTTP] <-- POST /wd/hub/session/3ba16719-2b60-441b-8959-069cd71af48c/element/31/clear 200 6889 ms - 76 
[HTTP] --> POST /wd/hub/session/3ba16719-2b60-441b-8959-069cd71af48c/element/31/value {"id":"31","value":["123"]}
[HTTP] <-- POST /wd/hub/session/3ba16719-2b60-441b-8959-069cd71af48c/element/31/value 200 36496 ms - 76 
[HTTP] --> GET /wd/hub/session/3ba16719-2b60-441b-8959-069cd71af48c/window/current/size {}
[HTTP] <-- GET /wd/hub/session/3ba16719-2b60-441b-8959-069cd71af48c/window/current/size 200 8 ms - 100 
[HTTP] --> POST /wd/hub/session/3ba16719-2b60-441b-8959-069cd71af48c/elements {"using":"-android uiautomator","value":"new UiSelector().description(\"productStockTextInput\")"}
[HTTP] <-- POST /wd/hub/session/3ba16719-2b60-441b-8959-069cd71af48c/elements 200 1468 ms - 90 
[HTTP] --> GET /wd/hub/session/3ba16719-2b60-441b-8959-069cd71af48c/element/32/location {}
[HTTP] <-- GET /wd/hub/session/3ba16719-2b60-441b-8959-069cd71af48c/element/32/location 200 108 ms - 89 
[HTTP] --> POST /wd/hub/session/3ba16719-2b60-441b-8959-069cd71af48c/element/32/clear {"id":"32"}
[HTTP] <-- POST /wd/hub/session/3ba16719-2b60-441b-8959-069cd71af48c/element/32/clear 200 3901 ms - 76 
[HTTP] --> GET /wd/hub/session/3ba16719-2b60-441b-8959-069cd71af48c/window/current/size {}
[HTTP] <-- GET /wd/hub/session/3ba16719-2b60-441b-8959-069cd71af48c/window/current/size 200 7 ms - 100 
[HTTP] --> POST /wd/hub/session/3ba16719-2b60-441b-8959-069cd71af48c/elements {"using":"-android uiautomator","value":"new UiSelector().description(\"productStockTextInput\")"}
[HTTP] <-- POST /wd/hub/session/3ba16719-2b60-441b-8959-069cd71af48c/elements 200 794 ms - 90 
[HTTP] --> GET /wd/hub/session/3ba16719-2b60-441b-8959-069cd71af48c/element/33/location {}
[HTTP] <-- GET /wd/hub/session/3ba16719-2b60-441b-8959-069cd71af48c/element/33/location 200 108 ms - 89 
[HTTP] --> POST /wd/hub/session/3ba16719-2b60-441b-8959-069cd71af48c/element/33/clear {"id":"33"}
[HTTP] <-- POST /wd/hub/session/3ba16719-2b60-441b-8959-069cd71af48c/element/33/clear 200 3379 ms - 76 
[HTTP] --> POST /wd/hub/session/3ba16719-2b60-441b-8959-069cd71af48c/element/33/value {"id":"33","value":["10.6"]}
[HTTP] <-- POST /wd/hub/session/3ba16719-2b60-441b-8959-069cd71af48c/element/33/value 200 7160 ms - 76 
[HTTP] --> GET /wd/hub/session/3ba16719-2b60-441b-8959-069cd71af48c/context {}
[HTTP] <-- GET /wd/hub/session/3ba16719-2b60-441b-8959-069cd71af48c/context 200 9 ms - 84 
[HTTP] --> GET /wd/hub/session/3ba16719-2b60-441b-8959-069cd71af48c/contexts {}
[HTTP] <-- GET /wd/hub/session/3ba16719-2b60-441b-8959-069cd71af48c/contexts 200 4560 ms - 86 
[HTTP] --> POST /wd/hub/session/3ba16719-2b60-441b-8959-069cd71af48c/context {"name":"NATIVE_APP"}
[HTTP] <-- POST /wd/hub/session/3ba16719-2b60-441b-8959-069cd71af48c/context 200 2155 ms - 76 
[HTTP] --> POST /wd/hub/session/3ba16719-2b60-441b-8959-069cd71af48c/appium/device/hide_keyboard {}
[HTTP] <-- POST /wd/hub/session/3ba16719-2b60-441b-8959-069cd71af48c/appium/device/hide_keyboard 200 2526 ms - 76 
[HTTP] --> POST /wd/hub/session/3ba16719-2b60-441b-8959-069cd71af48c/context {"name":"NATIVE_APP"}
[HTTP] <-- POST /wd/hub/session/3ba16719-2b60-441b-8959-069cd71af48c/context 200 2172 ms - 76 
[HTTP] --> GET /wd/hub/session/3ba16719-2b60-441b-8959-069cd71af48c/window/current/size {}
[HTTP] <-- GET /wd/hub/session/3ba16719-2b60-441b-8959-069cd71af48c/window/current/size 200 10 ms - 100 
[HTTP] --> POST /wd/hub/session/3ba16719-2b60-441b-8959-069cd71af48c/elements {"using":"-android uiautomator","value":"new UiSelector().description(\"product_code_input\")"}
[HTTP] <-- POST /wd/hub/session/3ba16719-2b60-441b-8959-069cd71af48c/elements 200 875 ms - 90 
[HTTP] --> GET /wd/hub/session/3ba16719-2b60-441b-8959-069cd71af48c/element/34/location {}
[HTTP] <-- GET /wd/hub/session/3ba16719-2b60-441b-8959-069cd71af48c/element/34/location 200 137 ms - 89 
[HTTP] --> POST /wd/hub/session/3ba16719-2b60-441b-8959-069cd71af48c/touch/perform {"actions":[{"action":"press","options":{"element":"34"}},{"action":"wait","options":{"ms":1}},{"action":"release","options":{}}]}
[HTTP] <-- POST /wd/hub/session/3ba16719-2b60-441b-8959-069cd71af48c/touch/perform 200 2825 ms - 76 
[HTTP] --> GET /wd/hub/session/3ba16719-2b60-441b-8959-069cd71af48c/window/current/size {}
[HTTP] <-- GET /wd/hub/session/3ba16719-2b60-441b-8959-069cd71af48c/window/current/size 200 11 ms - 100 
[HTTP] --> POST /wd/hub/session/3ba16719-2b60-441b-8959-069cd71af48c/elements {"using":"-android uiautomator","value":"new UiSelector().description(\"product_code_input\")"}
[HTTP] <-- POST /wd/hub/session/3ba16719-2b60-441b-8959-069cd71af48c/elements 200 2038 ms - 90 
[HTTP] --> GET /wd/hub/session/3ba16719-2b60-441b-8959-069cd71af48c/element/35/location {}
[HTTP] <-- GET /wd/hub/session/3ba16719-2b60-441b-8959-069cd71af48c/element/35/location 200 88 ms - 89 
[HTTP] --> POST /wd/hub/session/3ba16719-2b60-441b-8959-069cd71af48c/element/35/clear {"id":"35"}
[HTTP] <-- POST /wd/hub/session/3ba16719-2b60-441b-8959-069cd71af48c/element/35/clear 200 8986 ms - 76 
[HTTP] --> POST /wd/hub/session/3ba16719-2b60-441b-8959-069cd71af48c/element/35/value {"id":"35","value":["16091996"]}
[HTTP] <-- POST /wd/hub/session/3ba16719-2b60-441b-8959-069cd71af48c/element/35/value 200 9777 ms - 76 
[HTTP] --> GET /wd/hub/session/3ba16719-2b60-441b-8959-069cd71af48c/window/current/size {}
[HTTP] <-- GET /wd/hub/session/3ba16719-2b60-441b-8959-069cd71af48c/window/current/size 200 6 ms - 100 
[HTTP] --> POST /wd/hub/session/3ba16719-2b60-441b-8959-069cd71af48c/elements {"using":"-android uiautomator","value":"new UiSelector().description(\"product_code_input\")"}
[HTTP] <-- POST /wd/hub/session/3ba16719-2b60-441b-8959-069cd71af48c/elements 200 2986 ms - 90 
[HTTP] --> GET /wd/hub/session/3ba16719-2b60-441b-8959-069cd71af48c/element/36/location {}
[HTTP] <-- GET /wd/hub/session/3ba16719-2b60-441b-8959-069cd71af48c/element/36/location 200 141 ms - 89 
[HTTP] --> GET /wd/hub/session/3ba16719-2b60-441b-8959-069cd71af48c/element/36/text {}
[HTTP] <-- GET /wd/hub/session/3ba16719-2b60-441b-8959-069cd71af48c/element/36/text 200 170 ms - 82 
[HTTP] --> GET /wd/hub/session/3ba16719-2b60-441b-8959-069cd71af48c/window/current/size {}
[HTTP] <-- GET /wd/hub/session/3ba16719-2b60-441b-8959-069cd71af48c/window/current/size 200 5 ms - 100 
[HTTP] --> POST /wd/hub/session/3ba16719-2b60-441b-8959-069cd71af48c/elements {"using":"-android uiautomator","value":"new UiSelector().description(\"product_code_input\")"}
[HTTP] <-- POST /wd/hub/session/3ba16719-2b60-441b-8959-069cd71af48c/elements 200 993 ms - 90 
[HTTP] --> GET /wd/hub/session/3ba16719-2b60-441b-8959-069cd71af48c/element/37/location {}
[HTTP] <-- GET /wd/hub/session/3ba16719-2b60-441b-8959-069cd71af48c/element/37/location 200 104 ms - 89 
[HTTP] --> GET /wd/hub/session/3ba16719-2b60-441b-8959-069cd71af48c/element/37/text {}
[HTTP] <-- GET /wd/hub/session/3ba16719-2b60-441b-8959-069cd71af48c/element/37/text 200 100 ms - 82 
[HTTP] --> GET /wd/hub/session/3ba16719-2b60-441b-8959-069cd71af48c/context {}
[HTTP] <-- GET /wd/hub/session/3ba16719-2b60-441b-8959-069cd71af48c/context 200 3 ms - 84 
[HTTP] --> GET /wd/hub/session/3ba16719-2b60-441b-8959-069cd71af48c/contexts {}
[HTTP] <-- GET /wd/hub/session/3ba16719-2b60-441b-8959-069cd71af48c/contexts 200 2170 ms - 86 
[HTTP] --> POST /wd/hub/session/3ba16719-2b60-441b-8959-069cd71af48c/context {"name":"NATIVE_APP"}
[HTTP] <-- POST /wd/hub/session/3ba16719-2b60-441b-8959-069cd71af48c/context 200 2321 ms - 76 
[HTTP] --> POST /wd/hub/session/3ba16719-2b60-441b-8959-069cd71af48c/appium/device/press_keycode {"keycode":4}
[HTTP] <-- POST /wd/hub/session/3ba16719-2b60-441b-8959-069cd71af48c/appium/device/press_keycode 200 197 ms - 76 
[HTTP] --> POST /wd/hub/session/3ba16719-2b60-441b-8959-069cd71af48c/context {"name":"NATIVE_APP"}
[HTTP] <-- POST /wd/hub/session/3ba16719-2b60-441b-8959-069cd71af48c/context 200 2478 ms - 76 
[HTTP] --> GET /wd/hub/session/3ba16719-2b60-441b-8959-069cd71af48c/window/current/size {}
[HTTP] <-- GET /wd/hub/session/3ba16719-2b60-441b-8959-069cd71af48c/window/current/size 200 8 ms - 100 
[HTTP] --> POST /wd/hub/session/3ba16719-2b60-441b-8959-069cd71af48c/elements {"using":"-android uiautomator","value":"new UiSelector().description(\"dialogPrimaryBtn\")"}
[HTTP] <-- POST /wd/hub/session/3ba16719-2b60-441b-8959-069cd71af48c/elements 200 456 ms - 74 
[HTTP] --> POST /wd/hub/session/3ba16719-2b60-441b-8959-069cd71af48c/elements {"using":"-android uiautomator","value":"new UiSelector().description(\"dialogPrimaryBtn\")"}
[HTTP] <-- POST /wd/hub/session/3ba16719-2b60-441b-8959-069cd71af48c/elements 200 2117 ms - 74 
[HTTP] --> POST /wd/hub/session/3ba16719-2b60-441b-8959-069cd71af48c/elements {"using":"-android uiautomator","value":"new UiSelector().description(\"dialogPrimaryBtn\")"}
[HTTP] <-- POST /wd/hub/session/3ba16719-2b60-441b-8959-069cd71af48c/elements 200 322 ms - 74 
[HTTP] --> POST /wd/hub/session/3ba16719-2b60-441b-8959-069cd71af48c/elements {"using":"-android uiautomator","value":"new UiSelector().description(\"dialogPrimaryBtn\")"}
[HTTP] <-- POST /wd/hub/session/3ba16719-2b60-441b-8959-069cd71af48c/elements 200 340 ms - 74 
[HTTP] --> POST /wd/hub/session/3ba16719-2b60-441b-8959-069cd71af48c/elements {"using":"-android uiautomator","value":"new UiSelector().description(\"dialogPrimaryBtn\")"}
[HTTP] <-- POST /wd/hub/session/3ba16719-2b60-441b-8959-069cd71af48c/elements 200 282 ms - 74 
[HTTP] --> POST /wd/hub/session/3ba16719-2b60-441b-8959-069cd71af48c/elements {"using":"-android uiautomator","value":"new UiSelector().description(\"dialogPrimaryBtn\")"}
[HTTP] <-- POST /wd/hub/session/3ba16719-2b60-441b-8959-069cd71af48c/elements 200 1552 ms - 74 
[HTTP] --> DELETE /wd/hub/session/3ba16719-2b60-441b-8959-069cd71af48c {}
[Appium] Removing session 3ba16719-2b60-441b-8959-069cd71af48c from our master session list
[ADB] No uiautomator process found to kill, continuing...
[HTTP] <-- DELETE /wd/hub/session/3ba16719-2b60-441b-8959-069cd71af48c 200 16214 ms - 76 
