[35m[Appium][39m Welcome to Appium v1.8.1
[35m[Appium][39m Non-default server args:
[35m[Appium][39m   port: 63686
[35m[Appium][39m   loglevel: info
[35m[Appium][39m   chromeDriverPort: 63687
[35m[Appium][39m   tmpDir: C:\Users\AV2017~2\AppData\Local\Temp\\Katalon\Appium\Temp1533805220934
[35m[Appium][39m Appium REST http interface listener started on 0.0.0.0:63686
[35m[HTTP][39m [37m-->[39m [37mGET[39m [37m/wd/hub/status[39m
[35m[HTTP][39m [90m{}[39m
[35m[HTTP][39m [37m<-- GET /wd/hub/status [39m[32m200[39m [90m62 ms - 83[39m
[35m[HTTP][39m [90m[39m
[35m[HTTP][39m [37m-->[39m [37mPOST[39m [37m/wd/hub/session[39m
[35m[HTTP][39m [90m{"desiredCapabilities":{"app":"C:\\Users\\AV2017005903\\Documents\\apollo-automation\\Regress_release.apk","appWaitActivity":"com.*","autoGrantPermissions":true,"deviceId":"6e4df14","deviceName":"OPPO A37f (Android 5.1.1)","fullReset":false,"newCommandTimeout":1800,"noReset":true,"platform":"ANDROID","platformName":"Android","udid":"6e4df14"},"capabilities":{"desiredCapabilities":{"app":"C:\\Users\\AV2017005903\\Documents\\apollo-automation\\Regress_release.apk","appWaitActivity":"com.*","autoGrantPermissions":true,"deviceId":"6e4df14","deviceName":"OPPO A37f (Android 5.1.1)","fullReset":false,"newCommandTimeout":1800,"noReset":true,"platform":"ANDROID","platformName":"Android","udid":"6e4df14"},"firstMatch":[{"platformName":"android"}]}}[39m
[35m[Appium][39m Could not parse W3C capabilities: 'deviceName' can't be blank. Falling back to JSONWP protocol.
[35m[Appium][39m The following capabilities were provided in the JSONWP desired capabilities that are missing in W3C capabilities: ["app","appWaitActivity","autoGrantPermissions","deviceId","deviceName","fullReset","newCommandTimeout","noReset","platform","platformName","udid"]. Falling back to JSONWP protocol.
[35m[Appium][39m Creating new AndroidDriver (v2.7.0) session
[35m[Appium][39m Capabilities:
[35m[Appium][39m   app: C:\Users\AV2017005903\Documents\apollo-automation\Regress_release.apk
[35m[Appium][39m   appWaitActivity: com.*
[35m[Appium][39m   autoGrantPermissions: true
[35m[Appium][39m   deviceId: 6e4df14
[35m[Appium][39m   deviceName: OPPO A37f (Android 5.1.1)
[35m[Appium][39m   fullReset: false
[35m[Appium][39m   newCommandTimeout: 1800
[35m[Appium][39m   noReset: true
[35m[Appium][39m   platform: ANDROID
[35m[Appium][39m   platformName: Android
[35m[Appium][39m   udid: 6e4df14
[35m[BaseDriver][39m The following capabilities were provided, but are not recognized by appium: deviceId, platform.
[35m[BaseDriver][39m Session created with session id: 72cba275-dd23-4ef6-9547-7113b30ecbdd
[35m[AndroidDriver][39m Java version is: 1.8.0_181
[35m[ADB][39m Checking whether adb is present
[35m[ADB][39m Found 1 'build-tools' folders under 'C:\Users\AV2017005903\.katalon\tools\android_sdk' (newest first):
[35m[ADB][39m     C:/Users/AV2017005903/.katalon/tools/android_sdk/build-tools/27.0.3
[35m[ADB][39m Using adb.exe from C:\Users\AV2017005903\.katalon\tools\android_sdk\platform-tools\adb.exe
[35m[AndroidDriver][39m Retrieving device list
[35m[AndroidDriver][39m Using device: 6e4df14
[35m[BaseDriver][39m Using local app 'C:\Users\AV2017005903\Documents\apollo-automation\Regress_release.apk'
[35m[AndroidDriver][39m Starting Android session
[35m[ADB][39m Checking whether aapt is present
[35m[ADB][39m Using aapt.exe from C:\Users\AV2017005903\.katalon\tools\android_sdk\build-tools\27.0.3\aapt.exe
[35m[AndroidDriver][39m setDeviceLanguageCountry requires language or country.
[35m[AndroidDriver][39m Got language: 'null' and country: 'null'
[35m[ADB][39m Getting device platform version
[35m[ADB][39m Using the alternative activity name detection method because of: Could not find apkanalyzer.bat in C:\Users\AV2017005903\.katalon\tools\android_sdk\platform-tools\apkanalyzer.bat,C:\Users\AV2017005903\.katalon\tools\android_sdk\emulator\apkanalyzer.bat,C:\Users\AV2017005903\.katalon\tools\android_sdk\tools\apkanalyzer.bat,C:\Users\AV2017005903\.katalon\tools\android_sdk\tools\bin\apkanalyzer.bat,C:\Users\AV2017005903\.katalon\tools\android_sdk\build-tools\27.0.3\apkanalyzer.bat. Do you have the Android SDK installed at 'C:\Users\AV2017005903\.katalon\tools\android_sdk'?
[35m[ADB][39m Extracting package and launch activity from manifest
[35m[ADB][39m Package name: 'com.btpn.appbisnis.sit'
[35m[ADB][39m Main activity name: 'com.btpn_mpos_rn.react_bridging.splash.SplashActivity'
[35m[ADB][39m Successfully extracted 943 strings from 'C:\Users\AV2017005903\Documents\apollo-automation\Regress_release.apk' resources for '(default)' configuration
[35m[ADB][39m No uiautomator process found to kill, continuing...
[35m[AndroidBootstrap][39m Android bootstrap socket is now connected
[35m[AndroidDriver][39m Screen already unlocked, doing nothing
[35m[Appium][39m New AndroidDriver session created successfully, session 72cba275-dd23-4ef6-9547-7113b30ecbdd added to master session list
[35m[HTTP][39m [37m<-- POST /wd/hub/session [39m[32m200[39m [90m12730 ms - 1160[39m
[35m[HTTP][39m [90m[39m
[35m[HTTP][39m [37m-->[39m [37mGET[39m [37m/wd/hub/status[39m
[35m[HTTP][39m [90m{}[39m
[35m[HTTP][39m [37m<-- GET /wd/hub/status [39m[32m200[39m [90m55 ms - 55[39m
[35m[HTTP][39m [90m[39m
[35m[HTTP][39m [37m-->[39m [37mPOST[39m [37m/wd/hub/session/72cba275-dd23-4ef6-9547-7113b30ecbdd/timeouts[39m
[35m[HTTP][39m [90m{"type":"implicit","ms":30000}[39m
[35m[HTTP][39m [37m<-- POST /wd/hub/session/72cba275-dd23-4ef6-9547-7113b30ecbdd/timeouts [39m[33m400[39m [90m12 ms - 5532[39m
[35m[HTTP][39m [90m[39m
[35m[HTTP][39m [37m-->[39m [37mGET[39m [37m/wd/hub/session/72cba275-dd23-4ef6-9547-7113b30ecbdd/window/current/size[39m
[35m[HTTP][39m [90m{}[39m
[35m[HTTP][39m [37m<-- GET /wd/hub/session/72cba275-dd23-4ef6-9547-7113b30ecbdd/window/current/size [39m[32m200[39m [90m30 ms - 99[39m
[35m[HTTP][39m [90m[39m
[35m[HTTP][39m [37m-->[39m [37mPOST[39m [37m/wd/hub/session/72cba275-dd23-4ef6-9547-7113b30ecbdd/elements[39m
[35m[HTTP][39m [90m{"using":"-android uiautomator","value":"new UiSelector().description(\"LoginNameTextInput\")"}[39m
[35m[HTTP][39m [37m<-- POST /wd/hub/session/72cba275-dd23-4ef6-9547-7113b30ecbdd/elements [39m[32m200[39m [90m1319 ms - 89[39m
[35m[HTTP][39m [90m[39m
[35m[HTTP][39m [37m-->[39m [37mGET[39m [37m/wd/hub/session/72cba275-dd23-4ef6-9547-7113b30ecbdd[39m
[35m[HTTP][39m [90m{}[39m
[35m[HTTP][39m [37m<-- GET /wd/hub/session/72cba275-dd23-4ef6-9547-7113b30ecbdd [39m[32m200[39m [90m15 ms - 1160[39m
[35m[HTTP][39m [90m[39m
[35m[HTTP][39m [37m-->[39m [37mGET[39m [37m/wd/hub/session/72cba275-dd23-4ef6-9547-7113b30ecbdd[39m
[35m[HTTP][39m [90m{}[39m
[35m[HTTP][39m [37m<-- GET /wd/hub/session/72cba275-dd23-4ef6-9547-7113b30ecbdd [39m[32m200[39m [90m37 ms - 1160[39m
[35m[HTTP][39m [90m[39m
[35m[HTTP][39m [37m-->[39m [37mGET[39m [37m/wd/hub/session/72cba275-dd23-4ef6-9547-7113b30ecbdd[39m
[35m[HTTP][39m [90m{}[39m
[35m[HTTP][39m [37m<-- GET /wd/hub/session/72cba275-dd23-4ef6-9547-7113b30ecbdd [39m[32m200[39m [90m2 ms - 1160[39m
[35m[HTTP][39m [90m[39m
[35m[HTTP][39m [37m-->[39m [37mGET[39m [37m/wd/hub/session/72cba275-dd23-4ef6-9547-7113b30ecbdd[39m
[35m[HTTP][39m [90m{}[39m
[35m[HTTP][39m [37m<-- GET /wd/hub/session/72cba275-dd23-4ef6-9547-7113b30ecbdd [39m[32m200[39m [90m2 ms - 1160[39m
[35m[HTTP][39m [90m[39m
[35m[HTTP][39m [37m-->[39m [37mGET[39m [37m/wd/hub/session/72cba275-dd23-4ef6-9547-7113b30ecbdd/element/1/location[39m
[35m[HTTP][39m [90m{}[39m
[35m[HTTP][39m [37m<-- GET /wd/hub/session/72cba275-dd23-4ef6-9547-7113b30ecbdd/element/1/location [39m[32m200[39m [90m457 ms - 88[39m
[35m[HTTP][39m [90m[39m
[35m[HTTP][39m [37m-->[39m [37mGET[39m [37m/wd/hub/session/72cba275-dd23-4ef6-9547-7113b30ecbdd/window/current/size[39m
[35m[HTTP][39m [90m{}[39m
[35m[HTTP][39m [37m<-- GET /wd/hub/session/72cba275-dd23-4ef6-9547-7113b30ecbdd/window/current/size [39m[32m200[39m [90m12 ms - 99[39m
[35m[HTTP][39m [90m[39m
[35m[HTTP][39m [37m-->[39m [37mPOST[39m [37m/wd/hub/session/72cba275-dd23-4ef6-9547-7113b30ecbdd/elements[39m
[35m[HTTP][39m [90m{"using":"-android uiautomator","value":"new UiSelector().description(\"LoginNameTextInput\")"}[39m
[35m[HTTP][39m [37m<-- POST /wd/hub/session/72cba275-dd23-4ef6-9547-7113b30ecbdd/elements [39m[32m200[39m [90m2869 ms - 89[39m
[35m[HTTP][39m [90m[39m
[35m[HTTP][39m [37m-->[39m [37mGET[39m [37m/wd/hub/session/72cba275-dd23-4ef6-9547-7113b30ecbdd[39m
[35m[HTTP][39m [90m{}[39m
[35m[HTTP][39m [37m<-- GET /wd/hub/session/72cba275-dd23-4ef6-9547-7113b30ecbdd [39m[32m200[39m [90m5 ms - 1160[39m
[35m[HTTP][39m [90m[39m
[35m[HTTP][39m [37m-->[39m [37mGET[39m [37m/wd/hub/session/72cba275-dd23-4ef6-9547-7113b30ecbdd[39m
[35m[HTTP][39m [90m{}[39m
[35m[HTTP][39m [37m<-- GET /wd/hub/session/72cba275-dd23-4ef6-9547-7113b30ecbdd [39m[32m200[39m [90m4 ms - 1160[39m
[35m[HTTP][39m [90m[39m
[35m[HTTP][39m [37m-->[39m [37mGET[39m [37m/wd/hub/session/72cba275-dd23-4ef6-9547-7113b30ecbdd[39m
[35m[HTTP][39m [90m{}[39m
[35m[HTTP][39m [37m<-- GET /wd/hub/session/72cba275-dd23-4ef6-9547-7113b30ecbdd [39m[32m200[39m [90m5 ms - 1160[39m
[35m[HTTP][39m [90m[39m
[35m[HTTP][39m [37m-->[39m [37mGET[39m [37m/wd/hub/session/72cba275-dd23-4ef6-9547-7113b30ecbdd[39m
[35m[HTTP][39m [90m{}[39m
[35m[HTTP][39m [37m<-- GET /wd/hub/session/72cba275-dd23-4ef6-9547-7113b30ecbdd [39m[32m200[39m [90m4 ms - 1160[39m
[35m[HTTP][39m [90m[39m
[35m[HTTP][39m [37m-->[39m [37mGET[39m [37m/wd/hub/session/72cba275-dd23-4ef6-9547-7113b30ecbdd/element/2/location[39m
[35m[HTTP][39m [90m{}[39m
[35m[HTTP][39m [37m<-- GET /wd/hub/session/72cba275-dd23-4ef6-9547-7113b30ecbdd/element/2/location [39m[32m200[39m [90m457 ms - 88[39m
[35m[HTTP][39m [90m[39m
[35m[HTTP][39m [37m-->[39m [37mGET[39m [37m/wd/hub/session/72cba275-dd23-4ef6-9547-7113b30ecbdd/element/2/attribute/name[39m
[35m[HTTP][39m [90m{}[39m
[35m[HTTP][39m [37m<-- GET /wd/hub/session/72cba275-dd23-4ef6-9547-7113b30ecbdd/element/2/attribute/name [39m[32m200[39m [90m720 ms - 92[39m
[35m[HTTP][39m [90m[39m
[35m[HTTP][39m [37m-->[39m [37mGET[39m [37m/wd/hub/session/72cba275-dd23-4ef6-9547-7113b30ecbdd/window/current/size[39m
[35m[HTTP][39m [90m{}[39m
[35m[HTTP][39m [37m<-- GET /wd/hub/session/72cba275-dd23-4ef6-9547-7113b30ecbdd/window/current/size [39m[32m200[39m [90m15 ms - 99[39m
[35m[HTTP][39m [90m[39m
[35m[HTTP][39m [37m-->[39m [37mPOST[39m [37m/wd/hub/session/72cba275-dd23-4ef6-9547-7113b30ecbdd/elements[39m
[35m[HTTP][39m [90m{"using":"-android uiautomator","value":"new UiSelector().description(\"LoginNameTextInput\")"}[39m
[35m[HTTP][39m [37m<-- POST /wd/hub/session/72cba275-dd23-4ef6-9547-7113b30ecbdd/elements [39m[32m200[39m [90m3580 ms - 89[39m
[35m[HTTP][39m [90m[39m
[35m[HTTP][39m [37m-->[39m [37mGET[39m [37m/wd/hub/session/72cba275-dd23-4ef6-9547-7113b30ecbdd[39m
[35m[HTTP][39m [90m{}[39m
[35m[HTTP][39m [37m<-- GET /wd/hub/session/72cba275-dd23-4ef6-9547-7113b30ecbdd [39m[32m200[39m [90m4 ms - 1160[39m
[35m[HTTP][39m [90m[39m
[35m[HTTP][39m [37m-->[39m [37mGET[39m [37m/wd/hub/session/72cba275-dd23-4ef6-9547-7113b30ecbdd[39m
[35m[HTTP][39m [90m{}[39m
[35m[HTTP][39m [37m<-- GET /wd/hub/session/72cba275-dd23-4ef6-9547-7113b30ecbdd [39m[32m200[39m [90m3 ms - 1160[39m
[35m[HTTP][39m [90m[39m
[35m[HTTP][39m [37m-->[39m [37mGET[39m [37m/wd/hub/session/72cba275-dd23-4ef6-9547-7113b30ecbdd[39m
[35m[HTTP][39m [90m{}[39m
[35m[HTTP][39m [37m<-- GET /wd/hub/session/72cba275-dd23-4ef6-9547-7113b30ecbdd [39m[32m200[39m [90m3 ms - 1160[39m
[35m[HTTP][39m [90m[39m
[35m[HTTP][39m [37m-->[39m [37mGET[39m [37m/wd/hub/session/72cba275-dd23-4ef6-9547-7113b30ecbdd[39m
[35m[HTTP][39m [90m{}[39m
[35m[HTTP][39m [37m<-- GET /wd/hub/session/72cba275-dd23-4ef6-9547-7113b30ecbdd [39m[32m200[39m [90m3 ms - 1160[39m
[35m[HTTP][39m [90m[39m
[35m[HTTP][39m [37m-->[39m [37mGET[39m [37m/wd/hub/session/72cba275-dd23-4ef6-9547-7113b30ecbdd/element/3/location[39m
[35m[HTTP][39m [90m{}[39m
[35m[HTTP][39m [37m<-- GET /wd/hub/session/72cba275-dd23-4ef6-9547-7113b30ecbdd/element/3/location [39m[32m200[39m [90m480 ms - 88[39m
[35m[HTTP][39m [90m[39m
[35m[HTTP][39m [37m-->[39m [37mPOST[39m [37m/wd/hub/session/72cba275-dd23-4ef6-9547-7113b30ecbdd/element/3/clear[39m
[35m[HTTP][39m [90m{"id":"3"}[39m
[35m[HTTP][39m [37m<-- POST /wd/hub/session/72cba275-dd23-4ef6-9547-7113b30ecbdd/element/3/clear [39m[32m200[39m [90m3260 ms - 76[39m
[35m[HTTP][39m [90m[39m
[35m[HTTP][39m [37m-->[39m [37mPOST[39m [37m/wd/hub/session/72cba275-dd23-4ef6-9547-7113b30ecbdd/element/3/value[39m
[35m[HTTP][39m [90m{"id":"3","value":["08112233445567"]}[39m
[35m[HTTP][39m [37m<-- POST /wd/hub/session/72cba275-dd23-4ef6-9547-7113b30ecbdd/element/3/value [39m[32m200[39m [90m14197 ms - 76[39m
[35m[HTTP][39m [90m[39m
[35m[HTTP][39m [37m-->[39m [37mGET[39m [37m/wd/hub/session/72cba275-dd23-4ef6-9547-7113b30ecbdd/context[39m
[35m[HTTP][39m [90m{}[39m
[35m[HTTP][39m [37m<-- GET /wd/hub/session/72cba275-dd23-4ef6-9547-7113b30ecbdd/context [39m[32m200[39m [90m3 ms - 84[39m
[35m[HTTP][39m [90m[39m
[35m[HTTP][39m [37m-->[39m [37mGET[39m [37m/wd/hub/session/72cba275-dd23-4ef6-9547-7113b30ecbdd/contexts[39m
[35m[HTTP][39m [90m{}[39m
[35m[HTTP][39m [37m<-- GET /wd/hub/session/72cba275-dd23-4ef6-9547-7113b30ecbdd/contexts [39m[32m200[39m [90m177 ms - 86[39m
[35m[HTTP][39m [90m[39m
[35m[HTTP][39m [37m-->[39m [37mPOST[39m [37m/wd/hub/session/72cba275-dd23-4ef6-9547-7113b30ecbdd/context[39m
[35m[HTTP][39m [90m{"name":"NATIVE_APP"}[39m
[35m[HTTP][39m [37m<-- POST /wd/hub/session/72cba275-dd23-4ef6-9547-7113b30ecbdd/context [39m[32m200[39m [90m183 ms - 76[39m
[35m[HTTP][39m [90m[39m
[35m[HTTP][39m [37m-->[39m [37mPOST[39m [37m/wd/hub/session/72cba275-dd23-4ef6-9547-7113b30ecbdd/appium/device/hide_keyboard[39m
[35m[HTTP][39m [90m{}[39m
[35m[HTTP][39m [37m<-- POST /wd/hub/session/72cba275-dd23-4ef6-9547-7113b30ecbdd/appium/device/hide_keyboard [39m[32m200[39m [90m518 ms - 76[39m
[35m[HTTP][39m [90m[39m
[35m[HTTP][39m [37m-->[39m [37mPOST[39m [37m/wd/hub/session/72cba275-dd23-4ef6-9547-7113b30ecbdd/context[39m
[35m[HTTP][39m [90m{"name":"NATIVE_APP"}[39m
[35m[HTTP][39m [37m<-- POST /wd/hub/session/72cba275-dd23-4ef6-9547-7113b30ecbdd/context [39m[32m200[39m [90m181 ms - 76[39m
[35m[HTTP][39m [90m[39m
[35m[HTTP][39m [37m-->[39m [37mGET[39m [37m/wd/hub/session/72cba275-dd23-4ef6-9547-7113b30ecbdd/window/current/size[39m
[35m[HTTP][39m [90m{}[39m
[35m[HTTP][39m [37m<-- GET /wd/hub/session/72cba275-dd23-4ef6-9547-7113b30ecbdd/window/current/size [39m[32m200[39m [90m7 ms - 99[39m
[35m[HTTP][39m [90m[39m
[35m[HTTP][39m [37m-->[39m [37mPOST[39m [37m/wd/hub/session/72cba275-dd23-4ef6-9547-7113b30ecbdd/elements[39m
[35m[HTTP][39m [90m{"using":"-android uiautomator","value":"new UiSelector().description(\"LoginNameTextInput\")"}[39m
[35m[HTTP][39m [37m<-- POST /wd/hub/session/72cba275-dd23-4ef6-9547-7113b30ecbdd/elements [39m[32m200[39m [90m5524 ms - 89[39m
[35m[HTTP][39m [90m[39m
[35m[HTTP][39m [37m-->[39m [37mGET[39m [37m/wd/hub/session/72cba275-dd23-4ef6-9547-7113b30ecbdd[39m
[35m[HTTP][39m [90m{}[39m
[35m[HTTP][39m [37m<-- GET /wd/hub/session/72cba275-dd23-4ef6-9547-7113b30ecbdd [39m[32m200[39m [90m2 ms - 1160[39m
[35m[HTTP][39m [90m[39m
[35m[HTTP][39m [37m-->[39m [37mGET[39m [37m/wd/hub/session/72cba275-dd23-4ef6-9547-7113b30ecbdd[39m
[35m[HTTP][39m [90m{}[39m
[35m[HTTP][39m [37m<-- GET /wd/hub/session/72cba275-dd23-4ef6-9547-7113b30ecbdd [39m[32m200[39m [90m2 ms - 1160[39m
[35m[HTTP][39m [90m[39m
[35m[HTTP][39m [37m-->[39m [37mGET[39m [37m/wd/hub/session/72cba275-dd23-4ef6-9547-7113b30ecbdd[39m
[35m[HTTP][39m [90m{}[39m
[35m[HTTP][39m [37m<-- GET /wd/hub/session/72cba275-dd23-4ef6-9547-7113b30ecbdd [39m[32m200[39m [90m2 ms - 1160[39m
[35m[HTTP][39m [90m[39m
[35m[HTTP][39m [37m-->[39m [37mGET[39m [37m/wd/hub/session/72cba275-dd23-4ef6-9547-7113b30ecbdd[39m
[35m[HTTP][39m [90m{}[39m
[35m[HTTP][39m [37m<-- GET /wd/hub/session/72cba275-dd23-4ef6-9547-7113b30ecbdd [39m[32m200[39m [90m3 ms - 1160[39m
[35m[HTTP][39m [90m[39m
[35m[HTTP][39m [37m-->[39m [37mGET[39m [37m/wd/hub/session/72cba275-dd23-4ef6-9547-7113b30ecbdd/element/4/location[39m
[35m[HTTP][39m [90m{}[39m
[35m[HTTP][39m [37m<-- GET /wd/hub/session/72cba275-dd23-4ef6-9547-7113b30ecbdd/element/4/location [39m[32m200[39m [90m1170 ms - 88[39m
[35m[HTTP][39m [90m[39m
[35m[HTTP][39m [37m-->[39m [37mGET[39m [37m/wd/hub/session/72cba275-dd23-4ef6-9547-7113b30ecbdd/element/4/text[39m
[35m[HTTP][39m [90m{}[39m
[35m[HTTP][39m [37m<-- GET /wd/hub/session/72cba275-dd23-4ef6-9547-7113b30ecbdd/element/4/text [39m[32m200[39m [90m1122 ms - 88[39m
[35m[HTTP][39m [90m[39m
[35m[HTTP][39m [37m-->[39m [37mGET[39m [37m/wd/hub/session/72cba275-dd23-4ef6-9547-7113b30ecbdd/window/current/size[39m
[35m[HTTP][39m [90m{}[39m
[35m[HTTP][39m [37m<-- GET /wd/hub/session/72cba275-dd23-4ef6-9547-7113b30ecbdd/window/current/size [39m[32m200[39m [90m9 ms - 99[39m
[35m[HTTP][39m [90m[39m
[35m[HTTP][39m [37m-->[39m [37mPOST[39m [37m/wd/hub/session/72cba275-dd23-4ef6-9547-7113b30ecbdd/elements[39m
[35m[HTTP][39m [90m{"using":"-android uiautomator","value":"new UiSelector().description(\"LoginJumpNextBtn\")"}[39m
[35m[HTTP][39m [37m<-- POST /wd/hub/session/72cba275-dd23-4ef6-9547-7113b30ecbdd/elements [39m[32m200[39m [90m1520 ms - 89[39m
[35m[HTTP][39m [90m[39m
[35m[HTTP][39m [37m-->[39m [37mGET[39m [37m/wd/hub/session/72cba275-dd23-4ef6-9547-7113b30ecbdd[39m
[35m[HTTP][39m [90m{}[39m
[35m[HTTP][39m [37m<-- GET /wd/hub/session/72cba275-dd23-4ef6-9547-7113b30ecbdd [39m[32m200[39m [90m2 ms - 1160[39m
[35m[HTTP][39m [90m[39m
[35m[HTTP][39m [37m-->[39m [37mGET[39m [37m/wd/hub/session/72cba275-dd23-4ef6-9547-7113b30ecbdd[39m
[35m[HTTP][39m [90m{}[39m
[35m[HTTP][39m [37m<-- GET /wd/hub/session/72cba275-dd23-4ef6-9547-7113b30ecbdd [39m[32m200[39m [90m3 ms - 1160[39m
[35m[HTTP][39m [90m[39m
[35m[HTTP][39m [37m-->[39m [37mGET[39m [37m/wd/hub/session/72cba275-dd23-4ef6-9547-7113b30ecbdd[39m
[35m[HTTP][39m [90m{}[39m
[35m[HTTP][39m [37m<-- GET /wd/hub/session/72cba275-dd23-4ef6-9547-7113b30ecbdd [39m[32m200[39m [90m2 ms - 1160[39m
[35m[HTTP][39m [90m[39m
[35m[HTTP][39m [37m-->[39m [37mGET[39m [37m/wd/hub/session/72cba275-dd23-4ef6-9547-7113b30ecbdd[39m
[35m[HTTP][39m [90m{}[39m
[35m[HTTP][39m [37m<-- GET /wd/hub/session/72cba275-dd23-4ef6-9547-7113b30ecbdd [39m[32m200[39m [90m2 ms - 1160[39m
[35m[HTTP][39m [90m[39m
[35m[HTTP][39m [37m-->[39m [37mGET[39m [37m/wd/hub/session/72cba275-dd23-4ef6-9547-7113b30ecbdd/element/5/location[39m
[35m[HTTP][39m [90m{}[39m
[35m[HTTP][39m [37m<-- GET /wd/hub/session/72cba275-dd23-4ef6-9547-7113b30ecbdd/element/5/location [39m[32m200[39m [90m1341 ms - 89[39m
[35m[HTTP][39m [90m[39m
[35m[HTTP][39m [37m-->[39m [37mGET[39m [37m/wd/hub/session/72cba275-dd23-4ef6-9547-7113b30ecbdd/window/current/size[39m
[35m[HTTP][39m [90m{}[39m
[35m[HTTP][39m [37m<-- GET /wd/hub/session/72cba275-dd23-4ef6-9547-7113b30ecbdd/window/current/size [39m[32m200[39m [90m9 ms - 99[39m
[35m[HTTP][39m [90m[39m
[35m[HTTP][39m [37m-->[39m [37mPOST[39m [37m/wd/hub/session/72cba275-dd23-4ef6-9547-7113b30ecbdd/elements[39m
[35m[HTTP][39m [90m{"using":"-android uiautomator","value":"new UiSelector().description(\"LoginJumpNextBtn\")"}[39m
[35m[HTTP][39m [37m<-- POST /wd/hub/session/72cba275-dd23-4ef6-9547-7113b30ecbdd/elements [39m[32m200[39m [90m2625 ms - 89[39m
[35m[HTTP][39m [90m[39m
[35m[HTTP][39m [37m-->[39m [37mGET[39m [37m/wd/hub/session/72cba275-dd23-4ef6-9547-7113b30ecbdd[39m
[35m[HTTP][39m [90m{}[39m
[35m[HTTP][39m [37m<-- GET /wd/hub/session/72cba275-dd23-4ef6-9547-7113b30ecbdd [39m[32m200[39m [90m2 ms - 1160[39m
[35m[HTTP][39m [90m[39m
[35m[HTTP][39m [37m-->[39m [37mGET[39m [37m/wd/hub/session/72cba275-dd23-4ef6-9547-7113b30ecbdd[39m
[35m[HTTP][39m [90m{}[39m
[35m[HTTP][39m [37m<-- GET /wd/hub/session/72cba275-dd23-4ef6-9547-7113b30ecbdd [39m[32m200[39m [90m2 ms - 1160[39m
[35m[HTTP][39m [90m[39m
[35m[HTTP][39m [37m-->[39m [37mGET[39m [37m/wd/hub/session/72cba275-dd23-4ef6-9547-7113b30ecbdd[39m
[35m[HTTP][39m [90m{}[39m
[35m[HTTP][39m [37m<-- GET /wd/hub/session/72cba275-dd23-4ef6-9547-7113b30ecbdd [39m[32m200[39m [90m3 ms - 1160[39m
[35m[HTTP][39m [90m[39m
[35m[HTTP][39m [37m-->[39m [37mGET[39m [37m/wd/hub/session/72cba275-dd23-4ef6-9547-7113b30ecbdd[39m
[35m[HTTP][39m [90m{}[39m
[35m[HTTP][39m [37m<-- GET /wd/hub/session/72cba275-dd23-4ef6-9547-7113b30ecbdd [39m[32m200[39m [90m3 ms - 1160[39m
[35m[HTTP][39m [90m[39m
[35m[HTTP][39m [37m-->[39m [37mGET[39m [37m/wd/hub/session/72cba275-dd23-4ef6-9547-7113b30ecbdd/element/6/location[39m
[35m[HTTP][39m [90m{}[39m
[35m[HTTP][39m [37m<-- GET /wd/hub/session/72cba275-dd23-4ef6-9547-7113b30ecbdd/element/6/location [39m[32m200[39m [90m2463 ms - 89[39m
[35m[HTTP][39m [90m[39m
[35m[HTTP][39m [37m-->[39m [37mGET[39m [37m/wd/hub/session/72cba275-dd23-4ef6-9547-7113b30ecbdd/element/6/attribute/name[39m
[35m[HTTP][39m [90m{}[39m
[35m[HTTP][39m [37m<-- GET /wd/hub/session/72cba275-dd23-4ef6-9547-7113b30ecbdd/element/6/attribute/name [39m[32m200[39m [90m906 ms - 90[39m
[35m[HTTP][39m [90m[39m
[35m[HTTP][39m [37m-->[39m [37mGET[39m [37m/wd/hub/session/72cba275-dd23-4ef6-9547-7113b30ecbdd/window/current/size[39m
[35m[HTTP][39m [90m{}[39m
[35m[HTTP][39m [37m<-- GET /wd/hub/session/72cba275-dd23-4ef6-9547-7113b30ecbdd/window/current/size [39m[32m200[39m [90m9 ms - 99[39m
[35m[HTTP][39m [90m[39m
[35m[HTTP][39m [37m-->[39m [37mPOST[39m [37m/wd/hub/session/72cba275-dd23-4ef6-9547-7113b30ecbdd/elements[39m
[35m[HTTP][39m [90m{"using":"-android uiautomator","value":"new UiSelector().description(\"LoginJumpNextBtn\")"}[39m
[35m[HTTP][39m [37m<-- POST /wd/hub/session/72cba275-dd23-4ef6-9547-7113b30ecbdd/elements [39m[32m200[39m [90m3630 ms - 89[39m
[35m[HTTP][39m [90m[39m
[35m[HTTP][39m [37m-->[39m [37mGET[39m [37m/wd/hub/session/72cba275-dd23-4ef6-9547-7113b30ecbdd[39m
[35m[HTTP][39m [90m{}[39m
[35m[HTTP][39m [37m<-- GET /wd/hub/session/72cba275-dd23-4ef6-9547-7113b30ecbdd [39m[32m200[39m [90m2 ms - 1160[39m
[35m[HTTP][39m [90m[39m
[35m[HTTP][39m [37m-->[39m [37mGET[39m [37m/wd/hub/session/72cba275-dd23-4ef6-9547-7113b30ecbdd[39m
[35m[HTTP][39m [90m{}[39m
[35m[HTTP][39m [37m<-- GET /wd/hub/session/72cba275-dd23-4ef6-9547-7113b30ecbdd [39m[32m200[39m [90m2 ms - 1160[39m
[35m[HTTP][39m [90m[39m
[35m[HTTP][39m [37m-->[39m [37mGET[39m [37m/wd/hub/session/72cba275-dd23-4ef6-9547-7113b30ecbdd[39m
[35m[HTTP][39m [90m{}[39m
[35m[HTTP][39m [37m<-- GET /wd/hub/session/72cba275-dd23-4ef6-9547-7113b30ecbdd [39m[32m200[39m [90m2 ms - 1160[39m
[35m[HTTP][39m [90m[39m
[35m[HTTP][39m [37m-->[39m [37mGET[39m [37m/wd/hub/session/72cba275-dd23-4ef6-9547-7113b30ecbdd[39m
[35m[HTTP][39m [90m{}[39m
[35m[HTTP][39m [37m<-- GET /wd/hub/session/72cba275-dd23-4ef6-9547-7113b30ecbdd [39m[32m200[39m [90m2 ms - 1160[39m
[35m[HTTP][39m [90m[39m
[35m[HTTP][39m [37m-->[39m [37mGET[39m [37m/wd/hub/session/72cba275-dd23-4ef6-9547-7113b30ecbdd/element/7/location[39m
[35m[HTTP][39m [90m{}[39m
[35m[HTTP][39m [37m<-- GET /wd/hub/session/72cba275-dd23-4ef6-9547-7113b30ecbdd/element/7/location [39m[32m200[39m [90m496 ms - 89[39m
[35m[HTTP][39m [90m[39m
[35m[HTTP][39m [37m-->[39m [37mPOST[39m [37m/wd/hub/session/72cba275-dd23-4ef6-9547-7113b30ecbdd/touch/perform[39m
[35m[HTTP][39m [90m{"actions":[{"action":"tap","options":{"element":"7","x":1,"y":1}}]}[39m
[35m[HTTP][39m [37m<-- POST /wd/hub/session/72cba275-dd23-4ef6-9547-7113b30ecbdd/touch/perform [39m[32m200[39m [90m2025 ms - 76[39m
[35m[HTTP][39m [90m[39m
[35m[HTTP][39m [37m-->[39m [37mGET[39m [37m/wd/hub/session/72cba275-dd23-4ef6-9547-7113b30ecbdd/window/current/size[39m
[35m[HTTP][39m [90m{}[39m
[35m[HTTP][39m [37m<-- GET /wd/hub/session/72cba275-dd23-4ef6-9547-7113b30ecbdd/window/current/size [39m[32m200[39m [90m24 ms - 99[39m
[35m[HTTP][39m [90m[39m
[35m[HTTP][39m [37m-->[39m [37mPOST[39m [37m/wd/hub/session/72cba275-dd23-4ef6-9547-7113b30ecbdd/elements[39m
[35m[HTTP][39m [90m{"using":"-android uiautomator","value":"new UiSelector().description(\"pinCircleFocus\")"}[39m
[35m[HTTP][39m [37m<-- POST /wd/hub/session/72cba275-dd23-4ef6-9547-7113b30ecbdd/elements [39m[32m200[39m [90m2330 ms - 89[39m
[35m[HTTP][39m [90m[39m
[35m[HTTP][39m [37m-->[39m [37mGET[39m [37m/wd/hub/session/72cba275-dd23-4ef6-9547-7113b30ecbdd[39m
[35m[HTTP][39m [90m{}[39m
[35m[HTTP][39m [37m<-- GET /wd/hub/session/72cba275-dd23-4ef6-9547-7113b30ecbdd [39m[32m200[39m [90m2 ms - 1160[39m
[35m[HTTP][39m [90m[39m
[35m[HTTP][39m [37m-->[39m [37mGET[39m [37m/wd/hub/session/72cba275-dd23-4ef6-9547-7113b30ecbdd[39m
[35m[HTTP][39m [90m{}[39m
[35m[HTTP][39m [37m<-- GET /wd/hub/session/72cba275-dd23-4ef6-9547-7113b30ecbdd [39m[32m200[39m [90m2 ms - 1160[39m
[35m[HTTP][39m [90m[39m
[35m[HTTP][39m [37m-->[39m [37mGET[39m [37m/wd/hub/session/72cba275-dd23-4ef6-9547-7113b30ecbdd[39m
[35m[HTTP][39m [90m{}[39m
[35m[HTTP][39m [37m<-- GET /wd/hub/session/72cba275-dd23-4ef6-9547-7113b30ecbdd [39m[32m200[39m [90m2 ms - 1160[39m
[35m[HTTP][39m [90m[39m
[35m[HTTP][39m [37m-->[39m [37mGET[39m [37m/wd/hub/session/72cba275-dd23-4ef6-9547-7113b30ecbdd[39m
[35m[HTTP][39m [90m{}[39m
[35m[HTTP][39m [37m<-- GET /wd/hub/session/72cba275-dd23-4ef6-9547-7113b30ecbdd [39m[32m200[39m [90m3 ms - 1160[39m
[35m[HTTP][39m [90m[39m
[35m[HTTP][39m [37m-->[39m [37mGET[39m [37m/wd/hub/session/72cba275-dd23-4ef6-9547-7113b30ecbdd/element/8/location[39m
[35m[HTTP][39m [90m{}[39m
[35m[HTTP][39m [37m<-- GET /wd/hub/session/72cba275-dd23-4ef6-9547-7113b30ecbdd/element/8/location [39m[32m200[39m [90m1505 ms - 89[39m
[35m[HTTP][39m [90m[39m
[35m[HTTP][39m [37m-->[39m [37mGET[39m [37m/wd/hub/session/72cba275-dd23-4ef6-9547-7113b30ecbdd/window/current/size[39m
[35m[HTTP][39m [90m{}[39m
[35m[HTTP][39m [37m<-- GET /wd/hub/session/72cba275-dd23-4ef6-9547-7113b30ecbdd/window/current/size [39m[32m200[39m [90m8 ms - 99[39m
[35m[HTTP][39m [90m[39m
[35m[HTTP][39m [37m-->[39m [37mPOST[39m [37m/wd/hub/session/72cba275-dd23-4ef6-9547-7113b30ecbdd/elements[39m
[35m[HTTP][39m [90m{"using":"-android uiautomator","value":"new UiSelector().description(\"pinCircleFocus\")"}[39m
[35m[HTTP][39m [37m<-- POST /wd/hub/session/72cba275-dd23-4ef6-9547-7113b30ecbdd/elements [39m[32m200[39m [90m2117 ms - 89[39m
[35m[HTTP][39m [90m[39m
[35m[HTTP][39m [37m-->[39m [37mGET[39m [37m/wd/hub/session/72cba275-dd23-4ef6-9547-7113b30ecbdd[39m
[35m[HTTP][39m [90m{}[39m
[35m[HTTP][39m [37m<-- GET /wd/hub/session/72cba275-dd23-4ef6-9547-7113b30ecbdd [39m[32m200[39m [90m3 ms - 1160[39m
[35m[HTTP][39m [90m[39m
[35m[HTTP][39m [37m-->[39m [37mGET[39m [37m/wd/hub/session/72cba275-dd23-4ef6-9547-7113b30ecbdd[39m
[35m[HTTP][39m [90m{}[39m
[35m[HTTP][39m [37m<-- GET /wd/hub/session/72cba275-dd23-4ef6-9547-7113b30ecbdd [39m[32m200[39m [90m2 ms - 1160[39m
[35m[HTTP][39m [90m[39m
[35m[HTTP][39m [37m-->[39m [37mGET[39m [37m/wd/hub/session/72cba275-dd23-4ef6-9547-7113b30ecbdd[39m
[35m[HTTP][39m [90m{}[39m
[35m[HTTP][39m [37m<-- GET /wd/hub/session/72cba275-dd23-4ef6-9547-7113b30ecbdd [39m[32m200[39m [90m2 ms - 1160[39m
[35m[HTTP][39m [90m[39m
[35m[HTTP][39m [37m-->[39m [37mGET[39m [37m/wd/hub/session/72cba275-dd23-4ef6-9547-7113b30ecbdd[39m
[35m[HTTP][39m [90m{}[39m
[35m[HTTP][39m [37m<-- GET /wd/hub/session/72cba275-dd23-4ef6-9547-7113b30ecbdd [39m[32m200[39m [90m2 ms - 1160[39m
[35m[HTTP][39m [90m[39m
[35m[HTTP][39m [37m-->[39m [37mGET[39m [37m/wd/hub/session/72cba275-dd23-4ef6-9547-7113b30ecbdd/element/9/location[39m
[35m[HTTP][39m [90m{}[39m
[35m[HTTP][39m [37m<-- GET /wd/hub/session/72cba275-dd23-4ef6-9547-7113b30ecbdd/element/9/location [39m[32m200[39m [90m505 ms - 89[39m
[35m[HTTP][39m [90m[39m
[35m[HTTP][39m [37m-->[39m [37mGET[39m [37m/wd/hub/session/72cba275-dd23-4ef6-9547-7113b30ecbdd/element/9/attribute/name[39m
[35m[HTTP][39m [90m{}[39m
[35m[HTTP][39m [37m<-- GET /wd/hub/session/72cba275-dd23-4ef6-9547-7113b30ecbdd/element/9/attribute/name [39m[32m200[39m [90m2473 ms - 88[39m
[35m[HTTP][39m [90m[39m
[35m[HTTP][39m [37m-->[39m [37mGET[39m [37m/wd/hub/session/72cba275-dd23-4ef6-9547-7113b30ecbdd/window/current/size[39m
[35m[HTTP][39m [90m{}[39m
[35m[HTTP][39m [37m<-- GET /wd/hub/session/72cba275-dd23-4ef6-9547-7113b30ecbdd/window/current/size [39m[32m200[39m [90m6 ms - 99[39m
[35m[HTTP][39m [90m[39m
[35m[HTTP][39m [37m-->[39m [37mPOST[39m [37m/wd/hub/session/72cba275-dd23-4ef6-9547-7113b30ecbdd/elements[39m
[35m[HTTP][39m [90m{"using":"-android uiautomator","value":"new UiSelector().description(\"pinCircleFocus\")"}[39m
[35m[HTTP][39m [37m<-- POST /wd/hub/session/72cba275-dd23-4ef6-9547-7113b30ecbdd/elements [39m[32m200[39m [90m2897 ms - 90[39m
[35m[HTTP][39m [90m[39m
[35m[HTTP][39m [37m-->[39m [37mGET[39m [37m/wd/hub/session/72cba275-dd23-4ef6-9547-7113b30ecbdd[39m
[35m[HTTP][39m [90m{}[39m
[35m[HTTP][39m [37m<-- GET /wd/hub/session/72cba275-dd23-4ef6-9547-7113b30ecbdd [39m[32m200[39m [90m2 ms - 1160[39m
[35m[HTTP][39m [90m[39m
[35m[HTTP][39m [37m-->[39m [37mGET[39m [37m/wd/hub/session/72cba275-dd23-4ef6-9547-7113b30ecbdd[39m
[35m[HTTP][39m [90m{}[39m
[35m[HTTP][39m [37m<-- GET /wd/hub/session/72cba275-dd23-4ef6-9547-7113b30ecbdd [39m[32m200[39m [90m2 ms - 1160[39m
[35m[HTTP][39m [90m[39m
[35m[HTTP][39m [37m-->[39m [37mGET[39m [37m/wd/hub/session/72cba275-dd23-4ef6-9547-7113b30ecbdd[39m
[35m[HTTP][39m [90m{}[39m
[35m[HTTP][39m [37m<-- GET /wd/hub/session/72cba275-dd23-4ef6-9547-7113b30ecbdd [39m[32m200[39m [90m2 ms - 1160[39m
[35m[HTTP][39m [90m[39m
[35m[HTTP][39m [37m-->[39m [37mGET[39m [37m/wd/hub/session/72cba275-dd23-4ef6-9547-7113b30ecbdd[39m
[35m[HTTP][39m [90m{}[39m
[35m[HTTP][39m [37m<-- GET /wd/hub/session/72cba275-dd23-4ef6-9547-7113b30ecbdd [39m[32m200[39m [90m2 ms - 1160[39m
[35m[HTTP][39m [90m[39m
[35m[HTTP][39m [37m-->[39m [37mGET[39m [37m/wd/hub/session/72cba275-dd23-4ef6-9547-7113b30ecbdd/element/10/location[39m
[35m[HTTP][39m [90m{}[39m
[35m[HTTP][39m [37m<-- GET /wd/hub/session/72cba275-dd23-4ef6-9547-7113b30ecbdd/element/10/location [39m[32m200[39m [90m1094 ms - 89[39m
[35m[HTTP][39m [90m[39m
[35m[HTTP][39m [37m-->[39m [37mPOST[39m [37m/wd/hub/session/72cba275-dd23-4ef6-9547-7113b30ecbdd/touch/perform[39m
[35m[HTTP][39m [90m{"actions":[{"action":"tap","options":{"element":"10","x":1,"y":1}}]}[39m
[35m[HTTP][39m [37m<-- POST /wd/hub/session/72cba275-dd23-4ef6-9547-7113b30ecbdd/touch/perform [39m[32m200[39m [90m1891 ms - 76[39m
[35m[HTTP][39m [90m[39m
[35m[HTTP][39m [37m-->[39m [37mGET[39m [37m/wd/hub/session/72cba275-dd23-4ef6-9547-7113b30ecbdd/window/current/size[39m
[35m[HTTP][39m [90m{}[39m
[35m[HTTP][39m [37m<-- GET /wd/hub/session/72cba275-dd23-4ef6-9547-7113b30ecbdd/window/current/size [39m[32m200[39m [90m12 ms - 99[39m
[35m[HTTP][39m [90m[39m
[35m[HTTP][39m [37m-->[39m [37mPOST[39m [37m/wd/hub/session/72cba275-dd23-4ef6-9547-7113b30ecbdd/elements[39m
[35m[HTTP][39m [90m{"using":"-android uiautomator","value":"new UiSelector().description(\"pinCircleFocus\")"}[39m
[35m[HTTP][39m [37m<-- POST /wd/hub/session/72cba275-dd23-4ef6-9547-7113b30ecbdd/elements [39m[32m200[39m [90m3597 ms - 90[39m
[35m[HTTP][39m [90m[39m
[35m[HTTP][39m [37m-->[39m [37mGET[39m [37m/wd/hub/session/72cba275-dd23-4ef6-9547-7113b30ecbdd[39m
[35m[HTTP][39m [90m{}[39m
[35m[HTTP][39m [37m<-- GET /wd/hub/session/72cba275-dd23-4ef6-9547-7113b30ecbdd [39m[32m200[39m [90m4 ms - 1160[39m
[35m[HTTP][39m [90m[39m
[35m[HTTP][39m [37m-->[39m [37mGET[39m [37m/wd/hub/session/72cba275-dd23-4ef6-9547-7113b30ecbdd[39m
[35m[HTTP][39m [90m{}[39m
[35m[HTTP][39m [37m<-- GET /wd/hub/session/72cba275-dd23-4ef6-9547-7113b30ecbdd [39m[32m200[39m [90m8 ms - 1160[39m
[35m[HTTP][39m [90m[39m
[35m[HTTP][39m [37m-->[39m [37mGET[39m [37m/wd/hub/session/72cba275-dd23-4ef6-9547-7113b30ecbdd[39m
[35m[HTTP][39m [90m{}[39m
[35m[HTTP][39m [37m<-- GET /wd/hub/session/72cba275-dd23-4ef6-9547-7113b30ecbdd [39m[32m200[39m [90m7 ms - 1160[39m
[35m[HTTP][39m [90m[39m
[35m[HTTP][39m [37m-->[39m [37mGET[39m [37m/wd/hub/session/72cba275-dd23-4ef6-9547-7113b30ecbdd[39m
[35m[HTTP][39m [90m{}[39m
[35m[HTTP][39m [37m<-- GET /wd/hub/session/72cba275-dd23-4ef6-9547-7113b30ecbdd [39m[32m200[39m [90m4 ms - 1160[39m
[35m[HTTP][39m [90m[39m
[35m[HTTP][39m [37m-->[39m [37mGET[39m [37m/wd/hub/session/72cba275-dd23-4ef6-9547-7113b30ecbdd/element/11/location[39m
[35m[HTTP][39m [90m{}[39m
[35m[HTTP][39m [37m<-- GET /wd/hub/session/72cba275-dd23-4ef6-9547-7113b30ecbdd/element/11/location [39m[32m200[39m [90m1392 ms - 89[39m
[35m[HTTP][39m [90m[39m
[35m[HTTP][39m [37m-->[39m [37mPOST[39m [37m/wd/hub/session/72cba275-dd23-4ef6-9547-7113b30ecbdd/element/11/clear[39m
[35m[HTTP][39m [90m{"id":"11"}[39m
[35m[HTTP][39m [37m<-- POST /wd/hub/session/72cba275-dd23-4ef6-9547-7113b30ecbdd/element/11/clear [39m[32m200[39m [90m5545 ms - 76[39m
[35m[HTTP][39m [90m[39m
[35m[HTTP][39m [37m-->[39m [37mPOST[39m [37m/wd/hub/session/72cba275-dd23-4ef6-9547-7113b30ecbdd/element/11/value[39m
[35m[HTTP][39m [90m{"id":"11","value":["123456"]}[39m
[35m[HTTP][39m [37m<-- POST /wd/hub/session/72cba275-dd23-4ef6-9547-7113b30ecbdd/element/11/value [39m[32m200[39m [90m10039 ms - 76[39m
[35m[HTTP][39m [90m[39m
[35m[HTTP][39m [37m-->[39m [37mGET[39m [37m/wd/hub/session/72cba275-dd23-4ef6-9547-7113b30ecbdd/window/current/size[39m
[35m[HTTP][39m [90m{}[39m
[35m[HTTP][39m [37m<-- GET /wd/hub/session/72cba275-dd23-4ef6-9547-7113b30ecbdd/window/current/size [39m[32m200[39m [90m11 ms - 99[39m
[35m[HTTP][39m [90m[39m
[35m[HTTP][39m [37m-->[39m [37mPOST[39m [37m/wd/hub/session/72cba275-dd23-4ef6-9547-7113b30ecbdd/elements[39m
[35m[HTTP][39m [90m{"using":"-android uiautomator","value":"new UiSelector().description(\"headerBar_button_hamburgerMenu\")"}[39m
[35m[HTTP][39m [37m<-- POST /wd/hub/session/72cba275-dd23-4ef6-9547-7113b30ecbdd/elements [39m[32m200[39m [90m2180 ms - 90[39m
[35m[HTTP][39m [90m[39m
[35m[HTTP][39m [37m-->[39m [37mGET[39m [37m/wd/hub/session/72cba275-dd23-4ef6-9547-7113b30ecbdd[39m
[35m[HTTP][39m [90m{}[39m
[35m[HTTP][39m [37m<-- GET /wd/hub/session/72cba275-dd23-4ef6-9547-7113b30ecbdd [39m[32m200[39m [90m14 ms - 1160[39m
[35m[HTTP][39m [90m[39m
[35m[HTTP][39m [37m-->[39m [37mGET[39m [37m/wd/hub/session/72cba275-dd23-4ef6-9547-7113b30ecbdd[39m
[35m[HTTP][39m [90m{}[39m
[35m[HTTP][39m [37m<-- GET /wd/hub/session/72cba275-dd23-4ef6-9547-7113b30ecbdd [39m[32m200[39m [90m13 ms - 1160[39m
[35m[HTTP][39m [90m[39m
[35m[HTTP][39m [37m-->[39m [37mGET[39m [37m/wd/hub/session/72cba275-dd23-4ef6-9547-7113b30ecbdd[39m
[35m[HTTP][39m [90m{}[39m
[35m[HTTP][39m [37m<-- GET /wd/hub/session/72cba275-dd23-4ef6-9547-7113b30ecbdd [39m[32m200[39m [90m4 ms - 1160[39m
[35m[HTTP][39m [90m[39m
[35m[HTTP][39m [37m-->[39m [37mGET[39m [37m/wd/hub/session/72cba275-dd23-4ef6-9547-7113b30ecbdd[39m
[35m[HTTP][39m [90m{}[39m
[35m[HTTP][39m [37m<-- GET /wd/hub/session/72cba275-dd23-4ef6-9547-7113b30ecbdd [39m[32m200[39m [90m5 ms - 1160[39m
[35m[HTTP][39m [90m[39m
[35m[HTTP][39m [37m-->[39m [37mGET[39m [37m/wd/hub/session/72cba275-dd23-4ef6-9547-7113b30ecbdd/element/12/location[39m
[35m[HTTP][39m [90m{}[39m
[35m[HTTP][39m [37m<-- GET /wd/hub/session/72cba275-dd23-4ef6-9547-7113b30ecbdd/element/12/location [39m[32m200[39m [90m2421 ms - 87[39m
[35m[HTTP][39m [90m[39m
[35m[HTTP][39m [37m-->[39m [37mGET[39m [37m/wd/hub/session/72cba275-dd23-4ef6-9547-7113b30ecbdd/window/current/size[39m
[35m[HTTP][39m [90m{}[39m
[35m[HTTP][39m [37m<-- GET /wd/hub/session/72cba275-dd23-4ef6-9547-7113b30ecbdd/window/current/size [39m[32m200[39m [90m11 ms - 99[39m
[35m[HTTP][39m [90m[39m
[35m[HTTP][39m [37m-->[39m [37mPOST[39m [37m/wd/hub/session/72cba275-dd23-4ef6-9547-7113b30ecbdd/elements[39m
[35m[HTTP][39m [90m{"using":"-android uiautomator","value":"new UiSelector().description(\"headerBar_button_hamburgerMenu\")"}[39m
[35m[HTTP][39m [37m<-- POST /wd/hub/session/72cba275-dd23-4ef6-9547-7113b30ecbdd/elements [39m[32m200[39m [90m1544 ms - 90[39m
[35m[HTTP][39m [90m[39m
[35m[HTTP][39m [37m-->[39m [37mGET[39m [37m/wd/hub/session/72cba275-dd23-4ef6-9547-7113b30ecbdd[39m
[35m[HTTP][39m [90m{}[39m
[35m[HTTP][39m [37m<-- GET /wd/hub/session/72cba275-dd23-4ef6-9547-7113b30ecbdd [39m[32m200[39m [90m2 ms - 1160[39m
[35m[HTTP][39m [90m[39m
[35m[HTTP][39m [37m-->[39m [37mGET[39m [37m/wd/hub/session/72cba275-dd23-4ef6-9547-7113b30ecbdd[39m
[35m[HTTP][39m [90m{}[39m
[35m[HTTP][39m [37m<-- GET /wd/hub/session/72cba275-dd23-4ef6-9547-7113b30ecbdd [39m[32m200[39m [90m3 ms - 1160[39m
[35m[HTTP][39m [90m[39m
[35m[HTTP][39m [37m-->[39m [37mGET[39m [37m/wd/hub/session/72cba275-dd23-4ef6-9547-7113b30ecbdd[39m
[35m[HTTP][39m [90m{}[39m
[35m[HTTP][39m [37m<-- GET /wd/hub/session/72cba275-dd23-4ef6-9547-7113b30ecbdd [39m[32m200[39m [90m4 ms - 1160[39m
[35m[HTTP][39m [90m[39m
[35m[HTTP][39m [37m-->[39m [37mGET[39m [37m/wd/hub/session/72cba275-dd23-4ef6-9547-7113b30ecbdd[39m
[35m[HTTP][39m [90m{}[39m
[35m[HTTP][39m [37m<-- GET /wd/hub/session/72cba275-dd23-4ef6-9547-7113b30ecbdd [39m[32m200[39m [90m2 ms - 1160[39m
[35m[HTTP][39m [90m[39m
[35m[HTTP][39m [37m-->[39m [37mGET[39m [37m/wd/hub/session/72cba275-dd23-4ef6-9547-7113b30ecbdd/element/13/location[39m
[35m[HTTP][39m [90m{}[39m
[35m[HTTP][39m [37m<-- GET /wd/hub/session/72cba275-dd23-4ef6-9547-7113b30ecbdd/element/13/location [39m[32m200[39m [90m1296 ms - 87[39m
[35m[HTTP][39m [90m[39m
[35m[HTTP][39m [37m-->[39m [37mGET[39m [37m/wd/hub/session/72cba275-dd23-4ef6-9547-7113b30ecbdd/element/13/attribute/name[39m
[35m[HTTP][39m [90m{}[39m
[35m[HTTP][39m [37m<-- GET /wd/hub/session/72cba275-dd23-4ef6-9547-7113b30ecbdd/element/13/attribute/name [39m[32m200[39m [90m1174 ms - 104[39m
[35m[HTTP][39m [90m[39m
[35m[HTTP][39m [37m-->[39m [37mGET[39m [37m/wd/hub/session/72cba275-dd23-4ef6-9547-7113b30ecbdd/window/current/size[39m
[35m[HTTP][39m [90m{}[39m
[35m[HTTP][39m [37m<-- GET /wd/hub/session/72cba275-dd23-4ef6-9547-7113b30ecbdd/window/current/size [39m[32m200[39m [90m6 ms - 99[39m
[35m[HTTP][39m [90m[39m
[35m[HTTP][39m [37m-->[39m [37mPOST[39m [37m/wd/hub/session/72cba275-dd23-4ef6-9547-7113b30ecbdd/elements[39m
[35m[HTTP][39m [90m{"using":"-android uiautomator","value":"new UiSelector().description(\"headerBar_button_hamburgerMenu\")"}[39m
[35m[HTTP][39m [37m<-- POST /wd/hub/session/72cba275-dd23-4ef6-9547-7113b30ecbdd/elements [39m[32m200[39m [90m1545 ms - 90[39m
[35m[HTTP][39m [90m[39m
[35m[HTTP][39m [37m-->[39m [37mGET[39m [37m/wd/hub/session/72cba275-dd23-4ef6-9547-7113b30ecbdd[39m
[35m[HTTP][39m [90m{}[39m
[35m[HTTP][39m [37m<-- GET /wd/hub/session/72cba275-dd23-4ef6-9547-7113b30ecbdd [39m[32m200[39m [90m11 ms - 1160[39m
[35m[HTTP][39m [90m[39m
[35m[HTTP][39m [37m-->[39m [37mGET[39m [37m/wd/hub/session/72cba275-dd23-4ef6-9547-7113b30ecbdd[39m
[35m[HTTP][39m [90m{}[39m
[35m[HTTP][39m [37m<-- GET /wd/hub/session/72cba275-dd23-4ef6-9547-7113b30ecbdd [39m[32m200[39m [90m9 ms - 1160[39m
[35m[HTTP][39m [90m[39m
[35m[HTTP][39m [37m-->[39m [37mGET[39m [37m/wd/hub/session/72cba275-dd23-4ef6-9547-7113b30ecbdd[39m
[35m[HTTP][39m [90m{}[39m
[35m[HTTP][39m [37m<-- GET /wd/hub/session/72cba275-dd23-4ef6-9547-7113b30ecbdd [39m[32m200[39m [90m5 ms - 1160[39m
[35m[HTTP][39m [90m[39m
[35m[HTTP][39m [37m-->[39m [37mGET[39m [37m/wd/hub/session/72cba275-dd23-4ef6-9547-7113b30ecbdd[39m
[35m[HTTP][39m [90m{}[39m
[35m[HTTP][39m [37m<-- GET /wd/hub/session/72cba275-dd23-4ef6-9547-7113b30ecbdd [39m[32m200[39m [90m4 ms - 1160[39m
[35m[HTTP][39m [90m[39m
[35m[HTTP][39m [37m-->[39m [37mGET[39m [37m/wd/hub/session/72cba275-dd23-4ef6-9547-7113b30ecbdd/element/14/location[39m
[35m[HTTP][39m [90m{}[39m
[35m[HTTP][39m [37m<-- GET /wd/hub/session/72cba275-dd23-4ef6-9547-7113b30ecbdd/element/14/location [39m[32m200[39m [90m1282 ms - 87[39m
[35m[HTTP][39m [90m[39m
[35m[HTTP][39m [37m-->[39m [37mPOST[39m [37m/wd/hub/session/72cba275-dd23-4ef6-9547-7113b30ecbdd/touch/perform[39m
[35m[HTTP][39m [90m{"actions":[{"action":"tap","options":{"element":"14","x":1,"y":1}}]}[39m
[35m[HTTP][39m [37m<-- POST /wd/hub/session/72cba275-dd23-4ef6-9547-7113b30ecbdd/touch/perform [39m[32m200[39m [90m1722 ms - 76[39m
[35m[HTTP][39m [90m[39m
[35m[HTTP][39m [37m-->[39m [37mGET[39m [37m/wd/hub/session/72cba275-dd23-4ef6-9547-7113b30ecbdd/window/current/size[39m
[35m[HTTP][39m [90m{}[39m
[35m[HTTP][39m [37m<-- GET /wd/hub/session/72cba275-dd23-4ef6-9547-7113b30ecbdd/window/current/size [39m[32m200[39m [90m24 ms - 99[39m
[35m[HTTP][39m [90m[39m
[35m[HTTP][39m [37m-->[39m [37mPOST[39m [37m/wd/hub/session/72cba275-dd23-4ef6-9547-7113b30ecbdd/elements[39m
[35m[HTTP][39m [90m{"using":"-android uiautomator","value":"new UiSelector().description(\"produkMenuItem\")"}[39m
[35m[HTTP][39m [37m<-- POST /wd/hub/session/72cba275-dd23-4ef6-9547-7113b30ecbdd/elements [39m[32m200[39m [90m4460 ms - 107[39m
[35m[HTTP][39m [90m[39m
[35m[HTTP][39m [37m-->[39m [37mGET[39m [37m/wd/hub/session/72cba275-dd23-4ef6-9547-7113b30ecbdd[39m
[35m[HTTP][39m [90m{}[39m
[35m[HTTP][39m [37m<-- GET /wd/hub/session/72cba275-dd23-4ef6-9547-7113b30ecbdd [39m[32m200[39m [90m2 ms - 1160[39m
[35m[HTTP][39m [90m[39m
[35m[HTTP][39m [37m-->[39m [37mGET[39m [37m/wd/hub/session/72cba275-dd23-4ef6-9547-7113b30ecbdd[39m
[35m[HTTP][39m [90m{}[39m
[35m[HTTP][39m [37m<-- GET /wd/hub/session/72cba275-dd23-4ef6-9547-7113b30ecbdd [39m[32m200[39m [90m2 ms - 1160[39m
[35m[HTTP][39m [90m[39m
[35m[HTTP][39m [37m-->[39m [37mGET[39m [37m/wd/hub/session/72cba275-dd23-4ef6-9547-7113b30ecbdd[39m
[35m[HTTP][39m [90m{}[39m
[35m[HTTP][39m [37m<-- GET /wd/hub/session/72cba275-dd23-4ef6-9547-7113b30ecbdd [39m[32m200[39m [90m2 ms - 1160[39m
[35m[HTTP][39m [90m[39m
[35m[HTTP][39m [37m-->[39m [37mGET[39m [37m/wd/hub/session/72cba275-dd23-4ef6-9547-7113b30ecbdd[39m
[35m[HTTP][39m [90m{}[39m
[35m[HTTP][39m [37m<-- GET /wd/hub/session/72cba275-dd23-4ef6-9547-7113b30ecbdd [39m[32m200[39m [90m3 ms - 1160[39m
[35m[HTTP][39m [90m[39m
[35m[HTTP][39m [37m-->[39m [37mGET[39m [37m/wd/hub/session/72cba275-dd23-4ef6-9547-7113b30ecbdd[39m
[35m[HTTP][39m [90m{}[39m
[35m[HTTP][39m [37m<-- GET /wd/hub/session/72cba275-dd23-4ef6-9547-7113b30ecbdd [39m[32m200[39m [90m2 ms - 1160[39m
[35m[HTTP][39m [90m[39m
[35m[HTTP][39m [37m-->[39m [37mGET[39m [37m/wd/hub/session/72cba275-dd23-4ef6-9547-7113b30ecbdd[39m
[35m[HTTP][39m [90m{}[39m
[35m[HTTP][39m [37m<-- GET /wd/hub/session/72cba275-dd23-4ef6-9547-7113b30ecbdd [39m[32m200[39m [90m3 ms - 1160[39m
[35m[HTTP][39m [90m[39m
[35m[HTTP][39m [37m-->[39m [37mGET[39m [37m/wd/hub/session/72cba275-dd23-4ef6-9547-7113b30ecbdd[39m
[35m[HTTP][39m [90m{}[39m
[35m[HTTP][39m [37m<-- GET /wd/hub/session/72cba275-dd23-4ef6-9547-7113b30ecbdd [39m[32m200[39m [90m2 ms - 1160[39m
[35m[HTTP][39m [90m[39m
[35m[HTTP][39m [37m-->[39m [37mGET[39m [37m/wd/hub/session/72cba275-dd23-4ef6-9547-7113b30ecbdd[39m
[35m[HTTP][39m [90m{}[39m
[35m[HTTP][39m [37m<-- GET /wd/hub/session/72cba275-dd23-4ef6-9547-7113b30ecbdd [39m[32m200[39m [90m2 ms - 1160[39m
[35m[HTTP][39m [90m[39m
[35m[HTTP][39m [37m-->[39m [37mGET[39m [37m/wd/hub/session/72cba275-dd23-4ef6-9547-7113b30ecbdd/element/15/location[39m
[35m[HTTP][39m [90m{}[39m
[35m[HTTP][39m [37m<-- GET /wd/hub/session/72cba275-dd23-4ef6-9547-7113b30ecbdd/element/15/location [39m[32m200[39m [90m463 ms - 87[39m
[35m[HTTP][39m [90m[39m
[35m[HTTP][39m [37m-->[39m [37mGET[39m [37m/wd/hub/session/72cba275-dd23-4ef6-9547-7113b30ecbdd/window/current/size[39m
[35m[HTTP][39m [90m{}[39m
[35m[HTTP][39m [37m<-- GET /wd/hub/session/72cba275-dd23-4ef6-9547-7113b30ecbdd/window/current/size [39m[32m200[39m [90m102 ms - 99[39m
[35m[HTTP][39m [90m[39m
[35m[HTTP][39m [37m-->[39m [37mPOST[39m [37m/wd/hub/session/72cba275-dd23-4ef6-9547-7113b30ecbdd/elements[39m
[35m[HTTP][39m [90m{"using":"-android uiautomator","value":"new UiSelector().description(\"produkMenuItem\")"}[39m
[35m[HTTP][39m [37m<-- POST /wd/hub/session/72cba275-dd23-4ef6-9547-7113b30ecbdd/elements [39m[32m200[39m [90m4115 ms - 107[39m
[35m[HTTP][39m [90m[39m
[35m[HTTP][39m [37m-->[39m [37mGET[39m [37m/wd/hub/session/72cba275-dd23-4ef6-9547-7113b30ecbdd[39m
[35m[HTTP][39m [90m{}[39m
[35m[HTTP][39m [37m<-- GET /wd/hub/session/72cba275-dd23-4ef6-9547-7113b30ecbdd [39m[32m200[39m [90m2 ms - 1160[39m
[35m[HTTP][39m [90m[39m
[35m[HTTP][39m [37m-->[39m [37mGET[39m [37m/wd/hub/session/72cba275-dd23-4ef6-9547-7113b30ecbdd[39m
[35m[HTTP][39m [90m{}[39m
[35m[HTTP][39m [37m<-- GET /wd/hub/session/72cba275-dd23-4ef6-9547-7113b30ecbdd [39m[32m200[39m [90m2 ms - 1160[39m
[35m[HTTP][39m [90m[39m
[35m[HTTP][39m [37m-->[39m [37mGET[39m [37m/wd/hub/session/72cba275-dd23-4ef6-9547-7113b30ecbdd[39m
[35m[HTTP][39m [90m{}[39m
[35m[HTTP][39m [37m<-- GET /wd/hub/session/72cba275-dd23-4ef6-9547-7113b30ecbdd [39m[32m200[39m [90m2 ms - 1160[39m
[35m[HTTP][39m [90m[39m
[35m[HTTP][39m [37m-->[39m [37mGET[39m [37m/wd/hub/session/72cba275-dd23-4ef6-9547-7113b30ecbdd[39m
[35m[HTTP][39m [90m{}[39m
[35m[HTTP][39m [37m<-- GET /wd/hub/session/72cba275-dd23-4ef6-9547-7113b30ecbdd [39m[32m200[39m [90m2 ms - 1160[39m
[35m[HTTP][39m [90m[39m
[35m[HTTP][39m [37m-->[39m [37mGET[39m [37m/wd/hub/session/72cba275-dd23-4ef6-9547-7113b30ecbdd[39m
[35m[HTTP][39m [90m{}[39m
[35m[HTTP][39m [37m<-- GET /wd/hub/session/72cba275-dd23-4ef6-9547-7113b30ecbdd [39m[32m200[39m [90m2 ms - 1160[39m
[35m[HTTP][39m [90m[39m
[35m[HTTP][39m [37m-->[39m [37mGET[39m [37m/wd/hub/session/72cba275-dd23-4ef6-9547-7113b30ecbdd[39m
[35m[HTTP][39m [90m{}[39m
[35m[HTTP][39m [37m<-- GET /wd/hub/session/72cba275-dd23-4ef6-9547-7113b30ecbdd [39m[32m200[39m [90m2 ms - 1160[39m
[35m[HTTP][39m [90m[39m
[35m[HTTP][39m [37m-->[39m [37mGET[39m [37m/wd/hub/session/72cba275-dd23-4ef6-9547-7113b30ecbdd[39m
[35m[HTTP][39m [90m{}[39m
[35m[HTTP][39m [37m<-- GET /wd/hub/session/72cba275-dd23-4ef6-9547-7113b30ecbdd [39m[32m200[39m [90m3 ms - 1160[39m
[35m[HTTP][39m [90m[39m
[35m[HTTP][39m [37m-->[39m [37mGET[39m [37m/wd/hub/session/72cba275-dd23-4ef6-9547-7113b30ecbdd[39m
[35m[HTTP][39m [90m{}[39m
[35m[HTTP][39m [37m<-- GET /wd/hub/session/72cba275-dd23-4ef6-9547-7113b30ecbdd [39m[32m200[39m [90m2 ms - 1160[39m
[35m[HTTP][39m [90m[39m
[35m[HTTP][39m [37m-->[39m [37mGET[39m [37m/wd/hub/session/72cba275-dd23-4ef6-9547-7113b30ecbdd/element/17/location[39m
[35m[HTTP][39m [90m{}[39m
[35m[HTTP][39m [37m<-- GET /wd/hub/session/72cba275-dd23-4ef6-9547-7113b30ecbdd/element/17/location [39m[32m200[39m [90m1039 ms - 87[39m
[35m[HTTP][39m [90m[39m
[35m[HTTP][39m [37m-->[39m [37mGET[39m [37m/wd/hub/session/72cba275-dd23-4ef6-9547-7113b30ecbdd/element/17/attribute/name[39m
[35m[HTTP][39m [90m{}[39m
[35m[HTTP][39m [37m<-- GET /wd/hub/session/72cba275-dd23-4ef6-9547-7113b30ecbdd/element/17/attribute/name [39m[32m200[39m [90m1122 ms - 88[39m
[35m[HTTP][39m [90m[39m
[35m[HTTP][39m [37m-->[39m [37mGET[39m [37m/wd/hub/session/72cba275-dd23-4ef6-9547-7113b30ecbdd/window/current/size[39m
[35m[HTTP][39m [90m{}[39m
[35m[HTTP][39m [37m<-- GET /wd/hub/session/72cba275-dd23-4ef6-9547-7113b30ecbdd/window/current/size [39m[32m200[39m [90m8 ms - 99[39m
[35m[HTTP][39m [90m[39m
[35m[HTTP][39m [37m-->[39m [37mPOST[39m [37m/wd/hub/session/72cba275-dd23-4ef6-9547-7113b30ecbdd/elements[39m
[35m[HTTP][39m [90m{"using":"-android uiautomator","value":"new UiSelector().description(\"produkMenuItem\")"}[39m
[35m[HTTP][39m [37m<-- POST /wd/hub/session/72cba275-dd23-4ef6-9547-7113b30ecbdd/elements [39m[32m200[39m [90m4423 ms - 107[39m
[35m[HTTP][39m [90m[39m
[35m[HTTP][39m [37m-->[39m [37mGET[39m [37m/wd/hub/session/72cba275-dd23-4ef6-9547-7113b30ecbdd[39m
[35m[HTTP][39m [90m{}[39m
[35m[HTTP][39m [37m<-- GET /wd/hub/session/72cba275-dd23-4ef6-9547-7113b30ecbdd [39m[32m200[39m [90m2 ms - 1160[39m
[35m[HTTP][39m [90m[39m
[35m[HTTP][39m [37m-->[39m [37mGET[39m [37m/wd/hub/session/72cba275-dd23-4ef6-9547-7113b30ecbdd[39m
[35m[HTTP][39m [90m{}[39m
[35m[HTTP][39m [37m<-- GET /wd/hub/session/72cba275-dd23-4ef6-9547-7113b30ecbdd [39m[32m200[39m [90m2 ms - 1160[39m
[35m[HTTP][39m [90m[39m
[35m[HTTP][39m [37m-->[39m [37mGET[39m [37m/wd/hub/session/72cba275-dd23-4ef6-9547-7113b30ecbdd[39m
[35m[HTTP][39m [90m{}[39m
[35m[HTTP][39m [37m<-- GET /wd/hub/session/72cba275-dd23-4ef6-9547-7113b30ecbdd [39m[32m200[39m [90m2 ms - 1160[39m
[35m[HTTP][39m [90m[39m
[35m[HTTP][39m [37m-->[39m [37mGET[39m [37m/wd/hub/session/72cba275-dd23-4ef6-9547-7113b30ecbdd[39m
[35m[HTTP][39m [90m{}[39m
[35m[HTTP][39m [37m<-- GET /wd/hub/session/72cba275-dd23-4ef6-9547-7113b30ecbdd [39m[32m200[39m [90m2 ms - 1160[39m
[35m[HTTP][39m [90m[39m
[35m[HTTP][39m [37m-->[39m [37mGET[39m [37m/wd/hub/session/72cba275-dd23-4ef6-9547-7113b30ecbdd[39m
[35m[HTTP][39m [90m{}[39m
[35m[HTTP][39m [37m<-- GET /wd/hub/session/72cba275-dd23-4ef6-9547-7113b30ecbdd [39m[32m200[39m [90m2 ms - 1160[39m
[35m[HTTP][39m [90m[39m
[35m[HTTP][39m [37m-->[39m [37mGET[39m [37m/wd/hub/session/72cba275-dd23-4ef6-9547-7113b30ecbdd[39m
[35m[HTTP][39m [90m{}[39m
[35m[HTTP][39m [37m<-- GET /wd/hub/session/72cba275-dd23-4ef6-9547-7113b30ecbdd [39m[32m200[39m [90m3 ms - 1160[39m
[35m[HTTP][39m [90m[39m
[35m[HTTP][39m [37m-->[39m [37mGET[39m [37m/wd/hub/session/72cba275-dd23-4ef6-9547-7113b30ecbdd[39m
[35m[HTTP][39m [90m{}[39m
[35m[HTTP][39m [37m<-- GET /wd/hub/session/72cba275-dd23-4ef6-9547-7113b30ecbdd [39m[32m200[39m [90m2 ms - 1160[39m
[35m[HTTP][39m [90m[39m
[35m[HTTP][39m [37m-->[39m [37mGET[39m [37m/wd/hub/session/72cba275-dd23-4ef6-9547-7113b30ecbdd[39m
[35m[HTTP][39m [90m{}[39m
[35m[HTTP][39m [37m<-- GET /wd/hub/session/72cba275-dd23-4ef6-9547-7113b30ecbdd [39m[32m200[39m [90m2 ms - 1160[39m
[35m[HTTP][39m [90m[39m
[35m[HTTP][39m [37m-->[39m [37mGET[39m [37m/wd/hub/session/72cba275-dd23-4ef6-9547-7113b30ecbdd/element/19/location[39m
[35m[HTTP][39m [90m{}[39m
[35m[HTTP][39m [37m<-- GET /wd/hub/session/72cba275-dd23-4ef6-9547-7113b30ecbdd/element/19/location [39m[32m200[39m [90m475 ms - 87[39m
[35m[HTTP][39m [90m[39m
[35m[HTTP][39m [37m-->[39m [37mPOST[39m [37m/wd/hub/session/72cba275-dd23-4ef6-9547-7113b30ecbdd/touch/perform[39m
[35m[HTTP][39m [90m{"actions":[{"action":"tap","options":{"element":"19","x":1,"y":1}}]}[39m
[35m[HTTP][39m [37m<-- POST /wd/hub/session/72cba275-dd23-4ef6-9547-7113b30ecbdd/touch/perform [39m[32m200[39m [90m2170 ms - 76[39m
[35m[HTTP][39m [90m[39m
[35m[HTTP][39m [37m-->[39m [37mGET[39m [37m/wd/hub/session/72cba275-dd23-4ef6-9547-7113b30ecbdd/window/current/size[39m
[35m[HTTP][39m [90m{}[39m
[35m[HTTP][39m [37m<-- GET /wd/hub/session/72cba275-dd23-4ef6-9547-7113b30ecbdd/window/current/size [39m[32m200[39m [90m19 ms - 99[39m
[35m[HTTP][39m [90m[39m
[35m[HTTP][39m [37m-->[39m [37mPOST[39m [37m/wd/hub/session/72cba275-dd23-4ef6-9547-7113b30ecbdd/elements[39m
[35m[HTTP][39m [90m{"using":"-android uiautomator","value":"new UiSelector().description(\"headerBar_text_headerTitle\").text(\"Produk\")"}[39m
[35m[HTTP][39m [37m<-- POST /wd/hub/session/72cba275-dd23-4ef6-9547-7113b30ecbdd/elements [39m[32m200[39m [90m4919 ms - 90[39m
[35m[HTTP][39m [90m[39m
[35m[HTTP][39m [37m-->[39m [37mGET[39m [37m/wd/hub/session/72cba275-dd23-4ef6-9547-7113b30ecbdd[39m
[35m[HTTP][39m [90m{}[39m
[35m[HTTP][39m [37m<-- GET /wd/hub/session/72cba275-dd23-4ef6-9547-7113b30ecbdd [39m[32m200[39m [90m7 ms - 1160[39m
[35m[HTTP][39m [90m[39m
[35m[HTTP][39m [37m-->[39m [37mGET[39m [37m/wd/hub/session/72cba275-dd23-4ef6-9547-7113b30ecbdd[39m
[35m[HTTP][39m [90m{}[39m
[35m[HTTP][39m [37m<-- GET /wd/hub/session/72cba275-dd23-4ef6-9547-7113b30ecbdd [39m[32m200[39m [90m7 ms - 1160[39m
[35m[HTTP][39m [90m[39m
[35m[HTTP][39m [37m-->[39m [37mGET[39m [37m/wd/hub/session/72cba275-dd23-4ef6-9547-7113b30ecbdd[39m
[35m[HTTP][39m [90m{}[39m
[35m[HTTP][39m [37m<-- GET /wd/hub/session/72cba275-dd23-4ef6-9547-7113b30ecbdd [39m[32m200[39m [90m7 ms - 1160[39m
[35m[HTTP][39m [90m[39m
[35m[HTTP][39m [37m-->[39m [37mGET[39m [37m/wd/hub/session/72cba275-dd23-4ef6-9547-7113b30ecbdd[39m
[35m[HTTP][39m [90m{}[39m
[35m[HTTP][39m [37m<-- GET /wd/hub/session/72cba275-dd23-4ef6-9547-7113b30ecbdd [39m[32m200[39m [90m2 ms - 1160[39m
[35m[HTTP][39m [90m[39m
[35m[HTTP][39m [37m-->[39m [37mGET[39m [37m/wd/hub/session/72cba275-dd23-4ef6-9547-7113b30ecbdd/element/21/location[39m
[35m[HTTP][39m [90m{}[39m
[35m[HTTP][39m [37m<-- GET /wd/hub/session/72cba275-dd23-4ef6-9547-7113b30ecbdd/element/21/location [39m[32m200[39m [90m493 ms - 88[39m
[35m[HTTP][39m [90m[39m
[35m[HTTP][39m [37m-->[39m [37mGET[39m [37m/wd/hub/session/72cba275-dd23-4ef6-9547-7113b30ecbdd/element/21/displayed[39m
[35m[HTTP][39m [90m{}[39m
[35m[HTTP][39m [37m<-- GET /wd/hub/session/72cba275-dd23-4ef6-9547-7113b30ecbdd/element/21/displayed [39m[32m200[39m [90m544 ms - 76[39m
[35m[HTTP][39m [90m[39m
[35m[HTTP][39m [37m-->[39m [37mGET[39m [37m/wd/hub/session/72cba275-dd23-4ef6-9547-7113b30ecbdd/window/current/size[39m
[35m[HTTP][39m [90m{}[39m
[35m[HTTP][39m [37m<-- GET /wd/hub/session/72cba275-dd23-4ef6-9547-7113b30ecbdd/window/current/size [39m[32m200[39m [90m9 ms - 99[39m
[35m[HTTP][39m [90m[39m
[35m[HTTP][39m [37m-->[39m [37mPOST[39m [37m/wd/hub/session/72cba275-dd23-4ef6-9547-7113b30ecbdd/elements[39m
[35m[HTTP][39m [90m{"using":"-android uiautomator","value":"new UiSelector().description(\"productListComponent_textInput_search\")"}[39m
[35m[HTTP][39m [37m<-- POST /wd/hub/session/72cba275-dd23-4ef6-9547-7113b30ecbdd/elements [39m[32m200[39m [90m6947 ms - 90[39m
[35m[HTTP][39m [90m[39m
[35m[HTTP][39m [37m-->[39m [37mGET[39m [37m/wd/hub/session/72cba275-dd23-4ef6-9547-7113b30ecbdd[39m
[35m[HTTP][39m [90m{}[39m
[35m[HTTP][39m [37m<-- GET /wd/hub/session/72cba275-dd23-4ef6-9547-7113b30ecbdd [39m[32m200[39m [90m3 ms - 1160[39m
[35m[HTTP][39m [90m[39m
[35m[HTTP][39m [37m-->[39m [37mGET[39m [37m/wd/hub/session/72cba275-dd23-4ef6-9547-7113b30ecbdd[39m
[35m[HTTP][39m [90m{}[39m
[35m[HTTP][39m [37m<-- GET /wd/hub/session/72cba275-dd23-4ef6-9547-7113b30ecbdd [39m[32m200[39m [90m5 ms - 1160[39m
[35m[HTTP][39m [90m[39m
[35m[HTTP][39m [37m-->[39m [37mGET[39m [37m/wd/hub/session/72cba275-dd23-4ef6-9547-7113b30ecbdd[39m
[35m[HTTP][39m [90m{}[39m
[35m[HTTP][39m [37m<-- GET /wd/hub/session/72cba275-dd23-4ef6-9547-7113b30ecbdd [39m[32m200[39m [90m4 ms - 1160[39m
[35m[HTTP][39m [90m[39m
[35m[HTTP][39m [37m-->[39m [37mGET[39m [37m/wd/hub/session/72cba275-dd23-4ef6-9547-7113b30ecbdd[39m
[35m[HTTP][39m [90m{}[39m
[35m[HTTP][39m [37m<-- GET /wd/hub/session/72cba275-dd23-4ef6-9547-7113b30ecbdd [39m[32m200[39m [90m3 ms - 1160[39m
[35m[HTTP][39m [90m[39m
[35m[HTTP][39m [37m-->[39m [37mGET[39m [37m/wd/hub/session/72cba275-dd23-4ef6-9547-7113b30ecbdd/element/22/location[39m
[35m[HTTP][39m [90m{}[39m
[35m[HTTP][39m [37m<-- GET /wd/hub/session/72cba275-dd23-4ef6-9547-7113b30ecbdd/element/22/location [39m[32m200[39m [90m525 ms - 88[39m
[35m[HTTP][39m [90m[39m
[35m[HTTP][39m [37m-->[39m [37mGET[39m [37m/wd/hub/session/72cba275-dd23-4ef6-9547-7113b30ecbdd/window/current/size[39m
[35m[HTTP][39m [90m{}[39m
[35m[HTTP][39m [37m<-- GET /wd/hub/session/72cba275-dd23-4ef6-9547-7113b30ecbdd/window/current/size [39m[32m200[39m [90m9 ms - 99[39m
[35m[HTTP][39m [90m[39m
[35m[HTTP][39m [37m-->[39m [37mPOST[39m [37m/wd/hub/session/72cba275-dd23-4ef6-9547-7113b30ecbdd/elements[39m
[35m[HTTP][39m [90m{"using":"-android uiautomator","value":"new UiSelector().description(\"productListComponent_textInput_search\")"}[39m
[35m[HTTP][39m [37m<-- POST /wd/hub/session/72cba275-dd23-4ef6-9547-7113b30ecbdd/elements [39m[32m200[39m [90m2330 ms - 90[39m
[35m[HTTP][39m [90m[39m
[35m[HTTP][39m [37m-->[39m [37mGET[39m [37m/wd/hub/session/72cba275-dd23-4ef6-9547-7113b30ecbdd[39m
[35m[HTTP][39m [90m{}[39m
[35m[HTTP][39m [37m<-- GET /wd/hub/session/72cba275-dd23-4ef6-9547-7113b30ecbdd [39m[32m200[39m [90m4 ms - 1160[39m
[35m[HTTP][39m [90m[39m
[35m[HTTP][39m [37m-->[39m [37mGET[39m [37m/wd/hub/session/72cba275-dd23-4ef6-9547-7113b30ecbdd[39m
[35m[HTTP][39m [90m{}[39m
[35m[HTTP][39m [37m<-- GET /wd/hub/session/72cba275-dd23-4ef6-9547-7113b30ecbdd [39m[32m200[39m [90m4 ms - 1160[39m
[35m[HTTP][39m [90m[39m
[35m[HTTP][39m [37m-->[39m [37mGET[39m [37m/wd/hub/session/72cba275-dd23-4ef6-9547-7113b30ecbdd[39m
[35m[HTTP][39m [90m{}[39m
[35m[HTTP][39m [37m<-- GET /wd/hub/session/72cba275-dd23-4ef6-9547-7113b30ecbdd [39m[32m200[39m [90m5 ms - 1160[39m
[35m[HTTP][39m [90m[39m
[35m[HTTP][39m [37m-->[39m [37mGET[39m [37m/wd/hub/session/72cba275-dd23-4ef6-9547-7113b30ecbdd[39m
[35m[HTTP][39m [90m{}[39m
[35m[HTTP][39m [37m<-- GET /wd/hub/session/72cba275-dd23-4ef6-9547-7113b30ecbdd [39m[32m200[39m [90m8 ms - 1160[39m
[35m[HTTP][39m [90m[39m
[35m[HTTP][39m [37m-->[39m [37mGET[39m [37m/wd/hub/session/72cba275-dd23-4ef6-9547-7113b30ecbdd/element/23/location[39m
[35m[HTTP][39m [90m{}[39m
[35m[HTTP][39m [37m<-- GET /wd/hub/session/72cba275-dd23-4ef6-9547-7113b30ecbdd/element/23/location [39m[32m200[39m [90m1050 ms - 88[39m
[35m[HTTP][39m [90m[39m
[35m[HTTP][39m [37m-->[39m [37mPOST[39m [37m/wd/hub/session/72cba275-dd23-4ef6-9547-7113b30ecbdd/element/23/clear[39m
[35m[HTTP][39m [90m{"id":"23"}[39m
[35m[HTTP][39m [37m<-- POST /wd/hub/session/72cba275-dd23-4ef6-9547-7113b30ecbdd/element/23/clear [39m[32m200[39m [90m2421 ms - 76[39m
[35m[HTTP][39m [90m[39m
[35m[HTTP][39m [37m-->[39m [37mGET[39m [37m/wd/hub/session/72cba275-dd23-4ef6-9547-7113b30ecbdd/window/current/size[39m
[35m[HTTP][39m [90m{}[39m
[35m[HTTP][39m [37m<-- GET /wd/hub/session/72cba275-dd23-4ef6-9547-7113b30ecbdd/window/current/size [39m[32m200[39m [90m8 ms - 99[39m
[35m[HTTP][39m [90m[39m
[35m[HTTP][39m [37m-->[39m [37mPOST[39m [37m/wd/hub/session/72cba275-dd23-4ef6-9547-7113b30ecbdd/elements[39m
[35m[HTTP][39m [90m{"using":"-android uiautomator","value":"new UiSelector().description(\"choices-list-button\")"}[39m
[35m[HTTP][39m [37m<-- POST /wd/hub/session/72cba275-dd23-4ef6-9547-7113b30ecbdd/elements [39m[32m200[39m [90m5604 ms - 90[39m
[35m[HTTP][39m [90m[39m
[35m[HTTP][39m [37m-->[39m [37mGET[39m [37m/wd/hub/session/72cba275-dd23-4ef6-9547-7113b30ecbdd[39m
[35m[HTTP][39m [90m{}[39m
[35m[HTTP][39m [37m<-- GET /wd/hub/session/72cba275-dd23-4ef6-9547-7113b30ecbdd [39m[32m200[39m [90m4 ms - 1160[39m
[35m[HTTP][39m [90m[39m
[35m[HTTP][39m [37m-->[39m [37mGET[39m [37m/wd/hub/session/72cba275-dd23-4ef6-9547-7113b30ecbdd[39m
[35m[HTTP][39m [90m{}[39m
[35m[HTTP][39m [37m<-- GET /wd/hub/session/72cba275-dd23-4ef6-9547-7113b30ecbdd [39m[32m200[39m [90m7 ms - 1160[39m
[35m[HTTP][39m [90m[39m
[35m[HTTP][39m [37m-->[39m [37mGET[39m [37m/wd/hub/session/72cba275-dd23-4ef6-9547-7113b30ecbdd[39m
[35m[HTTP][39m [90m{}[39m
[35m[HTTP][39m [37m<-- GET /wd/hub/session/72cba275-dd23-4ef6-9547-7113b30ecbdd [39m[32m200[39m [90m3 ms - 1160[39m
[35m[HTTP][39m [90m[39m
[35m[HTTP][39m [37m-->[39m [37mGET[39m [37m/wd/hub/session/72cba275-dd23-4ef6-9547-7113b30ecbdd[39m
[35m[HTTP][39m [90m{}[39m
[35m[HTTP][39m [37m<-- GET /wd/hub/session/72cba275-dd23-4ef6-9547-7113b30ecbdd [39m[32m200[39m [90m4 ms - 1160[39m
[35m[HTTP][39m [90m[39m
[35m[HTTP][39m [37m-->[39m [37mGET[39m [37m/wd/hub/session/72cba275-dd23-4ef6-9547-7113b30ecbdd/element/24/location[39m
[35m[HTTP][39m [90m{}[39m
[35m[HTTP][39m [37m<-- GET /wd/hub/session/72cba275-dd23-4ef6-9547-7113b30ecbdd/element/24/location [39m[32m200[39m [90m521 ms - 89[39m
[35m[HTTP][39m [90m[39m
[35m[HTTP][39m [37m-->[39m [37mGET[39m [37m/wd/hub/session/72cba275-dd23-4ef6-9547-7113b30ecbdd/window/current/size[39m
[35m[HTTP][39m [90m{}[39m
[35m[HTTP][39m [37m<-- GET /wd/hub/session/72cba275-dd23-4ef6-9547-7113b30ecbdd/window/current/size [39m[32m200[39m [90m7 ms - 99[39m
[35m[HTTP][39m [90m[39m
[35m[HTTP][39m [37m-->[39m [37mPOST[39m [37m/wd/hub/session/72cba275-dd23-4ef6-9547-7113b30ecbdd/elements[39m
[35m[HTTP][39m [90m{"using":"-android uiautomator","value":"new UiSelector().description(\"choices-list-button\")"}[39m
[35m[HTTP][39m [37m<-- POST /wd/hub/session/72cba275-dd23-4ef6-9547-7113b30ecbdd/elements [39m[32m200[39m [90m2369 ms - 90[39m
[35m[HTTP][39m [90m[39m
[35m[HTTP][39m [37m-->[39m [37mGET[39m [37m/wd/hub/session/72cba275-dd23-4ef6-9547-7113b30ecbdd[39m
[35m[HTTP][39m [90m{}[39m
[35m[HTTP][39m [37m<-- GET /wd/hub/session/72cba275-dd23-4ef6-9547-7113b30ecbdd [39m[32m200[39m [90m3 ms - 1160[39m
[35m[HTTP][39m [90m[39m
[35m[HTTP][39m [37m-->[39m [37mGET[39m [37m/wd/hub/session/72cba275-dd23-4ef6-9547-7113b30ecbdd[39m
[35m[HTTP][39m [90m{}[39m
[35m[HTTP][39m [37m<-- GET /wd/hub/session/72cba275-dd23-4ef6-9547-7113b30ecbdd [39m[32m200[39m [90m2 ms - 1160[39m
[35m[HTTP][39m [90m[39m
[35m[HTTP][39m [37m-->[39m [37mGET[39m [37m/wd/hub/session/72cba275-dd23-4ef6-9547-7113b30ecbdd[39m
[35m[HTTP][39m [90m{}[39m
[35m[HTTP][39m [37m<-- GET /wd/hub/session/72cba275-dd23-4ef6-9547-7113b30ecbdd [39m[32m200[39m [90m4 ms - 1160[39m
[35m[HTTP][39m [90m[39m
[35m[HTTP][39m [37m-->[39m [37mGET[39m [37m/wd/hub/session/72cba275-dd23-4ef6-9547-7113b30ecbdd[39m
[35m[HTTP][39m [90m{}[39m
[35m[HTTP][39m [37m<-- GET /wd/hub/session/72cba275-dd23-4ef6-9547-7113b30ecbdd [39m[32m200[39m [90m2 ms - 1160[39m
[35m[HTTP][39m [90m[39m
[35m[HTTP][39m [37m-->[39m [37mGET[39m [37m/wd/hub/session/72cba275-dd23-4ef6-9547-7113b30ecbdd/element/25/location[39m
[35m[HTTP][39m [90m{}[39m
[35m[HTTP][39m [37m<-- GET /wd/hub/session/72cba275-dd23-4ef6-9547-7113b30ecbdd/element/25/location [39m[32m200[39m [90m1051 ms - 89[39m
[35m[HTTP][39m [90m[39m
[35m[HTTP][39m [37m-->[39m [37mGET[39m [37m/wd/hub/session/72cba275-dd23-4ef6-9547-7113b30ecbdd/element/25/attribute/name[39m
[35m[HTTP][39m [90m{}[39m
[35m[HTTP][39m [37m<-- GET /wd/hub/session/72cba275-dd23-4ef6-9547-7113b30ecbdd/element/25/attribute/name [39m[32m200[39m [90m554 ms - 93[39m
[35m[HTTP][39m [90m[39m
[35m[HTTP][39m [37m-->[39m [37mGET[39m [37m/wd/hub/session/72cba275-dd23-4ef6-9547-7113b30ecbdd/window/current/size[39m
[35m[HTTP][39m [90m{}[39m
[35m[HTTP][39m [37m<-- GET /wd/hub/session/72cba275-dd23-4ef6-9547-7113b30ecbdd/window/current/size [39m[32m200[39m [90m13 ms - 99[39m
[35m[HTTP][39m [90m[39m
[35m[HTTP][39m [37m-->[39m [37mPOST[39m [37m/wd/hub/session/72cba275-dd23-4ef6-9547-7113b30ecbdd/elements[39m
[35m[HTTP][39m [90m{"using":"-android uiautomator","value":"new UiSelector().description(\"choices-list-button\")"}[39m
[35m[HTTP][39m [37m<-- POST /wd/hub/session/72cba275-dd23-4ef6-9547-7113b30ecbdd/elements [39m[32m200[39m [90m2389 ms - 90[39m
[35m[HTTP][39m [90m[39m
[35m[HTTP][39m [37m-->[39m [37mGET[39m [37m/wd/hub/session/72cba275-dd23-4ef6-9547-7113b30ecbdd[39m
[35m[HTTP][39m [90m{}[39m
[35m[HTTP][39m [37m<-- GET /wd/hub/session/72cba275-dd23-4ef6-9547-7113b30ecbdd [39m[32m200[39m [90m2 ms - 1160[39m
[35m[HTTP][39m [90m[39m
[35m[HTTP][39m [37m-->[39m [37mGET[39m [37m/wd/hub/session/72cba275-dd23-4ef6-9547-7113b30ecbdd[39m
[35m[HTTP][39m [90m{}[39m
[35m[HTTP][39m [37m<-- GET /wd/hub/session/72cba275-dd23-4ef6-9547-7113b30ecbdd [39m[32m200[39m [90m3 ms - 1160[39m
[35m[HTTP][39m [90m[39m
[35m[HTTP][39m [37m-->[39m [37mGET[39m [37m/wd/hub/session/72cba275-dd23-4ef6-9547-7113b30ecbdd[39m
[35m[HTTP][39m [90m{}[39m
[35m[HTTP][39m [37m<-- GET /wd/hub/session/72cba275-dd23-4ef6-9547-7113b30ecbdd [39m[32m200[39m [90m3 ms - 1160[39m
[35m[HTTP][39m [90m[39m
[35m[HTTP][39m [37m-->[39m [37mGET[39m [37m/wd/hub/session/72cba275-dd23-4ef6-9547-7113b30ecbdd[39m
[35m[HTTP][39m [90m{}[39m
[35m[HTTP][39m [37m<-- GET /wd/hub/session/72cba275-dd23-4ef6-9547-7113b30ecbdd [39m[32m200[39m [90m3 ms - 1160[39m
[35m[HTTP][39m [90m[39m
[35m[HTTP][39m [37m-->[39m [37mGET[39m [37m/wd/hub/session/72cba275-dd23-4ef6-9547-7113b30ecbdd/element/26/location[39m
[35m[HTTP][39m [90m{}[39m
[35m[HTTP][39m [37m<-- GET /wd/hub/session/72cba275-dd23-4ef6-9547-7113b30ecbdd/element/26/location [39m[32m200[39m [90m1061 ms - 89[39m
[35m[HTTP][39m [90m[39m
[35m[HTTP][39m [37m-->[39m [37mPOST[39m [37m/wd/hub/session/72cba275-dd23-4ef6-9547-7113b30ecbdd/touch/perform[39m
[35m[HTTP][39m [90m{"actions":[{"action":"tap","options":{"element":"26","x":1,"y":1}}]}[39m
[35m[HTTP][39m [37m<-- POST /wd/hub/session/72cba275-dd23-4ef6-9547-7113b30ecbdd/touch/perform [39m[32m200[39m [90m1152 ms - 76[39m
[35m[HTTP][39m [90m[39m
[35m[HTTP][39m [37m-->[39m [37mGET[39m [37m/wd/hub/session/72cba275-dd23-4ef6-9547-7113b30ecbdd/window/current/size[39m
[35m[HTTP][39m [90m{}[39m
[35m[HTTP][39m [37m<-- GET /wd/hub/session/72cba275-dd23-4ef6-9547-7113b30ecbdd/window/current/size [39m[32m200[39m [90m11 ms - 99[39m
[35m[HTTP][39m [90m[39m
[35m[HTTP][39m [37m-->[39m [37mPOST[39m [37m/wd/hub/session/72cba275-dd23-4ef6-9547-7113b30ecbdd/elements[39m
[35m[HTTP][39m [90m{"using":"-android uiautomator","value":"new UiSelector().description(\"choices-list-item-0\")"}[39m
[35m[HTTP][39m [37m<-- POST /wd/hub/session/72cba275-dd23-4ef6-9547-7113b30ecbdd/elements [39m[32m200[39m [90m3873 ms - 90[39m
[35m[HTTP][39m [90m[39m
[35m[HTTP][39m [37m-->[39m [37mGET[39m [37m/wd/hub/session/72cba275-dd23-4ef6-9547-7113b30ecbdd[39m
[35m[HTTP][39m [90m{}[39m
[35m[HTTP][39m [37m<-- GET /wd/hub/session/72cba275-dd23-4ef6-9547-7113b30ecbdd [39m[32m200[39m [90m2 ms - 1160[39m
[35m[HTTP][39m [90m[39m
[35m[HTTP][39m [37m-->[39m [37mGET[39m [37m/wd/hub/session/72cba275-dd23-4ef6-9547-7113b30ecbdd[39m
[35m[HTTP][39m [90m{}[39m
[35m[HTTP][39m [37m<-- GET /wd/hub/session/72cba275-dd23-4ef6-9547-7113b30ecbdd [39m[32m200[39m [90m3 ms - 1160[39m
[35m[HTTP][39m [90m[39m
[35m[HTTP][39m [37m-->[39m [37mGET[39m [37m/wd/hub/session/72cba275-dd23-4ef6-9547-7113b30ecbdd[39m
[35m[HTTP][39m [90m{}[39m
[35m[HTTP][39m [37m<-- GET /wd/hub/session/72cba275-dd23-4ef6-9547-7113b30ecbdd [39m[32m200[39m [90m3 ms - 1160[39m
[35m[HTTP][39m [90m[39m
[35m[HTTP][39m [37m-->[39m [37mGET[39m [37m/wd/hub/session/72cba275-dd23-4ef6-9547-7113b30ecbdd[39m
[35m[HTTP][39m [90m{}[39m
[35m[HTTP][39m [37m<-- GET /wd/hub/session/72cba275-dd23-4ef6-9547-7113b30ecbdd [39m[32m200[39m [90m2 ms - 1160[39m
[35m[HTTP][39m [90m[39m
[35m[HTTP][39m [37m-->[39m [37mGET[39m [37m/wd/hub/session/72cba275-dd23-4ef6-9547-7113b30ecbdd/element/27/location[39m
[35m[HTTP][39m [90m{}[39m
[35m[HTTP][39m [37m<-- GET /wd/hub/session/72cba275-dd23-4ef6-9547-7113b30ecbdd/element/27/location [39m[32m200[39m [90m482 ms - 88[39m
[35m[HTTP][39m [90m[39m
[35m[HTTP][39m [37m-->[39m [37mGET[39m [37m/wd/hub/session/72cba275-dd23-4ef6-9547-7113b30ecbdd/window/current/size[39m
[35m[HTTP][39m [90m{}[39m
[35m[HTTP][39m [37m<-- GET /wd/hub/session/72cba275-dd23-4ef6-9547-7113b30ecbdd/window/current/size [39m[32m200[39m [90m56 ms - 99[39m
[35m[HTTP][39m [90m[39m
[35m[HTTP][39m [37m-->[39m [37mPOST[39m [37m/wd/hub/session/72cba275-dd23-4ef6-9547-7113b30ecbdd/elements[39m
[35m[HTTP][39m [90m{"using":"-android uiautomator","value":"new UiSelector().description(\"choices-list-item-0\")"}[39m
[35m[HTTP][39m [37m<-- POST /wd/hub/session/72cba275-dd23-4ef6-9547-7113b30ecbdd/elements [39m[32m200[39m [90m6483 ms - 90[39m
[35m[HTTP][39m [90m[39m
[35m[HTTP][39m [37m-->[39m [37mGET[39m [37m/wd/hub/session/72cba275-dd23-4ef6-9547-7113b30ecbdd[39m
[35m[HTTP][39m [90m{}[39m
[35m[HTTP][39m [37m<-- GET /wd/hub/session/72cba275-dd23-4ef6-9547-7113b30ecbdd [39m[32m200[39m [90m3 ms - 1160[39m
[35m[HTTP][39m [90m[39m
[35m[HTTP][39m [37m-->[39m [37mGET[39m [37m/wd/hub/session/72cba275-dd23-4ef6-9547-7113b30ecbdd[39m
[35m[HTTP][39m [90m{}[39m
[35m[HTTP][39m [37m<-- GET /wd/hub/session/72cba275-dd23-4ef6-9547-7113b30ecbdd [39m[32m200[39m [90m3 ms - 1160[39m
[35m[HTTP][39m [90m[39m
[35m[HTTP][39m [37m-->[39m [37mGET[39m [37m/wd/hub/session/72cba275-dd23-4ef6-9547-7113b30ecbdd[39m
[35m[HTTP][39m [90m{}[39m
[35m[HTTP][39m [37m<-- GET /wd/hub/session/72cba275-dd23-4ef6-9547-7113b30ecbdd [39m[32m200[39m [90m2 ms - 1160[39m
[35m[HTTP][39m [90m[39m
[35m[HTTP][39m [37m-->[39m [37mGET[39m [37m/wd/hub/session/72cba275-dd23-4ef6-9547-7113b30ecbdd[39m
[35m[HTTP][39m [90m{}[39m
[35m[HTTP][39m [37m<-- GET /wd/hub/session/72cba275-dd23-4ef6-9547-7113b30ecbdd [39m[32m200[39m [90m2 ms - 1160[39m
[35m[HTTP][39m [90m[39m
[35m[HTTP][39m [37m-->[39m [37mGET[39m [37m/wd/hub/session/72cba275-dd23-4ef6-9547-7113b30ecbdd/element/28/location[39m
[35m[HTTP][39m [90m{}[39m
[35m[HTTP][39m [37m<-- GET /wd/hub/session/72cba275-dd23-4ef6-9547-7113b30ecbdd/element/28/location [39m[32m200[39m [90m604 ms - 88[39m
[35m[HTTP][39m [90m[39m
[35m[HTTP][39m [37m-->[39m [37mGET[39m [37m/wd/hub/session/72cba275-dd23-4ef6-9547-7113b30ecbdd/element/28/attribute/name[39m
[35m[HTTP][39m [90m{}[39m
[35m[HTTP][39m [37m<-- GET /wd/hub/session/72cba275-dd23-4ef6-9547-7113b30ecbdd/element/28/attribute/name [39m[32m200[39m [90m508 ms - 93[39m
[35m[HTTP][39m [90m[39m
[35m[HTTP][39m [37m-->[39m [37mGET[39m [37m/wd/hub/session/72cba275-dd23-4ef6-9547-7113b30ecbdd/window/current/size[39m
[35m[HTTP][39m [90m{}[39m
[35m[HTTP][39m [37m<-- GET /wd/hub/session/72cba275-dd23-4ef6-9547-7113b30ecbdd/window/current/size [39m[32m200[39m [90m14 ms - 99[39m
[35m[HTTP][39m [90m[39m
[35m[HTTP][39m [37m-->[39m [37mPOST[39m [37m/wd/hub/session/72cba275-dd23-4ef6-9547-7113b30ecbdd/elements[39m
[35m[HTTP][39m [90m{"using":"-android uiautomator","value":"new UiSelector().description(\"choices-list-item-0\")"}[39m
[35m[HTTP][39m [37m<-- POST /wd/hub/session/72cba275-dd23-4ef6-9547-7113b30ecbdd/elements [39m[32m200[39m [90m7125 ms - 90[39m
[35m[HTTP][39m [90m[39m
[35m[HTTP][39m [37m-->[39m [37mGET[39m [37m/wd/hub/session/72cba275-dd23-4ef6-9547-7113b30ecbdd[39m
[35m[HTTP][39m [90m{}[39m
[35m[HTTP][39m [37m<-- GET /wd/hub/session/72cba275-dd23-4ef6-9547-7113b30ecbdd [39m[32m200[39m [90m6 ms - 1160[39m
[35m[HTTP][39m [90m[39m
[35m[HTTP][39m [37m-->[39m [37mGET[39m [37m/wd/hub/session/72cba275-dd23-4ef6-9547-7113b30ecbdd[39m
[35m[HTTP][39m [90m{}[39m
[35m[HTTP][39m [37m<-- GET /wd/hub/session/72cba275-dd23-4ef6-9547-7113b30ecbdd [39m[32m200[39m [90m5 ms - 1160[39m
[35m[HTTP][39m [90m[39m
[35m[HTTP][39m [37m-->[39m [37mGET[39m [37m/wd/hub/session/72cba275-dd23-4ef6-9547-7113b30ecbdd[39m
[35m[HTTP][39m [90m{}[39m
[35m[HTTP][39m [37m<-- GET /wd/hub/session/72cba275-dd23-4ef6-9547-7113b30ecbdd [39m[32m200[39m [90m7 ms - 1160[39m
[35m[HTTP][39m [90m[39m
[35m[HTTP][39m [37m-->[39m [37mGET[39m [37m/wd/hub/session/72cba275-dd23-4ef6-9547-7113b30ecbdd[39m
[35m[HTTP][39m [90m{}[39m
[35m[HTTP][39m [37m<-- GET /wd/hub/session/72cba275-dd23-4ef6-9547-7113b30ecbdd [39m[32m200[39m [90m3 ms - 1160[39m
[35m[HTTP][39m [90m[39m
[35m[HTTP][39m [37m-->[39m [37mGET[39m [37m/wd/hub/session/72cba275-dd23-4ef6-9547-7113b30ecbdd/element/29/location[39m
[35m[HTTP][39m [90m{}[39m
[35m[HTTP][39m [37m<-- GET /wd/hub/session/72cba275-dd23-4ef6-9547-7113b30ecbdd/element/29/location [39m[32m200[39m [90m459 ms - 88[39m
[35m[HTTP][39m [90m[39m
[35m[HTTP][39m [37m-->[39m [37mPOST[39m [37m/wd/hub/session/72cba275-dd23-4ef6-9547-7113b30ecbdd/touch/perform[39m
[35m[HTTP][39m [90m{"actions":[{"action":"tap","options":{"element":"29","x":1,"y":1}}]}[39m
[35m[HTTP][39m [37m<-- POST /wd/hub/session/72cba275-dd23-4ef6-9547-7113b30ecbdd/touch/perform [39m[32m200[39m [90m1143 ms - 76[39m
[35m[HTTP][39m [90m[39m
[35m[HTTP][39m [37m-->[39m [37mGET[39m [37m/wd/hub/session/72cba275-dd23-4ef6-9547-7113b30ecbdd/window/current/size[39m
[35m[HTTP][39m [90m{}[39m
[35m[HTTP][39m [37m<-- GET /wd/hub/session/72cba275-dd23-4ef6-9547-7113b30ecbdd/window/current/size [39m[32m200[39m [90m30 ms - 99[39m
[35m[HTTP][39m [90m[39m
[35m[HTTP][39m [37m-->[39m [37mPOST[39m [37m/wd/hub/session/72cba275-dd23-4ef6-9547-7113b30ecbdd/elements[39m
[35m[HTTP][39m [90m{"using":"-android uiautomator","value":"new UiSelector().description(\"productListComponent_textInput_search\")"}[39m
[35m[HTTP][39m [37m<-- POST /wd/hub/session/72cba275-dd23-4ef6-9547-7113b30ecbdd/elements [39m[32m200[39m [90m5007 ms - 74[39m
[35m[HTTP][39m [90m[39m
[35m[HTTP][39m [37m-->[39m [37mGET[39m [37m/wd/hub/session/72cba275-dd23-4ef6-9547-7113b30ecbdd/window/current/size[39m
[35m[HTTP][39m [90m{}[39m
[35m[HTTP][39m [37m<-- GET /wd/hub/session/72cba275-dd23-4ef6-9547-7113b30ecbdd/window/current/size [39m[32m200[39m [90m8 ms - 99[39m
[35m[HTTP][39m [90m[39m
[35m[HTTP][39m [37m-->[39m [37mPOST[39m [37m/wd/hub/session/72cba275-dd23-4ef6-9547-7113b30ecbdd/elements[39m
[35m[HTTP][39m [90m{"using":"-android uiautomator","value":"new UiSelector().description(\"productListComponent_textInput_search\")"}[39m
[35m[HTTP][39m [37m<-- POST /wd/hub/session/72cba275-dd23-4ef6-9547-7113b30ecbdd/elements [39m[32m200[39m [90m1816 ms - 74[39m
[35m[HTTP][39m [90m[39m
[35m[HTTP][39m [37m-->[39m [37mGET[39m [37m/wd/hub/session/72cba275-dd23-4ef6-9547-7113b30ecbdd/window/current/size[39m
[35m[HTTP][39m [90m{}[39m
[35m[HTTP][39m [37m<-- GET /wd/hub/session/72cba275-dd23-4ef6-9547-7113b30ecbdd/window/current/size [39m[32m200[39m [90m6 ms - 99[39m
[35m[HTTP][39m [90m[39m
[35m[HTTP][39m [37m-->[39m [37mPOST[39m [37m/wd/hub/session/72cba275-dd23-4ef6-9547-7113b30ecbdd/elements[39m
[35m[HTTP][39m [90m{"using":"-android uiautomator","value":"new UiSelector().description(\"productListComponent_textInput_search\")"}[39m
[35m[HTTP][39m [37m<-- POST /wd/hub/session/72cba275-dd23-4ef6-9547-7113b30ecbdd/elements [39m[32m200[39m [90m7340 ms - 74[39m
[35m[HTTP][39m [90m[39m
[35m[HTTP][39m [37m-->[39m [37mGET[39m [37m/wd/hub/session/72cba275-dd23-4ef6-9547-7113b30ecbdd/context[39m
[35m[HTTP][39m [90m{}[39m
[35m[HTTP][39m [37m<-- GET /wd/hub/session/72cba275-dd23-4ef6-9547-7113b30ecbdd/context [39m[32m200[39m [90m2 ms - 84[39m
[35m[HTTP][39m [90m[39m
[35m[HTTP][39m [37m-->[39m [37mGET[39m [37m/wd/hub/session/72cba275-dd23-4ef6-9547-7113b30ecbdd/contexts[39m
[35m[HTTP][39m [90m{}[39m
[35m[HTTP][39m [37m<-- GET /wd/hub/session/72cba275-dd23-4ef6-9547-7113b30ecbdd/contexts [39m[32m200[39m [90m174 ms - 86[39m
[35m[HTTP][39m [90m[39m
[35m[HTTP][39m [37m-->[39m [37mPOST[39m [37m/wd/hub/session/72cba275-dd23-4ef6-9547-7113b30ecbdd/context[39m
[35m[HTTP][39m [90m{"name":"NATIVE_APP"}[39m
[35m[HTTP][39m [37m<-- POST /wd/hub/session/72cba275-dd23-4ef6-9547-7113b30ecbdd/context [39m[32m200[39m [90m176 ms - 76[39m
[35m[HTTP][39m [90m[39m
[35m[HTTP][39m [37m-->[39m [37mGET[39m [37m/wd/hub/session/72cba275-dd23-4ef6-9547-7113b30ecbdd/screenshot[39m
[35m[HTTP][39m [90m{}[39m
[35m[HTTP][39m [37m<-- GET /wd/hub/session/72cba275-dd23-4ef6-9547-7113b30ecbdd/screenshot [39m[32m200[39m [90m1273 ms - 215598[39m
[35m[HTTP][39m [90m[39m
[35m[HTTP][39m [37m-->[39m [37mPOST[39m [37m/wd/hub/session/72cba275-dd23-4ef6-9547-7113b30ecbdd/context[39m
[35m[HTTP][39m [90m{"name":"NATIVE_APP"}[39m
[35m[HTTP][39m [37m<-- POST /wd/hub/session/72cba275-dd23-4ef6-9547-7113b30ecbdd/context [39m[32m200[39m [90m147 ms - 76[39m
[35m[HTTP][39m [90m[39m
[35m[HTTP][39m [37m-->[39m [37mGET[39m [37m/wd/hub/session/72cba275-dd23-4ef6-9547-7113b30ecbdd/context[39m
[35m[HTTP][39m [90m{}[39m
[35m[HTTP][39m [37m<-- GET /wd/hub/session/72cba275-dd23-4ef6-9547-7113b30ecbdd/context [39m[32m200[39m [90m3 ms - 84[39m
[35m[HTTP][39m [90m[39m
[35m[HTTP][39m [37m-->[39m [37mGET[39m [37m/wd/hub/session/72cba275-dd23-4ef6-9547-7113b30ecbdd/contexts[39m
[35m[HTTP][39m [90m{}[39m
[35m[HTTP][39m [37m<-- GET /wd/hub/session/72cba275-dd23-4ef6-9547-7113b30ecbdd/contexts [39m[32m200[39m [90m154 ms - 86[39m
[35m[HTTP][39m [90m[39m
[35m[HTTP][39m [37m-->[39m [37mPOST[39m [37m/wd/hub/session/72cba275-dd23-4ef6-9547-7113b30ecbdd/context[39m
[35m[HTTP][39m [90m{"name":"NATIVE_APP"}[39m
[35m[HTTP][39m [37m<-- POST /wd/hub/session/72cba275-dd23-4ef6-9547-7113b30ecbdd/context [39m[32m200[39m [90m136 ms - 76[39m
[35m[HTTP][39m [90m[39m
[35m[HTTP][39m [37m-->[39m [37mGET[39m [37m/wd/hub/session/72cba275-dd23-4ef6-9547-7113b30ecbdd/screenshot[39m
[35m[HTTP][39m [90m{}[39m
[35m[HTTP][39m [37m<-- GET /wd/hub/session/72cba275-dd23-4ef6-9547-7113b30ecbdd/screenshot [39m[32m200[39m [90m1140 ms - 223486[39m
[35m[HTTP][39m [90m[39m
[35m[HTTP][39m [37m-->[39m [37mPOST[39m [37m/wd/hub/session/72cba275-dd23-4ef6-9547-7113b30ecbdd/context[39m
[35m[HTTP][39m [90m{"name":"NATIVE_APP"}[39m
[35m[HTTP][39m [37m<-- POST /wd/hub/session/72cba275-dd23-4ef6-9547-7113b30ecbdd/context [39m[32m200[39m [90m163 ms - 76[39m
[35m[HTTP][39m [90m[39m
[35m[HTTP][39m [37m-->[39m [37mGET[39m [37m/wd/hub/status[39m
[35m[HTTP][39m [90m{}[39m
[35m[HTTP][39m [37m<-- GET /wd/hub/status [39m[32m200[39m [90m156 ms - 55[39m
[35m[HTTP][39m [90m[39m
[35m[HTTP][39m [37m-->[39m [37mPOST[39m [37m/wd/hub/session[39m
[35m[HTTP][39m [90m{"desiredCapabilities":{"app":"C:\\Users\\AV2017005903\\Documents\\apollo-automation\\Regress_release.apk","appWaitActivity":"com.*","autoGrantPermissions":true,"deviceId":"6e4df14","deviceName":"OPPO A37f (Android 5.1.1)","fullReset":false,"newCommandTimeout":1800,"noReset":true,"platform":"ANDROID","platformName":"Android","udid":"6e4df14"},"capabilities":{"desiredCapabilities":{"app":"C:\\Users\\AV2017005903\\Documents\\apollo-automation\\Regress_release.apk","appWaitActivity":"com.*","autoGrantPermissions":true,"deviceId":"6e4df14","deviceName":"OPPO A37f (Android 5.1.1)","fullReset":false,"newCommandTimeout":1800,"noReset":true,"platform":"ANDROID","platformName":"Android","udid":"6e4df14"},"firstMatch":[{"platformName":"android"}]}}[39m
[35m[Appium][39m Could not parse W3C capabilities: 'deviceName' can't be blank. Falling back to JSONWP protocol.
[35m[Appium][39m The following capabilities were provided in the JSONWP desired capabilities that are missing in W3C capabilities: ["app","appWaitActivity","autoGrantPermissions","deviceId","deviceName","fullReset","newCommandTimeout","noReset","platform","platformName","udid"]. Falling back to JSONWP protocol.
[35m[Appium][39m Creating new AndroidDriver (v2.7.0) session
[35m[Appium][39m Capabilities:
[35m[Appium][39m   app: C:\Users\AV2017005903\Documents\apollo-automation\Regress_release.apk
[35m[Appium][39m   appWaitActivity: com.*
[35m[Appium][39m   autoGrantPermissions: true
[35m[Appium][39m   deviceId: 6e4df14
[35m[Appium][39m   deviceName: OPPO A37f (Android 5.1.1)
[35m[Appium][39m   fullReset: false
[35m[Appium][39m   newCommandTimeout: 1800
[35m[Appium][39m   noReset: true
[35m[Appium][39m   platform: ANDROID
[35m[Appium][39m   platformName: Android
[35m[Appium][39m   udid: 6e4df14
[35m[BaseDriver][39m The following capabilities were provided, but are not recognized by appium: deviceId, platform.
[35m[BaseDriver][39m Session created with session id: 2d9dba16-5a5c-40c6-a2f2-54e71ac4a805
[35m[AndroidDriver][39m Java version is: 1.8.0_181
[35m[AndroidDriver][39m Retrieving device list
[35m[AndroidDriver][39m Using device: 6e4df14
[35m[BaseDriver][39m Using local app 'C:\Users\AV2017005903\Documents\apollo-automation\Regress_release.apk'
[35m[AndroidDriver][39m Starting Android session
[35m[AndroidDriver][39m setDeviceLanguageCountry requires language or country.
[35m[AndroidDriver][39m Got language: 'null' and country: 'null'
[35m[ADB][39m Getting device platform version
[35m[ADB][39m Using the alternative activity name detection method because of: Could not find apkanalyzer.bat in C:\Users\AV2017005903\.katalon\tools\android_sdk\platform-tools\apkanalyzer.bat,C:\Users\AV2017005903\.katalon\tools\android_sdk\emulator\apkanalyzer.bat,C:\Users\AV2017005903\.katalon\tools\android_sdk\tools\apkanalyzer.bat,C:\Users\AV2017005903\.katalon\tools\android_sdk\tools\bin\apkanalyzer.bat,C:\Users\AV2017005903\.katalon\tools\android_sdk\build-tools\27.0.3\apkanalyzer.bat. Do you have the Android SDK installed at 'C:\Users\AV2017005903\.katalon\tools\android_sdk'?
[35m[ADB][39m Extracting package and launch activity from manifest
[35m[ADB][39m Package name: 'com.btpn.appbisnis.sit'
[35m[ADB][39m Main activity name: 'com.btpn_mpos_rn.react_bridging.splash.SplashActivity'
[35m[ADB][39m Successfully extracted 943 strings from 'C:\Users\AV2017005903\Documents\apollo-automation\Regress_release.apk' resources for '(default)' configuration
[35m[Appium][39m Closing session, cause was 'UiAUtomator shut down unexpectedly'
[35m[Appium][39m Removing session 72cba275-dd23-4ef6-9547-7113b30ecbdd from our master session list
[35m[ADB][39m Cannot kill process 4879 in 1000 ms. Trying to force kill...
[35m[AndroidBootstrap][39m Cannot shut down Android bootstrap; it has already shut down
[35m[AndroidBootstrap][39m Android bootstrap socket is now connected
[35m[AndroidDriver][39m Screen already unlocked, doing nothing
[35m[Appium][39m New AndroidDriver session created successfully, session 2d9dba16-5a5c-40c6-a2f2-54e71ac4a805 added to master session list
[35m[HTTP][39m [37m<-- POST /wd/hub/session [39m[32m200[39m [90m12966 ms - 1160[39m
[35m[HTTP][39m [90m[39m
[35m[HTTP][39m [37m-->[39m [37mGET[39m [37m/wd/hub/status[39m
[35m[HTTP][39m [90m{}[39m
[35m[HTTP][39m [37m<-- GET /wd/hub/status [39m[32m200[39m [90m63 ms - 55[39m
[35m[HTTP][39m [90m[39m
[35m[HTTP][39m [37m-->[39m [37mPOST[39m [37m/wd/hub/session/2d9dba16-5a5c-40c6-a2f2-54e71ac4a805/timeouts[39m
[35m[HTTP][39m [90m{"type":"implicit","ms":30000}[39m
[35m[HTTP][39m [37m<-- POST /wd/hub/session/2d9dba16-5a5c-40c6-a2f2-54e71ac4a805/timeouts [39m[33m400[39m [90m2 ms - 5532[39m
[35m[HTTP][39m [90m[39m
