[35m[Appium][39m Welcome to Appium v1.8.1
[35m[Appium][39m Non-default server args:
[35m[Appium][39m   port: 64969
[35m[Appium][39m   loglevel: info
[35m[Appium][39m   chromeDriverPort: 64970
[35m[Appium][39m   tmpDir: C:\Users\AV2017~2\AppData\Local\Temp\\Katalon\Appium\Temp1536225967019
[35m[Appium][39m Appium REST http interface listener started on 0.0.0.0:64969
[35m[HTTP][39m [37m-->[39m [37mGET[39m [37m/wd/hub/status[39m
[35m[HTTP][39m [90m{}[39m
[35m[HTTP][39m [37m<-- GET /wd/hub/status [39m[32m200[39m [90m56 ms - 83[39m
[35m[HTTP][39m [90m[39m
[35m[HTTP][39m [37m-->[39m [37mPOST[39m [37m/wd/hub/session[39m
[35m[HTTP][39m [90m{"desiredCapabilities":{"app":"C:\\Users\\AV2017005903\\Documents\\apollo-automation\\5 Sep siang.apk","appWaitActivity":"com.*","autoGrantPermissions":true,"deviceId":"6e4df14","deviceName":"OPPO A37f (Android 5.1.1)","fullReset":true,"newCommandTimeout":1800,"noReset":false,"platform":"ANDROID","platformName":"Android","udid":"6e4df14"},"capabilities":{"desiredCapabilities":{"app":"C:\\Users\\AV2017005903\\Documents\\apollo-automation\\5 Sep siang.apk","appWaitActivity":"com.*","autoGrantPermissions":true,"deviceId":"6e4df14","deviceName":"OPPO A37f (Android 5.1.1)","fullReset":true,"newCommandTimeout":1800,"noReset":false,"platform":"ANDROID","platformName":"Android","udid":"6e4df14"},"firstMatch":[{"platformName":"android"}]}}[39m
[35m[Appium][39m Could not parse W3C capabilities: 'deviceName' can't be blank. Falling back to JSONWP protocol.
[35m[Appium][39m The following capabilities were provided in the JSONWP desired capabilities that are missing in W3C capabilities: ["app","appWaitActivity","autoGrantPermissions","deviceId","deviceName","fullReset","newCommandTimeout","noReset","platform","platformName","udid"]. Falling back to JSONWP protocol.
[35m[Appium][39m Creating new AndroidDriver (v2.7.0) session
[35m[Appium][39m Capabilities:
[35m[Appium][39m   app: C:\Users\AV2017005903\Documents\apollo-automation\5 Sep siang.apk
[35m[Appium][39m   appWaitActivity: com.*
[35m[Appium][39m   autoGrantPermissions: true
[35m[Appium][39m   deviceId: 6e4df14
[35m[Appium][39m   deviceName: OPPO A37f (Android 5.1.1)
[35m[Appium][39m   fullReset: true
[35m[Appium][39m   newCommandTimeout: 1800
[35m[Appium][39m   noReset: false
[35m[Appium][39m   platform: ANDROID
[35m[Appium][39m   platformName: Android
[35m[Appium][39m   udid: 6e4df14
[35m[BaseDriver][39m The following capabilities were provided, but are not recognized by appium: deviceId, platform.
[35m[BaseDriver][39m Session created with session id: 90835dff-94ee-4c27-8698-69a97e5832bc
[35m[AndroidDriver][39m Java version is: 1.8.0_181
[35m[ADB][39m Checking whether adb is present
[35m[ADB][39m Found 1 'build-tools' folders under 'C:\Users\AV2017005903\.katalon\tools\android_sdk' (newest first):
[35m[ADB][39m     C:/Users/AV2017005903/.katalon/tools/android_sdk/build-tools/28.0.0
[35m[ADB][39m Using adb.exe from C:\Users\AV2017005903\.katalon\tools\android_sdk\platform-tools\adb.exe
[35m[AndroidDriver][39m Retrieving device list
[35m[AndroidDriver][39m Using device: 6e4df14
[35m[BaseDriver][39m Using local app 'C:\Users\AV2017005903\Documents\apollo-automation\5 Sep siang.apk'
[35m[AndroidDriver][39m Starting Android session
[35m[ADB][39m Checking whether aapt is present
[35m[ADB][39m Using aapt.exe from C:\Users\AV2017005903\.katalon\tools\android_sdk\build-tools\28.0.0\aapt.exe
[35m[AndroidDriver][39m setDeviceLanguageCountry requires language or country.
[35m[AndroidDriver][39m Got language: 'null' and country: 'null'
[35m[ADB][39m Getting device platform version
[35m[ADB][39m Using the alternative activity name detection method because of: Could not find apkanalyzer.bat in C:\Users\AV2017005903\.katalon\tools\android_sdk\platform-tools\apkanalyzer.bat,C:\Users\AV2017005903\.katalon\tools\android_sdk\emulator\apkanalyzer.bat,C:\Users\AV2017005903\.katalon\tools\android_sdk\tools\apkanalyzer.bat,C:\Users\AV2017005903\.katalon\tools\android_sdk\tools\bin\apkanalyzer.bat,C:\Users\AV2017005903\.katalon\tools\android_sdk\build-tools\28.0.0\apkanalyzer.bat. Do you have the Android SDK installed at 'C:\Users\AV2017005903\.katalon\tools\android_sdk'?
[35m[ADB][39m Extracting package and launch activity from manifest
[35m[ADB][39m Package name: 'com.btpn.appbisnis.sit'
[35m[ADB][39m Main activity name: 'com.btpn_mpos_rn.react_bridging.splash.SplashActivity'
[35m[ADB][39m com.btpn.appbisnis.sit was successfully uninstalled
[35m[ADB][39m Successfully extracted 950 strings from 'C:\Users\AV2017005903\Documents\apollo-automation\5 Sep siang.apk' resources for '(default)' configuration
[35m[ADB][39m Cannot kill process 20928 in 1000 ms. Trying to force kill...
[35m[AndroidBootstrap][39m Android bootstrap socket is now connected
[35m[AndroidDriver][39m Screen already unlocked, doing nothing
[35m[Appium][39m New AndroidDriver session created successfully, session 90835dff-94ee-4c27-8698-69a97e5832bc added to master session list
[35m[HTTP][39m [37m<-- POST /wd/hub/session [39m[32m200[39m [90m35893 ms - 1152[39m
[35m[HTTP][39m [90m[39m
[35m[HTTP][39m [37m-->[39m [37mGET[39m [37m/wd/hub/status[39m
[35m[HTTP][39m [90m{}[39m
[35m[HTTP][39m [37m<-- GET /wd/hub/status [39m[32m200[39m [90m49 ms - 55[39m
[35m[HTTP][39m [90m[39m
[35m[HTTP][39m [37m-->[39m [37mPOST[39m [37m/wd/hub/session/90835dff-94ee-4c27-8698-69a97e5832bc/timeouts[39m
[35m[HTTP][39m [90m{"type":"implicit","ms":30000}[39m
[35m[HTTP][39m [37m<-- POST /wd/hub/session/90835dff-94ee-4c27-8698-69a97e5832bc/timeouts [39m[33m400[39m [90m13 ms - 5532[39m
[35m[HTTP][39m [90m[39m
[35m[HTTP][39m [37m-->[39m [37mPOST[39m [37m/wd/hub/session/90835dff-94ee-4c27-8698-69a97e5832bc/touch/perform[39m
[35m[HTTP][39m [90m{"actions":[{"action":"longPress","options":{"x":550,"y":300}},{"action":"moveTo","options":{"x":100,"y":300}},{"action":"release","options":{}}]}[39m
[35m[HTTP][39m [37m<-- POST /wd/hub/session/90835dff-94ee-4c27-8698-69a97e5832bc/touch/perform [39m[32m200[39m [90m2222 ms - 76[39m
[35m[HTTP][39m [90m[39m
[35m[HTTP][39m [37m-->[39m [37mPOST[39m [37m/wd/hub/session/90835dff-94ee-4c27-8698-69a97e5832bc/touch/perform[39m
[35m[HTTP][39m [90m{"actions":[{"action":"longPress","options":{"x":550,"y":300}},{"action":"moveTo","options":{"x":100,"y":300}},{"action":"release","options":{}}]}[39m
[35m[HTTP][39m [37m<-- POST /wd/hub/session/90835dff-94ee-4c27-8698-69a97e5832bc/touch/perform [39m[32m200[39m [90m2992 ms - 76[39m
[35m[HTTP][39m [90m[39m
[35m[HTTP][39m [37m-->[39m [37mPOST[39m [37m/wd/hub/session/90835dff-94ee-4c27-8698-69a97e5832bc/touch/perform[39m
[35m[HTTP][39m [90m{"actions":[{"action":"longPress","options":{"x":550,"y":300}},{"action":"moveTo","options":{"x":100,"y":300}},{"action":"release","options":{}}]}[39m
[35m[HTTP][39m [37m<-- POST /wd/hub/session/90835dff-94ee-4c27-8698-69a97e5832bc/touch/perform [39m[32m200[39m [90m2960 ms - 76[39m
[35m[HTTP][39m [90m[39m
[35m[HTTP][39m [37m-->[39m [37mPOST[39m [37m/wd/hub/session/90835dff-94ee-4c27-8698-69a97e5832bc/touch/perform[39m
[35m[HTTP][39m [90m{"actions":[{"action":"longPress","options":{"x":550,"y":300}},{"action":"moveTo","options":{"x":100,"y":300}},{"action":"release","options":{}}]}[39m
[35m[HTTP][39m [37m<-- POST /wd/hub/session/90835dff-94ee-4c27-8698-69a97e5832bc/touch/perform [39m[32m200[39m [90m3017 ms - 76[39m
[35m[HTTP][39m [90m[39m
[35m[HTTP][39m [37m-->[39m [37mGET[39m [37m/wd/hub/session/90835dff-94ee-4c27-8698-69a97e5832bc/window/current/size[39m
[35m[HTTP][39m [90m{}[39m
[35m[HTTP][39m [37m<-- GET /wd/hub/session/90835dff-94ee-4c27-8698-69a97e5832bc/window/current/size [39m[32m200[39m [90m15 ms - 99[39m
[35m[HTTP][39m [90m[39m
[35m[HTTP][39m [37m-->[39m [37mPOST[39m [37m/wd/hub/session/90835dff-94ee-4c27-8698-69a97e5832bc/elements[39m
[35m[HTTP][39m [90m{"using":"-android uiautomator","value":"new UiSelector().description(\"start_button_touch\")"}[39m
[35m[HTTP][39m [37m<-- POST /wd/hub/session/90835dff-94ee-4c27-8698-69a97e5832bc/elements [39m[32m200[39m [90m2097 ms - 89[39m
[35m[HTTP][39m [90m[39m
[35m[HTTP][39m [37m-->[39m [37mGET[39m [37m/wd/hub/session/90835dff-94ee-4c27-8698-69a97e5832bc[39m
[35m[HTTP][39m [90m{}[39m
[35m[HTTP][39m [37m<-- GET /wd/hub/session/90835dff-94ee-4c27-8698-69a97e5832bc [39m[32m200[39m [90m7 ms - 1152[39m
[35m[HTTP][39m [90m[39m
[35m[HTTP][39m [37m-->[39m [37mGET[39m [37m/wd/hub/session/90835dff-94ee-4c27-8698-69a97e5832bc[39m
[35m[HTTP][39m [90m{}[39m
[35m[HTTP][39m [37m<-- GET /wd/hub/session/90835dff-94ee-4c27-8698-69a97e5832bc [39m[32m200[39m [90m4 ms - 1152[39m
[35m[HTTP][39m [90m[39m
[35m[HTTP][39m [37m-->[39m [37mGET[39m [37m/wd/hub/session/90835dff-94ee-4c27-8698-69a97e5832bc[39m
[35m[HTTP][39m [90m{}[39m
[35m[HTTP][39m [37m<-- GET /wd/hub/session/90835dff-94ee-4c27-8698-69a97e5832bc [39m[32m200[39m [90m3 ms - 1152[39m
[35m[HTTP][39m [90m[39m
[35m[HTTP][39m [37m-->[39m [37mGET[39m [37m/wd/hub/session/90835dff-94ee-4c27-8698-69a97e5832bc[39m
[35m[HTTP][39m [90m{}[39m
[35m[HTTP][39m [37m<-- GET /wd/hub/session/90835dff-94ee-4c27-8698-69a97e5832bc [39m[32m200[39m [90m2 ms - 1152[39m
[35m[HTTP][39m [90m[39m
[35m[HTTP][39m [37m-->[39m [37mGET[39m [37m/wd/hub/session/90835dff-94ee-4c27-8698-69a97e5832bc/element/1/location[39m
[35m[HTTP][39m [90m{}[39m
[35m[HTTP][39m [37m<-- GET /wd/hub/session/90835dff-94ee-4c27-8698-69a97e5832bc/element/1/location [39m[32m200[39m [90m2436 ms - 89[39m
[35m[HTTP][39m [90m[39m
[35m[HTTP][39m [37m-->[39m [37mGET[39m [37m/wd/hub/session/90835dff-94ee-4c27-8698-69a97e5832bc/window/current/size[39m
[35m[HTTP][39m [90m{}[39m
[35m[HTTP][39m [37m<-- GET /wd/hub/session/90835dff-94ee-4c27-8698-69a97e5832bc/window/current/size [39m[32m200[39m [90m8 ms - 99[39m
[35m[HTTP][39m [90m[39m
[35m[HTTP][39m [37m-->[39m [37mPOST[39m [37m/wd/hub/session/90835dff-94ee-4c27-8698-69a97e5832bc/elements[39m
[35m[HTTP][39m [90m{"using":"-android uiautomator","value":"new UiSelector().description(\"start_button_touch\")"}[39m
[35m[HTTP][39m [37m<-- POST /wd/hub/session/90835dff-94ee-4c27-8698-69a97e5832bc/elements [39m[32m200[39m [90m1473 ms - 89[39m
[35m[HTTP][39m [90m[39m
[35m[HTTP][39m [37m-->[39m [37mGET[39m [37m/wd/hub/session/90835dff-94ee-4c27-8698-69a97e5832bc[39m
[35m[HTTP][39m [90m{}[39m
[35m[HTTP][39m [37m<-- GET /wd/hub/session/90835dff-94ee-4c27-8698-69a97e5832bc [39m[32m200[39m [90m8 ms - 1152[39m
[35m[HTTP][39m [90m[39m
[35m[HTTP][39m [37m-->[39m [37mGET[39m [37m/wd/hub/session/90835dff-94ee-4c27-8698-69a97e5832bc[39m
[35m[HTTP][39m [90m{}[39m
[35m[HTTP][39m [37m<-- GET /wd/hub/session/90835dff-94ee-4c27-8698-69a97e5832bc [39m[32m200[39m [90m5 ms - 1152[39m
[35m[HTTP][39m [90m[39m
[35m[HTTP][39m [37m-->[39m [37mGET[39m [37m/wd/hub/session/90835dff-94ee-4c27-8698-69a97e5832bc[39m
[35m[HTTP][39m [90m{}[39m
[35m[HTTP][39m [37m<-- GET /wd/hub/session/90835dff-94ee-4c27-8698-69a97e5832bc [39m[32m200[39m [90m5 ms - 1152[39m
[35m[HTTP][39m [90m[39m
[35m[HTTP][39m [37m-->[39m [37mGET[39m [37m/wd/hub/session/90835dff-94ee-4c27-8698-69a97e5832bc[39m
[35m[HTTP][39m [90m{}[39m
[35m[HTTP][39m [37m<-- GET /wd/hub/session/90835dff-94ee-4c27-8698-69a97e5832bc [39m[32m200[39m [90m3 ms - 1152[39m
[35m[HTTP][39m [90m[39m
[35m[HTTP][39m [37m-->[39m [37mGET[39m [37m/wd/hub/session/90835dff-94ee-4c27-8698-69a97e5832bc/element/2/location[39m
[35m[HTTP][39m [90m{}[39m
[35m[HTTP][39m [37m<-- GET /wd/hub/session/90835dff-94ee-4c27-8698-69a97e5832bc/element/2/location [39m[32m200[39m [90m1317 ms - 89[39m
[35m[HTTP][39m [90m[39m
[35m[HTTP][39m [37m-->[39m [37mPOST[39m [37m/wd/hub/session/90835dff-94ee-4c27-8698-69a97e5832bc/touch/perform[39m
[35m[HTTP][39m [90m{"actions":[{"action":"tap","options":{"element":"2","x":1,"y":1}}]}[39m
[35m[HTTP][39m [37m<-- POST /wd/hub/session/90835dff-94ee-4c27-8698-69a97e5832bc/touch/perform [39m[32m200[39m [90m1908 ms - 76[39m
[35m[HTTP][39m [90m[39m
[35m[HTTP][39m [37m-->[39m [37mGET[39m [37m/wd/hub/session/90835dff-94ee-4c27-8698-69a97e5832bc/window/current/size[39m
[35m[HTTP][39m [90m{}[39m
[35m[HTTP][39m [37m<-- GET /wd/hub/session/90835dff-94ee-4c27-8698-69a97e5832bc/window/current/size [39m[32m200[39m [90m8 ms - 99[39m
[35m[HTTP][39m [90m[39m
[35m[HTTP][39m [37m-->[39m [37mPOST[39m [37m/wd/hub/session/90835dff-94ee-4c27-8698-69a97e5832bc/elements[39m
[35m[HTTP][39m [90m{"using":"-android uiautomator","value":"new UiSelector().description(\"LoginNameTextInput\")"}[39m
[35m[HTTP][39m [37m<-- POST /wd/hub/session/90835dff-94ee-4c27-8698-69a97e5832bc/elements [39m[32m200[39m [90m3127 ms - 89[39m
[35m[HTTP][39m [90m[39m
[35m[HTTP][39m [37m-->[39m [37mGET[39m [37m/wd/hub/session/90835dff-94ee-4c27-8698-69a97e5832bc[39m
[35m[HTTP][39m [90m{}[39m
[35m[HTTP][39m [37m<-- GET /wd/hub/session/90835dff-94ee-4c27-8698-69a97e5832bc [39m[32m200[39m [90m4 ms - 1152[39m
[35m[HTTP][39m [90m[39m
[35m[HTTP][39m [37m-->[39m [37mGET[39m [37m/wd/hub/session/90835dff-94ee-4c27-8698-69a97e5832bc[39m
[35m[HTTP][39m [90m{}[39m
[35m[HTTP][39m [37m<-- GET /wd/hub/session/90835dff-94ee-4c27-8698-69a97e5832bc [39m[32m200[39m [90m3 ms - 1152[39m
[35m[HTTP][39m [90m[39m
[35m[HTTP][39m [37m-->[39m [37mGET[39m [37m/wd/hub/session/90835dff-94ee-4c27-8698-69a97e5832bc[39m
[35m[HTTP][39m [90m{}[39m
[35m[HTTP][39m [37m<-- GET /wd/hub/session/90835dff-94ee-4c27-8698-69a97e5832bc [39m[32m200[39m [90m3 ms - 1152[39m
[35m[HTTP][39m [90m[39m
[35m[HTTP][39m [37m-->[39m [37mGET[39m [37m/wd/hub/session/90835dff-94ee-4c27-8698-69a97e5832bc[39m
[35m[HTTP][39m [90m{}[39m
[35m[HTTP][39m [37m<-- GET /wd/hub/session/90835dff-94ee-4c27-8698-69a97e5832bc [39m[32m200[39m [90m3 ms - 1152[39m
[35m[HTTP][39m [90m[39m
[35m[HTTP][39m [37m-->[39m [37mGET[39m [37m/wd/hub/session/90835dff-94ee-4c27-8698-69a97e5832bc/element/3/location[39m
[35m[HTTP][39m [90m{}[39m
[35m[HTTP][39m [37m<-- GET /wd/hub/session/90835dff-94ee-4c27-8698-69a97e5832bc/element/3/location [39m[32m200[39m [90m468 ms - 88[39m
[35m[HTTP][39m [90m[39m
[35m[HTTP][39m [37m-->[39m [37mGET[39m [37m/wd/hub/session/90835dff-94ee-4c27-8698-69a97e5832bc/window/current/size[39m
[35m[HTTP][39m [90m{}[39m
[35m[HTTP][39m [37m<-- GET /wd/hub/session/90835dff-94ee-4c27-8698-69a97e5832bc/window/current/size [39m[32m200[39m [90m10 ms - 99[39m
[35m[HTTP][39m [90m[39m
[35m[HTTP][39m [37m-->[39m [37mPOST[39m [37m/wd/hub/session/90835dff-94ee-4c27-8698-69a97e5832bc/elements[39m
[35m[HTTP][39m [90m{"using":"-android uiautomator","value":"new UiSelector().description(\"LoginNameTextInput\")"}[39m
[35m[HTTP][39m [37m<-- POST /wd/hub/session/90835dff-94ee-4c27-8698-69a97e5832bc/elements [39m[32m200[39m [90m2323 ms - 89[39m
[35m[HTTP][39m [90m[39m
[35m[HTTP][39m [37m-->[39m [37mGET[39m [37m/wd/hub/session/90835dff-94ee-4c27-8698-69a97e5832bc[39m
[35m[HTTP][39m [90m{}[39m
[35m[HTTP][39m [37m<-- GET /wd/hub/session/90835dff-94ee-4c27-8698-69a97e5832bc [39m[32m200[39m [90m7 ms - 1152[39m
[35m[HTTP][39m [90m[39m
[35m[HTTP][39m [37m-->[39m [37mGET[39m [37m/wd/hub/session/90835dff-94ee-4c27-8698-69a97e5832bc[39m
[35m[HTTP][39m [90m{}[39m
[35m[HTTP][39m [37m<-- GET /wd/hub/session/90835dff-94ee-4c27-8698-69a97e5832bc [39m[32m200[39m [90m5 ms - 1152[39m
[35m[HTTP][39m [90m[39m
[35m[HTTP][39m [37m-->[39m [37mGET[39m [37m/wd/hub/session/90835dff-94ee-4c27-8698-69a97e5832bc[39m
[35m[HTTP][39m [90m{}[39m
[35m[HTTP][39m [37m<-- GET /wd/hub/session/90835dff-94ee-4c27-8698-69a97e5832bc [39m[32m200[39m [90m4 ms - 1152[39m
[35m[HTTP][39m [90m[39m
[35m[HTTP][39m [37m-->[39m [37mGET[39m [37m/wd/hub/session/90835dff-94ee-4c27-8698-69a97e5832bc[39m
[35m[HTTP][39m [90m{}[39m
[35m[HTTP][39m [37m<-- GET /wd/hub/session/90835dff-94ee-4c27-8698-69a97e5832bc [39m[32m200[39m [90m2 ms - 1152[39m
[35m[HTTP][39m [90m[39m
[35m[HTTP][39m [37m-->[39m [37mGET[39m [37m/wd/hub/session/90835dff-94ee-4c27-8698-69a97e5832bc/element/4/location[39m
[35m[HTTP][39m [90m{}[39m
[35m[HTTP][39m [37m<-- GET /wd/hub/session/90835dff-94ee-4c27-8698-69a97e5832bc/element/4/location [39m[32m200[39m [90m1078 ms - 88[39m
[35m[HTTP][39m [90m[39m
[35m[HTTP][39m [37m-->[39m [37mGET[39m [37m/wd/hub/session/90835dff-94ee-4c27-8698-69a97e5832bc/element/4/attribute/name[39m
[35m[HTTP][39m [90m{}[39m
[35m[HTTP][39m [37m<-- GET /wd/hub/session/90835dff-94ee-4c27-8698-69a97e5832bc/element/4/attribute/name [39m[32m200[39m [90m494 ms - 92[39m
[35m[HTTP][39m [90m[39m
[35m[HTTP][39m [37m-->[39m [37mGET[39m [37m/wd/hub/session/90835dff-94ee-4c27-8698-69a97e5832bc/window/current/size[39m
[35m[HTTP][39m [90m{}[39m
[35m[HTTP][39m [37m<-- GET /wd/hub/session/90835dff-94ee-4c27-8698-69a97e5832bc/window/current/size [39m[32m200[39m [90m7 ms - 99[39m
[35m[HTTP][39m [90m[39m
[35m[HTTP][39m [37m-->[39m [37mPOST[39m [37m/wd/hub/session/90835dff-94ee-4c27-8698-69a97e5832bc/elements[39m
[35m[HTTP][39m [90m{"using":"-android uiautomator","value":"new UiSelector().description(\"LoginNameTextInput\")"}[39m
[35m[HTTP][39m [37m<-- POST /wd/hub/session/90835dff-94ee-4c27-8698-69a97e5832bc/elements [39m[32m200[39m [90m2372 ms - 89[39m
[35m[HTTP][39m [90m[39m
[35m[HTTP][39m [37m-->[39m [37mGET[39m [37m/wd/hub/session/90835dff-94ee-4c27-8698-69a97e5832bc[39m
[35m[HTTP][39m [90m{}[39m
[35m[HTTP][39m [37m<-- GET /wd/hub/session/90835dff-94ee-4c27-8698-69a97e5832bc [39m[32m200[39m [90m16 ms - 1152[39m
[35m[HTTP][39m [90m[39m
[35m[HTTP][39m [37m-->[39m [37mGET[39m [37m/wd/hub/session/90835dff-94ee-4c27-8698-69a97e5832bc[39m
[35m[HTTP][39m [90m{}[39m
[35m[HTTP][39m [37m<-- GET /wd/hub/session/90835dff-94ee-4c27-8698-69a97e5832bc [39m[32m200[39m [90m4 ms - 1152[39m
[35m[HTTP][39m [90m[39m
[35m[HTTP][39m [37m-->[39m [37mGET[39m [37m/wd/hub/session/90835dff-94ee-4c27-8698-69a97e5832bc[39m
[35m[HTTP][39m [90m{}[39m
[35m[HTTP][39m [37m<-- GET /wd/hub/session/90835dff-94ee-4c27-8698-69a97e5832bc [39m[32m200[39m [90m3 ms - 1152[39m
[35m[HTTP][39m [90m[39m
[35m[HTTP][39m [37m-->[39m [37mGET[39m [37m/wd/hub/session/90835dff-94ee-4c27-8698-69a97e5832bc[39m
[35m[HTTP][39m [90m{}[39m
[35m[HTTP][39m [37m<-- GET /wd/hub/session/90835dff-94ee-4c27-8698-69a97e5832bc [39m[32m200[39m [90m7 ms - 1152[39m
[35m[HTTP][39m [90m[39m
[35m[HTTP][39m [37m-->[39m [37mGET[39m [37m/wd/hub/session/90835dff-94ee-4c27-8698-69a97e5832bc/element/5/location[39m
[35m[HTTP][39m [90m{}[39m
[35m[HTTP][39m [37m<-- GET /wd/hub/session/90835dff-94ee-4c27-8698-69a97e5832bc/element/5/location [39m[32m200[39m [90m1018 ms - 88[39m
[35m[HTTP][39m [90m[39m
[35m[HTTP][39m [37m-->[39m [37mPOST[39m [37m/wd/hub/session/90835dff-94ee-4c27-8698-69a97e5832bc/element/5/clear[39m
[35m[HTTP][39m [90m{"id":"5"}[39m
[35m[HTTP][39m [37m<-- POST /wd/hub/session/90835dff-94ee-4c27-8698-69a97e5832bc/element/5/clear [39m[32m200[39m [90m2309 ms - 76[39m
[35m[HTTP][39m [90m[39m
[35m[HTTP][39m [37m-->[39m [37mPOST[39m [37m/wd/hub/session/90835dff-94ee-4c27-8698-69a97e5832bc/element/5/value[39m
[35m[HTTP][39m [90m{"id":"5","value":["08112233445567"]}[39m
[35m[HTTP][39m [37m<-- POST /wd/hub/session/90835dff-94ee-4c27-8698-69a97e5832bc/element/5/value [39m[32m200[39m [90m15998 ms - 76[39m
[35m[HTTP][39m [90m[39m
[35m[HTTP][39m [37m-->[39m [37mGET[39m [37m/wd/hub/session/90835dff-94ee-4c27-8698-69a97e5832bc/context[39m
[35m[HTTP][39m [90m{}[39m
[35m[HTTP][39m [37m<-- GET /wd/hub/session/90835dff-94ee-4c27-8698-69a97e5832bc/context [39m[32m200[39m [90m2 ms - 84[39m
[35m[HTTP][39m [90m[39m
[35m[HTTP][39m [37m-->[39m [37mGET[39m [37m/wd/hub/session/90835dff-94ee-4c27-8698-69a97e5832bc/contexts[39m
[35m[HTTP][39m [90m{}[39m
[35m[HTTP][39m [37m<-- GET /wd/hub/session/90835dff-94ee-4c27-8698-69a97e5832bc/contexts [39m[32m200[39m [90m129 ms - 86[39m
[35m[HTTP][39m [90m[39m
[35m[HTTP][39m [37m-->[39m [37mPOST[39m [37m/wd/hub/session/90835dff-94ee-4c27-8698-69a97e5832bc/context[39m
[35m[HTTP][39m [90m{"name":"NATIVE_APP"}[39m
[35m[HTTP][39m [37m<-- POST /wd/hub/session/90835dff-94ee-4c27-8698-69a97e5832bc/context [39m[32m200[39m [90m129 ms - 76[39m
[35m[HTTP][39m [90m[39m
[35m[HTTP][39m [37m-->[39m [37mPOST[39m [37m/wd/hub/session/90835dff-94ee-4c27-8698-69a97e5832bc/appium/device/hide_keyboard[39m
[35m[HTTP][39m [90m{}[39m
[35m[HTTP][39m [37m<-- POST /wd/hub/session/90835dff-94ee-4c27-8698-69a97e5832bc/appium/device/hide_keyboard [39m[32m200[39m [90m421 ms - 76[39m
[35m[HTTP][39m [90m[39m
[35m[HTTP][39m [37m-->[39m [37mPOST[39m [37m/wd/hub/session/90835dff-94ee-4c27-8698-69a97e5832bc/context[39m
[35m[HTTP][39m [90m{"name":"NATIVE_APP"}[39m
[35m[HTTP][39m [37m<-- POST /wd/hub/session/90835dff-94ee-4c27-8698-69a97e5832bc/context [39m[32m200[39m [90m189 ms - 76[39m
[35m[HTTP][39m [90m[39m
[35m[HTTP][39m [37m-->[39m [37mGET[39m [37m/wd/hub/session/90835dff-94ee-4c27-8698-69a97e5832bc/window/current/size[39m
[35m[HTTP][39m [90m{}[39m
[35m[HTTP][39m [37m<-- GET /wd/hub/session/90835dff-94ee-4c27-8698-69a97e5832bc/window/current/size [39m[32m200[39m [90m10 ms - 99[39m
[35m[HTTP][39m [90m[39m
[35m[HTTP][39m [37m-->[39m [37mPOST[39m [37m/wd/hub/session/90835dff-94ee-4c27-8698-69a97e5832bc/elements[39m
[35m[HTTP][39m [90m{"using":"-android uiautomator","value":"new UiSelector().description(\"LoginNameTextInput\")"}[39m
[35m[HTTP][39m [37m<-- POST /wd/hub/session/90835dff-94ee-4c27-8698-69a97e5832bc/elements [39m[32m200[39m [90m2426 ms - 89[39m
[35m[HTTP][39m [90m[39m
[35m[HTTP][39m [37m-->[39m [37mGET[39m [37m/wd/hub/session/90835dff-94ee-4c27-8698-69a97e5832bc[39m
[35m[HTTP][39m [90m{}[39m
[35m[HTTP][39m [37m<-- GET /wd/hub/session/90835dff-94ee-4c27-8698-69a97e5832bc [39m[32m200[39m [90m9 ms - 1152[39m
[35m[HTTP][39m [90m[39m
[35m[HTTP][39m [37m-->[39m [37mGET[39m [37m/wd/hub/session/90835dff-94ee-4c27-8698-69a97e5832bc[39m
[35m[HTTP][39m [90m{}[39m
[35m[HTTP][39m [37m<-- GET /wd/hub/session/90835dff-94ee-4c27-8698-69a97e5832bc [39m[32m200[39m [90m13 ms - 1152[39m
[35m[HTTP][39m [90m[39m
[35m[HTTP][39m [37m-->[39m [37mGET[39m [37m/wd/hub/session/90835dff-94ee-4c27-8698-69a97e5832bc[39m
[35m[HTTP][39m [90m{}[39m
[35m[HTTP][39m [37m<-- GET /wd/hub/session/90835dff-94ee-4c27-8698-69a97e5832bc [39m[32m200[39m [90m4 ms - 1152[39m
[35m[HTTP][39m [90m[39m
[35m[HTTP][39m [37m-->[39m [37mGET[39m [37m/wd/hub/session/90835dff-94ee-4c27-8698-69a97e5832bc[39m
[35m[HTTP][39m [90m{}[39m
[35m[HTTP][39m [37m<-- GET /wd/hub/session/90835dff-94ee-4c27-8698-69a97e5832bc [39m[32m200[39m [90m4 ms - 1152[39m
[35m[HTTP][39m [90m[39m
[35m[HTTP][39m [37m-->[39m [37mGET[39m [37m/wd/hub/session/90835dff-94ee-4c27-8698-69a97e5832bc/element/6/location[39m
[35m[HTTP][39m [90m{}[39m
[35m[HTTP][39m [37m<-- GET /wd/hub/session/90835dff-94ee-4c27-8698-69a97e5832bc/element/6/location [39m[32m200[39m [90m1241 ms - 88[39m
[35m[HTTP][39m [90m[39m
[35m[HTTP][39m [37m-->[39m [37mGET[39m [37m/wd/hub/session/90835dff-94ee-4c27-8698-69a97e5832bc/element/6/text[39m
[35m[HTTP][39m [90m{}[39m
[35m[HTTP][39m [37m<-- GET /wd/hub/session/90835dff-94ee-4c27-8698-69a97e5832bc/element/6/text [39m[32m200[39m [90m1089 ms - 88[39m
[35m[HTTP][39m [90m[39m
[35m[HTTP][39m [37m-->[39m [37mGET[39m [37m/wd/hub/session/90835dff-94ee-4c27-8698-69a97e5832bc/window/current/size[39m
[35m[HTTP][39m [90m{}[39m
[35m[HTTP][39m [37m<-- GET /wd/hub/session/90835dff-94ee-4c27-8698-69a97e5832bc/window/current/size [39m[32m200[39m [90m8 ms - 99[39m
[35m[HTTP][39m [90m[39m
[35m[HTTP][39m [37m-->[39m [37mPOST[39m [37m/wd/hub/session/90835dff-94ee-4c27-8698-69a97e5832bc/elements[39m
[35m[HTTP][39m [90m{"using":"-android uiautomator","value":"new UiSelector().description(\"LoginJumpNextBtn\")"}[39m
[35m[HTTP][39m [37m<-- POST /wd/hub/session/90835dff-94ee-4c27-8698-69a97e5832bc/elements [39m[32m200[39m [90m5200 ms - 89[39m
[35m[HTTP][39m [90m[39m
[35m[HTTP][39m [37m-->[39m [37mGET[39m [37m/wd/hub/session/90835dff-94ee-4c27-8698-69a97e5832bc[39m
[35m[HTTP][39m [90m{}[39m
[35m[HTTP][39m [37m<-- GET /wd/hub/session/90835dff-94ee-4c27-8698-69a97e5832bc [39m[32m200[39m [90m10 ms - 1152[39m
[35m[HTTP][39m [90m[39m
[35m[HTTP][39m [37m-->[39m [37mGET[39m [37m/wd/hub/session/90835dff-94ee-4c27-8698-69a97e5832bc[39m
[35m[HTTP][39m [90m{}[39m
[35m[HTTP][39m [37m<-- GET /wd/hub/session/90835dff-94ee-4c27-8698-69a97e5832bc [39m[32m200[39m [90m4 ms - 1152[39m
[35m[HTTP][39m [90m[39m
[35m[HTTP][39m [37m-->[39m [37mGET[39m [37m/wd/hub/session/90835dff-94ee-4c27-8698-69a97e5832bc[39m
[35m[HTTP][39m [90m{}[39m
[35m[HTTP][39m [37m<-- GET /wd/hub/session/90835dff-94ee-4c27-8698-69a97e5832bc [39m[32m200[39m [90m5 ms - 1152[39m
[35m[HTTP][39m [90m[39m
[35m[HTTP][39m [37m-->[39m [37mGET[39m [37m/wd/hub/session/90835dff-94ee-4c27-8698-69a97e5832bc[39m
[35m[HTTP][39m [90m{}[39m
[35m[HTTP][39m [37m<-- GET /wd/hub/session/90835dff-94ee-4c27-8698-69a97e5832bc [39m[32m200[39m [90m3 ms - 1152[39m
[35m[HTTP][39m [90m[39m
[35m[HTTP][39m [37m-->[39m [37mGET[39m [37m/wd/hub/session/90835dff-94ee-4c27-8698-69a97e5832bc/element/7/location[39m
[35m[HTTP][39m [90m{}[39m
[35m[HTTP][39m [37m<-- GET /wd/hub/session/90835dff-94ee-4c27-8698-69a97e5832bc/element/7/location [39m[32m200[39m [90m480 ms - 88[39m
[35m[HTTP][39m [90m[39m
[35m[HTTP][39m [37m-->[39m [37mGET[39m [37m/wd/hub/session/90835dff-94ee-4c27-8698-69a97e5832bc/window/current/size[39m
[35m[HTTP][39m [90m{}[39m
[35m[HTTP][39m [37m<-- GET /wd/hub/session/90835dff-94ee-4c27-8698-69a97e5832bc/window/current/size [39m[32m200[39m [90m14 ms - 99[39m
[35m[HTTP][39m [90m[39m
[35m[HTTP][39m [37m-->[39m [37mPOST[39m [37m/wd/hub/session/90835dff-94ee-4c27-8698-69a97e5832bc/elements[39m
[35m[HTTP][39m [90m{"using":"-android uiautomator","value":"new UiSelector().description(\"LoginJumpNextBtn\")"}[39m
[35m[HTTP][39m [37m<-- POST /wd/hub/session/90835dff-94ee-4c27-8698-69a97e5832bc/elements [39m[32m200[39m [90m3276 ms - 89[39m
[35m[HTTP][39m [90m[39m
[35m[HTTP][39m [37m-->[39m [37mGET[39m [37m/wd/hub/session/90835dff-94ee-4c27-8698-69a97e5832bc[39m
[35m[HTTP][39m [90m{}[39m
[35m[HTTP][39m [37m<-- GET /wd/hub/session/90835dff-94ee-4c27-8698-69a97e5832bc [39m[32m200[39m [90m8 ms - 1152[39m
[35m[HTTP][39m [90m[39m
[35m[HTTP][39m [37m-->[39m [37mGET[39m [37m/wd/hub/session/90835dff-94ee-4c27-8698-69a97e5832bc[39m
[35m[HTTP][39m [90m{}[39m
[35m[HTTP][39m [37m<-- GET /wd/hub/session/90835dff-94ee-4c27-8698-69a97e5832bc [39m[32m200[39m [90m10 ms - 1152[39m
[35m[HTTP][39m [90m[39m
[35m[HTTP][39m [37m-->[39m [37mGET[39m [37m/wd/hub/session/90835dff-94ee-4c27-8698-69a97e5832bc[39m
[35m[HTTP][39m [90m{}[39m
[35m[HTTP][39m [37m<-- GET /wd/hub/session/90835dff-94ee-4c27-8698-69a97e5832bc [39m[32m200[39m [90m5 ms - 1152[39m
[35m[HTTP][39m [90m[39m
[35m[HTTP][39m [37m-->[39m [37mGET[39m [37m/wd/hub/session/90835dff-94ee-4c27-8698-69a97e5832bc[39m
[35m[HTTP][39m [90m{}[39m
[35m[HTTP][39m [37m<-- GET /wd/hub/session/90835dff-94ee-4c27-8698-69a97e5832bc [39m[32m200[39m [90m4 ms - 1152[39m
[35m[HTTP][39m [90m[39m
[35m[HTTP][39m [37m-->[39m [37mGET[39m [37m/wd/hub/session/90835dff-94ee-4c27-8698-69a97e5832bc/element/8/location[39m
[35m[HTTP][39m [90m{}[39m
[35m[HTTP][39m [37m<-- GET /wd/hub/session/90835dff-94ee-4c27-8698-69a97e5832bc/element/8/location [39m[32m200[39m [90m423 ms - 88[39m
[35m[HTTP][39m [90m[39m
[35m[HTTP][39m [37m-->[39m [37mGET[39m [37m/wd/hub/session/90835dff-94ee-4c27-8698-69a97e5832bc/element/8/attribute/name[39m
[35m[HTTP][39m [90m{}[39m
[35m[HTTP][39m [37m<-- GET /wd/hub/session/90835dff-94ee-4c27-8698-69a97e5832bc/element/8/attribute/name [39m[32m200[39m [90m1361 ms - 90[39m
[35m[HTTP][39m [90m[39m
[35m[HTTP][39m [37m-->[39m [37mGET[39m [37m/wd/hub/session/90835dff-94ee-4c27-8698-69a97e5832bc/window/current/size[39m
[35m[HTTP][39m [90m{}[39m
[35m[HTTP][39m [37m<-- GET /wd/hub/session/90835dff-94ee-4c27-8698-69a97e5832bc/window/current/size [39m[32m200[39m [90m11 ms - 99[39m
[35m[HTTP][39m [90m[39m
[35m[HTTP][39m [37m-->[39m [37mPOST[39m [37m/wd/hub/session/90835dff-94ee-4c27-8698-69a97e5832bc/elements[39m
[35m[HTTP][39m [90m{"using":"-android uiautomator","value":"new UiSelector().description(\"LoginJumpNextBtn\")"}[39m
[35m[HTTP][39m [37m<-- POST /wd/hub/session/90835dff-94ee-4c27-8698-69a97e5832bc/elements [39m[32m200[39m [90m3130 ms - 89[39m
[35m[HTTP][39m [90m[39m
[35m[HTTP][39m [37m-->[39m [37mGET[39m [37m/wd/hub/session/90835dff-94ee-4c27-8698-69a97e5832bc[39m
[35m[HTTP][39m [90m{}[39m
[35m[HTTP][39m [37m<-- GET /wd/hub/session/90835dff-94ee-4c27-8698-69a97e5832bc [39m[32m200[39m [90m8 ms - 1152[39m
[35m[HTTP][39m [90m[39m
[35m[HTTP][39m [37m-->[39m [37mGET[39m [37m/wd/hub/session/90835dff-94ee-4c27-8698-69a97e5832bc[39m
[35m[HTTP][39m [90m{}[39m
[35m[HTTP][39m [37m<-- GET /wd/hub/session/90835dff-94ee-4c27-8698-69a97e5832bc [39m[32m200[39m [90m7 ms - 1152[39m
[35m[HTTP][39m [90m[39m
[35m[HTTP][39m [37m-->[39m [37mGET[39m [37m/wd/hub/session/90835dff-94ee-4c27-8698-69a97e5832bc[39m
[35m[HTTP][39m [90m{}[39m
[35m[HTTP][39m [37m<-- GET /wd/hub/session/90835dff-94ee-4c27-8698-69a97e5832bc [39m[32m200[39m [90m9 ms - 1152[39m
[35m[HTTP][39m [90m[39m
[35m[HTTP][39m [37m-->[39m [37mGET[39m [37m/wd/hub/session/90835dff-94ee-4c27-8698-69a97e5832bc[39m
[35m[HTTP][39m [90m{}[39m
[35m[HTTP][39m [37m<-- GET /wd/hub/session/90835dff-94ee-4c27-8698-69a97e5832bc [39m[32m200[39m [90m3 ms - 1152[39m
[35m[HTTP][39m [90m[39m
[35m[HTTP][39m [37m-->[39m [37mGET[39m [37m/wd/hub/session/90835dff-94ee-4c27-8698-69a97e5832bc/element/9/location[39m
[35m[HTTP][39m [90m{}[39m
[35m[HTTP][39m [37m<-- GET /wd/hub/session/90835dff-94ee-4c27-8698-69a97e5832bc/element/9/location [39m[32m200[39m [90m783 ms - 88[39m
[35m[HTTP][39m [90m[39m
[35m[HTTP][39m [37m-->[39m [37mPOST[39m [37m/wd/hub/session/90835dff-94ee-4c27-8698-69a97e5832bc/touch/perform[39m
[35m[HTTP][39m [90m{"actions":[{"action":"tap","options":{"element":"9","x":1,"y":1}}]}[39m
[35m[HTTP][39m [37m<-- POST /wd/hub/session/90835dff-94ee-4c27-8698-69a97e5832bc/touch/perform [39m[32m200[39m [90m1868 ms - 76[39m
[35m[HTTP][39m [90m[39m
[35m[HTTP][39m [37m-->[39m [37mGET[39m [37m/wd/hub/session/90835dff-94ee-4c27-8698-69a97e5832bc/window/current/size[39m
[35m[HTTP][39m [90m{}[39m
[35m[HTTP][39m [37m<-- GET /wd/hub/session/90835dff-94ee-4c27-8698-69a97e5832bc/window/current/size [39m[32m200[39m [90m16 ms - 99[39m
[35m[HTTP][39m [90m[39m
[35m[HTTP][39m [37m-->[39m [37mPOST[39m [37m/wd/hub/session/90835dff-94ee-4c27-8698-69a97e5832bc/elements[39m
[35m[HTTP][39m [90m{"using":"-android uiautomator","value":"new UiSelector().description(\"pinCircleFocus\")"}[39m
[35m[HTTP][39m [37m<-- POST /wd/hub/session/90835dff-94ee-4c27-8698-69a97e5832bc/elements [39m[32m200[39m [90m6151 ms - 90[39m
[35m[HTTP][39m [90m[39m
[35m[HTTP][39m [37m-->[39m [37mGET[39m [37m/wd/hub/session/90835dff-94ee-4c27-8698-69a97e5832bc[39m
[35m[HTTP][39m [90m{}[39m
[35m[HTTP][39m [37m<-- GET /wd/hub/session/90835dff-94ee-4c27-8698-69a97e5832bc [39m[32m200[39m [90m21 ms - 1152[39m
[35m[HTTP][39m [90m[39m
[35m[HTTP][39m [37m-->[39m [37mGET[39m [37m/wd/hub/session/90835dff-94ee-4c27-8698-69a97e5832bc[39m
[35m[HTTP][39m [90m{}[39m
[35m[HTTP][39m [37m<-- GET /wd/hub/session/90835dff-94ee-4c27-8698-69a97e5832bc [39m[32m200[39m [90m6 ms - 1152[39m
[35m[HTTP][39m [90m[39m
[35m[HTTP][39m [37m-->[39m [37mGET[39m [37m/wd/hub/session/90835dff-94ee-4c27-8698-69a97e5832bc[39m
[35m[HTTP][39m [90m{}[39m
[35m[HTTP][39m [37m<-- GET /wd/hub/session/90835dff-94ee-4c27-8698-69a97e5832bc [39m[32m200[39m [90m5 ms - 1152[39m
[35m[HTTP][39m [90m[39m
[35m[HTTP][39m [37m-->[39m [37mGET[39m [37m/wd/hub/session/90835dff-94ee-4c27-8698-69a97e5832bc[39m
[35m[HTTP][39m [90m{}[39m
[35m[HTTP][39m [37m<-- GET /wd/hub/session/90835dff-94ee-4c27-8698-69a97e5832bc [39m[32m200[39m [90m3 ms - 1152[39m
[35m[HTTP][39m [90m[39m
[35m[HTTP][39m [37m-->[39m [37mGET[39m [37m/wd/hub/session/90835dff-94ee-4c27-8698-69a97e5832bc/element/10/location[39m
[35m[HTTP][39m [90m{}[39m
[35m[HTTP][39m [37m<-- GET /wd/hub/session/90835dff-94ee-4c27-8698-69a97e5832bc/element/10/location [39m[32m200[39m [90m982 ms - 89[39m
[35m[HTTP][39m [90m[39m
[35m[HTTP][39m [37m-->[39m [37mGET[39m [37m/wd/hub/session/90835dff-94ee-4c27-8698-69a97e5832bc/window/current/size[39m
[35m[HTTP][39m [90m{}[39m
[35m[HTTP][39m [37m<-- GET /wd/hub/session/90835dff-94ee-4c27-8698-69a97e5832bc/window/current/size [39m[32m200[39m [90m11 ms - 99[39m
[35m[HTTP][39m [90m[39m
[35m[HTTP][39m [37m-->[39m [37mPOST[39m [37m/wd/hub/session/90835dff-94ee-4c27-8698-69a97e5832bc/elements[39m
[35m[HTTP][39m [90m{"using":"-android uiautomator","value":"new UiSelector().description(\"pinCircleFocus\")"}[39m
[35m[HTTP][39m [37m<-- POST /wd/hub/session/90835dff-94ee-4c27-8698-69a97e5832bc/elements [39m[32m200[39m [90m4014 ms - 90[39m
[35m[HTTP][39m [90m[39m
[35m[HTTP][39m [37m-->[39m [37mGET[39m [37m/wd/hub/session/90835dff-94ee-4c27-8698-69a97e5832bc[39m
[35m[HTTP][39m [90m{}[39m
[35m[HTTP][39m [37m<-- GET /wd/hub/session/90835dff-94ee-4c27-8698-69a97e5832bc [39m[32m200[39m [90m8 ms - 1152[39m
[35m[HTTP][39m [90m[39m
[35m[HTTP][39m [37m-->[39m [37mGET[39m [37m/wd/hub/session/90835dff-94ee-4c27-8698-69a97e5832bc[39m
[35m[HTTP][39m [90m{}[39m
[35m[HTTP][39m [37m<-- GET /wd/hub/session/90835dff-94ee-4c27-8698-69a97e5832bc [39m[32m200[39m [90m7 ms - 1152[39m
[35m[HTTP][39m [90m[39m
[35m[HTTP][39m [37m-->[39m [37mGET[39m [37m/wd/hub/session/90835dff-94ee-4c27-8698-69a97e5832bc[39m
[35m[HTTP][39m [90m{}[39m
[35m[HTTP][39m [37m<-- GET /wd/hub/session/90835dff-94ee-4c27-8698-69a97e5832bc [39m[32m200[39m [90m10 ms - 1152[39m
[35m[HTTP][39m [90m[39m
[35m[HTTP][39m [37m-->[39m [37mGET[39m [37m/wd/hub/session/90835dff-94ee-4c27-8698-69a97e5832bc[39m
[35m[HTTP][39m [90m{}[39m
[35m[HTTP][39m [37m<-- GET /wd/hub/session/90835dff-94ee-4c27-8698-69a97e5832bc [39m[32m200[39m [90m5 ms - 1152[39m
[35m[HTTP][39m [90m[39m
[35m[HTTP][39m [37m-->[39m [37mGET[39m [37m/wd/hub/session/90835dff-94ee-4c27-8698-69a97e5832bc/element/11/location[39m
[35m[HTTP][39m [90m{}[39m
[35m[HTTP][39m [37m<-- GET /wd/hub/session/90835dff-94ee-4c27-8698-69a97e5832bc/element/11/location [39m[32m200[39m [90m421 ms - 89[39m
[35m[HTTP][39m [90m[39m
[35m[HTTP][39m [37m-->[39m [37mGET[39m [37m/wd/hub/session/90835dff-94ee-4c27-8698-69a97e5832bc/element/11/attribute/name[39m
[35m[HTTP][39m [90m{}[39m
[35m[HTTP][39m [37m<-- GET /wd/hub/session/90835dff-94ee-4c27-8698-69a97e5832bc/element/11/attribute/name [39m[32m200[39m [90m503 ms - 88[39m
[35m[HTTP][39m [90m[39m
[35m[HTTP][39m [37m-->[39m [37mGET[39m [37m/wd/hub/session/90835dff-94ee-4c27-8698-69a97e5832bc/window/current/size[39m
[35m[HTTP][39m [90m{}[39m
[35m[HTTP][39m [37m<-- GET /wd/hub/session/90835dff-94ee-4c27-8698-69a97e5832bc/window/current/size [39m[32m200[39m [90m12 ms - 99[39m
[35m[HTTP][39m [90m[39m
[35m[HTTP][39m [37m-->[39m [37mPOST[39m [37m/wd/hub/session/90835dff-94ee-4c27-8698-69a97e5832bc/elements[39m
[35m[HTTP][39m [90m{"using":"-android uiautomator","value":"new UiSelector().description(\"pinCircleFocus\")"}[39m
[35m[HTTP][39m [37m<-- POST /wd/hub/session/90835dff-94ee-4c27-8698-69a97e5832bc/elements [39m[32m200[39m [90m6975 ms - 90[39m
[35m[HTTP][39m [90m[39m
[35m[HTTP][39m [37m-->[39m [37mGET[39m [37m/wd/hub/session/90835dff-94ee-4c27-8698-69a97e5832bc[39m
[35m[HTTP][39m [90m{}[39m
[35m[HTTP][39m [37m<-- GET /wd/hub/session/90835dff-94ee-4c27-8698-69a97e5832bc [39m[32m200[39m [90m10 ms - 1152[39m
[35m[HTTP][39m [90m[39m
[35m[HTTP][39m [37m-->[39m [37mGET[39m [37m/wd/hub/session/90835dff-94ee-4c27-8698-69a97e5832bc[39m
[35m[HTTP][39m [90m{}[39m
[35m[HTTP][39m [37m<-- GET /wd/hub/session/90835dff-94ee-4c27-8698-69a97e5832bc [39m[32m200[39m [90m4 ms - 1152[39m
[35m[HTTP][39m [90m[39m
[35m[HTTP][39m [37m-->[39m [37mGET[39m [37m/wd/hub/session/90835dff-94ee-4c27-8698-69a97e5832bc[39m
[35m[HTTP][39m [90m{}[39m
[35m[HTTP][39m [37m<-- GET /wd/hub/session/90835dff-94ee-4c27-8698-69a97e5832bc [39m[32m200[39m [90m6 ms - 1152[39m
[35m[HTTP][39m [90m[39m
[35m[HTTP][39m [37m-->[39m [37mGET[39m [37m/wd/hub/session/90835dff-94ee-4c27-8698-69a97e5832bc[39m
[35m[HTTP][39m [90m{}[39m
[35m[HTTP][39m [37m<-- GET /wd/hub/session/90835dff-94ee-4c27-8698-69a97e5832bc [39m[32m200[39m [90m4 ms - 1152[39m
[35m[HTTP][39m [90m[39m
[35m[HTTP][39m [37m-->[39m [37mGET[39m [37m/wd/hub/session/90835dff-94ee-4c27-8698-69a97e5832bc/element/12/location[39m
[35m[HTTP][39m [90m{}[39m
[35m[HTTP][39m [37m<-- GET /wd/hub/session/90835dff-94ee-4c27-8698-69a97e5832bc/element/12/location [39m[32m200[39m [90m464 ms - 89[39m
[35m[HTTP][39m [90m[39m
[35m[HTTP][39m [37m-->[39m [37mPOST[39m [37m/wd/hub/session/90835dff-94ee-4c27-8698-69a97e5832bc/touch/perform[39m
[35m[HTTP][39m [90m{"actions":[{"action":"tap","options":{"element":"12","x":1,"y":1}}]}[39m
[35m[HTTP][39m [37m<-- POST /wd/hub/session/90835dff-94ee-4c27-8698-69a97e5832bc/touch/perform [39m[32m200[39m [90m1342 ms - 76[39m
[35m[HTTP][39m [90m[39m
[35m[HTTP][39m [37m-->[39m [37mGET[39m [37m/wd/hub/session/90835dff-94ee-4c27-8698-69a97e5832bc/window/current/size[39m
[35m[HTTP][39m [90m{}[39m
[35m[HTTP][39m [37m<-- GET /wd/hub/session/90835dff-94ee-4c27-8698-69a97e5832bc/window/current/size [39m[32m200[39m [90m30 ms - 99[39m
[35m[HTTP][39m [90m[39m
[35m[HTTP][39m [37m-->[39m [37mPOST[39m [37m/wd/hub/session/90835dff-94ee-4c27-8698-69a97e5832bc/elements[39m
[35m[HTTP][39m [90m{"using":"-android uiautomator","value":"new UiSelector().description(\"pinCircleFocus\")"}[39m
[35m[HTTP][39m [37m<-- POST /wd/hub/session/90835dff-94ee-4c27-8698-69a97e5832bc/elements [39m[32m200[39m [90m2605 ms - 90[39m
[35m[HTTP][39m [90m[39m
[35m[HTTP][39m [37m-->[39m [37mGET[39m [37m/wd/hub/session/90835dff-94ee-4c27-8698-69a97e5832bc[39m
[35m[HTTP][39m [90m{}[39m
[35m[HTTP][39m [37m<-- GET /wd/hub/session/90835dff-94ee-4c27-8698-69a97e5832bc [39m[32m200[39m [90m9 ms - 1152[39m
[35m[HTTP][39m [90m[39m
[35m[HTTP][39m [37m-->[39m [37mGET[39m [37m/wd/hub/session/90835dff-94ee-4c27-8698-69a97e5832bc[39m
[35m[HTTP][39m [90m{}[39m
[35m[HTTP][39m [37m<-- GET /wd/hub/session/90835dff-94ee-4c27-8698-69a97e5832bc [39m[32m200[39m [90m7 ms - 1152[39m
[35m[HTTP][39m [90m[39m
[35m[HTTP][39m [37m-->[39m [37mGET[39m [37m/wd/hub/session/90835dff-94ee-4c27-8698-69a97e5832bc[39m
[35m[HTTP][39m [90m{}[39m
[35m[HTTP][39m [37m<-- GET /wd/hub/session/90835dff-94ee-4c27-8698-69a97e5832bc [39m[32m200[39m [90m6 ms - 1152[39m
[35m[HTTP][39m [90m[39m
[35m[HTTP][39m [37m-->[39m [37mGET[39m [37m/wd/hub/session/90835dff-94ee-4c27-8698-69a97e5832bc[39m
[35m[HTTP][39m [90m{}[39m
[35m[HTTP][39m [37m<-- GET /wd/hub/session/90835dff-94ee-4c27-8698-69a97e5832bc [39m[32m200[39m [90m4 ms - 1152[39m
[35m[HTTP][39m [90m[39m
[35m[HTTP][39m [37m-->[39m [37mGET[39m [37m/wd/hub/session/90835dff-94ee-4c27-8698-69a97e5832bc/element/13/location[39m
[35m[HTTP][39m [90m{}[39m
[35m[HTTP][39m [37m<-- GET /wd/hub/session/90835dff-94ee-4c27-8698-69a97e5832bc/element/13/location [39m[32m200[39m [90m440 ms - 89[39m
[35m[HTTP][39m [90m[39m
[35m[HTTP][39m [37m-->[39m [37mPOST[39m [37m/wd/hub/session/90835dff-94ee-4c27-8698-69a97e5832bc/element/13/clear[39m
[35m[HTTP][39m [90m{"id":"13"}[39m
[35m[HTTP][39m [37m<-- POST /wd/hub/session/90835dff-94ee-4c27-8698-69a97e5832bc/element/13/clear [39m[32m200[39m [90m4664 ms - 76[39m
[35m[HTTP][39m [90m[39m
[35m[HTTP][39m [37m-->[39m [37mPOST[39m [37m/wd/hub/session/90835dff-94ee-4c27-8698-69a97e5832bc/element/13/value[39m
[35m[HTTP][39m [90m{"id":"13","value":["123456"]}[39m
[35m[HTTP][39m [37m<-- POST /wd/hub/session/90835dff-94ee-4c27-8698-69a97e5832bc/element/13/value [39m[32m200[39m [90m8827 ms - 76[39m
[35m[HTTP][39m [90m[39m
[35m[HTTP][39m [37m-->[39m [37mGET[39m [37m/wd/hub/session/90835dff-94ee-4c27-8698-69a97e5832bc/window/current/size[39m
[35m[HTTP][39m [90m{}[39m
[35m[HTTP][39m [37m<-- GET /wd/hub/session/90835dff-94ee-4c27-8698-69a97e5832bc/window/current/size [39m[32m200[39m [90m22 ms - 99[39m
[35m[HTTP][39m [90m[39m
[35m[HTTP][39m [37m-->[39m [37mPOST[39m [37m/wd/hub/session/90835dff-94ee-4c27-8698-69a97e5832bc/elements[39m
[35m[HTTP][39m [90m{"using":"-android uiautomator","value":"new UiSelector().description(\"headerBar_button_hamburgerMenu\")"}[39m
[35m[HTTP][39m [37m<-- POST /wd/hub/session/90835dff-94ee-4c27-8698-69a97e5832bc/elements [39m[32m200[39m [90m2185 ms - 90[39m
[35m[HTTP][39m [90m[39m
[35m[HTTP][39m [37m-->[39m [37mGET[39m [37m/wd/hub/session/90835dff-94ee-4c27-8698-69a97e5832bc[39m
[35m[HTTP][39m [90m{}[39m
[35m[HTTP][39m [37m<-- GET /wd/hub/session/90835dff-94ee-4c27-8698-69a97e5832bc [39m[32m200[39m [90m10 ms - 1152[39m
[35m[HTTP][39m [90m[39m
[35m[HTTP][39m [37m-->[39m [37mGET[39m [37m/wd/hub/session/90835dff-94ee-4c27-8698-69a97e5832bc[39m
[35m[HTTP][39m [90m{}[39m
[35m[HTTP][39m [37m<-- GET /wd/hub/session/90835dff-94ee-4c27-8698-69a97e5832bc [39m[32m200[39m [90m4 ms - 1152[39m
[35m[HTTP][39m [90m[39m
[35m[HTTP][39m [37m-->[39m [37mGET[39m [37m/wd/hub/session/90835dff-94ee-4c27-8698-69a97e5832bc[39m
[35m[HTTP][39m [90m{}[39m
[35m[HTTP][39m [37m<-- GET /wd/hub/session/90835dff-94ee-4c27-8698-69a97e5832bc [39m[32m200[39m [90m4 ms - 1152[39m
[35m[HTTP][39m [90m[39m
[35m[HTTP][39m [37m-->[39m [37mGET[39m [37m/wd/hub/session/90835dff-94ee-4c27-8698-69a97e5832bc[39m
[35m[HTTP][39m [90m{}[39m
[35m[HTTP][39m [37m<-- GET /wd/hub/session/90835dff-94ee-4c27-8698-69a97e5832bc [39m[32m200[39m [90m4 ms - 1152[39m
[35m[HTTP][39m [90m[39m
[35m[HTTP][39m [37m-->[39m [37mGET[39m [37m/wd/hub/session/90835dff-94ee-4c27-8698-69a97e5832bc/element/14/location[39m
[35m[HTTP][39m [90m{}[39m
[35m[HTTP][39m [37m<-- GET /wd/hub/session/90835dff-94ee-4c27-8698-69a97e5832bc/element/14/location [39m[32m200[39m [90m1180 ms - 87[39m
[35m[HTTP][39m [90m[39m
[35m[HTTP][39m [37m-->[39m [37mGET[39m [37m/wd/hub/session/90835dff-94ee-4c27-8698-69a97e5832bc/window/current/size[39m
[35m[HTTP][39m [90m{}[39m
[35m[HTTP][39m [37m<-- GET /wd/hub/session/90835dff-94ee-4c27-8698-69a97e5832bc/window/current/size [39m[32m200[39m [90m14 ms - 99[39m
[35m[HTTP][39m [90m[39m
[35m[HTTP][39m [37m-->[39m [37mPOST[39m [37m/wd/hub/session/90835dff-94ee-4c27-8698-69a97e5832bc/elements[39m
[35m[HTTP][39m [90m{"using":"-android uiautomator","value":"new UiSelector().description(\"headerBar_button_hamburgerMenu\")"}[39m
[35m[HTTP][39m [37m<-- POST /wd/hub/session/90835dff-94ee-4c27-8698-69a97e5832bc/elements [39m[32m200[39m [90m2093 ms - 90[39m
[35m[HTTP][39m [90m[39m
[35m[HTTP][39m [37m-->[39m [37mGET[39m [37m/wd/hub/session/90835dff-94ee-4c27-8698-69a97e5832bc[39m
[35m[HTTP][39m [90m{}[39m
[35m[HTTP][39m [37m<-- GET /wd/hub/session/90835dff-94ee-4c27-8698-69a97e5832bc [39m[32m200[39m [90m7 ms - 1152[39m
[35m[HTTP][39m [90m[39m
[35m[HTTP][39m [37m-->[39m [37mGET[39m [37m/wd/hub/session/90835dff-94ee-4c27-8698-69a97e5832bc[39m
[35m[HTTP][39m [90m{}[39m
[35m[HTTP][39m [37m<-- GET /wd/hub/session/90835dff-94ee-4c27-8698-69a97e5832bc [39m[32m200[39m [90m7 ms - 1152[39m
[35m[HTTP][39m [90m[39m
[35m[HTTP][39m [37m-->[39m [37mGET[39m [37m/wd/hub/session/90835dff-94ee-4c27-8698-69a97e5832bc[39m
[35m[HTTP][39m [90m{}[39m
[35m[HTTP][39m [37m<-- GET /wd/hub/session/90835dff-94ee-4c27-8698-69a97e5832bc [39m[32m200[39m [90m7 ms - 1152[39m
[35m[HTTP][39m [90m[39m
[35m[HTTP][39m [37m-->[39m [37mGET[39m [37m/wd/hub/session/90835dff-94ee-4c27-8698-69a97e5832bc[39m
[35m[HTTP][39m [90m{}[39m
[35m[HTTP][39m [37m<-- GET /wd/hub/session/90835dff-94ee-4c27-8698-69a97e5832bc [39m[32m200[39m [90m4 ms - 1152[39m
[35m[HTTP][39m [90m[39m
[35m[HTTP][39m [37m-->[39m [37mGET[39m [37m/wd/hub/session/90835dff-94ee-4c27-8698-69a97e5832bc/element/15/location[39m
[35m[HTTP][39m [90m{}[39m
[35m[HTTP][39m [37m<-- GET /wd/hub/session/90835dff-94ee-4c27-8698-69a97e5832bc/element/15/location [39m[32m200[39m [90m488 ms - 87[39m
[35m[HTTP][39m [90m[39m
[35m[HTTP][39m [37m-->[39m [37mGET[39m [37m/wd/hub/session/90835dff-94ee-4c27-8698-69a97e5832bc/element/15/attribute/name[39m
[35m[HTTP][39m [90m{}[39m
[35m[HTTP][39m [37m<-- GET /wd/hub/session/90835dff-94ee-4c27-8698-69a97e5832bc/element/15/attribute/name [39m[32m200[39m [90m1348 ms - 104[39m
[35m[HTTP][39m [90m[39m
[35m[HTTP][39m [37m-->[39m [37mGET[39m [37m/wd/hub/session/90835dff-94ee-4c27-8698-69a97e5832bc/window/current/size[39m
[35m[HTTP][39m [90m{}[39m
[35m[HTTP][39m [37m<-- GET /wd/hub/session/90835dff-94ee-4c27-8698-69a97e5832bc/window/current/size [39m[32m200[39m [90m8 ms - 99[39m
[35m[HTTP][39m [90m[39m
[35m[HTTP][39m [37m-->[39m [37mPOST[39m [37m/wd/hub/session/90835dff-94ee-4c27-8698-69a97e5832bc/elements[39m
[35m[HTTP][39m [90m{"using":"-android uiautomator","value":"new UiSelector().description(\"headerBar_button_hamburgerMenu\")"}[39m
[35m[HTTP][39m [37m<-- POST /wd/hub/session/90835dff-94ee-4c27-8698-69a97e5832bc/elements [39m[32m200[39m [90m2272 ms - 90[39m
[35m[HTTP][39m [90m[39m
[35m[HTTP][39m [37m-->[39m [37mGET[39m [37m/wd/hub/session/90835dff-94ee-4c27-8698-69a97e5832bc[39m
[35m[HTTP][39m [90m{}[39m
[35m[HTTP][39m [37m<-- GET /wd/hub/session/90835dff-94ee-4c27-8698-69a97e5832bc [39m[32m200[39m [90m10 ms - 1152[39m
[35m[HTTP][39m [90m[39m
[35m[HTTP][39m [37m-->[39m [37mGET[39m [37m/wd/hub/session/90835dff-94ee-4c27-8698-69a97e5832bc[39m
[35m[HTTP][39m [90m{}[39m
[35m[HTTP][39m [37m<-- GET /wd/hub/session/90835dff-94ee-4c27-8698-69a97e5832bc [39m[32m200[39m [90m3 ms - 1152[39m
[35m[HTTP][39m [90m[39m
[35m[HTTP][39m [37m-->[39m [37mGET[39m [37m/wd/hub/session/90835dff-94ee-4c27-8698-69a97e5832bc[39m
[35m[HTTP][39m [90m{}[39m
[35m[HTTP][39m [37m<-- GET /wd/hub/session/90835dff-94ee-4c27-8698-69a97e5832bc [39m[32m200[39m [90m4 ms - 1152[39m
[35m[HTTP][39m [90m[39m
[35m[HTTP][39m [37m-->[39m [37mGET[39m [37m/wd/hub/session/90835dff-94ee-4c27-8698-69a97e5832bc[39m
[35m[HTTP][39m [90m{}[39m
[35m[HTTP][39m [37m<-- GET /wd/hub/session/90835dff-94ee-4c27-8698-69a97e5832bc [39m[32m200[39m [90m4 ms - 1152[39m
[35m[HTTP][39m [90m[39m
[35m[HTTP][39m [37m-->[39m [37mGET[39m [37m/wd/hub/session/90835dff-94ee-4c27-8698-69a97e5832bc/element/16/location[39m
[35m[HTTP][39m [90m{}[39m
[35m[HTTP][39m [37m<-- GET /wd/hub/session/90835dff-94ee-4c27-8698-69a97e5832bc/element/16/location [39m[32m200[39m [90m450 ms - 87[39m
[35m[HTTP][39m [90m[39m
[35m[HTTP][39m [37m-->[39m [37mPOST[39m [37m/wd/hub/session/90835dff-94ee-4c27-8698-69a97e5832bc/touch/perform[39m
[35m[HTTP][39m [90m{"actions":[{"action":"tap","options":{"element":"16","x":1,"y":1}}]}[39m
[35m[HTTP][39m [37m<-- POST /wd/hub/session/90835dff-94ee-4c27-8698-69a97e5832bc/touch/perform [39m[32m200[39m [90m2365 ms - 76[39m
[35m[HTTP][39m [90m[39m
[35m[HTTP][39m [37m-->[39m [37mGET[39m [37m/wd/hub/session/90835dff-94ee-4c27-8698-69a97e5832bc/window/current/size[39m
[35m[HTTP][39m [90m{}[39m
[35m[HTTP][39m [37m<-- GET /wd/hub/session/90835dff-94ee-4c27-8698-69a97e5832bc/window/current/size [39m[32m200[39m [90m14 ms - 99[39m
[35m[HTTP][39m [90m[39m
[35m[HTTP][39m [37m-->[39m [37mPOST[39m [37m/wd/hub/session/90835dff-94ee-4c27-8698-69a97e5832bc/elements[39m
[35m[HTTP][39m [90m{"using":"-android uiautomator","value":"new UiSelector().description(\"produkMenuItem\")"}[39m
[35m[HTTP][39m [37m<-- POST /wd/hub/session/90835dff-94ee-4c27-8698-69a97e5832bc/elements [39m[32m200[39m [90m7926 ms - 107[39m
[35m[HTTP][39m [90m[39m
[35m[HTTP][39m [37m-->[39m [37mGET[39m [37m/wd/hub/session/90835dff-94ee-4c27-8698-69a97e5832bc[39m
[35m[HTTP][39m [90m{}[39m
[35m[HTTP][39m [37m<-- GET /wd/hub/session/90835dff-94ee-4c27-8698-69a97e5832bc [39m[32m200[39m [90m9 ms - 1152[39m
[35m[HTTP][39m [90m[39m
[35m[HTTP][39m [37m-->[39m [37mGET[39m [37m/wd/hub/session/90835dff-94ee-4c27-8698-69a97e5832bc[39m
[35m[HTTP][39m [90m{}[39m
[35m[HTTP][39m [37m<-- GET /wd/hub/session/90835dff-94ee-4c27-8698-69a97e5832bc [39m[32m200[39m [90m7 ms - 1152[39m
[35m[HTTP][39m [90m[39m
[35m[HTTP][39m [37m-->[39m [37mGET[39m [37m/wd/hub/session/90835dff-94ee-4c27-8698-69a97e5832bc[39m
[35m[HTTP][39m [90m{}[39m
[35m[HTTP][39m [37m<-- GET /wd/hub/session/90835dff-94ee-4c27-8698-69a97e5832bc [39m[32m200[39m [90m5 ms - 1152[39m
[35m[HTTP][39m [90m[39m
[35m[HTTP][39m [37m-->[39m [37mGET[39m [37m/wd/hub/session/90835dff-94ee-4c27-8698-69a97e5832bc[39m
[35m[HTTP][39m [90m{}[39m
[35m[HTTP][39m [37m<-- GET /wd/hub/session/90835dff-94ee-4c27-8698-69a97e5832bc [39m[32m200[39m [90m7 ms - 1152[39m
[35m[HTTP][39m [90m[39m
[35m[HTTP][39m [37m-->[39m [37mGET[39m [37m/wd/hub/session/90835dff-94ee-4c27-8698-69a97e5832bc[39m
[35m[HTTP][39m [90m{}[39m
[35m[HTTP][39m [37m<-- GET /wd/hub/session/90835dff-94ee-4c27-8698-69a97e5832bc [39m[32m200[39m [90m3 ms - 1152[39m
[35m[HTTP][39m [90m[39m
[35m[HTTP][39m [37m-->[39m [37mGET[39m [37m/wd/hub/session/90835dff-94ee-4c27-8698-69a97e5832bc[39m
[35m[HTTP][39m [90m{}[39m
[35m[HTTP][39m [37m<-- GET /wd/hub/session/90835dff-94ee-4c27-8698-69a97e5832bc [39m[32m200[39m [90m4 ms - 1152[39m
[35m[HTTP][39m [90m[39m
[35m[HTTP][39m [37m-->[39m [37mGET[39m [37m/wd/hub/session/90835dff-94ee-4c27-8698-69a97e5832bc[39m
[35m[HTTP][39m [90m{}[39m
[35m[HTTP][39m [37m<-- GET /wd/hub/session/90835dff-94ee-4c27-8698-69a97e5832bc [39m[32m200[39m [90m3 ms - 1152[39m
[35m[HTTP][39m [90m[39m
[35m[HTTP][39m [37m-->[39m [37mGET[39m [37m/wd/hub/session/90835dff-94ee-4c27-8698-69a97e5832bc[39m
[35m[HTTP][39m [90m{}[39m
[35m[HTTP][39m [37m<-- GET /wd/hub/session/90835dff-94ee-4c27-8698-69a97e5832bc [39m[32m200[39m [90m2 ms - 1152[39m
[35m[HTTP][39m [90m[39m
[35m[HTTP][39m [37m-->[39m [37mGET[39m [37m/wd/hub/session/90835dff-94ee-4c27-8698-69a97e5832bc/element/17/location[39m
[35m[HTTP][39m [90m{}[39m
[35m[HTTP][39m [37m<-- GET /wd/hub/session/90835dff-94ee-4c27-8698-69a97e5832bc/element/17/location [39m[32m200[39m [90m621 ms - 87[39m
[35m[HTTP][39m [90m[39m
[35m[HTTP][39m [37m-->[39m [37mGET[39m [37m/wd/hub/session/90835dff-94ee-4c27-8698-69a97e5832bc/window/current/size[39m
[35m[HTTP][39m [90m{}[39m
[35m[HTTP][39m [37m<-- GET /wd/hub/session/90835dff-94ee-4c27-8698-69a97e5832bc/window/current/size [39m[32m200[39m [90m13 ms - 99[39m
[35m[HTTP][39m [90m[39m
[35m[HTTP][39m [37m-->[39m [37mPOST[39m [37m/wd/hub/session/90835dff-94ee-4c27-8698-69a97e5832bc/elements[39m
[35m[HTTP][39m [90m{"using":"-android uiautomator","value":"new UiSelector().description(\"produkMenuItem\")"}[39m
[35m[HTTP][39m [37m<-- POST /wd/hub/session/90835dff-94ee-4c27-8698-69a97e5832bc/elements [39m[32m200[39m [90m3720 ms - 107[39m
[35m[HTTP][39m [90m[39m
[35m[HTTP][39m [37m-->[39m [37mGET[39m [37m/wd/hub/session/90835dff-94ee-4c27-8698-69a97e5832bc[39m
[35m[HTTP][39m [90m{}[39m
[35m[HTTP][39m [37m<-- GET /wd/hub/session/90835dff-94ee-4c27-8698-69a97e5832bc [39m[32m200[39m [90m10 ms - 1152[39m
[35m[HTTP][39m [90m[39m
[35m[HTTP][39m [37m-->[39m [37mGET[39m [37m/wd/hub/session/90835dff-94ee-4c27-8698-69a97e5832bc[39m
[35m[HTTP][39m [90m{}[39m
[35m[HTTP][39m [37m<-- GET /wd/hub/session/90835dff-94ee-4c27-8698-69a97e5832bc [39m[32m200[39m [90m4 ms - 1152[39m
[35m[HTTP][39m [90m[39m
[35m[HTTP][39m [37m-->[39m [37mGET[39m [37m/wd/hub/session/90835dff-94ee-4c27-8698-69a97e5832bc[39m
[35m[HTTP][39m [90m{}[39m
[35m[HTTP][39m [37m<-- GET /wd/hub/session/90835dff-94ee-4c27-8698-69a97e5832bc [39m[32m200[39m [90m7 ms - 1152[39m
[35m[HTTP][39m [90m[39m
[35m[HTTP][39m [37m-->[39m [37mGET[39m [37m/wd/hub/session/90835dff-94ee-4c27-8698-69a97e5832bc[39m
[35m[HTTP][39m [90m{}[39m
[35m[HTTP][39m [37m<-- GET /wd/hub/session/90835dff-94ee-4c27-8698-69a97e5832bc [39m[32m200[39m [90m4 ms - 1152[39m
[35m[HTTP][39m [90m[39m
[35m[HTTP][39m [37m-->[39m [37mGET[39m [37m/wd/hub/session/90835dff-94ee-4c27-8698-69a97e5832bc[39m
[35m[HTTP][39m [90m{}[39m
[35m[HTTP][39m [37m<-- GET /wd/hub/session/90835dff-94ee-4c27-8698-69a97e5832bc [39m[32m200[39m [90m2 ms - 1152[39m
[35m[HTTP][39m [90m[39m
[35m[HTTP][39m [37m-->[39m [37mGET[39m [37m/wd/hub/session/90835dff-94ee-4c27-8698-69a97e5832bc[39m
[35m[HTTP][39m [90m{}[39m
[35m[HTTP][39m [37m<-- GET /wd/hub/session/90835dff-94ee-4c27-8698-69a97e5832bc [39m[32m200[39m [90m2 ms - 1152[39m
[35m[HTTP][39m [90m[39m
[35m[HTTP][39m [37m-->[39m [37mGET[39m [37m/wd/hub/session/90835dff-94ee-4c27-8698-69a97e5832bc[39m
[35m[HTTP][39m [90m{}[39m
[35m[HTTP][39m [37m<-- GET /wd/hub/session/90835dff-94ee-4c27-8698-69a97e5832bc [39m[32m200[39m [90m2 ms - 1152[39m
[35m[HTTP][39m [90m[39m
[35m[HTTP][39m [37m-->[39m [37mGET[39m [37m/wd/hub/session/90835dff-94ee-4c27-8698-69a97e5832bc[39m
[35m[HTTP][39m [90m{}[39m
[35m[HTTP][39m [37m<-- GET /wd/hub/session/90835dff-94ee-4c27-8698-69a97e5832bc [39m[32m200[39m [90m3 ms - 1152[39m
[35m[HTTP][39m [90m[39m
[35m[HTTP][39m [37m-->[39m [37mGET[39m [37m/wd/hub/session/90835dff-94ee-4c27-8698-69a97e5832bc/element/19/location[39m
[35m[HTTP][39m [90m{}[39m
[35m[HTTP][39m [37m<-- GET /wd/hub/session/90835dff-94ee-4c27-8698-69a97e5832bc/element/19/location [39m[32m200[39m [90m404 ms - 87[39m
[35m[HTTP][39m [90m[39m
[35m[HTTP][39m [37m-->[39m [37mGET[39m [37m/wd/hub/session/90835dff-94ee-4c27-8698-69a97e5832bc/element/19/attribute/name[39m
[35m[HTTP][39m [90m{}[39m
[35m[HTTP][39m [37m<-- GET /wd/hub/session/90835dff-94ee-4c27-8698-69a97e5832bc/element/19/attribute/name [39m[32m200[39m [90m537 ms - 88[39m
[35m[HTTP][39m [90m[39m
[35m[HTTP][39m [37m-->[39m [37mGET[39m [37m/wd/hub/session/90835dff-94ee-4c27-8698-69a97e5832bc/window/current/size[39m
[35m[HTTP][39m [90m{}[39m
[35m[HTTP][39m [37m<-- GET /wd/hub/session/90835dff-94ee-4c27-8698-69a97e5832bc/window/current/size [39m[32m200[39m [90m10 ms - 99[39m
[35m[HTTP][39m [90m[39m
[35m[HTTP][39m [37m-->[39m [37mPOST[39m [37m/wd/hub/session/90835dff-94ee-4c27-8698-69a97e5832bc/elements[39m
[35m[HTTP][39m [90m{"using":"-android uiautomator","value":"new UiSelector().description(\"produkMenuItem\")"}[39m
[35m[HTTP][39m [37m<-- POST /wd/hub/session/90835dff-94ee-4c27-8698-69a97e5832bc/elements [39m[32m200[39m [90m5388 ms - 107[39m
[35m[HTTP][39m [90m[39m
[35m[HTTP][39m [37m-->[39m [37mGET[39m [37m/wd/hub/session/90835dff-94ee-4c27-8698-69a97e5832bc[39m
[35m[HTTP][39m [90m{}[39m
[35m[HTTP][39m [37m<-- GET /wd/hub/session/90835dff-94ee-4c27-8698-69a97e5832bc [39m[32m200[39m [90m8 ms - 1152[39m
[35m[HTTP][39m [90m[39m
[35m[HTTP][39m [37m-->[39m [37mGET[39m [37m/wd/hub/session/90835dff-94ee-4c27-8698-69a97e5832bc[39m
[35m[HTTP][39m [90m{}[39m
[35m[HTTP][39m [37m<-- GET /wd/hub/session/90835dff-94ee-4c27-8698-69a97e5832bc [39m[32m200[39m [90m8 ms - 1152[39m
[35m[HTTP][39m [90m[39m
[35m[HTTP][39m [37m-->[39m [37mGET[39m [37m/wd/hub/session/90835dff-94ee-4c27-8698-69a97e5832bc[39m
[35m[HTTP][39m [90m{}[39m
[35m[HTTP][39m [37m<-- GET /wd/hub/session/90835dff-94ee-4c27-8698-69a97e5832bc [39m[32m200[39m [90m8 ms - 1152[39m
[35m[HTTP][39m [90m[39m
[35m[HTTP][39m [37m-->[39m [37mGET[39m [37m/wd/hub/session/90835dff-94ee-4c27-8698-69a97e5832bc[39m
[35m[HTTP][39m [90m{}[39m
[35m[HTTP][39m [37m<-- GET /wd/hub/session/90835dff-94ee-4c27-8698-69a97e5832bc [39m[32m200[39m [90m4 ms - 1152[39m
[35m[HTTP][39m [90m[39m
[35m[HTTP][39m [37m-->[39m [37mGET[39m [37m/wd/hub/session/90835dff-94ee-4c27-8698-69a97e5832bc[39m
[35m[HTTP][39m [90m{}[39m
[35m[HTTP][39m [37m<-- GET /wd/hub/session/90835dff-94ee-4c27-8698-69a97e5832bc [39m[32m200[39m [90m6 ms - 1152[39m
[35m[HTTP][39m [90m[39m
[35m[HTTP][39m [37m-->[39m [37mGET[39m [37m/wd/hub/session/90835dff-94ee-4c27-8698-69a97e5832bc[39m
[35m[HTTP][39m [90m{}[39m
[35m[HTTP][39m [37m<-- GET /wd/hub/session/90835dff-94ee-4c27-8698-69a97e5832bc [39m[32m200[39m [90m3 ms - 1152[39m
[35m[HTTP][39m [90m[39m
[35m[HTTP][39m [37m-->[39m [37mGET[39m [37m/wd/hub/session/90835dff-94ee-4c27-8698-69a97e5832bc[39m
[35m[HTTP][39m [90m{}[39m
[35m[HTTP][39m [37m<-- GET /wd/hub/session/90835dff-94ee-4c27-8698-69a97e5832bc [39m[32m200[39m [90m3 ms - 1152[39m
[35m[HTTP][39m [90m[39m
[35m[HTTP][39m [37m-->[39m [37mGET[39m [37m/wd/hub/session/90835dff-94ee-4c27-8698-69a97e5832bc[39m
[35m[HTTP][39m [90m{}[39m
[35m[HTTP][39m [37m<-- GET /wd/hub/session/90835dff-94ee-4c27-8698-69a97e5832bc [39m[32m200[39m [90m4 ms - 1152[39m
[35m[HTTP][39m [90m[39m
[35m[HTTP][39m [37m-->[39m [37mGET[39m [37m/wd/hub/session/90835dff-94ee-4c27-8698-69a97e5832bc/element/21/location[39m
[35m[HTTP][39m [90m{}[39m
[35m[HTTP][39m [37m<-- GET /wd/hub/session/90835dff-94ee-4c27-8698-69a97e5832bc/element/21/location [39m[32m200[39m [90m955 ms - 87[39m
[35m[HTTP][39m [90m[39m
[35m[HTTP][39m [37m-->[39m [37mPOST[39m [37m/wd/hub/session/90835dff-94ee-4c27-8698-69a97e5832bc/touch/perform[39m
[35m[HTTP][39m [90m{"actions":[{"action":"tap","options":{"element":"21","x":1,"y":1}}]}[39m
[35m[HTTP][39m [37m<-- POST /wd/hub/session/90835dff-94ee-4c27-8698-69a97e5832bc/touch/perform [39m[32m200[39m [90m1869 ms - 76[39m
[35m[HTTP][39m [90m[39m
[35m[HTTP][39m [37m-->[39m [37mGET[39m [37m/wd/hub/session/90835dff-94ee-4c27-8698-69a97e5832bc/window/current/size[39m
[35m[HTTP][39m [90m{}[39m
[35m[HTTP][39m [37m<-- GET /wd/hub/session/90835dff-94ee-4c27-8698-69a97e5832bc/window/current/size [39m[32m200[39m [90m13 ms - 99[39m
[35m[HTTP][39m [90m[39m
[35m[HTTP][39m [37m-->[39m [37mPOST[39m [37m/wd/hub/session/90835dff-94ee-4c27-8698-69a97e5832bc/elements[39m
[35m[HTTP][39m [90m{"using":"-android uiautomator","value":"new UiSelector().description(\"headerBar_text_headerTitle\").text(\"Produk\")"}[39m
[35m[HTTP][39m [37m<-- POST /wd/hub/session/90835dff-94ee-4c27-8698-69a97e5832bc/elements [39m[32m200[39m [90m3252 ms - 90[39m
[35m[HTTP][39m [90m[39m
[35m[HTTP][39m [37m-->[39m [37mGET[39m [37m/wd/hub/session/90835dff-94ee-4c27-8698-69a97e5832bc[39m
[35m[HTTP][39m [90m{}[39m
[35m[HTTP][39m [37m<-- GET /wd/hub/session/90835dff-94ee-4c27-8698-69a97e5832bc [39m[32m200[39m [90m8 ms - 1152[39m
[35m[HTTP][39m [90m[39m
[35m[HTTP][39m [37m-->[39m [37mGET[39m [37m/wd/hub/session/90835dff-94ee-4c27-8698-69a97e5832bc[39m
[35m[HTTP][39m [90m{}[39m
[35m[HTTP][39m [37m<-- GET /wd/hub/session/90835dff-94ee-4c27-8698-69a97e5832bc [39m[32m200[39m [90m4 ms - 1152[39m
[35m[HTTP][39m [90m[39m
[35m[HTTP][39m [37m-->[39m [37mGET[39m [37m/wd/hub/session/90835dff-94ee-4c27-8698-69a97e5832bc[39m
[35m[HTTP][39m [90m{}[39m
[35m[HTTP][39m [37m<-- GET /wd/hub/session/90835dff-94ee-4c27-8698-69a97e5832bc [39m[32m200[39m [90m5 ms - 1152[39m
[35m[HTTP][39m [90m[39m
[35m[HTTP][39m [37m-->[39m [37mGET[39m [37m/wd/hub/session/90835dff-94ee-4c27-8698-69a97e5832bc[39m
[35m[HTTP][39m [90m{}[39m
[35m[HTTP][39m [37m<-- GET /wd/hub/session/90835dff-94ee-4c27-8698-69a97e5832bc [39m[32m200[39m [90m3 ms - 1152[39m
[35m[HTTP][39m [90m[39m
[35m[HTTP][39m [37m-->[39m [37mGET[39m [37m/wd/hub/session/90835dff-94ee-4c27-8698-69a97e5832bc/element/23/location[39m
[35m[HTTP][39m [90m{}[39m
[35m[HTTP][39m [37m<-- GET /wd/hub/session/90835dff-94ee-4c27-8698-69a97e5832bc/element/23/location [39m[32m200[39m [90m498 ms - 88[39m
[35m[HTTP][39m [90m[39m
[35m[HTTP][39m [37m-->[39m [37mGET[39m [37m/wd/hub/session/90835dff-94ee-4c27-8698-69a97e5832bc/element/23/displayed[39m
[35m[HTTP][39m [90m{}[39m
[35m[HTTP][39m [37m<-- GET /wd/hub/session/90835dff-94ee-4c27-8698-69a97e5832bc/element/23/displayed [39m[32m200[39m [90m1214 ms - 76[39m
[35m[HTTP][39m [90m[39m
[35m[HTTP][39m [37m-->[39m [37mGET[39m [37m/wd/hub/session/90835dff-94ee-4c27-8698-69a97e5832bc/window/current/size[39m
[35m[HTTP][39m [90m{}[39m
[35m[HTTP][39m [37m<-- GET /wd/hub/session/90835dff-94ee-4c27-8698-69a97e5832bc/window/current/size [39m[32m200[39m [90m11 ms - 99[39m
[35m[HTTP][39m [90m[39m
[35m[HTTP][39m [37m-->[39m [37mPOST[39m [37m/wd/hub/session/90835dff-94ee-4c27-8698-69a97e5832bc/elements[39m
[35m[HTTP][39m [90m{"using":"-android uiautomator","value":"new UiSelector().description(\"productListComponent_button_addProduct\")"}[39m
[35m[HTTP][39m [37m<-- POST /wd/hub/session/90835dff-94ee-4c27-8698-69a97e5832bc/elements [39m[32m200[39m [90m1122 ms - 90[39m
[35m[HTTP][39m [90m[39m
[35m[HTTP][39m [37m-->[39m [37mGET[39m [37m/wd/hub/session/90835dff-94ee-4c27-8698-69a97e5832bc[39m
[35m[HTTP][39m [90m{}[39m
[35m[HTTP][39m [37m<-- GET /wd/hub/session/90835dff-94ee-4c27-8698-69a97e5832bc [39m[32m200[39m [90m5 ms - 1152[39m
[35m[HTTP][39m [90m[39m
[35m[HTTP][39m [37m-->[39m [37mGET[39m [37m/wd/hub/session/90835dff-94ee-4c27-8698-69a97e5832bc[39m
[35m[HTTP][39m [90m{}[39m
[35m[HTTP][39m [37m<-- GET /wd/hub/session/90835dff-94ee-4c27-8698-69a97e5832bc [39m[32m200[39m [90m5 ms - 1152[39m
[35m[HTTP][39m [90m[39m
[35m[HTTP][39m [37m-->[39m [37mGET[39m [37m/wd/hub/session/90835dff-94ee-4c27-8698-69a97e5832bc[39m
[35m[HTTP][39m [90m{}[39m
[35m[HTTP][39m [37m<-- GET /wd/hub/session/90835dff-94ee-4c27-8698-69a97e5832bc [39m[32m200[39m [90m4 ms - 1152[39m
[35m[HTTP][39m [90m[39m
[35m[HTTP][39m [37m-->[39m [37mGET[39m [37m/wd/hub/session/90835dff-94ee-4c27-8698-69a97e5832bc[39m
[35m[HTTP][39m [90m{}[39m
[35m[HTTP][39m [37m<-- GET /wd/hub/session/90835dff-94ee-4c27-8698-69a97e5832bc [39m[32m200[39m [90m3 ms - 1152[39m
[35m[HTTP][39m [90m[39m
[35m[HTTP][39m [37m-->[39m [37mGET[39m [37m/wd/hub/session/90835dff-94ee-4c27-8698-69a97e5832bc/element/24/location[39m
[35m[HTTP][39m [90m{}[39m
[35m[HTTP][39m [37m<-- GET /wd/hub/session/90835dff-94ee-4c27-8698-69a97e5832bc/element/24/location [39m[32m200[39m [90m479 ms - 89[39m
[35m[HTTP][39m [90m[39m
[35m[HTTP][39m [37m-->[39m [37mGET[39m [37m/wd/hub/session/90835dff-94ee-4c27-8698-69a97e5832bc/window/current/size[39m
[35m[HTTP][39m [90m{}[39m
[35m[HTTP][39m [37m<-- GET /wd/hub/session/90835dff-94ee-4c27-8698-69a97e5832bc/window/current/size [39m[32m200[39m [90m13 ms - 99[39m
[35m[HTTP][39m [90m[39m
[35m[HTTP][39m [37m-->[39m [37mPOST[39m [37m/wd/hub/session/90835dff-94ee-4c27-8698-69a97e5832bc/elements[39m
[35m[HTTP][39m [90m{"using":"-android uiautomator","value":"new UiSelector().description(\"productListComponent_button_addProduct\")"}[39m
[35m[HTTP][39m [37m<-- POST /wd/hub/session/90835dff-94ee-4c27-8698-69a97e5832bc/elements [39m[32m200[39m [90m2898 ms - 90[39m
[35m[HTTP][39m [90m[39m
[35m[HTTP][39m [37m-->[39m [37mGET[39m [37m/wd/hub/session/90835dff-94ee-4c27-8698-69a97e5832bc[39m
[35m[HTTP][39m [90m{}[39m
[35m[HTTP][39m [37m<-- GET /wd/hub/session/90835dff-94ee-4c27-8698-69a97e5832bc [39m[32m200[39m [90m8 ms - 1152[39m
[35m[HTTP][39m [90m[39m
[35m[HTTP][39m [37m-->[39m [37mGET[39m [37m/wd/hub/session/90835dff-94ee-4c27-8698-69a97e5832bc[39m
[35m[HTTP][39m [90m{}[39m
[35m[HTTP][39m [37m<-- GET /wd/hub/session/90835dff-94ee-4c27-8698-69a97e5832bc [39m[32m200[39m [90m8 ms - 1152[39m
[35m[HTTP][39m [90m[39m
[35m[HTTP][39m [37m-->[39m [37mGET[39m [37m/wd/hub/session/90835dff-94ee-4c27-8698-69a97e5832bc[39m
[35m[HTTP][39m [90m{}[39m
[35m[HTTP][39m [37m<-- GET /wd/hub/session/90835dff-94ee-4c27-8698-69a97e5832bc [39m[32m200[39m [90m5 ms - 1152[39m
[35m[HTTP][39m [90m[39m
[35m[HTTP][39m [37m-->[39m [37mGET[39m [37m/wd/hub/session/90835dff-94ee-4c27-8698-69a97e5832bc[39m
[35m[HTTP][39m [90m{}[39m
[35m[HTTP][39m [37m<-- GET /wd/hub/session/90835dff-94ee-4c27-8698-69a97e5832bc [39m[32m200[39m [90m4 ms - 1152[39m
[35m[HTTP][39m [90m[39m
[35m[HTTP][39m [37m-->[39m [37mGET[39m [37m/wd/hub/session/90835dff-94ee-4c27-8698-69a97e5832bc/element/25/location[39m
[35m[HTTP][39m [90m{}[39m
[35m[HTTP][39m [37m<-- GET /wd/hub/session/90835dff-94ee-4c27-8698-69a97e5832bc/element/25/location [39m[32m200[39m [90m482 ms - 89[39m
[35m[HTTP][39m [90m[39m
[35m[HTTP][39m [37m-->[39m [37mGET[39m [37m/wd/hub/session/90835dff-94ee-4c27-8698-69a97e5832bc/element/25/attribute/name[39m
[35m[HTTP][39m [90m{}[39m
[35m[HTTP][39m [37m<-- GET /wd/hub/session/90835dff-94ee-4c27-8698-69a97e5832bc/element/25/attribute/name [39m[32m200[39m [90m534 ms - 112[39m
[35m[HTTP][39m [90m[39m
[35m[HTTP][39m [37m-->[39m [37mGET[39m [37m/wd/hub/session/90835dff-94ee-4c27-8698-69a97e5832bc/window/current/size[39m
[35m[HTTP][39m [90m{}[39m
[35m[HTTP][39m [37m<-- GET /wd/hub/session/90835dff-94ee-4c27-8698-69a97e5832bc/window/current/size [39m[32m200[39m [90m10 ms - 99[39m
[35m[HTTP][39m [90m[39m
[35m[HTTP][39m [37m-->[39m [37mPOST[39m [37m/wd/hub/session/90835dff-94ee-4c27-8698-69a97e5832bc/elements[39m
[35m[HTTP][39m [90m{"using":"-android uiautomator","value":"new UiSelector().description(\"productListComponent_button_addProduct\")"}[39m
[35m[HTTP][39m [37m<-- POST /wd/hub/session/90835dff-94ee-4c27-8698-69a97e5832bc/elements [39m[32m200[39m [90m2905 ms - 90[39m
[35m[HTTP][39m [90m[39m
[35m[HTTP][39m [37m-->[39m [37mGET[39m [37m/wd/hub/session/90835dff-94ee-4c27-8698-69a97e5832bc[39m
[35m[HTTP][39m [90m{}[39m
[35m[HTTP][39m [37m<-- GET /wd/hub/session/90835dff-94ee-4c27-8698-69a97e5832bc [39m[32m200[39m [90m7 ms - 1152[39m
[35m[HTTP][39m [90m[39m
[35m[HTTP][39m [37m-->[39m [37mGET[39m [37m/wd/hub/session/90835dff-94ee-4c27-8698-69a97e5832bc[39m
[35m[HTTP][39m [90m{}[39m
[35m[HTTP][39m [37m<-- GET /wd/hub/session/90835dff-94ee-4c27-8698-69a97e5832bc [39m[32m200[39m [90m10 ms - 1152[39m
[35m[HTTP][39m [90m[39m
[35m[HTTP][39m [37m-->[39m [37mGET[39m [37m/wd/hub/session/90835dff-94ee-4c27-8698-69a97e5832bc[39m
[35m[HTTP][39m [90m{}[39m
[35m[HTTP][39m [37m<-- GET /wd/hub/session/90835dff-94ee-4c27-8698-69a97e5832bc [39m[32m200[39m [90m5 ms - 1152[39m
[35m[HTTP][39m [90m[39m
[35m[HTTP][39m [37m-->[39m [37mGET[39m [37m/wd/hub/session/90835dff-94ee-4c27-8698-69a97e5832bc[39m
[35m[HTTP][39m [90m{}[39m
[35m[HTTP][39m [37m<-- GET /wd/hub/session/90835dff-94ee-4c27-8698-69a97e5832bc [39m[32m200[39m [90m4 ms - 1152[39m
[35m[HTTP][39m [90m[39m
[35m[HTTP][39m [37m-->[39m [37mGET[39m [37m/wd/hub/session/90835dff-94ee-4c27-8698-69a97e5832bc/element/26/location[39m
[35m[HTTP][39m [90m{}[39m
[35m[HTTP][39m [37m<-- GET /wd/hub/session/90835dff-94ee-4c27-8698-69a97e5832bc/element/26/location [39m[32m200[39m [90m431 ms - 89[39m
[35m[HTTP][39m [90m[39m
[35m[HTTP][39m [37m-->[39m [37mPOST[39m [37m/wd/hub/session/90835dff-94ee-4c27-8698-69a97e5832bc/touch/perform[39m
[35m[HTTP][39m [90m{"actions":[{"action":"tap","options":{"element":"26","x":1,"y":1}}]}[39m
[35m[HTTP][39m [37m<-- POST /wd/hub/session/90835dff-94ee-4c27-8698-69a97e5832bc/touch/perform [39m[32m200[39m [90m3674 ms - 76[39m
[35m[HTTP][39m [90m[39m
[35m[HTTP][39m [37m-->[39m [37mGET[39m [37m/wd/hub/session/90835dff-94ee-4c27-8698-69a97e5832bc/window/current/size[39m
[35m[HTTP][39m [90m{}[39m
[35m[HTTP][39m [37m<-- GET /wd/hub/session/90835dff-94ee-4c27-8698-69a97e5832bc/window/current/size [39m[32m200[39m [90m18 ms - 99[39m
[35m[HTTP][39m [90m[39m
[35m[HTTP][39m [37m-->[39m [37mPOST[39m [37m/wd/hub/session/90835dff-94ee-4c27-8698-69a97e5832bc/elements[39m
[35m[HTTP][39m [90m{"using":"-android uiautomator","value":"new UiSelector().description(\"input_anumberpicker\")"}[39m
[35m[HTTP][39m [37m<-- POST /wd/hub/session/90835dff-94ee-4c27-8698-69a97e5832bc/elements [39m[32m200[39m [90m3280 ms - 90[39m
[35m[HTTP][39m [90m[39m
[35m[HTTP][39m [37m-->[39m [37mGET[39m [37m/wd/hub/session/90835dff-94ee-4c27-8698-69a97e5832bc[39m
[35m[HTTP][39m [90m{}[39m
[35m[HTTP][39m [37m<-- GET /wd/hub/session/90835dff-94ee-4c27-8698-69a97e5832bc [39m[32m200[39m [90m7 ms - 1152[39m
[35m[HTTP][39m [90m[39m
[35m[HTTP][39m [37m-->[39m [37mGET[39m [37m/wd/hub/session/90835dff-94ee-4c27-8698-69a97e5832bc[39m
[35m[HTTP][39m [90m{}[39m
[35m[HTTP][39m [37m<-- GET /wd/hub/session/90835dff-94ee-4c27-8698-69a97e5832bc [39m[32m200[39m [90m4 ms - 1152[39m
[35m[HTTP][39m [90m[39m
[35m[HTTP][39m [37m-->[39m [37mGET[39m [37m/wd/hub/session/90835dff-94ee-4c27-8698-69a97e5832bc[39m
[35m[HTTP][39m [90m{}[39m
[35m[HTTP][39m [37m<-- GET /wd/hub/session/90835dff-94ee-4c27-8698-69a97e5832bc [39m[32m200[39m [90m5 ms - 1152[39m
[35m[HTTP][39m [90m[39m
[35m[HTTP][39m [37m-->[39m [37mGET[39m [37m/wd/hub/session/90835dff-94ee-4c27-8698-69a97e5832bc[39m
[35m[HTTP][39m [90m{}[39m
[35m[HTTP][39m [37m<-- GET /wd/hub/session/90835dff-94ee-4c27-8698-69a97e5832bc [39m[32m200[39m [90m4 ms - 1152[39m
[35m[HTTP][39m [90m[39m
[35m[HTTP][39m [37m-->[39m [37mGET[39m [37m/wd/hub/session/90835dff-94ee-4c27-8698-69a97e5832bc/element/27/location[39m
[35m[HTTP][39m [90m{}[39m
[35m[HTTP][39m [37m<-- GET /wd/hub/session/90835dff-94ee-4c27-8698-69a97e5832bc/element/27/location [39m[32m200[39m [90m447 ms - 89[39m
[35m[HTTP][39m [90m[39m
[35m[HTTP][39m [37m-->[39m [37mGET[39m [37m/wd/hub/session/90835dff-94ee-4c27-8698-69a97e5832bc/window/current/size[39m
[35m[HTTP][39m [90m{}[39m
[35m[HTTP][39m [37m<-- GET /wd/hub/session/90835dff-94ee-4c27-8698-69a97e5832bc/window/current/size [39m[32m200[39m [90m9 ms - 99[39m
[35m[HTTP][39m [90m[39m
[35m[HTTP][39m [37m-->[39m [37mPOST[39m [37m/wd/hub/session/90835dff-94ee-4c27-8698-69a97e5832bc/elements[39m
[35m[HTTP][39m [90m{"using":"-android uiautomator","value":"new UiSelector().description(\"input_anumberpicker\")"}[39m
[35m[HTTP][39m [37m<-- POST /wd/hub/session/90835dff-94ee-4c27-8698-69a97e5832bc/elements [39m[32m200[39m [90m3493 ms - 90[39m
[35m[HTTP][39m [90m[39m
[35m[HTTP][39m [37m-->[39m [37mGET[39m [37m/wd/hub/session/90835dff-94ee-4c27-8698-69a97e5832bc[39m
[35m[HTTP][39m [90m{}[39m
[35m[HTTP][39m [37m<-- GET /wd/hub/session/90835dff-94ee-4c27-8698-69a97e5832bc [39m[32m200[39m [90m10 ms - 1152[39m
[35m[HTTP][39m [90m[39m
[35m[HTTP][39m [37m-->[39m [37mGET[39m [37m/wd/hub/session/90835dff-94ee-4c27-8698-69a97e5832bc[39m
[35m[HTTP][39m [90m{}[39m
[35m[HTTP][39m [37m<-- GET /wd/hub/session/90835dff-94ee-4c27-8698-69a97e5832bc [39m[32m200[39m [90m5 ms - 1152[39m
[35m[HTTP][39m [90m[39m
[35m[HTTP][39m [37m-->[39m [37mGET[39m [37m/wd/hub/session/90835dff-94ee-4c27-8698-69a97e5832bc[39m
[35m[HTTP][39m [90m{}[39m
[35m[HTTP][39m [37m<-- GET /wd/hub/session/90835dff-94ee-4c27-8698-69a97e5832bc [39m[32m200[39m [90m4 ms - 1152[39m
[35m[HTTP][39m [90m[39m
[35m[HTTP][39m [37m-->[39m [37mGET[39m [37m/wd/hub/session/90835dff-94ee-4c27-8698-69a97e5832bc[39m
[35m[HTTP][39m [90m{}[39m
[35m[HTTP][39m [37m<-- GET /wd/hub/session/90835dff-94ee-4c27-8698-69a97e5832bc [39m[32m200[39m [90m4 ms - 1152[39m
[35m[HTTP][39m [90m[39m
[35m[HTTP][39m [37m-->[39m [37mGET[39m [37m/wd/hub/session/90835dff-94ee-4c27-8698-69a97e5832bc/element/28/location[39m
[35m[HTTP][39m [90m{}[39m
[35m[HTTP][39m [37m<-- GET /wd/hub/session/90835dff-94ee-4c27-8698-69a97e5832bc/element/28/location [39m[32m200[39m [90m438 ms - 89[39m
[35m[HTTP][39m [90m[39m
[35m[HTTP][39m [37m-->[39m [37mGET[39m [37m/wd/hub/session/90835dff-94ee-4c27-8698-69a97e5832bc/element/28/attribute/name[39m
[35m[HTTP][39m [90m{}[39m
[35m[HTTP][39m [37m<-- GET /wd/hub/session/90835dff-94ee-4c27-8698-69a97e5832bc/element/28/attribute/name [39m[32m200[39m [90m559 ms - 93[39m
[35m[HTTP][39m [90m[39m
[35m[HTTP][39m [37m-->[39m [37mGET[39m [37m/wd/hub/session/90835dff-94ee-4c27-8698-69a97e5832bc/window/current/size[39m
[35m[HTTP][39m [90m{}[39m
[35m[HTTP][39m [37m<-- GET /wd/hub/session/90835dff-94ee-4c27-8698-69a97e5832bc/window/current/size [39m[32m200[39m [90m11 ms - 99[39m
[35m[HTTP][39m [90m[39m
[35m[HTTP][39m [37m-->[39m [37mPOST[39m [37m/wd/hub/session/90835dff-94ee-4c27-8698-69a97e5832bc/elements[39m
[35m[HTTP][39m [90m{"using":"-android uiautomator","value":"new UiSelector().description(\"productListComponent_textInput_search\")"}[39m
[35m[HTTP][39m [37m<-- POST /wd/hub/session/90835dff-94ee-4c27-8698-69a97e5832bc/elements [39m[32m200[39m [90m1616 ms - 74[39m
[35m[HTTP][39m [90m[39m
[35m[HTTP][39m [37m-->[39m [37mPOST[39m [37m/wd/hub/session/90835dff-94ee-4c27-8698-69a97e5832bc/elements[39m
[35m[HTTP][39m [90m{"using":"-android uiautomator","value":"new UiSelector().description(\"productListComponent_textInput_search\")"}[39m
[35m[HTTP][39m [37m<-- POST /wd/hub/session/90835dff-94ee-4c27-8698-69a97e5832bc/elements [39m[32m200[39m [90m1040 ms - 74[39m
[35m[HTTP][39m [90m[39m
[35m[HTTP][39m [37m-->[39m [37mPOST[39m [37m/wd/hub/session/90835dff-94ee-4c27-8698-69a97e5832bc/elements[39m
[35m[HTTP][39m [90m{"using":"-android uiautomator","value":"new UiSelector().description(\"productListComponent_textInput_search\")"}[39m
[35m[HTTP][39m [37m<-- POST /wd/hub/session/90835dff-94ee-4c27-8698-69a97e5832bc/elements [39m[32m200[39m [90m4725 ms - 74[39m
[35m[HTTP][39m [90m[39m
[35m[HTTP][39m [37m-->[39m [37mGET[39m [37m/wd/hub/session/90835dff-94ee-4c27-8698-69a97e5832bc/window/current/size[39m
[35m[HTTP][39m [90m{}[39m
[35m[HTTP][39m [37m<-- GET /wd/hub/session/90835dff-94ee-4c27-8698-69a97e5832bc/window/current/size [39m[32m200[39m [90m11 ms - 99[39m
[35m[HTTP][39m [90m[39m
[35m[HTTP][39m [37m-->[39m [37mPOST[39m [37m/wd/hub/session/90835dff-94ee-4c27-8698-69a97e5832bc/elements[39m
[35m[HTTP][39m [90m{"using":"-android uiautomator","value":"new UiSelector().description(\"productListComponent_textInput_search\")"}[39m
[35m[HTTP][39m [37m<-- POST /wd/hub/session/90835dff-94ee-4c27-8698-69a97e5832bc/elements [39m[32m200[39m [90m2686 ms - 74[39m
[35m[HTTP][39m [90m[39m
[35m[HTTP][39m [37m-->[39m [37mGET[39m [37m/wd/hub/session/90835dff-94ee-4c27-8698-69a97e5832bc/window/current/size[39m
[35m[HTTP][39m [90m{}[39m
[35m[HTTP][39m [37m<-- GET /wd/hub/session/90835dff-94ee-4c27-8698-69a97e5832bc/window/current/size [39m[32m200[39m [90m8 ms - 99[39m
[35m[HTTP][39m [90m[39m
[35m[HTTP][39m [37m-->[39m [37mPOST[39m [37m/wd/hub/session/90835dff-94ee-4c27-8698-69a97e5832bc/elements[39m
[35m[HTTP][39m [90m{"using":"-android uiautomator","value":"new UiSelector().description(\"productListComponent_textInput_search\")"}[39m
[35m[HTTP][39m [37m<-- POST /wd/hub/session/90835dff-94ee-4c27-8698-69a97e5832bc/elements [39m[32m-[39m [90m- ms - -[39m
[35m[HTTP][39m [90m[39m
