[35m[Appium][39m Welcome to Appium v1.8.1
[35m[Appium][39m Non-default server args:
[35m[Appium][39m   port: 52802
[35m[Appium][39m   loglevel: info
[35m[Appium][39m   chromeDriverPort: 52804
[35m[Appium][39m   tmpDir: C:\Users\AV2017~2\AppData\Local\Temp\\Katalon\Appium\Temp1536736270636
[35m[Appium][39m Appium REST http interface listener started on 0.0.0.0:52802
[35m[HTTP][39m [37m-->[39m [37mGET[39m [37m/wd/hub/status[39m
[35m[HTTP][39m [90m{}[39m
[35m[HTTP][39m [37m<-- GET /wd/hub/status [39m[32m200[39m [90m287 ms - 83[39m
[35m[HTTP][39m [90m[39m
[35m[HTTP][39m [37m-->[39m [37mPOST[39m [37m/wd/hub/session[39m
[35m[HTTP][39m [90m{"desiredCapabilities":{"app":"C:\\Users\\AV2017005903\\Documents\\apollo-automation\\7 September.apk","appWaitActivity":"com.*","autoGrantPermissions":true,"deviceId":"6e4df14","deviceName":"OPPO A37f (Android 5.1.1)","fullReset":true,"newCommandTimeout":1800,"noReset":false,"platform":"ANDROID","platformName":"Android","udid":"6e4df14"},"capabilities":{"desiredCapabilities":{"app":"C:\\Users\\AV2017005903\\Documents\\apollo-automation\\7 September.apk","appWaitActivity":"com.*","autoGrantPermissions":true,"deviceId":"6e4df14","deviceName":"OPPO A37f (Android 5.1.1)","fullReset":true,"newCommandTimeout":1800,"noReset":false,"platform":"ANDROID","platformName":"Android","udid":"6e4df14"},"firstMatch":[{"platformName":"android"}]}}[39m
[35m[Appium][39m Could not parse W3C capabilities: 'deviceName' can't be blank. Falling back to JSONWP protocol.
[35m[Appium][39m The following capabilities were provided in the JSONWP desired capabilities that are missing in W3C capabilities: ["app","appWaitActivity","autoGrantPermissions","deviceId","deviceName","fullReset","newCommandTimeout","noReset","platform","platformName","udid"]. Falling back to JSONWP protocol.
[35m[Appium][39m Creating new AndroidDriver (v2.7.0) session
[35m[Appium][39m Capabilities:
[35m[Appium][39m   app: C:\Users\AV2017005903\Documents\apollo-automation\7 September.apk
[35m[Appium][39m   appWaitActivity: com.*
[35m[Appium][39m   autoGrantPermissions: true
[35m[Appium][39m   deviceId: 6e4df14
[35m[Appium][39m   deviceName: OPPO A37f (Android 5.1.1)
[35m[Appium][39m   fullReset: true
[35m[Appium][39m   newCommandTimeout: 1800
[35m[Appium][39m   noReset: false
[35m[Appium][39m   platform: ANDROID
[35m[Appium][39m   platformName: Android
[35m[Appium][39m   udid: 6e4df14
[35m[BaseDriver][39m The following capabilities were provided, but are not recognized by appium: deviceId, platform.
[35m[BaseDriver][39m Session created with session id: 2141866d-b69c-435a-bd10-07a68afb79e5
[35m[AndroidDriver][39m Java version is: 1.8.0_181
[35m[ADB][39m Checking whether adb is present
[35m[ADB][39m Found 1 'build-tools' folders under 'C:\Users\AV2017005903\.katalon\tools\android_sdk' (newest first):
[35m[ADB][39m     C:/Users/AV2017005903/.katalon/tools/android_sdk/build-tools/28.0.0
[35m[ADB][39m Using adb.exe from C:\Users\AV2017005903\.katalon\tools\android_sdk\platform-tools\adb.exe
[35m[AndroidDriver][39m Retrieving device list
[35m[AndroidDriver][39m Using device: 6e4df14
[35m[BaseDriver][39m Using local app 'C:\Users\AV2017005903\Documents\apollo-automation\7 September.apk'
[35m[AndroidDriver][39m Starting Android session
[35m[ADB][39m Checking whether aapt is present
[35m[ADB][39m Using aapt.exe from C:\Users\AV2017005903\.katalon\tools\android_sdk\build-tools\28.0.0\aapt.exe
[35m[AndroidDriver][39m setDeviceLanguageCountry requires language or country.
[35m[AndroidDriver][39m Got language: 'null' and country: 'null'
[35m[ADB][39m Getting device platform version
[35m[ADB][39m Using the alternative activity name detection method because of: Could not find apkanalyzer.bat in C:\Users\AV2017005903\.katalon\tools\android_sdk\platform-tools\apkanalyzer.bat,C:\Users\AV2017005903\.katalon\tools\android_sdk\emulator\apkanalyzer.bat,C:\Users\AV2017005903\.katalon\tools\android_sdk\tools\apkanalyzer.bat,C:\Users\AV2017005903\.katalon\tools\android_sdk\tools\bin\apkanalyzer.bat,C:\Users\AV2017005903\.katalon\tools\android_sdk\build-tools\28.0.0\apkanalyzer.bat. Do you have the Android SDK installed at 'C:\Users\AV2017005903\.katalon\tools\android_sdk'?
[35m[ADB][39m Extracting package and launch activity from manifest
[35m[ADB][39m Package name: 'com.btpn.appbisnis.sit'
[35m[ADB][39m Main activity name: 'com.btpn_mpos_rn.react_bridging.splash.SplashActivity'
[35m[ADB][39m com.btpn.appbisnis.sit was successfully uninstalled
[35m[HTTP][39m [37m<-- POST /wd/hub/session [39m[32m-[39m [90m- ms - -[39m
[35m[HTTP][39m [90m[39m
[35m[ADB][39m Successfully extracted 953 strings from 'C:\Users\AV2017005903\Documents\apollo-automation\7 September.apk' resources for '(default)' configuration
[35m[ADB][39m No uiautomator process found to kill, continuing...
[35m[AndroidBootstrap][39m Android bootstrap socket is now connected
[35m[AndroidDriver][39m Screen already unlocked, doing nothing
[35m[Appium][39m New AndroidDriver session created successfully, session 2141866d-b69c-435a-bd10-07a68afb79e5 added to master session list
