[35m[Appium][39m Welcome to Appium v1.8.1
[35m[Appium][39m Non-default server args:
[35m[Appium][39m   port: 55710
[35m[Appium][39m   loglevel: info
[35m[Appium][39m   chromeDriverPort: 55712
[35m[Appium][39m   tmpDir: C:\Users\AV2017~2\AppData\Local\Temp\\Katalon\Appium\Temp1536301718501
[35m[Appium][39m Appium REST http interface listener started on 0.0.0.0:55710
[35m[HTTP][39m [37m-->[39m [37mGET[39m [37m/wd/hub/status[39m
[35m[HTTP][39m [90m{}[39m
[35m[HTTP][39m [37m<-- GET /wd/hub/status [39m[32m200[39m [90m80 ms - 83[39m
[35m[HTTP][39m [90m[39m
[35m[HTTP][39m [37m-->[39m [37mPOST[39m [37m/wd/hub/session[39m
[35m[HTTP][39m [90m{"desiredCapabilities":{"app":"C:\\Users\\AV2017005903\\Documents\\apollo-automation\\7 September.apk","appWaitActivity":"com.*","autoGrantPermissions":true,"deviceId":"6e4df14","deviceName":"OPPO A37f (Android 5.1.1)","fullReset":true,"newCommandTimeout":1800,"noReset":false,"platform":"ANDROID","platformName":"Android","udid":"6e4df14"},"capabilities":{"desiredCapabilities":{"app":"C:\\Users\\AV2017005903\\Documents\\apollo-automation\\7 September.apk","appWaitActivity":"com.*","autoGrantPermissions":true,"deviceId":"6e4df14","deviceName":"OPPO A37f (Android 5.1.1)","fullReset":true,"newCommandTimeout":1800,"noReset":false,"platform":"ANDROID","platformName":"Android","udid":"6e4df14"},"firstMatch":[{"platformName":"android"}]}}[39m
[35m[Appium][39m Could not parse W3C capabilities: 'deviceName' can't be blank. Falling back to JSONWP protocol.
[35m[Appium][39m The following capabilities were provided in the JSONWP desired capabilities that are missing in W3C capabilities: ["app","appWaitActivity","autoGrantPermissions","deviceId","deviceName","fullReset","newCommandTimeout","noReset","platform","platformName","udid"]. Falling back to JSONWP protocol.
[35m[Appium][39m Creating new AndroidDriver (v2.7.0) session
[35m[Appium][39m Capabilities:
[35m[Appium][39m   app: C:\Users\AV2017005903\Documents\apollo-automation\7 September.apk
[35m[Appium][39m   appWaitActivity: com.*
[35m[Appium][39m   autoGrantPermissions: true
[35m[Appium][39m   deviceId: 6e4df14
[35m[Appium][39m   deviceName: OPPO A37f (Android 5.1.1)
[35m[Appium][39m   fullReset: true
[35m[Appium][39m   newCommandTimeout: 1800
[35m[Appium][39m   noReset: false
[35m[Appium][39m   platform: ANDROID
[35m[Appium][39m   platformName: Android
[35m[Appium][39m   udid: 6e4df14
[35m[BaseDriver][39m The following capabilities were provided, but are not recognized by appium: deviceId, platform.
[35m[BaseDriver][39m Session created with session id: aa0e5445-fcdd-4cee-98c4-1320f33c84ce
[35m[AndroidDriver][39m Java version is: 1.8.0_181
[35m[ADB][39m Checking whether adb is present
[35m[ADB][39m Found 1 'build-tools' folders under 'C:\Users\AV2017005903\.katalon\tools\android_sdk' (newest first):
[35m[ADB][39m     C:/Users/AV2017005903/.katalon/tools/android_sdk/build-tools/28.0.0
[35m[ADB][39m Using adb.exe from C:\Users\AV2017005903\.katalon\tools\android_sdk\platform-tools\adb.exe
[35m[AndroidDriver][39m Retrieving device list
[35m[AndroidDriver][39m Using device: 6e4df14
[35m[BaseDriver][39m Using local app 'C:\Users\AV2017005903\Documents\apollo-automation\7 September.apk'
[35m[AndroidDriver][39m Starting Android session
[35m[ADB][39m Checking whether aapt is present
[35m[ADB][39m Using aapt.exe from C:\Users\AV2017005903\.katalon\tools\android_sdk\build-tools\28.0.0\aapt.exe
[35m[AndroidDriver][39m setDeviceLanguageCountry requires language or country.
[35m[AndroidDriver][39m Got language: 'null' and country: 'null'
[35m[ADB][39m Getting device platform version
[35m[ADB][39m Using the alternative activity name detection method because of: Could not find apkanalyzer.bat in C:\Users\AV2017005903\.katalon\tools\android_sdk\platform-tools\apkanalyzer.bat,C:\Users\AV2017005903\.katalon\tools\android_sdk\emulator\apkanalyzer.bat,C:\Users\AV2017005903\.katalon\tools\android_sdk\tools\apkanalyzer.bat,C:\Users\AV2017005903\.katalon\tools\android_sdk\tools\bin\apkanalyzer.bat,C:\Users\AV2017005903\.katalon\tools\android_sdk\build-tools\28.0.0\apkanalyzer.bat. Do you have the Android SDK installed at 'C:\Users\AV2017005903\.katalon\tools\android_sdk'?
[35m[ADB][39m Extracting package and launch activity from manifest
[35m[ADB][39m Package name: 'com.btpn.appbisnis.sit'
[35m[ADB][39m Main activity name: 'com.btpn_mpos_rn.react_bridging.splash.SplashActivity'
[35m[ADB][39m com.btpn.appbisnis.sit was not uninstalled, because it was not present on the device
[35m[ADB][39m Successfully extracted 953 strings from 'C:\Users\AV2017005903\Documents\apollo-automation\7 September.apk' resources for '(default)' configuration
[35m[ADB][39m No uiautomator process found to kill, continuing...
[35m[AndroidBootstrap][39m Android bootstrap socket is now connected
[35m[AndroidDriver][39m Screen already unlocked, doing nothing
[35m[Appium][39m New AndroidDriver session created successfully, session aa0e5445-fcdd-4cee-98c4-1320f33c84ce added to master session list
[35m[HTTP][39m [37m<-- POST /wd/hub/session [39m[32m200[39m [90m28452 ms - 1152[39m
[35m[HTTP][39m [90m[39m
[35m[HTTP][39m [37m-->[39m [37mGET[39m [37m/wd/hub/status[39m
[35m[HTTP][39m [90m{}[39m
[35m[HTTP][39m [37m<-- GET /wd/hub/status [39m[32m200[39m [90m61 ms - 55[39m
[35m[HTTP][39m [90m[39m
[35m[HTTP][39m [37m-->[39m [37mPOST[39m [37m/wd/hub/session/aa0e5445-fcdd-4cee-98c4-1320f33c84ce/timeouts[39m
[35m[HTTP][39m [90m{"type":"implicit","ms":30000}[39m
[35m[HTTP][39m [37m<-- POST /wd/hub/session/aa0e5445-fcdd-4cee-98c4-1320f33c84ce/timeouts [39m[33m400[39m [90m20 ms - 5532[39m
[35m[HTTP][39m [90m[39m
[35m[HTTP][39m [37m-->[39m [37mPOST[39m [37m/wd/hub/session/aa0e5445-fcdd-4cee-98c4-1320f33c84ce/touch/perform[39m
[35m[HTTP][39m [90m{"actions":[{"action":"longPress","options":{"x":550,"y":300}},{"action":"moveTo","options":{"x":100,"y":300}},{"action":"release","options":{}}]}[39m
[35m[HTTP][39m [37m<-- POST /wd/hub/session/aa0e5445-fcdd-4cee-98c4-1320f33c84ce/touch/perform [39m[32m200[39m [90m2871 ms - 76[39m
[35m[HTTP][39m [90m[39m
[35m[HTTP][39m [37m-->[39m [37mPOST[39m [37m/wd/hub/session/aa0e5445-fcdd-4cee-98c4-1320f33c84ce/touch/perform[39m
[35m[HTTP][39m [90m{"actions":[{"action":"longPress","options":{"x":550,"y":300}},{"action":"moveTo","options":{"x":100,"y":300}},{"action":"release","options":{}}]}[39m
[35m[HTTP][39m [37m<-- POST /wd/hub/session/aa0e5445-fcdd-4cee-98c4-1320f33c84ce/touch/perform [39m[32m200[39m [90m2759 ms - 76[39m
[35m[HTTP][39m [90m[39m
[35m[HTTP][39m [37m-->[39m [37mPOST[39m [37m/wd/hub/session/aa0e5445-fcdd-4cee-98c4-1320f33c84ce/touch/perform[39m
[35m[HTTP][39m [90m{"actions":[{"action":"longPress","options":{"x":550,"y":300}},{"action":"moveTo","options":{"x":100,"y":300}},{"action":"release","options":{}}]}[39m
[35m[HTTP][39m [37m<-- POST /wd/hub/session/aa0e5445-fcdd-4cee-98c4-1320f33c84ce/touch/perform [39m[32m200[39m [90m2622 ms - 76[39m
[35m[HTTP][39m [90m[39m
[35m[HTTP][39m [37m-->[39m [37mPOST[39m [37m/wd/hub/session/aa0e5445-fcdd-4cee-98c4-1320f33c84ce/touch/perform[39m
[35m[HTTP][39m [90m{"actions":[{"action":"longPress","options":{"x":550,"y":300}},{"action":"moveTo","options":{"x":100,"y":300}},{"action":"release","options":{}}]}[39m
[35m[HTTP][39m [37m<-- POST /wd/hub/session/aa0e5445-fcdd-4cee-98c4-1320f33c84ce/touch/perform [39m[32m200[39m [90m2743 ms - 76[39m
[35m[HTTP][39m [90m[39m
[35m[HTTP][39m [37m-->[39m [37mGET[39m [37m/wd/hub/session/aa0e5445-fcdd-4cee-98c4-1320f33c84ce/window/current/size[39m
[35m[HTTP][39m [90m{}[39m
[35m[HTTP][39m [37m<-- GET /wd/hub/session/aa0e5445-fcdd-4cee-98c4-1320f33c84ce/window/current/size [39m[32m200[39m [90m22 ms - 99[39m
[35m[HTTP][39m [90m[39m
[35m[HTTP][39m [37m-->[39m [37mPOST[39m [37m/wd/hub/session/aa0e5445-fcdd-4cee-98c4-1320f33c84ce/elements[39m
[35m[HTTP][39m [90m{"using":"-android uiautomator","value":"new UiSelector().description(\"start_button_touch\")"}[39m
[35m[HTTP][39m [37m<-- POST /wd/hub/session/aa0e5445-fcdd-4cee-98c4-1320f33c84ce/elements [39m[32m200[39m [90m1730 ms - 89[39m
[35m[HTTP][39m [90m[39m
[35m[HTTP][39m [37m-->[39m [37mGET[39m [37m/wd/hub/session/aa0e5445-fcdd-4cee-98c4-1320f33c84ce[39m
[35m[HTTP][39m [90m{}[39m
[35m[HTTP][39m [37m<-- GET /wd/hub/session/aa0e5445-fcdd-4cee-98c4-1320f33c84ce [39m[32m200[39m [90m14 ms - 1152[39m
[35m[HTTP][39m [90m[39m
[35m[HTTP][39m [37m-->[39m [37mGET[39m [37m/wd/hub/session/aa0e5445-fcdd-4cee-98c4-1320f33c84ce[39m
[35m[HTTP][39m [90m{}[39m
[35m[HTTP][39m [37m<-- GET /wd/hub/session/aa0e5445-fcdd-4cee-98c4-1320f33c84ce [39m[32m200[39m [90m8 ms - 1152[39m
[35m[HTTP][39m [90m[39m
[35m[HTTP][39m [37m-->[39m [37mGET[39m [37m/wd/hub/session/aa0e5445-fcdd-4cee-98c4-1320f33c84ce[39m
[35m[HTTP][39m [90m{}[39m
[35m[HTTP][39m [37m<-- GET /wd/hub/session/aa0e5445-fcdd-4cee-98c4-1320f33c84ce [39m[32m200[39m [90m6 ms - 1152[39m
[35m[HTTP][39m [90m[39m
[35m[HTTP][39m [37m-->[39m [37mGET[39m [37m/wd/hub/session/aa0e5445-fcdd-4cee-98c4-1320f33c84ce[39m
[35m[HTTP][39m [90m{}[39m
[35m[HTTP][39m [37m<-- GET /wd/hub/session/aa0e5445-fcdd-4cee-98c4-1320f33c84ce [39m[32m200[39m [90m6 ms - 1152[39m
[35m[HTTP][39m [90m[39m
[35m[HTTP][39m [37m-->[39m [37mGET[39m [37m/wd/hub/session/aa0e5445-fcdd-4cee-98c4-1320f33c84ce/element/1/location[39m
[35m[HTTP][39m [90m{}[39m
[35m[HTTP][39m [37m<-- GET /wd/hub/session/aa0e5445-fcdd-4cee-98c4-1320f33c84ce/element/1/location [39m[32m200[39m [90m1875 ms - 89[39m
[35m[HTTP][39m [90m[39m
[35m[HTTP][39m [37m-->[39m [37mGET[39m [37m/wd/hub/session/aa0e5445-fcdd-4cee-98c4-1320f33c84ce/window/current/size[39m
[35m[HTTP][39m [90m{}[39m
[35m[HTTP][39m [37m<-- GET /wd/hub/session/aa0e5445-fcdd-4cee-98c4-1320f33c84ce/window/current/size [39m[32m200[39m [90m19 ms - 99[39m
[35m[HTTP][39m [90m[39m
[35m[HTTP][39m [37m-->[39m [37mPOST[39m [37m/wd/hub/session/aa0e5445-fcdd-4cee-98c4-1320f33c84ce/elements[39m
[35m[HTTP][39m [90m{"using":"-android uiautomator","value":"new UiSelector().description(\"start_button_touch\")"}[39m
[35m[HTTP][39m [37m<-- POST /wd/hub/session/aa0e5445-fcdd-4cee-98c4-1320f33c84ce/elements [39m[32m200[39m [90m2541 ms - 89[39m
[35m[HTTP][39m [90m[39m
[35m[HTTP][39m [37m-->[39m [37mGET[39m [37m/wd/hub/session/aa0e5445-fcdd-4cee-98c4-1320f33c84ce[39m
[35m[HTTP][39m [90m{}[39m
[35m[HTTP][39m [37m<-- GET /wd/hub/session/aa0e5445-fcdd-4cee-98c4-1320f33c84ce [39m[32m200[39m [90m9 ms - 1152[39m
[35m[HTTP][39m [90m[39m
[35m[HTTP][39m [37m-->[39m [37mGET[39m [37m/wd/hub/session/aa0e5445-fcdd-4cee-98c4-1320f33c84ce[39m
[35m[HTTP][39m [90m{}[39m
[35m[HTTP][39m [37m<-- GET /wd/hub/session/aa0e5445-fcdd-4cee-98c4-1320f33c84ce [39m[32m200[39m [90m9 ms - 1152[39m
[35m[HTTP][39m [90m[39m
[35m[HTTP][39m [37m-->[39m [37mGET[39m [37m/wd/hub/session/aa0e5445-fcdd-4cee-98c4-1320f33c84ce[39m
[35m[HTTP][39m [90m{}[39m
[35m[HTTP][39m [37m<-- GET /wd/hub/session/aa0e5445-fcdd-4cee-98c4-1320f33c84ce [39m[32m200[39m [90m9 ms - 1152[39m
[35m[HTTP][39m [90m[39m
[35m[HTTP][39m [37m-->[39m [37mGET[39m [37m/wd/hub/session/aa0e5445-fcdd-4cee-98c4-1320f33c84ce[39m
[35m[HTTP][39m [90m{}[39m
[35m[HTTP][39m [37m<-- GET /wd/hub/session/aa0e5445-fcdd-4cee-98c4-1320f33c84ce [39m[32m200[39m [90m6 ms - 1152[39m
[35m[HTTP][39m [90m[39m
[35m[HTTP][39m [37m-->[39m [37mGET[39m [37m/wd/hub/session/aa0e5445-fcdd-4cee-98c4-1320f33c84ce/element/2/location[39m
[35m[HTTP][39m [90m{}[39m
[35m[HTTP][39m [37m<-- GET /wd/hub/session/aa0e5445-fcdd-4cee-98c4-1320f33c84ce/element/2/location [39m[32m200[39m [90m2439 ms - 89[39m
[35m[HTTP][39m [90m[39m
[35m[HTTP][39m [37m-->[39m [37mGET[39m [37m/wd/hub/session/aa0e5445-fcdd-4cee-98c4-1320f33c84ce/element/2/attribute/name[39m
[35m[HTTP][39m [90m{}[39m
[35m[HTTP][39m [37m<-- GET /wd/hub/session/aa0e5445-fcdd-4cee-98c4-1320f33c84ce/element/2/attribute/name [39m[32m200[39m [90m507 ms - 92[39m
[35m[HTTP][39m [90m[39m
[35m[HTTP][39m [37m-->[39m [37mGET[39m [37m/wd/hub/session/aa0e5445-fcdd-4cee-98c4-1320f33c84ce/window/current/size[39m
[35m[HTTP][39m [90m{}[39m
[35m[HTTP][39m [37m<-- GET /wd/hub/session/aa0e5445-fcdd-4cee-98c4-1320f33c84ce/window/current/size [39m[32m200[39m [90m12 ms - 99[39m
[35m[HTTP][39m [90m[39m
[35m[HTTP][39m [37m-->[39m [37mPOST[39m [37m/wd/hub/session/aa0e5445-fcdd-4cee-98c4-1320f33c84ce/elements[39m
[35m[HTTP][39m [90m{"using":"-android uiautomator","value":"new UiSelector().description(\"start_button_touch\")"}[39m
[35m[HTTP][39m [37m<-- POST /wd/hub/session/aa0e5445-fcdd-4cee-98c4-1320f33c84ce/elements [39m[32m200[39m [90m2325 ms - 89[39m
[35m[HTTP][39m [90m[39m
[35m[HTTP][39m [37m-->[39m [37mGET[39m [37m/wd/hub/session/aa0e5445-fcdd-4cee-98c4-1320f33c84ce[39m
[35m[HTTP][39m [90m{}[39m
[35m[HTTP][39m [37m<-- GET /wd/hub/session/aa0e5445-fcdd-4cee-98c4-1320f33c84ce [39m[32m200[39m [90m9 ms - 1152[39m
[35m[HTTP][39m [90m[39m
[35m[HTTP][39m [37m-->[39m [37mGET[39m [37m/wd/hub/session/aa0e5445-fcdd-4cee-98c4-1320f33c84ce[39m
[35m[HTTP][39m [90m{}[39m
[35m[HTTP][39m [37m<-- GET /wd/hub/session/aa0e5445-fcdd-4cee-98c4-1320f33c84ce [39m[32m200[39m [90m4 ms - 1152[39m
[35m[HTTP][39m [90m[39m
[35m[HTTP][39m [37m-->[39m [37mGET[39m [37m/wd/hub/session/aa0e5445-fcdd-4cee-98c4-1320f33c84ce[39m
[35m[HTTP][39m [90m{}[39m
[35m[HTTP][39m [37m<-- GET /wd/hub/session/aa0e5445-fcdd-4cee-98c4-1320f33c84ce [39m[32m200[39m [90m4 ms - 1152[39m
[35m[HTTP][39m [90m[39m
[35m[HTTP][39m [37m-->[39m [37mGET[39m [37m/wd/hub/session/aa0e5445-fcdd-4cee-98c4-1320f33c84ce[39m
[35m[HTTP][39m [90m{}[39m
[35m[HTTP][39m [37m<-- GET /wd/hub/session/aa0e5445-fcdd-4cee-98c4-1320f33c84ce [39m[32m200[39m [90m4 ms - 1152[39m
[35m[HTTP][39m [90m[39m
[35m[HTTP][39m [37m-->[39m [37mGET[39m [37m/wd/hub/session/aa0e5445-fcdd-4cee-98c4-1320f33c84ce/element/3/location[39m
[35m[HTTP][39m [90m{}[39m
[35m[HTTP][39m [37m<-- GET /wd/hub/session/aa0e5445-fcdd-4cee-98c4-1320f33c84ce/element/3/location [39m[32m200[39m [90m1230 ms - 89[39m
[35m[HTTP][39m [90m[39m
[35m[HTTP][39m [37m-->[39m [37mPOST[39m [37m/wd/hub/session/aa0e5445-fcdd-4cee-98c4-1320f33c84ce/touch/perform[39m
[35m[HTTP][39m [90m{"actions":[{"action":"tap","options":{"element":"3","x":1,"y":1}}]}[39m
[35m[HTTP][39m [37m<-- POST /wd/hub/session/aa0e5445-fcdd-4cee-98c4-1320f33c84ce/touch/perform [39m[32m200[39m [90m1295 ms - 76[39m
[35m[HTTP][39m [90m[39m
[35m[HTTP][39m [37m-->[39m [37mGET[39m [37m/wd/hub/session/aa0e5445-fcdd-4cee-98c4-1320f33c84ce/window/current/size[39m
[35m[HTTP][39m [90m{}[39m
[35m[HTTP][39m [37m<-- GET /wd/hub/session/aa0e5445-fcdd-4cee-98c4-1320f33c84ce/window/current/size [39m[32m200[39m [90m16 ms - 99[39m
[35m[HTTP][39m [90m[39m
[35m[HTTP][39m [37m-->[39m [37mPOST[39m [37m/wd/hub/session/aa0e5445-fcdd-4cee-98c4-1320f33c84ce/elements[39m
[35m[HTTP][39m [90m{"using":"-android uiautomator","value":"new UiSelector().description(\"LoginNameTextInput\")"}[39m
[35m[HTTP][39m [37m<-- POST /wd/hub/session/aa0e5445-fcdd-4cee-98c4-1320f33c84ce/elements [39m[32m200[39m [90m2984 ms - 89[39m
[35m[HTTP][39m [90m[39m
[35m[HTTP][39m [37m-->[39m [37mGET[39m [37m/wd/hub/session/aa0e5445-fcdd-4cee-98c4-1320f33c84ce[39m
[35m[HTTP][39m [90m{}[39m
[35m[HTTP][39m [37m<-- GET /wd/hub/session/aa0e5445-fcdd-4cee-98c4-1320f33c84ce [39m[32m200[39m [90m9 ms - 1152[39m
[35m[HTTP][39m [90m[39m
[35m[HTTP][39m [37m-->[39m [37mGET[39m [37m/wd/hub/session/aa0e5445-fcdd-4cee-98c4-1320f33c84ce[39m
[35m[HTTP][39m [90m{}[39m
[35m[HTTP][39m [37m<-- GET /wd/hub/session/aa0e5445-fcdd-4cee-98c4-1320f33c84ce [39m[32m200[39m [90m10 ms - 1152[39m
[35m[HTTP][39m [90m[39m
[35m[HTTP][39m [37m-->[39m [37mGET[39m [37m/wd/hub/session/aa0e5445-fcdd-4cee-98c4-1320f33c84ce[39m
[35m[HTTP][39m [90m{}[39m
[35m[HTTP][39m [37m<-- GET /wd/hub/session/aa0e5445-fcdd-4cee-98c4-1320f33c84ce [39m[32m200[39m [90m5 ms - 1152[39m
[35m[HTTP][39m [90m[39m
[35m[HTTP][39m [37m-->[39m [37mGET[39m [37m/wd/hub/session/aa0e5445-fcdd-4cee-98c4-1320f33c84ce[39m
[35m[HTTP][39m [90m{}[39m
[35m[HTTP][39m [37m<-- GET /wd/hub/session/aa0e5445-fcdd-4cee-98c4-1320f33c84ce [39m[32m200[39m [90m5 ms - 1152[39m
[35m[HTTP][39m [90m[39m
[35m[HTTP][39m [37m-->[39m [37mGET[39m [37m/wd/hub/session/aa0e5445-fcdd-4cee-98c4-1320f33c84ce/element/4/location[39m
[35m[HTTP][39m [90m{}[39m
[35m[HTTP][39m [37m<-- GET /wd/hub/session/aa0e5445-fcdd-4cee-98c4-1320f33c84ce/element/4/location [39m[32m200[39m [90m446 ms - 88[39m
[35m[HTTP][39m [90m[39m
[35m[HTTP][39m [37m-->[39m [37mGET[39m [37m/wd/hub/session/aa0e5445-fcdd-4cee-98c4-1320f33c84ce/window/current/size[39m
[35m[HTTP][39m [90m{}[39m
[35m[HTTP][39m [37m<-- GET /wd/hub/session/aa0e5445-fcdd-4cee-98c4-1320f33c84ce/window/current/size [39m[32m200[39m [90m13 ms - 99[39m
[35m[HTTP][39m [90m[39m
[35m[HTTP][39m [37m-->[39m [37mPOST[39m [37m/wd/hub/session/aa0e5445-fcdd-4cee-98c4-1320f33c84ce/elements[39m
[35m[HTTP][39m [90m{"using":"-android uiautomator","value":"new UiSelector().description(\"LoginNameTextInput\")"}[39m
[35m[HTTP][39m [37m<-- POST /wd/hub/session/aa0e5445-fcdd-4cee-98c4-1320f33c84ce/elements [39m[32m200[39m [90m3001 ms - 89[39m
[35m[HTTP][39m [90m[39m
[35m[HTTP][39m [37m-->[39m [37mGET[39m [37m/wd/hub/session/aa0e5445-fcdd-4cee-98c4-1320f33c84ce[39m
[35m[HTTP][39m [90m{}[39m
[35m[HTTP][39m [37m<-- GET /wd/hub/session/aa0e5445-fcdd-4cee-98c4-1320f33c84ce [39m[32m200[39m [90m10 ms - 1152[39m
[35m[HTTP][39m [90m[39m
[35m[HTTP][39m [37m-->[39m [37mGET[39m [37m/wd/hub/session/aa0e5445-fcdd-4cee-98c4-1320f33c84ce[39m
[35m[HTTP][39m [90m{}[39m
[35m[HTTP][39m [37m<-- GET /wd/hub/session/aa0e5445-fcdd-4cee-98c4-1320f33c84ce [39m[32m200[39m [90m4 ms - 1152[39m
[35m[HTTP][39m [90m[39m
[35m[HTTP][39m [37m-->[39m [37mGET[39m [37m/wd/hub/session/aa0e5445-fcdd-4cee-98c4-1320f33c84ce[39m
[35m[HTTP][39m [90m{}[39m
[35m[HTTP][39m [37m<-- GET /wd/hub/session/aa0e5445-fcdd-4cee-98c4-1320f33c84ce [39m[32m200[39m [90m4 ms - 1152[39m
[35m[HTTP][39m [90m[39m
[35m[HTTP][39m [37m-->[39m [37mGET[39m [37m/wd/hub/session/aa0e5445-fcdd-4cee-98c4-1320f33c84ce[39m
[35m[HTTP][39m [90m{}[39m
[35m[HTTP][39m [37m<-- GET /wd/hub/session/aa0e5445-fcdd-4cee-98c4-1320f33c84ce [39m[32m200[39m [90m7 ms - 1152[39m
[35m[HTTP][39m [90m[39m
[35m[HTTP][39m [37m-->[39m [37mGET[39m [37m/wd/hub/session/aa0e5445-fcdd-4cee-98c4-1320f33c84ce/element/5/location[39m
[35m[HTTP][39m [90m{}[39m
[35m[HTTP][39m [37m<-- GET /wd/hub/session/aa0e5445-fcdd-4cee-98c4-1320f33c84ce/element/5/location [39m[32m200[39m [90m452 ms - 88[39m
[35m[HTTP][39m [90m[39m
[35m[HTTP][39m [37m-->[39m [37mGET[39m [37m/wd/hub/session/aa0e5445-fcdd-4cee-98c4-1320f33c84ce/element/5/attribute/name[39m
[35m[HTTP][39m [90m{}[39m
[35m[HTTP][39m [37m<-- GET /wd/hub/session/aa0e5445-fcdd-4cee-98c4-1320f33c84ce/element/5/attribute/name [39m[32m200[39m [90m525 ms - 92[39m
[35m[HTTP][39m [90m[39m
[35m[HTTP][39m [37m-->[39m [37mGET[39m [37m/wd/hub/session/aa0e5445-fcdd-4cee-98c4-1320f33c84ce/window/current/size[39m
[35m[HTTP][39m [90m{}[39m
[35m[HTTP][39m [37m<-- GET /wd/hub/session/aa0e5445-fcdd-4cee-98c4-1320f33c84ce/window/current/size [39m[32m200[39m [90m10 ms - 99[39m
[35m[HTTP][39m [90m[39m
[35m[HTTP][39m [37m-->[39m [37mPOST[39m [37m/wd/hub/session/aa0e5445-fcdd-4cee-98c4-1320f33c84ce/elements[39m
[35m[HTTP][39m [90m{"using":"-android uiautomator","value":"new UiSelector().description(\"LoginNameTextInput\")"}[39m
[35m[HTTP][39m [37m<-- POST /wd/hub/session/aa0e5445-fcdd-4cee-98c4-1320f33c84ce/elements [39m[32m200[39m [90m2951 ms - 89[39m
[35m[HTTP][39m [90m[39m
[35m[HTTP][39m [37m-->[39m [37mGET[39m [37m/wd/hub/session/aa0e5445-fcdd-4cee-98c4-1320f33c84ce[39m
[35m[HTTP][39m [90m{}[39m
[35m[HTTP][39m [37m<-- GET /wd/hub/session/aa0e5445-fcdd-4cee-98c4-1320f33c84ce [39m[32m200[39m [90m9 ms - 1152[39m
[35m[HTTP][39m [90m[39m
[35m[HTTP][39m [37m-->[39m [37mGET[39m [37m/wd/hub/session/aa0e5445-fcdd-4cee-98c4-1320f33c84ce[39m
[35m[HTTP][39m [90m{}[39m
[35m[HTTP][39m [37m<-- GET /wd/hub/session/aa0e5445-fcdd-4cee-98c4-1320f33c84ce [39m[32m200[39m [90m8 ms - 1152[39m
[35m[HTTP][39m [90m[39m
[35m[HTTP][39m [37m-->[39m [37mGET[39m [37m/wd/hub/session/aa0e5445-fcdd-4cee-98c4-1320f33c84ce[39m
[35m[HTTP][39m [90m{}[39m
[35m[HTTP][39m [37m<-- GET /wd/hub/session/aa0e5445-fcdd-4cee-98c4-1320f33c84ce [39m[32m200[39m [90m10 ms - 1152[39m
[35m[HTTP][39m [90m[39m
[35m[HTTP][39m [37m-->[39m [37mGET[39m [37m/wd/hub/session/aa0e5445-fcdd-4cee-98c4-1320f33c84ce[39m
[35m[HTTP][39m [90m{}[39m
[35m[HTTP][39m [37m<-- GET /wd/hub/session/aa0e5445-fcdd-4cee-98c4-1320f33c84ce [39m[32m200[39m [90m4 ms - 1152[39m
[35m[HTTP][39m [90m[39m
[35m[HTTP][39m [37m-->[39m [37mGET[39m [37m/wd/hub/session/aa0e5445-fcdd-4cee-98c4-1320f33c84ce/element/6/location[39m
[35m[HTTP][39m [90m{}[39m
[35m[HTTP][39m [37m<-- GET /wd/hub/session/aa0e5445-fcdd-4cee-98c4-1320f33c84ce/element/6/location [39m[32m200[39m [90m753 ms - 88[39m
[35m[HTTP][39m [90m[39m
[35m[HTTP][39m [37m-->[39m [37mPOST[39m [37m/wd/hub/session/aa0e5445-fcdd-4cee-98c4-1320f33c84ce/element/6/clear[39m
[35m[HTTP][39m [90m{"id":"6"}[39m
[35m[HTTP][39m [37m<-- POST /wd/hub/session/aa0e5445-fcdd-4cee-98c4-1320f33c84ce/element/6/clear [39m[32m200[39m [90m3196 ms - 76[39m
[35m[HTTP][39m [90m[39m
[35m[HTTP][39m [37m-->[39m [37mPOST[39m [37m/wd/hub/session/aa0e5445-fcdd-4cee-98c4-1320f33c84ce/element/6/value[39m
[35m[HTTP][39m [90m{"id":"6","value":["08112233445567"]}[39m
[35m[HTTP][39m [37m<-- POST /wd/hub/session/aa0e5445-fcdd-4cee-98c4-1320f33c84ce/element/6/value [39m[32m200[39m [90m12587 ms - 76[39m
[35m[HTTP][39m [90m[39m
[35m[HTTP][39m [37m-->[39m [37mGET[39m [37m/wd/hub/session/aa0e5445-fcdd-4cee-98c4-1320f33c84ce/context[39m
[35m[HTTP][39m [90m{}[39m
[35m[HTTP][39m [37m<-- GET /wd/hub/session/aa0e5445-fcdd-4cee-98c4-1320f33c84ce/context [39m[32m200[39m [90m5 ms - 84[39m
[35m[HTTP][39m [90m[39m
[35m[HTTP][39m [37m-->[39m [37mGET[39m [37m/wd/hub/session/aa0e5445-fcdd-4cee-98c4-1320f33c84ce/contexts[39m
[35m[HTTP][39m [90m{}[39m
[35m[HTTP][39m [37m<-- GET /wd/hub/session/aa0e5445-fcdd-4cee-98c4-1320f33c84ce/contexts [39m[32m200[39m [90m165 ms - 86[39m
[35m[HTTP][39m [90m[39m
[35m[HTTP][39m [37m-->[39m [37mPOST[39m [37m/wd/hub/session/aa0e5445-fcdd-4cee-98c4-1320f33c84ce/context[39m
[35m[HTTP][39m [90m{"name":"NATIVE_APP"}[39m
[35m[HTTP][39m [37m<-- POST /wd/hub/session/aa0e5445-fcdd-4cee-98c4-1320f33c84ce/context [39m[32m200[39m [90m143 ms - 76[39m
[35m[HTTP][39m [90m[39m
[35m[HTTP][39m [37m-->[39m [37mPOST[39m [37m/wd/hub/session/aa0e5445-fcdd-4cee-98c4-1320f33c84ce/appium/device/hide_keyboard[39m
[35m[HTTP][39m [90m{}[39m
[35m[HTTP][39m [37m<-- POST /wd/hub/session/aa0e5445-fcdd-4cee-98c4-1320f33c84ce/appium/device/hide_keyboard [39m[32m200[39m [90m192 ms - 76[39m
[35m[HTTP][39m [90m[39m
[35m[HTTP][39m [37m-->[39m [37mPOST[39m [37m/wd/hub/session/aa0e5445-fcdd-4cee-98c4-1320f33c84ce/context[39m
[35m[HTTP][39m [90m{"name":"NATIVE_APP"}[39m
[35m[HTTP][39m [37m<-- POST /wd/hub/session/aa0e5445-fcdd-4cee-98c4-1320f33c84ce/context [39m[32m200[39m [90m175 ms - 76[39m
[35m[HTTP][39m [90m[39m
[35m[HTTP][39m [37m-->[39m [37mGET[39m [37m/wd/hub/session/aa0e5445-fcdd-4cee-98c4-1320f33c84ce/window/current/size[39m
[35m[HTTP][39m [90m{}[39m
[35m[HTTP][39m [37m<-- GET /wd/hub/session/aa0e5445-fcdd-4cee-98c4-1320f33c84ce/window/current/size [39m[32m200[39m [90m9 ms - 99[39m
[35m[HTTP][39m [90m[39m
[35m[HTTP][39m [37m-->[39m [37mPOST[39m [37m/wd/hub/session/aa0e5445-fcdd-4cee-98c4-1320f33c84ce/elements[39m
[35m[HTTP][39m [90m{"using":"-android uiautomator","value":"new UiSelector().description(\"LoginNameTextInput\")"}[39m
[35m[HTTP][39m [37m<-- POST /wd/hub/session/aa0e5445-fcdd-4cee-98c4-1320f33c84ce/elements [39m[32m200[39m [90m2795 ms - 89[39m
[35m[HTTP][39m [90m[39m
[35m[HTTP][39m [37m-->[39m [37mGET[39m [37m/wd/hub/session/aa0e5445-fcdd-4cee-98c4-1320f33c84ce[39m
[35m[HTTP][39m [90m{}[39m
[35m[HTTP][39m [37m<-- GET /wd/hub/session/aa0e5445-fcdd-4cee-98c4-1320f33c84ce [39m[32m200[39m [90m4 ms - 1152[39m
[35m[HTTP][39m [90m[39m
[35m[HTTP][39m [37m-->[39m [37mGET[39m [37m/wd/hub/session/aa0e5445-fcdd-4cee-98c4-1320f33c84ce[39m
[35m[HTTP][39m [90m{}[39m
[35m[HTTP][39m [37m<-- GET /wd/hub/session/aa0e5445-fcdd-4cee-98c4-1320f33c84ce [39m[32m200[39m [90m4 ms - 1152[39m
[35m[HTTP][39m [90m[39m
[35m[HTTP][39m [37m-->[39m [37mGET[39m [37m/wd/hub/session/aa0e5445-fcdd-4cee-98c4-1320f33c84ce[39m
[35m[HTTP][39m [90m{}[39m
[35m[HTTP][39m [37m<-- GET /wd/hub/session/aa0e5445-fcdd-4cee-98c4-1320f33c84ce [39m[32m200[39m [90m5 ms - 1152[39m
[35m[HTTP][39m [90m[39m
[35m[HTTP][39m [37m-->[39m [37mGET[39m [37m/wd/hub/session/aa0e5445-fcdd-4cee-98c4-1320f33c84ce[39m
[35m[HTTP][39m [90m{}[39m
[35m[HTTP][39m [37m<-- GET /wd/hub/session/aa0e5445-fcdd-4cee-98c4-1320f33c84ce [39m[32m200[39m [90m5 ms - 1152[39m
[35m[HTTP][39m [90m[39m
[35m[HTTP][39m [37m-->[39m [37mGET[39m [37m/wd/hub/session/aa0e5445-fcdd-4cee-98c4-1320f33c84ce/element/7/location[39m
[35m[HTTP][39m [90m{}[39m
[35m[HTTP][39m [37m<-- GET /wd/hub/session/aa0e5445-fcdd-4cee-98c4-1320f33c84ce/element/7/location [39m[32m200[39m [90m472 ms - 88[39m
[35m[HTTP][39m [90m[39m
[35m[HTTP][39m [37m-->[39m [37mGET[39m [37m/wd/hub/session/aa0e5445-fcdd-4cee-98c4-1320f33c84ce/element/7/text[39m
[35m[HTTP][39m [90m{}[39m
[35m[HTTP][39m [37m<-- GET /wd/hub/session/aa0e5445-fcdd-4cee-98c4-1320f33c84ce/element/7/text [39m[32m200[39m [90m605 ms - 88[39m
[35m[HTTP][39m [90m[39m
[35m[HTTP][39m [37m-->[39m [37mGET[39m [37m/wd/hub/session/aa0e5445-fcdd-4cee-98c4-1320f33c84ce/window/current/size[39m
[35m[HTTP][39m [90m{}[39m
[35m[HTTP][39m [37m<-- GET /wd/hub/session/aa0e5445-fcdd-4cee-98c4-1320f33c84ce/window/current/size [39m[32m200[39m [90m18 ms - 99[39m
[35m[HTTP][39m [90m[39m
[35m[HTTP][39m [37m-->[39m [37mPOST[39m [37m/wd/hub/session/aa0e5445-fcdd-4cee-98c4-1320f33c84ce/elements[39m
[35m[HTTP][39m [90m{"using":"-android uiautomator","value":"new UiSelector().description(\"LoginJumpNextBtn\")"}[39m
[35m[HTTP][39m [37m<-- POST /wd/hub/session/aa0e5445-fcdd-4cee-98c4-1320f33c84ce/elements [39m[32m200[39m [90m3361 ms - 89[39m
[35m[HTTP][39m [90m[39m
[35m[HTTP][39m [37m-->[39m [37mGET[39m [37m/wd/hub/session/aa0e5445-fcdd-4cee-98c4-1320f33c84ce[39m
[35m[HTTP][39m [90m{}[39m
[35m[HTTP][39m [37m<-- GET /wd/hub/session/aa0e5445-fcdd-4cee-98c4-1320f33c84ce [39m[32m200[39m [90m12 ms - 1152[39m
[35m[HTTP][39m [90m[39m
[35m[HTTP][39m [37m-->[39m [37mGET[39m [37m/wd/hub/session/aa0e5445-fcdd-4cee-98c4-1320f33c84ce[39m
[35m[HTTP][39m [90m{}[39m
[35m[HTTP][39m [37m<-- GET /wd/hub/session/aa0e5445-fcdd-4cee-98c4-1320f33c84ce [39m[32m200[39m [90m5 ms - 1152[39m
[35m[HTTP][39m [90m[39m
[35m[HTTP][39m [37m-->[39m [37mGET[39m [37m/wd/hub/session/aa0e5445-fcdd-4cee-98c4-1320f33c84ce[39m
[35m[HTTP][39m [90m{}[39m
[35m[HTTP][39m [37m<-- GET /wd/hub/session/aa0e5445-fcdd-4cee-98c4-1320f33c84ce [39m[32m200[39m [90m4 ms - 1152[39m
[35m[HTTP][39m [90m[39m
[35m[HTTP][39m [37m-->[39m [37mGET[39m [37m/wd/hub/session/aa0e5445-fcdd-4cee-98c4-1320f33c84ce[39m
[35m[HTTP][39m [90m{}[39m
[35m[HTTP][39m [37m<-- GET /wd/hub/session/aa0e5445-fcdd-4cee-98c4-1320f33c84ce [39m[32m200[39m [90m4 ms - 1152[39m
[35m[HTTP][39m [90m[39m
[35m[HTTP][39m [37m-->[39m [37mGET[39m [37m/wd/hub/session/aa0e5445-fcdd-4cee-98c4-1320f33c84ce/element/8/location[39m
[35m[HTTP][39m [90m{}[39m
[35m[HTTP][39m [37m<-- GET /wd/hub/session/aa0e5445-fcdd-4cee-98c4-1320f33c84ce/element/8/location [39m[32m200[39m [90m467 ms - 88[39m
[35m[HTTP][39m [90m[39m
[35m[HTTP][39m [37m-->[39m [37mGET[39m [37m/wd/hub/session/aa0e5445-fcdd-4cee-98c4-1320f33c84ce/window/current/size[39m
[35m[HTTP][39m [90m{}[39m
[35m[HTTP][39m [37m<-- GET /wd/hub/session/aa0e5445-fcdd-4cee-98c4-1320f33c84ce/window/current/size [39m[32m200[39m [90m12 ms - 99[39m
[35m[HTTP][39m [90m[39m
[35m[HTTP][39m [37m-->[39m [37mPOST[39m [37m/wd/hub/session/aa0e5445-fcdd-4cee-98c4-1320f33c84ce/elements[39m
[35m[HTTP][39m [90m{"using":"-android uiautomator","value":"new UiSelector().description(\"LoginJumpNextBtn\")"}[39m
[35m[HTTP][39m [37m<-- POST /wd/hub/session/aa0e5445-fcdd-4cee-98c4-1320f33c84ce/elements [39m[32m200[39m [90m2931 ms - 89[39m
[35m[HTTP][39m [90m[39m
[35m[HTTP][39m [37m-->[39m [37mGET[39m [37m/wd/hub/session/aa0e5445-fcdd-4cee-98c4-1320f33c84ce[39m
[35m[HTTP][39m [90m{}[39m
[35m[HTTP][39m [37m<-- GET /wd/hub/session/aa0e5445-fcdd-4cee-98c4-1320f33c84ce [39m[32m200[39m [90m6 ms - 1152[39m
[35m[HTTP][39m [90m[39m
[35m[HTTP][39m [37m-->[39m [37mGET[39m [37m/wd/hub/session/aa0e5445-fcdd-4cee-98c4-1320f33c84ce[39m
[35m[HTTP][39m [90m{}[39m
[35m[HTTP][39m [37m<-- GET /wd/hub/session/aa0e5445-fcdd-4cee-98c4-1320f33c84ce [39m[32m200[39m [90m4 ms - 1152[39m
[35m[HTTP][39m [90m[39m
[35m[HTTP][39m [37m-->[39m [37mGET[39m [37m/wd/hub/session/aa0e5445-fcdd-4cee-98c4-1320f33c84ce[39m
[35m[HTTP][39m [90m{}[39m
[35m[HTTP][39m [37m<-- GET /wd/hub/session/aa0e5445-fcdd-4cee-98c4-1320f33c84ce [39m[32m200[39m [90m7 ms - 1152[39m
[35m[HTTP][39m [90m[39m
[35m[HTTP][39m [37m-->[39m [37mGET[39m [37m/wd/hub/session/aa0e5445-fcdd-4cee-98c4-1320f33c84ce[39m
[35m[HTTP][39m [90m{}[39m
[35m[HTTP][39m [37m<-- GET /wd/hub/session/aa0e5445-fcdd-4cee-98c4-1320f33c84ce [39m[32m200[39m [90m6 ms - 1152[39m
[35m[HTTP][39m [90m[39m
[35m[HTTP][39m [37m-->[39m [37mGET[39m [37m/wd/hub/session/aa0e5445-fcdd-4cee-98c4-1320f33c84ce/element/9/location[39m
[35m[HTTP][39m [90m{}[39m
[35m[HTTP][39m [37m<-- GET /wd/hub/session/aa0e5445-fcdd-4cee-98c4-1320f33c84ce/element/9/location [39m[32m200[39m [90m706 ms - 88[39m
[35m[HTTP][39m [90m[39m
[35m[HTTP][39m [37m-->[39m [37mGET[39m [37m/wd/hub/session/aa0e5445-fcdd-4cee-98c4-1320f33c84ce/element/9/attribute/name[39m
[35m[HTTP][39m [90m{}[39m
[35m[HTTP][39m [37m<-- GET /wd/hub/session/aa0e5445-fcdd-4cee-98c4-1320f33c84ce/element/9/attribute/name [39m[32m200[39m [90m488 ms - 90[39m
[35m[HTTP][39m [90m[39m
[35m[HTTP][39m [37m-->[39m [37mGET[39m [37m/wd/hub/session/aa0e5445-fcdd-4cee-98c4-1320f33c84ce/window/current/size[39m
[35m[HTTP][39m [90m{}[39m
[35m[HTTP][39m [37m<-- GET /wd/hub/session/aa0e5445-fcdd-4cee-98c4-1320f33c84ce/window/current/size [39m[32m200[39m [90m14 ms - 99[39m
[35m[HTTP][39m [90m[39m
[35m[HTTP][39m [37m-->[39m [37mPOST[39m [37m/wd/hub/session/aa0e5445-fcdd-4cee-98c4-1320f33c84ce/elements[39m
[35m[HTTP][39m [90m{"using":"-android uiautomator","value":"new UiSelector().description(\"LoginJumpNextBtn\")"}[39m
[35m[HTTP][39m [37m<-- POST /wd/hub/session/aa0e5445-fcdd-4cee-98c4-1320f33c84ce/elements [39m[32m200[39m [90m2787 ms - 90[39m
[35m[HTTP][39m [90m[39m
[35m[HTTP][39m [37m-->[39m [37mGET[39m [37m/wd/hub/session/aa0e5445-fcdd-4cee-98c4-1320f33c84ce[39m
[35m[HTTP][39m [90m{}[39m
[35m[HTTP][39m [37m<-- GET /wd/hub/session/aa0e5445-fcdd-4cee-98c4-1320f33c84ce [39m[32m200[39m [90m8 ms - 1152[39m
[35m[HTTP][39m [90m[39m
[35m[HTTP][39m [37m-->[39m [37mGET[39m [37m/wd/hub/session/aa0e5445-fcdd-4cee-98c4-1320f33c84ce[39m
[35m[HTTP][39m [90m{}[39m
[35m[HTTP][39m [37m<-- GET /wd/hub/session/aa0e5445-fcdd-4cee-98c4-1320f33c84ce [39m[32m200[39m [90m6 ms - 1152[39m
[35m[HTTP][39m [90m[39m
[35m[HTTP][39m [37m-->[39m [37mGET[39m [37m/wd/hub/session/aa0e5445-fcdd-4cee-98c4-1320f33c84ce[39m
[35m[HTTP][39m [90m{}[39m
[35m[HTTP][39m [37m<-- GET /wd/hub/session/aa0e5445-fcdd-4cee-98c4-1320f33c84ce [39m[32m200[39m [90m5 ms - 1152[39m
[35m[HTTP][39m [90m[39m
[35m[HTTP][39m [37m-->[39m [37mGET[39m [37m/wd/hub/session/aa0e5445-fcdd-4cee-98c4-1320f33c84ce[39m
[35m[HTTP][39m [90m{}[39m
[35m[HTTP][39m [37m<-- GET /wd/hub/session/aa0e5445-fcdd-4cee-98c4-1320f33c84ce [39m[32m200[39m [90m3 ms - 1152[39m
[35m[HTTP][39m [90m[39m
[35m[HTTP][39m [37m-->[39m [37mGET[39m [37m/wd/hub/session/aa0e5445-fcdd-4cee-98c4-1320f33c84ce/element/10/location[39m
[35m[HTTP][39m [90m{}[39m
[35m[HTTP][39m [37m<-- GET /wd/hub/session/aa0e5445-fcdd-4cee-98c4-1320f33c84ce/element/10/location [39m[32m200[39m [90m449 ms - 88[39m
[35m[HTTP][39m [90m[39m
[35m[HTTP][39m [37m-->[39m [37mPOST[39m [37m/wd/hub/session/aa0e5445-fcdd-4cee-98c4-1320f33c84ce/touch/perform[39m
[35m[HTTP][39m [90m{"actions":[{"action":"tap","options":{"element":"10","x":1,"y":1}}]}[39m
[35m[HTTP][39m [37m<-- POST /wd/hub/session/aa0e5445-fcdd-4cee-98c4-1320f33c84ce/touch/perform [39m[32m200[39m [90m1393 ms - 76[39m
[35m[HTTP][39m [90m[39m
[35m[HTTP][39m [37m-->[39m [37mGET[39m [37m/wd/hub/session/aa0e5445-fcdd-4cee-98c4-1320f33c84ce/window/current/size[39m
[35m[HTTP][39m [90m{}[39m
[35m[HTTP][39m [37m<-- GET /wd/hub/session/aa0e5445-fcdd-4cee-98c4-1320f33c84ce/window/current/size [39m[32m200[39m [90m21 ms - 99[39m
[35m[HTTP][39m [90m[39m
[35m[HTTP][39m [37m-->[39m [37mPOST[39m [37m/wd/hub/session/aa0e5445-fcdd-4cee-98c4-1320f33c84ce/elements[39m
[35m[HTTP][39m [90m{"using":"-android uiautomator","value":"new UiSelector().description(\"pinCircleFocus\")"}[39m
[35m[HTTP][39m [37m<-- POST /wd/hub/session/aa0e5445-fcdd-4cee-98c4-1320f33c84ce/elements [39m[32m200[39m [90m3453 ms - 90[39m
[35m[HTTP][39m [90m[39m
[35m[HTTP][39m [37m-->[39m [37mGET[39m [37m/wd/hub/session/aa0e5445-fcdd-4cee-98c4-1320f33c84ce[39m
[35m[HTTP][39m [90m{}[39m
[35m[HTTP][39m [37m<-- GET /wd/hub/session/aa0e5445-fcdd-4cee-98c4-1320f33c84ce [39m[32m200[39m [90m8 ms - 1152[39m
[35m[HTTP][39m [90m[39m
[35m[HTTP][39m [37m-->[39m [37mGET[39m [37m/wd/hub/session/aa0e5445-fcdd-4cee-98c4-1320f33c84ce[39m
[35m[HTTP][39m [90m{}[39m
[35m[HTTP][39m [37m<-- GET /wd/hub/session/aa0e5445-fcdd-4cee-98c4-1320f33c84ce [39m[32m200[39m [90m8 ms - 1152[39m
[35m[HTTP][39m [90m[39m
[35m[HTTP][39m [37m-->[39m [37mGET[39m [37m/wd/hub/session/aa0e5445-fcdd-4cee-98c4-1320f33c84ce[39m
[35m[HTTP][39m [90m{}[39m
[35m[HTTP][39m [37m<-- GET /wd/hub/session/aa0e5445-fcdd-4cee-98c4-1320f33c84ce [39m[32m200[39m [90m5 ms - 1152[39m
[35m[HTTP][39m [90m[39m
[35m[HTTP][39m [37m-->[39m [37mGET[39m [37m/wd/hub/session/aa0e5445-fcdd-4cee-98c4-1320f33c84ce[39m
[35m[HTTP][39m [90m{}[39m
[35m[HTTP][39m [37m<-- GET /wd/hub/session/aa0e5445-fcdd-4cee-98c4-1320f33c84ce [39m[32m200[39m [90m5 ms - 1152[39m
[35m[HTTP][39m [90m[39m
[35m[HTTP][39m [37m-->[39m [37mGET[39m [37m/wd/hub/session/aa0e5445-fcdd-4cee-98c4-1320f33c84ce/element/11/location[39m
[35m[HTTP][39m [90m{}[39m
[35m[HTTP][39m [37m<-- GET /wd/hub/session/aa0e5445-fcdd-4cee-98c4-1320f33c84ce/element/11/location [39m[32m200[39m [90m1460 ms - 89[39m
[35m[HTTP][39m [90m[39m
[35m[HTTP][39m [37m-->[39m [37mGET[39m [37m/wd/hub/session/aa0e5445-fcdd-4cee-98c4-1320f33c84ce/window/current/size[39m
[35m[HTTP][39m [90m{}[39m
[35m[HTTP][39m [37m<-- GET /wd/hub/session/aa0e5445-fcdd-4cee-98c4-1320f33c84ce/window/current/size [39m[32m200[39m [90m13 ms - 99[39m
[35m[HTTP][39m [90m[39m
[35m[HTTP][39m [37m-->[39m [37mPOST[39m [37m/wd/hub/session/aa0e5445-fcdd-4cee-98c4-1320f33c84ce/elements[39m
[35m[HTTP][39m [90m{"using":"-android uiautomator","value":"new UiSelector().description(\"pinCircleFocus\")"}[39m
[35m[HTTP][39m [37m<-- POST /wd/hub/session/aa0e5445-fcdd-4cee-98c4-1320f33c84ce/elements [39m[32m200[39m [90m2469 ms - 90[39m
[35m[HTTP][39m [90m[39m
[35m[HTTP][39m [37m-->[39m [37mGET[39m [37m/wd/hub/session/aa0e5445-fcdd-4cee-98c4-1320f33c84ce[39m
[35m[HTTP][39m [90m{}[39m
[35m[HTTP][39m [37m<-- GET /wd/hub/session/aa0e5445-fcdd-4cee-98c4-1320f33c84ce [39m[32m200[39m [90m10 ms - 1152[39m
[35m[HTTP][39m [90m[39m
[35m[HTTP][39m [37m-->[39m [37mGET[39m [37m/wd/hub/session/aa0e5445-fcdd-4cee-98c4-1320f33c84ce[39m
[35m[HTTP][39m [90m{}[39m
[35m[HTTP][39m [37m<-- GET /wd/hub/session/aa0e5445-fcdd-4cee-98c4-1320f33c84ce [39m[32m200[39m [90m5 ms - 1152[39m
[35m[HTTP][39m [90m[39m
[35m[HTTP][39m [37m-->[39m [37mGET[39m [37m/wd/hub/session/aa0e5445-fcdd-4cee-98c4-1320f33c84ce[39m
[35m[HTTP][39m [90m{}[39m
[35m[HTTP][39m [37m<-- GET /wd/hub/session/aa0e5445-fcdd-4cee-98c4-1320f33c84ce [39m[32m200[39m [90m5 ms - 1152[39m
[35m[HTTP][39m [90m[39m
[35m[HTTP][39m [37m-->[39m [37mGET[39m [37m/wd/hub/session/aa0e5445-fcdd-4cee-98c4-1320f33c84ce[39m
[35m[HTTP][39m [90m{}[39m
[35m[HTTP][39m [37m<-- GET /wd/hub/session/aa0e5445-fcdd-4cee-98c4-1320f33c84ce [39m[32m200[39m [90m5 ms - 1152[39m
[35m[HTTP][39m [90m[39m
[35m[HTTP][39m [37m-->[39m [37mGET[39m [37m/wd/hub/session/aa0e5445-fcdd-4cee-98c4-1320f33c84ce/element/12/location[39m
[35m[HTTP][39m [90m{}[39m
[35m[HTTP][39m [37m<-- GET /wd/hub/session/aa0e5445-fcdd-4cee-98c4-1320f33c84ce/element/12/location [39m[32m200[39m [90m1383 ms - 89[39m
[35m[HTTP][39m [90m[39m
[35m[HTTP][39m [37m-->[39m [37mGET[39m [37m/wd/hub/session/aa0e5445-fcdd-4cee-98c4-1320f33c84ce/element/12/attribute/name[39m
[35m[HTTP][39m [90m{}[39m
[35m[HTTP][39m [37m<-- GET /wd/hub/session/aa0e5445-fcdd-4cee-98c4-1320f33c84ce/element/12/attribute/name [39m[32m200[39m [90m1129 ms - 88[39m
[35m[HTTP][39m [90m[39m
[35m[HTTP][39m [37m-->[39m [37mGET[39m [37m/wd/hub/session/aa0e5445-fcdd-4cee-98c4-1320f33c84ce/window/current/size[39m
[35m[HTTP][39m [90m{}[39m
[35m[HTTP][39m [37m<-- GET /wd/hub/session/aa0e5445-fcdd-4cee-98c4-1320f33c84ce/window/current/size [39m[32m200[39m [90m9 ms - 99[39m
[35m[HTTP][39m [90m[39m
[35m[HTTP][39m [37m-->[39m [37mPOST[39m [37m/wd/hub/session/aa0e5445-fcdd-4cee-98c4-1320f33c84ce/elements[39m
[35m[HTTP][39m [90m{"using":"-android uiautomator","value":"new UiSelector().description(\"pinCircleFocus\")"}[39m
[35m[HTTP][39m [37m<-- POST /wd/hub/session/aa0e5445-fcdd-4cee-98c4-1320f33c84ce/elements [39m[32m200[39m [90m1489 ms - 90[39m
[35m[HTTP][39m [90m[39m
[35m[HTTP][39m [37m-->[39m [37mGET[39m [37m/wd/hub/session/aa0e5445-fcdd-4cee-98c4-1320f33c84ce[39m
[35m[HTTP][39m [90m{}[39m
[35m[HTTP][39m [37m<-- GET /wd/hub/session/aa0e5445-fcdd-4cee-98c4-1320f33c84ce [39m[32m200[39m [90m8 ms - 1152[39m
[35m[HTTP][39m [90m[39m
[35m[HTTP][39m [37m-->[39m [37mGET[39m [37m/wd/hub/session/aa0e5445-fcdd-4cee-98c4-1320f33c84ce[39m
[35m[HTTP][39m [90m{}[39m
[35m[HTTP][39m [37m<-- GET /wd/hub/session/aa0e5445-fcdd-4cee-98c4-1320f33c84ce [39m[32m200[39m [90m3 ms - 1152[39m
[35m[HTTP][39m [90m[39m
[35m[HTTP][39m [37m-->[39m [37mGET[39m [37m/wd/hub/session/aa0e5445-fcdd-4cee-98c4-1320f33c84ce[39m
[35m[HTTP][39m [90m{}[39m
[35m[HTTP][39m [37m<-- GET /wd/hub/session/aa0e5445-fcdd-4cee-98c4-1320f33c84ce [39m[32m200[39m [90m4 ms - 1152[39m
[35m[HTTP][39m [90m[39m
[35m[HTTP][39m [37m-->[39m [37mGET[39m [37m/wd/hub/session/aa0e5445-fcdd-4cee-98c4-1320f33c84ce[39m
[35m[HTTP][39m [90m{}[39m
[35m[HTTP][39m [37m<-- GET /wd/hub/session/aa0e5445-fcdd-4cee-98c4-1320f33c84ce [39m[32m200[39m [90m3 ms - 1152[39m
[35m[HTTP][39m [90m[39m
[35m[HTTP][39m [37m-->[39m [37mGET[39m [37m/wd/hub/session/aa0e5445-fcdd-4cee-98c4-1320f33c84ce/element/13/location[39m
[35m[HTTP][39m [90m{}[39m
[35m[HTTP][39m [37m<-- GET /wd/hub/session/aa0e5445-fcdd-4cee-98c4-1320f33c84ce/element/13/location [39m[32m200[39m [90m1400 ms - 89[39m
[35m[HTTP][39m [90m[39m
[35m[HTTP][39m [37m-->[39m [37mPOST[39m [37m/wd/hub/session/aa0e5445-fcdd-4cee-98c4-1320f33c84ce/touch/perform[39m
[35m[HTTP][39m [90m{"actions":[{"action":"tap","options":{"element":"13","x":1,"y":1}}]}[39m
[35m[HTTP][39m [37m<-- POST /wd/hub/session/aa0e5445-fcdd-4cee-98c4-1320f33c84ce/touch/perform [39m[32m200[39m [90m2929 ms - 76[39m
[35m[HTTP][39m [90m[39m
[35m[HTTP][39m [37m-->[39m [37mGET[39m [37m/wd/hub/session/aa0e5445-fcdd-4cee-98c4-1320f33c84ce/window/current/size[39m
[35m[HTTP][39m [90m{}[39m
[35m[HTTP][39m [37m<-- GET /wd/hub/session/aa0e5445-fcdd-4cee-98c4-1320f33c84ce/window/current/size [39m[32m200[39m [90m20 ms - 99[39m
[35m[HTTP][39m [90m[39m
[35m[HTTP][39m [37m-->[39m [37mPOST[39m [37m/wd/hub/session/aa0e5445-fcdd-4cee-98c4-1320f33c84ce/elements[39m
[35m[HTTP][39m [90m{"using":"-android uiautomator","value":"new UiSelector().description(\"pinCircleFocus\")"}[39m
[35m[HTTP][39m [37m<-- POST /wd/hub/session/aa0e5445-fcdd-4cee-98c4-1320f33c84ce/elements [39m[32m200[39m [90m2685 ms - 90[39m
[35m[HTTP][39m [90m[39m
[35m[HTTP][39m [37m-->[39m [37mGET[39m [37m/wd/hub/session/aa0e5445-fcdd-4cee-98c4-1320f33c84ce[39m
[35m[HTTP][39m [90m{}[39m
[35m[HTTP][39m [37m<-- GET /wd/hub/session/aa0e5445-fcdd-4cee-98c4-1320f33c84ce [39m[32m200[39m [90m15 ms - 1152[39m
[35m[HTTP][39m [90m[39m
[35m[HTTP][39m [37m-->[39m [37mGET[39m [37m/wd/hub/session/aa0e5445-fcdd-4cee-98c4-1320f33c84ce[39m
[35m[HTTP][39m [90m{}[39m
[35m[HTTP][39m [37m<-- GET /wd/hub/session/aa0e5445-fcdd-4cee-98c4-1320f33c84ce [39m[32m200[39m [90m3 ms - 1152[39m
[35m[HTTP][39m [90m[39m
[35m[HTTP][39m [37m-->[39m [37mGET[39m [37m/wd/hub/session/aa0e5445-fcdd-4cee-98c4-1320f33c84ce[39m
[35m[HTTP][39m [90m{}[39m
[35m[HTTP][39m [37m<-- GET /wd/hub/session/aa0e5445-fcdd-4cee-98c4-1320f33c84ce [39m[32m200[39m [90m5 ms - 1152[39m
[35m[HTTP][39m [90m[39m
[35m[HTTP][39m [37m-->[39m [37mGET[39m [37m/wd/hub/session/aa0e5445-fcdd-4cee-98c4-1320f33c84ce[39m
[35m[HTTP][39m [90m{}[39m
[35m[HTTP][39m [37m<-- GET /wd/hub/session/aa0e5445-fcdd-4cee-98c4-1320f33c84ce [39m[32m200[39m [90m3 ms - 1152[39m
[35m[HTTP][39m [90m[39m
[35m[HTTP][39m [37m-->[39m [37mGET[39m [37m/wd/hub/session/aa0e5445-fcdd-4cee-98c4-1320f33c84ce/element/14/location[39m
[35m[HTTP][39m [90m{}[39m
[35m[HTTP][39m [37m<-- GET /wd/hub/session/aa0e5445-fcdd-4cee-98c4-1320f33c84ce/element/14/location [39m[32m200[39m [90m481 ms - 89[39m
[35m[HTTP][39m [90m[39m
[35m[HTTP][39m [37m-->[39m [37mPOST[39m [37m/wd/hub/session/aa0e5445-fcdd-4cee-98c4-1320f33c84ce/element/14/clear[39m
[35m[HTTP][39m [90m{"id":"14"}[39m
[35m[HTTP][39m [37m<-- POST /wd/hub/session/aa0e5445-fcdd-4cee-98c4-1320f33c84ce/element/14/clear [39m[32m200[39m [90m7928 ms - 76[39m
[35m[HTTP][39m [90m[39m
[35m[HTTP][39m [37m-->[39m [37mPOST[39m [37m/wd/hub/session/aa0e5445-fcdd-4cee-98c4-1320f33c84ce/element/14/value[39m
[35m[HTTP][39m [90m{"id":"14","value":["123456"]}[39m
[35m[HTTP][39m [37m<-- POST /wd/hub/session/aa0e5445-fcdd-4cee-98c4-1320f33c84ce/element/14/value [39m[32m200[39m [90m9495 ms - 76[39m
[35m[HTTP][39m [90m[39m
[35m[HTTP][39m [37m-->[39m [37mGET[39m [37m/wd/hub/session/aa0e5445-fcdd-4cee-98c4-1320f33c84ce/window/current/size[39m
[35m[HTTP][39m [90m{}[39m
[35m[HTTP][39m [37m<-- GET /wd/hub/session/aa0e5445-fcdd-4cee-98c4-1320f33c84ce/window/current/size [39m[32m200[39m [90m19 ms - 99[39m
[35m[HTTP][39m [90m[39m
[35m[HTTP][39m [37m-->[39m [37mPOST[39m [37m/wd/hub/session/aa0e5445-fcdd-4cee-98c4-1320f33c84ce/elements[39m
[35m[HTTP][39m [90m{"using":"-android uiautomator","value":"new UiSelector().description(\"headerBar_button_hamburgerMenu\")"}[39m
[35m[HTTP][39m [37m<-- POST /wd/hub/session/aa0e5445-fcdd-4cee-98c4-1320f33c84ce/elements [39m[32m200[39m [90m6325 ms - 90[39m
[35m[HTTP][39m [90m[39m
[35m[HTTP][39m [37m-->[39m [37mGET[39m [37m/wd/hub/session/aa0e5445-fcdd-4cee-98c4-1320f33c84ce[39m
[35m[HTTP][39m [90m{}[39m
[35m[HTTP][39m [37m<-- GET /wd/hub/session/aa0e5445-fcdd-4cee-98c4-1320f33c84ce [39m[32m200[39m [90m2 ms - 1152[39m
[35m[HTTP][39m [90m[39m
[35m[HTTP][39m [37m-->[39m [37mGET[39m [37m/wd/hub/session/aa0e5445-fcdd-4cee-98c4-1320f33c84ce[39m
[35m[HTTP][39m [90m{}[39m
[35m[HTTP][39m [37m<-- GET /wd/hub/session/aa0e5445-fcdd-4cee-98c4-1320f33c84ce [39m[32m200[39m [90m2 ms - 1152[39m
[35m[HTTP][39m [90m[39m
[35m[HTTP][39m [37m-->[39m [37mGET[39m [37m/wd/hub/session/aa0e5445-fcdd-4cee-98c4-1320f33c84ce[39m
[35m[HTTP][39m [90m{}[39m
[35m[HTTP][39m [37m<-- GET /wd/hub/session/aa0e5445-fcdd-4cee-98c4-1320f33c84ce [39m[32m200[39m [90m2 ms - 1152[39m
[35m[HTTP][39m [90m[39m
[35m[HTTP][39m [37m-->[39m [37mGET[39m [37m/wd/hub/session/aa0e5445-fcdd-4cee-98c4-1320f33c84ce[39m
[35m[HTTP][39m [90m{}[39m
[35m[HTTP][39m [37m<-- GET /wd/hub/session/aa0e5445-fcdd-4cee-98c4-1320f33c84ce [39m[32m200[39m [90m4 ms - 1152[39m
[35m[HTTP][39m [90m[39m
[35m[HTTP][39m [37m-->[39m [37mGET[39m [37m/wd/hub/session/aa0e5445-fcdd-4cee-98c4-1320f33c84ce/element/15/location[39m
[35m[HTTP][39m [90m{}[39m
[35m[HTTP][39m [37m<-- GET /wd/hub/session/aa0e5445-fcdd-4cee-98c4-1320f33c84ce/element/15/location [39m[32m200[39m [90m1229 ms - 87[39m
[35m[HTTP][39m [90m[39m
[35m[HTTP][39m [37m-->[39m [37mGET[39m [37m/wd/hub/session/aa0e5445-fcdd-4cee-98c4-1320f33c84ce/window/current/size[39m
[35m[HTTP][39m [90m{}[39m
[35m[HTTP][39m [37m<-- GET /wd/hub/session/aa0e5445-fcdd-4cee-98c4-1320f33c84ce/window/current/size [39m[32m200[39m [90m8 ms - 99[39m
[35m[HTTP][39m [90m[39m
[35m[HTTP][39m [37m-->[39m [37mPOST[39m [37m/wd/hub/session/aa0e5445-fcdd-4cee-98c4-1320f33c84ce/elements[39m
[35m[HTTP][39m [90m{"using":"-android uiautomator","value":"new UiSelector().description(\"headerBar_button_hamburgerMenu\")"}[39m
[35m[HTTP][39m [37m<-- POST /wd/hub/session/aa0e5445-fcdd-4cee-98c4-1320f33c84ce/elements [39m[32m200[39m [90m2714 ms - 90[39m
[35m[HTTP][39m [90m[39m
[35m[HTTP][39m [37m-->[39m [37mGET[39m [37m/wd/hub/session/aa0e5445-fcdd-4cee-98c4-1320f33c84ce[39m
[35m[HTTP][39m [90m{}[39m
[35m[HTTP][39m [37m<-- GET /wd/hub/session/aa0e5445-fcdd-4cee-98c4-1320f33c84ce [39m[32m200[39m [90m5 ms - 1152[39m
[35m[HTTP][39m [90m[39m
[35m[HTTP][39m [37m-->[39m [37mGET[39m [37m/wd/hub/session/aa0e5445-fcdd-4cee-98c4-1320f33c84ce[39m
[35m[HTTP][39m [90m{}[39m
[35m[HTTP][39m [37m<-- GET /wd/hub/session/aa0e5445-fcdd-4cee-98c4-1320f33c84ce [39m[32m200[39m [90m5 ms - 1152[39m
[35m[HTTP][39m [90m[39m
[35m[HTTP][39m [37m-->[39m [37mGET[39m [37m/wd/hub/session/aa0e5445-fcdd-4cee-98c4-1320f33c84ce[39m
[35m[HTTP][39m [90m{}[39m
[35m[HTTP][39m [37m<-- GET /wd/hub/session/aa0e5445-fcdd-4cee-98c4-1320f33c84ce [39m[32m200[39m [90m4 ms - 1152[39m
[35m[HTTP][39m [90m[39m
[35m[HTTP][39m [37m-->[39m [37mGET[39m [37m/wd/hub/session/aa0e5445-fcdd-4cee-98c4-1320f33c84ce[39m
[35m[HTTP][39m [90m{}[39m
[35m[HTTP][39m [37m<-- GET /wd/hub/session/aa0e5445-fcdd-4cee-98c4-1320f33c84ce [39m[32m200[39m [90m8 ms - 1152[39m
[35m[HTTP][39m [90m[39m
[35m[HTTP][39m [37m-->[39m [37mGET[39m [37m/wd/hub/session/aa0e5445-fcdd-4cee-98c4-1320f33c84ce/element/16/location[39m
[35m[HTTP][39m [90m{}[39m
[35m[HTTP][39m [37m<-- GET /wd/hub/session/aa0e5445-fcdd-4cee-98c4-1320f33c84ce/element/16/location [39m[32m200[39m [90m2347 ms - 87[39m
[35m[HTTP][39m [90m[39m
[35m[HTTP][39m [37m-->[39m [37mGET[39m [37m/wd/hub/session/aa0e5445-fcdd-4cee-98c4-1320f33c84ce/element/16/attribute/name[39m
[35m[HTTP][39m [90m{}[39m
[35m[HTTP][39m [37m<-- GET /wd/hub/session/aa0e5445-fcdd-4cee-98c4-1320f33c84ce/element/16/attribute/name [39m[32m200[39m [90m578 ms - 104[39m
[35m[HTTP][39m [90m[39m
[35m[HTTP][39m [37m-->[39m [37mGET[39m [37m/wd/hub/session/aa0e5445-fcdd-4cee-98c4-1320f33c84ce/window/current/size[39m
[35m[HTTP][39m [90m{}[39m
[35m[HTTP][39m [37m<-- GET /wd/hub/session/aa0e5445-fcdd-4cee-98c4-1320f33c84ce/window/current/size [39m[32m200[39m [90m9 ms - 99[39m
[35m[HTTP][39m [90m[39m
[35m[HTTP][39m [37m-->[39m [37mPOST[39m [37m/wd/hub/session/aa0e5445-fcdd-4cee-98c4-1320f33c84ce/elements[39m
[35m[HTTP][39m [90m{"using":"-android uiautomator","value":"new UiSelector().description(\"headerBar_button_hamburgerMenu\")"}[39m
[35m[HTTP][39m [37m<-- POST /wd/hub/session/aa0e5445-fcdd-4cee-98c4-1320f33c84ce/elements [39m[32m200[39m [90m2349 ms - 90[39m
[35m[HTTP][39m [90m[39m
[35m[HTTP][39m [37m-->[39m [37mGET[39m [37m/wd/hub/session/aa0e5445-fcdd-4cee-98c4-1320f33c84ce[39m
[35m[HTTP][39m [90m{}[39m
[35m[HTTP][39m [37m<-- GET /wd/hub/session/aa0e5445-fcdd-4cee-98c4-1320f33c84ce [39m[32m200[39m [90m7 ms - 1152[39m
[35m[HTTP][39m [90m[39m
[35m[HTTP][39m [37m-->[39m [37mGET[39m [37m/wd/hub/session/aa0e5445-fcdd-4cee-98c4-1320f33c84ce[39m
[35m[HTTP][39m [90m{}[39m
[35m[HTTP][39m [37m<-- GET /wd/hub/session/aa0e5445-fcdd-4cee-98c4-1320f33c84ce [39m[32m200[39m [90m12 ms - 1152[39m
[35m[HTTP][39m [90m[39m
[35m[HTTP][39m [37m-->[39m [37mGET[39m [37m/wd/hub/session/aa0e5445-fcdd-4cee-98c4-1320f33c84ce[39m
[35m[HTTP][39m [90m{}[39m
[35m[HTTP][39m [37m<-- GET /wd/hub/session/aa0e5445-fcdd-4cee-98c4-1320f33c84ce [39m[32m200[39m [90m4 ms - 1152[39m
[35m[HTTP][39m [90m[39m
[35m[HTTP][39m [37m-->[39m [37mGET[39m [37m/wd/hub/session/aa0e5445-fcdd-4cee-98c4-1320f33c84ce[39m
[35m[HTTP][39m [90m{}[39m
[35m[HTTP][39m [37m<-- GET /wd/hub/session/aa0e5445-fcdd-4cee-98c4-1320f33c84ce [39m[32m200[39m [90m4 ms - 1152[39m
[35m[HTTP][39m [90m[39m
[35m[HTTP][39m [37m-->[39m [37mGET[39m [37m/wd/hub/session/aa0e5445-fcdd-4cee-98c4-1320f33c84ce/element/17/location[39m
[35m[HTTP][39m [90m{}[39m
[35m[HTTP][39m [37m<-- GET /wd/hub/session/aa0e5445-fcdd-4cee-98c4-1320f33c84ce/element/17/location [39m[32m200[39m [90m990 ms - 87[39m
[35m[HTTP][39m [90m[39m
[35m[HTTP][39m [37m-->[39m [37mPOST[39m [37m/wd/hub/session/aa0e5445-fcdd-4cee-98c4-1320f33c84ce/touch/perform[39m
[35m[HTTP][39m [90m{"actions":[{"action":"tap","options":{"element":"17","x":1,"y":1}}]}[39m
[35m[HTTP][39m [37m<-- POST /wd/hub/session/aa0e5445-fcdd-4cee-98c4-1320f33c84ce/touch/perform [39m[32m200[39m [90m1169 ms - 76[39m
[35m[HTTP][39m [90m[39m
[35m[HTTP][39m [37m-->[39m [37mGET[39m [37m/wd/hub/session/aa0e5445-fcdd-4cee-98c4-1320f33c84ce/window/current/size[39m
[35m[HTTP][39m [90m{}[39m
[35m[HTTP][39m [37m<-- GET /wd/hub/session/aa0e5445-fcdd-4cee-98c4-1320f33c84ce/window/current/size [39m[32m200[39m [90m18 ms - 99[39m
[35m[HTTP][39m [90m[39m
[35m[HTTP][39m [37m-->[39m [37mPOST[39m [37m/wd/hub/session/aa0e5445-fcdd-4cee-98c4-1320f33c84ce/elements[39m
[35m[HTTP][39m [90m{"using":"-android uiautomator","value":"new UiSelector().description(\"aturTokoMenuItem\")"}[39m
[35m[HTTP][39m [37m<-- POST /wd/hub/session/aa0e5445-fcdd-4cee-98c4-1320f33c84ce/elements [39m[32m200[39m [90m8394 ms - 107[39m
[35m[HTTP][39m [90m[39m
[35m[HTTP][39m [37m-->[39m [37mGET[39m [37m/wd/hub/session/aa0e5445-fcdd-4cee-98c4-1320f33c84ce[39m
[35m[HTTP][39m [90m{}[39m
[35m[HTTP][39m [37m<-- GET /wd/hub/session/aa0e5445-fcdd-4cee-98c4-1320f33c84ce [39m[32m200[39m [90m7 ms - 1152[39m
[35m[HTTP][39m [90m[39m
[35m[HTTP][39m [37m-->[39m [37mGET[39m [37m/wd/hub/session/aa0e5445-fcdd-4cee-98c4-1320f33c84ce[39m
[35m[HTTP][39m [90m{}[39m
[35m[HTTP][39m [37m<-- GET /wd/hub/session/aa0e5445-fcdd-4cee-98c4-1320f33c84ce [39m[32m200[39m [90m7 ms - 1152[39m
[35m[HTTP][39m [90m[39m
[35m[HTTP][39m [37m-->[39m [37mGET[39m [37m/wd/hub/session/aa0e5445-fcdd-4cee-98c4-1320f33c84ce[39m
[35m[HTTP][39m [90m{}[39m
[35m[HTTP][39m [37m<-- GET /wd/hub/session/aa0e5445-fcdd-4cee-98c4-1320f33c84ce [39m[32m200[39m [90m3 ms - 1152[39m
[35m[HTTP][39m [90m[39m
[35m[HTTP][39m [37m-->[39m [37mGET[39m [37m/wd/hub/session/aa0e5445-fcdd-4cee-98c4-1320f33c84ce[39m
[35m[HTTP][39m [90m{}[39m
[35m[HTTP][39m [37m<-- GET /wd/hub/session/aa0e5445-fcdd-4cee-98c4-1320f33c84ce [39m[32m200[39m [90m3 ms - 1152[39m
[35m[HTTP][39m [90m[39m
[35m[HTTP][39m [37m-->[39m [37mGET[39m [37m/wd/hub/session/aa0e5445-fcdd-4cee-98c4-1320f33c84ce[39m
[35m[HTTP][39m [90m{}[39m
[35m[HTTP][39m [37m<-- GET /wd/hub/session/aa0e5445-fcdd-4cee-98c4-1320f33c84ce [39m[32m200[39m [90m3 ms - 1152[39m
[35m[HTTP][39m [90m[39m
[35m[HTTP][39m [37m-->[39m [37mGET[39m [37m/wd/hub/session/aa0e5445-fcdd-4cee-98c4-1320f33c84ce[39m
[35m[HTTP][39m [90m{}[39m
[35m[HTTP][39m [37m<-- GET /wd/hub/session/aa0e5445-fcdd-4cee-98c4-1320f33c84ce [39m[32m200[39m [90m4 ms - 1152[39m
[35m[HTTP][39m [90m[39m
[35m[HTTP][39m [37m-->[39m [37mGET[39m [37m/wd/hub/session/aa0e5445-fcdd-4cee-98c4-1320f33c84ce[39m
[35m[HTTP][39m [90m{}[39m
[35m[HTTP][39m [37m<-- GET /wd/hub/session/aa0e5445-fcdd-4cee-98c4-1320f33c84ce [39m[32m200[39m [90m3 ms - 1152[39m
[35m[HTTP][39m [90m[39m
[35m[HTTP][39m [37m-->[39m [37mGET[39m [37m/wd/hub/session/aa0e5445-fcdd-4cee-98c4-1320f33c84ce[39m
[35m[HTTP][39m [90m{}[39m
[35m[HTTP][39m [37m<-- GET /wd/hub/session/aa0e5445-fcdd-4cee-98c4-1320f33c84ce [39m[32m200[39m [90m4 ms - 1152[39m
[35m[HTTP][39m [90m[39m
[35m[HTTP][39m [37m-->[39m [37mGET[39m [37m/wd/hub/session/aa0e5445-fcdd-4cee-98c4-1320f33c84ce/element/18/location[39m
[35m[HTTP][39m [90m{}[39m
[35m[HTTP][39m [37m<-- GET /wd/hub/session/aa0e5445-fcdd-4cee-98c4-1320f33c84ce/element/18/location [39m[32m200[39m [90m1322 ms - 87[39m
[35m[HTTP][39m [90m[39m
[35m[HTTP][39m [37m-->[39m [37mGET[39m [37m/wd/hub/session/aa0e5445-fcdd-4cee-98c4-1320f33c84ce/element/18/attribute/name[39m
[35m[HTTP][39m [90m{}[39m
[35m[HTTP][39m [37m<-- GET /wd/hub/session/aa0e5445-fcdd-4cee-98c4-1320f33c84ce/element/18/attribute/name [39m[32m200[39m [90m1060 ms - 90[39m
[35m[HTTP][39m [90m[39m
[35m[HTTP][39m [37m-->[39m [37mGET[39m [37m/wd/hub/session/aa0e5445-fcdd-4cee-98c4-1320f33c84ce/window/current/size[39m
[35m[HTTP][39m [90m{}[39m
[35m[HTTP][39m [37m<-- GET /wd/hub/session/aa0e5445-fcdd-4cee-98c4-1320f33c84ce/window/current/size [39m[32m200[39m [90m17 ms - 99[39m
[35m[HTTP][39m [90m[39m
[35m[HTTP][39m [37m-->[39m [37mPOST[39m [37m/wd/hub/session/aa0e5445-fcdd-4cee-98c4-1320f33c84ce/elements[39m
[35m[HTTP][39m [90m{"using":"-android uiautomator","value":"new UiSelector().description(\"aturTokoMenuItem\")"}[39m
[35m[HTTP][39m [37m<-- POST /wd/hub/session/aa0e5445-fcdd-4cee-98c4-1320f33c84ce/elements [39m[32m200[39m [90m4483 ms - 107[39m
[35m[HTTP][39m [90m[39m
[35m[HTTP][39m [37m-->[39m [37mGET[39m [37m/wd/hub/session/aa0e5445-fcdd-4cee-98c4-1320f33c84ce[39m
[35m[HTTP][39m [90m{}[39m
[35m[HTTP][39m [37m<-- GET /wd/hub/session/aa0e5445-fcdd-4cee-98c4-1320f33c84ce [39m[32m200[39m [90m7 ms - 1152[39m
[35m[HTTP][39m [90m[39m
[35m[HTTP][39m [37m-->[39m [37mGET[39m [37m/wd/hub/session/aa0e5445-fcdd-4cee-98c4-1320f33c84ce[39m
[35m[HTTP][39m [90m{}[39m
[35m[HTTP][39m [37m<-- GET /wd/hub/session/aa0e5445-fcdd-4cee-98c4-1320f33c84ce [39m[32m200[39m [90m8 ms - 1152[39m
[35m[HTTP][39m [90m[39m
[35m[HTTP][39m [37m-->[39m [37mGET[39m [37m/wd/hub/session/aa0e5445-fcdd-4cee-98c4-1320f33c84ce[39m
[35m[HTTP][39m [90m{}[39m
[35m[HTTP][39m [37m<-- GET /wd/hub/session/aa0e5445-fcdd-4cee-98c4-1320f33c84ce [39m[32m200[39m [90m6 ms - 1152[39m
[35m[HTTP][39m [90m[39m
[35m[HTTP][39m [37m-->[39m [37mGET[39m [37m/wd/hub/session/aa0e5445-fcdd-4cee-98c4-1320f33c84ce[39m
[35m[HTTP][39m [90m{}[39m
[35m[HTTP][39m [37m<-- GET /wd/hub/session/aa0e5445-fcdd-4cee-98c4-1320f33c84ce [39m[32m200[39m [90m4 ms - 1152[39m
[35m[HTTP][39m [90m[39m
[35m[HTTP][39m [37m-->[39m [37mGET[39m [37m/wd/hub/session/aa0e5445-fcdd-4cee-98c4-1320f33c84ce[39m
[35m[HTTP][39m [90m{}[39m
[35m[HTTP][39m [37m<-- GET /wd/hub/session/aa0e5445-fcdd-4cee-98c4-1320f33c84ce [39m[32m200[39m [90m4 ms - 1152[39m
[35m[HTTP][39m [90m[39m
[35m[HTTP][39m [37m-->[39m [37mGET[39m [37m/wd/hub/session/aa0e5445-fcdd-4cee-98c4-1320f33c84ce[39m
[35m[HTTP][39m [90m{}[39m
[35m[HTTP][39m [37m<-- GET /wd/hub/session/aa0e5445-fcdd-4cee-98c4-1320f33c84ce [39m[32m200[39m [90m6 ms - 1152[39m
[35m[HTTP][39m [90m[39m
[35m[HTTP][39m [37m-->[39m [37mGET[39m [37m/wd/hub/session/aa0e5445-fcdd-4cee-98c4-1320f33c84ce[39m
[35m[HTTP][39m [90m{}[39m
[35m[HTTP][39m [37m<-- GET /wd/hub/session/aa0e5445-fcdd-4cee-98c4-1320f33c84ce [39m[32m200[39m [90m4 ms - 1152[39m
[35m[HTTP][39m [90m[39m
[35m[HTTP][39m [37m-->[39m [37mGET[39m [37m/wd/hub/session/aa0e5445-fcdd-4cee-98c4-1320f33c84ce[39m
[35m[HTTP][39m [90m{}[39m
[35m[HTTP][39m [37m<-- GET /wd/hub/session/aa0e5445-fcdd-4cee-98c4-1320f33c84ce [39m[32m200[39m [90m3 ms - 1152[39m
[35m[HTTP][39m [90m[39m
[35m[HTTP][39m [37m-->[39m [37mGET[39m [37m/wd/hub/session/aa0e5445-fcdd-4cee-98c4-1320f33c84ce/element/20/location[39m
[35m[HTTP][39m [90m{}[39m
[35m[HTTP][39m [37m<-- GET /wd/hub/session/aa0e5445-fcdd-4cee-98c4-1320f33c84ce/element/20/location [39m[32m200[39m [90m403 ms - 87[39m
[35m[HTTP][39m [90m[39m
[35m[HTTP][39m [37m-->[39m [37mPOST[39m [37m/wd/hub/session/aa0e5445-fcdd-4cee-98c4-1320f33c84ce/touch/perform[39m
[35m[HTTP][39m [90m{"actions":[{"action":"tap","options":{"element":"20","x":1,"y":1}}]}[39m
[35m[HTTP][39m [37m<-- POST /wd/hub/session/aa0e5445-fcdd-4cee-98c4-1320f33c84ce/touch/perform [39m[32m200[39m [90m4156 ms - 76[39m
[35m[HTTP][39m [90m[39m
[35m[HTTP][39m [37m-->[39m [37mGET[39m [37m/wd/hub/session/aa0e5445-fcdd-4cee-98c4-1320f33c84ce/window/current/size[39m
[35m[HTTP][39m [90m{}[39m
[35m[HTTP][39m [37m<-- GET /wd/hub/session/aa0e5445-fcdd-4cee-98c4-1320f33c84ce/window/current/size [39m[32m200[39m [90m15 ms - 99[39m
[35m[HTTP][39m [90m[39m
[35m[HTTP][39m [37m-->[39m [37mPOST[39m [37m/wd/hub/session/aa0e5445-fcdd-4cee-98c4-1320f33c84ce/elements[39m
[35m[HTTP][39m [90m{"using":"-android uiautomator","value":"new UiSelector().description(\"tokoListScreen_button_edc\")"}[39m
[35m[HTTP][39m [37m<-- POST /wd/hub/session/aa0e5445-fcdd-4cee-98c4-1320f33c84ce/elements [39m[32m200[39m [90m3908 ms - 90[39m
[35m[HTTP][39m [90m[39m
[35m[HTTP][39m [37m-->[39m [37mGET[39m [37m/wd/hub/session/aa0e5445-fcdd-4cee-98c4-1320f33c84ce[39m
[35m[HTTP][39m [90m{}[39m
[35m[HTTP][39m [37m<-- GET /wd/hub/session/aa0e5445-fcdd-4cee-98c4-1320f33c84ce [39m[32m200[39m [90m8 ms - 1152[39m
[35m[HTTP][39m [90m[39m
[35m[HTTP][39m [37m-->[39m [37mGET[39m [37m/wd/hub/session/aa0e5445-fcdd-4cee-98c4-1320f33c84ce[39m
[35m[HTTP][39m [90m{}[39m
[35m[HTTP][39m [37m<-- GET /wd/hub/session/aa0e5445-fcdd-4cee-98c4-1320f33c84ce [39m[32m200[39m [90m7 ms - 1152[39m
[35m[HTTP][39m [90m[39m
[35m[HTTP][39m [37m-->[39m [37mGET[39m [37m/wd/hub/session/aa0e5445-fcdd-4cee-98c4-1320f33c84ce[39m
[35m[HTTP][39m [90m{}[39m
[35m[HTTP][39m [37m<-- GET /wd/hub/session/aa0e5445-fcdd-4cee-98c4-1320f33c84ce [39m[32m200[39m [90m7 ms - 1152[39m
[35m[HTTP][39m [90m[39m
[35m[HTTP][39m [37m-->[39m [37mGET[39m [37m/wd/hub/session/aa0e5445-fcdd-4cee-98c4-1320f33c84ce[39m
[35m[HTTP][39m [90m{}[39m
[35m[HTTP][39m [37m<-- GET /wd/hub/session/aa0e5445-fcdd-4cee-98c4-1320f33c84ce [39m[32m200[39m [90m4 ms - 1152[39m
[35m[HTTP][39m [90m[39m
[35m[HTTP][39m [37m-->[39m [37mGET[39m [37m/wd/hub/session/aa0e5445-fcdd-4cee-98c4-1320f33c84ce/element/22/location[39m
[35m[HTTP][39m [90m{}[39m
[35m[HTTP][39m [37m<-- GET /wd/hub/session/aa0e5445-fcdd-4cee-98c4-1320f33c84ce/element/22/location [39m[32m200[39m [90m473 ms - 87[39m
[35m[HTTP][39m [90m[39m
[35m[HTTP][39m [37m-->[39m [37mGET[39m [37m/wd/hub/session/aa0e5445-fcdd-4cee-98c4-1320f33c84ce/element/22/displayed[39m
[35m[HTTP][39m [90m{}[39m
[35m[HTTP][39m [37m<-- GET /wd/hub/session/aa0e5445-fcdd-4cee-98c4-1320f33c84ce/element/22/displayed [39m[32m200[39m [90m1266 ms - 76[39m
[35m[HTTP][39m [90m[39m
[35m[HTTP][39m [37m-->[39m [37mGET[39m [37m/wd/hub/session/aa0e5445-fcdd-4cee-98c4-1320f33c84ce/window/current/size[39m
[35m[HTTP][39m [90m{}[39m
[35m[HTTP][39m [37m<-- GET /wd/hub/session/aa0e5445-fcdd-4cee-98c4-1320f33c84ce/window/current/size [39m[32m200[39m [90m45 ms - 99[39m
[35m[HTTP][39m [90m[39m
[35m[HTTP][39m [37m-->[39m [37mPOST[39m [37m/wd/hub/session/aa0e5445-fcdd-4cee-98c4-1320f33c84ce/elements[39m
[35m[HTTP][39m [90m{"using":"-android uiautomator","value":"new UiSelector().description(\"tokoListScreen_button_edc\")"}[39m
[35m[HTTP][39m [37m<-- POST /wd/hub/session/aa0e5445-fcdd-4cee-98c4-1320f33c84ce/elements [39m[32m200[39m [90m2157 ms - 90[39m
[35m[HTTP][39m [90m[39m
[35m[HTTP][39m [37m-->[39m [37mGET[39m [37m/wd/hub/session/aa0e5445-fcdd-4cee-98c4-1320f33c84ce[39m
[35m[HTTP][39m [90m{}[39m
[35m[HTTP][39m [37m<-- GET /wd/hub/session/aa0e5445-fcdd-4cee-98c4-1320f33c84ce [39m[32m200[39m [90m8 ms - 1152[39m
[35m[HTTP][39m [90m[39m
[35m[HTTP][39m [37m-->[39m [37mGET[39m [37m/wd/hub/session/aa0e5445-fcdd-4cee-98c4-1320f33c84ce[39m
[35m[HTTP][39m [90m{}[39m
[35m[HTTP][39m [37m<-- GET /wd/hub/session/aa0e5445-fcdd-4cee-98c4-1320f33c84ce [39m[32m200[39m [90m10 ms - 1152[39m
[35m[HTTP][39m [90m[39m
[35m[HTTP][39m [37m-->[39m [37mGET[39m [37m/wd/hub/session/aa0e5445-fcdd-4cee-98c4-1320f33c84ce[39m
[35m[HTTP][39m [90m{}[39m
[35m[HTTP][39m [37m<-- GET /wd/hub/session/aa0e5445-fcdd-4cee-98c4-1320f33c84ce [39m[32m200[39m [90m4 ms - 1152[39m
[35m[HTTP][39m [90m[39m
[35m[HTTP][39m [37m-->[39m [37mGET[39m [37m/wd/hub/session/aa0e5445-fcdd-4cee-98c4-1320f33c84ce[39m
[35m[HTTP][39m [90m{}[39m
[35m[HTTP][39m [37m<-- GET /wd/hub/session/aa0e5445-fcdd-4cee-98c4-1320f33c84ce [39m[32m200[39m [90m5 ms - 1152[39m
[35m[HTTP][39m [90m[39m
[35m[HTTP][39m [37m-->[39m [37mGET[39m [37m/wd/hub/session/aa0e5445-fcdd-4cee-98c4-1320f33c84ce/element/23/location[39m
[35m[HTTP][39m [90m{}[39m
[35m[HTTP][39m [37m<-- GET /wd/hub/session/aa0e5445-fcdd-4cee-98c4-1320f33c84ce/element/23/location [39m[32m200[39m [90m452 ms - 87[39m
[35m[HTTP][39m [90m[39m
[35m[HTTP][39m [37m-->[39m [37mGET[39m [37m/wd/hub/session/aa0e5445-fcdd-4cee-98c4-1320f33c84ce/element/23/attribute/name[39m
[35m[HTTP][39m [90m{}[39m
[35m[HTTP][39m [37m<-- GET /wd/hub/session/aa0e5445-fcdd-4cee-98c4-1320f33c84ce/element/23/attribute/name [39m[32m200[39m [90m1327 ms - 99[39m
[35m[HTTP][39m [90m[39m
[35m[HTTP][39m [37m-->[39m [37mGET[39m [37m/wd/hub/session/aa0e5445-fcdd-4cee-98c4-1320f33c84ce/window/current/size[39m
[35m[HTTP][39m [90m{}[39m
[35m[HTTP][39m [37m<-- GET /wd/hub/session/aa0e5445-fcdd-4cee-98c4-1320f33c84ce/window/current/size [39m[32m200[39m [90m14 ms - 99[39m
[35m[HTTP][39m [90m[39m
[35m[HTTP][39m [37m-->[39m [37mPOST[39m [37m/wd/hub/session/aa0e5445-fcdd-4cee-98c4-1320f33c84ce/elements[39m
[35m[HTTP][39m [90m{"using":"-android uiautomator","value":"new UiSelector().description(\"tokoListScreen_button_printer\")"}[39m
[35m[HTTP][39m [37m<-- POST /wd/hub/session/aa0e5445-fcdd-4cee-98c4-1320f33c84ce/elements [39m[32m200[39m [90m2274 ms - 90[39m
[35m[HTTP][39m [90m[39m
[35m[HTTP][39m [37m-->[39m [37mGET[39m [37m/wd/hub/session/aa0e5445-fcdd-4cee-98c4-1320f33c84ce[39m
[35m[HTTP][39m [90m{}[39m
[35m[HTTP][39m [37m<-- GET /wd/hub/session/aa0e5445-fcdd-4cee-98c4-1320f33c84ce [39m[32m200[39m [90m9 ms - 1152[39m
[35m[HTTP][39m [90m[39m
[35m[HTTP][39m [37m-->[39m [37mGET[39m [37m/wd/hub/session/aa0e5445-fcdd-4cee-98c4-1320f33c84ce[39m
[35m[HTTP][39m [90m{}[39m
[35m[HTTP][39m [37m<-- GET /wd/hub/session/aa0e5445-fcdd-4cee-98c4-1320f33c84ce [39m[32m200[39m [90m13 ms - 1152[39m
[35m[HTTP][39m [90m[39m
[35m[HTTP][39m [37m-->[39m [37mGET[39m [37m/wd/hub/session/aa0e5445-fcdd-4cee-98c4-1320f33c84ce[39m
[35m[HTTP][39m [90m{}[39m
[35m[HTTP][39m [37m<-- GET /wd/hub/session/aa0e5445-fcdd-4cee-98c4-1320f33c84ce [39m[32m200[39m [90m4 ms - 1152[39m
[35m[HTTP][39m [90m[39m
[35m[HTTP][39m [37m-->[39m [37mGET[39m [37m/wd/hub/session/aa0e5445-fcdd-4cee-98c4-1320f33c84ce[39m
[35m[HTTP][39m [90m{}[39m
[35m[HTTP][39m [37m<-- GET /wd/hub/session/aa0e5445-fcdd-4cee-98c4-1320f33c84ce [39m[32m200[39m [90m3 ms - 1152[39m
[35m[HTTP][39m [90m[39m
[35m[HTTP][39m [37m-->[39m [37mGET[39m [37m/wd/hub/session/aa0e5445-fcdd-4cee-98c4-1320f33c84ce/element/24/location[39m
[35m[HTTP][39m [90m{}[39m
[35m[HTTP][39m [37m<-- GET /wd/hub/session/aa0e5445-fcdd-4cee-98c4-1320f33c84ce/element/24/location [39m[32m200[39m [90m442 ms - 87[39m
[35m[HTTP][39m [90m[39m
[35m[HTTP][39m [37m-->[39m [37mGET[39m [37m/wd/hub/session/aa0e5445-fcdd-4cee-98c4-1320f33c84ce/element/24/displayed[39m
[35m[HTTP][39m [90m{}[39m
[35m[HTTP][39m [37m<-- GET /wd/hub/session/aa0e5445-fcdd-4cee-98c4-1320f33c84ce/element/24/displayed [39m[32m200[39m [90m1148 ms - 76[39m
[35m[HTTP][39m [90m[39m
[35m[HTTP][39m [37m-->[39m [37mGET[39m [37m/wd/hub/session/aa0e5445-fcdd-4cee-98c4-1320f33c84ce/window/current/size[39m
[35m[HTTP][39m [90m{}[39m
[35m[HTTP][39m [37m<-- GET /wd/hub/session/aa0e5445-fcdd-4cee-98c4-1320f33c84ce/window/current/size [39m[32m200[39m [90m9 ms - 99[39m
[35m[HTTP][39m [90m[39m
[35m[HTTP][39m [37m-->[39m [37mPOST[39m [37m/wd/hub/session/aa0e5445-fcdd-4cee-98c4-1320f33c84ce/elements[39m
[35m[HTTP][39m [90m{"using":"-android uiautomator","value":"new UiSelector().description(\"tokoListScreen_button_printer\")"}[39m
[35m[HTTP][39m [37m<-- POST /wd/hub/session/aa0e5445-fcdd-4cee-98c4-1320f33c84ce/elements [39m[32m200[39m [90m5644 ms - 90[39m
[35m[HTTP][39m [90m[39m
[35m[HTTP][39m [37m-->[39m [37mGET[39m [37m/wd/hub/session/aa0e5445-fcdd-4cee-98c4-1320f33c84ce[39m
[35m[HTTP][39m [90m{}[39m
[35m[HTTP][39m [37m<-- GET /wd/hub/session/aa0e5445-fcdd-4cee-98c4-1320f33c84ce [39m[32m200[39m [90m7 ms - 1152[39m
[35m[HTTP][39m [90m[39m
[35m[HTTP][39m [37m-->[39m [37mGET[39m [37m/wd/hub/session/aa0e5445-fcdd-4cee-98c4-1320f33c84ce[39m
[35m[HTTP][39m [90m{}[39m
[35m[HTTP][39m [37m<-- GET /wd/hub/session/aa0e5445-fcdd-4cee-98c4-1320f33c84ce [39m[32m200[39m [90m5 ms - 1152[39m
[35m[HTTP][39m [90m[39m
[35m[HTTP][39m [37m-->[39m [37mGET[39m [37m/wd/hub/session/aa0e5445-fcdd-4cee-98c4-1320f33c84ce[39m
[35m[HTTP][39m [90m{}[39m
[35m[HTTP][39m [37m<-- GET /wd/hub/session/aa0e5445-fcdd-4cee-98c4-1320f33c84ce [39m[32m200[39m [90m6 ms - 1152[39m
[35m[HTTP][39m [90m[39m
[35m[HTTP][39m [37m-->[39m [37mGET[39m [37m/wd/hub/session/aa0e5445-fcdd-4cee-98c4-1320f33c84ce[39m
[35m[HTTP][39m [90m{}[39m
[35m[HTTP][39m [37m<-- GET /wd/hub/session/aa0e5445-fcdd-4cee-98c4-1320f33c84ce [39m[32m200[39m [90m5 ms - 1152[39m
[35m[HTTP][39m [90m[39m
[35m[HTTP][39m [37m-->[39m [37mGET[39m [37m/wd/hub/session/aa0e5445-fcdd-4cee-98c4-1320f33c84ce/element/25/location[39m
[35m[HTTP][39m [90m{}[39m
[35m[HTTP][39m [37m<-- GET /wd/hub/session/aa0e5445-fcdd-4cee-98c4-1320f33c84ce/element/25/location [39m[32m200[39m [90m436 ms - 87[39m
[35m[HTTP][39m [90m[39m
[35m[HTTP][39m [37m-->[39m [37mGET[39m [37m/wd/hub/session/aa0e5445-fcdd-4cee-98c4-1320f33c84ce/element/25/attribute/name[39m
[35m[HTTP][39m [90m{}[39m
[35m[HTTP][39m [37m<-- GET /wd/hub/session/aa0e5445-fcdd-4cee-98c4-1320f33c84ce/element/25/attribute/name [39m[32m200[39m [90m528 ms - 103[39m
[35m[HTTP][39m [90m[39m
[35m[HTTP][39m [37m-->[39m [37mGET[39m [37m/wd/hub/session/aa0e5445-fcdd-4cee-98c4-1320f33c84ce/window/current/size[39m
[35m[HTTP][39m [90m{}[39m
[35m[HTTP][39m [37m<-- GET /wd/hub/session/aa0e5445-fcdd-4cee-98c4-1320f33c84ce/window/current/size [39m[32m200[39m [90m18 ms - 99[39m
[35m[HTTP][39m [90m[39m
[35m[HTTP][39m [37m-->[39m [37mPOST[39m [37m/wd/hub/session/aa0e5445-fcdd-4cee-98c4-1320f33c84ce/elements[39m
[35m[HTTP][39m [90m{"using":"-android uiautomator","value":"new UiSelector().description(\"tokoListScreen_button_edc\")"}[39m
[35m[HTTP][39m [37m<-- POST /wd/hub/session/aa0e5445-fcdd-4cee-98c4-1320f33c84ce/elements [39m[32m200[39m [90m7106 ms - 90[39m
[35m[HTTP][39m [90m[39m
[35m[HTTP][39m [37m-->[39m [37mGET[39m [37m/wd/hub/session/aa0e5445-fcdd-4cee-98c4-1320f33c84ce[39m
[35m[HTTP][39m [90m{}[39m
[35m[HTTP][39m [37m<-- GET /wd/hub/session/aa0e5445-fcdd-4cee-98c4-1320f33c84ce [39m[32m200[39m [90m10 ms - 1152[39m
[35m[HTTP][39m [90m[39m
[35m[HTTP][39m [37m-->[39m [37mGET[39m [37m/wd/hub/session/aa0e5445-fcdd-4cee-98c4-1320f33c84ce[39m
[35m[HTTP][39m [90m{}[39m
[35m[HTTP][39m [37m<-- GET /wd/hub/session/aa0e5445-fcdd-4cee-98c4-1320f33c84ce [39m[32m200[39m [90m7 ms - 1152[39m
[35m[HTTP][39m [90m[39m
[35m[HTTP][39m [37m-->[39m [37mGET[39m [37m/wd/hub/session/aa0e5445-fcdd-4cee-98c4-1320f33c84ce[39m
[35m[HTTP][39m [90m{}[39m
[35m[HTTP][39m [37m<-- GET /wd/hub/session/aa0e5445-fcdd-4cee-98c4-1320f33c84ce [39m[32m200[39m [90m6 ms - 1152[39m
[35m[HTTP][39m [90m[39m
[35m[HTTP][39m [37m-->[39m [37mGET[39m [37m/wd/hub/session/aa0e5445-fcdd-4cee-98c4-1320f33c84ce[39m
[35m[HTTP][39m [90m{}[39m
[35m[HTTP][39m [37m<-- GET /wd/hub/session/aa0e5445-fcdd-4cee-98c4-1320f33c84ce [39m[32m200[39m [90m6 ms - 1152[39m
[35m[HTTP][39m [90m[39m
[35m[HTTP][39m [37m-->[39m [37mGET[39m [37m/wd/hub/session/aa0e5445-fcdd-4cee-98c4-1320f33c84ce/element/26/location[39m
[35m[HTTP][39m [90m{}[39m
[35m[HTTP][39m [37m<-- GET /wd/hub/session/aa0e5445-fcdd-4cee-98c4-1320f33c84ce/element/26/location [39m[32m200[39m [90m453 ms - 87[39m
[35m[HTTP][39m [90m[39m
[35m[HTTP][39m [37m-->[39m [37mGET[39m [37m/wd/hub/session/aa0e5445-fcdd-4cee-98c4-1320f33c84ce/window/current/size[39m
[35m[HTTP][39m [90m{}[39m
[35m[HTTP][39m [37m<-- GET /wd/hub/session/aa0e5445-fcdd-4cee-98c4-1320f33c84ce/window/current/size [39m[32m200[39m [90m13 ms - 99[39m
[35m[HTTP][39m [90m[39m
[35m[HTTP][39m [37m-->[39m [37mPOST[39m [37m/wd/hub/session/aa0e5445-fcdd-4cee-98c4-1320f33c84ce/elements[39m
[35m[HTTP][39m [90m{"using":"-android uiautomator","value":"new UiSelector().description(\"tokoListScreen_button_edc\")"}[39m
[35m[HTTP][39m [37m<-- POST /wd/hub/session/aa0e5445-fcdd-4cee-98c4-1320f33c84ce/elements [39m[32m200[39m [90m2822 ms - 90[39m
[35m[HTTP][39m [90m[39m
[35m[HTTP][39m [37m-->[39m [37mGET[39m [37m/wd/hub/session/aa0e5445-fcdd-4cee-98c4-1320f33c84ce[39m
[35m[HTTP][39m [90m{}[39m
[35m[HTTP][39m [37m<-- GET /wd/hub/session/aa0e5445-fcdd-4cee-98c4-1320f33c84ce [39m[32m200[39m [90m9 ms - 1152[39m
[35m[HTTP][39m [90m[39m
[35m[HTTP][39m [37m-->[39m [37mGET[39m [37m/wd/hub/session/aa0e5445-fcdd-4cee-98c4-1320f33c84ce[39m
[35m[HTTP][39m [90m{}[39m
[35m[HTTP][39m [37m<-- GET /wd/hub/session/aa0e5445-fcdd-4cee-98c4-1320f33c84ce [39m[32m200[39m [90m7 ms - 1152[39m
[35m[HTTP][39m [90m[39m
[35m[HTTP][39m [37m-->[39m [37mGET[39m [37m/wd/hub/session/aa0e5445-fcdd-4cee-98c4-1320f33c84ce[39m
[35m[HTTP][39m [90m{}[39m
[35m[HTTP][39m [37m<-- GET /wd/hub/session/aa0e5445-fcdd-4cee-98c4-1320f33c84ce [39m[32m200[39m [90m10 ms - 1152[39m
[35m[HTTP][39m [90m[39m
[35m[HTTP][39m [37m-->[39m [37mGET[39m [37m/wd/hub/session/aa0e5445-fcdd-4cee-98c4-1320f33c84ce[39m
[35m[HTTP][39m [90m{}[39m
[35m[HTTP][39m [37m<-- GET /wd/hub/session/aa0e5445-fcdd-4cee-98c4-1320f33c84ce [39m[32m200[39m [90m8 ms - 1152[39m
[35m[HTTP][39m [90m[39m
[35m[HTTP][39m [37m-->[39m [37mGET[39m [37m/wd/hub/session/aa0e5445-fcdd-4cee-98c4-1320f33c84ce/element/27/location[39m
[35m[HTTP][39m [90m{}[39m
[35m[HTTP][39m [37m<-- GET /wd/hub/session/aa0e5445-fcdd-4cee-98c4-1320f33c84ce/element/27/location [39m[32m200[39m [90m429 ms - 87[39m
[35m[HTTP][39m [90m[39m
[35m[HTTP][39m [37m-->[39m [37mGET[39m [37m/wd/hub/session/aa0e5445-fcdd-4cee-98c4-1320f33c84ce/element/27/attribute/name[39m
[35m[HTTP][39m [90m{}[39m
[35m[HTTP][39m [37m<-- GET /wd/hub/session/aa0e5445-fcdd-4cee-98c4-1320f33c84ce/element/27/attribute/name [39m[32m200[39m [90m547 ms - 99[39m
[35m[HTTP][39m [90m[39m
[35m[HTTP][39m [37m-->[39m [37mGET[39m [37m/wd/hub/session/aa0e5445-fcdd-4cee-98c4-1320f33c84ce/window/current/size[39m
[35m[HTTP][39m [90m{}[39m
[35m[HTTP][39m [37m<-- GET /wd/hub/session/aa0e5445-fcdd-4cee-98c4-1320f33c84ce/window/current/size [39m[32m200[39m [90m23 ms - 99[39m
[35m[HTTP][39m [90m[39m
[35m[HTTP][39m [37m-->[39m [37mPOST[39m [37m/wd/hub/session/aa0e5445-fcdd-4cee-98c4-1320f33c84ce/elements[39m
[35m[HTTP][39m [90m{"using":"-android uiautomator","value":"new UiSelector().description(\"tokoListScreen_button_edc\")"}[39m
[35m[HTTP][39m [37m<-- POST /wd/hub/session/aa0e5445-fcdd-4cee-98c4-1320f33c84ce/elements [39m[32m200[39m [90m3422 ms - 90[39m
[35m[HTTP][39m [90m[39m
[35m[HTTP][39m [37m-->[39m [37mGET[39m [37m/wd/hub/session/aa0e5445-fcdd-4cee-98c4-1320f33c84ce[39m
[35m[HTTP][39m [90m{}[39m
[35m[HTTP][39m [37m<-- GET /wd/hub/session/aa0e5445-fcdd-4cee-98c4-1320f33c84ce [39m[32m200[39m [90m10 ms - 1152[39m
[35m[HTTP][39m [90m[39m
[35m[HTTP][39m [37m-->[39m [37mGET[39m [37m/wd/hub/session/aa0e5445-fcdd-4cee-98c4-1320f33c84ce[39m
[35m[HTTP][39m [90m{}[39m
[35m[HTTP][39m [37m<-- GET /wd/hub/session/aa0e5445-fcdd-4cee-98c4-1320f33c84ce [39m[32m200[39m [90m4 ms - 1152[39m
[35m[HTTP][39m [90m[39m
[35m[HTTP][39m [37m-->[39m [37mGET[39m [37m/wd/hub/session/aa0e5445-fcdd-4cee-98c4-1320f33c84ce[39m
[35m[HTTP][39m [90m{}[39m
[35m[HTTP][39m [37m<-- GET /wd/hub/session/aa0e5445-fcdd-4cee-98c4-1320f33c84ce [39m[32m200[39m [90m4 ms - 1152[39m
[35m[HTTP][39m [90m[39m
[35m[HTTP][39m [37m-->[39m [37mGET[39m [37m/wd/hub/session/aa0e5445-fcdd-4cee-98c4-1320f33c84ce[39m
[35m[HTTP][39m [90m{}[39m
[35m[HTTP][39m [37m<-- GET /wd/hub/session/aa0e5445-fcdd-4cee-98c4-1320f33c84ce [39m[32m200[39m [90m4 ms - 1152[39m
[35m[HTTP][39m [90m[39m
[35m[HTTP][39m [37m-->[39m [37mGET[39m [37m/wd/hub/session/aa0e5445-fcdd-4cee-98c4-1320f33c84ce/element/28/location[39m
[35m[HTTP][39m [90m{}[39m
[35m[HTTP][39m [37m<-- GET /wd/hub/session/aa0e5445-fcdd-4cee-98c4-1320f33c84ce/element/28/location [39m[32m200[39m [90m524 ms - 87[39m
[35m[HTTP][39m [90m[39m
[35m[HTTP][39m [37m-->[39m [37mPOST[39m [37m/wd/hub/session/aa0e5445-fcdd-4cee-98c4-1320f33c84ce/touch/perform[39m
[35m[HTTP][39m [90m{"actions":[{"action":"tap","options":{"element":"28","x":1,"y":1}}]}[39m
[35m[HTTP][39m [37m<-- POST /wd/hub/session/aa0e5445-fcdd-4cee-98c4-1320f33c84ce/touch/perform [39m[32m200[39m [90m3811 ms - 76[39m
[35m[HTTP][39m [90m[39m
[35m[HTTP][39m [37m-->[39m [37mGET[39m [37m/wd/hub/session/aa0e5445-fcdd-4cee-98c4-1320f33c84ce/context[39m
[35m[HTTP][39m [90m{}[39m
[35m[HTTP][39m [37m<-- GET /wd/hub/session/aa0e5445-fcdd-4cee-98c4-1320f33c84ce/context [39m[32m200[39m [90m3 ms - 84[39m
[35m[HTTP][39m [90m[39m
[35m[HTTP][39m [37m-->[39m [37mGET[39m [37m/wd/hub/session/aa0e5445-fcdd-4cee-98c4-1320f33c84ce/contexts[39m
[35m[HTTP][39m [90m{}[39m
[35m[HTTP][39m [37m<-- GET /wd/hub/session/aa0e5445-fcdd-4cee-98c4-1320f33c84ce/contexts [39m[32m200[39m [90m139 ms - 86[39m
[35m[HTTP][39m [90m[39m
[35m[HTTP][39m [37m-->[39m [37mPOST[39m [37m/wd/hub/session/aa0e5445-fcdd-4cee-98c4-1320f33c84ce/context[39m
[35m[HTTP][39m [90m{"name":"NATIVE_APP"}[39m
[35m[HTTP][39m [37m<-- POST /wd/hub/session/aa0e5445-fcdd-4cee-98c4-1320f33c84ce/context [39m[32m200[39m [90m173 ms - 76[39m
[35m[HTTP][39m [90m[39m
[35m[HTTP][39m [37m-->[39m [37mPOST[39m [37m/wd/hub/session/aa0e5445-fcdd-4cee-98c4-1320f33c84ce/appium/device/press_keycode[39m
[35m[HTTP][39m [90m{"keycode":4}[39m
[35m[HTTP][39m [37m<-- POST /wd/hub/session/aa0e5445-fcdd-4cee-98c4-1320f33c84ce/appium/device/press_keycode [39m[32m200[39m [90m745 ms - 76[39m
[35m[HTTP][39m [90m[39m
[35m[HTTP][39m [37m-->[39m [37mPOST[39m [37m/wd/hub/session/aa0e5445-fcdd-4cee-98c4-1320f33c84ce/context[39m
[35m[HTTP][39m [90m{"name":"NATIVE_APP"}[39m
[35m[HTTP][39m [37m<-- POST /wd/hub/session/aa0e5445-fcdd-4cee-98c4-1320f33c84ce/context [39m[32m200[39m [90m205 ms - 76[39m
[35m[HTTP][39m [90m[39m
[35m[HTTP][39m [37m-->[39m [37mGET[39m [37m/wd/hub/session/aa0e5445-fcdd-4cee-98c4-1320f33c84ce/window/current/size[39m
[35m[HTTP][39m [90m{}[39m
[35m[HTTP][39m [37m<-- GET /wd/hub/session/aa0e5445-fcdd-4cee-98c4-1320f33c84ce/window/current/size [39m[32m200[39m [90m11 ms - 99[39m
[35m[HTTP][39m [90m[39m
[35m[HTTP][39m [37m-->[39m [37mPOST[39m [37m/wd/hub/session/aa0e5445-fcdd-4cee-98c4-1320f33c84ce/elements[39m
[35m[HTTP][39m [90m{"using":"-android uiautomator","value":"new UiSelector().description(\"tokoListScreen_button_edc\")"}[39m
[35m[HTTP][39m [37m<-- POST /wd/hub/session/aa0e5445-fcdd-4cee-98c4-1320f33c84ce/elements [39m[32m200[39m [90m2704 ms - 90[39m
[35m[HTTP][39m [90m[39m
[35m[HTTP][39m [37m-->[39m [37mGET[39m [37m/wd/hub/session/aa0e5445-fcdd-4cee-98c4-1320f33c84ce[39m
[35m[HTTP][39m [90m{}[39m
[35m[HTTP][39m [37m<-- GET /wd/hub/session/aa0e5445-fcdd-4cee-98c4-1320f33c84ce [39m[32m200[39m [90m7 ms - 1152[39m
[35m[HTTP][39m [90m[39m
[35m[HTTP][39m [37m-->[39m [37mGET[39m [37m/wd/hub/session/aa0e5445-fcdd-4cee-98c4-1320f33c84ce[39m
[35m[HTTP][39m [90m{}[39m
[35m[HTTP][39m [37m<-- GET /wd/hub/session/aa0e5445-fcdd-4cee-98c4-1320f33c84ce [39m[32m200[39m [90m7 ms - 1152[39m
[35m[HTTP][39m [90m[39m
[35m[HTTP][39m [37m-->[39m [37mGET[39m [37m/wd/hub/session/aa0e5445-fcdd-4cee-98c4-1320f33c84ce[39m
[35m[HTTP][39m [90m{}[39m
[35m[HTTP][39m [37m<-- GET /wd/hub/session/aa0e5445-fcdd-4cee-98c4-1320f33c84ce [39m[32m200[39m [90m5 ms - 1152[39m
[35m[HTTP][39m [90m[39m
[35m[HTTP][39m [37m-->[39m [37mGET[39m [37m/wd/hub/session/aa0e5445-fcdd-4cee-98c4-1320f33c84ce[39m
[35m[HTTP][39m [90m{}[39m
[35m[HTTP][39m [37m<-- GET /wd/hub/session/aa0e5445-fcdd-4cee-98c4-1320f33c84ce [39m[32m200[39m [90m2 ms - 1152[39m
[35m[HTTP][39m [90m[39m
[35m[HTTP][39m [37m-->[39m [37mGET[39m [37m/wd/hub/session/aa0e5445-fcdd-4cee-98c4-1320f33c84ce/element/29/location[39m
[35m[HTTP][39m [90m{}[39m
[35m[HTTP][39m [37m<-- GET /wd/hub/session/aa0e5445-fcdd-4cee-98c4-1320f33c84ce/element/29/location [39m[32m200[39m [90m1016 ms - 87[39m
[35m[HTTP][39m [90m[39m
[35m[HTTP][39m [37m-->[39m [37mGET[39m [37m/wd/hub/session/aa0e5445-fcdd-4cee-98c4-1320f33c84ce/element/29/displayed[39m
[35m[HTTP][39m [90m{}[39m
[35m[HTTP][39m [37m<-- GET /wd/hub/session/aa0e5445-fcdd-4cee-98c4-1320f33c84ce/element/29/displayed [39m[32m200[39m [90m498 ms - 76[39m
[35m[HTTP][39m [90m[39m
[35m[HTTP][39m [37m-->[39m [37mGET[39m [37m/wd/hub/session/aa0e5445-fcdd-4cee-98c4-1320f33c84ce/window/current/size[39m
[35m[HTTP][39m [90m{}[39m
[35m[HTTP][39m [37m<-- GET /wd/hub/session/aa0e5445-fcdd-4cee-98c4-1320f33c84ce/window/current/size [39m[32m200[39m [90m12 ms - 99[39m
[35m[HTTP][39m [90m[39m
[35m[HTTP][39m [37m-->[39m [37mPOST[39m [37m/wd/hub/session/aa0e5445-fcdd-4cee-98c4-1320f33c84ce/elements[39m
[35m[HTTP][39m [90m{"using":"-android uiautomator","value":"new UiSelector().description(\"tokoListScreen_button_edc\")"}[39m
[35m[HTTP][39m [37m<-- POST /wd/hub/session/aa0e5445-fcdd-4cee-98c4-1320f33c84ce/elements [39m[32m200[39m [90m2376 ms - 90[39m
[35m[HTTP][39m [90m[39m
[35m[HTTP][39m [37m-->[39m [37mGET[39m [37m/wd/hub/session/aa0e5445-fcdd-4cee-98c4-1320f33c84ce[39m
[35m[HTTP][39m [90m{}[39m
[35m[HTTP][39m [37m<-- GET /wd/hub/session/aa0e5445-fcdd-4cee-98c4-1320f33c84ce [39m[32m200[39m [90m7 ms - 1152[39m
[35m[HTTP][39m [90m[39m
[35m[HTTP][39m [37m-->[39m [37mGET[39m [37m/wd/hub/session/aa0e5445-fcdd-4cee-98c4-1320f33c84ce[39m
[35m[HTTP][39m [90m{}[39m
[35m[HTTP][39m [37m<-- GET /wd/hub/session/aa0e5445-fcdd-4cee-98c4-1320f33c84ce [39m[32m200[39m [90m7 ms - 1152[39m
[35m[HTTP][39m [90m[39m
[35m[HTTP][39m [37m-->[39m [37mGET[39m [37m/wd/hub/session/aa0e5445-fcdd-4cee-98c4-1320f33c84ce[39m
[35m[HTTP][39m [90m{}[39m
[35m[HTTP][39m [37m<-- GET /wd/hub/session/aa0e5445-fcdd-4cee-98c4-1320f33c84ce [39m[32m200[39m [90m5 ms - 1152[39m
[35m[HTTP][39m [90m[39m
[35m[HTTP][39m [37m-->[39m [37mGET[39m [37m/wd/hub/session/aa0e5445-fcdd-4cee-98c4-1320f33c84ce[39m
[35m[HTTP][39m [90m{}[39m
[35m[HTTP][39m [37m<-- GET /wd/hub/session/aa0e5445-fcdd-4cee-98c4-1320f33c84ce [39m[32m200[39m [90m4 ms - 1152[39m
[35m[HTTP][39m [90m[39m
[35m[HTTP][39m [37m-->[39m [37mGET[39m [37m/wd/hub/session/aa0e5445-fcdd-4cee-98c4-1320f33c84ce/element/30/location[39m
[35m[HTTP][39m [90m{}[39m
[35m[HTTP][39m [37m<-- GET /wd/hub/session/aa0e5445-fcdd-4cee-98c4-1320f33c84ce/element/30/location [39m[32m200[39m [90m1056 ms - 87[39m
[35m[HTTP][39m [90m[39m
[35m[HTTP][39m [37m-->[39m [37mGET[39m [37m/wd/hub/session/aa0e5445-fcdd-4cee-98c4-1320f33c84ce/element/30/attribute/name[39m
[35m[HTTP][39m [90m{}[39m
[35m[HTTP][39m [37m<-- GET /wd/hub/session/aa0e5445-fcdd-4cee-98c4-1320f33c84ce/element/30/attribute/name [39m[32m200[39m [90m538 ms - 99[39m
[35m[HTTP][39m [90m[39m
[35m[HTTP][39m [37m-->[39m [37mDELETE[39m [37m/wd/hub/session/aa0e5445-fcdd-4cee-98c4-1320f33c84ce[39m
[35m[HTTP][39m [90m{}[39m
[35m[Appium][39m Removing session aa0e5445-fcdd-4cee-98c4-1320f33c84ce from our master session list
[35m[ADB][39m com.btpn.appbisnis.sit was successfully uninstalled
[35m[ADB][39m No uiautomator process found to kill, continuing...
[35m[HTTP][39m [37m<-- DELETE /wd/hub/session/aa0e5445-fcdd-4cee-98c4-1320f33c84ce [39m[32m200[39m [90m6271 ms - 76[39m
[35m[HTTP][39m [90m[39m
