<?xml version="1.0" encoding="UTF-8" standalone="no"?>
<!DOCTYPE log SYSTEM "logger.dtd">
<log>
<record>
  <date>2018-08-07T17:59:12</date>
  <millis>1533639552476</millis>
  <sequence>0</sequence>
  <level>START</level>
  <class>com.kms.katalon.core.logging.KeywordLogger</class>
  <method>startSuite</method>
  <thread>1</thread>
  <message>Start Test Suite : Test Suites/Story 26 - Kelola Stock</message>
  <nestedLevel>0</nestedLevel>
  <property name="name">Story 26 - Kelola Stock</property>
  <property name="description">As User want to do Kelola Stock</property>
  <property name="id">Test Suites/Story 26 - Kelola Stock</property>
</record>
<record>
  <date>2018-08-07T17:59:12</date>
  <millis>1533639552515</millis>
  <sequence>1</sequence>
  <level>RUN_DATA</level>
  <class>com.kms.katalon.core.logging.KeywordLogger</class>
  <method>logMessage</method>
  <thread>1</thread>
  <message>Logging run data &amp;apos;hostName&amp;apos; with value &amp;apos;AV2017005903 - NBMP18A211ITSQA.corp.bankbtpn.co.id&amp;apos;</message>
  <nestedLevel>0</nestedLevel>
  <property name="hostName">AV2017005903 - NBMP18A211ITSQA.corp.bankbtpn.co.id</property>
</record>
<record>
  <date>2018-08-07T17:59:12</date>
  <millis>1533639552516</millis>
  <sequence>2</sequence>
  <level>RUN_DATA</level>
  <class>com.kms.katalon.core.logging.KeywordLogger</class>
  <method>logMessage</method>
  <thread>1</thread>
  <message>Logging run data &amp;apos;os&amp;apos; with value &amp;apos;Windows 10 64bit&amp;apos;</message>
  <nestedLevel>0</nestedLevel>
  <property name="os">Windows 10 64bit</property>
</record>
<record>
  <date>2018-08-07T17:59:12</date>
  <millis>1533639552518</millis>
  <sequence>3</sequence>
  <level>RUN_DATA</level>
  <class>com.kms.katalon.core.logging.KeywordLogger</class>
  <method>logMessage</method>
  <thread>1</thread>
  <message>Logging run data &amp;apos;hostAddress&amp;apos; with value &amp;apos;192.168.62.1&amp;apos;</message>
  <nestedLevel>0</nestedLevel>
  <property name="hostAddress">192.168.62.1</property>
</record>
<record>
  <date>2018-08-07T17:59:12</date>
  <millis>1533639552519</millis>
  <sequence>4</sequence>
  <level>RUN_DATA</level>
  <class>com.kms.katalon.core.logging.KeywordLogger</class>
  <method>logMessage</method>
  <thread>1</thread>
  <message>Logging run data &amp;apos;katalonVersion&amp;apos; with value &amp;apos;5.6.0.1&amp;apos;</message>
  <nestedLevel>0</nestedLevel>
  <property name="katalonVersion">5.6.0.1</property>
</record>
<record>
  <date>2018-08-07T17:59:13</date>
  <millis>1533639553526</millis>
  <sequence>5</sequence>
  <level>START</level>
  <class>com.kms.katalon.core.logging.KeywordLogger</class>
  <method>startTest</method>
  <thread>1</thread>
  <message>Start Test Case : Test Cases/Story 26 dan 842 -Kelola Stok Final/26 TC 1 - All Search Product</message>
  <nestedLevel>1</nestedLevel>
  <property name="name">Test Cases/Story 26 dan 842 -Kelola Stok Final/26 TC 1 - All Search Product</property>
  <property name="description">All Search Product</property>
  <property name="id">Test Cases/Story 26 dan 842 -Kelola Stok Final/26 TC 1 - All Search Product</property>
  <property name="source">C:\\Users\\AV2017005903\\Documents\\apollo-automation\\Test Cases\\Story 26 dan 842 -Kelola Stok Final\\26 TC 1 - All Search Product.tc</property>
  <property name="isOptional">false</property>
</record>
<record>
  <date>2018-08-07T17:59:13</date>
  <millis>1533639553564</millis>
  <sequence>6</sequence>
  <level>INFO</level>
  <class>com.kms.katalon.core.logging.KeywordLogger</class>
  <method>logMessage</method>
  <thread>1</thread>
  <message>Evaluating variables for test case</message>
  <nestedLevel>1</nestedLevel>
</record>
<record>
  <date>2018-08-07T17:59:13</date>
  <millis>1533639553879</millis>
  <sequence>7</sequence>
  <logger>com.kms.katalon.core.logging.KeywordLogger</logger>
  <level>ERROR</level>
  <class>com.kms.katalon.core.logging.KeywordLogger</class>
  <method>logMessage</method>
  <thread>1</thread>
  <message>Test Cases/Story 26 dan 842 -Kelola Stok Final/26 TC 1 - All Search Product FAILED because (of) org.codehaus.groovy.control.MultipleCompilationErrorsException: startup failed:\r\nfile:/C:/Users/AV2017005903/Documents/apollo-automation/Scripts/Story%2026%20dan%20842%20-Kelola%20Stok%20Final/26%20TC%201%20-%20All%20Search%20Product/Script1533630817669.groovy: 44: unable to resolve class AppiumDriver \n @ line 44, column 17.\r\n   AppiumDriver&amp;lt;?&amp;gt; driver = MobileDriverFactory.getDriver()\r\n                   ^\r\n\r\nfile:/C:/Users/AV2017005903/Documents/apollo-automation/Scripts/Story%2026%20dan%20842%20-Kelola%20Stok%20Final/26%20TC%201%20-%20All%20Search%20Product/Script1533630817669.groovy: 46: unable to resolve class TouchAction \n @ line 46, column 13.\r\n   TouchAction action = new TouchAction(driver)\r\n               ^\r\n\r\nfile:/C:/Users/AV2017005903/Documents/apollo-automation/Scripts/Story%2026%20dan%20842%20-Kelola%20Stok%20Final/26%20TC%201%20-%20All%20Search%20Product/Script1533630817669.groovy: 46: unable to resolve class TouchAction \n @ line 46, column 22.\r\n   TouchAction action = new TouchAction(driver)\r\n                        ^\r\n\r\n3 errors\r\n</message>
  <exception>
    <message>org.codehaus.groovy.control.MultipleCompilationErrorsException: startup failed:
file:/C:/Users/AV2017005903/Documents/apollo-automation/Scripts/Story%2026%20dan%20842%20-Kelola%20Stok%20Final/26%20TC%201%20-%20All%20Search%20Product/Script1533630817669.groovy: 44: unable to resolve class AppiumDriver 
 @ line 44, column 17.
   AppiumDriver&lt;?&gt; driver = MobileDriverFactory.getDriver()
                   ^

file:/C:/Users/AV2017005903/Documents/apollo-automation/Scripts/Story%2026%20dan%20842%20-Kelola%20Stok%20Final/26%20TC%201%20-%20All%20Search%20Product/Script1533630817669.groovy: 46: unable to resolve class TouchAction 
 @ line 46, column 13.
   TouchAction action = new TouchAction(driver)
               ^

file:/C:/Users/AV2017005903/Documents/apollo-automation/Scripts/Story%2026%20dan%20842%20-Kelola%20Stok%20Final/26%20TC%201%20-%20All%20Search%20Product/Script1533630817669.groovy: 46: unable to resolve class TouchAction 
 @ line 46, column 22.
   TouchAction action = new TouchAction(driver)
                        ^

3 errors
</message>
    <frame>
      <class>org.codehaus.groovy.control.ErrorCollector</class>
      <method>failIfErrors</method>
      <line>310</line>
    </frame>
    <frame>
      <class>org.codehaus.groovy.control.CompilationUnit</class>
      <method>applyToSourceUnits</method>
      <line>946</line>
    </frame>
    <frame>
      <class>org.codehaus.groovy.control.CompilationUnit</class>
      <method>doPhaseOperation</method>
      <line>593</line>
    </frame>
    <frame>
      <class>org.codehaus.groovy.control.CompilationUnit</class>
      <method>compile</method>
      <line>542</line>
    </frame>
    <frame>
      <class>groovy.lang.GroovyClassLoader</class>
      <method>doParseClass</method>
      <line>298</line>
    </frame>
    <frame>
      <class>groovy.lang.GroovyClassLoader</class>
      <method>parseClass</method>
      <line>268</line>
    </frame>
    <frame>
      <class>com.kms.katalon.core.main.ScriptEngine</class>
      <method>getScript</method>
      <line>188</line>
    </frame>
    <frame>
      <class>com.kms.katalon.core.main.ScriptEngine</class>
      <method>run</method>
      <line>183</line>
    </frame>
    <frame>
      <class>com.kms.katalon.core.main.ScriptEngine</class>
      <method>runScriptAsRawText</method>
      <line>108</line>
    </frame>
    <frame>
      <class>com.kms.katalon.core.main.TestCaseExecutor</class>
      <method>runScript</method>
      <line>294</line>
    </frame>
    <frame>
      <class>com.kms.katalon.core.main.TestCaseExecutor</class>
      <method>doExecute</method>
      <line>285</line>
    </frame>
    <frame>
      <class>com.kms.katalon.core.main.TestCaseExecutor</class>
      <method>processExecutionPhase</method>
      <line>264</line>
    </frame>
    <frame>
      <class>com.kms.katalon.core.main.TestCaseExecutor</class>
      <method>accessMainPhase</method>
      <line>256</line>
    </frame>
    <frame>
      <class>com.kms.katalon.core.main.TestCaseExecutor</class>
      <method>execute</method>
      <line>200</line>
    </frame>
    <frame>
      <class>com.kms.katalon.core.main.TestSuiteExecutor</class>
      <method>accessTestCaseMainPhase</method>
      <line>129</line>
    </frame>
    <frame>
      <class>com.kms.katalon.core.main.TestSuiteExecutor</class>
      <method>accessTestSuiteMainPhase</method>
      <line>112</line>
    </frame>
    <frame>
      <class>com.kms.katalon.core.main.TestSuiteExecutor</class>
      <method>execute</method>
      <line>81</line>
    </frame>
    <frame>
      <class>com.kms.katalon.core.main.TestCaseMain</class>
      <method>startTestSuite</method>
      <line>131</line>
    </frame>
    <frame>
      <class>com.kms.katalon.core.main.TestCaseMain$startTestSuite$0</class>
      <method>call</method>
    </frame>
    <frame>
      <class>org.codehaus.groovy.runtime.callsite.CallSiteArray</class>
      <method>defaultCall</method>
      <line>48</line>
    </frame>
    <frame>
      <class>org.codehaus.groovy.runtime.callsite.AbstractCallSite</class>
      <method>call</method>
      <line>113</line>
    </frame>
    <frame>
      <class>org.codehaus.groovy.runtime.callsite.AbstractCallSite</class>
      <method>call</method>
      <line>141</line>
    </frame>
    <frame>
      <class>TempTestSuite1533639549459</class>
      <method>run</method>
      <line>35</line>
    </frame>
    <frame>
      <class>groovy.lang.GroovyShell</class>
      <method>runScriptOrMainOrTestOrRunnable</method>
      <line>263</line>
    </frame>
    <frame>
      <class>groovy.lang.GroovyShell</class>
      <method>run</method>
      <line>518</line>
    </frame>
    <frame>
      <class>groovy.lang.GroovyShell</class>
      <method>run</method>
      <line>507</line>
    </frame>
    <frame>
      <class>groovy.ui.GroovyMain</class>
      <method>processOnce</method>
      <line>653</line>
    </frame>
    <frame>
      <class>groovy.ui.GroovyMain</class>
      <method>run</method>
      <line>384</line>
    </frame>
    <frame>
      <class>groovy.ui.GroovyMain</class>
      <method>process</method>
      <line>370</line>
    </frame>
    <frame>
      <class>groovy.ui.GroovyMain</class>
      <method>processArgs</method>
      <line>129</line>
    </frame>
    <frame>
      <class>groovy.ui.GroovyMain</class>
      <method>main</method>
      <line>109</line>
    </frame>
    <frame>
      <class>sun.reflect.NativeMethodAccessorImpl</class>
      <method>invoke0</method>
    </frame>
    <frame>
      <class>sun.reflect.NativeMethodAccessorImpl</class>
      <method>invoke</method>
      <line>62</line>
    </frame>
    <frame>
      <class>sun.reflect.DelegatingMethodAccessorImpl</class>
      <method>invoke</method>
      <line>43</line>
    </frame>
    <frame>
      <class>java.lang.reflect.Method</class>
      <method>invoke</method>
      <line>498</line>
    </frame>
    <frame>
      <class>org.codehaus.groovy.tools.GroovyStarter</class>
      <method>rootLoader</method>
      <line>109</line>
    </frame>
    <frame>
      <class>org.codehaus.groovy.tools.GroovyStarter</class>
      <method>main</method>
      <line>131</line>
    </frame>
  </exception>
  <nestedLevel>0</nestedLevel>
</record>
<record>
  <date>2018-08-07T17:59:13</date>
  <millis>1533639553886</millis>
  <sequence>8</sequence>
  <level>END</level>
  <class>com.kms.katalon.core.logging.KeywordLogger</class>
  <method>endTest</method>
  <thread>1</thread>
  <message>End Test Case : Test Cases/Story 26 dan 842 -Kelola Stok Final/26 TC 1 - All Search Product</message>
  <nestedLevel>0</nestedLevel>
</record>
<record>
  <date>2018-08-07T17:59:13</date>
  <millis>1533639553895</millis>
  <sequence>9</sequence>
  <level>START</level>
  <class>com.kms.katalon.core.logging.KeywordLogger</class>
  <method>startTest</method>
  <thread>1</thread>
  <message>Start Test Case : Test Cases/Story 26 dan 842 -Kelola Stok Final/26 TC 2 - Search by selected Product Category</message>
  <nestedLevel>1</nestedLevel>
  <property name="name">Test Cases/Story 26 dan 842 -Kelola Stok Final/26 TC 2 - Search by selected Product Category</property>
  <property name="description">Search by selected Product Category</property>
  <property name="id">Test Cases/Story 26 dan 842 -Kelola Stok Final/26 TC 2 - Search by selected Product Category</property>
  <property name="source">C:\\Users\\AV2017005903\\Documents\\apollo-automation\\Test Cases\\Story 26 dan 842 -Kelola Stok Final\\26 TC 2 - Search by selected Product Category.tc</property>
  <property name="isOptional">false</property>
</record>
<record>
  <date>2018-08-07T17:59:13</date>
  <millis>1533639553930</millis>
  <sequence>10</sequence>
  <level>INFO</level>
  <class>com.kms.katalon.core.logging.KeywordLogger</class>
  <method>logMessage</method>
  <thread>1</thread>
  <message>Evaluating variables for test case</message>
  <nestedLevel>1</nestedLevel>
</record>
<record>
  <date>2018-08-07T17:59:14</date>
  <millis>1533639554268</millis>
  <sequence>11</sequence>
  <level>START</level>
  <class>com.kms.katalon.core.logging.KeywordLogger</class>
  <method>startKeyword</method>
  <thread>1</thread>
  <message>Start action : comment</message>
  <nestedLevel>1</nestedLevel>
  <property name="startLine">23</property>
  <property name="stepIndex">1</property>
  <property name="description">Search by selected Product Category</property>
</record>
<record>
  <date>2018-08-07T17:59:14</date>
  <millis>1533639554311</millis>
  <sequence>12</sequence>
  <level>INFO</level>
  <class>com.kms.katalon.core.logging.KeywordLogger</class>
  <method>logMessage</method>
  <thread>1</thread>
  <message>Search by selected Product Category</message>
  <nestedLevel>1</nestedLevel>
</record>
<record>
  <date>2018-08-07T17:59:14</date>
  <millis>1533639554313</millis>
  <sequence>13</sequence>
  <level>END</level>
  <class>com.kms.katalon.core.logging.KeywordLogger</class>
  <method>endKeyword</method>
  <thread>1</thread>
  <message>End action : comment</message>
  <nestedLevel>1</nestedLevel>
</record>
<record>
  <date>2018-08-07T17:59:14</date>
  <millis>1533639554314</millis>
  <sequence>14</sequence>
  <level>START</level>
  <class>com.kms.katalon.core.logging.KeywordLogger</class>
  <method>startKeyword</method>
  <thread>1</thread>
  <message>Start action : comment</message>
  <nestedLevel>1</nestedLevel>
  <property name="startLine">26</property>
  <property name="stepIndex">2</property>
  <property name="description">Start apps and than Login</property>
</record>
<record>
  <date>2018-08-07T17:59:14</date>
  <millis>1533639554315</millis>
  <sequence>15</sequence>
  <level>INFO</level>
  <class>com.kms.katalon.core.logging.KeywordLogger</class>
  <method>logMessage</method>
  <thread>1</thread>
  <message>Start apps and than Login</message>
  <nestedLevel>1</nestedLevel>
</record>
<record>
  <date>2018-08-07T17:59:14</date>
  <millis>1533639554316</millis>
  <sequence>16</sequence>
  <level>END</level>
  <class>com.kms.katalon.core.logging.KeywordLogger</class>
  <method>endKeyword</method>
  <thread>1</thread>
  <message>End action : comment</message>
  <nestedLevel>1</nestedLevel>
</record>
<record>
  <date>2018-08-07T17:59:14</date>
  <millis>1533639554317</millis>
  <sequence>17</sequence>
  <level>START</level>
  <class>com.kms.katalon.core.logging.KeywordLogger</class>
  <method>startKeyword</method>
  <thread>1</thread>
  <message>Start action : Statement - apkPath = apkName</message>
  <nestedLevel>1</nestedLevel>
  <property name="startLine">28</property>
  <property name="stepIndex">3</property>
</record>
<record>
  <date>2018-08-07T17:59:14</date>
  <millis>1533639554332</millis>
  <sequence>18</sequence>
  <level>END</level>
  <class>com.kms.katalon.core.logging.KeywordLogger</class>
  <method>endKeyword</method>
  <thread>1</thread>
  <message>End action : Statement - apkPath = apkName</message>
  <nestedLevel>1</nestedLevel>
</record>
<record>
  <date>2018-08-07T17:59:14</date>
  <millis>1533639554337</millis>
  <sequence>19</sequence>
  <level>START</level>
  <class>com.kms.katalon.core.logging.KeywordLogger</class>
  <method>startKeyword</method>
  <thread>1</thread>
  <message>Start action : startApplication</message>
  <nestedLevel>1</nestedLevel>
  <property name="startLine">30</property>
  <property name="stepIndex">4</property>
</record>
<record>
  <date>2018-08-07T17:59:14</date>
  <millis>1533639554608</millis>
  <sequence>20</sequence>
  <level>INFO</level>
  <class>com.kms.katalon.core.logging.KeywordLogger</class>
  <method>logMessage</method>
  <thread>1</thread>
  <message>Starting app at: &amp;apos;C:\\Users\\AV2017005903\\Documents\\apollo-automation\\apk_test_release_2.apk&amp;apos;</message>
  <nestedLevel>1</nestedLevel>
</record>
<record>
  <date>2018-08-07T17:59:14</date>
  <millis>1533639554651</millis>
  <sequence>21</sequence>
  <level>INFO</level>
  <class>com.kms.katalon.core.logging.KeywordLogger</class>
  <method>logMessage</method>
  <thread>1</thread>
  <message>User set preference: [&amp;apos;appWaitActivity&amp;apos;, &amp;apos;*&amp;apos;]</message>
  <nestedLevel>1</nestedLevel>
</record>
<record>
  <date>2018-08-07T17:59:14</date>
  <millis>1533639554653</millis>
  <sequence>22</sequence>
  <level>INFO</level>
  <class>com.kms.katalon.core.logging.KeywordLogger</class>
  <method>logMessage</method>
  <thread>1</thread>
  <message>User set preference: [&amp;apos;deviceId&amp;apos;, &amp;apos;&amp;apos;]</message>
  <nestedLevel>1</nestedLevel>
</record>
<record>
  <date>2018-08-07T17:59:20</date>
  <millis>1533639560649</millis>
  <sequence>23</sequence>
  <level>INFO</level>
  <class>com.kms.katalon.core.logging.KeywordLogger</class>
  <method>logMessage</method>
  <thread>1</thread>
  <message>Appium server started on port 63,565</message>
  <nestedLevel>1</nestedLevel>
</record>
