<?xml version="1.0" encoding="UTF-8" standalone="no"?>
<!DOCTYPE log SYSTEM "logger.dtd">
<log>
<record>
  <date>2018-02-27T14:49:28</date>
  <millis>1519717768434</millis>
  <sequence>0</sequence>
  <level>START</level>
  <class>com.kms.katalon.core.logging.KeywordLogger</class>
  <method>startSuite</method>
  <thread>1</thread>
  <message>Start Test Suite : Sprint 2</message>
  <nestedLevel>0</nestedLevel>
  <property name="name">Sprint 2</property>
  <property name="description"></property>
  <property name="id">Test Suites/Sprint 2</property>
</record>
<record>
  <date>2018-02-27T14:49:28</date>
  <millis>1519717768461</millis>
  <sequence>1</sequence>
  <level>RUN_DATA</level>
  <class>com.kms.katalon.core.logging.KeywordLogger</class>
  <method>logMessage</method>
  <thread>1</thread>
  <message>Logging run data &amp;apos;hostName&amp;apos; with value &amp;apos;AV2017005903 - NBMP18A211ITSQA.corp.bankbtpn.co.id&amp;apos;</message>
  <nestedLevel>0</nestedLevel>
  <property name="hostName">AV2017005903 - NBMP18A211ITSQA.corp.bankbtpn.co.id</property>
</record>
<record>
  <date>2018-02-27T14:49:28</date>
  <millis>1519717768462</millis>
  <sequence>2</sequence>
  <level>RUN_DATA</level>
  <class>com.kms.katalon.core.logging.KeywordLogger</class>
  <method>logMessage</method>
  <thread>1</thread>
  <message>Logging run data &amp;apos;os&amp;apos; with value &amp;apos;Windows 10 64bit&amp;apos;</message>
  <nestedLevel>0</nestedLevel>
  <property name="os">Windows 10 64bit</property>
</record>
<record>
  <date>2018-02-27T14:49:28</date>
  <millis>1519717768463</millis>
  <sequence>3</sequence>
  <level>RUN_DATA</level>
  <class>com.kms.katalon.core.logging.KeywordLogger</class>
  <method>logMessage</method>
  <thread>1</thread>
  <message>Logging run data &amp;apos;hostAddress&amp;apos; with value &amp;apos;192.168.17.200&amp;apos;</message>
  <nestedLevel>0</nestedLevel>
  <property name="hostAddress">192.168.17.200</property>
</record>
<record>
  <date>2018-02-27T14:49:28</date>
  <millis>1519717768464</millis>
  <sequence>4</sequence>
  <level>RUN_DATA</level>
  <class>com.kms.katalon.core.logging.KeywordLogger</class>
  <method>logMessage</method>
  <thread>1</thread>
  <message>Logging run data &amp;apos;katalonVersion&amp;apos; with value &amp;apos;5.0.0.1&amp;apos;</message>
  <nestedLevel>0</nestedLevel>
  <property name="katalonVersion">5.0.0.1</property>
</record>
<record>
  <date>2018-02-27T14:49:28</date>
  <millis>1519717768741</millis>
  <sequence>5</sequence>
  <level>START</level>
  <class>com.kms.katalon.core.logging.KeywordLogger</class>
  <method>startTest</method>
  <thread>1</thread>
  <message>Start Test Case : Test Cases/Sprint 2/26 - TC - All</message>
  <nestedLevel>1</nestedLevel>
  <property name="name">Test Cases/Sprint 2/26 - TC - All</property>
  <property name="description">Kelola Stok Final</property>
  <property name="id">Test Cases/Sprint 2/26 - TC - All</property>
  <property name="source">C:\\Users\\AV2017005903\\Documents\\apollo-automationTest Cases\\Sprint 2\\26 - TC - All.tc</property>
  <property name="isOptional">false</property>
</record>
<record>
  <date>2018-02-27T14:49:28</date>
  <millis>1519717768978</millis>
  <sequence>6</sequence>
  <level>INFO</level>
  <class>com.kms.katalon.core.logging.KeywordLogger</class>
  <method>logMessage</method>
  <thread>1</thread>
  <message>Evaluating variables for test case</message>
  <nestedLevel>1</nestedLevel>
</record>
<record>
  <date>2018-02-27T14:49:29</date>
  <millis>1519717769440</millis>
  <sequence>7</sequence>
  <level>START</level>
  <class>com.kms.katalon.core.logging.KeywordLogger</class>
  <method>startKeyword</method>
  <thread>1</thread>
  <message>Start action : comment</message>
  <nestedLevel>1</nestedLevel>
  <property name="startLine">24</property>
  <property name="stepIndex">1</property>
</record>
<record>
  <date>2018-02-27T14:49:29</date>
  <millis>1519717769483</millis>
  <sequence>8</sequence>
  <level>INFO</level>
  <class>com.kms.katalon.core.logging.KeywordLogger</class>
  <method>logMessage</method>
  <thread>1</thread>
  <message>Start Story 26</message>
  <nestedLevel>1</nestedLevel>
</record>
<record>
  <date>2018-02-27T14:49:29</date>
  <millis>1519717769485</millis>
  <sequence>9</sequence>
  <level>END</level>
  <class>com.kms.katalon.core.logging.KeywordLogger</class>
  <method>endKeyword</method>
  <thread>1</thread>
  <message>End action : comment</message>
  <nestedLevel>1</nestedLevel>
</record>
<record>
  <date>2018-02-27T14:49:29</date>
  <millis>1519717769486</millis>
  <sequence>10</sequence>
  <level>START</level>
  <class>com.kms.katalon.core.logging.KeywordLogger</class>
  <method>startKeyword</method>
  <thread>1</thread>
  <message>Start action : Statement - apkPath = com.kms.katalon.core.util.internal.PathUtil.relativeToAbsolutePath(apkName, com.kms.katalon.core.configuration.RunConfiguration.getProjectDir())</message>
  <nestedLevel>1</nestedLevel>
  <property name="startLine">27</property>
  <property name="stepIndex">2</property>
  <property name="description">Step 1 - [Melakukan Kelola Stock]</property>
</record>
<record>
  <date>2018-02-27T14:49:29</date>
  <millis>1519717769497</millis>
  <sequence>11</sequence>
  <level>END</level>
  <class>com.kms.katalon.core.logging.KeywordLogger</class>
  <method>endKeyword</method>
  <thread>1</thread>
  <message>End action : Statement - apkPath = com.kms.katalon.core.util.internal.PathUtil.relativeToAbsolutePath(apkName, com.kms.katalon.core.configuration.RunConfiguration.getProjectDir())</message>
  <nestedLevel>1</nestedLevel>
</record>
<record>
  <date>2018-02-27T14:49:29</date>
  <millis>1519717769498</millis>
  <sequence>12</sequence>
  <level>START</level>
  <class>com.kms.katalon.core.logging.KeywordLogger</class>
  <method>startKeyword</method>
  <thread>1</thread>
  <message>Start action : startApplication</message>
  <nestedLevel>1</nestedLevel>
  <property name="startLine">29</property>
  <property name="stepIndex">3</property>
</record>
<record>
  <date>2018-02-27T14:49:29</date>
  <millis>1519717769642</millis>
  <sequence>13</sequence>
  <level>INFO</level>
  <class>com.kms.katalon.core.logging.KeywordLogger</class>
  <method>logMessage</method>
  <thread>1</thread>
  <message>Starting app at: &amp;apos;C:\\Users\\AV2017005903\\Documents\\apollo-automation\\app-uat-debug 270218_1440].apk&amp;apos;</message>
  <nestedLevel>1</nestedLevel>
</record>
<record>
  <date>2018-02-27T14:49:29</date>
  <millis>1519717769660</millis>
  <sequence>14</sequence>
  <level>INFO</level>
  <class>com.kms.katalon.core.logging.KeywordLogger</class>
  <method>logMessage</method>
  <thread>1</thread>
  <message>User set preference: [&amp;apos;appWaitActivity&amp;apos;, &amp;apos;com.*&amp;apos;]</message>
  <nestedLevel>1</nestedLevel>
</record>
<record>
  <date>2018-02-27T14:49:29</date>
  <millis>1519717769663</millis>
  <sequence>15</sequence>
  <level>INFO</level>
  <class>com.kms.katalon.core.logging.KeywordLogger</class>
  <method>logMessage</method>
  <thread>1</thread>
  <message>User set preference: [&amp;apos;deviceId&amp;apos;, &amp;apos;&amp;apos;]</message>
  <nestedLevel>1</nestedLevel>
</record>
<record>
  <date>2018-02-27T14:49:36</date>
  <millis>1519717776362</millis>
  <sequence>16</sequence>
  <level>INFO</level>
  <class>com.kms.katalon.core.logging.KeywordLogger</class>
  <method>logMessage</method>
  <thread>1</thread>
  <message>Appium server started on port 65,265</message>
  <nestedLevel>1</nestedLevel>
</record>
<record>
  <date>2018-02-27T14:49:46</date>
  <millis>1519717786446</millis>
  <sequence>17</sequence>
  <level>RUN_DATA</level>
  <class>com.kms.katalon.core.logging.KeywordLogger</class>
  <method>logMessage</method>
  <thread>1</thread>
  <message>Logging run data &amp;apos;appiumVersion&amp;apos; with value &amp;apos;1.6.5&amp;apos;</message>
  <nestedLevel>1</nestedLevel>
  <property name="appiumVersion">1.6.5</property>
</record>
<record>
  <date>2018-02-27T14:49:46</date>
  <millis>1519717786447</millis>
  <sequence>18</sequence>
  <level>RUN_DATA</level>
  <class>com.kms.katalon.core.logging.KeywordLogger</class>
  <method>logMessage</method>
  <thread>1</thread>
  <message>Logging run data &amp;apos;deviceId&amp;apos; with value &amp;apos;GBAXGV411465ERX&amp;apos;</message>
  <nestedLevel>1</nestedLevel>
  <property name="deviceId">GBAXGV411465ERX</property>
</record>
<record>
  <date>2018-02-27T14:49:46</date>
  <millis>1519717786448</millis>
  <sequence>19</sequence>
  <level>RUN_DATA</level>
  <class>com.kms.katalon.core.logging.KeywordLogger</class>
  <method>logMessage</method>
  <thread>1</thread>
  <message>Logging run data &amp;apos;deviceName&amp;apos; with value &amp;apos;asus ASUS_X014D 5.1.1&amp;apos;</message>
  <nestedLevel>1</nestedLevel>
  <property name="deviceName">asus ASUS_X014D 5.1.1</property>
</record>
<record>
  <date>2018-02-27T14:49:46</date>
  <millis>1519717786449</millis>
  <sequence>20</sequence>
  <level>RUN_DATA</level>
  <class>com.kms.katalon.core.logging.KeywordLogger</class>
  <method>logMessage</method>
  <thread>1</thread>
  <message>Logging run data &amp;apos;deviceModel&amp;apos; with value &amp;apos;ASUS_X014D&amp;apos;</message>
  <nestedLevel>1</nestedLevel>
  <property name="deviceModel">ASUS_X014D</property>
</record>
<record>
  <date>2018-02-27T14:49:46</date>
  <millis>1519717786449</millis>
  <sequence>21</sequence>
  <level>RUN_DATA</level>
  <class>com.kms.katalon.core.logging.KeywordLogger</class>
  <method>logMessage</method>
  <thread>1</thread>
  <message>Logging run data &amp;apos;deviceManufacturer&amp;apos; with value &amp;apos;asus&amp;apos;</message>
  <nestedLevel>1</nestedLevel>
  <property name="deviceManufacturer">asus</property>
</record>
<record>
  <date>2018-02-27T14:49:46</date>
  <millis>1519717786450</millis>
  <sequence>22</sequence>
  <level>RUN_DATA</level>
  <class>com.kms.katalon.core.logging.KeywordLogger</class>
  <method>logMessage</method>
  <thread>1</thread>
  <message>Logging run data &amp;apos;deviceOS&amp;apos; with value &amp;apos;Android&amp;apos;</message>
  <nestedLevel>1</nestedLevel>
  <property name="deviceOS">Android</property>
</record>
<record>
  <date>2018-02-27T14:49:46</date>
  <millis>1519717786450</millis>
  <sequence>23</sequence>
  <level>RUN_DATA</level>
  <class>com.kms.katalon.core.logging.KeywordLogger</class>
  <method>logMessage</method>
  <thread>1</thread>
  <message>Logging run data &amp;apos;deviceOSVersion&amp;apos; with value &amp;apos;5.1.1&amp;apos;</message>
  <nestedLevel>1</nestedLevel>
  <property name="deviceOSVersion">5.1.1</property>
</record>
<record>
  <date>2018-02-27T14:49:46</date>
  <millis>1519717786458</millis>
  <sequence>24</sequence>
  <level>PASSED</level>
  <class>com.kms.katalon.core.logging.KeywordLogger</class>
  <method>logMessage</method>
  <thread>1</thread>
  <message>Started app at: &amp;apos;C:\\Users\\AV2017005903\\Documents\\apollo-automation\\app-uat-debug 270218_1440].apk&amp;apos;</message>
  <nestedLevel>1</nestedLevel>
</record>
<record>
  <date>2018-02-27T14:49:46</date>
  <millis>1519717786459</millis>
  <sequence>25</sequence>
  <level>END</level>
  <class>com.kms.katalon.core.logging.KeywordLogger</class>
  <method>endKeyword</method>
  <thread>1</thread>
  <message>End action : startApplication</message>
  <nestedLevel>1</nestedLevel>
</record>
<record>
  <date>2018-02-27T14:49:46</date>
  <millis>1519717786460</millis>
  <sequence>26</sequence>
  <level>START</level>
  <class>com.kms.katalon.core.logging.KeywordLogger</class>
  <method>startKeyword</method>
  <thread>1</thread>
  <message>Start action : tap</message>
  <nestedLevel>1</nestedLevel>
  <property name="startLine">32</property>
  <property name="stepIndex">4</property>
  <property name="description">Mengklik \&quot;Daftar Sekarang\&quot; untuk masuk ke halaman Home/Beranda</property>
</record>
<record>
  <date>2018-02-27T14:49:46</date>
  <millis>1519717786467</millis>
  <sequence>27</sequence>
  <level>INFO</level>
  <class>com.kms.katalon.core.logging.KeywordLogger</class>
  <method>logMessage</method>
  <thread>1</thread>
  <message>Finding Test Object with id &amp;apos;Object Repository/Login/Daftar Sekarang - Belum Punya Akun&amp;apos;</message>
  <nestedLevel>1</nestedLevel>
</record>
<record>
  <date>2018-02-27T14:49:46</date>
  <millis>1519717786489</millis>
  <sequence>28</sequence>
  <level>INFO</level>
  <class>com.kms.katalon.core.logging.KeywordLogger</class>
  <method>logMessage</method>
  <thread>1</thread>
  <message>Checking object</message>
  <nestedLevel>1</nestedLevel>
</record>
<record>
  <date>2018-02-27T14:49:46</date>
  <millis>1519717786491</millis>
  <sequence>29</sequence>
  <level>INFO</level>
  <class>com.kms.katalon.core.logging.KeywordLogger</class>
  <method>logMessage</method>
  <thread>1</thread>
  <message>Checking timeout</message>
  <nestedLevel>1</nestedLevel>
</record>
<record>
  <date>2018-02-27T14:49:53</date>
  <millis>1519717793583</millis>
  <sequence>30</sequence>
  <level>PASSED</level>
  <class>com.kms.katalon.core.logging.KeywordLogger</class>
  <method>logMessage</method>
  <thread>1</thread>
  <message>Tapped on element &amp;apos;Object Repository/Login/Daftar Sekarang - Belum Punya Akun&amp;apos;</message>
  <nestedLevel>1</nestedLevel>
</record>
<record>
  <date>2018-02-27T14:49:53</date>
  <millis>1519717793584</millis>
  <sequence>31</sequence>
  <level>END</level>
  <class>com.kms.katalon.core.logging.KeywordLogger</class>
  <method>endKeyword</method>
  <thread>1</thread>
  <message>End action : tap</message>
  <nestedLevel>1</nestedLevel>
</record>
<record>
  <date>2018-02-27T14:49:53</date>
  <millis>1519717793585</millis>
  <sequence>32</sequence>
  <level>START</level>
  <class>com.kms.katalon.core.logging.KeywordLogger</class>
  <method>startKeyword</method>
  <thread>1</thread>
  <message>Start action : verifyElementExist</message>
  <nestedLevel>1</nestedLevel>
  <property name="startLine">34</property>
  <property name="stepIndex">5</property>
</record>
<record>
  <date>2018-02-27T14:49:53</date>
  <millis>1519717793587</millis>
  <sequence>33</sequence>
  <level>INFO</level>
  <class>com.kms.katalon.core.logging.KeywordLogger</class>
  <method>logMessage</method>
  <thread>1</thread>
  <message>Finding Test Object with id &amp;apos;Object Repository/Login/Daftar Sekarang - Belum Punya Akun&amp;apos;</message>
  <nestedLevel>1</nestedLevel>
</record>
<record>
  <date>2018-02-27T14:49:53</date>
  <millis>1519717793610</millis>
  <sequence>34</sequence>
  <level>INFO</level>
  <class>com.kms.katalon.core.logging.KeywordLogger</class>
  <method>logMessage</method>
  <thread>1</thread>
  <message>Checking object</message>
  <nestedLevel>1</nestedLevel>
</record>
<record>
  <date>2018-02-27T14:49:53</date>
  <millis>1519717793611</millis>
  <sequence>35</sequence>
  <level>INFO</level>
  <class>com.kms.katalon.core.logging.KeywordLogger</class>
  <method>logMessage</method>
  <thread>1</thread>
  <message>Checking timeout</message>
  <nestedLevel>1</nestedLevel>
</record>
<record>
  <date>2018-02-27T14:49:53</date>
  <millis>1519717793734</millis>
  <sequence>36</sequence>
  <level>PASSED</level>
  <class>com.kms.katalon.core.logging.KeywordLogger</class>
  <method>logMessage</method>
  <thread>1</thread>
  <message>Element &amp;apos;Object Repository/Login/Daftar Sekarang - Belum Punya Akun&amp;apos; is exist</message>
  <nestedLevel>1</nestedLevel>
</record>
<record>
  <date>2018-02-27T14:49:53</date>
  <millis>1519717793735</millis>
  <sequence>37</sequence>
  <level>END</level>
  <class>com.kms.katalon.core.logging.KeywordLogger</class>
  <method>endKeyword</method>
  <thread>1</thread>
  <message>End action : verifyElementExist</message>
  <nestedLevel>1</nestedLevel>
</record>
<record>
  <date>2018-02-27T14:49:53</date>
  <millis>1519717793735</millis>
  <sequence>38</sequence>
  <level>START</level>
  <class>com.kms.katalon.core.logging.KeywordLogger</class>
  <method>startKeyword</method>
  <thread>1</thread>
  <message>Start action : tap</message>
  <nestedLevel>1</nestedLevel>
  <property name="startLine">37</property>
  <property name="stepIndex">6</property>
  <property name="description">Mengklik Text Box untuk mengisi Nomor HP/Nama Pengguna</property>
</record>
<record>
  <date>2018-02-27T14:49:53</date>
  <millis>1519717793737</millis>
  <sequence>39</sequence>
  <level>NOT_RUN</level>
  <class>com.kms.katalon.core.logging.KeywordLogger</class>
  <method>logMessage</method>
  <thread>1</thread>
  <message>NOT_RUN: tap</message>
  <nestedLevel>1</nestedLevel>
</record>
<record>
  <date>2018-02-27T14:49:53</date>
  <millis>1519717793738</millis>
  <sequence>40</sequence>
  <level>END</level>
  <class>com.kms.katalon.core.logging.KeywordLogger</class>
  <method>endKeyword</method>
  <thread>1</thread>
  <message>End action : tap</message>
  <nestedLevel>1</nestedLevel>
</record>
<record>
  <date>2018-02-27T14:49:53</date>
  <millis>1519717793738</millis>
  <sequence>41</sequence>
  <level>START</level>
  <class>com.kms.katalon.core.logging.KeywordLogger</class>
  <method>startKeyword</method>
  <thread>1</thread>
  <message>Start action : setText</message>
  <nestedLevel>1</nestedLevel>
  <property name="startLine">40</property>
  <property name="stepIndex">7</property>
  <property name="description">Megisi inputan dengan Nama Pengguna \&quot;Yessi\&quot;</property>
</record>
<record>
  <date>2018-02-27T14:49:53</date>
  <millis>1519717793739</millis>
  <sequence>42</sequence>
  <level>NOT_RUN</level>
  <class>com.kms.katalon.core.logging.KeywordLogger</class>
  <method>logMessage</method>
  <thread>1</thread>
  <message>NOT_RUN: setText</message>
  <nestedLevel>1</nestedLevel>
</record>
<record>
  <date>2018-02-27T14:49:53</date>
  <millis>1519717793740</millis>
  <sequence>43</sequence>
  <level>END</level>
  <class>com.kms.katalon.core.logging.KeywordLogger</class>
  <method>endKeyword</method>
  <thread>1</thread>
  <message>End action : setText</message>
  <nestedLevel>1</nestedLevel>
</record>
<record>
  <date>2018-02-27T14:49:53</date>
  <millis>1519717793741</millis>
  <sequence>44</sequence>
  <level>START</level>
  <class>com.kms.katalon.core.logging.KeywordLogger</class>
  <method>startKeyword</method>
  <thread>1</thread>
  <message>Start action : hideKeyboard</message>
  <nestedLevel>1</nestedLevel>
  <property name="startLine">43</property>
  <property name="stepIndex">8</property>
  <property name="description">Hide Keyboard Device</property>
</record>
<record>
  <date>2018-02-27T14:49:53</date>
  <millis>1519717793741</millis>
  <sequence>45</sequence>
  <level>NOT_RUN</level>
  <class>com.kms.katalon.core.logging.KeywordLogger</class>
  <method>logMessage</method>
  <thread>1</thread>
  <message>NOT_RUN: hideKeyboard</message>
  <nestedLevel>1</nestedLevel>
</record>
<record>
  <date>2018-02-27T14:49:53</date>
  <millis>1519717793742</millis>
  <sequence>46</sequence>
  <level>END</level>
  <class>com.kms.katalon.core.logging.KeywordLogger</class>
  <method>endKeyword</method>
  <thread>1</thread>
  <message>End action : hideKeyboard</message>
  <nestedLevel>1</nestedLevel>
</record>
<record>
  <date>2018-02-27T14:49:53</date>
  <millis>1519717793742</millis>
  <sequence>47</sequence>
  <level>START</level>
  <class>com.kms.katalon.core.logging.KeywordLogger</class>
  <method>startKeyword</method>
  <thread>1</thread>
  <message>Start action : tap</message>
  <nestedLevel>1</nestedLevel>
  <property name="startLine">46</property>
  <property name="stepIndex">9</property>
  <property name="description">Mengklik Button Masuk</property>
</record>
<record>
  <date>2018-02-27T14:49:53</date>
  <millis>1519717793743</millis>
  <sequence>48</sequence>
  <level>NOT_RUN</level>
  <class>com.kms.katalon.core.logging.KeywordLogger</class>
  <method>logMessage</method>
  <thread>1</thread>
  <message>NOT_RUN: tap</message>
  <nestedLevel>1</nestedLevel>
</record>
<record>
  <date>2018-02-27T14:49:53</date>
  <millis>1519717793743</millis>
  <sequence>49</sequence>
  <level>END</level>
  <class>com.kms.katalon.core.logging.KeywordLogger</class>
  <method>endKeyword</method>
  <thread>1</thread>
  <message>End action : tap</message>
  <nestedLevel>1</nestedLevel>
</record>
<record>
  <date>2018-02-27T14:49:53</date>
  <millis>1519717793743</millis>
  <sequence>50</sequence>
  <level>START</level>
  <class>com.kms.katalon.core.logging.KeywordLogger</class>
  <method>startKeyword</method>
  <thread>1</thread>
  <message>Start action : waitForElementPresent</message>
  <nestedLevel>1</nestedLevel>
  <property name="startLine">49</property>
  <property name="stepIndex">10</property>
  <property name="description">Menunggu action button masuk hingga selesai untuk masuk ke action Input PIN</property>
</record>
<record>
  <date>2018-02-27T14:49:53</date>
  <millis>1519717793744</millis>
  <sequence>51</sequence>
  <level>NOT_RUN</level>
  <class>com.kms.katalon.core.logging.KeywordLogger</class>
  <method>logMessage</method>
  <thread>1</thread>
  <message>NOT_RUN: waitForElementPresent</message>
  <nestedLevel>1</nestedLevel>
</record>
<record>
  <date>2018-02-27T14:49:53</date>
  <millis>1519717793745</millis>
  <sequence>52</sequence>
  <level>END</level>
  <class>com.kms.katalon.core.logging.KeywordLogger</class>
  <method>endKeyword</method>
  <thread>1</thread>
  <message>End action : waitForElementPresent</message>
  <nestedLevel>1</nestedLevel>
</record>
<record>
  <date>2018-02-27T14:49:53</date>
  <millis>1519717793745</millis>
  <sequence>53</sequence>
  <level>START</level>
  <class>com.kms.katalon.core.logging.KeywordLogger</class>
  <method>startKeyword</method>
  <thread>1</thread>
  <message>Start action : tap</message>
  <nestedLevel>1</nestedLevel>
  <property name="startLine">52</property>
  <property name="stepIndex">11</property>
  <property name="description">Mengklik Text Field Pin</property>
</record>
<record>
  <date>2018-02-27T14:49:53</date>
  <millis>1519717793745</millis>
  <sequence>54</sequence>
  <level>NOT_RUN</level>
  <class>com.kms.katalon.core.logging.KeywordLogger</class>
  <method>logMessage</method>
  <thread>1</thread>
  <message>NOT_RUN: tap</message>
  <nestedLevel>1</nestedLevel>
</record>
<record>
  <date>2018-02-27T14:49:53</date>
  <millis>1519717793746</millis>
  <sequence>55</sequence>
  <level>END</level>
  <class>com.kms.katalon.core.logging.KeywordLogger</class>
  <method>endKeyword</method>
  <thread>1</thread>
  <message>End action : tap</message>
  <nestedLevel>1</nestedLevel>
</record>
<record>
  <date>2018-02-27T14:49:53</date>
  <millis>1519717793746</millis>
  <sequence>56</sequence>
  <level>START</level>
  <class>com.kms.katalon.core.logging.KeywordLogger</class>
  <method>startKeyword</method>
  <thread>1</thread>
  <message>Start action : setText</message>
  <nestedLevel>1</nestedLevel>
  <property name="startLine">55</property>
  <property name="stepIndex">12</property>
  <property name="description">Menginput PIN Pengguna dengan 6 digit</property>
</record>
<record>
  <date>2018-02-27T14:49:53</date>
  <millis>1519717793747</millis>
  <sequence>57</sequence>
  <level>NOT_RUN</level>
  <class>com.kms.katalon.core.logging.KeywordLogger</class>
  <method>logMessage</method>
  <thread>1</thread>
  <message>NOT_RUN: setText</message>
  <nestedLevel>1</nestedLevel>
</record>
<record>
  <date>2018-02-27T14:49:53</date>
  <millis>1519717793748</millis>
  <sequence>58</sequence>
  <level>END</level>
  <class>com.kms.katalon.core.logging.KeywordLogger</class>
  <method>endKeyword</method>
  <thread>1</thread>
  <message>End action : setText</message>
  <nestedLevel>1</nestedLevel>
</record>
<record>
  <date>2018-02-27T14:49:53</date>
  <millis>1519717793748</millis>
  <sequence>59</sequence>
  <level>START</level>
  <class>com.kms.katalon.core.logging.KeywordLogger</class>
  <method>startKeyword</method>
  <thread>1</thread>
  <message>Start action : waitForElementPresent</message>
  <nestedLevel>1</nestedLevel>
  <property name="startLine">58</property>
  <property name="stepIndex">13</property>
  <property name="description">Menunggu hingga button sebelum Humburger button di klik</property>
</record>
<record>
  <date>2018-02-27T14:49:53</date>
  <millis>1519717793749</millis>
  <sequence>60</sequence>
  <level>INFO</level>
  <class>com.kms.katalon.core.logging.KeywordLogger</class>
  <method>logMessage</method>
  <thread>1</thread>
  <message>Finding Test Object with id &amp;apos;Object Repository/Sidebar Menu/HamburgerButton&amp;apos;</message>
  <nestedLevel>1</nestedLevel>
</record>
<record>
  <date>2018-02-27T14:49:53</date>
  <millis>1519717793767</millis>
  <sequence>61</sequence>
  <level>INFO</level>
  <class>com.kms.katalon.core.logging.KeywordLogger</class>
  <method>logMessage</method>
  <thread>1</thread>
  <message>Checking object</message>
  <nestedLevel>1</nestedLevel>
</record>
<record>
  <date>2018-02-27T14:49:53</date>
  <millis>1519717793767</millis>
  <sequence>62</sequence>
  <level>INFO</level>
  <class>com.kms.katalon.core.logging.KeywordLogger</class>
  <method>logMessage</method>
  <thread>1</thread>
  <message>Checking timeout</message>
  <nestedLevel>1</nestedLevel>
</record>
<record>
  <date>2018-02-27T14:49:57</date>
  <millis>1519717797107</millis>
  <sequence>63</sequence>
  <level>PASSED</level>
  <class>com.kms.katalon.core.logging.KeywordLogger</class>
  <method>logMessage</method>
  <thread>1</thread>
  <message>Element &amp;apos;Object Repository/Sidebar Menu/HamburgerButton&amp;apos; is present</message>
  <nestedLevel>1</nestedLevel>
</record>
<record>
  <date>2018-02-27T14:49:57</date>
  <millis>1519717797109</millis>
  <sequence>64</sequence>
  <level>END</level>
  <class>com.kms.katalon.core.logging.KeywordLogger</class>
  <method>endKeyword</method>
  <thread>1</thread>
  <message>End action : waitForElementPresent</message>
  <nestedLevel>1</nestedLevel>
</record>
<record>
  <date>2018-02-27T14:49:57</date>
  <millis>1519717797111</millis>
  <sequence>65</sequence>
  <level>START</level>
  <class>com.kms.katalon.core.logging.KeywordLogger</class>
  <method>startKeyword</method>
  <thread>1</thread>
  <message>Start action : tap</message>
  <nestedLevel>1</nestedLevel>
  <property name="startLine">61</property>
  <property name="stepIndex">14</property>
  <property name="description">Mengklik Hamburger Button kemdian memilih Operasional untuk masuk ke halaman Kasir, Stock, Pengeluaran dan Rincian</property>
</record>
<record>
  <date>2018-02-27T14:49:57</date>
  <millis>1519717797117</millis>
  <sequence>66</sequence>
  <level>INFO</level>
  <class>com.kms.katalon.core.logging.KeywordLogger</class>
  <method>logMessage</method>
  <thread>1</thread>
  <message>Finding Test Object with id &amp;apos;Object Repository/Sidebar Menu/HamburgerButton&amp;apos;</message>
  <nestedLevel>1</nestedLevel>
</record>
<record>
  <date>2018-02-27T14:49:57</date>
  <millis>1519717797165</millis>
  <sequence>67</sequence>
  <level>INFO</level>
  <class>com.kms.katalon.core.logging.KeywordLogger</class>
  <method>logMessage</method>
  <thread>1</thread>
  <message>Checking object</message>
  <nestedLevel>1</nestedLevel>
</record>
<record>
  <date>2018-02-27T14:49:57</date>
  <millis>1519717797168</millis>
  <sequence>68</sequence>
  <level>INFO</level>
  <class>com.kms.katalon.core.logging.KeywordLogger</class>
  <method>logMessage</method>
  <thread>1</thread>
  <message>Checking timeout</message>
  <nestedLevel>1</nestedLevel>
</record>
<record>
  <date>2018-02-27T14:49:57</date>
  <millis>1519717797519</millis>
  <sequence>69</sequence>
  <level>PASSED</level>
  <class>com.kms.katalon.core.logging.KeywordLogger</class>
  <method>logMessage</method>
  <thread>1</thread>
  <message>Tapped on element &amp;apos;Object Repository/Sidebar Menu/HamburgerButton&amp;apos;</message>
  <nestedLevel>1</nestedLevel>
</record>
<record>
  <date>2018-02-27T14:49:57</date>
  <millis>1519717797520</millis>
  <sequence>70</sequence>
  <level>END</level>
  <class>com.kms.katalon.core.logging.KeywordLogger</class>
  <method>endKeyword</method>
  <thread>1</thread>
  <message>End action : tap</message>
  <nestedLevel>1</nestedLevel>
</record>
<record>
  <date>2018-02-27T14:49:57</date>
  <millis>1519717797521</millis>
  <sequence>71</sequence>
  <level>START</level>
  <class>com.kms.katalon.core.logging.KeywordLogger</class>
  <method>startKeyword</method>
  <thread>1</thread>
  <message>Start action : tap</message>
  <nestedLevel>1</nestedLevel>
  <property name="startLine">64</property>
  <property name="stepIndex">15</property>
  <property name="description">Mengklik \&quot;Operasional\&quot; untuk bisa direct ke screen Stock</property>
</record>
<record>
  <date>2018-02-27T14:49:57</date>
  <millis>1519717797523</millis>
  <sequence>72</sequence>
  <level>INFO</level>
  <class>com.kms.katalon.core.logging.KeywordLogger</class>
  <method>logMessage</method>
  <thread>1</thread>
  <message>Finding Test Object with id &amp;apos;Object Repository/Sidebar Menu/Operasional/Operasional - Sidebar Menu&amp;apos;</message>
  <nestedLevel>1</nestedLevel>
</record>
<record>
  <date>2018-02-27T14:49:57</date>
  <millis>1519717797536</millis>
  <sequence>73</sequence>
  <level>INFO</level>
  <class>com.kms.katalon.core.logging.KeywordLogger</class>
  <method>logMessage</method>
  <thread>1</thread>
  <message>Checking object</message>
  <nestedLevel>1</nestedLevel>
</record>
<record>
  <date>2018-02-27T14:49:57</date>
  <millis>1519717797537</millis>
  <sequence>74</sequence>
  <level>INFO</level>
  <class>com.kms.katalon.core.logging.KeywordLogger</class>
  <method>logMessage</method>
  <thread>1</thread>
  <message>Checking timeout</message>
  <nestedLevel>1</nestedLevel>
</record>
<record>
  <date>2018-02-27T14:49:59</date>
  <millis>1519717799294</millis>
  <sequence>75</sequence>
  <level>PASSED</level>
  <class>com.kms.katalon.core.logging.KeywordLogger</class>
  <method>logMessage</method>
  <thread>1</thread>
  <message>Tapped on element &amp;apos;Object Repository/Sidebar Menu/Operasional/Operasional - Sidebar Menu&amp;apos;</message>
  <nestedLevel>1</nestedLevel>
</record>
<record>
  <date>2018-02-27T14:49:59</date>
  <millis>1519717799299</millis>
  <sequence>76</sequence>
  <level>END</level>
  <class>com.kms.katalon.core.logging.KeywordLogger</class>
  <method>endKeyword</method>
  <thread>1</thread>
  <message>End action : tap</message>
  <nestedLevel>1</nestedLevel>
</record>
<record>
  <date>2018-02-27T14:49:59</date>
  <millis>1519717799301</millis>
  <sequence>77</sequence>
  <level>START</level>
  <class>com.kms.katalon.core.logging.KeywordLogger</class>
  <method>startKeyword</method>
  <thread>1</thread>
  <message>Start action : tap</message>
  <nestedLevel>1</nestedLevel>
  <property name="startLine">67</property>
  <property name="stepIndex">16</property>
  <property name="description">Mengklik \&quot;Stok Tabbar\&quot; untuk bisa ke screen Stock</property>
</record>
<record>
  <date>2018-02-27T14:49:59</date>
  <millis>1519717799306</millis>
  <sequence>78</sequence>
  <level>INFO</level>
  <class>com.kms.katalon.core.logging.KeywordLogger</class>
  <method>logMessage</method>
  <thread>1</thread>
  <message>Finding Test Object with id &amp;apos;Object Repository/Sidebar Menu/Operasional/Stock/Stock View/Stok - Navbar Menu&amp;apos;</message>
  <nestedLevel>1</nestedLevel>
</record>
<record>
  <date>2018-02-27T14:49:59</date>
  <millis>1519717799330</millis>
  <sequence>79</sequence>
  <level>INFO</level>
  <class>com.kms.katalon.core.logging.KeywordLogger</class>
  <method>logMessage</method>
  <thread>1</thread>
  <message>Checking object</message>
  <nestedLevel>1</nestedLevel>
</record>
<record>
  <date>2018-02-27T14:49:59</date>
  <millis>1519717799331</millis>
  <sequence>80</sequence>
  <level>INFO</level>
  <class>com.kms.katalon.core.logging.KeywordLogger</class>
  <method>logMessage</method>
  <thread>1</thread>
  <message>Checking timeout</message>
  <nestedLevel>1</nestedLevel>
</record>
<record>
  <date>2018-02-27T14:50:01</date>
  <millis>1519717801361</millis>
  <sequence>81</sequence>
  <level>PASSED</level>
  <class>com.kms.katalon.core.logging.KeywordLogger</class>
  <method>logMessage</method>
  <thread>1</thread>
  <message>Tapped on element &amp;apos;Object Repository/Sidebar Menu/Operasional/Stock/Stock View/Stok - Navbar Menu&amp;apos;</message>
  <nestedLevel>1</nestedLevel>
</record>
<record>
  <date>2018-02-27T14:50:01</date>
  <millis>1519717801363</millis>
  <sequence>82</sequence>
  <level>END</level>
  <class>com.kms.katalon.core.logging.KeywordLogger</class>
  <method>endKeyword</method>
  <thread>1</thread>
  <message>End action : tap</message>
  <nestedLevel>1</nestedLevel>
</record>
<record>
  <date>2018-02-27T14:50:01</date>
  <millis>1519717801365</millis>
  <sequence>83</sequence>
  <level>START</level>
  <class>com.kms.katalon.core.logging.KeywordLogger</class>
  <method>startKeyword</method>
  <thread>1</thread>
  <message>Start action : delay</message>
  <nestedLevel>1</nestedLevel>
  <property name="startLine">70</property>
  <property name="stepIndex">17</property>
</record>
<record>
  <date>2018-02-27T14:50:01</date>
  <millis>1519717801399</millis>
  <sequence>84</sequence>
  <level>INFO</level>
  <class>com.kms.katalon.core.logging.KeywordLogger</class>
  <method>logMessage</method>
  <thread>1</thread>
  <message>Delaying browser in 5 second(s)</message>
  <nestedLevel>1</nestedLevel>
</record>
<record>
  <date>2018-02-27T14:50:06</date>
  <millis>1519717806401</millis>
  <sequence>85</sequence>
  <level>PASSED</level>
  <class>com.kms.katalon.core.logging.KeywordLogger</class>
  <method>logMessage</method>
  <thread>1</thread>
  <message>Delayed 5 second(s)</message>
  <nestedLevel>1</nestedLevel>
</record>
<record>
  <date>2018-02-27T14:50:06</date>
  <millis>1519717806403</millis>
  <sequence>86</sequence>
  <level>END</level>
  <class>com.kms.katalon.core.logging.KeywordLogger</class>
  <method>endKeyword</method>
  <thread>1</thread>
  <message>End action : delay</message>
  <nestedLevel>1</nestedLevel>
</record>
<record>
  <date>2018-02-27T14:50:06</date>
  <millis>1519717806404</millis>
  <sequence>87</sequence>
  <level>START</level>
  <class>com.kms.katalon.core.logging.KeywordLogger</class>
  <method>startKeyword</method>
  <thread>1</thread>
  <message>Start action : waitForElementPresent</message>
  <nestedLevel>1</nestedLevel>
  <property name="startLine">73</property>
  <property name="stepIndex">18</property>
  <property name="description">Menunggu hingga \&quot;Stok Tabbar\&quot; selesai kemudian melakukan action Drop Down Semua Kategori </property>
</record>
<record>
  <date>2018-02-27T14:50:06</date>
  <millis>1519717806408</millis>
  <sequence>88</sequence>
  <level>INFO</level>
  <class>com.kms.katalon.core.logging.KeywordLogger</class>
  <method>logMessage</method>
  <thread>1</thread>
  <message>Finding Test Object with id &amp;apos;Object Repository/Sidebar Menu/Operasional/Stock/Stock View/Semua Kategori - Drop Down&amp;apos;</message>
  <nestedLevel>1</nestedLevel>
</record>
<record>
  <date>2018-02-27T14:50:06</date>
  <millis>1519717806438</millis>
  <sequence>89</sequence>
  <level>INFO</level>
  <class>com.kms.katalon.core.logging.KeywordLogger</class>
  <method>logMessage</method>
  <thread>1</thread>
  <message>Checking object</message>
  <nestedLevel>1</nestedLevel>
</record>
<record>
  <date>2018-02-27T14:50:06</date>
  <millis>1519717806439</millis>
  <sequence>90</sequence>
  <level>INFO</level>
  <class>com.kms.katalon.core.logging.KeywordLogger</class>
  <method>logMessage</method>
  <thread>1</thread>
  <message>Checking timeout</message>
  <nestedLevel>1</nestedLevel>
</record>
<record>
  <date>2018-02-27T14:50:06</date>
  <millis>1519717806720</millis>
  <sequence>91</sequence>
  <level>PASSED</level>
  <class>com.kms.katalon.core.logging.KeywordLogger</class>
  <method>logMessage</method>
  <thread>1</thread>
  <message>Element &amp;apos;Object Repository/Sidebar Menu/Operasional/Stock/Stock View/Semua Kategori - Drop Down&amp;apos; is present</message>
  <nestedLevel>1</nestedLevel>
</record>
<record>
  <date>2018-02-27T14:50:06</date>
  <millis>1519717806720</millis>
  <sequence>92</sequence>
  <level>END</level>
  <class>com.kms.katalon.core.logging.KeywordLogger</class>
  <method>endKeyword</method>
  <thread>1</thread>
  <message>End action : waitForElementPresent</message>
  <nestedLevel>1</nestedLevel>
</record>
<record>
  <date>2018-02-27T14:50:06</date>
  <millis>1519717806721</millis>
  <sequence>93</sequence>
  <level>START</level>
  <class>com.kms.katalon.core.logging.KeywordLogger</class>
  <method>startKeyword</method>
  <thread>1</thread>
  <message>Start action : tap</message>
  <nestedLevel>1</nestedLevel>
  <property name="startLine">76</property>
  <property name="stepIndex">19</property>
  <property name="description">Mengklik Drop Down Semua Kategori yang ada pada \&quot;Stok Tabbar\&quot;</property>
</record>
<record>
  <date>2018-02-27T14:50:06</date>
  <millis>1519717806721</millis>
  <sequence>94</sequence>
  <level>INFO</level>
  <class>com.kms.katalon.core.logging.KeywordLogger</class>
  <method>logMessage</method>
  <thread>1</thread>
  <message>Finding Test Object with id &amp;apos;Object Repository/Sidebar Menu/Operasional/Stock/Stock View/Semua Kategori - Drop Down&amp;apos;</message>
  <nestedLevel>1</nestedLevel>
</record>
<record>
  <date>2018-02-27T14:50:06</date>
  <millis>1519717806724</millis>
  <sequence>95</sequence>
  <level>INFO</level>
  <class>com.kms.katalon.core.logging.KeywordLogger</class>
  <method>logMessage</method>
  <thread>1</thread>
  <message>Checking object</message>
  <nestedLevel>1</nestedLevel>
</record>
<record>
  <date>2018-02-27T14:50:06</date>
  <millis>1519717806725</millis>
  <sequence>96</sequence>
  <level>INFO</level>
  <class>com.kms.katalon.core.logging.KeywordLogger</class>
  <method>logMessage</method>
  <thread>1</thread>
  <message>Checking timeout</message>
  <nestedLevel>1</nestedLevel>
</record>
<record>
  <date>2018-02-27T14:50:07</date>
  <millis>1519717807107</millis>
  <sequence>97</sequence>
  <level>PASSED</level>
  <class>com.kms.katalon.core.logging.KeywordLogger</class>
  <method>logMessage</method>
  <thread>1</thread>
  <message>Tapped on element &amp;apos;Object Repository/Sidebar Menu/Operasional/Stock/Stock View/Semua Kategori - Drop Down&amp;apos;</message>
  <nestedLevel>1</nestedLevel>
</record>
<record>
  <date>2018-02-27T14:50:07</date>
  <millis>1519717807108</millis>
  <sequence>98</sequence>
  <level>END</level>
  <class>com.kms.katalon.core.logging.KeywordLogger</class>
  <method>endKeyword</method>
  <thread>1</thread>
  <message>End action : tap</message>
  <nestedLevel>1</nestedLevel>
</record>
<record>
  <date>2018-02-27T14:50:07</date>
  <millis>1519717807108</millis>
  <sequence>99</sequence>
  <level>START</level>
  <class>com.kms.katalon.core.logging.KeywordLogger</class>
  <method>startKeyword</method>
  <thread>1</thread>
  <message>Start action : waitForElementPresent</message>
  <nestedLevel>1</nestedLevel>
  <property name="startLine">78</property>
  <property name="stepIndex">20</property>
</record>
<record>
  <date>2018-02-27T14:50:07</date>
  <millis>1519717807109</millis>
  <sequence>100</sequence>
  <level>INFO</level>
  <class>com.kms.katalon.core.logging.KeywordLogger</class>
  <method>logMessage</method>
  <thread>1</thread>
  <message>Finding Test Object with id &amp;apos;Object Repository/Sidebar Menu/Operasional/Stock/Stock View/List Kategori - Elemen 2&amp;apos;</message>
  <nestedLevel>1</nestedLevel>
</record>
<record>
  <date>2018-02-27T14:50:07</date>
  <millis>1519717807114</millis>
  <sequence>101</sequence>
  <level>INFO</level>
  <class>com.kms.katalon.core.logging.KeywordLogger</class>
  <method>logMessage</method>
  <thread>1</thread>
  <message>Checking object</message>
  <nestedLevel>1</nestedLevel>
</record>
<record>
  <date>2018-02-27T14:50:07</date>
  <millis>1519717807114</millis>
  <sequence>102</sequence>
  <level>INFO</level>
  <class>com.kms.katalon.core.logging.KeywordLogger</class>
  <method>logMessage</method>
  <thread>1</thread>
  <message>Checking timeout</message>
  <nestedLevel>1</nestedLevel>
</record>
<record>
  <date>2018-02-27T14:50:12</date>
  <millis>1519717812179</millis>
  <sequence>103</sequence>
  <level>WARNING</level>
  <class>com.kms.katalon.core.logging.KeywordLogger</class>
  <method>logMessage</method>
  <thread>1</thread>
  <message>Object Object Repository/Sidebar Menu/Operasional/Stock/Stock View/List Kategori - Elemen 2 not found</message>
  <nestedLevel>1</nestedLevel>
</record>
<record>
  <date>2018-02-27T14:50:12</date>
  <millis>1519717812181</millis>
  <sequence>104</sequence>
  <level>END</level>
  <class>com.kms.katalon.core.logging.KeywordLogger</class>
  <method>endKeyword</method>
  <thread>1</thread>
  <message>End action : waitForElementPresent</message>
  <nestedLevel>1</nestedLevel>
</record>
<record>
  <date>2018-02-27T14:50:12</date>
  <millis>1519717812181</millis>
  <sequence>105</sequence>
  <level>START</level>
  <class>com.kms.katalon.core.logging.KeywordLogger</class>
  <method>startKeyword</method>
  <thread>1</thread>
  <message>Start action : tap</message>
  <nestedLevel>1</nestedLevel>
  <property name="startLine">81</property>
  <property name="stepIndex">21</property>
  <property name="description">Memilih Kategori pada Elemen ke dua</property>
</record>
<record>
  <date>2018-02-27T14:50:12</date>
  <millis>1519717812182</millis>
  <sequence>106</sequence>
  <level>INFO</level>
  <class>com.kms.katalon.core.logging.KeywordLogger</class>
  <method>logMessage</method>
  <thread>1</thread>
  <message>Finding Test Object with id &amp;apos;Object Repository/Sidebar Menu/Operasional/Stock/Stock View/List Kategori - Elemen 2&amp;apos;</message>
  <nestedLevel>1</nestedLevel>
</record>
<record>
  <date>2018-02-27T14:50:12</date>
  <millis>1519717812189</millis>
  <sequence>107</sequence>
  <level>INFO</level>
  <class>com.kms.katalon.core.logging.KeywordLogger</class>
  <method>logMessage</method>
  <thread>1</thread>
  <message>Checking object</message>
  <nestedLevel>1</nestedLevel>
</record>
<record>
  <date>2018-02-27T14:50:12</date>
  <millis>1519717812189</millis>
  <sequence>108</sequence>
  <level>INFO</level>
  <class>com.kms.katalon.core.logging.KeywordLogger</class>
  <method>logMessage</method>
  <thread>1</thread>
  <message>Checking timeout</message>
  <nestedLevel>1</nestedLevel>
</record>
<record>
  <date>2018-02-27T14:50:17</date>
  <millis>1519717817243</millis>
  <sequence>109</sequence>
  <level>FAILED</level>
  <class>com.kms.katalon.core.logging.KeywordLogger</class>
  <method>logMessage</method>
  <thread>1</thread>
  <message>Object Object Repository/Sidebar Menu/Operasional/Stock/Stock View/List Kategori - Elemen 2 not found</message>
  <nestedLevel>1</nestedLevel>
</record>
<record>
  <date>2018-02-27T14:50:17</date>
  <millis>1519717817247</millis>
  <sequence>110</sequence>
  <level>FAILED</level>
  <class>com.kms.katalon.core.logging.KeywordLogger</class>
  <method>logMessage</method>
  <thread>1</thread>
  <message>Failed to tap on element &amp;apos;Object Repository/Sidebar Menu/Operasional/Stock/Stock View/List Kategori - Elemen 2&amp;apos; (Root cause: Object Object Repository/Sidebar Menu/Operasional/Stock/Stock View/List Kategori - Elemen 2 not found)</message>
  <nestedLevel>1</nestedLevel>
</record>
<record>
  <date>2018-02-27T14:50:17</date>
  <millis>1519717817250</millis>
  <sequence>111</sequence>
  <level>END</level>
  <class>com.kms.katalon.core.logging.KeywordLogger</class>
  <method>endKeyword</method>
  <thread>1</thread>
  <message>End action : tap</message>
  <nestedLevel>1</nestedLevel>
</record>
<record>
  <date>2018-02-27T14:50:17</date>
  <millis>1519717817252</millis>
  <sequence>112</sequence>
  <logger>com.kms.katalon.core.logging.KeywordLogger</logger>
  <level>FAILED</level>
  <class>com.kms.katalon.core.logging.KeywordLogger</class>
  <method>logMessage</method>
  <thread>1</thread>
  <message>Test Cases/Sprint 2/26 - TC - All FAILED because (of) Failed to tap on element &amp;apos;Object Repository/Sidebar Menu/Operasional/Stock/Stock View/List Kategori - Elemen 2&amp;apos; (Root cause: Object Object Repository/Sidebar Menu/Operasional/Stock/Stock View/List Kategori - Elemen 2 not found)</message>
  <exception>
    <message>com.kms.katalon.core.exception.StepFailedException: Failed to tap on element 'Object Repository/Sidebar Menu/Operasional/Stock/Stock View/List Kategori - Elemen 2' (Root cause: Object Object Repository/Sidebar Menu/Operasional/Stock/Stock View/List Kategori - Elemen 2 not found)</message>
    <frame>
      <class>com.kms.katalon.core.keyword.internal.KeywordMain</class>
      <method>stepFailed</method>
      <line>36</line>
    </frame>
    <frame>
      <class>com.kms.katalon.core.keyword.internal.KeywordMain</class>
      <method>stepFailed</method>
    </frame>
    <frame>
      <class>com.kms.katalon.core.keyword.internal.KeywordMain</class>
      <method>runKeyword</method>
      <line>56</line>
    </frame>
    <frame>
      <class>com.kms.katalon.core.mobile.keyword.builtin.TapKeyword</class>
      <method>tap</method>
      <line>79</line>
    </frame>
    <frame>
      <class>com.kms.katalon.core.mobile.keyword.builtin.TapKeyword</class>
      <method>execute</method>
      <line>64</line>
    </frame>
    <frame>
      <class>com.kms.katalon.core.keyword.internal.KeywordExecutor</class>
      <method>executeKeywordForPlatform</method>
      <line>53</line>
    </frame>
    <frame>
      <class>com.kms.katalon.core.mobile.keyword.MobileBuiltInKeywords</class>
      <method>tap</method>
      <line>487</line>
    </frame>
    <frame>
      <class>com.kms.katalon.core.mobile.keyword.MobileBuiltInKeywords$tap$0</class>
      <method>call</method>
    </frame>
    <frame>
      <class>org.codehaus.groovy.runtime.callsite.CallSiteArray</class>
      <method>defaultCall</method>
      <line>48</line>
    </frame>
    <frame>
      <class>org.codehaus.groovy.runtime.callsite.AbstractCallSite</class>
      <method>call</method>
      <line>113</line>
    </frame>
    <frame>
      <class>org.codehaus.groovy.runtime.callsite.AbstractCallSite</class>
      <method>call</method>
      <line>133</line>
    </frame>
    <frame>
      <class>Script1513569792368</class>
      <method>run</method>
      <line>81</line>
    </frame>
    <frame>
      <class>com.kms.katalon.core.main.ScriptEngine</class>
      <method>run</method>
      <line>183</line>
    </frame>
    <frame>
      <class>com.kms.katalon.core.main.ScriptEngine</class>
      <method>runScriptAsRawText</method>
      <line>108</line>
    </frame>
    <frame>
      <class>com.kms.katalon.core.main.TestCaseExecutor</class>
      <method>runScript</method>
      <line>215</line>
    </frame>
    <frame>
      <class>com.kms.katalon.core.main.TestCaseExecutor</class>
      <method>doExecute</method>
      <line>206</line>
    </frame>
    <frame>
      <class>com.kms.katalon.core.main.TestCaseExecutor</class>
      <method>processExecutionPhase</method>
      <line>185</line>
    </frame>
    <frame>
      <class>com.kms.katalon.core.main.TestCaseExecutor</class>
      <method>accessMainPhase</method>
      <line>177</line>
    </frame>
    <frame>
      <class>com.kms.katalon.core.main.TestCaseExecutor</class>
      <method>execute</method>
      <line>160</line>
    </frame>
    <frame>
      <class>com.kms.katalon.core.main.TestCaseMain</class>
      <method>runTestCase</method>
      <line>102</line>
    </frame>
    <frame>
      <class>com.kms.katalon.core.main.TestCaseMain$runTestCase$0</class>
      <method>call</method>
    </frame>
    <frame>
      <class>org.codehaus.groovy.runtime.callsite.CallSiteArray</class>
      <method>defaultCall</method>
      <line>48</line>
    </frame>
    <frame>
      <class>org.codehaus.groovy.runtime.callsite.AbstractCallSite</class>
      <method>call</method>
      <line>113</line>
    </frame>
    <frame>
      <class>org.codehaus.groovy.runtime.callsite.AbstractCallSite</class>
      <method>call</method>
      <line>141</line>
    </frame>
    <frame>
      <class>TempTestSuite1519717766799</class>
      <method>runTestCase_0</method>
      <line>18</line>
    </frame>
    <frame>
      <class>sun.reflect.NativeMethodAccessorImpl</class>
      <method>invoke0</method>
    </frame>
    <frame>
      <class>sun.reflect.NativeMethodAccessorImpl</class>
      <method>invoke</method>
      <line>62</line>
    </frame>
    <frame>
      <class>sun.reflect.DelegatingMethodAccessorImpl</class>
      <method>invoke</method>
      <line>43</line>
    </frame>
    <frame>
      <class>java.lang.reflect.Method</class>
      <method>invoke</method>
      <line>498</line>
    </frame>
    <frame>
      <class>org.codehaus.groovy.reflection.CachedMethod</class>
      <method>invoke</method>
      <line>93</line>
    </frame>
    <frame>
      <class>groovy.lang.MetaMethod</class>
      <method>doMethodInvoke</method>
      <line>325</line>
    </frame>
    <frame>
      <class>org.codehaus.groovy.runtime.metaclass.ClosureMetaClass</class>
      <method>invokeMethod</method>
      <line>384</line>
    </frame>
    <frame>
      <class>org.codehaus.groovy.runtime.ScriptBytecodeAdapter</class>
      <method>invokeMethodOnCurrentN</method>
      <line>82</line>
    </frame>
    <frame>
      <class>org.codehaus.groovy.runtime.ScriptBytecodeAdapter</class>
      <method>invokeMethodOnCurrent0</method>
      <line>113</line>
    </frame>
    <frame>
      <class>TempTestSuite1519717766799$_run_closure1</class>
      <method>doCall</method>
      <line>80</line>
    </frame>
    <frame>
      <class>sun.reflect.NativeMethodAccessorImpl</class>
      <method>invoke0</method>
    </frame>
    <frame>
      <class>sun.reflect.NativeMethodAccessorImpl</class>
      <method>invoke</method>
      <line>62</line>
    </frame>
    <frame>
      <class>sun.reflect.DelegatingMethodAccessorImpl</class>
      <method>invoke</method>
      <line>43</line>
    </frame>
    <frame>
      <class>java.lang.reflect.Method</class>
      <method>invoke</method>
      <line>498</line>
    </frame>
    <frame>
      <class>org.codehaus.groovy.reflection.CachedMethod</class>
      <method>invoke</method>
      <line>93</line>
    </frame>
    <frame>
      <class>groovy.lang.MetaMethod</class>
      <method>doMethodInvoke</method>
      <line>325</line>
    </frame>
    <frame>
      <class>org.codehaus.groovy.runtime.metaclass.ClosureMetaClass</class>
      <method>invokeMethod</method>
      <line>294</line>
    </frame>
    <frame>
      <class>groovy.lang.MetaClassImpl</class>
      <method>invokeMethod</method>
      <line>1024</line>
    </frame>
    <frame>
      <class>groovy.lang.Closure</class>
      <method>call</method>
      <line>414</line>
    </frame>
    <frame>
      <class>groovy.lang.Closure</class>
      <method>call</method>
      <line>430</line>
    </frame>
    <frame>
      <class>org.codehaus.groovy.runtime.DefaultGroovyMethods</class>
      <method>each</method>
      <line>2030</line>
    </frame>
    <frame>
      <class>org.codehaus.groovy.runtime.DefaultGroovyMethods</class>
      <method>each</method>
      <line>2015</line>
    </frame>
    <frame>
      <class>org.codehaus.groovy.runtime.DefaultGroovyMethods</class>
      <method>each</method>
      <line>2056</line>
    </frame>
    <frame>
      <class>org.codehaus.groovy.runtime.dgm$162</class>
      <method>invoke</method>
    </frame>
    <frame>
      <class>org.codehaus.groovy.runtime.callsite.PojoMetaMethodSite$PojoMetaMethodSiteNoUnwrapNoCoerce</class>
      <method>invoke</method>
      <line>274</line>
    </frame>
    <frame>
      <class>org.codehaus.groovy.runtime.callsite.PojoMetaMethodSite</class>
      <method>call</method>
      <line>56</line>
    </frame>
    <frame>
      <class>org.codehaus.groovy.runtime.callsite.CallSiteArray</class>
      <method>defaultCall</method>
      <line>48</line>
    </frame>
    <frame>
      <class>org.codehaus.groovy.runtime.callsite.AbstractCallSite</class>
      <method>call</method>
      <line>113</line>
    </frame>
    <frame>
      <class>org.codehaus.groovy.runtime.callsite.AbstractCallSite</class>
      <method>call</method>
      <line>125</line>
    </frame>
    <frame>
      <class>TempTestSuite1519717766799</class>
      <method>run</method>
      <line>79</line>
    </frame>
    <frame>
      <class>groovy.lang.GroovyShell</class>
      <method>runScriptOrMainOrTestOrRunnable</method>
      <line>263</line>
    </frame>
    <frame>
      <class>groovy.lang.GroovyShell</class>
      <method>run</method>
      <line>518</line>
    </frame>
    <frame>
      <class>groovy.lang.GroovyShell</class>
      <method>run</method>
      <line>507</line>
    </frame>
    <frame>
      <class>groovy.ui.GroovyMain</class>
      <method>processOnce</method>
      <line>653</line>
    </frame>
    <frame>
      <class>groovy.ui.GroovyMain</class>
      <method>run</method>
      <line>384</line>
    </frame>
    <frame>
      <class>groovy.ui.GroovyMain</class>
      <method>process</method>
      <line>370</line>
    </frame>
    <frame>
      <class>groovy.ui.GroovyMain</class>
      <method>processArgs</method>
      <line>129</line>
    </frame>
    <frame>
      <class>groovy.ui.GroovyMain</class>
      <method>main</method>
      <line>109</line>
    </frame>
    <frame>
      <class>sun.reflect.NativeMethodAccessorImpl</class>
      <method>invoke0</method>
    </frame>
    <frame>
      <class>sun.reflect.NativeMethodAccessorImpl</class>
      <method>invoke</method>
      <line>62</line>
    </frame>
    <frame>
      <class>sun.reflect.DelegatingMethodAccessorImpl</class>
      <method>invoke</method>
      <line>43</line>
    </frame>
    <frame>
      <class>java.lang.reflect.Method</class>
      <method>invoke</method>
      <line>498</line>
    </frame>
    <frame>
      <class>org.codehaus.groovy.tools.GroovyStarter</class>
      <method>rootLoader</method>
      <line>109</line>
    </frame>
    <frame>
      <class>org.codehaus.groovy.tools.GroovyStarter</class>
      <method>main</method>
      <line>131</line>
    </frame>
  </exception>
  <nestedLevel>0</nestedLevel>
</record>
<record>
  <date>2018-02-27T14:50:17</date>
  <millis>1519717817258</millis>
  <sequence>113</sequence>
  <level>END</level>
  <class>com.kms.katalon.core.logging.KeywordLogger</class>
  <method>endTest</method>
  <thread>1</thread>
  <message>End Test Case : Test Cases/Sprint 2/26 - TC - All</message>
  <nestedLevel>0</nestedLevel>
</record>
<record>
  <date>2018-02-27T14:50:17</date>
  <millis>1519717817314</millis>
  <sequence>114</sequence>
  <level>START</level>
  <class>com.kms.katalon.core.logging.KeywordLogger</class>
  <method>startTest</method>
  <thread>1</thread>
  <message>Start Test Case : Test Cases/Sprint 2/35 - TC-All</message>
  <nestedLevel>1</nestedLevel>
  <property name="name">Test Cases/Sprint 2/35 - TC-All</property>
  <property name="description">Tambah Barang</property>
  <property name="id">Test Cases/Sprint 2/35 - TC-All</property>
  <property name="source">C:\\Users\\AV2017005903\\Documents\\apollo-automationTest Cases\\Sprint 2\\35 - TC-All.tc</property>
  <property name="isOptional">false</property>
</record>
<record>
  <date>2018-02-27T14:50:17</date>
  <millis>1519717817391</millis>
  <sequence>115</sequence>
  <level>INFO</level>
  <class>com.kms.katalon.core.logging.KeywordLogger</class>
  <method>logMessage</method>
  <thread>1</thread>
  <message>Evaluating variables for test case</message>
  <nestedLevel>1</nestedLevel>
</record>
<record>
  <date>2018-02-27T14:50:17</date>
  <millis>1519717817613</millis>
  <sequence>116</sequence>
  <level>START</level>
  <class>com.kms.katalon.core.logging.KeywordLogger</class>
  <method>startKeyword</method>
  <thread>1</thread>
  <message>Start action : comment</message>
  <nestedLevel>1</nestedLevel>
  <property name="startLine">23</property>
  <property name="stepIndex">1</property>
</record>
<record>
  <date>2018-02-27T14:50:17</date>
  <millis>1519717817615</millis>
  <sequence>117</sequence>
  <level>INFO</level>
  <class>com.kms.katalon.core.logging.KeywordLogger</class>
  <method>logMessage</method>
  <thread>1</thread>
  <message>Start Story 35</message>
  <nestedLevel>1</nestedLevel>
</record>
<record>
  <date>2018-02-27T14:50:17</date>
  <millis>1519717817615</millis>
  <sequence>118</sequence>
  <level>END</level>
  <class>com.kms.katalon.core.logging.KeywordLogger</class>
  <method>endKeyword</method>
  <thread>1</thread>
  <message>End action : comment</message>
  <nestedLevel>1</nestedLevel>
</record>
<record>
  <date>2018-02-27T14:50:17</date>
  <millis>1519717817615</millis>
  <sequence>119</sequence>
  <level>START</level>
  <class>com.kms.katalon.core.logging.KeywordLogger</class>
  <method>startKeyword</method>
  <thread>1</thread>
  <message>Start action : delay</message>
  <nestedLevel>1</nestedLevel>
  <property name="startLine">25</property>
  <property name="stepIndex">2</property>
</record>
<record>
  <date>2018-02-27T14:50:17</date>
  <millis>1519717817616</millis>
  <sequence>120</sequence>
  <level>INFO</level>
  <class>com.kms.katalon.core.logging.KeywordLogger</class>
  <method>logMessage</method>
  <thread>1</thread>
  <message>Delaying browser in 5 second(s)</message>
  <nestedLevel>1</nestedLevel>
</record>
<record>
  <date>2018-02-27T14:50:22</date>
  <millis>1519717822617</millis>
  <sequence>121</sequence>
  <level>PASSED</level>
  <class>com.kms.katalon.core.logging.KeywordLogger</class>
  <method>logMessage</method>
  <thread>1</thread>
  <message>Delayed 5 second(s)</message>
  <nestedLevel>1</nestedLevel>
</record>
<record>
  <date>2018-02-27T14:50:22</date>
  <millis>1519717822619</millis>
  <sequence>122</sequence>
  <level>END</level>
  <class>com.kms.katalon.core.logging.KeywordLogger</class>
  <method>endKeyword</method>
  <thread>1</thread>
  <message>End action : delay</message>
  <nestedLevel>1</nestedLevel>
</record>
<record>
  <date>2018-02-27T14:50:22</date>
  <millis>1519717822620</millis>
  <sequence>123</sequence>
  <level>START</level>
  <class>com.kms.katalon.core.logging.KeywordLogger</class>
  <method>startKeyword</method>
  <thread>1</thread>
  <message>Start action : tap</message>
  <nestedLevel>1</nestedLevel>
  <property name="startLine">27</property>
  <property name="stepIndex">3</property>
</record>
<record>
  <date>2018-02-27T14:50:22</date>
  <millis>1519717822621</millis>
  <sequence>124</sequence>
  <level>INFO</level>
  <class>com.kms.katalon.core.logging.KeywordLogger</class>
  <method>logMessage</method>
  <thread>1</thread>
  <message>Finding Test Object with id &amp;apos;Object Repository/Sidebar Menu/Operasional/Stock/Tambah Barang/Tambah Barang Button&amp;apos;</message>
  <nestedLevel>1</nestedLevel>
</record>
<record>
  <date>2018-02-27T14:50:22</date>
  <millis>1519717822635</millis>
  <sequence>125</sequence>
  <level>INFO</level>
  <class>com.kms.katalon.core.logging.KeywordLogger</class>
  <method>logMessage</method>
  <thread>1</thread>
  <message>Checking object</message>
  <nestedLevel>1</nestedLevel>
</record>
<record>
  <date>2018-02-27T14:50:22</date>
  <millis>1519717822636</millis>
  <sequence>126</sequence>
  <level>INFO</level>
  <class>com.kms.katalon.core.logging.KeywordLogger</class>
  <method>logMessage</method>
  <thread>1</thread>
  <message>Checking timeout</message>
  <nestedLevel>1</nestedLevel>
</record>
<record>
  <date>2018-02-27T14:50:23</date>
  <millis>1519717823480</millis>
  <sequence>127</sequence>
  <level>PASSED</level>
  <class>com.kms.katalon.core.logging.KeywordLogger</class>
  <method>logMessage</method>
  <thread>1</thread>
  <message>Tapped on element &amp;apos;Object Repository/Sidebar Menu/Operasional/Stock/Tambah Barang/Tambah Barang Button&amp;apos;</message>
  <nestedLevel>1</nestedLevel>
</record>
<record>
  <date>2018-02-27T14:50:23</date>
  <millis>1519717823482</millis>
  <sequence>128</sequence>
  <level>END</level>
  <class>com.kms.katalon.core.logging.KeywordLogger</class>
  <method>endKeyword</method>
  <thread>1</thread>
  <message>End action : tap</message>
  <nestedLevel>1</nestedLevel>
</record>
<record>
  <date>2018-02-27T14:50:23</date>
  <millis>1519717823483</millis>
  <sequence>129</sequence>
  <level>START</level>
  <class>com.kms.katalon.core.logging.KeywordLogger</class>
  <method>startKeyword</method>
  <thread>1</thread>
  <message>Start action : verifyElementExist</message>
  <nestedLevel>1</nestedLevel>
  <property name="startLine">29</property>
  <property name="stepIndex">4</property>
</record>
<record>
  <date>2018-02-27T14:50:23</date>
  <millis>1519717823484</millis>
  <sequence>130</sequence>
  <level>INFO</level>
  <class>com.kms.katalon.core.logging.KeywordLogger</class>
  <method>logMessage</method>
  <thread>1</thread>
  <message>Finding Test Object with id &amp;apos;Object Repository/Sidebar Menu/Operasional/Stock/Tambah Barang/Tambah Barang Button&amp;apos;</message>
  <nestedLevel>1</nestedLevel>
</record>
<record>
  <date>2018-02-27T14:50:23</date>
  <millis>1519717823494</millis>
  <sequence>131</sequence>
  <level>INFO</level>
  <class>com.kms.katalon.core.logging.KeywordLogger</class>
  <method>logMessage</method>
  <thread>1</thread>
  <message>Checking object</message>
  <nestedLevel>1</nestedLevel>
</record>
<record>
  <date>2018-02-27T14:50:23</date>
  <millis>1519717823496</millis>
  <sequence>132</sequence>
  <level>INFO</level>
  <class>com.kms.katalon.core.logging.KeywordLogger</class>
  <method>logMessage</method>
  <thread>1</thread>
  <message>Checking timeout</message>
  <nestedLevel>1</nestedLevel>
</record>
