[Appium] Welcome to Appium v1.6.3
[Appium] Non-default server args:
[Appium]   port: 59920
[Appium]   loglevel: 'info'
[Appium]   chromeDriverPort: 59936
[Appium]   tmpDir: 'C:\\Users\\AV2017~1\\AppData\\Local\\Temp\\\\Katalon\\Appium\\Temp1515661016078'
[Appium] Appium REST http interface listener started on 0.0.0.0:59920
[HTTP] --> GET /wd/hub/status {}
[HTTP] <-- GET /wd/hub/status 200 19 ms - 83 
[HTTP] --> POST /wd/hub/session {"desiredCapabilities":{"app":"D:\\Project Apollo\\APK Appolo\\RetroSprint4.apk","noReset":true,"property_2":"","property_1":"","deviceId":"3201281be0f78439","deviceName":"samsung SM-J120G 5.1.1","fullReset":false,"platform":"ANDROID","newCommandTimeout":1800,"property":"","autoGrantPermissions":true,"udid":"3201281be0f78439","platformName":"Android"}}
[Appium] Creating new AndroidDriver session
[Appium] Capabilities:
[Appium]   app: 'D:\\Project Apollo\\APK Appolo\\RetroSprint4.apk'
[Appium]   noReset: true
[Appium]   property_2: ''
[Appium]   property_1: ''
[Appium]   deviceId: '3201281be0f78439'
[Appium]   deviceName: 'samsung SM-J120G 5.1.1'
[Appium]   fullReset: false
[Appium]   platform: 'ANDROID'
[Appium]   newCommandTimeout: 1800
[Appium]   property: ''
[Appium]   autoGrantPermissions: true
[Appium]   udid: '3201281be0f78439'
[Appium]   platformName: 'Android'
[BaseDriver] The following capabilities were provided, but are not recognized by appium: property_2, property_1, deviceId, platform, property, autoGrantPermissions.
[BaseDriver] Session created with session id: bc87e2a1-3ba4-44e7-a6ee-c83ae6c6b2ac
[AndroidDriver] Java version is: 1.8.0_102
[ADB] Checking whether adb is present
[ADB] Using adb.exe from D:\FAF\Katalon 5.0\configuration\resources\tools\android_sdk\platform-tools\adb.exe
[AndroidDriver] Retrieving device list
[AndroidDriver] Using device: 3201281be0f78439
[ADB] Checking whether adb is present
[ADB] Using adb.exe from D:\FAF\Katalon 5.0\configuration\resources\tools\android_sdk\platform-tools\adb.exe
[BaseDriver] Using local app 'D:\Project Apollo\APK Appolo\RetroSprint4.apk'
[AndroidDriver] Starting Android session
[ADB] Getting device platform version
[AndroidDriver] Screen already unlocked, doing nothing
[ADB] Checking whether aapt is present
[ADB] Using aapt.exe from D:\FAF\Katalon 5.0\configuration\resources\tools\android_sdk\build-tools\23.0.3\aapt.exe
[ADB] Extracting package and launch activity from manifest
[AndroidDriver] Remote apk path is /data/local/tmp/d071b1c91da07be490a89f92daf75669.apk
[ADB] Checking whether aapt is present
[ADB] Using aapt.exe from D:\FAF\Katalon 5.0\configuration\resources\tools\android_sdk\build-tools\23.0.3\aapt.exe
[ADB] Extracting package and launch activity from manifest
[AndroidBootstrap] [BOOTSTRAP LOG] [debug] Loading json...
[AndroidBootstrap] [BOOTSTRAP LOG] [debug] json loading complete.
[AndroidBootstrap] [BOOTSTRAP LOG] [debug] Registered crash watchers.
[AndroidBootstrap] Android bootstrap socket is now connected
[Appium] New AndroidDriver session created successfully, session bc87e2a1-3ba4-44e7-a6ee-c83ae6c6b2ac added to master session list
[HTTP] <-- POST /wd/hub/session 200 81412 ms - 1146 
[HTTP] --> GET /wd/hub/status {}
[HTTP] <-- GET /wd/hub/status 200 7 ms - 83 
[HTTP] --> GET /wd/hub/session/bc87e2a1-3ba4-44e7-a6ee-c83ae6c6b2ac/window/current/size {}
[HTTP] <-- GET /wd/hub/session/bc87e2a1-3ba4-44e7-a6ee-c83ae6c6b2ac/window/current/size - - ms - - 
Error: write EPIPE
    at _errnoException (util.js:1024:11)
    at Socket._writeGeneric (net.js:767:25)
    at Socket._write (net.js:786:8)
    at doWrite (_stream_writable.js:387:12)
    at writeOrBuffer (_stream_writable.js:373:5)
    at Socket.Writable.write (_stream_writable.js:290:11)
    at Socket.write (net.js:704:40)
    at Socket.stream.write (C:\Users\AV2017005903\AppData\Roaming\npm\node_modules\appium\node_modules\ansi\lib\newlines.js:36:21)
    at exports.Console.Console.log (C:\Users\AV2017005903\AppData\Roaming\npm\node_modules\appium\node_modules\winston\lib\winston\transports\console.js:119:20)
    at transportLog (C:\Users\AV2017005903\AppData\Roaming\npm\node_modules\appium\node_modules\winston\lib\winston\logger.js:234:15)
    at C:\Users\AV2017005903\AppData\Roaming\npm\node_modules\appium\node_modules\winston\node_modules\async\lib\async.js:157:13
    at _each (C:\Users\AV2017005903\AppData\Roaming\npm\node_modules\appium\node_modules\winston\node_modules\async\lib\async.js:57:9)
    at Object.async.each (C:\Users\AV2017005903\AppData\Roaming\npm\node_modules\appium\node_modules\winston\node_modules\async\lib\async.js:156:9)
    at exports.Logger.Logger.log (C:\Users\AV2017005903\AppData\Roaming\npm\node_modules\appium\node_modules\winston\lib\winston\logger.js:246:9)
    at exports.Logger.target.(anonymous function) [as error] (C:\Users\AV2017005903\AppData\Roaming\npm\node_modules\appium\node_modules\winston\lib\winston\common.js:54:18)
    at EventEmitter.<anonymous> (../../lib/logsink.js:199:25)
    at emitOne (events.js:116:13)
    at EventEmitter.emit (events.js:211:7)
    at EventEmitter.<anonymous> (C:\Users\AV2017005903\AppData\Roaming\npm\node_modules\appium\node_modules\npmlog\log.js:158:8)
    at EventEmitter.<anonymous> (C:\Users\AV2017005903\AppData\Roaming\npm\node_modules\appium\node_modules\npmlog\log.js:231:21)
    at SubProcess.<anonymous> (lib/uiautomator.js:43:15)
    at emitTwo (events.js:126:13)
    at SubProcess.emit (events.js:214:7)
    at ChildProcess.<anonymous> (../../lib/teen_process.js:197:14)
    at emitTwo (events.js:126:13)
    at ChildProcess.emit (events.js:214:7)
    at Process.ChildProcess._handle.onexit (internal/child_process.js:198:12)
