[Appium] Welcome to Appium v1.7.2
[Appium] Non-default server args:
[Appium]   port: 59547
[Appium]   loglevel: info
[Appium]   chromeDriverPort: 59554
[Appium]   tmpDir: C:\Users\AV2017~1\AppData\Local\Temp\\Katalon\Appium\Temp1516240537462
[Appium] Appium REST http interface listener started on 0.0.0.0:59547
[HTTP] --> GET /wd/hub/status {}
[HTTP] <-- GET /wd/hub/status 200 14 ms - 72 
[HTTP] --> POST /wd/hub/session {"desiredCapabilities":{"app":"D:\\Project Apollo\\APK Appolo\\Sprint 5 v-7.apk","noReset":true,"property_2":"","newCommandTimeout":1800,"property":"","autoGrantPermissions":true,"property_1":"","udid":"MVAQIBSCS8LN6TQW","platformName":"Android","deviceName":"Xiaomi Redmi Note 3 5.0.2","fullReset":false,"platform":"ANDROID"}}
[Appium] Creating new AndroidDriver (v1.37.0) session
[Appium] Capabilities:
[Appium]   app: D:\Project Apollo\APK Appolo\Sprint 5 v-7.apk
[Appium]   noReset: true
[Appium]   property_2: 
[Appium]   newCommandTimeout: 1800
[Appium]   property: 
[Appium]   autoGrantPermissions: true
[Appium]   property_1: 
[Appium]   udid: MVAQIBSCS8LN6TQW
[Appium]   platformName: Android
[Appium]   deviceName: Xiaomi Redmi Note 3 5.0.2
[Appium]   fullReset: false
[Appium]   platform: ANDROID
[BaseDriver] The following capabilities were provided, but are not recognized by appium: property_2, property, property_1, platform.
[BaseDriver] Session created with session id: 53e708f3-44fd-48a1-afd0-b315eea34e5c
[AndroidDriver] Java version is: 1.8.0_102
[ADB] Checking whether adb is present
[ADB] Using adb.exe from D:\FAF\Katalon 5.0\configuration\resources\tools\android_sdk\platform-tools\adb.exe
[AndroidDriver] Retrieving device list
[AndroidDriver] Using device: MVAQIBSCS8LN6TQW
[ADB] Checking whether adb is present
[BaseDriver] Using local app 'D:\Project Apollo\APK Appolo\Sprint 5 v-7.apk'
[AndroidDriver] Starting Android session
[AndroidDriver] setDeviceLanguageCountry requires language or country.
[AndroidDriver] Got language: 'null' and country: 'null'
[ADB] Checking whether aapt is present
[ADB] Using aapt.exe from D:\FAF\Katalon 5.0\configuration\resources\tools\android_sdk\build-tools\23.0.3\aapt.exe
[ADB] Checking whether aapt is present
[ADB] Getting device platform version
[ADB] Checking whether aapt is present
[ADB] Extracting package and launch activity from manifest
[AndroidDriver] Remote apk path is /data/local/tmp/09bd698959a4723a04abe93e9362d459.apk
[ADB] Checking whether aapt is present
[ADB] Extracting package and launch activity from manifest
[ADB] Cannot kill process 19301 in 1000 ms. Trying to force kill...
[AndroidBootstrap] Android bootstrap socket is now connected
[AndroidDriver] Screen already unlocked, doing nothing
[Appium] New AndroidDriver session created successfully, session 53e708f3-44fd-48a1-afd0-b315eea34e5c added to master session list
[HTTP] <-- POST /wd/hub/session 200 79913 ms - 1179 
[HTTP] --> GET /wd/hub/status {}
[HTTP] <-- GET /wd/hub/status 200 7 ms - 83 
[HTTP] --> GET /wd/hub/session/53e708f3-44fd-48a1-afd0-b315eea34e5c/window/current/size {}
[HTTP] <-- GET /wd/hub/session/53e708f3-44fd-48a1-afd0-b315eea34e5c/window/current/size 200 18 ms - 100 
[HTTP] --> POST /wd/hub/session/53e708f3-44fd-48a1-afd0-b315eea34e5c/elements {"using":"-android uiautomator","value":"new UiSelector().description(\"LoginNameTextInput\")"}
[HTTP] <-- POST /wd/hub/session/53e708f3-44fd-48a1-afd0-b315eea34e5c/elements 200 57 ms - 89 
[HTTP] --> GET /wd/hub/session/53e708f3-44fd-48a1-afd0-b315eea34e5c/element/1/location {}
[HTTP] <-- GET /wd/hub/session/53e708f3-44fd-48a1-afd0-b315eea34e5c/element/1/location 200 11 ms - 88 
[HTTP] --> POST /wd/hub/session/53e708f3-44fd-48a1-afd0-b315eea34e5c/touch/perform {"actions":[{"action":"press","options":{"element":"1"}},{"action":"wait","options":{"ms":1}},{"action":"release","options":{}}]}
[HTTP] <-- POST /wd/hub/session/53e708f3-44fd-48a1-afd0-b315eea34e5c/touch/perform 200 86 ms - 76 
[HTTP] --> GET /wd/hub/session/53e708f3-44fd-48a1-afd0-b315eea34e5c/window/current/size {}
[HTTP] <-- GET /wd/hub/session/53e708f3-44fd-48a1-afd0-b315eea34e5c/window/current/size 200 6 ms - 100 
[HTTP] --> POST /wd/hub/session/53e708f3-44fd-48a1-afd0-b315eea34e5c/elements {"using":"-android uiautomator","value":"new UiSelector().description(\"LoginNameTextInput\")"}
[HTTP] <-- POST /wd/hub/session/53e708f3-44fd-48a1-afd0-b315eea34e5c/elements 200 811 ms - 89 
[HTTP] --> GET /wd/hub/session/53e708f3-44fd-48a1-afd0-b315eea34e5c/element/2/location {}
[HTTP] <-- GET /wd/hub/session/53e708f3-44fd-48a1-afd0-b315eea34e5c/element/2/location 200 14 ms - 88 
[HTTP] --> POST /wd/hub/session/53e708f3-44fd-48a1-afd0-b315eea34e5c/element/2/clear {"id":"2"}
[HTTP] <-- POST /wd/hub/session/53e708f3-44fd-48a1-afd0-b315eea34e5c/element/2/clear 200 3722 ms - 76 
[HTTP] --> POST /wd/hub/session/53e708f3-44fd-48a1-afd0-b315eea34e5c/element/2/value {"id":"2","value":["y"]}
[HTTP] <-- POST /wd/hub/session/53e708f3-44fd-48a1-afd0-b315eea34e5c/element/2/value 200 4939 ms - 76 
[HTTP] --> GET /wd/hub/session/53e708f3-44fd-48a1-afd0-b315eea34e5c/context {}
[HTTP] <-- GET /wd/hub/session/53e708f3-44fd-48a1-afd0-b315eea34e5c/context 200 3 ms - 84 
[HTTP] --> GET /wd/hub/session/53e708f3-44fd-48a1-afd0-b315eea34e5c/contexts {}
[HTTP] <-- GET /wd/hub/session/53e708f3-44fd-48a1-afd0-b315eea34e5c/contexts 200 2104 ms - 86 
[HTTP] --> POST /wd/hub/session/53e708f3-44fd-48a1-afd0-b315eea34e5c/context {"name":"NATIVE_APP"}
[HTTP] <-- POST /wd/hub/session/53e708f3-44fd-48a1-afd0-b315eea34e5c/context 200 2113 ms - 76 
[HTTP] --> POST /wd/hub/session/53e708f3-44fd-48a1-afd0-b315eea34e5c/appium/device/hide_keyboard {}
[HTTP] <-- POST /wd/hub/session/53e708f3-44fd-48a1-afd0-b315eea34e5c/appium/device/hide_keyboard 200 2253 ms - 76 
[HTTP] --> POST /wd/hub/session/53e708f3-44fd-48a1-afd0-b315eea34e5c/context {"name":"NATIVE_APP"}
[HTTP] <-- POST /wd/hub/session/53e708f3-44fd-48a1-afd0-b315eea34e5c/context 200 2115 ms - 76 
[HTTP] --> GET /wd/hub/session/53e708f3-44fd-48a1-afd0-b315eea34e5c/window/current/size {}
[HTTP] <-- GET /wd/hub/session/53e708f3-44fd-48a1-afd0-b315eea34e5c/window/current/size 200 7 ms - 100 
[HTTP] --> POST /wd/hub/session/53e708f3-44fd-48a1-afd0-b315eea34e5c/elements {"using":"-android uiautomator","value":"new UiSelector().description(\"LoginJumpNextBtn\")"}
[HTTP] <-- POST /wd/hub/session/53e708f3-44fd-48a1-afd0-b315eea34e5c/elements 200 51 ms - 89 
[HTTP] --> GET /wd/hub/session/53e708f3-44fd-48a1-afd0-b315eea34e5c/element/3/location {}
[HTTP] <-- GET /wd/hub/session/53e708f3-44fd-48a1-afd0-b315eea34e5c/element/3/location 200 14 ms - 89 
[HTTP] --> POST /wd/hub/session/53e708f3-44fd-48a1-afd0-b315eea34e5c/touch/perform {"actions":[{"action":"press","options":{"element":"3"}},{"action":"wait","options":{"ms":1}},{"action":"release","options":{}}]}
[HTTP] <-- POST /wd/hub/session/53e708f3-44fd-48a1-afd0-b315eea34e5c/touch/perform 200 68 ms - 76 
[HTTP] --> GET /wd/hub/session/53e708f3-44fd-48a1-afd0-b315eea34e5c/window/current/size {}
[HTTP] <-- GET /wd/hub/session/53e708f3-44fd-48a1-afd0-b315eea34e5c/window/current/size 200 8 ms - 100 
[HTTP] --> POST /wd/hub/session/53e708f3-44fd-48a1-afd0-b315eea34e5c/elements {"using":"-android uiautomator","value":"new UiSelector().description(\"LoginJumpNextBtn\")"}
[HTTP] <-- POST /wd/hub/session/53e708f3-44fd-48a1-afd0-b315eea34e5c/elements 200 1782 ms - 89 
[HTTP] --> GET /wd/hub/session/53e708f3-44fd-48a1-afd0-b315eea34e5c/element/4/location {}
[HTTP] <-- GET /wd/hub/session/53e708f3-44fd-48a1-afd0-b315eea34e5c/element/4/location 200 21 ms - 89 
[HTTP] --> GET /wd/hub/session/53e708f3-44fd-48a1-afd0-b315eea34e5c/window/current/size {}
[HTTP] <-- GET /wd/hub/session/53e708f3-44fd-48a1-afd0-b315eea34e5c/window/current/size 200 29 ms - 100 
[HTTP] --> POST /wd/hub/session/53e708f3-44fd-48a1-afd0-b315eea34e5c/elements {"using":"-android uiautomator","value":"new UiSelector().description(\"LupaPinBtn\")"}
[HTTP] <-- POST /wd/hub/session/53e708f3-44fd-48a1-afd0-b315eea34e5c/elements 200 61 ms - 89 
[HTTP] --> GET /wd/hub/session/53e708f3-44fd-48a1-afd0-b315eea34e5c/element/5/location {}
[HTTP] <-- GET /wd/hub/session/53e708f3-44fd-48a1-afd0-b315eea34e5c/element/5/location 200 16 ms - 89 
[HTTP] --> POST /wd/hub/session/53e708f3-44fd-48a1-afd0-b315eea34e5c/touch/perform {"actions":[{"action":"press","options":{"element":"5"}},{"action":"wait","options":{"ms":1}},{"action":"release","options":{}}]}
[HTTP] <-- POST /wd/hub/session/53e708f3-44fd-48a1-afd0-b315eea34e5c/touch/perform 200 106 ms - 76 
[HTTP] --> GET /wd/hub/session/53e708f3-44fd-48a1-afd0-b315eea34e5c/window/current/size {}
[HTTP] <-- GET /wd/hub/session/53e708f3-44fd-48a1-afd0-b315eea34e5c/window/current/size 200 5 ms - 100 
[HTTP] --> POST /wd/hub/session/53e708f3-44fd-48a1-afd0-b315eea34e5c/elements {"using":"xpath","value":"//hierarchy/android.widget.FrameLayout[1]/android.widget.LinearLayout[1]/android.widget.FrameLayout[1]/android.widget.FrameLayout[1]/android.view.View[1]/android.view.View[1]/android.view.View[1]/android.view.View[1]/android.view.View[1]/android.support.v4.widget.DrawerLayout[1]/android.view.View[1]/android.view.View[1]/android.view.View[1]/android.view.View[1]/android.view.View[1]"}
[HTTP] <-- POST /wd/hub/session/53e708f3-44fd-48a1-afd0-b315eea34e5c/elements 200 138 ms - 74 
[HTTP] --> POST /wd/hub/session/53e708f3-44fd-48a1-afd0-b315eea34e5c/elements {"using":"xpath","value":"//hierarchy/android.widget.FrameLayout[1]/android.widget.LinearLayout[1]/android.widget.FrameLayout[1]/android.widget.FrameLayout[1]/android.view.View[1]/android.view.View[1]/android.view.View[1]/android.view.View[1]/android.view.View[1]/android.support.v4.widget.DrawerLayout[1]/android.view.View[1]/android.view.View[1]/android.view.View[1]/android.view.View[1]/android.view.View[1]"}
[HTTP] <-- POST /wd/hub/session/53e708f3-44fd-48a1-afd0-b315eea34e5c/elements 200 99 ms - 74 
[HTTP] --> POST /wd/hub/session/53e708f3-44fd-48a1-afd0-b315eea34e5c/elements {"using":"xpath","value":"//hierarchy/android.widget.FrameLayout[1]/android.widget.LinearLayout[1]/android.widget.FrameLayout[1]/android.widget.FrameLayout[1]/android.view.View[1]/android.view.View[1]/android.view.View[1]/android.view.View[1]/android.view.View[1]/android.support.v4.widget.DrawerLayout[1]/android.view.View[1]/android.view.View[1]/android.view.View[1]/android.view.View[1]/android.view.View[1]"}
[HTTP] <-- POST /wd/hub/session/53e708f3-44fd-48a1-afd0-b315eea34e5c/elements 200 127 ms - 74 
[HTTP] --> POST /wd/hub/session/53e708f3-44fd-48a1-afd0-b315eea34e5c/elements {"using":"xpath","value":"//hierarchy/android.widget.FrameLayout[1]/android.widget.LinearLayout[1]/android.widget.FrameLayout[1]/android.widget.FrameLayout[1]/android.view.View[1]/android.view.View[1]/android.view.View[1]/android.view.View[1]/android.view.View[1]/android.support.v4.widget.DrawerLayout[1]/android.view.View[1]/android.view.View[1]/android.view.View[1]/android.view.View[1]/android.view.View[1]"}
[HTTP] <-- POST /wd/hub/session/53e708f3-44fd-48a1-afd0-b315eea34e5c/elements 200 165 ms - 74 
[HTTP] --> POST /wd/hub/session/53e708f3-44fd-48a1-afd0-b315eea34e5c/elements {"using":"xpath","value":"//hierarchy/android.widget.FrameLayout[1]/android.widget.LinearLayout[1]/android.widget.FrameLayout[1]/android.widget.FrameLayout[1]/android.view.View[1]/android.view.View[1]/android.view.View[1]/android.view.View[1]/android.view.View[1]/android.support.v4.widget.DrawerLayout[1]/android.view.View[1]/android.view.View[1]/android.view.View[1]/android.view.View[1]/android.view.View[1]"}
[HTTP] <-- POST /wd/hub/session/53e708f3-44fd-48a1-afd0-b315eea34e5c/elements 200 108 ms - 74 
[HTTP] --> POST /wd/hub/session/53e708f3-44fd-48a1-afd0-b315eea34e5c/elements {"using":"xpath","value":"//hierarchy/android.widget.FrameLayout[1]/android.widget.LinearLayout[1]/android.widget.FrameLayout[1]/android.widget.FrameLayout[1]/android.view.View[1]/android.view.View[1]/android.view.View[1]/android.view.View[1]/android.view.View[1]/android.support.v4.widget.DrawerLayout[1]/android.view.View[1]/android.view.View[1]/android.view.View[1]/android.view.View[1]/android.view.View[1]"}
[HTTP] <-- POST /wd/hub/session/53e708f3-44fd-48a1-afd0-b315eea34e5c/elements 200 873 ms - 89 
[HTTP] --> GET /wd/hub/session/53e708f3-44fd-48a1-afd0-b315eea34e5c/element/6/location {}
[HTTP] <-- GET /wd/hub/session/53e708f3-44fd-48a1-afd0-b315eea34e5c/element/6/location 200 81 ms - 87 
[HTTP] --> POST /wd/hub/session/53e708f3-44fd-48a1-afd0-b315eea34e5c/touch/perform {"actions":[{"action":"press","options":{"element":"6"}},{"action":"wait","options":{"ms":1}},{"action":"release","options":{}}]}
[HTTP] <-- POST /wd/hub/session/53e708f3-44fd-48a1-afd0-b315eea34e5c/touch/perform 200 131 ms - 76 
[HTTP] --> GET /wd/hub/session/53e708f3-44fd-48a1-afd0-b315eea34e5c/window/current/size {}
[HTTP] <-- GET /wd/hub/session/53e708f3-44fd-48a1-afd0-b315eea34e5c/window/current/size 200 10 ms - 100 
[HTTP] --> POST /wd/hub/session/53e708f3-44fd-48a1-afd0-b315eea34e5c/elements {"using":"-android uiautomator","value":"new UiSelector().text(\"Operasional\")"}
[HTTP] <-- POST /wd/hub/session/53e708f3-44fd-48a1-afd0-b315eea34e5c/elements 200 1574 ms - 89 
[HTTP] --> GET /wd/hub/session/53e708f3-44fd-48a1-afd0-b315eea34e5c/element/7/location {}
[HTTP] <-- GET /wd/hub/session/53e708f3-44fd-48a1-afd0-b315eea34e5c/element/7/location 200 33 ms - 89 
[HTTP] --> POST /wd/hub/session/53e708f3-44fd-48a1-afd0-b315eea34e5c/touch/perform {"actions":[{"action":"press","options":{"element":"7"}},{"action":"wait","options":{"ms":1}},{"action":"release","options":{}}]}
[HTTP] <-- POST /wd/hub/session/53e708f3-44fd-48a1-afd0-b315eea34e5c/touch/perform 200 165 ms - 76 
[HTTP] --> GET /wd/hub/session/53e708f3-44fd-48a1-afd0-b315eea34e5c/window/current/size {}
[HTTP] <-- GET /wd/hub/session/53e708f3-44fd-48a1-afd0-b315eea34e5c/window/current/size 200 16 ms - 100 
[HTTP] --> POST /wd/hub/session/53e708f3-44fd-48a1-afd0-b315eea34e5c/elements {"using":"-android uiautomator","value":"new UiSelector().text(\"Stok\")"}
[HTTP] <-- POST /wd/hub/session/53e708f3-44fd-48a1-afd0-b315eea34e5c/elements 200 122 ms - 74 
[HTTP] --> POST /wd/hub/session/53e708f3-44fd-48a1-afd0-b315eea34e5c/elements {"using":"-android uiautomator","value":"new UiSelector().text(\"Stok\")"}
[HTTP] <-- POST /wd/hub/session/53e708f3-44fd-48a1-afd0-b315eea34e5c/elements 200 2115 ms - 89 
[HTTP] --> GET /wd/hub/session/53e708f3-44fd-48a1-afd0-b315eea34e5c/element/8/location {}
[HTTP] <-- GET /wd/hub/session/53e708f3-44fd-48a1-afd0-b315eea34e5c/element/8/location 200 28 ms - 89 
[HTTP] --> POST /wd/hub/session/53e708f3-44fd-48a1-afd0-b315eea34e5c/touch/perform {"actions":[{"action":"press","options":{"element":"8"}},{"action":"wait","options":{"ms":1}},{"action":"release","options":{}}]}
[HTTP] <-- POST /wd/hub/session/53e708f3-44fd-48a1-afd0-b315eea34e5c/touch/perform 200 186 ms - 76 
[HTTP] --> GET /wd/hub/session/53e708f3-44fd-48a1-afd0-b315eea34e5c/window/current/size {}
[HTTP] <-- GET /wd/hub/session/53e708f3-44fd-48a1-afd0-b315eea34e5c/window/current/size 200 13 ms - 100 
[HTTP] --> POST /wd/hub/session/53e708f3-44fd-48a1-afd0-b315eea34e5c/elements {"using":"-android uiautomator","value":"new UiSelector().description(\"filterProductButton\")"}
[HTTP] <-- POST /wd/hub/session/53e708f3-44fd-48a1-afd0-b315eea34e5c/elements 200 335 ms - 89 
[HTTP] --> GET /wd/hub/session/53e708f3-44fd-48a1-afd0-b315eea34e5c/element/9/location {}
[HTTP] <-- GET /wd/hub/session/53e708f3-44fd-48a1-afd0-b315eea34e5c/element/9/location 200 52 ms - 89 
[HTTP] --> GET /wd/hub/session/53e708f3-44fd-48a1-afd0-b315eea34e5c/window/current/size {}
[HTTP] <-- GET /wd/hub/session/53e708f3-44fd-48a1-afd0-b315eea34e5c/window/current/size 200 6 ms - 100 
[HTTP] --> POST /wd/hub/session/53e708f3-44fd-48a1-afd0-b315eea34e5c/elements {"using":"-android uiautomator","value":"new UiSelector().description(\"filterProductButton\")"}
[HTTP] <-- POST /wd/hub/session/53e708f3-44fd-48a1-afd0-b315eea34e5c/elements 200 172 ms - 90 
[HTTP] --> GET /wd/hub/session/53e708f3-44fd-48a1-afd0-b315eea34e5c/element/10/location {}
[HTTP] <-- GET /wd/hub/session/53e708f3-44fd-48a1-afd0-b315eea34e5c/element/10/location 200 66 ms - 89 
[HTTP] --> POST /wd/hub/session/53e708f3-44fd-48a1-afd0-b315eea34e5c/touch/perform {"actions":[{"action":"press","options":{"element":"10"}},{"action":"wait","options":{"ms":1}},{"action":"release","options":{}}]}
[HTTP] <-- POST /wd/hub/session/53e708f3-44fd-48a1-afd0-b315eea34e5c/touch/perform 200 300 ms - 76 
[HTTP] --> GET /wd/hub/session/53e708f3-44fd-48a1-afd0-b315eea34e5c/window/current/size {}
[HTTP] <-- GET /wd/hub/session/53e708f3-44fd-48a1-afd0-b315eea34e5c/window/current/size 200 10 ms - 100 
[HTTP] --> POST /wd/hub/session/53e708f3-44fd-48a1-afd0-b315eea34e5c/elements {"using":"xpath","value":"//hierarchy/android.widget.FrameLayout[1]/android.widget.LinearLayout[1]/android.widget.FrameLayout[1]/android.widget.FrameLayout[1]/android.view.View[1]/android.view.View[1]/android.view.View[2]/android.view.View[1]/android.widget.ScrollView[1]/android.view.View[1]/android.view.View[3]"}
[HTTP] <-- POST /wd/hub/session/53e708f3-44fd-48a1-afd0-b315eea34e5c/elements 200 559 ms - 74 
[HTTP] --> POST /wd/hub/session/53e708f3-44fd-48a1-afd0-b315eea34e5c/elements {"using":"xpath","value":"//hierarchy/android.widget.FrameLayout[1]/android.widget.LinearLayout[1]/android.widget.FrameLayout[1]/android.widget.FrameLayout[1]/android.view.View[1]/android.view.View[1]/android.view.View[2]/android.view.View[1]/android.widget.ScrollView[1]/android.view.View[1]/android.view.View[3]"}
[HTTP] <-- POST /wd/hub/session/53e708f3-44fd-48a1-afd0-b315eea34e5c/elements 200 194 ms - 90 
[HTTP] --> GET /wd/hub/session/53e708f3-44fd-48a1-afd0-b315eea34e5c/element/11/location {}
[HTTP] <-- GET /wd/hub/session/53e708f3-44fd-48a1-afd0-b315eea34e5c/element/11/location 200 21 ms - 89 
[HTTP] --> POST /wd/hub/session/53e708f3-44fd-48a1-afd0-b315eea34e5c/touch/perform {"actions":[{"action":"press","options":{"element":"11"}},{"action":"wait","options":{"ms":1}},{"action":"release","options":{}}]}
[HTTP] <-- POST /wd/hub/session/53e708f3-44fd-48a1-afd0-b315eea34e5c/touch/perform 200 111 ms - 76 
[HTTP] --> GET /wd/hub/session/53e708f3-44fd-48a1-afd0-b315eea34e5c/window/current/size {}
[HTTP] <-- GET /wd/hub/session/53e708f3-44fd-48a1-afd0-b315eea34e5c/window/current/size 200 9 ms - 100 
[HTTP] --> POST /wd/hub/session/53e708f3-44fd-48a1-afd0-b315eea34e5c/elements {"using":"-android uiautomator","value":"new UiSelector().description(\"applyButton\")"}
[HTTP] <-- POST /wd/hub/session/53e708f3-44fd-48a1-afd0-b315eea34e5c/elements 200 59 ms - 90 
[HTTP] --> GET /wd/hub/session/53e708f3-44fd-48a1-afd0-b315eea34e5c/element/12/location {}
[HTTP] <-- GET /wd/hub/session/53e708f3-44fd-48a1-afd0-b315eea34e5c/element/12/location 200 16 ms - 90 
[HTTP] --> POST /wd/hub/session/53e708f3-44fd-48a1-afd0-b315eea34e5c/touch/perform {"actions":[{"action":"press","options":{"element":"12"}},{"action":"wait","options":{"ms":1}},{"action":"release","options":{}}]}
[HTTP] <-- POST /wd/hub/session/53e708f3-44fd-48a1-afd0-b315eea34e5c/touch/perform 200 137 ms - 76 
[HTTP] --> GET /wd/hub/session/53e708f3-44fd-48a1-afd0-b315eea34e5c/window/current/size {}
[HTTP] <-- GET /wd/hub/session/53e708f3-44fd-48a1-afd0-b315eea34e5c/window/current/size 200 12 ms - 100 
[HTTP] --> POST /wd/hub/session/53e708f3-44fd-48a1-afd0-b315eea34e5c/elements {"using":"-android uiautomator","value":"new UiSelector().description(\"filterProductButton\")"}
[HTTP] <-- POST /wd/hub/session/53e708f3-44fd-48a1-afd0-b315eea34e5c/elements 200 167 ms - 74 
[HTTP] --> POST /wd/hub/session/53e708f3-44fd-48a1-afd0-b315eea34e5c/elements {"using":"-android uiautomator","value":"new UiSelector().description(\"filterProductButton\")"}
[HTTP] <-- POST /wd/hub/session/53e708f3-44fd-48a1-afd0-b315eea34e5c/elements 200 942 ms - 90 
[HTTP] --> GET /wd/hub/session/53e708f3-44fd-48a1-afd0-b315eea34e5c/element/13/location {}
[HTTP] <-- GET /wd/hub/session/53e708f3-44fd-48a1-afd0-b315eea34e5c/element/13/location 200 29 ms - 89 
[HTTP] --> POST /wd/hub/session/53e708f3-44fd-48a1-afd0-b315eea34e5c/touch/perform {"actions":[{"action":"press","options":{"element":"13"}},{"action":"wait","options":{"ms":1}},{"action":"release","options":{}}]}
[HTTP] <-- POST /wd/hub/session/53e708f3-44fd-48a1-afd0-b315eea34e5c/touch/perform 200 197 ms - 76 
[HTTP] --> GET /wd/hub/session/53e708f3-44fd-48a1-afd0-b315eea34e5c/context {}
[HTTP] <-- GET /wd/hub/session/53e708f3-44fd-48a1-afd0-b315eea34e5c/context 200 3 ms - 84 
[HTTP] --> GET /wd/hub/session/53e708f3-44fd-48a1-afd0-b315eea34e5c/contexts {}
[HTTP] <-- GET /wd/hub/session/53e708f3-44fd-48a1-afd0-b315eea34e5c/contexts 200 4026 ms - 86 
[HTTP] --> POST /wd/hub/session/53e708f3-44fd-48a1-afd0-b315eea34e5c/context {"name":"NATIVE_APP"}
[HTTP] <-- POST /wd/hub/session/53e708f3-44fd-48a1-afd0-b315eea34e5c/context 200 2133 ms - 76 
[HTTP] --> POST /wd/hub/session/53e708f3-44fd-48a1-afd0-b315eea34e5c/element {"using":"-android uiautomator","value":"new UiScrollable(new UiSelector().scrollable(true).instance(0)).scrollIntoView(new UiSelector().description(\"Makanan\").instance(0));new UiScrollable(new UiSelector().scrollable(true).instance(0)).scrollIntoView(new UiSelector().text(\"Makanan\").instance(0));"}
[HTTP] <-- POST /wd/hub/session/53e708f3-44fd-48a1-afd0-b315eea34e5c/element 200 7417 ms - 88 
[HTTP] --> POST /wd/hub/session/53e708f3-44fd-48a1-afd0-b315eea34e5c/context {"name":"NATIVE_APP"}
[HTTP] <-- POST /wd/hub/session/53e708f3-44fd-48a1-afd0-b315eea34e5c/context 200 2290 ms - 76 
[HTTP] --> GET /wd/hub/session/53e708f3-44fd-48a1-afd0-b315eea34e5c/window/current/size {}
[HTTP] <-- GET /wd/hub/session/53e708f3-44fd-48a1-afd0-b315eea34e5c/window/current/size 200 11 ms - 100 
[HTTP] --> POST /wd/hub/session/53e708f3-44fd-48a1-afd0-b315eea34e5c/elements {"using":"-android uiautomator","value":"new UiSelector().text(\"Makanan\")"}
[HTTP] <-- POST /wd/hub/session/53e708f3-44fd-48a1-afd0-b315eea34e5c/elements 200 164 ms - 90 
[HTTP] --> GET /wd/hub/session/53e708f3-44fd-48a1-afd0-b315eea34e5c/element/15/location {}
[HTTP] <-- GET /wd/hub/session/53e708f3-44fd-48a1-afd0-b315eea34e5c/element/15/location 200 24 ms - 89 
[HTTP] --> POST /wd/hub/session/53e708f3-44fd-48a1-afd0-b315eea34e5c/touch/perform {"actions":[{"action":"press","options":{"element":"15"}},{"action":"wait","options":{"ms":1}},{"action":"release","options":{}}]}
[HTTP] <-- POST /wd/hub/session/53e708f3-44fd-48a1-afd0-b315eea34e5c/touch/perform 200 111 ms - 76 
[HTTP] --> GET /wd/hub/session/53e708f3-44fd-48a1-afd0-b315eea34e5c/window/current/size {}
[HTTP] <-- GET /wd/hub/session/53e708f3-44fd-48a1-afd0-b315eea34e5c/window/current/size 200 18 ms - 100 
[HTTP] --> POST /wd/hub/session/53e708f3-44fd-48a1-afd0-b315eea34e5c/elements {"using":"-android uiautomator","value":"new UiSelector().text(\"Makanan\")"}
[HTTP] <-- POST /wd/hub/session/53e708f3-44fd-48a1-afd0-b315eea34e5c/elements 200 537 ms - 90 
[HTTP] --> GET /wd/hub/session/53e708f3-44fd-48a1-afd0-b315eea34e5c/element/16/location {}
[HTTP] <-- GET /wd/hub/session/53e708f3-44fd-48a1-afd0-b315eea34e5c/element/16/location 200 33 ms - 89 
[HTTP] --> GET /wd/hub/session/53e708f3-44fd-48a1-afd0-b315eea34e5c/element/16/attribute/checked {}
[HTTP] <-- GET /wd/hub/session/53e708f3-44fd-48a1-afd0-b315eea34e5c/element/16/attribute/checked 200 23 ms - 79 
[HTTP] --> GET /wd/hub/session/53e708f3-44fd-48a1-afd0-b315eea34e5c/window/current/size {}
[HTTP] <-- GET /wd/hub/session/53e708f3-44fd-48a1-afd0-b315eea34e5c/window/current/size 200 5 ms - 100 
[HTTP] --> POST /wd/hub/session/53e708f3-44fd-48a1-afd0-b315eea34e5c/elements {"using":"-android uiautomator","value":"new UiSelector().description(\"applyButton\")"}
[HTTP] <-- POST /wd/hub/session/53e708f3-44fd-48a1-afd0-b315eea34e5c/elements 200 64 ms - 90 
[HTTP] --> GET /wd/hub/session/53e708f3-44fd-48a1-afd0-b315eea34e5c/element/17/location {}
[HTTP] <-- GET /wd/hub/session/53e708f3-44fd-48a1-afd0-b315eea34e5c/element/17/location 200 18 ms - 90 
[HTTP] --> POST /wd/hub/session/53e708f3-44fd-48a1-afd0-b315eea34e5c/touch/perform {"actions":[{"action":"press","options":{"element":"17"}},{"action":"wait","options":{"ms":1}},{"action":"release","options":{}}]}
[HTTP] <-- POST /wd/hub/session/53e708f3-44fd-48a1-afd0-b315eea34e5c/touch/perform 200 112 ms - 76 
[HTTP] --> GET /wd/hub/session/53e708f3-44fd-48a1-afd0-b315eea34e5c/window/current/size {}
[HTTP] <-- GET /wd/hub/session/53e708f3-44fd-48a1-afd0-b315eea34e5c/window/current/size 200 66 ms - 100 
[HTTP] --> POST /wd/hub/session/53e708f3-44fd-48a1-afd0-b315eea34e5c/elements {"using":"-android uiautomator","value":"new UiSelector().description(\"filterProductButton\")"}
[HTTP] <-- POST /wd/hub/session/53e708f3-44fd-48a1-afd0-b315eea34e5c/elements 200 2076 ms - 90 
[HTTP] --> GET /wd/hub/session/53e708f3-44fd-48a1-afd0-b315eea34e5c/element/18/location {}
[HTTP] <-- GET /wd/hub/session/53e708f3-44fd-48a1-afd0-b315eea34e5c/element/18/location 200 481 ms - 89 
[HTTP] --> GET /wd/hub/session/53e708f3-44fd-48a1-afd0-b315eea34e5c/window/current/size {}
[HTTP] <-- GET /wd/hub/session/53e708f3-44fd-48a1-afd0-b315eea34e5c/window/current/size 200 8 ms - 100 
[HTTP] --> POST /wd/hub/session/53e708f3-44fd-48a1-afd0-b315eea34e5c/elements {"using":"-android uiautomator","value":"new UiSelector().description(\"filterProductButton\")"}
[HTTP] <-- POST /wd/hub/session/53e708f3-44fd-48a1-afd0-b315eea34e5c/elements 200 305 ms - 90 
[HTTP] --> GET /wd/hub/session/53e708f3-44fd-48a1-afd0-b315eea34e5c/element/19/location {}
[HTTP] <-- GET /wd/hub/session/53e708f3-44fd-48a1-afd0-b315eea34e5c/element/19/location 200 34 ms - 89 
[HTTP] --> POST /wd/hub/session/53e708f3-44fd-48a1-afd0-b315eea34e5c/touch/perform {"actions":[{"action":"press","options":{"element":"19"}},{"action":"wait","options":{"ms":1}},{"action":"release","options":{}}]}
[HTTP] <-- POST /wd/hub/session/53e708f3-44fd-48a1-afd0-b315eea34e5c/touch/perform 200 209 ms - 76 
[HTTP] --> GET /wd/hub/session/53e708f3-44fd-48a1-afd0-b315eea34e5c/window/current/size {}
[HTTP] <-- GET /wd/hub/session/53e708f3-44fd-48a1-afd0-b315eea34e5c/window/current/size 200 13 ms - 100 
[HTTP] --> POST /wd/hub/session/53e708f3-44fd-48a1-afd0-b315eea34e5c/elements {"using":"-android uiautomator","value":"new UiSelector().text(\"Semua Kategori\")"}
[HTTP] <-- POST /wd/hub/session/53e708f3-44fd-48a1-afd0-b315eea34e5c/elements 200 1760 ms - 90 
[HTTP] --> GET /wd/hub/session/53e708f3-44fd-48a1-afd0-b315eea34e5c/element/20/location {}
[HTTP] <-- GET /wd/hub/session/53e708f3-44fd-48a1-afd0-b315eea34e5c/element/20/location 200 17 ms - 89 
[HTTP] --> POST /wd/hub/session/53e708f3-44fd-48a1-afd0-b315eea34e5c/touch/perform {"actions":[{"action":"press","options":{"element":"20"}},{"action":"wait","options":{"ms":1}},{"action":"release","options":{}}]}
[HTTP] <-- POST /wd/hub/session/53e708f3-44fd-48a1-afd0-b315eea34e5c/touch/perform 200 98 ms - 76 
[HTTP] --> GET /wd/hub/session/53e708f3-44fd-48a1-afd0-b315eea34e5c/window/current/size {}
[HTTP] <-- GET /wd/hub/session/53e708f3-44fd-48a1-afd0-b315eea34e5c/window/current/size 200 33 ms - 100 
[HTTP] --> POST /wd/hub/session/53e708f3-44fd-48a1-afd0-b315eea34e5c/elements {"using":"-android uiautomator","value":"new UiSelector().description(\"applyButton\")"}
[HTTP] <-- POST /wd/hub/session/53e708f3-44fd-48a1-afd0-b315eea34e5c/elements 200 45 ms - 90 
[HTTP] --> GET /wd/hub/session/53e708f3-44fd-48a1-afd0-b315eea34e5c/element/21/location {}
[HTTP] <-- GET /wd/hub/session/53e708f3-44fd-48a1-afd0-b315eea34e5c/element/21/location 200 12 ms - 90 
[HTTP] --> POST /wd/hub/session/53e708f3-44fd-48a1-afd0-b315eea34e5c/touch/perform {"actions":[{"action":"press","options":{"element":"21"}},{"action":"wait","options":{"ms":1}},{"action":"release","options":{}}]}
[HTTP] <-- POST /wd/hub/session/53e708f3-44fd-48a1-afd0-b315eea34e5c/touch/perform 200 1300 ms - 76 
[HTTP] --> GET /wd/hub/session/53e708f3-44fd-48a1-afd0-b315eea34e5c/window/current/size {}
[HTTP] <-- GET /wd/hub/session/53e708f3-44fd-48a1-afd0-b315eea34e5c/window/current/size 200 7 ms - 100 
[HTTP] --> POST /wd/hub/session/53e708f3-44fd-48a1-afd0-b315eea34e5c/elements {"using":"-android uiautomator","value":"new UiSelector().description(\"searchProductTextInput\")"}
[HTTP] <-- POST /wd/hub/session/53e708f3-44fd-48a1-afd0-b315eea34e5c/elements 200 2358 ms - 90 
[HTTP] --> GET /wd/hub/session/53e708f3-44fd-48a1-afd0-b315eea34e5c/element/22/location {}
[HTTP] <-- GET /wd/hub/session/53e708f3-44fd-48a1-afd0-b315eea34e5c/element/22/location 200 90 ms - 88 
[HTTP] --> POST /wd/hub/session/53e708f3-44fd-48a1-afd0-b315eea34e5c/touch/perform {"actions":[{"action":"press","options":{"element":"22"}},{"action":"wait","options":{"ms":1}},{"action":"release","options":{}}]}
[HTTP] <-- POST /wd/hub/session/53e708f3-44fd-48a1-afd0-b315eea34e5c/touch/perform 200 234 ms - 76 
[HTTP] --> GET /wd/hub/session/53e708f3-44fd-48a1-afd0-b315eea34e5c/window/current/size {}
[HTTP] <-- GET /wd/hub/session/53e708f3-44fd-48a1-afd0-b315eea34e5c/window/current/size 200 6 ms - 100 
[HTTP] --> POST /wd/hub/session/53e708f3-44fd-48a1-afd0-b315eea34e5c/elements {"using":"-android uiautomator","value":"new UiSelector().description(\"searchProductTextInput\")"}
[HTTP] <-- POST /wd/hub/session/53e708f3-44fd-48a1-afd0-b315eea34e5c/elements 200 926 ms - 90 
[HTTP] --> GET /wd/hub/session/53e708f3-44fd-48a1-afd0-b315eea34e5c/element/23/location {}
[HTTP] <-- GET /wd/hub/session/53e708f3-44fd-48a1-afd0-b315eea34e5c/element/23/location 200 46 ms - 88 
[HTTP] --> POST /wd/hub/session/53e708f3-44fd-48a1-afd0-b315eea34e5c/element/23/clear {"id":"23"}
[HTTP] <-- POST /wd/hub/session/53e708f3-44fd-48a1-afd0-b315eea34e5c/element/23/clear 200 4609 ms - 76 
[HTTP] --> POST /wd/hub/session/53e708f3-44fd-48a1-afd0-b315eea34e5c/element/23/value {"id":"23","value":["Jambu"]}
[HTTP] <-- POST /wd/hub/session/53e708f3-44fd-48a1-afd0-b315eea34e5c/element/23/value 200 6091 ms - 76 
[HTTP] --> GET /wd/hub/session/53e708f3-44fd-48a1-afd0-b315eea34e5c/window/current/size {}
[HTTP] <-- GET /wd/hub/session/53e708f3-44fd-48a1-afd0-b315eea34e5c/window/current/size 200 11 ms - 100 
[HTTP] --> POST /wd/hub/session/53e708f3-44fd-48a1-afd0-b315eea34e5c/elements {"using":"-android uiautomator","value":"new UiSelector().description(\"searchProductTextInput\")"}
[HTTP] <-- POST /wd/hub/session/53e708f3-44fd-48a1-afd0-b315eea34e5c/elements 200 2424 ms - 90 
[HTTP] --> GET /wd/hub/session/53e708f3-44fd-48a1-afd0-b315eea34e5c/element/24/location {}
[HTTP] <-- GET /wd/hub/session/53e708f3-44fd-48a1-afd0-b315eea34e5c/element/24/location 200 478 ms - 88 
[HTTP] --> GET /wd/hub/session/53e708f3-44fd-48a1-afd0-b315eea34e5c/element/24/attribute/checked {}
[HTTP] <-- GET /wd/hub/session/53e708f3-44fd-48a1-afd0-b315eea34e5c/element/24/attribute/checked 200 149 ms - 79 
[HTTP] --> GET /wd/hub/session/53e708f3-44fd-48a1-afd0-b315eea34e5c/window/current/size {}
[HTTP] <-- GET /wd/hub/session/53e708f3-44fd-48a1-afd0-b315eea34e5c/window/current/size 200 6 ms - 100 
[HTTP] --> POST /wd/hub/session/53e708f3-44fd-48a1-afd0-b315eea34e5c/elements {"using":"-android uiautomator","value":"new UiSelector().description(\"searchProductTextInput\")"}
[HTTP] <-- POST /wd/hub/session/53e708f3-44fd-48a1-afd0-b315eea34e5c/elements 200 165 ms - 90 
[HTTP] --> GET /wd/hub/session/53e708f3-44fd-48a1-afd0-b315eea34e5c/element/25/location {}
[HTTP] <-- GET /wd/hub/session/53e708f3-44fd-48a1-afd0-b315eea34e5c/element/25/location 200 34 ms - 88 
[HTTP] --> GET /wd/hub/session/53e708f3-44fd-48a1-afd0-b315eea34e5c/element/25/text {}
[HTTP] <-- GET /wd/hub/session/53e708f3-44fd-48a1-afd0-b315eea34e5c/element/25/text 200 40 ms - 79 
[HTTP] --> GET /wd/hub/session/53e708f3-44fd-48a1-afd0-b315eea34e5c/window/current/size {}
[HTTP] <-- GET /wd/hub/session/53e708f3-44fd-48a1-afd0-b315eea34e5c/window/current/size 200 13 ms - 100 
[HTTP] --> POST /wd/hub/session/53e708f3-44fd-48a1-afd0-b315eea34e5c/elements {"using":"-android uiautomator","value":"new UiSelector().description(\"searchProductTextInput\")"}
[HTTP] <-- POST /wd/hub/session/53e708f3-44fd-48a1-afd0-b315eea34e5c/elements 200 118 ms - 90 
[HTTP] --> GET /wd/hub/session/53e708f3-44fd-48a1-afd0-b315eea34e5c/element/26/location {}
[HTTP] <-- GET /wd/hub/session/53e708f3-44fd-48a1-afd0-b315eea34e5c/element/26/location 200 37 ms - 88 
[HTTP] --> GET /wd/hub/session/53e708f3-44fd-48a1-afd0-b315eea34e5c/window/current/size {}
[HTTP] <-- GET /wd/hub/session/53e708f3-44fd-48a1-afd0-b315eea34e5c/window/current/size 200 8 ms - 100 
[HTTP] --> POST /wd/hub/session/53e708f3-44fd-48a1-afd0-b315eea34e5c/elements {"using":"-android uiautomator","value":"new UiSelector().description(\"searchProductTextInput\")"}
[HTTP] <-- POST /wd/hub/session/53e708f3-44fd-48a1-afd0-b315eea34e5c/elements 200 128 ms - 90 
[HTTP] --> GET /wd/hub/session/53e708f3-44fd-48a1-afd0-b315eea34e5c/element/27/location {}
[HTTP] <-- GET /wd/hub/session/53e708f3-44fd-48a1-afd0-b315eea34e5c/element/27/location 200 39 ms - 88 
[HTTP] --> POST /wd/hub/session/53e708f3-44fd-48a1-afd0-b315eea34e5c/element/27/clear {"id":"27"}
[HTTP] <-- POST /wd/hub/session/53e708f3-44fd-48a1-afd0-b315eea34e5c/element/27/clear 200 3119 ms - 76 
[HTTP] --> GET /wd/hub/session/53e708f3-44fd-48a1-afd0-b315eea34e5c/window/current/size {}
[HTTP] <-- GET /wd/hub/session/53e708f3-44fd-48a1-afd0-b315eea34e5c/window/current/size 200 10 ms - 100 
[HTTP] --> POST /wd/hub/session/53e708f3-44fd-48a1-afd0-b315eea34e5c/elements {"using":"-android uiautomator","value":"new UiSelector().description(\"filterProductButton\")"}
[HTTP] <-- POST /wd/hub/session/53e708f3-44fd-48a1-afd0-b315eea34e5c/elements 200 2158 ms - 90 
[HTTP] --> GET /wd/hub/session/53e708f3-44fd-48a1-afd0-b315eea34e5c/element/28/location {}
[HTTP] <-- GET /wd/hub/session/53e708f3-44fd-48a1-afd0-b315eea34e5c/element/28/location 200 33 ms - 89 
[HTTP] --> POST /wd/hub/session/53e708f3-44fd-48a1-afd0-b315eea34e5c/touch/perform {"actions":[{"action":"press","options":{"element":"28"}},{"action":"wait","options":{"ms":1}},{"action":"release","options":{}}]}
[HTTP] <-- POST /wd/hub/session/53e708f3-44fd-48a1-afd0-b315eea34e5c/touch/perform 200 219 ms - 76 
[HTTP] --> GET /wd/hub/session/53e708f3-44fd-48a1-afd0-b315eea34e5c/context {}
[HTTP] <-- GET /wd/hub/session/53e708f3-44fd-48a1-afd0-b315eea34e5c/context 200 4 ms - 84 
[HTTP] --> GET /wd/hub/session/53e708f3-44fd-48a1-afd0-b315eea34e5c/contexts {}
[HTTP] <-- GET /wd/hub/session/53e708f3-44fd-48a1-afd0-b315eea34e5c/contexts 200 2100 ms - 86 
[HTTP] --> POST /wd/hub/session/53e708f3-44fd-48a1-afd0-b315eea34e5c/context {"name":"NATIVE_APP"}
[HTTP] <-- POST /wd/hub/session/53e708f3-44fd-48a1-afd0-b315eea34e5c/context 200 2118 ms - 76 
[HTTP] --> POST /wd/hub/session/53e708f3-44fd-48a1-afd0-b315eea34e5c/element {"using":"-android uiautomator","value":"new UiScrollable(new UiSelector().scrollable(true).instance(0)).scrollIntoView(new UiSelector().description(\"Makanan\").instance(0));new UiScrollable(new UiSelector().scrollable(true).instance(0)).scrollIntoView(new UiSelector().text(\"Makanan\").instance(0));"}
[HTTP] <-- POST /wd/hub/session/53e708f3-44fd-48a1-afd0-b315eea34e5c/element 200 6725 ms - 88 
[HTTP] --> POST /wd/hub/session/53e708f3-44fd-48a1-afd0-b315eea34e5c/context {"name":"NATIVE_APP"}
[HTTP] <-- POST /wd/hub/session/53e708f3-44fd-48a1-afd0-b315eea34e5c/context 200 5020 ms - 76 
[HTTP] --> GET /wd/hub/session/53e708f3-44fd-48a1-afd0-b315eea34e5c/window/current/size {}
[HTTP] <-- GET /wd/hub/session/53e708f3-44fd-48a1-afd0-b315eea34e5c/window/current/size 200 9 ms - 100 
[HTTP] --> POST /wd/hub/session/53e708f3-44fd-48a1-afd0-b315eea34e5c/elements {"using":"-android uiautomator","value":"new UiSelector().text(\"Makanan\")"}
[HTTP] <-- POST /wd/hub/session/53e708f3-44fd-48a1-afd0-b315eea34e5c/elements 200 66 ms - 90 
[HTTP] --> GET /wd/hub/session/53e708f3-44fd-48a1-afd0-b315eea34e5c/element/30/location {}
[HTTP] <-- GET /wd/hub/session/53e708f3-44fd-48a1-afd0-b315eea34e5c/element/30/location 200 18 ms - 89 
[HTTP] --> POST /wd/hub/session/53e708f3-44fd-48a1-afd0-b315eea34e5c/touch/perform {"actions":[{"action":"press","options":{"element":"30"}},{"action":"wait","options":{"ms":1}},{"action":"release","options":{}}]}
[HTTP] <-- POST /wd/hub/session/53e708f3-44fd-48a1-afd0-b315eea34e5c/touch/perform 200 108 ms - 76 
[HTTP] --> GET /wd/hub/session/53e708f3-44fd-48a1-afd0-b315eea34e5c/window/current/size {}
[HTTP] <-- GET /wd/hub/session/53e708f3-44fd-48a1-afd0-b315eea34e5c/window/current/size 200 10 ms - 100 
[HTTP] --> POST /wd/hub/session/53e708f3-44fd-48a1-afd0-b315eea34e5c/elements {"using":"-android uiautomator","value":"new UiSelector().description(\"applyButton\")"}
[HTTP] <-- POST /wd/hub/session/53e708f3-44fd-48a1-afd0-b315eea34e5c/elements 200 620 ms - 90 
[HTTP] --> GET /wd/hub/session/53e708f3-44fd-48a1-afd0-b315eea34e5c/element/31/location {}
[HTTP] <-- GET /wd/hub/session/53e708f3-44fd-48a1-afd0-b315eea34e5c/element/31/location 200 26 ms - 90 
[HTTP] --> POST /wd/hub/session/53e708f3-44fd-48a1-afd0-b315eea34e5c/touch/perform {"actions":[{"action":"press","options":{"element":"31"}},{"action":"wait","options":{"ms":1}},{"action":"release","options":{}}]}
[HTTP] <-- POST /wd/hub/session/53e708f3-44fd-48a1-afd0-b315eea34e5c/touch/perform 200 110 ms - 76 
[HTTP] --> GET /wd/hub/session/53e708f3-44fd-48a1-afd0-b315eea34e5c/window/current/size {}
[HTTP] <-- GET /wd/hub/session/53e708f3-44fd-48a1-afd0-b315eea34e5c/window/current/size 200 10 ms - 100 
[HTTP] --> POST /wd/hub/session/53e708f3-44fd-48a1-afd0-b315eea34e5c/elements {"using":"-android uiautomator","value":"new UiSelector().description(\"searchProductTextInput\")"}
[HTTP] <-- POST /wd/hub/session/53e708f3-44fd-48a1-afd0-b315eea34e5c/elements 200 2861 ms - 90 
[HTTP] --> GET /wd/hub/session/53e708f3-44fd-48a1-afd0-b315eea34e5c/element/32/location {}
[HTTP] <-- GET /wd/hub/session/53e708f3-44fd-48a1-afd0-b315eea34e5c/element/32/location 200 37 ms - 88 
[HTTP] --> POST /wd/hub/session/53e708f3-44fd-48a1-afd0-b315eea34e5c/touch/perform {"actions":[{"action":"press","options":{"element":"32"}},{"action":"wait","options":{"ms":1}},{"action":"release","options":{}}]}
[HTTP] <-- POST /wd/hub/session/53e708f3-44fd-48a1-afd0-b315eea34e5c/touch/perform 200 190 ms - 76 
[HTTP] --> GET /wd/hub/session/53e708f3-44fd-48a1-afd0-b315eea34e5c/window/current/size {}
[HTTP] <-- GET /wd/hub/session/53e708f3-44fd-48a1-afd0-b315eea34e5c/window/current/size 200 13 ms - 100 
[HTTP] --> POST /wd/hub/session/53e708f3-44fd-48a1-afd0-b315eea34e5c/elements {"using":"-android uiautomator","value":"new UiSelector().description(\"searchProductTextInput\")"}
[HTTP] <-- POST /wd/hub/session/53e708f3-44fd-48a1-afd0-b315eea34e5c/elements 200 867 ms - 90 
[HTTP] --> GET /wd/hub/session/53e708f3-44fd-48a1-afd0-b315eea34e5c/element/33/location {}
[HTTP] <-- GET /wd/hub/session/53e708f3-44fd-48a1-afd0-b315eea34e5c/element/33/location 200 32 ms - 88 
[HTTP] --> POST /wd/hub/session/53e708f3-44fd-48a1-afd0-b315eea34e5c/element/33/clear {"id":"33"}
[HTTP] <-- POST /wd/hub/session/53e708f3-44fd-48a1-afd0-b315eea34e5c/element/33/clear 200 3352 ms - 76 
[HTTP] --> POST /wd/hub/session/53e708f3-44fd-48a1-afd0-b315eea34e5c/element/33/value {"id":"33","value":["Fifty Shades of Grey"]}
[HTTP] <-- POST /wd/hub/session/53e708f3-44fd-48a1-afd0-b315eea34e5c/element/33/value 200 5238 ms - 76 
[HTTP] --> GET /wd/hub/session/53e708f3-44fd-48a1-afd0-b315eea34e5c/window/current/size {}
[HTTP] <-- GET /wd/hub/session/53e708f3-44fd-48a1-afd0-b315eea34e5c/window/current/size 200 6 ms - 100 
[HTTP] --> POST /wd/hub/session/53e708f3-44fd-48a1-afd0-b315eea34e5c/elements {"using":"-android uiautomator","value":"new UiSelector().description(\"searchProductTextInput\")"}
[HTTP] <-- POST /wd/hub/session/53e708f3-44fd-48a1-afd0-b315eea34e5c/elements 200 624 ms - 90 
[HTTP] --> GET /wd/hub/session/53e708f3-44fd-48a1-afd0-b315eea34e5c/element/34/location {}
[HTTP] <-- GET /wd/hub/session/53e708f3-44fd-48a1-afd0-b315eea34e5c/element/34/location 200 36 ms - 88 
[HTTP] --> GET /wd/hub/session/53e708f3-44fd-48a1-afd0-b315eea34e5c/element/34/attribute/checked {}
[HTTP] <-- GET /wd/hub/session/53e708f3-44fd-48a1-afd0-b315eea34e5c/element/34/attribute/checked 200 45 ms - 79 
[HTTP] --> GET /wd/hub/session/53e708f3-44fd-48a1-afd0-b315eea34e5c/window/current/size {}
[HTTP] <-- GET /wd/hub/session/53e708f3-44fd-48a1-afd0-b315eea34e5c/window/current/size 200 6 ms - 100 
[HTTP] --> POST /wd/hub/session/53e708f3-44fd-48a1-afd0-b315eea34e5c/elements {"using":"-android uiautomator","value":"new UiSelector().description(\"searchProductTextInput\")"}
[HTTP] <-- POST /wd/hub/session/53e708f3-44fd-48a1-afd0-b315eea34e5c/elements 200 102 ms - 90 
[HTTP] --> GET /wd/hub/session/53e708f3-44fd-48a1-afd0-b315eea34e5c/element/35/location {}
[HTTP] <-- GET /wd/hub/session/53e708f3-44fd-48a1-afd0-b315eea34e5c/element/35/location 200 29 ms - 88 
[HTTP] --> GET /wd/hub/session/53e708f3-44fd-48a1-afd0-b315eea34e5c/element/35/text {}
[HTTP] <-- GET /wd/hub/session/53e708f3-44fd-48a1-afd0-b315eea34e5c/element/35/text 200 147 ms - 94 
[HTTP] --> GET /wd/hub/session/53e708f3-44fd-48a1-afd0-b315eea34e5c/window/current/size {}
[HTTP] <-- GET /wd/hub/session/53e708f3-44fd-48a1-afd0-b315eea34e5c/window/current/size 200 9 ms - 100 
[HTTP] --> POST /wd/hub/session/53e708f3-44fd-48a1-afd0-b315eea34e5c/elements {"using":"-android uiautomator","value":"new UiSelector().description(\"searchProductTextInput\")"}
[HTTP] <-- POST /wd/hub/session/53e708f3-44fd-48a1-afd0-b315eea34e5c/elements 200 2104 ms - 90 
[HTTP] --> GET /wd/hub/session/53e708f3-44fd-48a1-afd0-b315eea34e5c/element/36/location {}
[HTTP] <-- GET /wd/hub/session/53e708f3-44fd-48a1-afd0-b315eea34e5c/element/36/location 200 68 ms - 88 
[HTTP] --> POST /wd/hub/session/53e708f3-44fd-48a1-afd0-b315eea34e5c/element/36/clear {"id":"36"}
[HTTP] <-- POST /wd/hub/session/53e708f3-44fd-48a1-afd0-b315eea34e5c/element/36/clear 200 3709 ms - 76 
[HTTP] --> GET /wd/hub/session/53e708f3-44fd-48a1-afd0-b315eea34e5c/window/current/size {}
[HTTP] <-- GET /wd/hub/session/53e708f3-44fd-48a1-afd0-b315eea34e5c/window/current/size 200 5 ms - 100 
[HTTP] --> POST /wd/hub/session/53e708f3-44fd-48a1-afd0-b315eea34e5c/elements {"using":"-android uiautomator","value":"new UiSelector().description(\"filterProductButton\")"}
[HTTP] <-- POST /wd/hub/session/53e708f3-44fd-48a1-afd0-b315eea34e5c/elements 200 1602 ms - 90 
[HTTP] --> GET /wd/hub/session/53e708f3-44fd-48a1-afd0-b315eea34e5c/element/37/location {}
[HTTP] <-- GET /wd/hub/session/53e708f3-44fd-48a1-afd0-b315eea34e5c/element/37/location 200 307 ms - 89 
[HTTP] --> POST /wd/hub/session/53e708f3-44fd-48a1-afd0-b315eea34e5c/touch/perform {"actions":[{"action":"press","options":{"element":"37"}},{"action":"wait","options":{"ms":1}},{"action":"release","options":{}}]}
[HTTP] <-- POST /wd/hub/session/53e708f3-44fd-48a1-afd0-b315eea34e5c/touch/perform 200 194 ms - 76 
[HTTP] --> GET /wd/hub/session/53e708f3-44fd-48a1-afd0-b315eea34e5c/window/current/size {}
[HTTP] <-- GET /wd/hub/session/53e708f3-44fd-48a1-afd0-b315eea34e5c/window/current/size 200 6 ms - 100 
[HTTP] --> POST /wd/hub/session/53e708f3-44fd-48a1-afd0-b315eea34e5c/elements {"using":"-android uiautomator","value":"new UiSelector().text(\"Semua Kategori\")"}
[HTTP] <-- POST /wd/hub/session/53e708f3-44fd-48a1-afd0-b315eea34e5c/elements 200 1854 ms - 90 
[HTTP] --> GET /wd/hub/session/53e708f3-44fd-48a1-afd0-b315eea34e5c/element/38/location {}
[HTTP] <-- GET /wd/hub/session/53e708f3-44fd-48a1-afd0-b315eea34e5c/element/38/location 200 16 ms - 89 
[HTTP] --> POST /wd/hub/session/53e708f3-44fd-48a1-afd0-b315eea34e5c/touch/perform {"actions":[{"action":"press","options":{"element":"38"}},{"action":"wait","options":{"ms":1}},{"action":"release","options":{}}]}
[HTTP] <-- POST /wd/hub/session/53e708f3-44fd-48a1-afd0-b315eea34e5c/touch/perform 200 98 ms - 76 
[HTTP] --> GET /wd/hub/session/53e708f3-44fd-48a1-afd0-b315eea34e5c/window/current/size {}
[HTTP] <-- GET /wd/hub/session/53e708f3-44fd-48a1-afd0-b315eea34e5c/window/current/size 200 6 ms - 100 
[HTTP] --> POST /wd/hub/session/53e708f3-44fd-48a1-afd0-b315eea34e5c/elements {"using":"-android uiautomator","value":"new UiSelector().description(\"applyButton\")"}
[HTTP] <-- POST /wd/hub/session/53e708f3-44fd-48a1-afd0-b315eea34e5c/elements 200 56 ms - 90 
[HTTP] --> GET /wd/hub/session/53e708f3-44fd-48a1-afd0-b315eea34e5c/element/39/location {}
[HTTP] <-- GET /wd/hub/session/53e708f3-44fd-48a1-afd0-b315eea34e5c/element/39/location 200 16 ms - 90 
[HTTP] --> POST /wd/hub/session/53e708f3-44fd-48a1-afd0-b315eea34e5c/touch/perform {"actions":[{"action":"press","options":{"element":"39"}},{"action":"wait","options":{"ms":1}},{"action":"release","options":{}}]}
[HTTP] <-- POST /wd/hub/session/53e708f3-44fd-48a1-afd0-b315eea34e5c/touch/perform 200 586 ms - 76 
[HTTP] --> GET /wd/hub/session/53e708f3-44fd-48a1-afd0-b315eea34e5c/window/current/size {}
[HTTP] <-- GET /wd/hub/session/53e708f3-44fd-48a1-afd0-b315eea34e5c/window/current/size 200 9 ms - 100 
[HTTP] --> POST /wd/hub/session/53e708f3-44fd-48a1-afd0-b315eea34e5c/elements {"using":"-android uiautomator","value":"new UiSelector().description(\"searchProductTextInput\")"}
[HTTP] <-- POST /wd/hub/session/53e708f3-44fd-48a1-afd0-b315eea34e5c/elements 200 2412 ms - 90 
[HTTP] --> GET /wd/hub/session/53e708f3-44fd-48a1-afd0-b315eea34e5c/element/40/location {}
[HTTP] <-- GET /wd/hub/session/53e708f3-44fd-48a1-afd0-b315eea34e5c/element/40/location 200 65 ms - 88 
[HTTP] --> POST /wd/hub/session/53e708f3-44fd-48a1-afd0-b315eea34e5c/touch/perform {"actions":[{"action":"press","options":{"element":"40"}},{"action":"wait","options":{"ms":1}},{"action":"release","options":{}}]}
[HTTP] <-- POST /wd/hub/session/53e708f3-44fd-48a1-afd0-b315eea34e5c/touch/perform 200 230 ms - 76 
[HTTP] --> GET /wd/hub/session/53e708f3-44fd-48a1-afd0-b315eea34e5c/window/current/size {}
[HTTP] <-- GET /wd/hub/session/53e708f3-44fd-48a1-afd0-b315eea34e5c/window/current/size 200 9 ms - 100 
[HTTP] --> POST /wd/hub/session/53e708f3-44fd-48a1-afd0-b315eea34e5c/elements {"using":"-android uiautomator","value":"new UiSelector().description(\"searchProductTextInput\")"}
[HTTP] <-- POST /wd/hub/session/53e708f3-44fd-48a1-afd0-b315eea34e5c/elements 200 867 ms - 90 
[HTTP] --> GET /wd/hub/session/53e708f3-44fd-48a1-afd0-b315eea34e5c/element/41/location {}
[HTTP] <-- GET /wd/hub/session/53e708f3-44fd-48a1-afd0-b315eea34e5c/element/41/location 200 40 ms - 88 
[HTTP] --> POST /wd/hub/session/53e708f3-44fd-48a1-afd0-b315eea34e5c/element/41/clear {"id":"41"}
[HTTP] <-- POST /wd/hub/session/53e708f3-44fd-48a1-afd0-b315eea34e5c/element/41/clear 200 3322 ms - 76 
[HTTP] --> POST /wd/hub/session/53e708f3-44fd-48a1-afd0-b315eea34e5c/element/41/value {"id":"41","value":["app"]}
[HTTP] <-- POST /wd/hub/session/53e708f3-44fd-48a1-afd0-b315eea34e5c/element/41/value 200 4903 ms - 76 
[HTTP] --> GET /wd/hub/session/53e708f3-44fd-48a1-afd0-b315eea34e5c/window/current/size {}
[HTTP] <-- GET /wd/hub/session/53e708f3-44fd-48a1-afd0-b315eea34e5c/window/current/size 200 16 ms - 100 
[HTTP] --> POST /wd/hub/session/53e708f3-44fd-48a1-afd0-b315eea34e5c/elements {"using":"-android uiautomator","value":"new UiSelector().description(\"searchProductTextInput\")"}
[HTTP] <-- POST /wd/hub/session/53e708f3-44fd-48a1-afd0-b315eea34e5c/elements 200 672 ms - 90 
[HTTP] --> GET /wd/hub/session/53e708f3-44fd-48a1-afd0-b315eea34e5c/element/42/location {}
[HTTP] <-- GET /wd/hub/session/53e708f3-44fd-48a1-afd0-b315eea34e5c/element/42/location 200 54 ms - 88 
[HTTP] --> GET /wd/hub/session/53e708f3-44fd-48a1-afd0-b315eea34e5c/element/42/attribute/checked {}
[HTTP] <-- GET /wd/hub/session/53e708f3-44fd-48a1-afd0-b315eea34e5c/element/42/attribute/checked 200 46 ms - 79 
[HTTP] --> GET /wd/hub/session/53e708f3-44fd-48a1-afd0-b315eea34e5c/window/current/size {}
[HTTP] <-- GET /wd/hub/session/53e708f3-44fd-48a1-afd0-b315eea34e5c/window/current/size 200 6 ms - 100 
[HTTP] --> POST /wd/hub/session/53e708f3-44fd-48a1-afd0-b315eea34e5c/elements {"using":"-android uiautomator","value":"new UiSelector().description(\"searchProductTextInput\")"}
[HTTP] <-- POST /wd/hub/session/53e708f3-44fd-48a1-afd0-b315eea34e5c/elements 200 166 ms - 90 
[HTTP] --> GET /wd/hub/session/53e708f3-44fd-48a1-afd0-b315eea34e5c/element/43/location {}
[HTTP] <-- GET /wd/hub/session/53e708f3-44fd-48a1-afd0-b315eea34e5c/element/43/location 200 69 ms - 88 
[HTTP] --> GET /wd/hub/session/53e708f3-44fd-48a1-afd0-b315eea34e5c/element/43/text {}
[HTTP] <-- GET /wd/hub/session/53e708f3-44fd-48a1-afd0-b315eea34e5c/element/43/text 200 66 ms - 77 
[HTTP] --> GET /wd/hub/session/53e708f3-44fd-48a1-afd0-b315eea34e5c/window/current/size {}
[HTTP] <-- GET /wd/hub/session/53e708f3-44fd-48a1-afd0-b315eea34e5c/window/current/size 200 9 ms - 100 
[HTTP] --> POST /wd/hub/session/53e708f3-44fd-48a1-afd0-b315eea34e5c/elements {"using":"-android uiautomator","value":"new UiSelector().description(\"searchProductTextInput\")"}
[HTTP] <-- POST /wd/hub/session/53e708f3-44fd-48a1-afd0-b315eea34e5c/elements 200 2147 ms - 90 
[HTTP] --> GET /wd/hub/session/53e708f3-44fd-48a1-afd0-b315eea34e5c/element/44/location {}
[HTTP] <-- GET /wd/hub/session/53e708f3-44fd-48a1-afd0-b315eea34e5c/element/44/location 200 37 ms - 88 
[HTTP] --> POST /wd/hub/session/53e708f3-44fd-48a1-afd0-b315eea34e5c/element/44/clear {"id":"44"}
[HTTP] <-- POST /wd/hub/session/53e708f3-44fd-48a1-afd0-b315eea34e5c/element/44/clear 200 3060 ms - 76 
[HTTP] --> GET /wd/hub/session/53e708f3-44fd-48a1-afd0-b315eea34e5c/window/current/size {}
[HTTP] <-- GET /wd/hub/session/53e708f3-44fd-48a1-afd0-b315eea34e5c/window/current/size 200 8 ms - 100 
[HTTP] --> POST /wd/hub/session/53e708f3-44fd-48a1-afd0-b315eea34e5c/elements {"using":"-android uiautomator","value":"new UiSelector().description(\"searchProductTextInput\")"}
[HTTP] <-- POST /wd/hub/session/53e708f3-44fd-48a1-afd0-b315eea34e5c/elements 200 2117 ms - 90 
[HTTP] --> GET /wd/hub/session/53e708f3-44fd-48a1-afd0-b315eea34e5c/element/45/location {}
[HTTP] <-- GET /wd/hub/session/53e708f3-44fd-48a1-afd0-b315eea34e5c/element/45/location 200 40 ms - 88 
[HTTP] --> POST /wd/hub/session/53e708f3-44fd-48a1-afd0-b315eea34e5c/element/45/clear {"id":"45"}
[HTTP] <-- POST /wd/hub/session/53e708f3-44fd-48a1-afd0-b315eea34e5c/element/45/clear 200 3560 ms - 76 
[HTTP] --> POST /wd/hub/session/53e708f3-44fd-48a1-afd0-b315eea34e5c/element/45/value {"id":"45","value":["ap"]}
[HTTP] <-- POST /wd/hub/session/53e708f3-44fd-48a1-afd0-b315eea34e5c/element/45/value 200 5157 ms - 76 
[HTTP] --> GET /wd/hub/session/53e708f3-44fd-48a1-afd0-b315eea34e5c/window/current/size {}
[HTTP] <-- GET /wd/hub/session/53e708f3-44fd-48a1-afd0-b315eea34e5c/window/current/size 200 11 ms - 100 
[HTTP] --> POST /wd/hub/session/53e708f3-44fd-48a1-afd0-b315eea34e5c/elements {"using":"-android uiautomator","value":"new UiSelector().description(\"searchProductTextInput\")"}
[HTTP] <-- POST /wd/hub/session/53e708f3-44fd-48a1-afd0-b315eea34e5c/elements 200 1669 ms - 90 
[HTTP] --> GET /wd/hub/session/53e708f3-44fd-48a1-afd0-b315eea34e5c/element/46/location {}
[HTTP] <-- GET /wd/hub/session/53e708f3-44fd-48a1-afd0-b315eea34e5c/element/46/location 200 42 ms - 88 
[HTTP] --> GET /wd/hub/session/53e708f3-44fd-48a1-afd0-b315eea34e5c/element/46/text {}
[HTTP] <-- GET /wd/hub/session/53e708f3-44fd-48a1-afd0-b315eea34e5c/element/46/text 200 73 ms - 76 
[HTTP] --> GET /wd/hub/session/53e708f3-44fd-48a1-afd0-b315eea34e5c/window/current/size {}
[HTTP] <-- GET /wd/hub/session/53e708f3-44fd-48a1-afd0-b315eea34e5c/window/current/size 200 13 ms - 100 
[HTTP] --> POST /wd/hub/session/53e708f3-44fd-48a1-afd0-b315eea34e5c/elements {"using":"-android uiautomator","value":"new UiSelector().description(\"searchProductTextInput\")"}
[HTTP] <-- POST /wd/hub/session/53e708f3-44fd-48a1-afd0-b315eea34e5c/elements 200 116 ms - 90 
[HTTP] --> GET /wd/hub/session/53e708f3-44fd-48a1-afd0-b315eea34e5c/element/47/location {}
[HTTP] <-- GET /wd/hub/session/53e708f3-44fd-48a1-afd0-b315eea34e5c/element/47/location 200 46 ms - 88 
[HTTP] --> GET /wd/hub/session/53e708f3-44fd-48a1-afd0-b315eea34e5c/element/47/attribute/checked {}
[HTTP] <-- GET /wd/hub/session/53e708f3-44fd-48a1-afd0-b315eea34e5c/element/47/attribute/checked 200 61 ms - 79 
[HTTP] --> GET /wd/hub/session/53e708f3-44fd-48a1-afd0-b315eea34e5c/window/current/size {}
[HTTP] <-- GET /wd/hub/session/53e708f3-44fd-48a1-afd0-b315eea34e5c/window/current/size 200 7 ms - 100 
[HTTP] --> POST /wd/hub/session/53e708f3-44fd-48a1-afd0-b315eea34e5c/elements {"using":"-android uiautomator","value":"new UiSelector().description(\"searchProductTextInput\")"}
[HTTP] <-- POST /wd/hub/session/53e708f3-44fd-48a1-afd0-b315eea34e5c/elements 200 147 ms - 90 
[HTTP] --> GET /wd/hub/session/53e708f3-44fd-48a1-afd0-b315eea34e5c/element/48/location {}
[HTTP] <-- GET /wd/hub/session/53e708f3-44fd-48a1-afd0-b315eea34e5c/element/48/location 200 76 ms - 88 
[HTTP] --> POST /wd/hub/session/53e708f3-44fd-48a1-afd0-b315eea34e5c/element/48/clear {"id":"48"}
[HTTP] <-- POST /wd/hub/session/53e708f3-44fd-48a1-afd0-b315eea34e5c/element/48/clear 200 3485 ms - 76 
[HTTP] --> GET /wd/hub/session/53e708f3-44fd-48a1-afd0-b315eea34e5c/window/current/size {}
[HTTP] <-- GET /wd/hub/session/53e708f3-44fd-48a1-afd0-b315eea34e5c/window/current/size 200 18 ms - 100 
[HTTP] --> POST /wd/hub/session/53e708f3-44fd-48a1-afd0-b315eea34e5c/elements {"using":"-android uiautomator","value":"new UiSelector().description(\"searchProductTextInput\")"}
[HTTP] <-- POST /wd/hub/session/53e708f3-44fd-48a1-afd0-b315eea34e5c/elements 200 1646 ms - 90 
[HTTP] --> GET /wd/hub/session/53e708f3-44fd-48a1-afd0-b315eea34e5c/element/49/location {}
[HTTP] <-- GET /wd/hub/session/53e708f3-44fd-48a1-afd0-b315eea34e5c/element/49/location 200 779 ms - 88 
[HTTP] --> POST /wd/hub/session/53e708f3-44fd-48a1-afd0-b315eea34e5c/element/49/clear {"id":"49"}
[HTTP] <-- POST /wd/hub/session/53e708f3-44fd-48a1-afd0-b315eea34e5c/element/49/clear 200 5144 ms - 76 
[HTTP] --> POST /wd/hub/session/53e708f3-44fd-48a1-afd0-b315eea34e5c/element/49/value {"id":"49","value":["Rujak"]}
[HTTP] <-- POST /wd/hub/session/53e708f3-44fd-48a1-afd0-b315eea34e5c/element/49/value 200 4506 ms - 76 
[HTTP] --> GET /wd/hub/session/53e708f3-44fd-48a1-afd0-b315eea34e5c/window/current/size {}
[HTTP] <-- GET /wd/hub/session/53e708f3-44fd-48a1-afd0-b315eea34e5c/window/current/size 200 5 ms - 100 
[HTTP] --> POST /wd/hub/session/53e708f3-44fd-48a1-afd0-b315eea34e5c/elements {"using":"-android uiautomator","value":"new UiSelector().description(\"searchProductTextInput\")"}
[HTTP] <-- POST /wd/hub/session/53e708f3-44fd-48a1-afd0-b315eea34e5c/elements 200 2194 ms - 90 
[HTTP] --> GET /wd/hub/session/53e708f3-44fd-48a1-afd0-b315eea34e5c/element/50/location {}
[HTTP] <-- GET /wd/hub/session/53e708f3-44fd-48a1-afd0-b315eea34e5c/element/50/location 200 866 ms - 88 
[HTTP] --> GET /wd/hub/session/53e708f3-44fd-48a1-afd0-b315eea34e5c/element/50/attribute/checked {}
[HTTP] <-- GET /wd/hub/session/53e708f3-44fd-48a1-afd0-b315eea34e5c/element/50/attribute/checked 200 35 ms - 79 
[HTTP] --> GET /wd/hub/session/53e708f3-44fd-48a1-afd0-b315eea34e5c/window/current/size {}
[HTTP] <-- GET /wd/hub/session/53e708f3-44fd-48a1-afd0-b315eea34e5c/window/current/size 200 12 ms - 100 
[HTTP] --> POST /wd/hub/session/53e708f3-44fd-48a1-afd0-b315eea34e5c/elements {"using":"-android uiautomator","value":"new UiSelector().description(\"searchProductTextInput\")"}
[HTTP] <-- POST /wd/hub/session/53e708f3-44fd-48a1-afd0-b315eea34e5c/elements 200 257 ms - 90 
[HTTP] --> GET /wd/hub/session/53e708f3-44fd-48a1-afd0-b315eea34e5c/element/51/location {}
[HTTP] <-- GET /wd/hub/session/53e708f3-44fd-48a1-afd0-b315eea34e5c/element/51/location 200 46 ms - 88 
[HTTP] --> GET /wd/hub/session/53e708f3-44fd-48a1-afd0-b315eea34e5c/element/51/text {}
[HTTP] <-- GET /wd/hub/session/53e708f3-44fd-48a1-afd0-b315eea34e5c/element/51/text 200 35 ms - 79 
[HTTP] --> GET /wd/hub/session/53e708f3-44fd-48a1-afd0-b315eea34e5c/window/current/size {}
[HTTP] <-- GET /wd/hub/session/53e708f3-44fd-48a1-afd0-b315eea34e5c/window/current/size 200 10 ms - 100 
[HTTP] --> POST /wd/hub/session/53e708f3-44fd-48a1-afd0-b315eea34e5c/elements {"using":"-android uiautomator","value":"new UiSelector().description(\"searchProductTextInput\")"}
[HTTP] <-- POST /wd/hub/session/53e708f3-44fd-48a1-afd0-b315eea34e5c/elements 200 135 ms - 90 
[HTTP] --> GET /wd/hub/session/53e708f3-44fd-48a1-afd0-b315eea34e5c/element/52/location {}
[HTTP] <-- GET /wd/hub/session/53e708f3-44fd-48a1-afd0-b315eea34e5c/element/52/location 200 36 ms - 88 
[HTTP] --> POST /wd/hub/session/53e708f3-44fd-48a1-afd0-b315eea34e5c/element/52/clear {"id":"52"}
[HTTP] <-- POST /wd/hub/session/53e708f3-44fd-48a1-afd0-b315eea34e5c/element/52/clear 200 3122 ms - 76 
[HTTP] --> GET /wd/hub/session/53e708f3-44fd-48a1-afd0-b315eea34e5c/window/current/size {}
[HTTP] <-- GET /wd/hub/session/53e708f3-44fd-48a1-afd0-b315eea34e5c/window/current/size 200 4 ms - 100 
[HTTP] --> POST /wd/hub/session/53e708f3-44fd-48a1-afd0-b315eea34e5c/elements {"using":"-android uiautomator","value":"new UiSelector().description(\"filterProductButton\")"}
[HTTP] <-- POST /wd/hub/session/53e708f3-44fd-48a1-afd0-b315eea34e5c/elements 200 825 ms - 90 
[HTTP] --> GET /wd/hub/session/53e708f3-44fd-48a1-afd0-b315eea34e5c/element/53/location {}
[HTTP] <-- GET /wd/hub/session/53e708f3-44fd-48a1-afd0-b315eea34e5c/element/53/location 200 65 ms - 89 
[HTTP] --> POST /wd/hub/session/53e708f3-44fd-48a1-afd0-b315eea34e5c/touch/perform {"actions":[{"action":"press","options":{"element":"53"}},{"action":"wait","options":{"ms":1}},{"action":"release","options":{}}]}
[HTTP] <-- POST /wd/hub/session/53e708f3-44fd-48a1-afd0-b315eea34e5c/touch/perform 200 1507 ms - 76 
[HTTP] --> GET /wd/hub/session/53e708f3-44fd-48a1-afd0-b315eea34e5c/context {}
[HTTP] <-- GET /wd/hub/session/53e708f3-44fd-48a1-afd0-b315eea34e5c/context 200 2 ms - 84 
[HTTP] --> GET /wd/hub/session/53e708f3-44fd-48a1-afd0-b315eea34e5c/contexts {}
[HTTP] <-- GET /wd/hub/session/53e708f3-44fd-48a1-afd0-b315eea34e5c/contexts 200 2054 ms - 86 
[HTTP] --> POST /wd/hub/session/53e708f3-44fd-48a1-afd0-b315eea34e5c/context {"name":"NATIVE_APP"}
[HTTP] <-- POST /wd/hub/session/53e708f3-44fd-48a1-afd0-b315eea34e5c/context 200 2113 ms - 76 
[HTTP] --> POST /wd/hub/session/53e708f3-44fd-48a1-afd0-b315eea34e5c/touch/perform {"actions":[{"action":"press","options":{"x":100,"y":543}},{"action":"wait","options":{"ms":500}},{"action":"moveTo","options":{"x":100,"y":259}},{"action":"release","options":{}}]}
[HTTP] <-- POST /wd/hub/session/53e708f3-44fd-48a1-afd0-b315eea34e5c/touch/perform 200 259 ms - 76 
[HTTP] --> POST /wd/hub/session/53e708f3-44fd-48a1-afd0-b315eea34e5c/context {"name":"NATIVE_APP"}
[HTTP] <-- POST /wd/hub/session/53e708f3-44fd-48a1-afd0-b315eea34e5c/context 200 3820 ms - 76 
[HTTP] --> GET /wd/hub/session/53e708f3-44fd-48a1-afd0-b315eea34e5c/context {}
[HTTP] <-- GET /wd/hub/session/53e708f3-44fd-48a1-afd0-b315eea34e5c/context 200 5 ms - 84 
[HTTP] --> GET /wd/hub/session/53e708f3-44fd-48a1-afd0-b315eea34e5c/contexts {}
[HTTP] <-- GET /wd/hub/session/53e708f3-44fd-48a1-afd0-b315eea34e5c/contexts 200 2139 ms - 86 
[HTTP] --> POST /wd/hub/session/53e708f3-44fd-48a1-afd0-b315eea34e5c/context {"name":"NATIVE_APP"}
[HTTP] <-- POST /wd/hub/session/53e708f3-44fd-48a1-afd0-b315eea34e5c/context 200 2120 ms - 76 
[HTTP] --> POST /wd/hub/session/53e708f3-44fd-48a1-afd0-b315eea34e5c/touch/perform {"actions":[{"action":"press","options":{"x":100,"y":543}},{"action":"wait","options":{"ms":500}},{"action":"moveTo","options":{"x":100,"y":259}},{"action":"release","options":{}}]}
[HTTP] <-- POST /wd/hub/session/53e708f3-44fd-48a1-afd0-b315eea34e5c/touch/perform 200 379 ms - 76 
[HTTP] --> POST /wd/hub/session/53e708f3-44fd-48a1-afd0-b315eea34e5c/context {"name":"NATIVE_APP"}
[HTTP] <-- POST /wd/hub/session/53e708f3-44fd-48a1-afd0-b315eea34e5c/context 200 2129 ms - 76 
[HTTP] --> GET /wd/hub/session/53e708f3-44fd-48a1-afd0-b315eea34e5c/context {}
[HTTP] <-- GET /wd/hub/session/53e708f3-44fd-48a1-afd0-b315eea34e5c/context 200 5 ms - 84 
[HTTP] --> GET /wd/hub/session/53e708f3-44fd-48a1-afd0-b315eea34e5c/contexts {}
[HTTP] <-- GET /wd/hub/session/53e708f3-44fd-48a1-afd0-b315eea34e5c/contexts 200 2127 ms - 86 
[HTTP] --> POST /wd/hub/session/53e708f3-44fd-48a1-afd0-b315eea34e5c/context {"name":"NATIVE_APP"}
[HTTP] <-- POST /wd/hub/session/53e708f3-44fd-48a1-afd0-b315eea34e5c/context 200 2105 ms - 76 
[HTTP] --> POST /wd/hub/session/53e708f3-44fd-48a1-afd0-b315eea34e5c/touch/perform {"actions":[{"action":"press","options":{"x":30,"y":230}},{"action":"wait","options":{"ms":500}},{"action":"moveTo","options":{"x":30,"y":515}},{"action":"release","options":{}}]}
[HTTP] <-- POST /wd/hub/session/53e708f3-44fd-48a1-afd0-b315eea34e5c/touch/perform 200 475 ms - 76 
[HTTP] --> POST /wd/hub/session/53e708f3-44fd-48a1-afd0-b315eea34e5c/context {"name":"NATIVE_APP"}
[HTTP] <-- POST /wd/hub/session/53e708f3-44fd-48a1-afd0-b315eea34e5c/context 200 2132 ms - 76 
[HTTP] --> GET /wd/hub/session/53e708f3-44fd-48a1-afd0-b315eea34e5c/context {}
[HTTP] <-- GET /wd/hub/session/53e708f3-44fd-48a1-afd0-b315eea34e5c/context 200 7 ms - 84 
[HTTP] --> GET /wd/hub/session/53e708f3-44fd-48a1-afd0-b315eea34e5c/contexts {}
[HTTP] <-- GET /wd/hub/session/53e708f3-44fd-48a1-afd0-b315eea34e5c/contexts 200 2138 ms - 86 
[HTTP] --> POST /wd/hub/session/53e708f3-44fd-48a1-afd0-b315eea34e5c/context {"name":"NATIVE_APP"}
[HTTP] <-- POST /wd/hub/session/53e708f3-44fd-48a1-afd0-b315eea34e5c/context 200 2132 ms - 76 
[HTTP] --> POST /wd/hub/session/53e708f3-44fd-48a1-afd0-b315eea34e5c/touch/perform {"actions":[{"action":"press","options":{"x":30,"y":230}},{"action":"wait","options":{"ms":500}},{"action":"moveTo","options":{"x":30,"y":515}},{"action":"release","options":{}}]}
[HTTP] <-- POST /wd/hub/session/53e708f3-44fd-48a1-afd0-b315eea34e5c/touch/perform 200 468 ms - 76 
[HTTP] --> POST /wd/hub/session/53e708f3-44fd-48a1-afd0-b315eea34e5c/context {"name":"NATIVE_APP"}
[HTTP] <-- POST /wd/hub/session/53e708f3-44fd-48a1-afd0-b315eea34e5c/context 200 2137 ms - 76 
[HTTP] --> GET /wd/hub/session/53e708f3-44fd-48a1-afd0-b315eea34e5c/window/current/size {}
[HTTP] <-- GET /wd/hub/session/53e708f3-44fd-48a1-afd0-b315eea34e5c/window/current/size 200 9 ms - 100 
[HTTP] --> POST /wd/hub/session/53e708f3-44fd-48a1-afd0-b315eea34e5c/elements {"using":"-android uiautomator","value":"new UiSelector().description(\"applyButton\")"}
[HTTP] <-- POST /wd/hub/session/53e708f3-44fd-48a1-afd0-b315eea34e5c/elements 200 251 ms - 74 
[HTTP] --> POST /wd/hub/session/53e708f3-44fd-48a1-afd0-b315eea34e5c/elements {"using":"-android uiautomator","value":"new UiSelector().description(\"applyButton\")"}
[HTTP] <-- POST /wd/hub/session/53e708f3-44fd-48a1-afd0-b315eea34e5c/elements 200 902 ms - 74 
[HTTP] --> POST /wd/hub/session/53e708f3-44fd-48a1-afd0-b315eea34e5c/elements {"using":"-android uiautomator","value":"new UiSelector().description(\"applyButton\")"}
[HTTP] <-- POST /wd/hub/session/53e708f3-44fd-48a1-afd0-b315eea34e5c/elements 200 246 ms - 74 
[HTTP] --> POST /wd/hub/session/53e708f3-44fd-48a1-afd0-b315eea34e5c/elements {"using":"-android uiautomator","value":"new UiSelector().description(\"applyButton\")"}
[HTTP] <-- POST /wd/hub/session/53e708f3-44fd-48a1-afd0-b315eea34e5c/elements 200 210 ms - 74 
[HTTP] --> POST /wd/hub/session/53e708f3-44fd-48a1-afd0-b315eea34e5c/elements {"using":"-android uiautomator","value":"new UiSelector().description(\"applyButton\")"}
[HTTP] <-- POST /wd/hub/session/53e708f3-44fd-48a1-afd0-b315eea34e5c/elements 200 485 ms - 74 
[HTTP] --> POST /wd/hub/session/53e708f3-44fd-48a1-afd0-b315eea34e5c/elements {"using":"-android uiautomator","value":"new UiSelector().description(\"applyButton\")"}
[HTTP] <-- POST /wd/hub/session/53e708f3-44fd-48a1-afd0-b315eea34e5c/elements 200 298 ms - 74 
[HTTP] --> POST /wd/hub/session/53e708f3-44fd-48a1-afd0-b315eea34e5c/elements {"using":"-android uiautomator","value":"new UiSelector().description(\"applyButton\")"}
[HTTP] <-- POST /wd/hub/session/53e708f3-44fd-48a1-afd0-b315eea34e5c/elements 200 482 ms - 74 
[HTTP] --> POST /wd/hub/session/53e708f3-44fd-48a1-afd0-b315eea34e5c/elements {"using":"-android uiautomator","value":"new UiSelector().description(\"applyButton\")"}
[HTTP] <-- POST /wd/hub/session/53e708f3-44fd-48a1-afd0-b315eea34e5c/elements 200 541 ms - 74 
[HTTP] --> POST /wd/hub/session/53e708f3-44fd-48a1-afd0-b315eea34e5c/elements {"using":"-android uiautomator","value":"new UiSelector().description(\"applyButton\")"}
[HTTP] <-- POST /wd/hub/session/53e708f3-44fd-48a1-afd0-b315eea34e5c/elements 200 305 ms - 74 
[HTTP] --> POST /wd/hub/session/53e708f3-44fd-48a1-afd0-b315eea34e5c/elements {"using":"-android uiautomator","value":"new UiSelector().description(\"applyButton\")"}
[HTTP] <-- POST /wd/hub/session/53e708f3-44fd-48a1-afd0-b315eea34e5c/elements 200 431 ms - 74 
[HTTP] --> POST /wd/hub/session/53e708f3-44fd-48a1-afd0-b315eea34e5c/elements {"using":"-android uiautomator","value":"new UiSelector().description(\"applyButton\")"}
[HTTP] <-- POST /wd/hub/session/53e708f3-44fd-48a1-afd0-b315eea34e5c/elements 200 257 ms - 74 
[HTTP] --> POST /wd/hub/session/53e708f3-44fd-48a1-afd0-b315eea34e5c/elements {"using":"-android uiautomator","value":"new UiSelector().description(\"applyButton\")"}
[HTTP] <-- POST /wd/hub/session/53e708f3-44fd-48a1-afd0-b315eea34e5c/elements 200 854 ms - 74 
[HTTP] --> GET /wd/hub/session/53e708f3-44fd-48a1-afd0-b315eea34e5c/window/current/size {}
[HTTP] <-- GET /wd/hub/session/53e708f3-44fd-48a1-afd0-b315eea34e5c/window/current/size 200 5 ms - 100 
[HTTP] --> POST /wd/hub/session/53e708f3-44fd-48a1-afd0-b315eea34e5c/elements {"using":"-android uiautomator","value":"new UiSelector().description(\"tambahBarangButton\")"}
[HTTP] <-- POST /wd/hub/session/53e708f3-44fd-48a1-afd0-b315eea34e5c/elements 200 449 ms - 74 
[HTTP] --> POST /wd/hub/session/53e708f3-44fd-48a1-afd0-b315eea34e5c/elements {"using":"-android uiautomator","value":"new UiSelector().description(\"tambahBarangButton\")"}
[HTTP] <-- POST /wd/hub/session/53e708f3-44fd-48a1-afd0-b315eea34e5c/elements 200 273 ms - 74 
[HTTP] --> POST /wd/hub/session/53e708f3-44fd-48a1-afd0-b315eea34e5c/elements {"using":"-android uiautomator","value":"new UiSelector().description(\"tambahBarangButton\")"}
[HTTP] <-- POST /wd/hub/session/53e708f3-44fd-48a1-afd0-b315eea34e5c/elements 200 507 ms - 74 
[HTTP] --> POST /wd/hub/session/53e708f3-44fd-48a1-afd0-b315eea34e5c/elements {"using":"-android uiautomator","value":"new UiSelector().description(\"tambahBarangButton\")"}
[HTTP] <-- POST /wd/hub/session/53e708f3-44fd-48a1-afd0-b315eea34e5c/elements 200 240 ms - 74 
[HTTP] --> POST /wd/hub/session/53e708f3-44fd-48a1-afd0-b315eea34e5c/elements {"using":"id","value":"id"}
[HTTP] <-- POST /wd/hub/session/53e708f3-44fd-48a1-afd0-b315eea34e5c/elements 200 936 ms - 74 
[HTTP] --> POST /wd/hub/session/53e708f3-44fd-48a1-afd0-b315eea34e5c/elements {"using":"id","value":"id"}
[HTTP] <-- POST /wd/hub/session/53e708f3-44fd-48a1-afd0-b315eea34e5c/elements 200 1489 ms - 74 
[HTTP] --> POST /wd/hub/session/53e708f3-44fd-48a1-afd0-b315eea34e5c/elements {"using":"id","value":"id"}
[HTTP] <-- POST /wd/hub/session/53e708f3-44fd-48a1-afd0-b315eea34e5c/elements 200 707 ms - 74 
[HTTP] --> POST /wd/hub/session/53e708f3-44fd-48a1-afd0-b315eea34e5c/elements {"using":"id","value":"id"}
[HTTP] <-- POST /wd/hub/session/53e708f3-44fd-48a1-afd0-b315eea34e5c/elements 200 660 ms - 74 
[HTTP] --> POST /wd/hub/session/53e708f3-44fd-48a1-afd0-b315eea34e5c/elements {"using":"id","value":"id"}
[HTTP] <-- POST /wd/hub/session/53e708f3-44fd-48a1-afd0-b315eea34e5c/elements 200 650 ms - 74 
[HTTP] --> POST /wd/hub/session/53e708f3-44fd-48a1-afd0-b315eea34e5c/elements {"using":"id","value":"id"}
[HTTP] <-- POST /wd/hub/session/53e708f3-44fd-48a1-afd0-b315eea34e5c/elements 200 1060 ms - 74 
[HTTP] --> POST /wd/hub/session/53e708f3-44fd-48a1-afd0-b315eea34e5c/elements {"using":"id","value":"id"}
[HTTP] <-- POST /wd/hub/session/53e708f3-44fd-48a1-afd0-b315eea34e5c/elements 200 1011 ms - 74 
[HTTP] --> POST /wd/hub/session/53e708f3-44fd-48a1-afd0-b315eea34e5c/elements {"using":"id","value":"id"}
[HTTP] <-- POST /wd/hub/session/53e708f3-44fd-48a1-afd0-b315eea34e5c/elements 200 551 ms - 74 
[HTTP] --> POST /wd/hub/session/53e708f3-44fd-48a1-afd0-b315eea34e5c/elements {"using":"id","value":"id"}
[HTTP] <-- POST /wd/hub/session/53e708f3-44fd-48a1-afd0-b315eea34e5c/elements 200 685 ms - 74 
[HTTP] --> POST /wd/hub/session/53e708f3-44fd-48a1-afd0-b315eea34e5c/elements {"using":"id","value":"id"}
[HTTP] <-- POST /wd/hub/session/53e708f3-44fd-48a1-afd0-b315eea34e5c/elements 200 2032 ms - 74 
[HTTP] --> POST /wd/hub/session/53e708f3-44fd-48a1-afd0-b315eea34e5c/elements {"using":"id","value":"id"}
[HTTP] <-- POST /wd/hub/session/53e708f3-44fd-48a1-afd0-b315eea34e5c/elements 200 810 ms - 74 
[HTTP] --> POST /wd/hub/session/53e708f3-44fd-48a1-afd0-b315eea34e5c/elements {"using":"id","value":"id"}
[HTTP] <-- POST /wd/hub/session/53e708f3-44fd-48a1-afd0-b315eea34e5c/elements 200 739 ms - 74 
[HTTP] --> POST /wd/hub/session/53e708f3-44fd-48a1-afd0-b315eea34e5c/elements {"using":"id","value":"id"}
[HTTP] <-- POST /wd/hub/session/53e708f3-44fd-48a1-afd0-b315eea34e5c/elements 200 811 ms - 74 
[HTTP] --> POST /wd/hub/session/53e708f3-44fd-48a1-afd0-b315eea34e5c/elements {"using":"id","value":"id"}
[HTTP] <-- POST /wd/hub/session/53e708f3-44fd-48a1-afd0-b315eea34e5c/elements 200 1019 ms - 74 
[HTTP] --> POST /wd/hub/session/53e708f3-44fd-48a1-afd0-b315eea34e5c/elements {"using":"id","value":"id"}
[HTTP] <-- POST /wd/hub/session/53e708f3-44fd-48a1-afd0-b315eea34e5c/elements 200 1636 ms - 74 
[HTTP] --> POST /wd/hub/session/53e708f3-44fd-48a1-afd0-b315eea34e5c/elements {"using":"id","value":"id"}
[HTTP] <-- POST /wd/hub/session/53e708f3-44fd-48a1-afd0-b315eea34e5c/elements 200 1447 ms - 74 
[HTTP] --> POST /wd/hub/session/53e708f3-44fd-48a1-afd0-b315eea34e5c/elements {"using":"id","value":"id"}
[HTTP] <-- POST /wd/hub/session/53e708f3-44fd-48a1-afd0-b315eea34e5c/elements 200 736 ms - 74 
[HTTP] --> POST /wd/hub/session/53e708f3-44fd-48a1-afd0-b315eea34e5c/elements {"using":"id","value":"id"}
[HTTP] <-- POST /wd/hub/session/53e708f3-44fd-48a1-afd0-b315eea34e5c/elements 200 1049 ms - 74 
[HTTP] --> POST /wd/hub/session/53e708f3-44fd-48a1-afd0-b315eea34e5c/elements {"using":"id","value":"id"}
[HTTP] <-- POST /wd/hub/session/53e708f3-44fd-48a1-afd0-b315eea34e5c/elements 200 926 ms - 74 
[HTTP] --> POST /wd/hub/session/53e708f3-44fd-48a1-afd0-b315eea34e5c/elements {"using":"id","value":"id"}
[HTTP] <-- POST /wd/hub/session/53e708f3-44fd-48a1-afd0-b315eea34e5c/elements 200 758 ms - 74 
[HTTP] --> POST /wd/hub/session/53e708f3-44fd-48a1-afd0-b315eea34e5c/elements {"using":"id","value":"id"}
[HTTP] <-- POST /wd/hub/session/53e708f3-44fd-48a1-afd0-b315eea34e5c/elements 200 670 ms - 74 
[HTTP] --> POST /wd/hub/session/53e708f3-44fd-48a1-afd0-b315eea34e5c/elements {"using":"id","value":"id"}
[HTTP] <-- POST /wd/hub/session/53e708f3-44fd-48a1-afd0-b315eea34e5c/elements 200 809 ms - 74 
[HTTP] --> POST /wd/hub/session/53e708f3-44fd-48a1-afd0-b315eea34e5c/elements {"using":"id","value":"id"}
[HTTP] <-- POST /wd/hub/session/53e708f3-44fd-48a1-afd0-b315eea34e5c/elements 200 615 ms - 74 
[HTTP] --> POST /wd/hub/session/53e708f3-44fd-48a1-afd0-b315eea34e5c/elements {"using":"id","value":"id"}
[HTTP] <-- POST /wd/hub/session/53e708f3-44fd-48a1-afd0-b315eea34e5c/elements 200 1232 ms - 74 
[HTTP] --> POST /wd/hub/session/53e708f3-44fd-48a1-afd0-b315eea34e5c/elements {"using":"id","value":"id"}
[HTTP] <-- POST /wd/hub/session/53e708f3-44fd-48a1-afd0-b315eea34e5c/elements 200 995 ms - 74 
[HTTP] --> POST /wd/hub/session/53e708f3-44fd-48a1-afd0-b315eea34e5c/elements {"using":"id","value":"id"}
[HTTP] <-- POST /wd/hub/session/53e708f3-44fd-48a1-afd0-b315eea34e5c/elements 200 3768 ms - 74 
[HTTP] --> POST /wd/hub/session/53e708f3-44fd-48a1-afd0-b315eea34e5c/elements {"using":"id","value":"id"}
[HTTP] <-- POST /wd/hub/session/53e708f3-44fd-48a1-afd0-b315eea34e5c/elements 200 816 ms - 74 
[HTTP] --> POST /wd/hub/session/53e708f3-44fd-48a1-afd0-b315eea34e5c/elements {"using":"id","value":"id"}
[HTTP] <-- POST /wd/hub/session/53e708f3-44fd-48a1-afd0-b315eea34e5c/elements 200 637 ms - 74 
[HTTP] --> POST /wd/hub/session/53e708f3-44fd-48a1-afd0-b315eea34e5c/elements {"using":"id","value":"id"}
[HTTP] <-- POST /wd/hub/session/53e708f3-44fd-48a1-afd0-b315eea34e5c/elements 200 863 ms - 74 
[HTTP] --> POST /wd/hub/session/53e708f3-44fd-48a1-afd0-b315eea34e5c/elements {"using":"id","value":"id"}
[HTTP] <-- POST /wd/hub/session/53e708f3-44fd-48a1-afd0-b315eea34e5c/elements 200 592 ms - 74 
[HTTP] --> POST /wd/hub/session/53e708f3-44fd-48a1-afd0-b315eea34e5c/elements {"using":"id","value":"id"}
[HTTP] <-- POST /wd/hub/session/53e708f3-44fd-48a1-afd0-b315eea34e5c/elements 200 1120 ms - 74 
[HTTP] --> POST /wd/hub/session/53e708f3-44fd-48a1-afd0-b315eea34e5c/elements {"using":"id","value":"id"}
[HTTP] <-- POST /wd/hub/session/53e708f3-44fd-48a1-afd0-b315eea34e5c/elements 200 635 ms - 74 
[HTTP] --> POST /wd/hub/session/53e708f3-44fd-48a1-afd0-b315eea34e5c/elements {"using":"id","value":"id"}
[HTTP] <-- POST /wd/hub/session/53e708f3-44fd-48a1-afd0-b315eea34e5c/elements 200 1377 ms - 74 
[HTTP] --> POST /wd/hub/session/53e708f3-44fd-48a1-afd0-b315eea34e5c/elements {"using":"id","value":"id"}
[HTTP] <-- POST /wd/hub/session/53e708f3-44fd-48a1-afd0-b315eea34e5c/elements 200 678 ms - 74 
[HTTP] --> POST /wd/hub/session/53e708f3-44fd-48a1-afd0-b315eea34e5c/elements {"using":"id","value":"id"}
[HTTP] <-- POST /wd/hub/session/53e708f3-44fd-48a1-afd0-b315eea34e5c/elements 200 1158 ms - 74 
[HTTP] --> POST /wd/hub/session/53e708f3-44fd-48a1-afd0-b315eea34e5c/elements {"using":"id","value":"id"}
[HTTP] <-- POST /wd/hub/session/53e708f3-44fd-48a1-afd0-b315eea34e5c/elements 200 645 ms - 74 
[HTTP] --> POST /wd/hub/session/53e708f3-44fd-48a1-afd0-b315eea34e5c/elements {"using":"id","value":"id"}
[HTTP] <-- POST /wd/hub/session/53e708f3-44fd-48a1-afd0-b315eea34e5c/elements 200 402 ms - 74 
[HTTP] --> POST /wd/hub/session/53e708f3-44fd-48a1-afd0-b315eea34e5c/elements {"using":"id","value":"id"}
[HTTP] <-- POST /wd/hub/session/53e708f3-44fd-48a1-afd0-b315eea34e5c/elements 200 496 ms - 74 
[HTTP] --> POST /wd/hub/session/53e708f3-44fd-48a1-afd0-b315eea34e5c/elements {"using":"id","value":"id"}
[HTTP] <-- POST /wd/hub/session/53e708f3-44fd-48a1-afd0-b315eea34e5c/elements 200 652 ms - 74 
[HTTP] --> POST /wd/hub/session/53e708f3-44fd-48a1-afd0-b315eea34e5c/elements {"using":"id","value":"id"}
[HTTP] <-- POST /wd/hub/session/53e708f3-44fd-48a1-afd0-b315eea34e5c/elements 200 946 ms - 74 
[HTTP] --> POST /wd/hub/session/53e708f3-44fd-48a1-afd0-b315eea34e5c/elements {"using":"id","value":"id"}
[HTTP] <-- POST /wd/hub/session/53e708f3-44fd-48a1-afd0-b315eea34e5c/elements 200 478 ms - 74 
[HTTP] --> POST /wd/hub/session/53e708f3-44fd-48a1-afd0-b315eea34e5c/elements {"using":"id","value":"id"}
[HTTP] <-- POST /wd/hub/session/53e708f3-44fd-48a1-afd0-b315eea34e5c/elements 200 528 ms - 74 
[HTTP] --> POST /wd/hub/session/53e708f3-44fd-48a1-afd0-b315eea34e5c/elements {"using":"id","value":"id"}
[HTTP] <-- POST /wd/hub/session/53e708f3-44fd-48a1-afd0-b315eea34e5c/elements 200 602 ms - 74 
[HTTP] --> POST /wd/hub/session/53e708f3-44fd-48a1-afd0-b315eea34e5c/elements {"using":"id","value":"id"}
[HTTP] <-- POST /wd/hub/session/53e708f3-44fd-48a1-afd0-b315eea34e5c/elements 200 621 ms - 74 
[HTTP] --> POST /wd/hub/session/53e708f3-44fd-48a1-afd0-b315eea34e5c/elements {"using":"id","value":"id"}
[HTTP] <-- POST /wd/hub/session/53e708f3-44fd-48a1-afd0-b315eea34e5c/elements 200 794 ms - 74 
[HTTP] --> POST /wd/hub/session/53e708f3-44fd-48a1-afd0-b315eea34e5c/elements {"using":"id","value":"id"}
[HTTP] <-- POST /wd/hub/session/53e708f3-44fd-48a1-afd0-b315eea34e5c/elements 200 478 ms - 74 
[HTTP] --> POST /wd/hub/session/53e708f3-44fd-48a1-afd0-b315eea34e5c/elements {"using":"id","value":"id"}
[HTTP] <-- POST /wd/hub/session/53e708f3-44fd-48a1-afd0-b315eea34e5c/elements 200 629 ms - 74 
[HTTP] --> POST /wd/hub/session/53e708f3-44fd-48a1-afd0-b315eea34e5c/elements {"using":"id","value":"id"}
[HTTP] <-- POST /wd/hub/session/53e708f3-44fd-48a1-afd0-b315eea34e5c/elements 200 894 ms - 74 
[HTTP] --> POST /wd/hub/session/53e708f3-44fd-48a1-afd0-b315eea34e5c/elements {"using":"id","value":"id"}
[HTTP] <-- POST /wd/hub/session/53e708f3-44fd-48a1-afd0-b315eea34e5c/elements 200 471 ms - 74 
[HTTP] --> POST /wd/hub/session/53e708f3-44fd-48a1-afd0-b315eea34e5c/elements {"using":"id","value":"id"}
[HTTP] <-- POST /wd/hub/session/53e708f3-44fd-48a1-afd0-b315eea34e5c/elements 200 615 ms - 74 
[HTTP] --> POST /wd/hub/session/53e708f3-44fd-48a1-afd0-b315eea34e5c/elements {"using":"id","value":"id"}
[HTTP] <-- POST /wd/hub/session/53e708f3-44fd-48a1-afd0-b315eea34e5c/elements 200 507 ms - 74 
[HTTP] --> POST /wd/hub/session/53e708f3-44fd-48a1-afd0-b315eea34e5c/elements {"using":"id","value":"id"}
[HTTP] <-- POST /wd/hub/session/53e708f3-44fd-48a1-afd0-b315eea34e5c/elements 200 641 ms - 74 
[HTTP] --> POST /wd/hub/session/53e708f3-44fd-48a1-afd0-b315eea34e5c/elements {"using":"id","value":"id"}
[HTTP] <-- POST /wd/hub/session/53e708f3-44fd-48a1-afd0-b315eea34e5c/elements 200 486 ms - 74 
[HTTP] --> POST /wd/hub/session/53e708f3-44fd-48a1-afd0-b315eea34e5c/elements {"using":"id","value":"id"}
[HTTP] <-- POST /wd/hub/session/53e708f3-44fd-48a1-afd0-b315eea34e5c/elements 200 521 ms - 74 
[HTTP] --> POST /wd/hub/session/53e708f3-44fd-48a1-afd0-b315eea34e5c/elements {"using":"id","value":"id"}
[HTTP] <-- POST /wd/hub/session/53e708f3-44fd-48a1-afd0-b315eea34e5c/elements 200 1137 ms - 74 
[HTTP] --> POST /wd/hub/session/53e708f3-44fd-48a1-afd0-b315eea34e5c/elements {"using":"id","value":"id"}
[HTTP] <-- POST /wd/hub/session/53e708f3-44fd-48a1-afd0-b315eea34e5c/elements 200 959 ms - 74 
[HTTP] --> POST /wd/hub/session/53e708f3-44fd-48a1-afd0-b315eea34e5c/elements {"using":"id","value":"id"}
[HTTP] <-- POST /wd/hub/session/53e708f3-44fd-48a1-afd0-b315eea34e5c/elements 200 1082 ms - 74 
[HTTP] --> POST /wd/hub/session/53e708f3-44fd-48a1-afd0-b315eea34e5c/elements {"using":"id","value":"id"}
[HTTP] <-- POST /wd/hub/session/53e708f3-44fd-48a1-afd0-b315eea34e5c/elements 200 451 ms - 74 
[HTTP] --> POST /wd/hub/session/53e708f3-44fd-48a1-afd0-b315eea34e5c/elements {"using":"id","value":"id"}
[HTTP] <-- POST /wd/hub/session/53e708f3-44fd-48a1-afd0-b315eea34e5c/elements 200 1118 ms - 74 
[HTTP] --> POST /wd/hub/session/53e708f3-44fd-48a1-afd0-b315eea34e5c/elements {"using":"id","value":"id"}
[HTTP] <-- POST /wd/hub/session/53e708f3-44fd-48a1-afd0-b315eea34e5c/elements 200 475 ms - 74 
[HTTP] --> POST /wd/hub/session/53e708f3-44fd-48a1-afd0-b315eea34e5c/elements {"using":"id","value":"id"}
[HTTP] <-- POST /wd/hub/session/53e708f3-44fd-48a1-afd0-b315eea34e5c/elements 200 680 ms - 74 
[HTTP] --> POST /wd/hub/session/53e708f3-44fd-48a1-afd0-b315eea34e5c/elements {"using":"id","value":"id"}
[HTTP] <-- POST /wd/hub/session/53e708f3-44fd-48a1-afd0-b315eea34e5c/elements 200 438 ms - 74 
[HTTP] --> POST /wd/hub/session/53e708f3-44fd-48a1-afd0-b315eea34e5c/elements {"using":"id","value":"id"}
[HTTP] <-- POST /wd/hub/session/53e708f3-44fd-48a1-afd0-b315eea34e5c/elements 200 478 ms - 74 
[HTTP] --> POST /wd/hub/session/53e708f3-44fd-48a1-afd0-b315eea34e5c/elements {"using":"id","value":"id"}
[HTTP] <-- POST /wd/hub/session/53e708f3-44fd-48a1-afd0-b315eea34e5c/elements 200 1130 ms - 74 
[HTTP] --> POST /wd/hub/session/53e708f3-44fd-48a1-afd0-b315eea34e5c/elements {"using":"id","value":"id"}
[HTTP] <-- POST /wd/hub/session/53e708f3-44fd-48a1-afd0-b315eea34e5c/elements 200 475 ms - 74 
[HTTP] --> POST /wd/hub/session/53e708f3-44fd-48a1-afd0-b315eea34e5c/elements {"using":"id","value":"id"}
[HTTP] <-- POST /wd/hub/session/53e708f3-44fd-48a1-afd0-b315eea34e5c/elements 200 996 ms - 74 
[HTTP] --> POST /wd/hub/session/53e708f3-44fd-48a1-afd0-b315eea34e5c/elements {"using":"id","value":"id"}
[HTTP] <-- POST /wd/hub/session/53e708f3-44fd-48a1-afd0-b315eea34e5c/elements 200 500 ms - 74 
[HTTP] --> POST /wd/hub/session/53e708f3-44fd-48a1-afd0-b315eea34e5c/elements {"using":"id","value":"id"}
[HTTP] <-- POST /wd/hub/session/53e708f3-44fd-48a1-afd0-b315eea34e5c/elements 200 321 ms - 74 
[HTTP] --> POST /wd/hub/session/53e708f3-44fd-48a1-afd0-b315eea34e5c/elements {"using":"id","value":"id"}
[HTTP] <-- POST /wd/hub/session/53e708f3-44fd-48a1-afd0-b315eea34e5c/elements 200 853 ms - 74 
[HTTP] --> POST /wd/hub/session/53e708f3-44fd-48a1-afd0-b315eea34e5c/elements {"using":"id","value":"id"}
[HTTP] <-- POST /wd/hub/session/53e708f3-44fd-48a1-afd0-b315eea34e5c/elements 200 1091 ms - 74 
[HTTP] --> POST /wd/hub/session/53e708f3-44fd-48a1-afd0-b315eea34e5c/elements {"using":"id","value":"id"}
[HTTP] <-- POST /wd/hub/session/53e708f3-44fd-48a1-afd0-b315eea34e5c/elements 200 674 ms - 74 
[HTTP] --> POST /wd/hub/session/53e708f3-44fd-48a1-afd0-b315eea34e5c/elements {"using":"id","value":"id"}
[HTTP] <-- POST /wd/hub/session/53e708f3-44fd-48a1-afd0-b315eea34e5c/elements 200 689 ms - 74 
[HTTP] --> POST /wd/hub/session/53e708f3-44fd-48a1-afd0-b315eea34e5c/elements {"using":"id","value":"id"}
[HTTP] <-- POST /wd/hub/session/53e708f3-44fd-48a1-afd0-b315eea34e5c/elements 200 1170 ms - 74 
[HTTP] --> POST /wd/hub/session/53e708f3-44fd-48a1-afd0-b315eea34e5c/elements {"using":"id","value":"id"}
[HTTP] <-- POST /wd/hub/session/53e708f3-44fd-48a1-afd0-b315eea34e5c/elements 200 612 ms - 74 
[HTTP] --> POST /wd/hub/session/53e708f3-44fd-48a1-afd0-b315eea34e5c/elements {"using":"id","value":"id"}
[HTTP] <-- POST /wd/hub/session/53e708f3-44fd-48a1-afd0-b315eea34e5c/elements 200 1090 ms - 74 
[HTTP] --> POST /wd/hub/session/53e708f3-44fd-48a1-afd0-b315eea34e5c/elements {"using":"id","value":"id"}
[HTTP] <-- POST /wd/hub/session/53e708f3-44fd-48a1-afd0-b315eea34e5c/elements 200 459 ms - 74 
[HTTP] --> POST /wd/hub/session/53e708f3-44fd-48a1-afd0-b315eea34e5c/elements {"using":"id","value":"id"}
[HTTP] <-- POST /wd/hub/session/53e708f3-44fd-48a1-afd0-b315eea34e5c/elements 200 506 ms - 74 
[HTTP] --> POST /wd/hub/session/53e708f3-44fd-48a1-afd0-b315eea34e5c/elements {"using":"id","value":"id"}
[HTTP] <-- POST /wd/hub/session/53e708f3-44fd-48a1-afd0-b315eea34e5c/elements 200 703 ms - 74 
[HTTP] --> POST /wd/hub/session/53e708f3-44fd-48a1-afd0-b315eea34e5c/elements {"using":"id","value":"id"}
[HTTP] <-- POST /wd/hub/session/53e708f3-44fd-48a1-afd0-b315eea34e5c/elements 200 666 ms - 74 
[HTTP] --> POST /wd/hub/session/53e708f3-44fd-48a1-afd0-b315eea34e5c/elements {"using":"id","value":"id"}
[HTTP] <-- POST /wd/hub/session/53e708f3-44fd-48a1-afd0-b315eea34e5c/elements 200 948 ms - 74 
[HTTP] --> POST /wd/hub/session/53e708f3-44fd-48a1-afd0-b315eea34e5c/elements {"using":"id","value":"id"}
[HTTP] <-- POST /wd/hub/session/53e708f3-44fd-48a1-afd0-b315eea34e5c/elements 200 685 ms - 74 
[HTTP] --> POST /wd/hub/session/53e708f3-44fd-48a1-afd0-b315eea34e5c/elements {"using":"id","value":"id"}
[HTTP] <-- POST /wd/hub/session/53e708f3-44fd-48a1-afd0-b315eea34e5c/elements 200 1174 ms - 74 
[HTTP] --> POST /wd/hub/session/53e708f3-44fd-48a1-afd0-b315eea34e5c/elements {"using":"id","value":"id"}
[HTTP] <-- POST /wd/hub/session/53e708f3-44fd-48a1-afd0-b315eea34e5c/elements 200 506 ms - 74 
[HTTP] --> POST /wd/hub/session/53e708f3-44fd-48a1-afd0-b315eea34e5c/elements {"using":"id","value":"id"}
[HTTP] <-- POST /wd/hub/session/53e708f3-44fd-48a1-afd0-b315eea34e5c/elements 200 476 ms - 74 
[HTTP] --> POST /wd/hub/session/53e708f3-44fd-48a1-afd0-b315eea34e5c/elements {"using":"id","value":"id"}
[HTTP] <-- POST /wd/hub/session/53e708f3-44fd-48a1-afd0-b315eea34e5c/elements 200 634 ms - 74 
[HTTP] --> POST /wd/hub/session/53e708f3-44fd-48a1-afd0-b315eea34e5c/elements {"using":"id","value":"id"}
[HTTP] <-- POST /wd/hub/session/53e708f3-44fd-48a1-afd0-b315eea34e5c/elements 200 451 ms - 74 
[HTTP] --> POST /wd/hub/session/53e708f3-44fd-48a1-afd0-b315eea34e5c/elements {"using":"id","value":"id"}
[HTTP] <-- POST /wd/hub/session/53e708f3-44fd-48a1-afd0-b315eea34e5c/elements 200 1075 ms - 74 
[HTTP] --> POST /wd/hub/session/53e708f3-44fd-48a1-afd0-b315eea34e5c/elements {"using":"id","value":"id"}
[HTTP] <-- POST /wd/hub/session/53e708f3-44fd-48a1-afd0-b315eea34e5c/elements 200 464 ms - 74 
[HTTP] --> POST /wd/hub/session/53e708f3-44fd-48a1-afd0-b315eea34e5c/elements {"using":"id","value":"id"}
[HTTP] <-- POST /wd/hub/session/53e708f3-44fd-48a1-afd0-b315eea34e5c/elements 200 599 ms - 74 
[HTTP] --> POST /wd/hub/session/53e708f3-44fd-48a1-afd0-b315eea34e5c/elements {"using":"id","value":"id"}
[HTTP] <-- POST /wd/hub/session/53e708f3-44fd-48a1-afd0-b315eea34e5c/elements 200 602 ms - 74 
[HTTP] --> POST /wd/hub/session/53e708f3-44fd-48a1-afd0-b315eea34e5c/elements {"using":"id","value":"id"}
[HTTP] <-- POST /wd/hub/session/53e708f3-44fd-48a1-afd0-b315eea34e5c/elements 200 508 ms - 74 
[HTTP] --> POST /wd/hub/session/53e708f3-44fd-48a1-afd0-b315eea34e5c/elements {"using":"id","value":"id"}
[HTTP] <-- POST /wd/hub/session/53e708f3-44fd-48a1-afd0-b315eea34e5c/elements 200 937 ms - 74 
[HTTP] --> POST /wd/hub/session/53e708f3-44fd-48a1-afd0-b315eea34e5c/elements {"using":"id","value":"id"}
[HTTP] <-- POST /wd/hub/session/53e708f3-44fd-48a1-afd0-b315eea34e5c/elements 200 635 ms - 74 
[HTTP] --> POST /wd/hub/session/53e708f3-44fd-48a1-afd0-b315eea34e5c/elements {"using":"id","value":"id"}
[HTTP] <-- POST /wd/hub/session/53e708f3-44fd-48a1-afd0-b315eea34e5c/elements 200 1175 ms - 74 
[HTTP] --> POST /wd/hub/session/53e708f3-44fd-48a1-afd0-b315eea34e5c/elements {"using":"id","value":"id"}
[HTTP] <-- POST /wd/hub/session/53e708f3-44fd-48a1-afd0-b315eea34e5c/elements 200 504 ms - 74 
[HTTP] --> POST /wd/hub/session/53e708f3-44fd-48a1-afd0-b315eea34e5c/elements {"using":"id","value":"id"}
[HTTP] <-- POST /wd/hub/session/53e708f3-44fd-48a1-afd0-b315eea34e5c/elements 200 509 ms - 74 
[HTTP] --> POST /wd/hub/session/53e708f3-44fd-48a1-afd0-b315eea34e5c/elements {"using":"id","value":"id"}
[HTTP] <-- POST /wd/hub/session/53e708f3-44fd-48a1-afd0-b315eea34e5c/elements 200 652 ms - 74 
[HTTP] --> POST /wd/hub/session/53e708f3-44fd-48a1-afd0-b315eea34e5c/elements {"using":"id","value":"id"}
[HTTP] <-- POST /wd/hub/session/53e708f3-44fd-48a1-afd0-b315eea34e5c/elements 200 633 ms - 74 
[HTTP] --> POST /wd/hub/session/53e708f3-44fd-48a1-afd0-b315eea34e5c/elements {"using":"id","value":"id"}
[HTTP] <-- POST /wd/hub/session/53e708f3-44fd-48a1-afd0-b315eea34e5c/elements 200 944 ms - 74 
[HTTP] --> POST /wd/hub/session/53e708f3-44fd-48a1-afd0-b315eea34e5c/elements {"using":"id","value":"id"}
[HTTP] <-- POST /wd/hub/session/53e708f3-44fd-48a1-afd0-b315eea34e5c/elements 200 670 ms - 74 
[HTTP] --> POST /wd/hub/session/53e708f3-44fd-48a1-afd0-b315eea34e5c/elements {"using":"id","value":"id"}
[HTTP] <-- POST /wd/hub/session/53e708f3-44fd-48a1-afd0-b315eea34e5c/elements 200 1140 ms - 74 
[HTTP] --> POST /wd/hub/session/53e708f3-44fd-48a1-afd0-b315eea34e5c/elements {"using":"id","value":"id"}
[HTTP] <-- POST /wd/hub/session/53e708f3-44fd-48a1-afd0-b315eea34e5c/elements 200 665 ms - 74 
[HTTP] --> POST /wd/hub/session/53e708f3-44fd-48a1-afd0-b315eea34e5c/elements {"using":"id","value":"id"}
[HTTP] <-- POST /wd/hub/session/53e708f3-44fd-48a1-afd0-b315eea34e5c/elements 200 1186 ms - 74 
[HTTP] --> POST /wd/hub/session/53e708f3-44fd-48a1-afd0-b315eea34e5c/elements {"using":"id","value":"id"}
[HTTP] <-- POST /wd/hub/session/53e708f3-44fd-48a1-afd0-b315eea34e5c/elements 200 716 ms - 74 
[HTTP] --> POST /wd/hub/session/53e708f3-44fd-48a1-afd0-b315eea34e5c/elements {"using":"id","value":"id"}
[HTTP] <-- POST /wd/hub/session/53e708f3-44fd-48a1-afd0-b315eea34e5c/elements 200 1144 ms - 74 
[HTTP] --> POST /wd/hub/session/53e708f3-44fd-48a1-afd0-b315eea34e5c/elements {"using":"id","value":"id"}
